<testsuites id="" name="" tests="54" failures="12" skipped="3" errors="0" time="179.36527299999997">
<testsuite name="Fixture-LambdaTest/loginLambdaTestFixture.spec.ts" timestamp="2024-08-30T03:56:21.666Z" hostname="chrome:latest:MacOS Catalina@lambdatest" tests="1" failures="0" skipped="0" time="33.347" errors="0">
<testcase name="Login › Login with valid user load inventory page" classname="Fixture-LambdaTest/loginLambdaTestFixture.spec.ts" time="33.347">
<properties>
<property name="Go To" value="Go to the page: &quot;https://www.saucedemo.com&quot;">
</property>
<property name="InputText" value="Fill &quot;Username:&quot; with the value: &quot;standard_user&quot;">
</property>
<property name="InputPassword" value="Fill &quot;Password&quot;: with value: *****">
</property>
<property name="Button" value="Click: &quot;Login&quot;">
</property>
<property name="Assert" value="Check URL Page equal to: &quot;https://www.saucedemo.com/inventory.html&quot;">
</property>
</properties>
<system-out>
<![CDATA[
[[ATTACHMENT|../test-results/Fixture-LambdaTest-loginLa-24caa-id-user-load-inventory-page-chrome-latest-MacOS-Catalina-lambdatest/test-finished-1.png]]

[[ATTACHMENT|../test-results/Fixture-LambdaTest-loginLa-24caa-id-user-load-inventory-page-chrome-latest-MacOS-Catalina-lambdatest/trace.zip]]
]]>
</system-out>
</testcase>
</testsuite>
<testsuite name="Fixture-LambdaTest/loginLambdaTestFixture.spec.ts" timestamp="2024-08-30T03:56:21.666Z" hostname="pw-webkit:latest:MacOS Monterey@lambdatest" tests="1" failures="0" skipped="0" time="4.96" errors="0">
<testcase name="Login › Login with valid user load inventory page" classname="Fixture-LambdaTest/loginLambdaTestFixture.spec.ts" time="4.96">
<properties>
<property name="Go To" value="Go to the page: &quot;https://www.saucedemo.com&quot;">
</property>
<property name="InputText" value="Fill &quot;Username:&quot; with the value: &quot;standard_user&quot;">
</property>
<property name="InputPassword" value="Fill &quot;Password&quot;: with value: *****">
</property>
<property name="Button" value="Click: &quot;Login&quot;">
</property>
<property name="Assert" value="Check URL Page equal to: &quot;https://www.saucedemo.com/inventory.html&quot;">
</property>
</properties>
<system-out>
<![CDATA[
[[ATTACHMENT|../test-results/Fixture-LambdaTest-loginLa-24caa-id-user-load-inventory-page-pw-webkit-latest-MacOS-Monterey-lambdatest/test-finished-1.png]]

[[ATTACHMENT|../test-results/Fixture-LambdaTest-loginLa-24caa-id-user-load-inventory-page-pw-webkit-latest-MacOS-Monterey-lambdatest/trace.zip]]
]]>
</system-out>
</testcase>
</testsuite>
<testsuite name="Fixture-LambdaTest/loginLambdaTestFixture.spec.ts" timestamp="2024-08-30T03:56:21.666Z" hostname="chrome:latest:Windows 10@lambdatest" tests="1" failures="0" skipped="0" time="43.232" errors="0">
<testcase name="Login › Login with valid user load inventory page" classname="Fixture-LambdaTest/loginLambdaTestFixture.spec.ts" time="43.232">
<properties>
<property name="Go To" value="Go to the page: &quot;https://www.saucedemo.com&quot;">
</property>
<property name="InputText" value="Fill &quot;Username:&quot; with the value: &quot;standard_user&quot;">
</property>
<property name="InputPassword" value="Fill &quot;Password&quot;: with value: *****">
</property>
<property name="Button" value="Click: &quot;Login&quot;">
</property>
<property name="Assert" value="Check URL Page equal to: &quot;https://www.saucedemo.com/inventory.html&quot;">
</property>
</properties>
<system-out>
<![CDATA[
[[ATTACHMENT|../test-results/Fixture-LambdaTest-loginLa-24caa-id-user-load-inventory-page-chrome-latest-Windows-10-lambdatest/test-finished-1.png]]

[[ATTACHMENT|../test-results/Fixture-LambdaTest-loginLa-24caa-id-user-load-inventory-page-chrome-latest-Windows-10-lambdatest/trace.zip]]
]]>
</system-out>
</testcase>
</testsuite>
<testsuite name="Accessibility/pageAccessibility.spec.ts" timestamp="2024-08-30T03:56:21.666Z" hostname="desktop-chromium" tests="3" failures="3" skipped="0" time="0.585" errors="0">
<testcase name="Test Accessibility By Page › Check Page accessibility" classname="Accessibility/pageAccessibility.spec.ts" time="0.193">
<properties>
<property name="Go To" value="Go to: undefined">
</property>
</properties>
<failure message="pageAccessibility.spec.ts:19:9 Check Page accessibility" type="FAILURE">
<![CDATA[  [desktop-chromium] › Accessibility/pageAccessibility.spec.ts:19:9 › Test Accessibility By Page › Check Page accessibility 

    Error: page.goto: url: expected string, got undefined

      23 |         const annotationHelper = new AnnotationHelper(page, pageToTest);
      24 |         annotationHelper.addAnnotation(AnnotationType.GoTo, 'Go to: ' + pageToTest);
    > 25 |         await page.goto(pageToTest);
         |                    ^
      26 |         await accessibilityHelper.checkAccessibility('CustomPage', annotationHelper.getAnnotations());
      27 |
      28 |     });

        at /home/runner/work/Playwright/Playwright/tests/Accessibility/pageAccessibility.spec.ts:25:20

    attachment #1: screenshot (image/png) ──────────────────────────────────────────────────────────
    test-results/Accessibility-pageAccessib-c4c16-ge-Check-Page-accessibility-desktop-chromium/test-failed-1.png
    ────────────────────────────────────────────────────────────────────────────────────────────────

    attachment #2: video (video/webm) ──────────────────────────────────────────────────────────────
    test-results/Accessibility-pageAccessib-c4c16-ge-Check-Page-accessibility-desktop-chromium/video.webm
    ────────────────────────────────────────────────────────────────────────────────────────────────

    attachment #3: trace (application/zip) ─────────────────────────────────────────────────────────
    test-results/Accessibility-pageAccessib-c4c16-ge-Check-Page-accessibility-desktop-chromium/trace.zip
    Usage:

        npx playwright show-trace test-results/Accessibility-pageAccessib-c4c16-ge-Check-Page-accessibility-desktop-chromium/trace.zip

    ────────────────────────────────────────────────────────────────────────────────────────────────
]]>
</failure>
<system-out>
<![CDATA[
[[ATTACHMENT|../test-results/Accessibility-pageAccessib-c4c16-ge-Check-Page-accessibility-desktop-chromium/test-failed-1.png]]

[[ATTACHMENT|../test-results/Accessibility-pageAccessib-c4c16-ge-Check-Page-accessibility-desktop-chromium/video.webm]]

[[ATTACHMENT|../test-results/Accessibility-pageAccessib-c4c16-ge-Check-Page-accessibility-desktop-chromium/trace.zip]]
]]>
</system-out>
</testcase>
<testcase name="Test Accessibility By Page › Check tab order" classname="Accessibility/pageAccessibility.spec.ts" time="0.2">
<properties>
<property name="Go To" value="Go to: undefined">
</property>
</properties>
<failure message="pageAccessibility.spec.ts:30:9 Check tab order" type="FAILURE">
<![CDATA[  [desktop-chromium] › Accessibility/pageAccessibility.spec.ts:30:9 › Test Accessibility By Page › Check tab order 

    Error: page.goto: url: expected string, got undefined

      34 |         const tabHelper = new TabHelper(page, keyPage);
      35 |         annotationHelper.addAnnotation(AnnotationType.GoTo, 'Go to: ' + pageToTest);
    > 36 |         await page.goto(pageToTest);
         |                    ^
      37 |         //Add a number and blue box to the element after press tab
      38 |         await tabHelper.showTabOrder();
      39 |         //Check that the tab is the same that the elements

        at /home/runner/work/Playwright/Playwright/tests/Accessibility/pageAccessibility.spec.ts:36:20

    attachment #1: screenshot (image/png) ──────────────────────────────────────────────────────────
    test-results/Accessibility-pageAccessib-bc5d8-ity-By-Page-Check-tab-order-desktop-chromium/test-failed-1.png
    ────────────────────────────────────────────────────────────────────────────────────────────────

    attachment #2: video (video/webm) ──────────────────────────────────────────────────────────────
    test-results/Accessibility-pageAccessib-bc5d8-ity-By-Page-Check-tab-order-desktop-chromium/video.webm
    ────────────────────────────────────────────────────────────────────────────────────────────────

    attachment #3: trace (application/zip) ─────────────────────────────────────────────────────────
    test-results/Accessibility-pageAccessib-bc5d8-ity-By-Page-Check-tab-order-desktop-chromium/trace.zip
    Usage:

        npx playwright show-trace test-results/Accessibility-pageAccessib-bc5d8-ity-By-Page-Check-tab-order-desktop-chromium/trace.zip

    ────────────────────────────────────────────────────────────────────────────────────────────────
]]>
</failure>
<system-out>
<![CDATA[
[[ATTACHMENT|../test-results/Accessibility-pageAccessib-bc5d8-ity-By-Page-Check-tab-order-desktop-chromium/test-failed-1.png]]

[[ATTACHMENT|../test-results/Accessibility-pageAccessib-bc5d8-ity-By-Page-Check-tab-order-desktop-chromium/video.webm]]

[[ATTACHMENT|../test-results/Accessibility-pageAccessib-bc5d8-ity-By-Page-Check-tab-order-desktop-chromium/trace.zip]]
]]>
</system-out>
</testcase>
<testcase name="Test Accessibility By Page › Check alt text &amp; aria-label" classname="Accessibility/pageAccessibility.spec.ts" time="0.192">
<properties>
<property name="Go To" value="Go to: undefined">
</property>
</properties>
<failure message="pageAccessibility.spec.ts:44:9 Check alt text &amp; aria-label" type="FAILURE">
<![CDATA[  [desktop-chromium] › Accessibility/pageAccessibility.spec.ts:44:9 › Test Accessibility By Page › Check alt text & aria-label 

    Error: page.goto: url: expected string, got undefined

      48 |         const altHelper = new AltHelper(page, keyPage, testInfo);
      49 |         annotationHelper.addAnnotation(AnnotationType.GoTo, 'Go to: ' + pageToTest);
    > 50 |         await page.goto(pageToTest);
         |                    ^
      51 |         //Check that images have alt text attribute
      52 |         await altHelper.checkAltText();
      53 |         //Generate a table with all alt texts

        at /home/runner/work/Playwright/Playwright/tests/Accessibility/pageAccessibility.spec.ts:50:20

    attachment #1: screenshot (image/png) ──────────────────────────────────────────────────────────
    test-results/Accessibility-pageAccessib-e1df0-e-Check-alt-text-aria-label-desktop-chromium/test-failed-1.png
    ────────────────────────────────────────────────────────────────────────────────────────────────

    attachment #2: video (video/webm) ──────────────────────────────────────────────────────────────
    test-results/Accessibility-pageAccessib-e1df0-e-Check-alt-text-aria-label-desktop-chromium/video.webm
    ────────────────────────────────────────────────────────────────────────────────────────────────

    attachment #3: trace (application/zip) ─────────────────────────────────────────────────────────
    test-results/Accessibility-pageAccessib-e1df0-e-Check-alt-text-aria-label-desktop-chromium/trace.zip
    Usage:

        npx playwright show-trace test-results/Accessibility-pageAccessib-e1df0-e-Check-alt-text-aria-label-desktop-chromium/trace.zip

    ────────────────────────────────────────────────────────────────────────────────────────────────
]]>
</failure>
<system-out>
<![CDATA[
[[ATTACHMENT|../test-results/Accessibility-pageAccessib-e1df0-e-Check-alt-text-aria-label-desktop-chromium/test-failed-1.png]]

[[ATTACHMENT|../test-results/Accessibility-pageAccessib-e1df0-e-Check-alt-text-aria-label-desktop-chromium/video.webm]]

[[ATTACHMENT|../test-results/Accessibility-pageAccessib-e1df0-e-Check-alt-text-aria-label-desktop-chromium/trace.zip]]
]]>
</system-out>
</testcase>
</testsuite>
<testsuite name="AI/login.spec.ts" timestamp="2024-08-30T03:56:21.666Z" hostname="desktop-chromium" tests="1" failures="0" skipped="0" time="5.497" errors="0">
<testcase name="AI Zero Step › Should show dashboard after login" classname="AI/login.spec.ts" time="5.497">
<system-out>
<![CDATA[
[[ATTACHMENT|../test-results/AI-login-AI-Zero-Step-Should-show-dashboard-after-login-desktop-chromium/test-finished-1.png]]

[[ATTACHMENT|../test-results/AI-login-AI-Zero-Step-Should-show-dashboard-after-login-desktop-chromium/trace.zip]]
]]>
</system-out>
</testcase>
</testsuite>
<testsuite name="Api/addToCart.spec.ts" timestamp="2024-08-30T03:56:21.666Z" hostname="desktop-chromium" tests="1" failures="0" skipped="0" time="12.846" errors="0">
<testcase name="WebdriverIO Shop › Should add an item to the cart" classname="Api/addToCart.spec.ts" time="12.846">
<properties>
<property name="Go To" value="Go to the page: &quot;https://shop.webdriver.io&quot;">
</property>
<property name="Link" value="Click: &quot;Shop All&quot;">
</property>
<property name="Step" value="Click in the product: &quot;WebdriverIO Trucker Cap&quot;">
</property>
<property name="Button" value="Click: &quot; 
		Add to Cart
		 
	$16.00
&quot;">
</property>
<property name="Assert" value="There is one item in the bag">
</property>
<property name="Button" value="Click: &quot;
 
				1
			 
				items
			&quot;">
</property>
<property name="Assert" value="The name of the item in the cart is: &quot;WebdriverIO Trucker Cap&quot;">
</property>
<property name="Assert" value="The price of the item in the cart is: &quot;$16.00&quot;">
</property>
</properties>
<system-out>
<![CDATA[
[[ATTACHMENT|../test-results/Api-addToCart-WebdriverIO--609ad-uld-add-an-item-to-the-cart-desktop-chromium/test-finished-1.png]]

[[ATTACHMENT|../test-results/Api-addToCart-WebdriverIO--609ad-uld-add-an-item-to-the-cart-desktop-chromium/trace.zip]]
]]>
</system-out>
</testcase>
</testsuite>
<testsuite name="Api/servers.spec.ts" timestamp="2024-08-30T03:56:21.666Z" hostname="desktop-chromium" tests="2" failures="0" skipped="0" time="11.481" errors="0">
<testcase name="Servers › Should add a server" classname="Api/servers.spec.ts" time="4.389">
<properties>
<property name="Go To" value="Go to the servers page: &quot;https://effizientedemo.azurewebsites.net/Security/servers&quot;">
</property>
<property name="Button" value="Click: &quot;Add&quot;">
</property>
<property name="InputText" value="Fill &quot;Key:&quot; with the value: &quot;45385&quot;">
</property>
<property name="InputText" value="Fill &quot;Name:&quot; with the value: &quot;Grady Group&quot;">
</property>
<property name="InputText" value="Fill &quot;Url:&quot; with the value: &quot;https://worried-permit.biz/&quot;">
</property>
<property name="Button" value="Click: &quot;Save&quot;">
</property>
<property name="Assert" value="Success message is visible">
</property>
<property name="Assert" value="Server id should be a number greater than 1">
</property>
<property name="Assert" value="Server with the key: &quot;45385&quot; exists in the table">
</property>
<property name="Assert" value="The server name for the key: &quot;45385&quot; is: &quot;Grady Group&quot;">
</property>
<property name="Assert" value="The server url for the key: &quot;45385&quot; is: &quot;https://worried-permit.biz/&quot;">
</property>
</properties>
<system-out>
<![CDATA[
[[ATTACHMENT|../test-results/Api-servers-Servers-Should-add-a-server-desktop-chromium/test-finished-1.png]]

[[ATTACHMENT|../test-results/Api-servers-Servers-Should-add-a-server-desktop-chromium/trace.zip]]
]]>
</system-out>
</testcase>
<testcase name="Servers › Should edit a server" classname="Api/servers.spec.ts" time="7.092">
<properties>
<property name="Go To" value="Go to the servers page: &quot;https://effizientedemo.azurewebsites.net/Security/servers&quot;">
</property>
<property name="Step" value="Create server with API">
</property>
<property name="Go To" value="Go to the servers page: &quot;https://effizientedemo.azurewebsites.net/Security/servers&quot;">
</property>
<property name="InputText" value="Fill &quot;key:&quot; with the value: &quot;191945&quot;">
</property>
<property name="InputText" value="Fill &quot;Name:&quot; with the value: &quot;Koepp, Parker and Monahan&quot;">
</property>
<property name="InputText" value="Fill &quot;Url:&quot; with the value: &quot;https://strange-reparation.name/&quot;">
</property>
<property name="Button" value="Click: &quot;Save&quot;">
</property>
<property name="Assert" value="Success message is visible">
</property>
<property name="Assert" value="Server with the key: &quot;191945&quot; exists in the table">
</property>
<property name="Assert" value="The server name for the key: &quot;191945&quot; is: &quot;Koepp, Parker and Monahan&quot;">
</property>
<property name="Assert" value="The server url for the key: &quot;191945&quot; is: &quot;https://strange-reparation.name/&quot;">
</property>
</properties>
<system-out>
<![CDATA[
[[ATTACHMENT|../test-results/Api-servers-Servers-Should-edit-a-server-desktop-chromium/test-finished-1.png]]

[[ATTACHMENT|../test-results/Api-servers-Servers-Should-edit-a-server-desktop-chromium/trace.zip]]
]]>
</system-out>
</testcase>
</testsuite>
<testsuite name="Basic/login.spec.ts" timestamp="2024-08-30T03:56:21.666Z" hostname="desktop-chromium" tests="1" failures="1" skipped="0" time="1.891" errors="0">
<testcase name="Login › Login with valid user load inventory page" classname="Basic/login.spec.ts" time="1.891">
<properties>
<property name="Description" value="Login with valid user in saucedemo">
</property>
<property name="Pre Condition" value="A valid username and password">
</property>
<property name="Go To" value="Go to the page: &quot;https://www.saucedemo.com&quot;">
</property>
<property name="InputText" value="Fill &quot;Username:&quot; with the value: &quot;standard_usera&quot;">
</property>
<property name="InputPassword" value="Fill &quot;Password&quot;: with value: *****">
</property>
<property name="Button" value="Click: &quot;Login&quot;">
</property>
<property name="Assert" value="Check URL Page is equal to: &quot;https://www.saucedemo.com/inventory.html&quot;">
</property>
</properties>
<failure message="login.spec.ts:10:9 Login with valid user load inventory page" type="FAILURE">
<![CDATA[  [desktop-chromium] › Basic/login.spec.ts:10:9 › Login › Login with valid user load inventory page 

    Error: Check URL Page is equal to: "https://www.saucedemo.com/inventory.html"

    expect(received).toEqual(expected) // deep equality

    Expected: "https://www.saucedemo.com/"
    Received: "https://www.saucedemo.com/inventory.html"

       at ../pages/basePage.ts:106

      104 |     public AssertEqual(expected: string, actual: string, assertMessage: string) {
      105 |         this.annotationHelper.addAnnotation(AnnotationType.Assert, assertMessage);
    > 106 |         expect(expected, assertMessage).toEqual(actual);
          |                                         ^
      107 |     }
      108 |
      109 |     /**

        at LoginPage.AssertEqual (/home/runner/work/Playwright/Playwright/pages/basePage.ts:106:41)
        at /home/runner/work/Playwright/Playwright/tests/Basic/login.spec.ts:22:19

    attachment #1: screenshot (image/png) ──────────────────────────────────────────────────────────
    test-results/Basic-login-Login-Login-with-valid-user-load-inventory-page-desktop-chromium/test-failed-1.png
    ────────────────────────────────────────────────────────────────────────────────────────────────

    attachment #2: video (video/webm) ──────────────────────────────────────────────────────────────
    test-results/Basic-login-Login-Login-with-valid-user-load-inventory-page-desktop-chromium/video.webm
    ────────────────────────────────────────────────────────────────────────────────────────────────

    attachment #3: trace (application/zip) ─────────────────────────────────────────────────────────
    test-results/Basic-login-Login-Login-with-valid-user-load-inventory-page-desktop-chromium/trace.zip
    Usage:

        npx playwright show-trace test-results/Basic-login-Login-Login-with-valid-user-load-inventory-page-desktop-chromium/trace.zip

    ────────────────────────────────────────────────────────────────────────────────────────────────

    Retry #1 ───────────────────────────────────────────────────────────────────────────────────────

    Error: Check URL Page is equal to: "https://www.saucedemo.com/inventory.html"

    expect(received).toEqual(expected) // deep equality

    Expected: "https://www.saucedemo.com/"
    Received: "https://www.saucedemo.com/inventory.html"

       at ../pages/basePage.ts:106

      104 |     public AssertEqual(expected: string, actual: string, assertMessage: string) {
      105 |         this.annotationHelper.addAnnotation(AnnotationType.Assert, assertMessage);
    > 106 |         expect(expected, assertMessage).toEqual(actual);
          |                                         ^
      107 |     }
      108 |
      109 |     /**

        at LoginPage.AssertEqual (/home/runner/work/Playwright/Playwright/pages/basePage.ts:106:41)
        at /home/runner/work/Playwright/Playwright/tests/Basic/login.spec.ts:22:19

    attachment #1: screenshot (image/png) ──────────────────────────────────────────────────────────
    test-results/Basic-login-Login-Login-with-valid-user-load-inventory-page-desktop-chromium-retry1/test-failed-1.png
    ────────────────────────────────────────────────────────────────────────────────────────────────

    attachment #2: video (video/webm) ──────────────────────────────────────────────────────────────
    test-results/Basic-login-Login-Login-with-valid-user-load-inventory-page-desktop-chromium-retry1/video.webm
    ────────────────────────────────────────────────────────────────────────────────────────────────

    attachment #3: trace (application/zip) ─────────────────────────────────────────────────────────
    test-results/Basic-login-Login-Login-with-valid-user-load-inventory-page-desktop-chromium-retry1/trace.zip
    Usage:

        npx playwright show-trace test-results/Basic-login-Login-Login-with-valid-user-load-inventory-page-desktop-chromium-retry1/trace.zip

    ────────────────────────────────────────────────────────────────────────────────────────────────
]]>
</failure>
<system-out>
<![CDATA[
[[ATTACHMENT|../test-results/Basic-login-Login-Login-with-valid-user-load-inventory-page-desktop-chromium/test-failed-1.png]]

[[ATTACHMENT|../test-results/Basic-login-Login-Login-with-valid-user-load-inventory-page-desktop-chromium/video.webm]]

[[ATTACHMENT|../test-results/Basic-login-Login-Login-with-valid-user-load-inventory-page-desktop-chromium/trace.zip]]

[[ATTACHMENT|../test-results/Basic-login-Login-Login-with-valid-user-load-inventory-page-desktop-chromium-retry1/test-failed-1.png]]

[[ATTACHMENT|../test-results/Basic-login-Login-Login-with-valid-user-load-inventory-page-desktop-chromium-retry1/video.webm]]

[[ATTACHMENT|../test-results/Basic-login-Login-Login-with-valid-user-load-inventory-page-desktop-chromium-retry1/trace.zip]]
]]>
</system-out>
</testcase>
</testsuite>
<testsuite name="Basic/menu.spec.ts" timestamp="2024-08-30T03:56:21.666Z" hostname="desktop-chromium" tests="2" failures="0" skipped="0" time="8.524" errors="0">
<testcase name="Normal user › Should returns user menu" classname="Basic/menu.spec.ts" time="4.701">
<properties>
<property name="Description" value="Login to effiziente demo with a normal user, the user will see the menu for normal users">
</property>
<property name="Pre Condition" value="A valid normal user">
</property>
<property name="Go To" value="Go to the page: &quot;https://effizientedemo.azurewebsites.net/AccountsReceivable/dashboard&quot;">
</property>
<property name="PrimeFacesMenu" value="Get top menus">
</property>
<property name="Assert" value="Menu are equal to: &quot;AccountsReceivable,Config&quot;">
</property>
</properties>
<system-out>
<![CDATA[
[[ATTACHMENT|../test-results/Basic-menu-Normal-user-Should-returns-user-menu-desktop-chromium/test-finished-1.png]]

[[ATTACHMENT|../test-results/Basic-menu-Normal-user-Should-returns-user-menu-desktop-chromium/trace.zip]]
]]>
</system-out>
</testcase>
<testcase name="Admin user › Should returns admin menu" classname="Basic/menu.spec.ts" time="3.823">
<properties>
<property name="Description" value="LLogin to effiziente demo with a admin user, the user will see the menu for admin users">
</property>
<property name="Pre Condition" value="A valid admin user">
</property>
<property name="Go To" value="Go to the page: &quot;https://effizientedemo.azurewebsites.net/AccountsReceivable/dashboard&quot;">
</property>
<property name="PrimeFacesMenu" value="Get top menus">
</property>
<property name="Assert" value="Menu are equal to: &quot;AccountsReceivable,Security,Config&quot;">
</property>
</properties>
<system-out>
<![CDATA[
[[ATTACHMENT|../test-results/Basic-menu-Admin-user-Should-returns-admin-menu-desktop-chromium/test-finished-1.png]]

[[ATTACHMENT|../test-results/Basic-menu-Admin-user-Should-returns-admin-menu-desktop-chromium/trace.zip]]
]]>
</system-out>
</testcase>
</testsuite>
<testsuite name="Excel/exportServers.spec.ts" timestamp="2024-08-30T03:56:21.666Z" hostname="desktop-chromium" tests="1" failures="0" skipped="0" time="3.26" errors="0">
<testcase name="Servers › Should export servers to excel" classname="Excel/exportServers.spec.ts" time="3.26">
<properties>
<property name="Go To" value="Go to the servers page: &quot;https://effizientedemo.azurewebsites.net/Security/servers&quot;">
</property>
<property name="ButtonExcel" value="Click: &quot;Export to Excel&quot;">
</property>
<property name="Assert" value="The excel file rows are equal to the grid rows">
</property>
</properties>
<system-out>
<![CDATA[
[[ATTACHMENT|../test-results/Excel-exportServers-Servers-Should-export-servers-to-excel-desktop-chromium/attachments/servers-xlsx-b45414d1440b649c23868d9b19e0f22e5f012826.xlsx]]

[[ATTACHMENT|../test-results/Excel-exportServers-Servers-Should-export-servers-to-excel-desktop-chromium/test-finished-1.png]]

[[ATTACHMENT|../test-results/Excel-exportServers-Servers-Should-export-servers-to-excel-desktop-chromium/trace.zip]]
]]>
</system-out>
</testcase>
</testsuite>
<testsuite name="Fixture-LambdaTest/loginLambdaTestFixture.spec.ts" timestamp="2024-08-30T03:56:21.666Z" hostname="desktop-chromium" tests="1" failures="0" skipped="0" time="1.022" errors="0">
<testcase name="Login › Login with valid user load inventory page" classname="Fixture-LambdaTest/loginLambdaTestFixture.spec.ts" time="1.022">
<properties>
<property name="Go To" value="Go to the page: &quot;https://www.saucedemo.com&quot;">
</property>
<property name="InputText" value="Fill &quot;Username:&quot; with the value: &quot;standard_user&quot;">
</property>
<property name="InputPassword" value="Fill &quot;Password&quot;: with value: *****">
</property>
<property name="Button" value="Click: &quot;Login&quot;">
</property>
<property name="Assert" value="Check URL Page equal to: &quot;https://www.saucedemo.com/inventory.html&quot;">
</property>
</properties>
<system-out>
<![CDATA[
[[ATTACHMENT|../test-results/Fixture-LambdaTest-loginLa-24caa-id-user-load-inventory-page-desktop-chromium/test-finished-1.png]]

[[ATTACHMENT|../test-results/Fixture-LambdaTest-loginLa-24caa-id-user-load-inventory-page-desktop-chromium/trace.zip]]
]]>
</system-out>
</testcase>
</testsuite>
<testsuite name="LocaleGeo/bingMaps.spec.ts" timestamp="2024-08-30T03:56:21.666Z" hostname="desktop-chromium" tests="1" failures="0" skipped="0" time="7.867" errors="0">
<testcase name="Geo Location Test › The bing maps is located to munich" classname="LocaleGeo/bingMaps.spec.ts" time="7.867">
<properties>
<property name="Go To" value="Go to the page: &quot;https://www.bing.com/maps&quot;">
</property>
<property name="Button" value="Click: &quot;&quot;">
</property>
<property name="Button" value="Click: &quot;&quot;">
</property>
<property name="Assert" value="Geo name is equal to:GermanyBavariaMunich (District)">
</property>
</properties>
<system-out>
<![CDATA[
[[ATTACHMENT|../test-results/LocaleGeo-bingMaps-Geo-Loc-e23fc-g-maps-is-located-to-munich-desktop-chromium/test-finished-1.png]]

[[ATTACHMENT|../test-results/LocaleGeo-bingMaps-Geo-Loc-e23fc-g-maps-is-located-to-munich-desktop-chromium/trace.zip]]
]]>
</system-out>
</testcase>
</testsuite>
<testsuite name="LocaleGeo/searchLocale.spec.ts" timestamp="2024-08-30T03:56:21.666Z" hostname="desktop-chromium" tests="1" failures="0" skipped="0" time="1.787" errors="0">
<testcase name="Locale translations › Translations with locale and time zone id" classname="LocaleGeo/searchLocale.spec.ts" time="1.787">
<properties>
<property name="Go To" value="Go to the page: &quot;https://www.google.com&quot;">
</property>
<property name="Assert" value="Search button text is equal to: &quot;Buscar con Google&quot;">
</property>
</properties>
<system-out>
<![CDATA[
[[ATTACHMENT|../test-results/LocaleGeo-searchLocale-Loc-34d05-ith-locale-and-time-zone-id-desktop-chromium/test-finished-1.png]]

[[ATTACHMENT|../test-results/LocaleGeo-searchLocale-Loc-34d05-ith-locale-and-time-zone-id-desktop-chromium/test-finished-2.png]]

[[ATTACHMENT|../test-results/LocaleGeo-searchLocale-Loc-34d05-ith-locale-and-time-zone-id-desktop-chromium/trace.zip]]
]]>
</system-out>
</testcase>
</testsuite>
<testsuite name="Synthetic/login.spec.ts" timestamp="2024-08-30T03:56:21.666Z" hostname="desktop-chromium" tests="1" failures="0" skipped="0" time="5.865" errors="0">
<testcase name="Synthetic login testing › Should show dashboard" classname="Synthetic/login.spec.ts" time="5.865">
<system-out>
<![CDATA[
[[ATTACHMENT|../test-results/Synthetic-login-Synthetic--650bd-sting-Should-show-dashboard-desktop-chromium/test-finished-1.png]]

[[ATTACHMENT|../test-results/Synthetic-login-Synthetic--650bd-sting-Should-show-dashboard-desktop-chromium/test-finished-2.png]]

[[ATTACHMENT|../test-results/Synthetic-login-Synthetic--650bd-sting-Should-show-dashboard-desktop-chromium/trace.zip]]
]]>
</system-out>
</testcase>
</testsuite>
<testsuite name="Synthetic/menu.spec.ts" timestamp="2024-08-30T03:56:21.666Z" hostname="desktop-chromium" tests="1" failures="0" skipped="0" time="5.307" errors="0">
<testcase name="Synthetic testing › Should show dashboard" classname="Synthetic/menu.spec.ts" time="5.307">
<properties>
<property name="Navigation" value="Go to:https://effizientedemo.azurewebsites.net">
</property>
</properties>
<system-out>
<![CDATA[
[[ATTACHMENT|../test-results/Synthetic-menu-Synthetic-testing-Should-show-dashboard-desktop-chromium/test-finished-1.png]]

[[ATTACHMENT|../test-results/Synthetic-menu-Synthetic-testing-Should-show-dashboard-desktop-chromium/trace.zip]]
]]>
</system-out>
</testcase>
</testsuite>
<testsuite name="VisualTesting/dashboard.spec.ts" timestamp="2024-08-30T03:56:21.666Z" hostname="desktop-chromium" tests="1" failures="0" skipped="0" time="3.795" errors="0">
<testcase name="Check Dashboard › Should show dashboard" classname="VisualTesting/dashboard.spec.ts" time="3.795">
<properties>
<property name="Mock" value="Modify the summary with fixed data">
</property>
<property name="Mock" value="Modify the &quot;Sumary Expiration&quot; with fixed data">
</property>
<property name="Mock" value="Modify the &quot;Top 5 delay&quot; with fixed data">
</property>
<property name="Mock" value="Modify the &quot;Top 5 total&quot; with fixed data">
</property>
<property name="Mock" value="Modify the &quot;Top 5 type&quot; with fixed data">
</property>
<property name="Mock" value="Modify the &quot;Top 10 Limit 1&quot; with fixed data">
</property>
<property name="Mock" value="Modify the &quot;Top 10 Limit 2&quot; with fixed data">
</property>
<property name="Mock" value="Modify the &quot;Top 10 Limit 3&quot; with fixed data">
</property>
<property name="Mock" value="Modify the &quot;Top 10 To Expire&quot; with fixed data">
</property>
<property name="Go To" value="Go to the page: &quot;https://effizientedemo.azurewebsites.net/AccountsReceivable/dashboard&quot;">
</property>
<property name="Step" value="Compare snapshot: dashboard.png with maxDiffPixelsRatio: 0.1">
</property>
</properties>
<system-out>
<![CDATA[
[[ATTACHMENT|../test-results/VisualTesting-dashboard-Ch-994a2-board-Should-show-dashboard-desktop-chromium/test-finished-2.png]]

[[ATTACHMENT|../test-results/VisualTesting-dashboard-Ch-994a2-board-Should-show-dashboard-desktop-chromium/test-finished-1.png]]

[[ATTACHMENT|../test-results/VisualTesting-dashboard-Ch-994a2-board-Should-show-dashboard-desktop-chromium/trace.zip]]
]]>
</system-out>
</testcase>
</testsuite>
<testsuite name="Accessibility/pageAccessibility.spec.ts" timestamp="2024-08-30T03:56:21.666Z" hostname="desktop-firefox" tests="3" failures="3" skipped="0" time="3.162" errors="0">
<testcase name="Test Accessibility By Page › Check Page accessibility" classname="Accessibility/pageAccessibility.spec.ts" time="1.056">
<properties>
<property name="Go To" value="Go to: undefined">
</property>
</properties>
<failure message="pageAccessibility.spec.ts:19:9 Check Page accessibility" type="FAILURE">
<![CDATA[  [desktop-firefox] › Accessibility/pageAccessibility.spec.ts:19:9 › Test Accessibility By Page › Check Page accessibility 

    Error: page.goto: url: expected string, got undefined

      23 |         const annotationHelper = new AnnotationHelper(page, pageToTest);
      24 |         annotationHelper.addAnnotation(AnnotationType.GoTo, 'Go to: ' + pageToTest);
    > 25 |         await page.goto(pageToTest);
         |                    ^
      26 |         await accessibilityHelper.checkAccessibility('CustomPage', annotationHelper.getAnnotations());
      27 |
      28 |     });

        at /home/runner/work/Playwright/Playwright/tests/Accessibility/pageAccessibility.spec.ts:25:20

    attachment #1: screenshot (image/png) ──────────────────────────────────────────────────────────
    test-results/Accessibility-pageAccessib-c4c16-ge-Check-Page-accessibility-desktop-firefox/test-failed-1.png
    ────────────────────────────────────────────────────────────────────────────────────────────────

    attachment #2: video (video/webm) ──────────────────────────────────────────────────────────────
    test-results/Accessibility-pageAccessib-c4c16-ge-Check-Page-accessibility-desktop-firefox/video.webm
    ────────────────────────────────────────────────────────────────────────────────────────────────

    attachment #3: trace (application/zip) ─────────────────────────────────────────────────────────
    test-results/Accessibility-pageAccessib-c4c16-ge-Check-Page-accessibility-desktop-firefox/trace.zip
    Usage:

        npx playwright show-trace test-results/Accessibility-pageAccessib-c4c16-ge-Check-Page-accessibility-desktop-firefox/trace.zip

    ────────────────────────────────────────────────────────────────────────────────────────────────
]]>
</failure>
<system-out>
<![CDATA[
[[ATTACHMENT|../test-results/Accessibility-pageAccessib-c4c16-ge-Check-Page-accessibility-desktop-firefox/test-failed-1.png]]

[[ATTACHMENT|../test-results/Accessibility-pageAccessib-c4c16-ge-Check-Page-accessibility-desktop-firefox/video.webm]]

[[ATTACHMENT|../test-results/Accessibility-pageAccessib-c4c16-ge-Check-Page-accessibility-desktop-firefox/trace.zip]]
]]>
</system-out>
</testcase>
<testcase name="Test Accessibility By Page › Check tab order" classname="Accessibility/pageAccessibility.spec.ts" time="1.028">
<properties>
<property name="Go To" value="Go to: undefined">
</property>
</properties>
<failure message="pageAccessibility.spec.ts:30:9 Check tab order" type="FAILURE">
<![CDATA[  [desktop-firefox] › Accessibility/pageAccessibility.spec.ts:30:9 › Test Accessibility By Page › Check tab order 

    Error: page.goto: url: expected string, got undefined

      34 |         const tabHelper = new TabHelper(page, keyPage);
      35 |         annotationHelper.addAnnotation(AnnotationType.GoTo, 'Go to: ' + pageToTest);
    > 36 |         await page.goto(pageToTest);
         |                    ^
      37 |         //Add a number and blue box to the element after press tab
      38 |         await tabHelper.showTabOrder();
      39 |         //Check that the tab is the same that the elements

        at /home/runner/work/Playwright/Playwright/tests/Accessibility/pageAccessibility.spec.ts:36:20

    attachment #1: screenshot (image/png) ──────────────────────────────────────────────────────────
    test-results/Accessibility-pageAccessib-bc5d8-ity-By-Page-Check-tab-order-desktop-firefox/test-failed-1.png
    ────────────────────────────────────────────────────────────────────────────────────────────────

    attachment #2: video (video/webm) ──────────────────────────────────────────────────────────────
    test-results/Accessibility-pageAccessib-bc5d8-ity-By-Page-Check-tab-order-desktop-firefox/video.webm
    ────────────────────────────────────────────────────────────────────────────────────────────────

    attachment #3: trace (application/zip) ─────────────────────────────────────────────────────────
    test-results/Accessibility-pageAccessib-bc5d8-ity-By-Page-Check-tab-order-desktop-firefox/trace.zip
    Usage:

        npx playwright show-trace test-results/Accessibility-pageAccessib-bc5d8-ity-By-Page-Check-tab-order-desktop-firefox/trace.zip

    ────────────────────────────────────────────────────────────────────────────────────────────────
]]>
</failure>
<system-out>
<![CDATA[
[[ATTACHMENT|../test-results/Accessibility-pageAccessib-bc5d8-ity-By-Page-Check-tab-order-desktop-firefox/test-failed-1.png]]

[[ATTACHMENT|../test-results/Accessibility-pageAccessib-bc5d8-ity-By-Page-Check-tab-order-desktop-firefox/video.webm]]

[[ATTACHMENT|../test-results/Accessibility-pageAccessib-bc5d8-ity-By-Page-Check-tab-order-desktop-firefox/trace.zip]]
]]>
</system-out>
</testcase>
<testcase name="Test Accessibility By Page › Check alt text &amp; aria-label" classname="Accessibility/pageAccessibility.spec.ts" time="1.078">
<properties>
<property name="Go To" value="Go to: undefined">
</property>
</properties>
<failure message="pageAccessibility.spec.ts:44:9 Check alt text &amp; aria-label" type="FAILURE">
<![CDATA[  [desktop-firefox] › Accessibility/pageAccessibility.spec.ts:44:9 › Test Accessibility By Page › Check alt text & aria-label 

    Error: page.goto: url: expected string, got undefined

      48 |         const altHelper = new AltHelper(page, keyPage, testInfo);
      49 |         annotationHelper.addAnnotation(AnnotationType.GoTo, 'Go to: ' + pageToTest);
    > 50 |         await page.goto(pageToTest);
         |                    ^
      51 |         //Check that images have alt text attribute
      52 |         await altHelper.checkAltText();
      53 |         //Generate a table with all alt texts

        at /home/runner/work/Playwright/Playwright/tests/Accessibility/pageAccessibility.spec.ts:50:20

    attachment #1: screenshot (image/png) ──────────────────────────────────────────────────────────
    test-results/Accessibility-pageAccessib-e1df0-e-Check-alt-text-aria-label-desktop-firefox/test-failed-1.png
    ────────────────────────────────────────────────────────────────────────────────────────────────

    attachment #2: video (video/webm) ──────────────────────────────────────────────────────────────
    test-results/Accessibility-pageAccessib-e1df0-e-Check-alt-text-aria-label-desktop-firefox/video.webm
    ────────────────────────────────────────────────────────────────────────────────────────────────

    attachment #3: trace (application/zip) ─────────────────────────────────────────────────────────
    test-results/Accessibility-pageAccessib-e1df0-e-Check-alt-text-aria-label-desktop-firefox/trace.zip
    Usage:

        npx playwright show-trace test-results/Accessibility-pageAccessib-e1df0-e-Check-alt-text-aria-label-desktop-firefox/trace.zip

    ────────────────────────────────────────────────────────────────────────────────────────────────
]]>
</failure>
<system-out>
<![CDATA[
[[ATTACHMENT|../test-results/Accessibility-pageAccessib-e1df0-e-Check-alt-text-aria-label-desktop-firefox/test-failed-1.png]]

[[ATTACHMENT|../test-results/Accessibility-pageAccessib-e1df0-e-Check-alt-text-aria-label-desktop-firefox/video.webm]]

[[ATTACHMENT|../test-results/Accessibility-pageAccessib-e1df0-e-Check-alt-text-aria-label-desktop-firefox/trace.zip]]
]]>
</system-out>
</testcase>
</testsuite>
<testsuite name="AI/login.spec.ts" timestamp="2024-08-30T03:56:21.666Z" hostname="desktop-firefox" tests="1" failures="0" skipped="1" time="0.99" errors="0">
<testcase name="AI Zero Step › Should show dashboard after login" classname="AI/login.spec.ts" time="0.99">
<properties>
<property name="skip" value="Zero Steps only works in chromium">
</property>
</properties>
<skipped>
</skipped>
</testcase>
</testsuite>
<testsuite name="Api/addToCart.spec.ts" timestamp="2024-08-30T03:56:21.666Z" hostname="desktop-firefox" tests="1" failures="0" skipped="0" time="15.466" errors="0">
<testcase name="WebdriverIO Shop › Should add an item to the cart" classname="Api/addToCart.spec.ts" time="15.466">
<properties>
<property name="Go To" value="Go to the page: &quot;https://shop.webdriver.io&quot;">
</property>
<property name="Link" value="Click: &quot;Shop All&quot;">
</property>
<property name="Step" value="Click in the product: &quot;WebdriverIO T-Shirt - Box Logo Tee&quot;">
</property>
<property name="Button" value="Click: &quot; 
		Add to Cart
		 
	$25.00
&quot;">
</property>
<property name="Assert" value="There is one item in the bag">
</property>
<property name="Button" value="Click: &quot;
 
				1
			 
				items
			&quot;">
</property>
<property name="Assert" value="The name of the item in the cart is: &quot;WebdriverIO T-Shirt - Box Logo Tee&quot;">
</property>
<property name="Assert" value="The price of the item in the cart is: &quot;$25.00&quot;">
</property>
</properties>
<system-out>
<![CDATA[
[[ATTACHMENT|../test-results/Api-addToCart-WebdriverIO--609ad-uld-add-an-item-to-the-cart-desktop-firefox/test-finished-1.png]]

[[ATTACHMENT|../test-results/Api-addToCart-WebdriverIO--609ad-uld-add-an-item-to-the-cart-desktop-firefox/trace.zip]]
]]>
</system-out>
</testcase>
</testsuite>
<testsuite name="Api/servers.spec.ts" timestamp="2024-08-30T03:56:21.666Z" hostname="desktop-firefox" tests="2" failures="0" skipped="0" time="9.083" errors="0">
<testcase name="Servers › Should add a server" classname="Api/servers.spec.ts" time="4.948">
<properties>
<property name="Go To" value="Go to the servers page: &quot;https://effizientedemo.azurewebsites.net/Security/servers&quot;">
</property>
<property name="Button" value="Click: &quot;Add&quot;">
</property>
<property name="InputText" value="Fill &quot;Key:&quot; with the value: &quot;176376&quot;">
</property>
<property name="InputText" value="Fill &quot;Name:&quot; with the value: &quot;Kris - Cartwright&quot;">
</property>
<property name="InputText" value="Fill &quot;Url:&quot; with the value: &quot;https://handmade-put.name/&quot;">
</property>
<property name="Button" value="Click: &quot;Save&quot;">
</property>
<property name="Assert" value="Success message is visible">
</property>
<property name="Assert" value="Server id should be a number greater than 1">
</property>
<property name="Assert" value="Server with the key: &quot;176376&quot; exists in the table">
</property>
<property name="Assert" value="The server name for the key: &quot;176376&quot; is: &quot;Kris - Cartwright&quot;">
</property>
<property name="Assert" value="The server url for the key: &quot;176376&quot; is: &quot;https://handmade-put.name/&quot;">
</property>
</properties>
<system-out>
<![CDATA[
[[ATTACHMENT|../test-results/Api-servers-Servers-Should-add-a-server-desktop-firefox/test-finished-1.png]]

[[ATTACHMENT|../test-results/Api-servers-Servers-Should-add-a-server-desktop-firefox/trace.zip]]
]]>
</system-out>
</testcase>
<testcase name="Servers › Should edit a server" classname="Api/servers.spec.ts" time="4.135">
<properties>
<property name="Go To" value="Go to the servers page: &quot;https://effizientedemo.azurewebsites.net/Security/servers&quot;">
</property>
<property name="Step" value="Create server with API">
</property>
<property name="Go To" value="Go to the servers page: &quot;https://effizientedemo.azurewebsites.net/Security/servers&quot;">
</property>
<property name="InputText" value="Fill &quot;key:&quot; with the value: &quot;881812&quot;">
</property>
<property name="InputText" value="Fill &quot;Name:&quot; with the value: &quot;Sawayn, Marquardt and Dickens&quot;">
</property>
<property name="InputText" value="Fill &quot;Url:&quot; with the value: &quot;https://striking-temper.com/&quot;">
</property>
<property name="Button" value="Click: &quot;Save&quot;">
</property>
<property name="Assert" value="Success message is visible">
</property>
<property name="Assert" value="Server with the key: &quot;881812&quot; exists in the table">
</property>
<property name="Assert" value="The server name for the key: &quot;881812&quot; is: &quot;Sawayn, Marquardt and Dickens&quot;">
</property>
<property name="Assert" value="The server url for the key: &quot;881812&quot; is: &quot;https://striking-temper.com/&quot;">
</property>
</properties>
<system-out>
<![CDATA[
[[ATTACHMENT|../test-results/Api-servers-Servers-Should-edit-a-server-desktop-firefox/test-finished-1.png]]

[[ATTACHMENT|../test-results/Api-servers-Servers-Should-edit-a-server-desktop-firefox/trace.zip]]
]]>
</system-out>
</testcase>
</testsuite>
<testsuite name="Basic/login.spec.ts" timestamp="2024-08-30T03:56:21.666Z" hostname="desktop-firefox" tests="1" failures="1" skipped="0" time="3.22" errors="0">
<testcase name="Login › Login with valid user load inventory page" classname="Basic/login.spec.ts" time="3.22">
<properties>
<property name="Description" value="Login with valid user in saucedemo">
</property>
<property name="Pre Condition" value="A valid username and password">
</property>
<property name="Go To" value="Go to the page: &quot;https://www.saucedemo.com&quot;">
</property>
<property name="InputText" value="Fill &quot;Username:&quot; with the value: &quot;standard_usera&quot;">
</property>
<property name="InputPassword" value="Fill &quot;Password&quot;: with value: *****">
</property>
<property name="Button" value="Click: &quot;Login&quot;">
</property>
<property name="Assert" value="Check URL Page is equal to: &quot;https://www.saucedemo.com/inventory.html&quot;">
</property>
</properties>
<failure message="login.spec.ts:10:9 Login with valid user load inventory page" type="FAILURE">
<![CDATA[  [desktop-firefox] › Basic/login.spec.ts:10:9 › Login › Login with valid user load inventory page ─

    Error: Check URL Page is equal to: "https://www.saucedemo.com/inventory.html"

    expect(received).toEqual(expected) // deep equality

    Expected: "https://www.saucedemo.com/"
    Received: "https://www.saucedemo.com/inventory.html"

       at ../pages/basePage.ts:106

      104 |     public AssertEqual(expected: string, actual: string, assertMessage: string) {
      105 |         this.annotationHelper.addAnnotation(AnnotationType.Assert, assertMessage);
    > 106 |         expect(expected, assertMessage).toEqual(actual);
          |                                         ^
      107 |     }
      108 |
      109 |     /**

        at LoginPage.AssertEqual (/home/runner/work/Playwright/Playwright/pages/basePage.ts:106:41)
        at /home/runner/work/Playwright/Playwright/tests/Basic/login.spec.ts:22:19

    attachment #1: screenshot (image/png) ──────────────────────────────────────────────────────────
    test-results/Basic-login-Login-Login-with-valid-user-load-inventory-page-desktop-firefox/test-failed-1.png
    ────────────────────────────────────────────────────────────────────────────────────────────────

    attachment #2: video (video/webm) ──────────────────────────────────────────────────────────────
    test-results/Basic-login-Login-Login-with-valid-user-load-inventory-page-desktop-firefox/video.webm
    ────────────────────────────────────────────────────────────────────────────────────────────────

    attachment #3: trace (application/zip) ─────────────────────────────────────────────────────────
    test-results/Basic-login-Login-Login-with-valid-user-load-inventory-page-desktop-firefox/trace.zip
    Usage:

        npx playwright show-trace test-results/Basic-login-Login-Login-with-valid-user-load-inventory-page-desktop-firefox/trace.zip

    ────────────────────────────────────────────────────────────────────────────────────────────────

    Retry #1 ───────────────────────────────────────────────────────────────────────────────────────

    Error: Check URL Page is equal to: "https://www.saucedemo.com/inventory.html"

    expect(received).toEqual(expected) // deep equality

    Expected: "https://www.saucedemo.com/"
    Received: "https://www.saucedemo.com/inventory.html"

       at ../pages/basePage.ts:106

      104 |     public AssertEqual(expected: string, actual: string, assertMessage: string) {
      105 |         this.annotationHelper.addAnnotation(AnnotationType.Assert, assertMessage);
    > 106 |         expect(expected, assertMessage).toEqual(actual);
          |                                         ^
      107 |     }
      108 |
      109 |     /**

        at LoginPage.AssertEqual (/home/runner/work/Playwright/Playwright/pages/basePage.ts:106:41)
        at /home/runner/work/Playwright/Playwright/tests/Basic/login.spec.ts:22:19

    attachment #1: screenshot (image/png) ──────────────────────────────────────────────────────────
    test-results/Basic-login-Login-Login-with-valid-user-load-inventory-page-desktop-firefox-retry1/test-failed-1.png
    ────────────────────────────────────────────────────────────────────────────────────────────────

    attachment #2: video (video/webm) ──────────────────────────────────────────────────────────────
    test-results/Basic-login-Login-Login-with-valid-user-load-inventory-page-desktop-firefox-retry1/video.webm
    ────────────────────────────────────────────────────────────────────────────────────────────────

    attachment #3: trace (application/zip) ─────────────────────────────────────────────────────────
    test-results/Basic-login-Login-Login-with-valid-user-load-inventory-page-desktop-firefox-retry1/trace.zip
    Usage:

        npx playwright show-trace test-results/Basic-login-Login-Login-with-valid-user-load-inventory-page-desktop-firefox-retry1/trace.zip

    ────────────────────────────────────────────────────────────────────────────────────────────────
]]>
</failure>
<system-out>
<![CDATA[
[[ATTACHMENT|../test-results/Basic-login-Login-Login-with-valid-user-load-inventory-page-desktop-firefox/test-failed-1.png]]

[[ATTACHMENT|../test-results/Basic-login-Login-Login-with-valid-user-load-inventory-page-desktop-firefox/video.webm]]

[[ATTACHMENT|../test-results/Basic-login-Login-Login-with-valid-user-load-inventory-page-desktop-firefox/trace.zip]]

[[ATTACHMENT|../test-results/Basic-login-Login-Login-with-valid-user-load-inventory-page-desktop-firefox-retry1/test-failed-1.png]]

[[ATTACHMENT|../test-results/Basic-login-Login-Login-with-valid-user-load-inventory-page-desktop-firefox-retry1/video.webm]]

[[ATTACHMENT|../test-results/Basic-login-Login-Login-with-valid-user-load-inventory-page-desktop-firefox-retry1/trace.zip]]
]]>
</system-out>
</testcase>
</testsuite>
<testsuite name="Basic/menu.spec.ts" timestamp="2024-08-30T03:56:21.666Z" hostname="desktop-firefox" tests="2" failures="0" skipped="0" time="7.321" errors="0">
<testcase name="Normal user › Should returns user menu" classname="Basic/menu.spec.ts" time="4.06">
<properties>
<property name="Description" value="Login to effiziente demo with a normal user, the user will see the menu for normal users">
</property>
<property name="Pre Condition" value="A valid normal user">
</property>
<property name="Go To" value="Go to the page: &quot;https://effizientedemo.azurewebsites.net/AccountsReceivable/dashboard&quot;">
</property>
<property name="PrimeFacesMenu" value="Get top menus">
</property>
<property name="Assert" value="Menu are equal to: &quot;AccountsReceivable,Config&quot;">
</property>
</properties>
<system-out>
<![CDATA[
[[ATTACHMENT|../test-results/Basic-menu-Normal-user-Should-returns-user-menu-desktop-firefox/test-finished-1.png]]

[[ATTACHMENT|../test-results/Basic-menu-Normal-user-Should-returns-user-menu-desktop-firefox/trace.zip]]
]]>
</system-out>
</testcase>
<testcase name="Admin user › Should returns admin menu" classname="Basic/menu.spec.ts" time="3.261">
<properties>
<property name="Description" value="LLogin to effiziente demo with a admin user, the user will see the menu for admin users">
</property>
<property name="Pre Condition" value="A valid admin user">
</property>
<property name="Go To" value="Go to the page: &quot;https://effizientedemo.azurewebsites.net/AccountsReceivable/dashboard&quot;">
</property>
<property name="PrimeFacesMenu" value="Get top menus">
</property>
<property name="Assert" value="Menu are equal to: &quot;AccountsReceivable,Security,Config&quot;">
</property>
</properties>
<system-out>
<![CDATA[
[[ATTACHMENT|../test-results/Basic-menu-Admin-user-Should-returns-admin-menu-desktop-firefox/test-finished-1.png]]

[[ATTACHMENT|../test-results/Basic-menu-Admin-user-Should-returns-admin-menu-desktop-firefox/trace.zip]]
]]>
</system-out>
</testcase>
</testsuite>
<testsuite name="Excel/exportServers.spec.ts" timestamp="2024-08-30T03:56:21.666Z" hostname="desktop-firefox" tests="1" failures="0" skipped="0" time="2.909" errors="0">
<testcase name="Servers › Should export servers to excel" classname="Excel/exportServers.spec.ts" time="2.909">
<properties>
<property name="Go To" value="Go to the servers page: &quot;https://effizientedemo.azurewebsites.net/Security/servers&quot;">
</property>
<property name="ButtonExcel" value="Click: &quot;Export to Excel&quot;">
</property>
<property name="Assert" value="The excel file rows are equal to the grid rows">
</property>
</properties>
<system-out>
<![CDATA[
[[ATTACHMENT|../test-results/Excel-exportServers-Servers-Should-export-servers-to-excel-desktop-firefox/attachments/servers-xlsx-b45414d1440b649c23868d9b19e0f22e5f012826.xlsx]]

[[ATTACHMENT|../test-results/Excel-exportServers-Servers-Should-export-servers-to-excel-desktop-firefox/test-finished-1.png]]

[[ATTACHMENT|../test-results/Excel-exportServers-Servers-Should-export-servers-to-excel-desktop-firefox/trace.zip]]
]]>
</system-out>
</testcase>
</testsuite>
<testsuite name="Fixture-LambdaTest/loginLambdaTestFixture.spec.ts" timestamp="2024-08-30T03:56:21.666Z" hostname="desktop-firefox" tests="1" failures="0" skipped="0" time="1.028" errors="0">
<testcase name="Login › Login with valid user load inventory page" classname="Fixture-LambdaTest/loginLambdaTestFixture.spec.ts" time="1.028">
<properties>
<property name="Go To" value="Go to the page: &quot;https://www.saucedemo.com&quot;">
</property>
<property name="InputText" value="Fill &quot;Username:&quot; with the value: &quot;standard_user&quot;">
</property>
<property name="InputPassword" value="Fill &quot;Password&quot;: with value: *****">
</property>
<property name="Button" value="Click: &quot;Login&quot;">
</property>
<property name="Assert" value="Check URL Page equal to: &quot;https://www.saucedemo.com/inventory.html&quot;">
</property>
</properties>
<system-out>
<![CDATA[
[[ATTACHMENT|../test-results/Fixture-LambdaTest-loginLa-24caa-id-user-load-inventory-page-desktop-firefox/test-finished-1.png]]

[[ATTACHMENT|../test-results/Fixture-LambdaTest-loginLa-24caa-id-user-load-inventory-page-desktop-firefox/trace.zip]]
]]>
</system-out>
</testcase>
</testsuite>
<testsuite name="LocaleGeo/bingMaps.spec.ts" timestamp="2024-08-30T03:56:21.666Z" hostname="desktop-firefox" tests="1" failures="0" skipped="1" time="0.44" errors="0">
<testcase name="Geo Location Test › The bing maps is located to munich" classname="LocaleGeo/bingMaps.spec.ts" time="0.44">
<properties>
<property name="skip" value="Geolocation not work in firefox">
</property>
</properties>
<skipped>
</skipped>
</testcase>
</testsuite>
<testsuite name="LocaleGeo/searchLocale.spec.ts" timestamp="2024-08-30T03:56:21.666Z" hostname="desktop-firefox" tests="1" failures="0" skipped="0" time="1.787" errors="0">
<testcase name="Locale translations › Translations with locale and time zone id" classname="LocaleGeo/searchLocale.spec.ts" time="1.787">
<properties>
<property name="Go To" value="Go to the page: &quot;https://www.google.com&quot;">
</property>
<property name="Assert" value="Search button text is equal to: &quot;Buscar con Google&quot;">
</property>
</properties>
<system-out>
<![CDATA[
[[ATTACHMENT|../test-results/LocaleGeo-searchLocale-Loc-34d05-ith-locale-and-time-zone-id-desktop-firefox/test-finished-1.png]]

[[ATTACHMENT|../test-results/LocaleGeo-searchLocale-Loc-34d05-ith-locale-and-time-zone-id-desktop-firefox/trace.zip]]
]]>
</system-out>
</testcase>
</testsuite>
<testsuite name="Synthetic/login.spec.ts" timestamp="2024-08-30T03:56:21.666Z" hostname="desktop-firefox" tests="1" failures="0" skipped="0" time="4.278" errors="0">
<testcase name="Synthetic login testing › Should show dashboard" classname="Synthetic/login.spec.ts" time="4.278">
<system-out>
<![CDATA[
[[ATTACHMENT|../test-results/Synthetic-login-Synthetic--650bd-sting-Should-show-dashboard-desktop-firefox/test-finished-2.png]]

[[ATTACHMENT|../test-results/Synthetic-login-Synthetic--650bd-sting-Should-show-dashboard-desktop-firefox/test-finished-1.png]]

[[ATTACHMENT|../test-results/Synthetic-login-Synthetic--650bd-sting-Should-show-dashboard-desktop-firefox/trace.zip]]
]]>
</system-out>
</testcase>
</testsuite>
<testsuite name="Synthetic/menu.spec.ts" timestamp="2024-08-30T03:56:21.666Z" hostname="desktop-firefox" tests="1" failures="0" skipped="0" time="4.342" errors="0">
<testcase name="Synthetic testing › Should show dashboard" classname="Synthetic/menu.spec.ts" time="4.342">
<properties>
<property name="Navigation" value="Go to:https://effizientedemo.azurewebsites.net">
</property>
</properties>
<system-out>
<![CDATA[
[[ATTACHMENT|../test-results/Synthetic-menu-Synthetic-testing-Should-show-dashboard-desktop-firefox/test-finished-1.png]]

[[ATTACHMENT|../test-results/Synthetic-menu-Synthetic-testing-Should-show-dashboard-desktop-firefox/trace.zip]]
]]>
</system-out>
</testcase>
</testsuite>
<testsuite name="VisualTesting/dashboard.spec.ts" timestamp="2024-08-30T03:56:21.666Z" hostname="desktop-firefox" tests="1" failures="0" skipped="0" time="3.395" errors="0">
<testcase name="Check Dashboard › Should show dashboard" classname="VisualTesting/dashboard.spec.ts" time="3.395">
<properties>
<property name="Mock" value="Modify the summary with fixed data">
</property>
<property name="Mock" value="Modify the &quot;Sumary Expiration&quot; with fixed data">
</property>
<property name="Mock" value="Modify the &quot;Top 5 delay&quot; with fixed data">
</property>
<property name="Mock" value="Modify the &quot;Top 5 total&quot; with fixed data">
</property>
<property name="Mock" value="Modify the &quot;Top 5 type&quot; with fixed data">
</property>
<property name="Mock" value="Modify the &quot;Top 10 Limit 1&quot; with fixed data">
</property>
<property name="Mock" value="Modify the &quot;Top 10 Limit 2&quot; with fixed data">
</property>
<property name="Mock" value="Modify the &quot;Top 10 Limit 3&quot; with fixed data">
</property>
<property name="Mock" value="Modify the &quot;Top 10 To Expire&quot; with fixed data">
</property>
<property name="Go To" value="Go to the page: &quot;https://effizientedemo.azurewebsites.net/AccountsReceivable/dashboard&quot;">
</property>
<property name="Step" value="Compare snapshot: dashboard.png with maxDiffPixelsRatio: 0.1">
</property>
</properties>
<system-out>
<![CDATA[
[[ATTACHMENT|../test-results/VisualTesting-dashboard-Ch-994a2-board-Should-show-dashboard-desktop-firefox/test-finished-2.png]]

[[ATTACHMENT|../test-results/VisualTesting-dashboard-Ch-994a2-board-Should-show-dashboard-desktop-firefox/test-finished-1.png]]

[[ATTACHMENT|../test-results/VisualTesting-dashboard-Ch-994a2-board-Should-show-dashboard-desktop-firefox/trace.zip]]
]]>
</system-out>
</testcase>
</testsuite>
<testsuite name="Accessibility/pageAccessibility.spec.ts" timestamp="2024-08-30T03:56:21.666Z" hostname="desktop-webkit" tests="3" failures="3" skipped="0" time="1.638" errors="0">
<testcase name="Test Accessibility By Page › Check Page accessibility" classname="Accessibility/pageAccessibility.spec.ts" time="0.576">
<properties>
<property name="Go To" value="Go to: undefined">
</property>
</properties>
<failure message="pageAccessibility.spec.ts:19:9 Check Page accessibility" type="FAILURE">
<![CDATA[  [desktop-webkit] › Accessibility/pageAccessibility.spec.ts:19:9 › Test Accessibility By Page › Check Page accessibility 

    Error: page.goto: url: expected string, got undefined

      23 |         const annotationHelper = new AnnotationHelper(page, pageToTest);
      24 |         annotationHelper.addAnnotation(AnnotationType.GoTo, 'Go to: ' + pageToTest);
    > 25 |         await page.goto(pageToTest);
         |                    ^
      26 |         await accessibilityHelper.checkAccessibility('CustomPage', annotationHelper.getAnnotations());
      27 |
      28 |     });

        at /home/runner/work/Playwright/Playwright/tests/Accessibility/pageAccessibility.spec.ts:25:20

    attachment #1: screenshot (image/png) ──────────────────────────────────────────────────────────
    test-results/Accessibility-pageAccessib-c4c16-ge-Check-Page-accessibility-desktop-webkit/test-failed-1.png
    ────────────────────────────────────────────────────────────────────────────────────────────────

    attachment #2: video (video/webm) ──────────────────────────────────────────────────────────────
    test-results/Accessibility-pageAccessib-c4c16-ge-Check-Page-accessibility-desktop-webkit/video.webm
    ────────────────────────────────────────────────────────────────────────────────────────────────

    attachment #3: trace (application/zip) ─────────────────────────────────────────────────────────
    test-results/Accessibility-pageAccessib-c4c16-ge-Check-Page-accessibility-desktop-webkit/trace.zip
    Usage:

        npx playwright show-trace test-results/Accessibility-pageAccessib-c4c16-ge-Check-Page-accessibility-desktop-webkit/trace.zip

    ────────────────────────────────────────────────────────────────────────────────────────────────
]]>
</failure>
<system-out>
<![CDATA[
[[ATTACHMENT|../test-results/Accessibility-pageAccessib-c4c16-ge-Check-Page-accessibility-desktop-webkit/test-failed-1.png]]

[[ATTACHMENT|../test-results/Accessibility-pageAccessib-c4c16-ge-Check-Page-accessibility-desktop-webkit/video.webm]]

[[ATTACHMENT|../test-results/Accessibility-pageAccessib-c4c16-ge-Check-Page-accessibility-desktop-webkit/trace.zip]]
]]>
</system-out>
</testcase>
<testcase name="Test Accessibility By Page › Check tab order" classname="Accessibility/pageAccessibility.spec.ts" time="0.557">
<properties>
<property name="Go To" value="Go to: undefined">
</property>
</properties>
<failure message="pageAccessibility.spec.ts:30:9 Check tab order" type="FAILURE">
<![CDATA[  [desktop-webkit] › Accessibility/pageAccessibility.spec.ts:30:9 › Test Accessibility By Page › Check tab order 

    Error: page.goto: url: expected string, got undefined

      34 |         const tabHelper = new TabHelper(page, keyPage);
      35 |         annotationHelper.addAnnotation(AnnotationType.GoTo, 'Go to: ' + pageToTest);
    > 36 |         await page.goto(pageToTest);
         |                    ^
      37 |         //Add a number and blue box to the element after press tab
      38 |         await tabHelper.showTabOrder();
      39 |         //Check that the tab is the same that the elements

        at /home/runner/work/Playwright/Playwright/tests/Accessibility/pageAccessibility.spec.ts:36:20

    attachment #1: screenshot (image/png) ──────────────────────────────────────────────────────────
    test-results/Accessibility-pageAccessib-bc5d8-ity-By-Page-Check-tab-order-desktop-webkit/test-failed-1.png
    ────────────────────────────────────────────────────────────────────────────────────────────────

    attachment #2: video (video/webm) ──────────────────────────────────────────────────────────────
    test-results/Accessibility-pageAccessib-bc5d8-ity-By-Page-Check-tab-order-desktop-webkit/video.webm
    ────────────────────────────────────────────────────────────────────────────────────────────────

    attachment #3: trace (application/zip) ─────────────────────────────────────────────────────────
    test-results/Accessibility-pageAccessib-bc5d8-ity-By-Page-Check-tab-order-desktop-webkit/trace.zip
    Usage:

        npx playwright show-trace test-results/Accessibility-pageAccessib-bc5d8-ity-By-Page-Check-tab-order-desktop-webkit/trace.zip

    ────────────────────────────────────────────────────────────────────────────────────────────────
]]>
</failure>
<system-out>
<![CDATA[
[[ATTACHMENT|../test-results/Accessibility-pageAccessib-bc5d8-ity-By-Page-Check-tab-order-desktop-webkit/test-failed-1.png]]

[[ATTACHMENT|../test-results/Accessibility-pageAccessib-bc5d8-ity-By-Page-Check-tab-order-desktop-webkit/video.webm]]

[[ATTACHMENT|../test-results/Accessibility-pageAccessib-bc5d8-ity-By-Page-Check-tab-order-desktop-webkit/trace.zip]]
]]>
</system-out>
</testcase>
<testcase name="Test Accessibility By Page › Check alt text &amp; aria-label" classname="Accessibility/pageAccessibility.spec.ts" time="0.505">
<properties>
<property name="Go To" value="Go to: undefined">
</property>
</properties>
<failure message="pageAccessibility.spec.ts:44:9 Check alt text &amp; aria-label" type="FAILURE">
<![CDATA[  [desktop-webkit] › Accessibility/pageAccessibility.spec.ts:44:9 › Test Accessibility By Page › Check alt text & aria-label 

    Error: page.goto: url: expected string, got undefined

      48 |         const altHelper = new AltHelper(page, keyPage, testInfo);
      49 |         annotationHelper.addAnnotation(AnnotationType.GoTo, 'Go to: ' + pageToTest);
    > 50 |         await page.goto(pageToTest);
         |                    ^
      51 |         //Check that images have alt text attribute
      52 |         await altHelper.checkAltText();
      53 |         //Generate a table with all alt texts

        at /home/runner/work/Playwright/Playwright/tests/Accessibility/pageAccessibility.spec.ts:50:20

    attachment #1: screenshot (image/png) ──────────────────────────────────────────────────────────
    test-results/Accessibility-pageAccessib-e1df0-e-Check-alt-text-aria-label-desktop-webkit/test-failed-1.png
    ────────────────────────────────────────────────────────────────────────────────────────────────

    attachment #2: video (video/webm) ──────────────────────────────────────────────────────────────
    test-results/Accessibility-pageAccessib-e1df0-e-Check-alt-text-aria-label-desktop-webkit/video.webm
    ────────────────────────────────────────────────────────────────────────────────────────────────

    attachment #3: trace (application/zip) ─────────────────────────────────────────────────────────
    test-results/Accessibility-pageAccessib-e1df0-e-Check-alt-text-aria-label-desktop-webkit/trace.zip
    Usage:

        npx playwright show-trace test-results/Accessibility-pageAccessib-e1df0-e-Check-alt-text-aria-label-desktop-webkit/trace.zip

    ────────────────────────────────────────────────────────────────────────────────────────────────
]]>
</failure>
<system-out>
<![CDATA[
[[ATTACHMENT|../test-results/Accessibility-pageAccessib-e1df0-e-Check-alt-text-aria-label-desktop-webkit/test-failed-1.png]]

[[ATTACHMENT|../test-results/Accessibility-pageAccessib-e1df0-e-Check-alt-text-aria-label-desktop-webkit/video.webm]]

[[ATTACHMENT|../test-results/Accessibility-pageAccessib-e1df0-e-Check-alt-text-aria-label-desktop-webkit/trace.zip]]
]]>
</system-out>
</testcase>
</testsuite>
<testsuite name="AI/login.spec.ts" timestamp="2024-08-30T03:56:21.666Z" hostname="desktop-webkit" tests="1" failures="0" skipped="1" time="0.47" errors="0">
<testcase name="AI Zero Step › Should show dashboard after login" classname="AI/login.spec.ts" time="0.47">
<properties>
<property name="skip" value="Zero Steps only works in chromium">
</property>
</properties>
<skipped>
</skipped>
</testcase>
</testsuite>
<testsuite name="Api/addToCart.spec.ts" timestamp="2024-08-30T03:56:21.666Z" hostname="desktop-webkit" tests="1" failures="0" skipped="0" time="24.411" errors="0">
<testcase name="WebdriverIO Shop › Should add an item to the cart" classname="Api/addToCart.spec.ts" time="24.411">
<properties>
<property name="Go To" value="Go to the page: &quot;https://shop.webdriver.io&quot;">
</property>
<property name="Link" value="Click: &quot;Shop All&quot;">
</property>
<property name="Step" value="Click in the product: &quot;WebdriverIO Trucker Cap&quot;">
</property>
<property name="Button" value="Click: &quot; 
		Add to Cart
		 
	$16.00
&quot;">
</property>
<property name="Assert" value="There is one item in the bag">
</property>
<property name="Button" value="Click: &quot;
 
				1
			 
				items
			&quot;">
</property>
<property name="Assert" value="The name of the item in the cart is: &quot;WebdriverIO Trucker Cap&quot;">
</property>
<property name="Assert" value="The price of the item in the cart is: &quot;$16.00&quot;">
</property>
</properties>
<system-out>
<![CDATA[
[[ATTACHMENT|../test-results/Api-addToCart-WebdriverIO--609ad-uld-add-an-item-to-the-cart-desktop-webkit/test-finished-1.png]]

[[ATTACHMENT|../test-results/Api-addToCart-WebdriverIO--609ad-uld-add-an-item-to-the-cart-desktop-webkit/trace.zip]]
]]>
</system-out>
</testcase>
</testsuite>
<testsuite name="Api/servers.spec.ts" timestamp="2024-08-30T03:56:21.666Z" hostname="desktop-webkit" tests="2" failures="0" skipped="0" time="16.014" errors="0">
<testcase name="Servers › Should add a server" classname="Api/servers.spec.ts" time="7.626">
<properties>
<property name="Go To" value="Go to the servers page: &quot;https://effizientedemo.azurewebsites.net/Security/servers&quot;">
</property>
<property name="Button" value="Click: &quot;Add&quot;">
</property>
<property name="InputText" value="Fill &quot;Key:&quot; with the value: &quot;314613&quot;">
</property>
<property name="InputText" value="Fill &quot;Name:&quot; with the value: &quot;Brown, Kilback and Olson&quot;">
</property>
<property name="InputText" value="Fill &quot;Url:&quot; with the value: &quot;https://digital-label.info&quot;">
</property>
<property name="Button" value="Click: &quot;Save&quot;">
</property>
<property name="Assert" value="Success message is visible">
</property>
<property name="Assert" value="Server id should be a number greater than 1">
</property>
<property name="Assert" value="Server with the key: &quot;314613&quot; exists in the table">
</property>
<property name="Assert" value="The server name for the key: &quot;314613&quot; is: &quot;Brown, Kilback and Olson&quot;">
</property>
<property name="Assert" value="The server url for the key: &quot;314613&quot; is: &quot;https://digital-label.info&quot;">
</property>
</properties>
<system-out>
<![CDATA[
[[ATTACHMENT|../test-results/Api-servers-Servers-Should-add-a-server-desktop-webkit/test-finished-1.png]]

[[ATTACHMENT|../test-results/Api-servers-Servers-Should-add-a-server-desktop-webkit/trace.zip]]
]]>
</system-out>
</testcase>
<testcase name="Servers › Should edit a server" classname="Api/servers.spec.ts" time="8.388">
<properties>
<property name="Go To" value="Go to the servers page: &quot;https://effizientedemo.azurewebsites.net/Security/servers&quot;">
</property>
<property name="Step" value="Create server with API">
</property>
<property name="Go To" value="Go to the servers page: &quot;https://effizientedemo.azurewebsites.net/Security/servers&quot;">
</property>
<property name="InputText" value="Fill &quot;key:&quot; with the value: &quot;494079&quot;">
</property>
<property name="InputText" value="Fill &quot;Name:&quot; with the value: &quot;McDermott, Dach and Emmerich&quot;">
</property>
<property name="InputText" value="Fill &quot;Url:&quot; with the value: &quot;https://forked-somewhere.org/&quot;">
</property>
<property name="Button" value="Click: &quot;Save&quot;">
</property>
<property name="Assert" value="Success message is visible">
</property>
<property name="Assert" value="Server with the key: &quot;494079&quot; exists in the table">
</property>
<property name="Assert" value="The server name for the key: &quot;494079&quot; is: &quot;McDermott, Dach and Emmerich&quot;">
</property>
<property name="Assert" value="The server url for the key: &quot;494079&quot; is: &quot;https://forked-somewhere.org/&quot;">
</property>
</properties>
<system-out>
<![CDATA[
[[ATTACHMENT|../test-results/Api-servers-Servers-Should-edit-a-server-desktop-webkit/test-finished-1.png]]

[[ATTACHMENT|../test-results/Api-servers-Servers-Should-edit-a-server-desktop-webkit/trace.zip]]
]]>
</system-out>
</testcase>
</testsuite>
<testsuite name="Basic/login.spec.ts" timestamp="2024-08-30T03:56:21.666Z" hostname="desktop-webkit" tests="1" failures="1" skipped="0" time="3.908" errors="0">
<testcase name="Login › Login with valid user load inventory page" classname="Basic/login.spec.ts" time="3.908">
<properties>
<property name="Description" value="Login with valid user in saucedemo">
</property>
<property name="Pre Condition" value="A valid username and password">
</property>
<property name="Go To" value="Go to the page: &quot;https://www.saucedemo.com&quot;">
</property>
<property name="InputText" value="Fill &quot;Username:&quot; with the value: &quot;standard_usera&quot;">
</property>
<property name="InputPassword" value="Fill &quot;Password&quot;: with value: *****">
</property>
<property name="Button" value="Click: &quot;Login&quot;">
</property>
<property name="Assert" value="Check URL Page is equal to: &quot;https://www.saucedemo.com/inventory.html&quot;">
</property>
</properties>
<failure message="login.spec.ts:10:9 Login with valid user load inventory page" type="FAILURE">
<![CDATA[  [desktop-webkit] › Basic/login.spec.ts:10:9 › Login › Login with valid user load inventory page ──

    Error: Check URL Page is equal to: "https://www.saucedemo.com/inventory.html"

    expect(received).toEqual(expected) // deep equality

    Expected: "https://www.saucedemo.com/"
    Received: "https://www.saucedemo.com/inventory.html"

       at ../pages/basePage.ts:106

      104 |     public AssertEqual(expected: string, actual: string, assertMessage: string) {
      105 |         this.annotationHelper.addAnnotation(AnnotationType.Assert, assertMessage);
    > 106 |         expect(expected, assertMessage).toEqual(actual);
          |                                         ^
      107 |     }
      108 |
      109 |     /**

        at LoginPage.AssertEqual (/home/runner/work/Playwright/Playwright/pages/basePage.ts:106:41)
        at /home/runner/work/Playwright/Playwright/tests/Basic/login.spec.ts:22:19

    attachment #1: screenshot (image/png) ──────────────────────────────────────────────────────────
    test-results/Basic-login-Login-Login-with-valid-user-load-inventory-page-desktop-webkit/test-failed-1.png
    ────────────────────────────────────────────────────────────────────────────────────────────────

    attachment #2: video (video/webm) ──────────────────────────────────────────────────────────────
    test-results/Basic-login-Login-Login-with-valid-user-load-inventory-page-desktop-webkit/video.webm
    ────────────────────────────────────────────────────────────────────────────────────────────────

    attachment #3: trace (application/zip) ─────────────────────────────────────────────────────────
    test-results/Basic-login-Login-Login-with-valid-user-load-inventory-page-desktop-webkit/trace.zip
    Usage:

        npx playwright show-trace test-results/Basic-login-Login-Login-with-valid-user-load-inventory-page-desktop-webkit/trace.zip

    ────────────────────────────────────────────────────────────────────────────────────────────────

    Retry #1 ───────────────────────────────────────────────────────────────────────────────────────

    Error: Check URL Page is equal to: "https://www.saucedemo.com/inventory.html"

    expect(received).toEqual(expected) // deep equality

    Expected: "https://www.saucedemo.com/"
    Received: "https://www.saucedemo.com/inventory.html"

       at ../pages/basePage.ts:106

      104 |     public AssertEqual(expected: string, actual: string, assertMessage: string) {
      105 |         this.annotationHelper.addAnnotation(AnnotationType.Assert, assertMessage);
    > 106 |         expect(expected, assertMessage).toEqual(actual);
          |                                         ^
      107 |     }
      108 |
      109 |     /**

        at LoginPage.AssertEqual (/home/runner/work/Playwright/Playwright/pages/basePage.ts:106:41)
        at /home/runner/work/Playwright/Playwright/tests/Basic/login.spec.ts:22:19

    attachment #1: screenshot (image/png) ──────────────────────────────────────────────────────────
    test-results/Basic-login-Login-Login-with-valid-user-load-inventory-page-desktop-webkit-retry1/test-failed-1.png
    ────────────────────────────────────────────────────────────────────────────────────────────────

    attachment #2: video (video/webm) ──────────────────────────────────────────────────────────────
    test-results/Basic-login-Login-Login-with-valid-user-load-inventory-page-desktop-webkit-retry1/video.webm
    ────────────────────────────────────────────────────────────────────────────────────────────────

    attachment #3: trace (application/zip) ─────────────────────────────────────────────────────────
    test-results/Basic-login-Login-Login-with-valid-user-load-inventory-page-desktop-webkit-retry1/trace.zip
    Usage:

        npx playwright show-trace test-results/Basic-login-Login-Login-with-valid-user-load-inventory-page-desktop-webkit-retry1/trace.zip

    ────────────────────────────────────────────────────────────────────────────────────────────────
]]>
</failure>
<system-out>
<![CDATA[
[[ATTACHMENT|../test-results/Basic-login-Login-Login-with-valid-user-load-inventory-page-desktop-webkit/test-failed-1.png]]

[[ATTACHMENT|../test-results/Basic-login-Login-Login-with-valid-user-load-inventory-page-desktop-webkit/video.webm]]

[[ATTACHMENT|../test-results/Basic-login-Login-Login-with-valid-user-load-inventory-page-desktop-webkit/trace.zip]]

[[ATTACHMENT|../test-results/Basic-login-Login-Login-with-valid-user-load-inventory-page-desktop-webkit-retry1/test-failed-1.png]]

[[ATTACHMENT|../test-results/Basic-login-Login-Login-with-valid-user-load-inventory-page-desktop-webkit-retry1/video.webm]]

[[ATTACHMENT|../test-results/Basic-login-Login-Login-with-valid-user-load-inventory-page-desktop-webkit-retry1/trace.zip]]
]]>
</system-out>
</testcase>
</testsuite>
<testsuite name="Basic/menu.spec.ts" timestamp="2024-08-30T03:56:21.666Z" hostname="desktop-webkit" tests="2" failures="0" skipped="0" time="9.652" errors="0">
<testcase name="Normal user › Should returns user menu" classname="Basic/menu.spec.ts" time="4.364">
<properties>
<property name="Description" value="Login to effiziente demo with a normal user, the user will see the menu for normal users">
</property>
<property name="Pre Condition" value="A valid normal user">
</property>
<property name="Go To" value="Go to the page: &quot;https://effizientedemo.azurewebsites.net/AccountsReceivable/dashboard&quot;">
</property>
<property name="PrimeFacesMenu" value="Get top menus">
</property>
<property name="Assert" value="Menu are equal to: &quot;AccountsReceivable,Config&quot;">
</property>
</properties>
<system-out>
<![CDATA[
[[ATTACHMENT|../test-results/Basic-menu-Normal-user-Should-returns-user-menu-desktop-webkit/test-finished-1.png]]

[[ATTACHMENT|../test-results/Basic-menu-Normal-user-Should-returns-user-menu-desktop-webkit/trace.zip]]
]]>
</system-out>
</testcase>
<testcase name="Admin user › Should returns admin menu" classname="Basic/menu.spec.ts" time="5.288">
<properties>
<property name="Description" value="LLogin to effiziente demo with a admin user, the user will see the menu for admin users">
</property>
<property name="Pre Condition" value="A valid admin user">
</property>
<property name="Go To" value="Go to the page: &quot;https://effizientedemo.azurewebsites.net/AccountsReceivable/dashboard&quot;">
</property>
<property name="PrimeFacesMenu" value="Get top menus">
</property>
<property name="Assert" value="Menu are equal to: &quot;AccountsReceivable,Security,Config&quot;">
</property>
</properties>
<system-out>
<![CDATA[
[[ATTACHMENT|../test-results/Basic-menu-Admin-user-Should-returns-admin-menu-desktop-webkit/test-finished-1.png]]

[[ATTACHMENT|../test-results/Basic-menu-Admin-user-Should-returns-admin-menu-desktop-webkit/trace.zip]]
]]>
</system-out>
</testcase>
</testsuite>
<testsuite name="Excel/exportServers.spec.ts" timestamp="2024-08-30T03:56:21.666Z" hostname="desktop-webkit" tests="1" failures="0" skipped="0" time="3.802" errors="0">
<testcase name="Servers › Should export servers to excel" classname="Excel/exportServers.spec.ts" time="3.802">
<properties>
<property name="Go To" value="Go to the servers page: &quot;https://effizientedemo.azurewebsites.net/Security/servers&quot;">
</property>
<property name="ButtonExcel" value="Click: &quot;Export to Excel&quot;">
</property>
<property name="Assert" value="The excel file rows are equal to the grid rows">
</property>
</properties>
<system-out>
<![CDATA[
[[ATTACHMENT|../test-results/Excel-exportServers-Servers-Should-export-servers-to-excel-desktop-webkit/attachments/servers-xlsx-b45414d1440b649c23868d9b19e0f22e5f012826.xlsx]]

[[ATTACHMENT|../test-results/Excel-exportServers-Servers-Should-export-servers-to-excel-desktop-webkit/test-finished-1.png]]

[[ATTACHMENT|../test-results/Excel-exportServers-Servers-Should-export-servers-to-excel-desktop-webkit/trace.zip]]
]]>
</system-out>
</testcase>
</testsuite>
<testsuite name="Fixture-LambdaTest/loginLambdaTestFixture.spec.ts" timestamp="2024-08-30T03:56:21.666Z" hostname="desktop-webkit" tests="1" failures="0" skipped="0" time="1.395" errors="0">
<testcase name="Login › Login with valid user load inventory page" classname="Fixture-LambdaTest/loginLambdaTestFixture.spec.ts" time="1.395">
<properties>
<property name="Go To" value="Go to the page: &quot;https://www.saucedemo.com&quot;">
</property>
<property name="InputText" value="Fill &quot;Username:&quot; with the value: &quot;standard_user&quot;">
</property>
<property name="InputPassword" value="Fill &quot;Password&quot;: with value: *****">
</property>
<property name="Button" value="Click: &quot;Login&quot;">
</property>
<property name="Assert" value="Check URL Page equal to: &quot;https://www.saucedemo.com/inventory.html&quot;">
</property>
</properties>
<system-out>
<![CDATA[
[[ATTACHMENT|../test-results/Fixture-LambdaTest-loginLa-24caa-id-user-load-inventory-page-desktop-webkit/test-finished-1.png]]

[[ATTACHMENT|../test-results/Fixture-LambdaTest-loginLa-24caa-id-user-load-inventory-page-desktop-webkit/trace.zip]]
]]>
</system-out>
</testcase>
</testsuite>
<testsuite name="LocaleGeo/bingMaps.spec.ts" timestamp="2024-08-30T03:56:21.666Z" hostname="desktop-webkit" tests="1" failures="0" skipped="0" time="9.91" errors="0">
<testcase name="Geo Location Test › The bing maps is located to munich" classname="LocaleGeo/bingMaps.spec.ts" time="9.91">
<properties>
<property name="Go To" value="Go to the page: &quot;https://www.bing.com/maps&quot;">
</property>
<property name="Button" value="Click: &quot;&quot;">
</property>
<property name="Button" value="Click: &quot;&quot;">
</property>
<property name="Assert" value="Geo name is equal to:GermanyBavariaMunich (District)">
</property>
</properties>
<system-out>
<![CDATA[
[[ATTACHMENT|../test-results/LocaleGeo-bingMaps-Geo-Loc-e23fc-g-maps-is-located-to-munich-desktop-webkit/test-finished-1.png]]

[[ATTACHMENT|../test-results/LocaleGeo-bingMaps-Geo-Loc-e23fc-g-maps-is-located-to-munich-desktop-webkit/test-finished-2.png]]

[[ATTACHMENT|../test-results/LocaleGeo-bingMaps-Geo-Loc-e23fc-g-maps-is-located-to-munich-desktop-webkit/trace.zip]]
]]>
</system-out>
</testcase>
</testsuite>
<testsuite name="LocaleGeo/searchLocale.spec.ts" timestamp="2024-08-30T03:56:21.666Z" hostname="desktop-webkit" tests="1" failures="0" skipped="0" time="2.328" errors="0">
<testcase name="Locale translations › Translations with locale and time zone id" classname="LocaleGeo/searchLocale.spec.ts" time="2.328">
<properties>
<property name="Go To" value="Go to the page: &quot;https://www.google.com&quot;">
</property>
<property name="Assert" value="Search button text is equal to: &quot;Buscar con Google&quot;">
</property>
</properties>
<system-out>
<![CDATA[
[[ATTACHMENT|../test-results/LocaleGeo-searchLocale-Loc-34d05-ith-locale-and-time-zone-id-desktop-webkit/test-finished-1.png]]

[[ATTACHMENT|../test-results/LocaleGeo-searchLocale-Loc-34d05-ith-locale-and-time-zone-id-desktop-webkit/trace.zip]]
]]>
</system-out>
</testcase>
</testsuite>
<testsuite name="Synthetic/login.spec.ts" timestamp="2024-08-30T03:56:21.666Z" hostname="desktop-webkit" tests="1" failures="0" skipped="0" time="8.662" errors="0">
<testcase name="Synthetic login testing › Should show dashboard" classname="Synthetic/login.spec.ts" time="8.662">
<system-out>
<![CDATA[
[[ATTACHMENT|../test-results/Synthetic-login-Synthetic--650bd-sting-Should-show-dashboard-desktop-webkit/test-finished-1.png]]

[[ATTACHMENT|../test-results/Synthetic-login-Synthetic--650bd-sting-Should-show-dashboard-desktop-webkit/trace.zip]]
]]>
</system-out>
</testcase>
</testsuite>
<testsuite name="Synthetic/menu.spec.ts" timestamp="2024-08-30T03:56:21.666Z" hostname="desktop-webkit" tests="1" failures="0" skipped="0" time="8.596" errors="0">
<testcase name="Synthetic testing › Should show dashboard" classname="Synthetic/menu.spec.ts" time="8.596">
<properties>
<property name="Navigation" value="Go to:https://effizientedemo.azurewebsites.net">
</property>
</properties>
<system-out>
<![CDATA[
[[ATTACHMENT|../test-results/Synthetic-menu-Synthetic-testing-Should-show-dashboard-desktop-webkit/test-finished-1.png]]

[[ATTACHMENT|../test-results/Synthetic-menu-Synthetic-testing-Should-show-dashboard-desktop-webkit/test-finished-2.png]]

[[ATTACHMENT|../test-results/Synthetic-menu-Synthetic-testing-Should-show-dashboard-desktop-webkit/trace.zip]]
]]>
</system-out>
</testcase>
</testsuite>
<testsuite name="VisualTesting/dashboard.spec.ts" timestamp="2024-08-30T03:56:21.666Z" hostname="desktop-webkit" tests="1" failures="0" skipped="0" time="7.475" errors="0">
<testcase name="Check Dashboard › Should show dashboard" classname="VisualTesting/dashboard.spec.ts" time="7.475">
<properties>
<property name="Mock" value="Modify the summary with fixed data">
</property>
<property name="Mock" value="Modify the &quot;Sumary Expiration&quot; with fixed data">
</property>
<property name="Mock" value="Modify the &quot;Top 5 delay&quot; with fixed data">
</property>
<property name="Mock" value="Modify the &quot;Top 5 total&quot; with fixed data">
</property>
<property name="Mock" value="Modify the &quot;Top 5 type&quot; with fixed data">
</property>
<property name="Mock" value="Modify the &quot;Top 10 Limit 1&quot; with fixed data">
</property>
<property name="Mock" value="Modify the &quot;Top 10 Limit 2&quot; with fixed data">
</property>
<property name="Mock" value="Modify the &quot;Top 10 Limit 3&quot; with fixed data">
</property>
<property name="Mock" value="Modify the &quot;Top 10 To Expire&quot; with fixed data">
</property>
<property name="Go To" value="Go to the page: &quot;https://effizientedemo.azurewebsites.net/AccountsReceivable/dashboard&quot;">
</property>
<property name="Step" value="Compare snapshot: dashboard.png with maxDiffPixelsRatio: 0.1">
</property>
</properties>
<system-out>
<![CDATA[
[[ATTACHMENT|../test-results/VisualTesting-dashboard-Ch-994a2-board-Should-show-dashboard-desktop-webkit/test-finished-1.png]]

[[ATTACHMENT|../test-results/VisualTesting-dashboard-Ch-994a2-board-Should-show-dashboard-desktop-webkit/trace.zip]]
]]>
</system-out>
</testcase>
</testsuite>
</testsuites>