<testsuites id="" name="" tests="21" failures="0" skipped="0" errors="0" time="59.241205">
<testsuite name="SauceDemo/loginLambdaTestFixture.spec.ts" timestamp="2024-03-09T20:40:46.769Z" hostname="chrome:latest:MacOS Catalina@lambdatest" tests="1" failures="0" skipped="0" time="14.937" errors="0">
<testcase name="Login › Login with valid user load inventory page" classname="SauceDemo/loginLambdaTestFixture.spec.ts" time="14.937">
<properties>
<property name="Go To" value="Go to the page: &quot;https://www.saucedemo.com&quot;">
</property>
<property name="InputText" value="Fill: &quot;Username&quot; with value: &quot;standard_user&quot;">
</property>
<property name="InputPassword" value="Fill: &quot;Password with value: *****&quot;">
</property>
<property name="Button" value="Click: &quot;Login&quot;">
</property>
<property name="Assert" value="Check URL Page equal to: &quot;https://www.saucedemo.com/inventory.html&quot;">
</property>
</properties>
</testcase>
</testsuite>
<testsuite name="SauceDemo/loginLambdaTestFixture.spec.ts" timestamp="2024-03-09T20:40:46.769Z" hostname="pw-webkit:latest:MacOS Monterey@lambdatest" tests="1" failures="0" skipped="0" time="20.394" errors="0">
<testcase name="Login › Login with valid user load inventory page" classname="SauceDemo/loginLambdaTestFixture.spec.ts" time="20.394">
<properties>
<property name="Go To" value="Go to the page: &quot;https://www.saucedemo.com&quot;">
</property>
<property name="InputText" value="Fill: &quot;Username&quot; with value: &quot;standard_user&quot;">
</property>
<property name="InputPassword" value="Fill: &quot;Password with value: *****&quot;">
</property>
<property name="Button" value="Click: &quot;Login&quot;">
</property>
<property name="Assert" value="Check URL Page equal to: &quot;https://www.saucedemo.com/inventory.html&quot;">
</property>
</properties>
</testcase>
</testsuite>
<testsuite name="SauceDemo/loginLambdaTestFixture.spec.ts" timestamp="2024-03-09T20:40:46.769Z" hostname="chrome:latest:Windows 10@lambdatest" tests="1" failures="0" skipped="0" time="27.86" errors="0">
<testcase name="Login › Login with valid user load inventory page" classname="SauceDemo/loginLambdaTestFixture.spec.ts" time="27.86">
<properties>
<property name="Go To" value="Go to the page: &quot;https://www.saucedemo.com&quot;">
</property>
<property name="InputText" value="Fill: &quot;Username&quot; with value: &quot;standard_user&quot;">
</property>
<property name="InputPassword" value="Fill: &quot;Password with value: *****&quot;">
</property>
<property name="Button" value="Click: &quot;Login&quot;">
</property>
<property name="Assert" value="Check URL Page equal to: &quot;https://www.saucedemo.com/inventory.html&quot;">
</property>
</properties>
</testcase>
</testsuite>
<testsuite name="Effiziente/dashboard.spec.ts" timestamp="2024-03-09T20:40:46.769Z" hostname="chromium" tests="1" failures="0" skipped="0" time="3.237" errors="0">
<testcase name="Check Dashboard › Should show dashboard" classname="Effiziente/dashboard.spec.ts" time="3.237">
<properties>
<property name="Mock" value="Modify the summary with fixed data">
</property>
<property name="Mock" value="Modify the &quot;Sumary Expiration&quot; with fixed data">
</property>
<property name="Mock" value="Modify the &quot;Top 5 delay&quot; with fixed data">
</property>
<property name="Mock" value="Modify the &quot;Top 5 total&quot; with fixed data">
</property>
<property name="Mock" value="Modify the &quot;Top 5 type&quot; with fixed data">
</property>
<property name="Mock" value="Modify the &quot;Top 10 Limit 1&quot; with fixed data">
</property>
<property name="Mock" value="Modify the &quot;Top 10 Limit 2&quot; with fixed data">
</property>
<property name="Mock" value="Modify the &quot;Top 10 Limit 3&quot; with fixed data">
</property>
<property name="Mock" value="Modify the &quot;Top 10 To Expire&quot; with fixed data">
</property>
<property name="Go To" value="Go to the page: &quot;https://effizientedemo.azurewebsites.net/AccountsReceivable/dashboard&quot;">
</property>
<property name="Step" value="Compare snapshot: dashboard.png with maxDiffPixelsRatio: 0.1">
</property>
</properties>
</testcase>
</testsuite>
<testsuite name="Effiziente/menu.spec.ts" timestamp="2024-03-09T20:40:46.769Z" hostname="chromium" tests="2" failures="0" skipped="0" time="5.414" errors="0">
<testcase name="Normal user › Should returns user menu" classname="Effiziente/menu.spec.ts" time="2.646">
<properties>
<property name="Go To" value="Go to the page: &quot;https://effizientedemo.azurewebsites.net/AccountsReceivable/dashboard&quot;">
</property>
<property name="PirmeFacesMenu" value="Get top menus">
</property>
<property name="Assert" value="Menu is equal to: AccountsReceivable,Config">
</property>
</properties>
</testcase>
<testcase name="Admin user › Should returns admin menu" classname="Effiziente/menu.spec.ts" time="2.768">
<properties>
<property name="Go To" value="Go to the page: &quot;https://effizientedemo.azurewebsites.net/AccountsReceivable/dashboard&quot;">
</property>
<property name="PirmeFacesMenu" value="Get top menus">
</property>
<property name="Assert" value="Menu is equal to:AccountsReceivable,Security,Config">
</property>
</properties>
</testcase>
</testsuite>
<testsuite name="Google/searchLocale.spec.ts" timestamp="2024-03-09T20:40:46.769Z" hostname="chromium" tests="1" failures="0" skipped="0" time="1.013" errors="0">
<testcase name="Locale translations › Translations with locale and time zone id" classname="Google/searchLocale.spec.ts" time="1.013">
<properties>
<property name="Go To" value="Go to the page: &quot;https://www.google.com&quot;">
</property>
<property name="Assert" value="Search button text is equal to: &quot;Buscar con Google&quot;">
</property>
</properties>
</testcase>
</testsuite>
<testsuite name="SauceDemo/login.spec.ts" timestamp="2024-03-09T20:40:46.769Z" hostname="chromium" tests="1" failures="0" skipped="0" time="0.78" errors="0">
<testcase name="Login › Login with valid user load inventory page" classname="SauceDemo/login.spec.ts" time="0.78">
<properties>
<property name="Go To" value="Go to the page: &quot;https://www.saucedemo.com&quot;">
</property>
<property name="InputText" value="Fill: &quot;Username&quot; with value: &quot;standard_user&quot;">
</property>
<property name="InputPassword" value="Fill: &quot;Password with value: *****&quot;">
</property>
<property name="Button" value="Click: &quot;Login&quot;">
</property>
<property name="Assert" value="Check URL Page equal to: &quot;https://www.saucedemo.com/inventory.html&quot;">
</property>
</properties>
</testcase>
</testsuite>
<testsuite name="SauceDemo/loginLambdaTestFixture.spec.ts" timestamp="2024-03-09T20:40:46.769Z" hostname="chromium" tests="1" failures="0" skipped="0" time="0.657" errors="0">
<testcase name="Login › Login with valid user load inventory page" classname="SauceDemo/loginLambdaTestFixture.spec.ts" time="0.657">
<properties>
<property name="Go To" value="Go to the page: &quot;https://www.saucedemo.com&quot;">
</property>
<property name="InputText" value="Fill: &quot;Username&quot; with value: &quot;standard_user&quot;">
</property>
<property name="InputPassword" value="Fill: &quot;Password with value: *****&quot;">
</property>
<property name="Button" value="Click: &quot;Login&quot;">
</property>
<property name="Assert" value="Check URL Page equal to: &quot;https://www.saucedemo.com/inventory.html&quot;">
</property>
</properties>
</testcase>
</testsuite>
<testsuite name="Effiziente/dashboard.spec.ts" timestamp="2024-03-09T20:40:46.769Z" hostname="firefox" tests="1" failures="0" skipped="0" time="3.388" errors="0">
<testcase name="Check Dashboard › Should show dashboard" classname="Effiziente/dashboard.spec.ts" time="3.388">
<properties>
<property name="Mock" value="Modify the summary with fixed data">
</property>
<property name="Mock" value="Modify the &quot;Sumary Expiration&quot; with fixed data">
</property>
<property name="Mock" value="Modify the &quot;Top 5 delay&quot; with fixed data">
</property>
<property name="Mock" value="Modify the &quot;Top 5 total&quot; with fixed data">
</property>
<property name="Mock" value="Modify the &quot;Top 5 type&quot; with fixed data">
</property>
<property name="Mock" value="Modify the &quot;Top 10 Limit 1&quot; with fixed data">
</property>
<property name="Mock" value="Modify the &quot;Top 10 Limit 2&quot; with fixed data">
</property>
<property name="Mock" value="Modify the &quot;Top 10 Limit 3&quot; with fixed data">
</property>
<property name="Mock" value="Modify the &quot;Top 10 To Expire&quot; with fixed data">
</property>
<property name="Go To" value="Go to the page: &quot;https://effizientedemo.azurewebsites.net/AccountsReceivable/dashboard&quot;">
</property>
<property name="Step" value="Compare snapshot: dashboard.png with maxDiffPixelsRatio: 0.1">
</property>
</properties>
</testcase>
</testsuite>
<testsuite name="Effiziente/menu.spec.ts" timestamp="2024-03-09T20:40:46.769Z" hostname="firefox" tests="2" failures="0" skipped="0" time="5.916" errors="0">
<testcase name="Normal user › Should returns user menu" classname="Effiziente/menu.spec.ts" time="3.076">
<properties>
<property name="Go To" value="Go to the page: &quot;https://effizientedemo.azurewebsites.net/AccountsReceivable/dashboard&quot;">
</property>
<property name="PirmeFacesMenu" value="Get top menus">
</property>
<property name="Assert" value="Menu is equal to: AccountsReceivable,Config">
</property>
</properties>
</testcase>
<testcase name="Admin user › Should returns admin menu" classname="Effiziente/menu.spec.ts" time="2.84">
<properties>
<property name="Go To" value="Go to the page: &quot;https://effizientedemo.azurewebsites.net/AccountsReceivable/dashboard&quot;">
</property>
<property name="PirmeFacesMenu" value="Get top menus">
</property>
<property name="Assert" value="Menu is equal to:AccountsReceivable,Security,Config">
</property>
</properties>
</testcase>
</testsuite>
<testsuite name="Google/searchLocale.spec.ts" timestamp="2024-03-09T20:40:46.769Z" hostname="firefox" tests="1" failures="0" skipped="0" time="1.539" errors="0">
<testcase name="Locale translations › Translations with locale and time zone id" classname="Google/searchLocale.spec.ts" time="1.539">
<properties>
<property name="Go To" value="Go to the page: &quot;https://www.google.com&quot;">
</property>
<property name="Assert" value="Search button text is equal to: &quot;Buscar con Google&quot;">
</property>
</properties>
</testcase>
</testsuite>
<testsuite name="SauceDemo/login.spec.ts" timestamp="2024-03-09T20:40:46.769Z" hostname="firefox" tests="1" failures="0" skipped="0" time="2.306" errors="0">
<testcase name="Login › Login with valid user load inventory page" classname="SauceDemo/login.spec.ts" time="2.306">
<properties>
<property name="Go To" value="Go to the page: &quot;https://www.saucedemo.com&quot;">
</property>
<property name="InputText" value="Fill: &quot;Username&quot; with value: &quot;standard_user&quot;">
</property>
<property name="InputPassword" value="Fill: &quot;Password with value: *****&quot;">
</property>
<property name="Button" value="Click: &quot;Login&quot;">
</property>
<property name="Assert" value="Check URL Page equal to: &quot;https://www.saucedemo.com/inventory.html&quot;">
</property>
</properties>
</testcase>
</testsuite>
<testsuite name="SauceDemo/loginLambdaTestFixture.spec.ts" timestamp="2024-03-09T20:40:46.769Z" hostname="firefox" tests="1" failures="0" skipped="0" time="0.82" errors="0">
<testcase name="Login › Login with valid user load inventory page" classname="SauceDemo/loginLambdaTestFixture.spec.ts" time="0.82">
<properties>
<property name="Go To" value="Go to the page: &quot;https://www.saucedemo.com&quot;">
</property>
<property name="InputText" value="Fill: &quot;Username&quot; with value: &quot;standard_user&quot;">
</property>
<property name="InputPassword" value="Fill: &quot;Password with value: *****&quot;">
</property>
<property name="Button" value="Click: &quot;Login&quot;">
</property>
<property name="Assert" value="Check URL Page equal to: &quot;https://www.saucedemo.com/inventory.html&quot;">
</property>
</properties>
</testcase>
</testsuite>
<testsuite name="Effiziente/dashboard.spec.ts" timestamp="2024-03-09T20:40:46.769Z" hostname="webkit" tests="1" failures="0" skipped="0" time="7.194" errors="0">
<testcase name="Check Dashboard › Should show dashboard" classname="Effiziente/dashboard.spec.ts" time="7.194">
<properties>
<property name="Mock" value="Modify the summary with fixed data">
</property>
<property name="Mock" value="Modify the &quot;Sumary Expiration&quot; with fixed data">
</property>
<property name="Mock" value="Modify the &quot;Top 5 delay&quot; with fixed data">
</property>
<property name="Mock" value="Modify the &quot;Top 5 total&quot; with fixed data">
</property>
<property name="Mock" value="Modify the &quot;Top 5 type&quot; with fixed data">
</property>
<property name="Mock" value="Modify the &quot;Top 10 Limit 1&quot; with fixed data">
</property>
<property name="Mock" value="Modify the &quot;Top 10 Limit 2&quot; with fixed data">
</property>
<property name="Mock" value="Modify the &quot;Top 10 Limit 3&quot; with fixed data">
</property>
<property name="Mock" value="Modify the &quot;Top 10 To Expire&quot; with fixed data">
</property>
<property name="Go To" value="Go to the page: &quot;https://effizientedemo.azurewebsites.net/AccountsReceivable/dashboard&quot;">
</property>
<property name="Step" value="Compare snapshot: dashboard.png with maxDiffPixelsRatio: 0.1">
</property>
</properties>
</testcase>
</testsuite>
<testsuite name="Effiziente/menu.spec.ts" timestamp="2024-03-09T20:40:46.769Z" hostname="webkit" tests="2" failures="0" skipped="0" time="11.299" errors="0">
<testcase name="Normal user › Should returns user menu" classname="Effiziente/menu.spec.ts" time="5.223">
<properties>
<property name="Go To" value="Go to the page: &quot;https://effizientedemo.azurewebsites.net/AccountsReceivable/dashboard&quot;">
</property>
<property name="PirmeFacesMenu" value="Get top menus">
</property>
<property name="Assert" value="Menu is equal to: AccountsReceivable,Config">
</property>
</properties>
</testcase>
<testcase name="Admin user › Should returns admin menu" classname="Effiziente/menu.spec.ts" time="6.076">
<properties>
<property name="Go To" value="Go to the page: &quot;https://effizientedemo.azurewebsites.net/AccountsReceivable/dashboard&quot;">
</property>
<property name="PirmeFacesMenu" value="Get top menus">
</property>
<property name="Assert" value="Menu is equal to:AccountsReceivable,Security,Config">
</property>
</properties>
</testcase>
</testsuite>
<testsuite name="Google/searchLocale.spec.ts" timestamp="2024-03-09T20:40:46.769Z" hostname="webkit" tests="1" failures="0" skipped="0" time="1.835" errors="0">
<testcase name="Locale translations › Translations with locale and time zone id" classname="Google/searchLocale.spec.ts" time="1.835">
<properties>
<property name="Go To" value="Go to the page: &quot;https://www.google.com&quot;">
</property>
<property name="Assert" value="Search button text is equal to: &quot;Buscar con Google&quot;">
</property>
</properties>
</testcase>
</testsuite>
<testsuite name="SauceDemo/login.spec.ts" timestamp="2024-03-09T20:40:46.769Z" hostname="webkit" tests="1" failures="0" skipped="0" time="1.968" errors="0">
<testcase name="Login › Login with valid user load inventory page" classname="SauceDemo/login.spec.ts" time="1.968">
<properties>
<property name="Go To" value="Go to the page: &quot;https://www.saucedemo.com&quot;">
</property>
<property name="InputText" value="Fill: &quot;Username&quot; with value: &quot;standard_user&quot;">
</property>
<property name="InputPassword" value="Fill: &quot;Password with value: *****&quot;">
</property>
<property name="Button" value="Click: &quot;Login&quot;">
</property>
<property name="Assert" value="Check URL Page equal to: &quot;https://www.saucedemo.com/inventory.html&quot;">
</property>
</properties>
</testcase>
</testsuite>
<testsuite name="SauceDemo/loginLambdaTestFixture.spec.ts" timestamp="2024-03-09T20:40:46.769Z" hostname="webkit" tests="1" failures="0" skipped="0" time="0.928" errors="0">
<testcase name="Login › Login with valid user load inventory page" classname="SauceDemo/loginLambdaTestFixture.spec.ts" time="0.928">
<properties>
<property name="Go To" value="Go to the page: &quot;https://www.saucedemo.com&quot;">
</property>
<property name="InputText" value="Fill: &quot;Username&quot; with value: &quot;standard_user&quot;">
</property>
<property name="InputPassword" value="Fill: &quot;Password with value: *****&quot;">
</property>
<property name="Button" value="Click: &quot;Login&quot;">
</property>
<property name="Assert" value="Check URL Page equal to: &quot;https://www.saucedemo.com/inventory.html&quot;">
</property>
</properties>
</testcase>
</testsuite>
</testsuites>