<testsuites id="" name="" tests="33" failures="3" skipped="2" errors="0" time="222.83934900000003">
<testsuite name="SauceDemo/loginLambdaTestFixture.spec.ts" timestamp="2024-04-19T03:44:42.212Z" hostname="chrome:latest:MacOS Catalina@lambdatest" tests="1" failures="0" skipped="0" time="12.66" errors="0">
<testcase name="Login › Login with valid user load inventory page" classname="SauceDemo/loginLambdaTestFixture.spec.ts" time="12.66">
<properties>
<property name="Go To" value="Go to the page: &quot;https://www.saucedemo.com&quot;">
</property>
<property name="InputText" value="Fill: &quot;Username&quot; with value: &quot;standard_user&quot;">
</property>
<property name="InputPassword" value="Fill: &quot;Password with value: *****&quot;">
</property>
<property name="Button" value="Click: &quot;Login&quot;">
</property>
<property name="Assert" value="Check URL Page equal to: &quot;https://www.saucedemo.com/inventory.html&quot;">
</property>
</properties>
</testcase>
</testsuite>
<testsuite name="SauceDemo/loginLambdaTestFixture.spec.ts" timestamp="2024-04-19T03:44:42.212Z" hostname="pw-webkit:latest:MacOS Monterey@lambdatest" tests="1" failures="0" skipped="0" time="19.545" errors="0">
<testcase name="Login › Login with valid user load inventory page" classname="SauceDemo/loginLambdaTestFixture.spec.ts" time="19.545">
<properties>
<property name="Go To" value="Go to the page: &quot;https://www.saucedemo.com&quot;">
</property>
<property name="InputText" value="Fill: &quot;Username&quot; with value: &quot;standard_user&quot;">
</property>
<property name="InputPassword" value="Fill: &quot;Password with value: *****&quot;">
</property>
<property name="Button" value="Click: &quot;Login&quot;">
</property>
<property name="Assert" value="Check URL Page equal to: &quot;https://www.saucedemo.com/inventory.html&quot;">
</property>
</properties>
</testcase>
</testsuite>
<testsuite name="SauceDemo/loginLambdaTestFixture.spec.ts" timestamp="2024-04-19T03:44:42.212Z" hostname="chrome:latest:Windows 10@lambdatest" tests="1" failures="0" skipped="0" time="14.628" errors="0">
<testcase name="Login › Login with valid user load inventory page" classname="SauceDemo/loginLambdaTestFixture.spec.ts" time="14.628">
<properties>
<property name="Go To" value="Go to the page: &quot;https://www.saucedemo.com&quot;">
</property>
<property name="InputText" value="Fill: &quot;Username&quot; with value: &quot;standard_user&quot;">
</property>
<property name="InputPassword" value="Fill: &quot;Password with value: *****&quot;">
</property>
<property name="Button" value="Click: &quot;Login&quot;">
</property>
<property name="Assert" value="Check URL Page equal to: &quot;https://www.saucedemo.com/inventory.html&quot;">
</property>
</properties>
</testcase>
</testsuite>
<testsuite name="Effiziente/dashboard.spec.ts" timestamp="2024-04-19T03:44:42.212Z" hostname="chromium" tests="1" failures="0" skipped="0" time="2.37" errors="0">
<testcase name="Check Dashboard › Should show dashboard" classname="Effiziente/dashboard.spec.ts" time="2.37">
<properties>
<property name="Mock" value="Modify the summary with fixed data">
</property>
<property name="Mock" value="Modify the &quot;Sumary Expiration&quot; with fixed data">
</property>
<property name="Mock" value="Modify the &quot;Top 5 delay&quot; with fixed data">
</property>
<property name="Mock" value="Modify the &quot;Top 5 total&quot; with fixed data">
</property>
<property name="Mock" value="Modify the &quot;Top 5 type&quot; with fixed data">
</property>
<property name="Mock" value="Modify the &quot;Top 10 Limit 1&quot; with fixed data">
</property>
<property name="Mock" value="Modify the &quot;Top 10 Limit 2&quot; with fixed data">
</property>
<property name="Mock" value="Modify the &quot;Top 10 Limit 3&quot; with fixed data">
</property>
<property name="Mock" value="Modify the &quot;Top 10 To Expire&quot; with fixed data">
</property>
<property name="Go To" value="Go to the page: &quot;https://effizientedemo.azurewebsites.net/AccountsReceivable/dashboard&quot;">
</property>
<property name="Step" value="Compare snapshot: dashboard.png with maxDiffPixelsRatio: 0.1">
</property>
</properties>
</testcase>
</testsuite>
<testsuite name="Effiziente/menu.spec.ts" timestamp="2024-04-19T03:44:42.212Z" hostname="chromium" tests="2" failures="0" skipped="0" time="4.811" errors="0">
<testcase name="Normal user › Should returns user menu" classname="Effiziente/menu.spec.ts" time="2.569">
<properties>
<property name="Go To" value="Go to the page: &quot;https://effizientedemo.azurewebsites.net/AccountsReceivable/dashboard&quot;">
</property>
<property name="PirmeFacesMenu" value="Get top menus">
</property>
<property name="Assert" value="Menu is equal to: AccountsReceivable,Config">
</property>
</properties>
</testcase>
<testcase name="Admin user › Should returns admin menu" classname="Effiziente/menu.spec.ts" time="2.242">
<properties>
<property name="Go To" value="Go to the page: &quot;https://effizientedemo.azurewebsites.net/AccountsReceivable/dashboard&quot;">
</property>
<property name="PirmeFacesMenu" value="Get top menus">
</property>
<property name="Assert" value="Menu is equal to:AccountsReceivable,Security,Config">
</property>
</properties>
</testcase>
</testsuite>
<testsuite name="Effiziente/servers.spec.ts" timestamp="2024-04-19T03:44:42.212Z" hostname="chromium" tests="1" failures="0" skipped="0" time="2.723" errors="0">
<testcase name="Servers › Should add a server" classname="Effiziente/servers.spec.ts" time="2.723">
<properties>
<property name="Go To" value="Go to the page: &quot;https://effizientedemo.azurewebsites.net/Security/servers&quot;">
</property>
<property name="Button" value="Click: &quot;Add&quot;">
</property>
<property name="InputText" value="Fill: &quot;&quot; with value: &quot;24&quot;">
</property>
<property name="InputText" value="Fill: &quot;&quot; with value: &quot;McGlynn and Sons&quot;">
</property>
<property name="InputText" value="Fill: &quot;&quot; with value: &quot;https://shimmering-website.org&quot;">
</property>
<property name="Button" value="Click: &quot;Save&quot;">
</property>
<property name="Assert" value="Server id should be a number greater than 1">
</property>
<property name="Assert" value="Row with the key: 24 exists">
</property>
</properties>
</testcase>
</testsuite>
<testsuite name="Effiziente/Synthetic/login.spec.ts" timestamp="2024-04-19T03:44:42.212Z" hostname="chromium" tests="1" failures="0" skipped="0" time="4.477" errors="0">
<testcase name="Synthetic login testing › Should show dashboard" classname="Effiziente/Synthetic/login.spec.ts" time="4.477">
</testcase>
</testsuite>
<testsuite name="Effiziente/Synthetic/menu.spec.ts" timestamp="2024-04-19T03:44:42.212Z" hostname="chromium" tests="1" failures="0" skipped="0" time="4.682" errors="0">
<testcase name="Synthetic testing › Should show dashboard" classname="Effiziente/Synthetic/menu.spec.ts" time="4.682">
<properties>
<property name="Navigation" value="Go to:https://effizientedemo.azurewebsites.net">
</property>
</properties>
</testcase>
</testsuite>
<testsuite name="Effiziente/ZeroStep/login.spec.ts" timestamp="2024-04-19T03:44:42.212Z" hostname="chromium" tests="1" failures="0" skipped="0" time="6.631" errors="0">
<testcase name="AI Zero Step › Should show dashboard after login" classname="Effiziente/ZeroStep/login.spec.ts" time="6.631">
</testcase>
</testsuite>
<testsuite name="Google/searchLocale.spec.ts" timestamp="2024-04-19T03:44:42.212Z" hostname="chromium" tests="1" failures="0" skipped="0" time="1.112" errors="0">
<testcase name="Locale translations › Translations with locale and time zone id" classname="Google/searchLocale.spec.ts" time="1.112">
<properties>
<property name="Go To" value="Go to the page: &quot;https://www.google.com&quot;">
</property>
<property name="Assert" value="Search button text is equal to: &quot;Buscar con Google&quot;">
</property>
</properties>
</testcase>
</testsuite>
<testsuite name="SauceDemo/login.spec.ts" timestamp="2024-04-19T03:44:42.212Z" hostname="chromium" tests="1" failures="0" skipped="0" time="0.875" errors="0">
<testcase name="Login › Login with valid user load inventory page" classname="SauceDemo/login.spec.ts" time="0.875">
<properties>
<property name="Go To" value="Go to the page: &quot;https://www.saucedemo.com&quot;">
</property>
<property name="InputText" value="Fill: &quot;Username&quot; with value: &quot;standard_user&quot;">
</property>
<property name="InputPassword" value="Fill: &quot;Password with value: *****&quot;">
</property>
<property name="Button" value="Click: &quot;Login&quot;">
</property>
<property name="Assert" value="Check URL Page equal to: &quot;https://www.saucedemo.com/inventory.html&quot;">
</property>
</properties>
</testcase>
</testsuite>
<testsuite name="SauceDemo/loginLambdaTestFixture.spec.ts" timestamp="2024-04-19T03:44:42.212Z" hostname="chromium" tests="1" failures="0" skipped="0" time="0.821" errors="0">
<testcase name="Login › Login with valid user load inventory page" classname="SauceDemo/loginLambdaTestFixture.spec.ts" time="0.821">
<properties>
<property name="Go To" value="Go to the page: &quot;https://www.saucedemo.com&quot;">
</property>
<property name="InputText" value="Fill: &quot;Username&quot; with value: &quot;standard_user&quot;">
</property>
<property name="InputPassword" value="Fill: &quot;Password with value: *****&quot;">
</property>
<property name="Button" value="Click: &quot;Login&quot;">
</property>
<property name="Assert" value="Check URL Page equal to: &quot;https://www.saucedemo.com/inventory.html&quot;">
</property>
</properties>
</testcase>
</testsuite>
<testsuite name="Effiziente/dashboard.spec.ts" timestamp="2024-04-19T03:44:42.212Z" hostname="firefox" tests="1" failures="0" skipped="0" time="11.135" errors="0">
<testcase name="Check Dashboard › Should show dashboard" classname="Effiziente/dashboard.spec.ts" time="11.135">
<properties>
<property name="Mock" value="Modify the summary with fixed data">
</property>
<property name="Mock" value="Modify the &quot;Sumary Expiration&quot; with fixed data">
</property>
<property name="Mock" value="Modify the &quot;Top 5 delay&quot; with fixed data">
</property>
<property name="Mock" value="Modify the &quot;Top 5 total&quot; with fixed data">
</property>
<property name="Mock" value="Modify the &quot;Top 5 type&quot; with fixed data">
</property>
<property name="Mock" value="Modify the &quot;Top 10 Limit 1&quot; with fixed data">
</property>
<property name="Mock" value="Modify the &quot;Top 10 Limit 2&quot; with fixed data">
</property>
<property name="Mock" value="Modify the &quot;Top 10 Limit 3&quot; with fixed data">
</property>
<property name="Mock" value="Modify the &quot;Top 10 To Expire&quot; with fixed data">
</property>
<property name="Go To" value="Go to the page: &quot;https://effizientedemo.azurewebsites.net/AccountsReceivable/dashboard&quot;">
</property>
<property name="Step" value="Compare snapshot: dashboard.png with maxDiffPixelsRatio: 0.1">
</property>
</properties>
</testcase>
</testsuite>
<testsuite name="Effiziente/menu.spec.ts" timestamp="2024-04-19T03:44:42.212Z" hostname="firefox" tests="2" failures="0" skipped="0" time="31.012" errors="0">
<testcase name="Normal user › Should returns user menu" classname="Effiziente/menu.spec.ts" time="13.237">
<properties>
<property name="Go To" value="Go to the page: &quot;https://effizientedemo.azurewebsites.net/AccountsReceivable/dashboard&quot;">
</property>
<property name="PirmeFacesMenu" value="Get top menus">
</property>
<property name="Assert" value="Menu is equal to: AccountsReceivable,Config">
</property>
</properties>
</testcase>
<testcase name="Admin user › Should returns admin menu" classname="Effiziente/menu.spec.ts" time="17.775">
<properties>
<property name="Go To" value="Go to the page: &quot;https://effizientedemo.azurewebsites.net/AccountsReceivable/dashboard&quot;">
</property>
<property name="PirmeFacesMenu" value="Get top menus">
</property>
<property name="Assert" value="Menu is equal to:AccountsReceivable,Security,Config">
</property>
</properties>
</testcase>
</testsuite>
<testsuite name="Effiziente/servers.spec.ts" timestamp="2024-04-19T03:44:42.212Z" hostname="firefox" tests="1" failures="1" skipped="0" time="53.669" errors="0">
<testcase name="Servers › Should add a server" classname="Effiziente/servers.spec.ts" time="53.669">
<properties>
<property name="Go To" value="Go to the page: &quot;https://effizientedemo.azurewebsites.net/Security/servers&quot;">
</property>
<property name="Button" value="Click: &quot;Add&quot;">
</property>
<property name="InputText" value="Fill: &quot;&quot; with value: &quot;92&quot;">
</property>
<property name="InputText" value="Fill: &quot;&quot; with value: &quot;Jakubowski Group&quot;">
</property>
<property name="InputText" value="Fill: &quot;&quot; with value: &quot;https://keen-cry.info&quot;">
</property>
<property name="Button" value="Click: &quot;Save&quot;">
</property>
<property name="Assert" value="Server id should be a number greater than 1">
</property>
</properties>
<failure message="servers.spec.ts:11:9 Should add a server" type="FAILURE">
<![CDATA[  [firefox] › Effiziente/servers.spec.ts:11:9 › Servers › Should add a server ──────────────────────

    TimeoutError: page.waitForResponse: Timeout 10000ms exceeded while waiting for event "response"

       at ../utils/ApiHelper.ts:32

      30 |      */
      31 |     waitForResponse(apiUrl: string, statusCode = 200, method: 'POST' | 'GET' | 'PUT' | 'DELETE' = 'GET') {
    > 32 |         const responsePromise = this.page.waitForResponse(response => response.url().includes(apiUrl) && response.request().method() == method
         |                                           ^
      33 |             && response.status() == statusCode);
      34 |         return responsePromise;
      35 |     }

        at ApiHelper.waitForResponse (/home/runner/work/PlaywrightFramework/PlaywrightFramework/utils/ApiHelper.ts:32:43)
        at ServerApi.waitForGetServers (/home/runner/work/PlaywrightFramework/PlaywrightFramework/api/Effiziente/Server.api.ts:26:31)
        at /home/runner/work/PlaywrightFramework/PlaywrightFramework/pages/Effiziente/addServerPage.ts:29:55
        at AddServerPage.saveClick (/home/runner/work/PlaywrightFramework/PlaywrightFramework/pages/Effiziente/addServerPage.ts:27:27)
        at /home/runner/work/PlaywrightFramework/PlaywrightFramework/tests/Effiziente/servers.spec.ts:22:34

    attachment #1: screenshot (image/png) ──────────────────────────────────────────────────────────
    test-results/Effiziente-servers-Servers-Should-add-a-server-firefox/test-failed-1.png
    ────────────────────────────────────────────────────────────────────────────────────────────────

    attachment #2: video (video/webm) ──────────────────────────────────────────────────────────────
    test-results/Effiziente-servers-Servers-Should-add-a-server-firefox/video.webm
    ────────────────────────────────────────────────────────────────────────────────────────────────

    attachment #3: trace (application/zip) ─────────────────────────────────────────────────────────
    test-results/Effiziente-servers-Servers-Should-add-a-server-firefox/trace.zip
    Usage:

        npx playwright show-trace test-results/Effiziente-servers-Servers-Should-add-a-server-firefox/trace.zip

    ────────────────────────────────────────────────────────────────────────────────────────────────

    Retry #1 ───────────────────────────────────────────────────────────────────────────────────────

    Error: The total rows for server is greater than 1

    expect(received).toBeGreaterThan(expected)

    Expected: > 1
    Received:   0

      26 |         const totalRows = await serversPage.table.getTotalRows();
      27 |         assertDescription = 'The total rows for server is greater than 1';
    > 28 |         expect(totalRows, assertDescription).toBeGreaterThan(1);
         |                                              ^
      29 |         const row = await serversPage.table.getRowBykey(key);
      30 |         assertDescription = `Row with the key: ${key} exists`;
      31 |         addServerPage.addAnnotation(AnnotationType.Assert, assertDescription);

        at /home/runner/work/PlaywrightFramework/PlaywrightFramework/tests/Effiziente/servers.spec.ts:28:46

    attachment #1: screenshot (image/png) ──────────────────────────────────────────────────────────
    test-results/Effiziente-servers-Servers-Should-add-a-server-firefox-retry1/test-failed-1.png
    ────────────────────────────────────────────────────────────────────────────────────────────────

    attachment #2: video (video/webm) ──────────────────────────────────────────────────────────────
    test-results/Effiziente-servers-Servers-Should-add-a-server-firefox-retry1/video.webm
    ────────────────────────────────────────────────────────────────────────────────────────────────

    attachment #3: trace (application/zip) ─────────────────────────────────────────────────────────
    test-results/Effiziente-servers-Servers-Should-add-a-server-firefox-retry1/trace.zip
    Usage:

        npx playwright show-trace test-results/Effiziente-servers-Servers-Should-add-a-server-firefox-retry1/trace.zip

    ────────────────────────────────────────────────────────────────────────────────────────────────
]]>
</failure>
<system-out>
<![CDATA[
[[ATTACHMENT|../test-results/Effiziente-servers-Servers-Should-add-a-server-firefox/test-failed-1.png]]

[[ATTACHMENT|../test-results/Effiziente-servers-Servers-Should-add-a-server-firefox/video.webm]]

[[ATTACHMENT|../test-results/Effiziente-servers-Servers-Should-add-a-server-firefox/trace.zip]]

[[ATTACHMENT|../test-results/Effiziente-servers-Servers-Should-add-a-server-firefox-retry1/test-failed-1.png]]

[[ATTACHMENT|../test-results/Effiziente-servers-Servers-Should-add-a-server-firefox-retry1/video.webm]]

[[ATTACHMENT|../test-results/Effiziente-servers-Servers-Should-add-a-server-firefox-retry1/trace.zip]]
]]>
</system-out>
</testcase>
</testsuite>
<testsuite name="Effiziente/Synthetic/login.spec.ts" timestamp="2024-04-19T03:44:42.212Z" hostname="firefox" tests="1" failures="1" skipped="0" time="54.634" errors="0">
<testcase name="Synthetic login testing › Should show dashboard" classname="Effiziente/Synthetic/login.spec.ts" time="54.634">
<failure message="login.spec.ts:6:9 Should show dashboard" type="FAILURE">
<![CDATA[  [firefox] › Effiziente/Synthetic/login.spec.ts:6:9 › Synthetic login testing › Should show dashboard 

    TimeoutError: locator.click: Timeout 25000ms exceeded.
    Call log:
      - waiting for locator('app-card-pie').getByRole('img')


      10 |         await page.getByPlaceholder('Password').fill('Demo');
      11 |         await page.getByRole('button', { name: 'Login' }).click();
    > 12 |         await page.locator('app-card-pie').getByRole('img').click({ timeout: 25_000 });
         |                                                             ^
      13 |
      14 |     });
      15 |

        at /home/runner/work/PlaywrightFramework/PlaywrightFramework/tests/Effiziente/Synthetic/login.spec.ts:12:61

    attachment #1: screenshot (image/png) ──────────────────────────────────────────────────────────
    test-results/Effiziente-Synthetic-login-649ce-sting-Should-show-dashboard-firefox/test-failed-1.png
    ────────────────────────────────────────────────────────────────────────────────────────────────

    attachment #2: video (video/webm) ──────────────────────────────────────────────────────────────
    test-results/Effiziente-Synthetic-login-649ce-sting-Should-show-dashboard-firefox/video.webm
    ────────────────────────────────────────────────────────────────────────────────────────────────

    attachment #3: trace (application/zip) ─────────────────────────────────────────────────────────
    test-results/Effiziente-Synthetic-login-649ce-sting-Should-show-dashboard-firefox/trace.zip
    Usage:

        npx playwright show-trace test-results/Effiziente-Synthetic-login-649ce-sting-Should-show-dashboard-firefox/trace.zip

    ────────────────────────────────────────────────────────────────────────────────────────────────

    Retry #1 ───────────────────────────────────────────────────────────────────────────────────────

    TimeoutError: locator.click: Timeout 25000ms exceeded.
    Call log:
      - waiting for locator('app-card-pie').getByRole('img')


      10 |         await page.getByPlaceholder('Password').fill('Demo');
      11 |         await page.getByRole('button', { name: 'Login' }).click();
    > 12 |         await page.locator('app-card-pie').getByRole('img').click({ timeout: 25_000 });
         |                                                             ^
      13 |
      14 |     });
      15 |

        at /home/runner/work/PlaywrightFramework/PlaywrightFramework/tests/Effiziente/Synthetic/login.spec.ts:12:61

    attachment #1: screenshot (image/png) ──────────────────────────────────────────────────────────
    test-results/Effiziente-Synthetic-login-649ce-sting-Should-show-dashboard-firefox-retry1/test-failed-1.png
    ────────────────────────────────────────────────────────────────────────────────────────────────

    attachment #2: video (video/webm) ──────────────────────────────────────────────────────────────
    test-results/Effiziente-Synthetic-login-649ce-sting-Should-show-dashboard-firefox-retry1/video.webm
    ────────────────────────────────────────────────────────────────────────────────────────────────

    attachment #3: trace (application/zip) ─────────────────────────────────────────────────────────
    test-results/Effiziente-Synthetic-login-649ce-sting-Should-show-dashboard-firefox-retry1/trace.zip
    Usage:

        npx playwright show-trace test-results/Effiziente-Synthetic-login-649ce-sting-Should-show-dashboard-firefox-retry1/trace.zip

    ────────────────────────────────────────────────────────────────────────────────────────────────
]]>
</failure>
<system-out>
<![CDATA[
[[ATTACHMENT|../test-results/Effiziente-Synthetic-login-649ce-sting-Should-show-dashboard-firefox/test-failed-1.png]]

[[ATTACHMENT|../test-results/Effiziente-Synthetic-login-649ce-sting-Should-show-dashboard-firefox/video.webm]]

[[ATTACHMENT|../test-results/Effiziente-Synthetic-login-649ce-sting-Should-show-dashboard-firefox/trace.zip]]

[[ATTACHMENT|../test-results/Effiziente-Synthetic-login-649ce-sting-Should-show-dashboard-firefox-retry1/test-failed-1.png]]

[[ATTACHMENT|../test-results/Effiziente-Synthetic-login-649ce-sting-Should-show-dashboard-firefox-retry1/video.webm]]

[[ATTACHMENT|../test-results/Effiziente-Synthetic-login-649ce-sting-Should-show-dashboard-firefox-retry1/trace.zip]]
]]>
</system-out>
</testcase>
</testsuite>
<testsuite name="Effiziente/Synthetic/menu.spec.ts" timestamp="2024-04-19T03:44:42.212Z" hostname="firefox" tests="1" failures="0" skipped="0" time="58.188" errors="0">
<testcase name="Synthetic testing › Should show dashboard" classname="Effiziente/Synthetic/menu.spec.ts" time="58.188">
<properties>
<property name="Navigation" value="Go to:https://effizientedemo.azurewebsites.net">
</property>
</properties>
<system-out>
<![CDATA[
[[ATTACHMENT|../test-results/Effiziente-Synthetic-menu--f2323-sting-Should-show-dashboard-firefox/test-failed-1.png]]

[[ATTACHMENT|../test-results/Effiziente-Synthetic-menu--f2323-sting-Should-show-dashboard-firefox/video.webm]]

[[ATTACHMENT|../test-results/Effiziente-Synthetic-menu--f2323-sting-Should-show-dashboard-firefox/trace.zip]]
]]>
</system-out>
</testcase>
</testsuite>
<testsuite name="Effiziente/ZeroStep/login.spec.ts" timestamp="2024-04-19T03:44:42.212Z" hostname="firefox" tests="1" failures="0" skipped="1" time="0.899" errors="0">
<testcase name="AI Zero Step › Should show dashboard after login" classname="Effiziente/ZeroStep/login.spec.ts" time="0.899">
<properties>
<property name="skip" value="Zero Steps only works in chromium">
</property>
</properties>
<skipped>
</skipped>
</testcase>
</testsuite>
<testsuite name="Google/searchLocale.spec.ts" timestamp="2024-04-19T03:44:42.212Z" hostname="firefox" tests="1" failures="0" skipped="0" time="1.424" errors="0">
<testcase name="Locale translations › Translations with locale and time zone id" classname="Google/searchLocale.spec.ts" time="1.424">
<properties>
<property name="Go To" value="Go to the page: &quot;https://www.google.com&quot;">
</property>
<property name="Assert" value="Search button text is equal to: &quot;Buscar con Google&quot;">
</property>
</properties>
</testcase>
</testsuite>
<testsuite name="SauceDemo/login.spec.ts" timestamp="2024-04-19T03:44:42.212Z" hostname="firefox" tests="1" failures="0" skipped="0" time="1.003" errors="0">
<testcase name="Login › Login with valid user load inventory page" classname="SauceDemo/login.spec.ts" time="1.003">
<properties>
<property name="Go To" value="Go to the page: &quot;https://www.saucedemo.com&quot;">
</property>
<property name="InputText" value="Fill: &quot;Username&quot; with value: &quot;standard_user&quot;">
</property>
<property name="InputPassword" value="Fill: &quot;Password with value: *****&quot;">
</property>
<property name="Button" value="Click: &quot;Login&quot;">
</property>
<property name="Assert" value="Check URL Page equal to: &quot;https://www.saucedemo.com/inventory.html&quot;">
</property>
</properties>
</testcase>
</testsuite>
<testsuite name="SauceDemo/loginLambdaTestFixture.spec.ts" timestamp="2024-04-19T03:44:42.212Z" hostname="firefox" tests="1" failures="0" skipped="0" time="0.654" errors="0">
<testcase name="Login › Login with valid user load inventory page" classname="SauceDemo/loginLambdaTestFixture.spec.ts" time="0.654">
<properties>
<property name="Go To" value="Go to the page: &quot;https://www.saucedemo.com&quot;">
</property>
<property name="InputText" value="Fill: &quot;Username&quot; with value: &quot;standard_user&quot;">
</property>
<property name="InputPassword" value="Fill: &quot;Password with value: *****&quot;">
</property>
<property name="Button" value="Click: &quot;Login&quot;">
</property>
<property name="Assert" value="Check URL Page equal to: &quot;https://www.saucedemo.com/inventory.html&quot;">
</property>
</properties>
</testcase>
</testsuite>
<testsuite name="Effiziente/dashboard.spec.ts" timestamp="2024-04-19T03:44:42.212Z" hostname="webkit" tests="1" failures="0" skipped="0" time="5.033" errors="0">
<testcase name="Check Dashboard › Should show dashboard" classname="Effiziente/dashboard.spec.ts" time="5.033">
<properties>
<property name="Mock" value="Modify the summary with fixed data">
</property>
<property name="Mock" value="Modify the &quot;Sumary Expiration&quot; with fixed data">
</property>
<property name="Mock" value="Modify the &quot;Top 5 delay&quot; with fixed data">
</property>
<property name="Mock" value="Modify the &quot;Top 5 total&quot; with fixed data">
</property>
<property name="Mock" value="Modify the &quot;Top 5 type&quot; with fixed data">
</property>
<property name="Mock" value="Modify the &quot;Top 10 Limit 1&quot; with fixed data">
</property>
<property name="Mock" value="Modify the &quot;Top 10 Limit 2&quot; with fixed data">
</property>
<property name="Mock" value="Modify the &quot;Top 10 Limit 3&quot; with fixed data">
</property>
<property name="Mock" value="Modify the &quot;Top 10 To Expire&quot; with fixed data">
</property>
<property name="Go To" value="Go to the page: &quot;https://effizientedemo.azurewebsites.net/AccountsReceivable/dashboard&quot;">
</property>
<property name="Step" value="Compare snapshot: dashboard.png with maxDiffPixelsRatio: 0.1">
</property>
</properties>
</testcase>
</testsuite>
<testsuite name="Effiziente/menu.spec.ts" timestamp="2024-04-19T03:44:42.212Z" hostname="webkit" tests="2" failures="0" skipped="0" time="36.667" errors="0">
<testcase name="Normal user › Should returns user menu" classname="Effiziente/menu.spec.ts" time="13.855">
<properties>
<property name="Go To" value="Go to the page: &quot;https://effizientedemo.azurewebsites.net/AccountsReceivable/dashboard&quot;">
</property>
<property name="PirmeFacesMenu" value="Get top menus">
</property>
<property name="Assert" value="Menu is equal to: AccountsReceivable,Config">
</property>
</properties>
</testcase>
<testcase name="Admin user › Should returns admin menu" classname="Effiziente/menu.spec.ts" time="22.812">
<properties>
<property name="Go To" value="Go to the page: &quot;https://effizientedemo.azurewebsites.net/AccountsReceivable/dashboard&quot;">
</property>
<property name="PirmeFacesMenu" value="Get top menus">
</property>
<property name="Assert" value="Menu is equal to:AccountsReceivable,Security,Config">
</property>
</properties>
</testcase>
</testsuite>
<testsuite name="Effiziente/servers.spec.ts" timestamp="2024-04-19T03:44:42.212Z" hostname="webkit" tests="1" failures="1" skipped="0" time="43.117" errors="0">
<testcase name="Servers › Should add a server" classname="Effiziente/servers.spec.ts" time="43.117">
<properties>
<property name="Go To" value="Go to the page: &quot;https://effizientedemo.azurewebsites.net/Security/servers&quot;">
</property>
<property name="Button" value="Click: &quot;Add&quot;">
</property>
<property name="InputText" value="Fill: &quot;&quot; with value: &quot;66&quot;">
</property>
<property name="InputText" value="Fill: &quot;&quot; with value: &quot;Turcotte, Langworth and Gislason&quot;">
</property>
<property name="InputText" value="Fill: &quot;&quot; with value: &quot;https://mortified-luggage.org&quot;">
</property>
<property name="Button" value="Click: &quot;Save&quot;">
</property>
<property name="Assert" value="Server id should be a number greater than 1">
</property>
</properties>
<failure message="servers.spec.ts:11:9 Should add a server" type="FAILURE">
<![CDATA[  [webkit] › Effiziente/servers.spec.ts:11:9 › Servers › Should add a server ───────────────────────

    TimeoutError: locator.getAttribute: Timeout 10000ms exceeded.
    Call log:
      - waiting for locator('[name="key"]')


       at ../components/BaseComponent.ts:99

       97 |         return await this.addStep('Get label', async () => {
       98 |             if (!this.label) {
    >  99 |                 const placeHolderElement = await this.locator.getAttribute('placeholder');
          |                                                               ^
      100 |                 this.label = placeHolderElement ? placeHolderElement! : '';
      101 |             }
      102 |             return this.label;

        at /home/runner/work/PlaywrightFramework/PlaywrightFramework/components/BaseComponent.ts:99:63
        at InputText.addStep (/home/runner/work/PlaywrightFramework/PlaywrightFramework/components/BaseComponent.ts:50:31)
        at InputText.getLabel (/home/runner/work/PlaywrightFramework/PlaywrightFramework/components/BaseComponent.ts:97:27)
        at InputText.fill (/home/runner/work/PlaywrightFramework/PlaywrightFramework/components/InputText.ts:30:33)
        at /home/runner/work/PlaywrightFramework/PlaywrightFramework/tests/Effiziente/servers.spec.ts:19:33

    attachment #1: screenshot (image/png) ──────────────────────────────────────────────────────────
    test-results/Effiziente-servers-Servers-Should-add-a-server-webkit/test-failed-1.png
    ────────────────────────────────────────────────────────────────────────────────────────────────

    attachment #2: video (video/webm) ──────────────────────────────────────────────────────────────
    test-results/Effiziente-servers-Servers-Should-add-a-server-webkit/video.webm
    ────────────────────────────────────────────────────────────────────────────────────────────────

    attachment #3: trace (application/zip) ─────────────────────────────────────────────────────────
    test-results/Effiziente-servers-Servers-Should-add-a-server-webkit/trace.zip
    Usage:

        npx playwright show-trace test-results/Effiziente-servers-Servers-Should-add-a-server-webkit/trace.zip

    ────────────────────────────────────────────────────────────────────────────────────────────────

    Retry #1 ───────────────────────────────────────────────────────────────────────────────────────

    TimeoutError: locator.innerText: Timeout 10000ms exceeded.
    Call log:
      - waiting for locator('tbody > tr').nth(5).locator('td').last()


       at ../components/TableComponent.ts:55

      53 |         for (let i = 0; i < totalRows; i++) {
      54 |             const row = this.page.locator('tbody > tr').nth(i);
    > 55 |             const columnValue = await row.locator('td').nth(index).innerText();
         |                                                                    ^
      56 |             if (columnValue == value)
      57 |                 return row;
      58 |         }

        at Table.getRowByColumnIndex (/home/runner/work/PlaywrightFramework/PlaywrightFramework/components/TableComponent.ts:55:68)
        at Table.getRowBykey (/home/runner/work/PlaywrightFramework/PlaywrightFramework/components/TableComponent.ts:78:21)
        at /home/runner/work/PlaywrightFramework/PlaywrightFramework/tests/Effiziente/servers.spec.ts:29:21

    attachment #1: screenshot (image/png) ──────────────────────────────────────────────────────────
    test-results/Effiziente-servers-Servers-Should-add-a-server-webkit-retry1/test-failed-1.png
    ────────────────────────────────────────────────────────────────────────────────────────────────

    attachment #2: video (video/webm) ──────────────────────────────────────────────────────────────
    test-results/Effiziente-servers-Servers-Should-add-a-server-webkit-retry1/video.webm
    ────────────────────────────────────────────────────────────────────────────────────────────────

    attachment #3: trace (application/zip) ─────────────────────────────────────────────────────────
    test-results/Effiziente-servers-Servers-Should-add-a-server-webkit-retry1/trace.zip
    Usage:

        npx playwright show-trace test-results/Effiziente-servers-Servers-Should-add-a-server-webkit-retry1/trace.zip

    ────────────────────────────────────────────────────────────────────────────────────────────────
]]>
</failure>
<system-out>
<![CDATA[
[[ATTACHMENT|../test-results/Effiziente-servers-Servers-Should-add-a-server-webkit/test-failed-1.png]]

[[ATTACHMENT|../test-results/Effiziente-servers-Servers-Should-add-a-server-webkit/video.webm]]

[[ATTACHMENT|../test-results/Effiziente-servers-Servers-Should-add-a-server-webkit/trace.zip]]

[[ATTACHMENT|../test-results/Effiziente-servers-Servers-Should-add-a-server-webkit-retry1/test-failed-1.png]]

[[ATTACHMENT|../test-results/Effiziente-servers-Servers-Should-add-a-server-webkit-retry1/video.webm]]

[[ATTACHMENT|../test-results/Effiziente-servers-Servers-Should-add-a-server-webkit-retry1/trace.zip]]
]]>
</system-out>
</testcase>
</testsuite>
<testsuite name="Effiziente/Synthetic/login.spec.ts" timestamp="2024-04-19T03:44:42.212Z" hostname="webkit" tests="1" failures="0" skipped="0" time="23.865" errors="0">
<testcase name="Synthetic login testing › Should show dashboard" classname="Effiziente/Synthetic/login.spec.ts" time="23.865">
</testcase>
</testsuite>
<testsuite name="Effiziente/Synthetic/menu.spec.ts" timestamp="2024-04-19T03:44:42.212Z" hostname="webkit" tests="1" failures="0" skipped="0" time="11.968" errors="0">
<testcase name="Synthetic testing › Should show dashboard" classname="Effiziente/Synthetic/menu.spec.ts" time="11.968">
<properties>
<property name="Navigation" value="Go to:https://effizientedemo.azurewebsites.net">
</property>
</properties>
</testcase>
</testsuite>
<testsuite name="Effiziente/ZeroStep/login.spec.ts" timestamp="2024-04-19T03:44:42.212Z" hostname="webkit" tests="1" failures="0" skipped="1" time="0.501" errors="0">
<testcase name="AI Zero Step › Should show dashboard after login" classname="Effiziente/ZeroStep/login.spec.ts" time="0.501">
<properties>
<property name="skip" value="Zero Steps only works in chromium">
</property>
</properties>
<skipped>
</skipped>
</testcase>
</testsuite>
<testsuite name="Google/searchLocale.spec.ts" timestamp="2024-04-19T03:44:42.212Z" hostname="webkit" tests="1" failures="0" skipped="0" time="1.659" errors="0">
<testcase name="Locale translations › Translations with locale and time zone id" classname="Google/searchLocale.spec.ts" time="1.659">
<properties>
<property name="Go To" value="Go to the page: &quot;https://www.google.com&quot;">
</property>
<property name="Assert" value="Search button text is equal to: &quot;Buscar con Google&quot;">
</property>
</properties>
</testcase>
</testsuite>
<testsuite name="SauceDemo/login.spec.ts" timestamp="2024-04-19T03:44:42.212Z" hostname="webkit" tests="1" failures="0" skipped="0" time="1.77" errors="0">
<testcase name="Login › Login with valid user load inventory page" classname="SauceDemo/login.spec.ts" time="1.77">
<properties>
<property name="Go To" value="Go to the page: &quot;https://www.saucedemo.com&quot;">
</property>
<property name="InputText" value="Fill: &quot;Username&quot; with value: &quot;standard_user&quot;">
</property>
<property name="InputPassword" value="Fill: &quot;Password with value: *****&quot;">
</property>
<property name="Button" value="Click: &quot;Login&quot;">
</property>
<property name="Assert" value="Check URL Page equal to: &quot;https://www.saucedemo.com/inventory.html&quot;">
</property>
</properties>
</testcase>
</testsuite>
<testsuite name="SauceDemo/loginLambdaTestFixture.spec.ts" timestamp="2024-04-19T03:44:42.212Z" hostname="webkit" tests="1" failures="0" skipped="0" time="0.881" errors="0">
<testcase name="Login › Login with valid user load inventory page" classname="SauceDemo/loginLambdaTestFixture.spec.ts" time="0.881">
<properties>
<property name="Go To" value="Go to the page: &quot;https://www.saucedemo.com&quot;">
</property>
<property name="InputText" value="Fill: &quot;Username&quot; with value: &quot;standard_user&quot;">
</property>
<property name="InputPassword" value="Fill: &quot;Password with value: *****&quot;">
</property>
<property name="Button" value="Click: &quot;Login&quot;">
</property>
<property name="Assert" value="Check URL Page equal to: &quot;https://www.saucedemo.com/inventory.html&quot;">
</property>
</properties>
</testcase>
</testsuite>
</testsuites>