<testsuites id="" name="" tests="30" failures="3" skipped="2" errors="0" time="179.526919">
<testsuite name="SauceDemo/loginLambdaTestFixture.spec.ts" timestamp="2024-03-27T02:00:07.475Z" hostname="chrome:latest:MacOS Catalina@lambdatest" tests="1" failures="0" skipped="0" time="18.666" errors="0">
<testcase name="Login › Login with valid user load inventory page" classname="SauceDemo/loginLambdaTestFixture.spec.ts" time="18.666">
<properties>
<property name="Go To" value="Go to the page: &quot;https://www.saucedemo.com&quot;">
</property>
<property name="InputText" value="Fill: &quot;Username&quot; with value: &quot;standard_user&quot;">
</property>
<property name="InputPassword" value="Fill: &quot;Password with value: *****&quot;">
</property>
<property name="Button" value="Click: &quot;Login&quot;">
</property>
<property name="Assert" value="Check URL Page equal to: &quot;https://www.saucedemo.com/inventory.html&quot;">
</property>
</properties>
</testcase>
</testsuite>
<testsuite name="SauceDemo/loginLambdaTestFixture.spec.ts" timestamp="2024-03-27T02:00:07.475Z" hostname="pw-webkit:latest:MacOS Monterey@lambdatest" tests="1" failures="0" skipped="0" time="30.681" errors="0">
<testcase name="Login › Login with valid user load inventory page" classname="SauceDemo/loginLambdaTestFixture.spec.ts" time="30.681">
<properties>
<property name="Go To" value="Go to the page: &quot;https://www.saucedemo.com&quot;">
</property>
<property name="InputText" value="Fill: &quot;Username&quot; with value: &quot;standard_user&quot;">
</property>
<property name="InputPassword" value="Fill: &quot;Password with value: *****&quot;">
</property>
<property name="Button" value="Click: &quot;Login&quot;">
</property>
<property name="Assert" value="Check URL Page equal to: &quot;https://www.saucedemo.com/inventory.html&quot;">
</property>
</properties>
</testcase>
</testsuite>
<testsuite name="SauceDemo/loginLambdaTestFixture.spec.ts" timestamp="2024-03-27T02:00:07.475Z" hostname="chrome:latest:Windows 10@lambdatest" tests="1" failures="0" skipped="0" time="18.978" errors="0">
<testcase name="Login › Login with valid user load inventory page" classname="SauceDemo/loginLambdaTestFixture.spec.ts" time="18.978">
<properties>
<property name="Go To" value="Go to the page: &quot;https://www.saucedemo.com&quot;">
</property>
<property name="InputText" value="Fill: &quot;Username&quot; with value: &quot;standard_user&quot;">
</property>
<property name="InputPassword" value="Fill: &quot;Password with value: *****&quot;">
</property>
<property name="Button" value="Click: &quot;Login&quot;">
</property>
<property name="Assert" value="Check URL Page equal to: &quot;https://www.saucedemo.com/inventory.html&quot;">
</property>
</properties>
</testcase>
</testsuite>
<testsuite name="Effiziente/dashboard.spec.ts" timestamp="2024-03-27T02:00:07.475Z" hostname="chromium" tests="1" failures="0" skipped="0" time="2.211" errors="0">
<testcase name="Check Dashboard › Should show dashboard" classname="Effiziente/dashboard.spec.ts" time="2.211">
<properties>
<property name="Mock" value="Modify the summary with fixed data">
</property>
<property name="Mock" value="Modify the &quot;Sumary Expiration&quot; with fixed data">
</property>
<property name="Mock" value="Modify the &quot;Top 5 delay&quot; with fixed data">
</property>
<property name="Mock" value="Modify the &quot;Top 5 total&quot; with fixed data">
</property>
<property name="Mock" value="Modify the &quot;Top 5 type&quot; with fixed data">
</property>
<property name="Mock" value="Modify the &quot;Top 10 Limit 1&quot; with fixed data">
</property>
<property name="Mock" value="Modify the &quot;Top 10 Limit 2&quot; with fixed data">
</property>
<property name="Mock" value="Modify the &quot;Top 10 Limit 3&quot; with fixed data">
</property>
<property name="Mock" value="Modify the &quot;Top 10 To Expire&quot; with fixed data">
</property>
<property name="Go To" value="Go to the page: &quot;https://effizientedemo.azurewebsites.net/AccountsReceivable/dashboard&quot;">
</property>
<property name="Step" value="Compare snapshot: dashboard.png with maxDiffPixelsRatio: 0.1">
</property>
</properties>
</testcase>
</testsuite>
<testsuite name="Effiziente/menu.spec.ts" timestamp="2024-03-27T02:00:07.475Z" hostname="chromium" tests="2" failures="0" skipped="0" time="5.097" errors="0">
<testcase name="Normal user › Should returns user menu" classname="Effiziente/menu.spec.ts" time="2.911">
<properties>
<property name="Go To" value="Go to the page: &quot;https://effizientedemo.azurewebsites.net/AccountsReceivable/dashboard&quot;">
</property>
<property name="PirmeFacesMenu" value="Get top menus">
</property>
<property name="Assert" value="Menu is equal to: AccountsReceivable,Config">
</property>
</properties>
</testcase>
<testcase name="Admin user › Should returns admin menu" classname="Effiziente/menu.spec.ts" time="2.186">
<properties>
<property name="Go To" value="Go to the page: &quot;https://effizientedemo.azurewebsites.net/AccountsReceivable/dashboard&quot;">
</property>
<property name="PirmeFacesMenu" value="Get top menus">
</property>
<property name="Assert" value="Menu is equal to:AccountsReceivable,Security,Config">
</property>
</properties>
</testcase>
</testsuite>
<testsuite name="Effiziente/Synthetic/login.spec.ts" timestamp="2024-03-27T02:00:07.475Z" hostname="chromium" tests="1" failures="1" skipped="0" time="56.657" errors="0">
<testcase name="Synthetic login testing › Should show dashboard" classname="Effiziente/Synthetic/login.spec.ts" time="56.657">
<failure message="login.spec.ts:6:9 Should show dashboard" type="FAILURE">
<![CDATA[  [chromium] › Effiziente/Synthetic/login.spec.ts:6:9 › Synthetic login testing › Should show dashboard 

    TimeoutError: locator.click: Timeout 25000ms exceeded.
    Call log:
      - waiting for locator('app-card-pie').getByRole('img')


      10 |         await page.getByPlaceholder('Password').fill('Demo');
      11 |         await page.getByRole('button', { name: 'Login' }).click();
    > 12 |         await page.locator('app-card-pie').getByRole('img').click({ timeout: 25_000 });
         |                                                             ^
      13 |
      14 |     });
      15 |

        at /home/runner/work/PlaywrightFramework/PlaywrightFramework/tests/Effiziente/Synthetic/login.spec.ts:12:61

    attachment #1: screenshot (image/png) ──────────────────────────────────────────────────────────
    test-results/Effiziente-Synthetic-login-Synthetic-login-testing-Should-show-dashboard-chromium/test-failed-1.png
    ────────────────────────────────────────────────────────────────────────────────────────────────

    attachment #2: video (video/webm) ──────────────────────────────────────────────────────────────
    test-results/Effiziente-Synthetic-login-Synthetic-login-testing-Should-show-dashboard-chromium/video.webm
    ────────────────────────────────────────────────────────────────────────────────────────────────

    attachment #3: trace (application/zip) ─────────────────────────────────────────────────────────
    test-results/Effiziente-Synthetic-login-Synthetic-login-testing-Should-show-dashboard-chromium/trace.zip
    Usage:

        npx playwright show-trace test-results/Effiziente-Synthetic-login-Synthetic-login-testing-Should-show-dashboard-chromium/trace.zip

    ────────────────────────────────────────────────────────────────────────────────────────────────

    Retry #1 ───────────────────────────────────────────────────────────────────────────────────────

    TimeoutError: locator.click: Timeout 25000ms exceeded.
    Call log:
      - waiting for locator('app-card-pie').getByRole('img')


      10 |         await page.getByPlaceholder('Password').fill('Demo');
      11 |         await page.getByRole('button', { name: 'Login' }).click();
    > 12 |         await page.locator('app-card-pie').getByRole('img').click({ timeout: 25_000 });
         |                                                             ^
      13 |
      14 |     });
      15 |

        at /home/runner/work/PlaywrightFramework/PlaywrightFramework/tests/Effiziente/Synthetic/login.spec.ts:12:61

    attachment #1: screenshot (image/png) ──────────────────────────────────────────────────────────
    test-results/Effiziente-Synthetic-login-Synthetic-login-testing-Should-show-dashboard-chromium-retry1/test-failed-1.png
    ────────────────────────────────────────────────────────────────────────────────────────────────

    attachment #2: video (video/webm) ──────────────────────────────────────────────────────────────
    test-results/Effiziente-Synthetic-login-Synthetic-login-testing-Should-show-dashboard-chromium-retry1/video.webm
    ────────────────────────────────────────────────────────────────────────────────────────────────

    attachment #3: trace (application/zip) ─────────────────────────────────────────────────────────
    test-results/Effiziente-Synthetic-login-Synthetic-login-testing-Should-show-dashboard-chromium-retry1/trace.zip
    Usage:

        npx playwright show-trace test-results/Effiziente-Synthetic-login-Synthetic-login-testing-Should-show-dashboard-chromium-retry1/trace.zip

    ────────────────────────────────────────────────────────────────────────────────────────────────
]]>
</failure>
<system-out>
<![CDATA[
[[ATTACHMENT|../test-results/Effiziente-Synthetic-login-Synthetic-login-testing-Should-show-dashboard-chromium/test-failed-1.png]]

[[ATTACHMENT|../test-results/Effiziente-Synthetic-login-Synthetic-login-testing-Should-show-dashboard-chromium/video.webm]]

[[ATTACHMENT|../test-results/Effiziente-Synthetic-login-Synthetic-login-testing-Should-show-dashboard-chromium/trace.zip]]

[[ATTACHMENT|../test-results/Effiziente-Synthetic-login-Synthetic-login-testing-Should-show-dashboard-chromium-retry1/test-failed-1.png]]

[[ATTACHMENT|../test-results/Effiziente-Synthetic-login-Synthetic-login-testing-Should-show-dashboard-chromium-retry1/video.webm]]

[[ATTACHMENT|../test-results/Effiziente-Synthetic-login-Synthetic-login-testing-Should-show-dashboard-chromium-retry1/trace.zip]]
]]>
</system-out>
</testcase>
</testsuite>
<testsuite name="Effiziente/Synthetic/menu.spec.ts" timestamp="2024-03-27T02:00:07.475Z" hostname="chromium" tests="1" failures="0" skipped="0" time="3.147" errors="0">
<testcase name="Synthetic testing › Should show dashboard" classname="Effiziente/Synthetic/menu.spec.ts" time="3.147">
<properties>
<property name="Navigation" value="Go to:https://effizientedemo.azurewebsites.net">
</property>
</properties>
</testcase>
</testsuite>
<testsuite name="Effiziente/ZeroStep/login.spec.ts" timestamp="2024-03-27T02:00:07.475Z" hostname="chromium" tests="1" failures="0" skipped="0" time="5.537" errors="0">
<testcase name="AI Zero Step › Should show dashboard after login" classname="Effiziente/ZeroStep/login.spec.ts" time="5.537">
</testcase>
</testsuite>
<testsuite name="Google/searchLocale.spec.ts" timestamp="2024-03-27T02:00:07.475Z" hostname="chromium" tests="1" failures="0" skipped="0" time="1.009" errors="0">
<testcase name="Locale translations › Translations with locale and time zone id" classname="Google/searchLocale.spec.ts" time="1.009">
<properties>
<property name="Go To" value="Go to the page: &quot;https://www.google.com&quot;">
</property>
<property name="Assert" value="Search button text is equal to: &quot;Buscar con Google&quot;">
</property>
</properties>
</testcase>
</testsuite>
<testsuite name="SauceDemo/login.spec.ts" timestamp="2024-03-27T02:00:07.475Z" hostname="chromium" tests="1" failures="0" skipped="0" time="0.743" errors="0">
<testcase name="Login › Login with valid user load inventory page" classname="SauceDemo/login.spec.ts" time="0.743">
<properties>
<property name="Go To" value="Go to the page: &quot;https://www.saucedemo.com&quot;">
</property>
<property name="InputText" value="Fill: &quot;Username&quot; with value: &quot;standard_user&quot;">
</property>
<property name="InputPassword" value="Fill: &quot;Password with value: *****&quot;">
</property>
<property name="Button" value="Click: &quot;Login&quot;">
</property>
<property name="Assert" value="Check URL Page equal to: &quot;https://www.saucedemo.com/inventory.html&quot;">
</property>
</properties>
</testcase>
</testsuite>
<testsuite name="SauceDemo/loginLambdaTestFixture.spec.ts" timestamp="2024-03-27T02:00:07.475Z" hostname="chromium" tests="1" failures="0" skipped="0" time="0.591" errors="0">
<testcase name="Login › Login with valid user load inventory page" classname="SauceDemo/loginLambdaTestFixture.spec.ts" time="0.591">
<properties>
<property name="Go To" value="Go to the page: &quot;https://www.saucedemo.com&quot;">
</property>
<property name="InputText" value="Fill: &quot;Username&quot; with value: &quot;standard_user&quot;">
</property>
<property name="InputPassword" value="Fill: &quot;Password with value: *****&quot;">
</property>
<property name="Button" value="Click: &quot;Login&quot;">
</property>
<property name="Assert" value="Check URL Page equal to: &quot;https://www.saucedemo.com/inventory.html&quot;">
</property>
</properties>
</testcase>
</testsuite>
<testsuite name="Effiziente/dashboard.spec.ts" timestamp="2024-03-27T02:00:07.475Z" hostname="firefox" tests="1" failures="0" skipped="0" time="3.117" errors="0">
<testcase name="Check Dashboard › Should show dashboard" classname="Effiziente/dashboard.spec.ts" time="3.117">
<properties>
<property name="Mock" value="Modify the summary with fixed data">
</property>
<property name="Mock" value="Modify the &quot;Sumary Expiration&quot; with fixed data">
</property>
<property name="Mock" value="Modify the &quot;Top 5 delay&quot; with fixed data">
</property>
<property name="Mock" value="Modify the &quot;Top 5 total&quot; with fixed data">
</property>
<property name="Mock" value="Modify the &quot;Top 5 type&quot; with fixed data">
</property>
<property name="Mock" value="Modify the &quot;Top 10 Limit 1&quot; with fixed data">
</property>
<property name="Mock" value="Modify the &quot;Top 10 Limit 2&quot; with fixed data">
</property>
<property name="Mock" value="Modify the &quot;Top 10 Limit 3&quot; with fixed data">
</property>
<property name="Mock" value="Modify the &quot;Top 10 To Expire&quot; with fixed data">
</property>
<property name="Go To" value="Go to the page: &quot;https://effizientedemo.azurewebsites.net/AccountsReceivable/dashboard&quot;">
</property>
<property name="Step" value="Compare snapshot: dashboard.png with maxDiffPixelsRatio: 0.1">
</property>
</properties>
</testcase>
</testsuite>
<testsuite name="Effiziente/menu.spec.ts" timestamp="2024-03-27T02:00:07.475Z" hostname="firefox" tests="2" failures="0" skipped="0" time="5.303" errors="0">
<testcase name="Normal user › Should returns user menu" classname="Effiziente/menu.spec.ts" time="2.387">
<properties>
<property name="Go To" value="Go to the page: &quot;https://effizientedemo.azurewebsites.net/AccountsReceivable/dashboard&quot;">
</property>
<property name="PirmeFacesMenu" value="Get top menus">
</property>
<property name="Assert" value="Menu is equal to: AccountsReceivable,Config">
</property>
</properties>
</testcase>
<testcase name="Admin user › Should returns admin menu" classname="Effiziente/menu.spec.ts" time="2.916">
<properties>
<property name="Go To" value="Go to the page: &quot;https://effizientedemo.azurewebsites.net/AccountsReceivable/dashboard&quot;">
</property>
<property name="PirmeFacesMenu" value="Get top menus">
</property>
<property name="Assert" value="Menu is equal to:AccountsReceivable,Security,Config">
</property>
</properties>
</testcase>
</testsuite>
<testsuite name="Effiziente/Synthetic/login.spec.ts" timestamp="2024-03-27T02:00:07.475Z" hostname="firefox" tests="1" failures="1" skipped="0" time="54.265" errors="0">
<testcase name="Synthetic login testing › Should show dashboard" classname="Effiziente/Synthetic/login.spec.ts" time="54.265">
<failure message="login.spec.ts:6:9 Should show dashboard" type="FAILURE">
<![CDATA[  [firefox] › Effiziente/Synthetic/login.spec.ts:6:9 › Synthetic login testing › Should show dashboard 

    TimeoutError: locator.click: Timeout 25000ms exceeded.
    Call log:
      - waiting for locator('app-card-pie').getByRole('img')


      10 |         await page.getByPlaceholder('Password').fill('Demo');
      11 |         await page.getByRole('button', { name: 'Login' }).click();
    > 12 |         await page.locator('app-card-pie').getByRole('img').click({ timeout: 25_000 });
         |                                                             ^
      13 |
      14 |     });
      15 |

        at /home/runner/work/PlaywrightFramework/PlaywrightFramework/tests/Effiziente/Synthetic/login.spec.ts:12:61

    attachment #1: screenshot (image/png) ──────────────────────────────────────────────────────────
    test-results/Effiziente-Synthetic-login-Synthetic-login-testing-Should-show-dashboard-firefox/test-failed-1.png
    ────────────────────────────────────────────────────────────────────────────────────────────────

    attachment #2: video (video/webm) ──────────────────────────────────────────────────────────────
    test-results/Effiziente-Synthetic-login-Synthetic-login-testing-Should-show-dashboard-firefox/video.webm
    ────────────────────────────────────────────────────────────────────────────────────────────────

    attachment #3: trace (application/zip) ─────────────────────────────────────────────────────────
    test-results/Effiziente-Synthetic-login-Synthetic-login-testing-Should-show-dashboard-firefox/trace.zip
    Usage:

        npx playwright show-trace test-results/Effiziente-Synthetic-login-Synthetic-login-testing-Should-show-dashboard-firefox/trace.zip

    ────────────────────────────────────────────────────────────────────────────────────────────────

    Retry #1 ───────────────────────────────────────────────────────────────────────────────────────

    TimeoutError: locator.click: Timeout 25000ms exceeded.
    Call log:
      - waiting for locator('app-card-pie').getByRole('img')


      10 |         await page.getByPlaceholder('Password').fill('Demo');
      11 |         await page.getByRole('button', { name: 'Login' }).click();
    > 12 |         await page.locator('app-card-pie').getByRole('img').click({ timeout: 25_000 });
         |                                                             ^
      13 |
      14 |     });
      15 |

        at /home/runner/work/PlaywrightFramework/PlaywrightFramework/tests/Effiziente/Synthetic/login.spec.ts:12:61

    attachment #1: screenshot (image/png) ──────────────────────────────────────────────────────────
    test-results/Effiziente-Synthetic-login-Synthetic-login-testing-Should-show-dashboard-firefox-retry1/test-failed-1.png
    ────────────────────────────────────────────────────────────────────────────────────────────────

    attachment #2: video (video/webm) ──────────────────────────────────────────────────────────────
    test-results/Effiziente-Synthetic-login-Synthetic-login-testing-Should-show-dashboard-firefox-retry1/video.webm
    ────────────────────────────────────────────────────────────────────────────────────────────────

    attachment #3: trace (application/zip) ─────────────────────────────────────────────────────────
    test-results/Effiziente-Synthetic-login-Synthetic-login-testing-Should-show-dashboard-firefox-retry1/trace.zip
    Usage:

        npx playwright show-trace test-results/Effiziente-Synthetic-login-Synthetic-login-testing-Should-show-dashboard-firefox-retry1/trace.zip

    ────────────────────────────────────────────────────────────────────────────────────────────────
]]>
</failure>
<system-out>
<![CDATA[
[[ATTACHMENT|../test-results/Effiziente-Synthetic-login-Synthetic-login-testing-Should-show-dashboard-firefox/test-failed-1.png]]

[[ATTACHMENT|../test-results/Effiziente-Synthetic-login-Synthetic-login-testing-Should-show-dashboard-firefox/video.webm]]

[[ATTACHMENT|../test-results/Effiziente-Synthetic-login-Synthetic-login-testing-Should-show-dashboard-firefox/trace.zip]]

[[ATTACHMENT|../test-results/Effiziente-Synthetic-login-Synthetic-login-testing-Should-show-dashboard-firefox-retry1/test-failed-1.png]]

[[ATTACHMENT|../test-results/Effiziente-Synthetic-login-Synthetic-login-testing-Should-show-dashboard-firefox-retry1/video.webm]]

[[ATTACHMENT|../test-results/Effiziente-Synthetic-login-Synthetic-login-testing-Should-show-dashboard-firefox-retry1/trace.zip]]
]]>
</system-out>
</testcase>
</testsuite>
<testsuite name="Effiziente/Synthetic/menu.spec.ts" timestamp="2024-03-27T02:00:07.475Z" hostname="firefox" tests="1" failures="0" skipped="0" time="8.11" errors="0">
<testcase name="Synthetic testing › Should show dashboard" classname="Effiziente/Synthetic/menu.spec.ts" time="8.11">
<properties>
<property name="Navigation" value="Go to:https://effizientedemo.azurewebsites.net">
</property>
</properties>
</testcase>
</testsuite>
<testsuite name="Effiziente/ZeroStep/login.spec.ts" timestamp="2024-03-27T02:00:07.475Z" hostname="firefox" tests="1" failures="0" skipped="1" time="0.244" errors="0">
<testcase name="AI Zero Step › Should show dashboard after login" classname="Effiziente/ZeroStep/login.spec.ts" time="0.244">
<properties>
<property name="skip" value="Zero Steps only works in chromium">
</property>
</properties>
<skipped>
</skipped>
</testcase>
</testsuite>
<testsuite name="Google/searchLocale.spec.ts" timestamp="2024-03-27T02:00:07.475Z" hostname="firefox" tests="1" failures="0" skipped="0" time="1.547" errors="0">
<testcase name="Locale translations › Translations with locale and time zone id" classname="Google/searchLocale.spec.ts" time="1.547">
<properties>
<property name="Go To" value="Go to the page: &quot;https://www.google.com&quot;">
</property>
<property name="Assert" value="Search button text is equal to: &quot;Buscar con Google&quot;">
</property>
</properties>
</testcase>
</testsuite>
<testsuite name="SauceDemo/login.spec.ts" timestamp="2024-03-27T02:00:07.475Z" hostname="firefox" tests="1" failures="0" skipped="0" time="0.931" errors="0">
<testcase name="Login › Login with valid user load inventory page" classname="SauceDemo/login.spec.ts" time="0.931">
<properties>
<property name="Go To" value="Go to the page: &quot;https://www.saucedemo.com&quot;">
</property>
<property name="InputText" value="Fill: &quot;Username&quot; with value: &quot;standard_user&quot;">
</property>
<property name="InputPassword" value="Fill: &quot;Password with value: *****&quot;">
</property>
<property name="Button" value="Click: &quot;Login&quot;">
</property>
<property name="Assert" value="Check URL Page equal to: &quot;https://www.saucedemo.com/inventory.html&quot;">
</property>
</properties>
</testcase>
</testsuite>
<testsuite name="SauceDemo/loginLambdaTestFixture.spec.ts" timestamp="2024-03-27T02:00:07.475Z" hostname="firefox" tests="1" failures="0" skipped="0" time="0.66" errors="0">
<testcase name="Login › Login with valid user load inventory page" classname="SauceDemo/loginLambdaTestFixture.spec.ts" time="0.66">
<properties>
<property name="Go To" value="Go to the page: &quot;https://www.saucedemo.com&quot;">
</property>
<property name="InputText" value="Fill: &quot;Username&quot; with value: &quot;standard_user&quot;">
</property>
<property name="InputPassword" value="Fill: &quot;Password with value: *****&quot;">
</property>
<property name="Button" value="Click: &quot;Login&quot;">
</property>
<property name="Assert" value="Check URL Page equal to: &quot;https://www.saucedemo.com/inventory.html&quot;">
</property>
</properties>
</testcase>
</testsuite>
<testsuite name="Effiziente/dashboard.spec.ts" timestamp="2024-03-27T02:00:07.475Z" hostname="webkit" tests="1" failures="0" skipped="0" time="9.269" errors="0">
<testcase name="Check Dashboard › Should show dashboard" classname="Effiziente/dashboard.spec.ts" time="9.269">
<properties>
<property name="Mock" value="Modify the summary with fixed data">
</property>
<property name="Mock" value="Modify the &quot;Sumary Expiration&quot; with fixed data">
</property>
<property name="Mock" value="Modify the &quot;Top 5 delay&quot; with fixed data">
</property>
<property name="Mock" value="Modify the &quot;Top 5 total&quot; with fixed data">
</property>
<property name="Mock" value="Modify the &quot;Top 5 type&quot; with fixed data">
</property>
<property name="Mock" value="Modify the &quot;Top 10 Limit 1&quot; with fixed data">
</property>
<property name="Mock" value="Modify the &quot;Top 10 Limit 2&quot; with fixed data">
</property>
<property name="Mock" value="Modify the &quot;Top 10 Limit 3&quot; with fixed data">
</property>
<property name="Mock" value="Modify the &quot;Top 10 To Expire&quot; with fixed data">
</property>
<property name="Go To" value="Go to the page: &quot;https://effizientedemo.azurewebsites.net/AccountsReceivable/dashboard&quot;">
</property>
<property name="Step" value="Compare snapshot: dashboard.png with maxDiffPixelsRatio: 0.1">
</property>
</properties>
</testcase>
</testsuite>
<testsuite name="Effiziente/menu.spec.ts" timestamp="2024-03-27T02:00:07.475Z" hostname="webkit" tests="2" failures="0" skipped="0" time="9.776" errors="0">
<testcase name="Normal user › Should returns user menu" classname="Effiziente/menu.spec.ts" time="4.522">
<properties>
<property name="Go To" value="Go to the page: &quot;https://effizientedemo.azurewebsites.net/AccountsReceivable/dashboard&quot;">
</property>
<property name="PirmeFacesMenu" value="Get top menus">
</property>
<property name="Assert" value="Menu is equal to: AccountsReceivable,Config">
</property>
</properties>
</testcase>
<testcase name="Admin user › Should returns admin menu" classname="Effiziente/menu.spec.ts" time="5.254">
<properties>
<property name="Go To" value="Go to the page: &quot;https://effizientedemo.azurewebsites.net/AccountsReceivable/dashboard&quot;">
</property>
<property name="PirmeFacesMenu" value="Get top menus">
</property>
<property name="Assert" value="Menu is equal to:AccountsReceivable,Security,Config">
</property>
</properties>
</testcase>
</testsuite>
<testsuite name="Effiziente/Synthetic/login.spec.ts" timestamp="2024-03-27T02:00:07.475Z" hostname="webkit" tests="1" failures="1" skipped="0" time="57.592" errors="0">
<testcase name="Synthetic login testing › Should show dashboard" classname="Effiziente/Synthetic/login.spec.ts" time="57.592">
<failure message="login.spec.ts:6:9 Should show dashboard" type="FAILURE">
<![CDATA[  [webkit] › Effiziente/Synthetic/login.spec.ts:6:9 › Synthetic login testing › Should show dashboard 

    TimeoutError: locator.click: Timeout 25000ms exceeded.
    Call log:
      - waiting for locator('app-card-pie').getByRole('img')


      10 |         await page.getByPlaceholder('Password').fill('Demo');
      11 |         await page.getByRole('button', { name: 'Login' }).click();
    > 12 |         await page.locator('app-card-pie').getByRole('img').click({ timeout: 25_000 });
         |                                                             ^
      13 |
      14 |     });
      15 |

        at /home/runner/work/PlaywrightFramework/PlaywrightFramework/tests/Effiziente/Synthetic/login.spec.ts:12:61

    attachment #1: screenshot (image/png) ──────────────────────────────────────────────────────────
    test-results/Effiziente-Synthetic-login-Synthetic-login-testing-Should-show-dashboard-webkit/test-failed-1.png
    ────────────────────────────────────────────────────────────────────────────────────────────────

    attachment #2: video (video/webm) ──────────────────────────────────────────────────────────────
    test-results/Effiziente-Synthetic-login-Synthetic-login-testing-Should-show-dashboard-webkit/video.webm
    ────────────────────────────────────────────────────────────────────────────────────────────────

    attachment #3: trace (application/zip) ─────────────────────────────────────────────────────────
    test-results/Effiziente-Synthetic-login-Synthetic-login-testing-Should-show-dashboard-webkit/trace.zip
    Usage:

        npx playwright show-trace test-results/Effiziente-Synthetic-login-Synthetic-login-testing-Should-show-dashboard-webkit/trace.zip

    ────────────────────────────────────────────────────────────────────────────────────────────────

    Retry #1 ───────────────────────────────────────────────────────────────────────────────────────

    TimeoutError: locator.click: Timeout 25000ms exceeded.
    Call log:
      - waiting for locator('app-card-pie').getByRole('img')


      10 |         await page.getByPlaceholder('Password').fill('Demo');
      11 |         await page.getByRole('button', { name: 'Login' }).click();
    > 12 |         await page.locator('app-card-pie').getByRole('img').click({ timeout: 25_000 });
         |                                                             ^
      13 |
      14 |     });
      15 |

        at /home/runner/work/PlaywrightFramework/PlaywrightFramework/tests/Effiziente/Synthetic/login.spec.ts:12:61

    attachment #1: screenshot (image/png) ──────────────────────────────────────────────────────────
    test-results/Effiziente-Synthetic-login-Synthetic-login-testing-Should-show-dashboard-webkit-retry1/test-failed-1.png
    ────────────────────────────────────────────────────────────────────────────────────────────────

    attachment #2: video (video/webm) ──────────────────────────────────────────────────────────────
    test-results/Effiziente-Synthetic-login-Synthetic-login-testing-Should-show-dashboard-webkit-retry1/video.webm
    ────────────────────────────────────────────────────────────────────────────────────────────────

    attachment #3: trace (application/zip) ─────────────────────────────────────────────────────────
    test-results/Effiziente-Synthetic-login-Synthetic-login-testing-Should-show-dashboard-webkit-retry1/trace.zip
    Usage:

        npx playwright show-trace test-results/Effiziente-Synthetic-login-Synthetic-login-testing-Should-show-dashboard-webkit-retry1/trace.zip

    ────────────────────────────────────────────────────────────────────────────────────────────────
]]>
</failure>
<system-out>
<![CDATA[
[[ATTACHMENT|../test-results/Effiziente-Synthetic-login-Synthetic-login-testing-Should-show-dashboard-webkit/test-failed-1.png]]

[[ATTACHMENT|../test-results/Effiziente-Synthetic-login-Synthetic-login-testing-Should-show-dashboard-webkit/video.webm]]

[[ATTACHMENT|../test-results/Effiziente-Synthetic-login-Synthetic-login-testing-Should-show-dashboard-webkit/trace.zip]]

[[ATTACHMENT|../test-results/Effiziente-Synthetic-login-Synthetic-login-testing-Should-show-dashboard-webkit-retry1/test-failed-1.png]]

[[ATTACHMENT|../test-results/Effiziente-Synthetic-login-Synthetic-login-testing-Should-show-dashboard-webkit-retry1/video.webm]]

[[ATTACHMENT|../test-results/Effiziente-Synthetic-login-Synthetic-login-testing-Should-show-dashboard-webkit-retry1/trace.zip]]
]]>
</system-out>
</testcase>
</testsuite>
<testsuite name="Effiziente/Synthetic/menu.spec.ts" timestamp="2024-03-27T02:00:07.475Z" hostname="webkit" tests="1" failures="0" skipped="0" time="7.075" errors="0">
<testcase name="Synthetic testing › Should show dashboard" classname="Effiziente/Synthetic/menu.spec.ts" time="7.075">
<properties>
<property name="Navigation" value="Go to:https://effizientedemo.azurewebsites.net">
</property>
</properties>
</testcase>
</testsuite>
<testsuite name="Effiziente/ZeroStep/login.spec.ts" timestamp="2024-03-27T02:00:07.475Z" hostname="webkit" tests="1" failures="0" skipped="1" time="0.285" errors="0">
<testcase name="AI Zero Step › Should show dashboard after login" classname="Effiziente/ZeroStep/login.spec.ts" time="0.285">
<properties>
<property name="skip" value="Zero Steps only works in chromium">
</property>
</properties>
<skipped>
</skipped>
</testcase>
</testsuite>
<testsuite name="Google/searchLocale.spec.ts" timestamp="2024-03-27T02:00:07.475Z" hostname="webkit" tests="1" failures="0" skipped="0" time="1.289" errors="0">
<testcase name="Locale translations › Translations with locale and time zone id" classname="Google/searchLocale.spec.ts" time="1.289">
<properties>
<property name="Go To" value="Go to the page: &quot;https://www.google.com&quot;">
</property>
<property name="Assert" value="Search button text is equal to: &quot;Buscar con Google&quot;">
</property>
</properties>
</testcase>
</testsuite>
<testsuite name="SauceDemo/login.spec.ts" timestamp="2024-03-27T02:00:07.475Z" hostname="webkit" tests="1" failures="0" skipped="0" time="1.506" errors="0">
<testcase name="Login › Login with valid user load inventory page" classname="SauceDemo/login.spec.ts" time="1.506">
<properties>
<property name="Go To" value="Go to the page: &quot;https://www.saucedemo.com&quot;">
</property>
<property name="InputText" value="Fill: &quot;Username&quot; with value: &quot;standard_user&quot;">
</property>
<property name="InputPassword" value="Fill: &quot;Password with value: *****&quot;">
</property>
<property name="Button" value="Click: &quot;Login&quot;">
</property>
<property name="Assert" value="Check URL Page equal to: &quot;https://www.saucedemo.com/inventory.html&quot;">
</property>
</properties>
</testcase>
</testsuite>
<testsuite name="SauceDemo/loginLambdaTestFixture.spec.ts" timestamp="2024-03-27T02:00:07.475Z" hostname="webkit" tests="1" failures="0" skipped="0" time="0.584" errors="0">
<testcase name="Login › Login with valid user load inventory page" classname="SauceDemo/loginLambdaTestFixture.spec.ts" time="0.584">
<properties>
<property name="Go To" value="Go to the page: &quot;https://www.saucedemo.com&quot;">
</property>
<property name="InputText" value="Fill: &quot;Username&quot; with value: &quot;standard_user&quot;">
</property>
<property name="InputPassword" value="Fill: &quot;Password with value: *****&quot;">
</property>
<property name="Button" value="Click: &quot;Login&quot;">
</property>
<property name="Assert" value="Check URL Page equal to: &quot;https://www.saucedemo.com/inventory.html&quot;">
</property>
</properties>
</testcase>
</testsuite>
</testsuites>