<testsuites id="" name="" tests="33" failures="3" skipped="2" errors="0" time="196.276841">
<testsuite name="SauceDemo/loginLambdaTestFixture.spec.ts" timestamp="2024-04-14T03:25:03.532Z" hostname="chrome:latest:MacOS Catalina@lambdatest" tests="1" failures="0" skipped="0" time="34.333" errors="0">
<testcase name="Login › Login with valid user load inventory page" classname="SauceDemo/loginLambdaTestFixture.spec.ts" time="34.333">
<properties>
<property name="Go To" value="Go to the page: &quot;https://www.saucedemo.com&quot;">
</property>
<property name="InputText" value="Fill: &quot;Username&quot; with value: &quot;standard_user&quot;">
</property>
<property name="InputPassword" value="Fill: &quot;Password with value: *****&quot;">
</property>
<property name="Button" value="Click: &quot;Login&quot;">
</property>
<property name="Assert" value="Check URL Page equal to: &quot;https://www.saucedemo.com/inventory.html&quot;">
</property>
</properties>
</testcase>
</testsuite>
<testsuite name="SauceDemo/loginLambdaTestFixture.spec.ts" timestamp="2024-04-14T03:25:03.532Z" hostname="pw-webkit:latest:MacOS Monterey@lambdatest" tests="1" failures="0" skipped="0" time="61.765" errors="0">
<testcase name="Login › Login with valid user load inventory page" classname="SauceDemo/loginLambdaTestFixture.spec.ts" time="61.765">
<properties>
<property name="Go To" value="Go to the page: &quot;https://www.saucedemo.com&quot;">
</property>
<property name="InputText" value="Fill: &quot;Username&quot; with value: &quot;standard_user&quot;">
</property>
<property name="InputPassword" value="Fill: &quot;Password with value: *****&quot;">
</property>
<property name="Button" value="Click: &quot;Login&quot;">
</property>
<property name="Assert" value="Check URL Page equal to: &quot;https://www.saucedemo.com/inventory.html&quot;">
</property>
</properties>
<system-out>
<![CDATA[
[[ATTACHMENT|../test-results/SauceDemo-loginLambdaTestF-3de67-id-user-load-inventory-page-pw-webkit-latest-MacOS-Monterey-lambdatest/test-failed-1.png]]

[[ATTACHMENT|../test-results/SauceDemo-loginLambdaTestF-3de67-id-user-load-inventory-page-pw-webkit-latest-MacOS-Monterey-lambdatest/trace.zip]]
]]>
</system-out>
</testcase>
</testsuite>
<testsuite name="SauceDemo/loginLambdaTestFixture.spec.ts" timestamp="2024-04-14T03:25:03.532Z" hostname="chrome:latest:Windows 10@lambdatest" tests="1" failures="0" skipped="0" time="15.813" errors="0">
<testcase name="Login › Login with valid user load inventory page" classname="SauceDemo/loginLambdaTestFixture.spec.ts" time="15.813">
<properties>
<property name="Go To" value="Go to the page: &quot;https://www.saucedemo.com&quot;">
</property>
<property name="InputText" value="Fill: &quot;Username&quot; with value: &quot;standard_user&quot;">
</property>
<property name="InputPassword" value="Fill: &quot;Password with value: *****&quot;">
</property>
<property name="Button" value="Click: &quot;Login&quot;">
</property>
<property name="Assert" value="Check URL Page equal to: &quot;https://www.saucedemo.com/inventory.html&quot;">
</property>
</properties>
</testcase>
</testsuite>
<testsuite name="Effiziente/dashboard.spec.ts" timestamp="2024-04-14T03:25:03.532Z" hostname="chromium" tests="1" failures="1" skipped="0" time="14.35" errors="0">
<testcase name="Check Dashboard › Should show dashboard" classname="Effiziente/dashboard.spec.ts" time="14.35">
<properties>
<property name="Mock" value="Modify the summary with fixed data">
</property>
<property name="Mock" value="Modify the &quot;Sumary Expiration&quot; with fixed data">
</property>
<property name="Mock" value="Modify the &quot;Top 5 delay&quot; with fixed data">
</property>
<property name="Mock" value="Modify the &quot;Top 5 total&quot; with fixed data">
</property>
<property name="Mock" value="Modify the &quot;Top 5 type&quot; with fixed data">
</property>
<property name="Mock" value="Modify the &quot;Top 10 Limit 1&quot; with fixed data">
</property>
<property name="Mock" value="Modify the &quot;Top 10 Limit 2&quot; with fixed data">
</property>
<property name="Mock" value="Modify the &quot;Top 10 Limit 3&quot; with fixed data">
</property>
<property name="Mock" value="Modify the &quot;Top 10 To Expire&quot; with fixed data">
</property>
<property name="Go To" value="Go to the page: &quot;https://effizientedemo.azurewebsites.net/AccountsReceivable/dashboard&quot;">
</property>
<property name="Step" value="Compare snapshot: dashboard.png with maxDiffPixelsRatio: 0.1">
</property>
</properties>
<failure message="dashboard.spec.ts:8:9 Should show dashboard" type="FAILURE">
<![CDATA[  [chromium] › Effiziente/dashboard.spec.ts:8:9 › Check Dashboard › Should show dashboard › Compare snapshot: dashboard.png with maxDiffPixelsRatio: 0.1 

    Error: Compare snapshot: dashboard.png with maxDiffPixelsRatio: 0.1

    Screenshot comparison failed:

      Expected an image 1280px by 1448px, received 1280px by 1415px. 370569 pixels (ratio 0.20 of all image pixels) are different.

    Expected: /home/runner/work/PlaywrightFramework/PlaywrightFramework/tests/Effiziente/dashboard.spec.ts-snapshots/dashboard-chromium-linux.png
    Received: /home/runner/work/PlaywrightFramework/PlaywrightFramework/test-results/Effiziente-dashboard-Check-Dashboard-Should-show-dashboard-chromium/dashboard-actual.png
        Diff: /home/runner/work/PlaywrightFramework/PlaywrightFramework/test-results/Effiziente-dashboard-Check-Dashboard-Should-show-dashboard-chromium/dashboard-diff.png

    Call log:
      - page._expectScreenshot with timeout 20000ms
      -   verifying given screenshot expectation
      - taking page screenshot
      -   disabled all CSS animations
      - waiting for fonts to load...
      - fonts loaded
      - Expected an image 1280px by 1448px, received 1280px by 1415px. 281389 pixels (ratio 0.16 of all image pixels) are different.
      - waiting 100ms before taking screenshot
      - taking page screenshot
      -   disabled all CSS animations
      - waiting for fonts to load...
      - fonts loaded
      - 192599 pixels (ratio 0.11 of all image pixels) are different.
      - waiting 250ms before taking screenshot
      - taking page screenshot
      -   disabled all CSS animations
      - waiting for fonts to load...
      - fonts loaded
      - captured a stable screenshot
      - Expected an image 1280px by 1448px, received 1280px by 1415px. 370569 pixels (ratio 0.20 of all image pixels) are different.


       at ../utils/VisualHelper.ts:24

      22 |         // eslint-disable-next-line playwright/valid-title
      23 |         await test.step(stepDescription, async () => {
    > 24 |             await expect(this.page, stepDescription).toHaveScreenshot(snapshotName,
         |                                                      ^
      25 |                 {
      26 |                     maxDiffPixelRatio: maxDiffPixelsRatio,
      27 |                     timeout: timeout,

        at /home/runner/work/PlaywrightFramework/PlaywrightFramework/utils/VisualHelper.ts:24:54
        at VisualHelper.checkPageSnapshot (/home/runner/work/PlaywrightFramework/PlaywrightFramework/utils/VisualHelper.ts:23:20)
        at DashboardPage.checkSnapshot (/home/runner/work/PlaywrightFramework/PlaywrightFramework/pages/Effiziente/dashboardPage.ts:51:9)
        at /home/runner/work/PlaywrightFramework/PlaywrightFramework/tests/Effiziente/dashboard.spec.ts:14:9

    attachment #1: dashboard-expected.png (image/png) ──────────────────────────────────────────────
    tests/Effiziente/dashboard.spec.ts-snapshots/dashboard-chromium-linux.png
    ────────────────────────────────────────────────────────────────────────────────────────────────

    attachment #2: dashboard-actual.png (image/png) ────────────────────────────────────────────────
    test-results/Effiziente-dashboard-Check-Dashboard-Should-show-dashboard-chromium/dashboard-actual.png
    ────────────────────────────────────────────────────────────────────────────────────────────────

    attachment #3: dashboard-diff.png (image/png) ──────────────────────────────────────────────────
    test-results/Effiziente-dashboard-Check-Dashboard-Should-show-dashboard-chromium/dashboard-diff.png
    ────────────────────────────────────────────────────────────────────────────────────────────────

    attachment #4: screenshot (image/png) ──────────────────────────────────────────────────────────
    test-results/Effiziente-dashboard-Check-Dashboard-Should-show-dashboard-chromium/test-failed-1.png
    ────────────────────────────────────────────────────────────────────────────────────────────────

    attachment #5: video (video/webm) ──────────────────────────────────────────────────────────────
    test-results/Effiziente-dashboard-Check-Dashboard-Should-show-dashboard-chromium/video.webm
    ────────────────────────────────────────────────────────────────────────────────────────────────

    attachment #6: trace (application/zip) ─────────────────────────────────────────────────────────
    test-results/Effiziente-dashboard-Check-Dashboard-Should-show-dashboard-chromium/trace.zip
    Usage:

        npx playwright show-trace test-results/Effiziente-dashboard-Check-Dashboard-Should-show-dashboard-chromium/trace.zip

    ────────────────────────────────────────────────────────────────────────────────────────────────

    Retry #1 ───────────────────────────────────────────────────────────────────────────────────────

    Error: Compare snapshot: dashboard.png with maxDiffPixelsRatio: 0.1

    Screenshot comparison failed:

      Expected an image 1280px by 1448px, received 1280px by 1415px. 401872 pixels (ratio 0.22 of all image pixels) are different.

    Expected: /home/runner/work/PlaywrightFramework/PlaywrightFramework/tests/Effiziente/dashboard.spec.ts-snapshots/dashboard-chromium-linux.png
    Received: /home/runner/work/PlaywrightFramework/PlaywrightFramework/test-results/Effiziente-dashboard-Check-Dashboard-Should-show-dashboard-chromium-retry1/dashboard-actual.png
        Diff: /home/runner/work/PlaywrightFramework/PlaywrightFramework/test-results/Effiziente-dashboard-Check-Dashboard-Should-show-dashboard-chromium-retry1/dashboard-diff.png

    Call log:
      - page._expectScreenshot with timeout 20000ms
      -   verifying given screenshot expectation
      - taking page screenshot
      -   disabled all CSS animations
      - waiting for fonts to load...
      - fonts loaded
      - Expected an image 1280px by 1448px, received 1280px by 1415px. 243560 pixels (ratio 0.14 of all image pixels) are different.
      - waiting 100ms before taking screenshot
      - taking page screenshot
      -   disabled all CSS animations
      - waiting for fonts to load...
      - fonts loaded
      - 233422 pixels (ratio 0.13 of all image pixels) are different.
      - waiting 250ms before taking screenshot
      - taking page screenshot
      -   disabled all CSS animations
      - waiting for fonts to load...
      - fonts loaded
      - captured a stable screenshot
      - Expected an image 1280px by 1448px, received 1280px by 1415px. 401872 pixels (ratio 0.22 of all image pixels) are different.


       at ../utils/VisualHelper.ts:24

      22 |         // eslint-disable-next-line playwright/valid-title
      23 |         await test.step(stepDescription, async () => {
    > 24 |             await expect(this.page, stepDescription).toHaveScreenshot(snapshotName,
         |                                                      ^
      25 |                 {
      26 |                     maxDiffPixelRatio: maxDiffPixelsRatio,
      27 |                     timeout: timeout,

        at /home/runner/work/PlaywrightFramework/PlaywrightFramework/utils/VisualHelper.ts:24:54
        at VisualHelper.checkPageSnapshot (/home/runner/work/PlaywrightFramework/PlaywrightFramework/utils/VisualHelper.ts:23:20)
        at DashboardPage.checkSnapshot (/home/runner/work/PlaywrightFramework/PlaywrightFramework/pages/Effiziente/dashboardPage.ts:51:9)
        at /home/runner/work/PlaywrightFramework/PlaywrightFramework/tests/Effiziente/dashboard.spec.ts:14:9

    attachment #1: dashboard-expected.png (image/png) ──────────────────────────────────────────────
    tests/Effiziente/dashboard.spec.ts-snapshots/dashboard-chromium-linux.png
    ────────────────────────────────────────────────────────────────────────────────────────────────

    attachment #2: dashboard-actual.png (image/png) ────────────────────────────────────────────────
    test-results/Effiziente-dashboard-Check-Dashboard-Should-show-dashboard-chromium-retry1/dashboard-actual.png
    ────────────────────────────────────────────────────────────────────────────────────────────────

    attachment #3: dashboard-diff.png (image/png) ──────────────────────────────────────────────────
    test-results/Effiziente-dashboard-Check-Dashboard-Should-show-dashboard-chromium-retry1/dashboard-diff.png
    ────────────────────────────────────────────────────────────────────────────────────────────────

    attachment #4: screenshot (image/png) ──────────────────────────────────────────────────────────
    test-results/Effiziente-dashboard-Check-Dashboard-Should-show-dashboard-chromium-retry1/test-failed-1.png
    ────────────────────────────────────────────────────────────────────────────────────────────────

    attachment #5: video (video/webm) ──────────────────────────────────────────────────────────────
    test-results/Effiziente-dashboard-Check-Dashboard-Should-show-dashboard-chromium-retry1/video.webm
    ────────────────────────────────────────────────────────────────────────────────────────────────

    attachment #6: trace (application/zip) ─────────────────────────────────────────────────────────
    test-results/Effiziente-dashboard-Check-Dashboard-Should-show-dashboard-chromium-retry1/trace.zip
    Usage:

        npx playwright show-trace test-results/Effiziente-dashboard-Check-Dashboard-Should-show-dashboard-chromium-retry1/trace.zip

    ────────────────────────────────────────────────────────────────────────────────────────────────
]]>
</failure>
<system-out>
<![CDATA[
[[ATTACHMENT|../tests/Effiziente/dashboard.spec.ts-snapshots/dashboard-chromium-linux.png]]

[[ATTACHMENT|../test-results/Effiziente-dashboard-Check-Dashboard-Should-show-dashboard-chromium/dashboard-actual.png]]

[[ATTACHMENT|../test-results/Effiziente-dashboard-Check-Dashboard-Should-show-dashboard-chromium/dashboard-diff.png]]

[[ATTACHMENT|../test-results/Effiziente-dashboard-Check-Dashboard-Should-show-dashboard-chromium/test-failed-1.png]]

[[ATTACHMENT|../test-results/Effiziente-dashboard-Check-Dashboard-Should-show-dashboard-chromium/video.webm]]

[[ATTACHMENT|../test-results/Effiziente-dashboard-Check-Dashboard-Should-show-dashboard-chromium/trace.zip]]

[[ATTACHMENT|../tests/Effiziente/dashboard.spec.ts-snapshots/dashboard-chromium-linux.png]]

[[ATTACHMENT|../test-results/Effiziente-dashboard-Check-Dashboard-Should-show-dashboard-chromium-retry1/dashboard-actual.png]]

[[ATTACHMENT|../test-results/Effiziente-dashboard-Check-Dashboard-Should-show-dashboard-chromium-retry1/dashboard-diff.png]]

[[ATTACHMENT|../test-results/Effiziente-dashboard-Check-Dashboard-Should-show-dashboard-chromium-retry1/test-failed-1.png]]

[[ATTACHMENT|../test-results/Effiziente-dashboard-Check-Dashboard-Should-show-dashboard-chromium-retry1/video.webm]]

[[ATTACHMENT|../test-results/Effiziente-dashboard-Check-Dashboard-Should-show-dashboard-chromium-retry1/trace.zip]]
]]>
</system-out>
</testcase>
</testsuite>
<testsuite name="Effiziente/menu.spec.ts" timestamp="2024-04-14T03:25:03.532Z" hostname="chromium" tests="2" failures="0" skipped="0" time="39.628" errors="0">
<testcase name="Normal user › Should returns user menu" classname="Effiziente/menu.spec.ts" time="21.707">
<properties>
<property name="Go To" value="Go to the page: &quot;https://effizientedemo.azurewebsites.net/AccountsReceivable/dashboard&quot;">
</property>
<property name="PirmeFacesMenu" value="Get top menus">
</property>
<property name="Assert" value="Menu is equal to: AccountsReceivable,Config">
</property>
</properties>
</testcase>
<testcase name="Admin user › Should returns admin menu" classname="Effiziente/menu.spec.ts" time="17.921">
<properties>
<property name="Go To" value="Go to the page: &quot;https://effizientedemo.azurewebsites.net/AccountsReceivable/dashboard&quot;">
</property>
<property name="PirmeFacesMenu" value="Get top menus">
</property>
<property name="Assert" value="Menu is equal to:AccountsReceivable,Security,Config">
</property>
</properties>
</testcase>
</testsuite>
<testsuite name="Effiziente/servers.spec.ts" timestamp="2024-04-14T03:25:03.532Z" hostname="chromium" tests="1" failures="0" skipped="0" time="7.271" errors="0">
<testcase name="Servers › Should add a server" classname="Effiziente/servers.spec.ts" time="7.271">
<properties>
<property name="Go To" value="Go to the page: &quot;https://effizientedemo.azurewebsites.net/Security/servers&quot;">
</property>
<property name="Button" value="Click: &quot;Add&quot;">
</property>
</properties>
</testcase>
</testsuite>
<testsuite name="Effiziente/Synthetic/login.spec.ts" timestamp="2024-04-14T03:25:03.532Z" hostname="chromium" tests="1" failures="0" skipped="0" time="34.023" errors="0">
<testcase name="Synthetic login testing › Should show dashboard" classname="Effiziente/Synthetic/login.spec.ts" time="34.023">
<system-out>
<![CDATA[
[[ATTACHMENT|../test-results/Effiziente-Synthetic-login-649ce-sting-Should-show-dashboard-chromium/test-failed-1.png]]

[[ATTACHMENT|../test-results/Effiziente-Synthetic-login-649ce-sting-Should-show-dashboard-chromium/video.webm]]

[[ATTACHMENT|../test-results/Effiziente-Synthetic-login-649ce-sting-Should-show-dashboard-chromium/trace.zip]]
]]>
</system-out>
</testcase>
</testsuite>
<testsuite name="Effiziente/Synthetic/menu.spec.ts" timestamp="2024-04-14T03:25:03.532Z" hostname="chromium" tests="1" failures="0" skipped="0" time="26.805" errors="0">
<testcase name="Synthetic testing › Should show dashboard" classname="Effiziente/Synthetic/menu.spec.ts" time="26.805">
<properties>
<property name="Navigation" value="Go to:https://effizientedemo.azurewebsites.net">
</property>
</properties>
</testcase>
</testsuite>
<testsuite name="Effiziente/ZeroStep/login.spec.ts" timestamp="2024-04-14T03:25:03.532Z" hostname="chromium" tests="1" failures="0" skipped="0" time="6.115" errors="0">
<testcase name="AI Zero Step › Should show dashboard after login" classname="Effiziente/ZeroStep/login.spec.ts" time="6.115">
</testcase>
</testsuite>
<testsuite name="Google/searchLocale.spec.ts" timestamp="2024-04-14T03:25:03.532Z" hostname="chromium" tests="1" failures="0" skipped="0" time="1.201" errors="0">
<testcase name="Locale translations › Translations with locale and time zone id" classname="Google/searchLocale.spec.ts" time="1.201">
<properties>
<property name="Go To" value="Go to the page: &quot;https://www.google.com&quot;">
</property>
<property name="Assert" value="Search button text is equal to: &quot;Buscar con Google&quot;">
</property>
</properties>
</testcase>
</testsuite>
<testsuite name="SauceDemo/login.spec.ts" timestamp="2024-04-14T03:25:03.532Z" hostname="chromium" tests="1" failures="0" skipped="0" time="0.85" errors="0">
<testcase name="Login › Login with valid user load inventory page" classname="SauceDemo/login.spec.ts" time="0.85">
<properties>
<property name="Go To" value="Go to the page: &quot;https://www.saucedemo.com&quot;">
</property>
<property name="InputText" value="Fill: &quot;Username&quot; with value: &quot;standard_user&quot;">
</property>
<property name="InputPassword" value="Fill: &quot;Password with value: *****&quot;">
</property>
<property name="Button" value="Click: &quot;Login&quot;">
</property>
<property name="Assert" value="Check URL Page equal to: &quot;https://www.saucedemo.com/inventory.html&quot;">
</property>
</properties>
</testcase>
</testsuite>
<testsuite name="SauceDemo/loginLambdaTestFixture.spec.ts" timestamp="2024-04-14T03:25:03.532Z" hostname="chromium" tests="1" failures="0" skipped="0" time="0.753" errors="0">
<testcase name="Login › Login with valid user load inventory page" classname="SauceDemo/loginLambdaTestFixture.spec.ts" time="0.753">
<properties>
<property name="Go To" value="Go to the page: &quot;https://www.saucedemo.com&quot;">
</property>
<property name="InputText" value="Fill: &quot;Username&quot; with value: &quot;standard_user&quot;">
</property>
<property name="InputPassword" value="Fill: &quot;Password with value: *****&quot;">
</property>
<property name="Button" value="Click: &quot;Login&quot;">
</property>
<property name="Assert" value="Check URL Page equal to: &quot;https://www.saucedemo.com/inventory.html&quot;">
</property>
</properties>
</testcase>
</testsuite>
<testsuite name="Effiziente/dashboard.spec.ts" timestamp="2024-04-14T03:25:03.532Z" hostname="firefox" tests="1" failures="1" skipped="0" time="21.677" errors="0">
<testcase name="Check Dashboard › Should show dashboard" classname="Effiziente/dashboard.spec.ts" time="21.677">
<properties>
<property name="Mock" value="Modify the summary with fixed data">
</property>
<property name="Mock" value="Modify the &quot;Sumary Expiration&quot; with fixed data">
</property>
<property name="Mock" value="Modify the &quot;Top 5 delay&quot; with fixed data">
</property>
<property name="Mock" value="Modify the &quot;Top 5 total&quot; with fixed data">
</property>
<property name="Mock" value="Modify the &quot;Top 5 type&quot; with fixed data">
</property>
<property name="Mock" value="Modify the &quot;Top 10 Limit 1&quot; with fixed data">
</property>
<property name="Mock" value="Modify the &quot;Top 10 Limit 2&quot; with fixed data">
</property>
<property name="Mock" value="Modify the &quot;Top 10 Limit 3&quot; with fixed data">
</property>
<property name="Mock" value="Modify the &quot;Top 10 To Expire&quot; with fixed data">
</property>
<property name="Go To" value="Go to the page: &quot;https://effizientedemo.azurewebsites.net/AccountsReceivable/dashboard&quot;">
</property>
<property name="Step" value="Compare snapshot: dashboard.png with maxDiffPixelsRatio: 0.1">
</property>
</properties>
<failure message="dashboard.spec.ts:8:9 Should show dashboard" type="FAILURE">
<![CDATA[  [firefox] › Effiziente/dashboard.spec.ts:8:9 › Check Dashboard › Should show dashboard › Compare snapshot: dashboard.png with maxDiffPixelsRatio: 0.1 

    Error: Compare snapshot: dashboard.png with maxDiffPixelsRatio: 0.1

    Screenshot comparison failed:

      Expected an image 1280px by 1448px, received 1280px by 1415px. 247757 pixels (ratio 0.14 of all image pixels) are different.

    Expected: /home/runner/work/PlaywrightFramework/PlaywrightFramework/tests/Effiziente/dashboard.spec.ts-snapshots/dashboard-firefox-linux.png
    Received: /home/runner/work/PlaywrightFramework/PlaywrightFramework/test-results/Effiziente-dashboard-Check-Dashboard-Should-show-dashboard-firefox/dashboard-actual.png
        Diff: /home/runner/work/PlaywrightFramework/PlaywrightFramework/test-results/Effiziente-dashboard-Check-Dashboard-Should-show-dashboard-firefox/dashboard-diff.png

    Call log:
      - page._expectScreenshot with timeout 20000ms
      -   verifying given screenshot expectation
      - taking page screenshot
      -   disabled all CSS animations
      - waiting for fonts to load...
      - fonts loaded
      - Expected an image 1280px by 1448px, received 1280px by 1415px. 304974 pixels (ratio 0.17 of all image pixels) are different.
      - waiting 100ms before taking screenshot
      - taking page screenshot
      -   disabled all CSS animations
      - waiting for fonts to load...
      - fonts loaded
      - captured a stable screenshot
      - Expected an image 1280px by 1448px, received 1280px by 1415px. 247757 pixels (ratio 0.14 of all image pixels) are different.


       at ../utils/VisualHelper.ts:24

      22 |         // eslint-disable-next-line playwright/valid-title
      23 |         await test.step(stepDescription, async () => {
    > 24 |             await expect(this.page, stepDescription).toHaveScreenshot(snapshotName,
         |                                                      ^
      25 |                 {
      26 |                     maxDiffPixelRatio: maxDiffPixelsRatio,
      27 |                     timeout: timeout,

        at /home/runner/work/PlaywrightFramework/PlaywrightFramework/utils/VisualHelper.ts:24:54
        at VisualHelper.checkPageSnapshot (/home/runner/work/PlaywrightFramework/PlaywrightFramework/utils/VisualHelper.ts:23:20)
        at DashboardPage.checkSnapshot (/home/runner/work/PlaywrightFramework/PlaywrightFramework/pages/Effiziente/dashboardPage.ts:51:9)
        at /home/runner/work/PlaywrightFramework/PlaywrightFramework/tests/Effiziente/dashboard.spec.ts:14:9

    attachment #1: dashboard-expected.png (image/png) ──────────────────────────────────────────────
    tests/Effiziente/dashboard.spec.ts-snapshots/dashboard-firefox-linux.png
    ────────────────────────────────────────────────────────────────────────────────────────────────

    attachment #2: dashboard-actual.png (image/png) ────────────────────────────────────────────────
    test-results/Effiziente-dashboard-Check-Dashboard-Should-show-dashboard-firefox/dashboard-actual.png
    ────────────────────────────────────────────────────────────────────────────────────────────────

    attachment #3: dashboard-diff.png (image/png) ──────────────────────────────────────────────────
    test-results/Effiziente-dashboard-Check-Dashboard-Should-show-dashboard-firefox/dashboard-diff.png
    ────────────────────────────────────────────────────────────────────────────────────────────────

    attachment #4: screenshot (image/png) ──────────────────────────────────────────────────────────
    test-results/Effiziente-dashboard-Check-Dashboard-Should-show-dashboard-firefox/test-failed-1.png
    ────────────────────────────────────────────────────────────────────────────────────────────────

    attachment #5: video (video/webm) ──────────────────────────────────────────────────────────────
    test-results/Effiziente-dashboard-Check-Dashboard-Should-show-dashboard-firefox/video.webm
    ────────────────────────────────────────────────────────────────────────────────────────────────

    attachment #6: trace (application/zip) ─────────────────────────────────────────────────────────
    test-results/Effiziente-dashboard-Check-Dashboard-Should-show-dashboard-firefox/trace.zip
    Usage:

        npx playwright show-trace test-results/Effiziente-dashboard-Check-Dashboard-Should-show-dashboard-firefox/trace.zip

    ────────────────────────────────────────────────────────────────────────────────────────────────

    Retry #1 ───────────────────────────────────────────────────────────────────────────────────────

    Error: Compare snapshot: dashboard.png with maxDiffPixelsRatio: 0.1

    Screenshot comparison failed:

      Expected an image 1280px by 1448px, received 1280px by 1415px. 247448 pixels (ratio 0.14 of all image pixels) are different.

    Expected: /home/runner/work/PlaywrightFramework/PlaywrightFramework/tests/Effiziente/dashboard.spec.ts-snapshots/dashboard-firefox-linux.png
    Received: /home/runner/work/PlaywrightFramework/PlaywrightFramework/test-results/Effiziente-dashboard-Check-Dashboard-Should-show-dashboard-firefox-retry1/dashboard-actual.png
        Diff: /home/runner/work/PlaywrightFramework/PlaywrightFramework/test-results/Effiziente-dashboard-Check-Dashboard-Should-show-dashboard-firefox-retry1/dashboard-diff.png

    Call log:
      - page._expectScreenshot with timeout 20000ms
      -   verifying given screenshot expectation
      - taking page screenshot
      -   disabled all CSS animations
      - waiting for fonts to load...
      - fonts loaded
      - Expected an image 1280px by 1448px, received 1280px by 1415px. 331166 pixels (ratio 0.18 of all image pixels) are different.
      - waiting 100ms before taking screenshot
      - taking page screenshot
      -   disabled all CSS animations
      - waiting for fonts to load...
      - fonts loaded
      - captured a stable screenshot
      - Expected an image 1280px by 1448px, received 1280px by 1415px. 247448 pixels (ratio 0.14 of all image pixels) are different.


       at ../utils/VisualHelper.ts:24

      22 |         // eslint-disable-next-line playwright/valid-title
      23 |         await test.step(stepDescription, async () => {
    > 24 |             await expect(this.page, stepDescription).toHaveScreenshot(snapshotName,
         |                                                      ^
      25 |                 {
      26 |                     maxDiffPixelRatio: maxDiffPixelsRatio,
      27 |                     timeout: timeout,

        at /home/runner/work/PlaywrightFramework/PlaywrightFramework/utils/VisualHelper.ts:24:54
        at VisualHelper.checkPageSnapshot (/home/runner/work/PlaywrightFramework/PlaywrightFramework/utils/VisualHelper.ts:23:20)
        at DashboardPage.checkSnapshot (/home/runner/work/PlaywrightFramework/PlaywrightFramework/pages/Effiziente/dashboardPage.ts:51:9)
        at /home/runner/work/PlaywrightFramework/PlaywrightFramework/tests/Effiziente/dashboard.spec.ts:14:9

    attachment #1: dashboard-expected.png (image/png) ──────────────────────────────────────────────
    tests/Effiziente/dashboard.spec.ts-snapshots/dashboard-firefox-linux.png
    ────────────────────────────────────────────────────────────────────────────────────────────────

    attachment #2: dashboard-actual.png (image/png) ────────────────────────────────────────────────
    test-results/Effiziente-dashboard-Check-Dashboard-Should-show-dashboard-firefox-retry1/dashboard-actual.png
    ────────────────────────────────────────────────────────────────────────────────────────────────

    attachment #3: dashboard-diff.png (image/png) ──────────────────────────────────────────────────
    test-results/Effiziente-dashboard-Check-Dashboard-Should-show-dashboard-firefox-retry1/dashboard-diff.png
    ────────────────────────────────────────────────────────────────────────────────────────────────

    attachment #4: screenshot (image/png) ──────────────────────────────────────────────────────────
    test-results/Effiziente-dashboard-Check-Dashboard-Should-show-dashboard-firefox-retry1/test-failed-1.png
    ────────────────────────────────────────────────────────────────────────────────────────────────

    attachment #5: video (video/webm) ──────────────────────────────────────────────────────────────
    test-results/Effiziente-dashboard-Check-Dashboard-Should-show-dashboard-firefox-retry1/video.webm
    ────────────────────────────────────────────────────────────────────────────────────────────────

    attachment #6: trace (application/zip) ─────────────────────────────────────────────────────────
    test-results/Effiziente-dashboard-Check-Dashboard-Should-show-dashboard-firefox-retry1/trace.zip
    Usage:

        npx playwright show-trace test-results/Effiziente-dashboard-Check-Dashboard-Should-show-dashboard-firefox-retry1/trace.zip

    ────────────────────────────────────────────────────────────────────────────────────────────────
]]>
</failure>
<system-out>
<![CDATA[
[[ATTACHMENT|../tests/Effiziente/dashboard.spec.ts-snapshots/dashboard-firefox-linux.png]]

[[ATTACHMENT|../test-results/Effiziente-dashboard-Check-Dashboard-Should-show-dashboard-firefox/dashboard-actual.png]]

[[ATTACHMENT|../test-results/Effiziente-dashboard-Check-Dashboard-Should-show-dashboard-firefox/dashboard-diff.png]]

[[ATTACHMENT|../test-results/Effiziente-dashboard-Check-Dashboard-Should-show-dashboard-firefox/test-failed-1.png]]

[[ATTACHMENT|../test-results/Effiziente-dashboard-Check-Dashboard-Should-show-dashboard-firefox/video.webm]]

[[ATTACHMENT|../test-results/Effiziente-dashboard-Check-Dashboard-Should-show-dashboard-firefox/trace.zip]]

[[ATTACHMENT|../tests/Effiziente/dashboard.spec.ts-snapshots/dashboard-firefox-linux.png]]

[[ATTACHMENT|../test-results/Effiziente-dashboard-Check-Dashboard-Should-show-dashboard-firefox-retry1/dashboard-actual.png]]

[[ATTACHMENT|../test-results/Effiziente-dashboard-Check-Dashboard-Should-show-dashboard-firefox-retry1/dashboard-diff.png]]

[[ATTACHMENT|../test-results/Effiziente-dashboard-Check-Dashboard-Should-show-dashboard-firefox-retry1/test-failed-1.png]]

[[ATTACHMENT|../test-results/Effiziente-dashboard-Check-Dashboard-Should-show-dashboard-firefox-retry1/video.webm]]

[[ATTACHMENT|../test-results/Effiziente-dashboard-Check-Dashboard-Should-show-dashboard-firefox-retry1/trace.zip]]
]]>
</system-out>
</testcase>
</testsuite>
<testsuite name="Effiziente/menu.spec.ts" timestamp="2024-04-14T03:25:03.532Z" hostname="firefox" tests="2" failures="0" skipped="0" time="22.098" errors="0">
<testcase name="Normal user › Should returns user menu" classname="Effiziente/menu.spec.ts" time="15.111">
<properties>
<property name="Go To" value="Go to the page: &quot;https://effizientedemo.azurewebsites.net/AccountsReceivable/dashboard&quot;">
</property>
<property name="PirmeFacesMenu" value="Get top menus">
</property>
<property name="Assert" value="Menu is equal to: AccountsReceivable,Config">
</property>
</properties>
</testcase>
<testcase name="Admin user › Should returns admin menu" classname="Effiziente/menu.spec.ts" time="6.987">
<properties>
<property name="Go To" value="Go to the page: &quot;https://effizientedemo.azurewebsites.net/AccountsReceivable/dashboard&quot;">
</property>
<property name="PirmeFacesMenu" value="Get top menus">
</property>
<property name="Assert" value="Menu is equal to:AccountsReceivable,Security,Config">
</property>
</properties>
</testcase>
</testsuite>
<testsuite name="Effiziente/servers.spec.ts" timestamp="2024-04-14T03:25:03.532Z" hostname="firefox" tests="1" failures="0" skipped="0" time="5.623" errors="0">
<testcase name="Servers › Should add a server" classname="Effiziente/servers.spec.ts" time="5.623">
<properties>
<property name="Go To" value="Go to the page: &quot;https://effizientedemo.azurewebsites.net/Security/servers&quot;">
</property>
<property name="Button" value="Click: &quot;Add&quot;">
</property>
</properties>
</testcase>
</testsuite>
<testsuite name="Effiziente/Synthetic/login.spec.ts" timestamp="2024-04-14T03:25:03.532Z" hostname="firefox" tests="1" failures="0" skipped="0" time="10.039" errors="0">
<testcase name="Synthetic login testing › Should show dashboard" classname="Effiziente/Synthetic/login.spec.ts" time="10.039">
</testcase>
</testsuite>
<testsuite name="Effiziente/Synthetic/menu.spec.ts" timestamp="2024-04-14T03:25:03.532Z" hostname="firefox" tests="1" failures="0" skipped="0" time="9.521" errors="0">
<testcase name="Synthetic testing › Should show dashboard" classname="Effiziente/Synthetic/menu.spec.ts" time="9.521">
<properties>
<property name="Navigation" value="Go to:https://effizientedemo.azurewebsites.net">
</property>
</properties>
</testcase>
</testsuite>
<testsuite name="Effiziente/ZeroStep/login.spec.ts" timestamp="2024-04-14T03:25:03.532Z" hostname="firefox" tests="1" failures="0" skipped="1" time="0.228" errors="0">
<testcase name="AI Zero Step › Should show dashboard after login" classname="Effiziente/ZeroStep/login.spec.ts" time="0.228">
<properties>
<property name="skip" value="Zero Steps only works in chromium">
</property>
</properties>
<skipped>
</skipped>
</testcase>
</testsuite>
<testsuite name="Google/searchLocale.spec.ts" timestamp="2024-04-14T03:25:03.532Z" hostname="firefox" tests="1" failures="0" skipped="0" time="2.334" errors="0">
<testcase name="Locale translations › Translations with locale and time zone id" classname="Google/searchLocale.spec.ts" time="2.334">
<properties>
<property name="Go To" value="Go to the page: &quot;https://www.google.com&quot;">
</property>
<property name="Assert" value="Search button text is equal to: &quot;Buscar con Google&quot;">
</property>
</properties>
</testcase>
</testsuite>
<testsuite name="SauceDemo/login.spec.ts" timestamp="2024-04-14T03:25:03.532Z" hostname="firefox" tests="1" failures="0" skipped="0" time="1.117" errors="0">
<testcase name="Login › Login with valid user load inventory page" classname="SauceDemo/login.spec.ts" time="1.117">
<properties>
<property name="Go To" value="Go to the page: &quot;https://www.saucedemo.com&quot;">
</property>
<property name="InputText" value="Fill: &quot;Username&quot; with value: &quot;standard_user&quot;">
</property>
<property name="InputPassword" value="Fill: &quot;Password with value: *****&quot;">
</property>
<property name="Button" value="Click: &quot;Login&quot;">
</property>
<property name="Assert" value="Check URL Page equal to: &quot;https://www.saucedemo.com/inventory.html&quot;">
</property>
</properties>
</testcase>
</testsuite>
<testsuite name="SauceDemo/loginLambdaTestFixture.spec.ts" timestamp="2024-04-14T03:25:03.532Z" hostname="firefox" tests="1" failures="0" skipped="0" time="0.654" errors="0">
<testcase name="Login › Login with valid user load inventory page" classname="SauceDemo/loginLambdaTestFixture.spec.ts" time="0.654">
<properties>
<property name="Go To" value="Go to the page: &quot;https://www.saucedemo.com&quot;">
</property>
<property name="InputText" value="Fill: &quot;Username&quot; with value: &quot;standard_user&quot;">
</property>
<property name="InputPassword" value="Fill: &quot;Password with value: *****&quot;">
</property>
<property name="Button" value="Click: &quot;Login&quot;">
</property>
<property name="Assert" value="Check URL Page equal to: &quot;https://www.saucedemo.com/inventory.html&quot;">
</property>
</properties>
</testcase>
</testsuite>
<testsuite name="Effiziente/dashboard.spec.ts" timestamp="2024-04-14T03:25:03.532Z" hostname="webkit" tests="1" failures="1" skipped="0" time="16.461" errors="0">
<testcase name="Check Dashboard › Should show dashboard" classname="Effiziente/dashboard.spec.ts" time="16.461">
<properties>
<property name="Mock" value="Modify the summary with fixed data">
</property>
<property name="Mock" value="Modify the &quot;Sumary Expiration&quot; with fixed data">
</property>
<property name="Mock" value="Modify the &quot;Top 5 delay&quot; with fixed data">
</property>
<property name="Mock" value="Modify the &quot;Top 5 total&quot; with fixed data">
</property>
<property name="Mock" value="Modify the &quot;Top 5 type&quot; with fixed data">
</property>
<property name="Mock" value="Modify the &quot;Top 10 Limit 1&quot; with fixed data">
</property>
<property name="Mock" value="Modify the &quot;Top 10 Limit 2&quot; with fixed data">
</property>
<property name="Mock" value="Modify the &quot;Top 10 Limit 3&quot; with fixed data">
</property>
<property name="Mock" value="Modify the &quot;Top 10 To Expire&quot; with fixed data">
</property>
<property name="Go To" value="Go to the page: &quot;https://effizientedemo.azurewebsites.net/AccountsReceivable/dashboard&quot;">
</property>
<property name="Step" value="Compare snapshot: dashboard.png with maxDiffPixelsRatio: 0.1">
</property>
</properties>
<failure message="dashboard.spec.ts:8:9 Should show dashboard" type="FAILURE">
<![CDATA[  [webkit] › Effiziente/dashboard.spec.ts:8:9 › Check Dashboard › Should show dashboard › Compare snapshot: dashboard.png with maxDiffPixelsRatio: 0.1 

    Error: Compare snapshot: dashboard.png with maxDiffPixelsRatio: 0.1

    Screenshot comparison failed:

      Expected an image 1280px by 1448px, received 1280px by 1415px. 249045 pixels (ratio 0.14 of all image pixels) are different.

    Expected: /home/runner/work/PlaywrightFramework/PlaywrightFramework/tests/Effiziente/dashboard.spec.ts-snapshots/dashboard-webkit-linux.png
    Received: /home/runner/work/PlaywrightFramework/PlaywrightFramework/test-results/Effiziente-dashboard-Check-Dashboard-Should-show-dashboard-webkit/dashboard-actual.png
        Diff: /home/runner/work/PlaywrightFramework/PlaywrightFramework/test-results/Effiziente-dashboard-Check-Dashboard-Should-show-dashboard-webkit/dashboard-diff.png

    Call log:
      - page._expectScreenshot with timeout 20000ms
      -   verifying given screenshot expectation
      - taking page screenshot
      -   disabled all CSS animations
      - waiting for fonts to load...
      - fonts loaded
      - Expected an image 1280px by 1448px, received 1280px by 1415px. 249045 pixels (ratio 0.14 of all image pixels) are different.
      - waiting 100ms before taking screenshot
      - taking page screenshot
      -   disabled all CSS animations
      - waiting for fonts to load...
      - fonts loaded
      - captured a stable screenshot
      - Expected an image 1280px by 1448px, received 1280px by 1415px. 249045 pixels (ratio 0.14 of all image pixels) are different.


       at ../utils/VisualHelper.ts:24

      22 |         // eslint-disable-next-line playwright/valid-title
      23 |         await test.step(stepDescription, async () => {
    > 24 |             await expect(this.page, stepDescription).toHaveScreenshot(snapshotName,
         |                                                      ^
      25 |                 {
      26 |                     maxDiffPixelRatio: maxDiffPixelsRatio,
      27 |                     timeout: timeout,

        at /home/runner/work/PlaywrightFramework/PlaywrightFramework/utils/VisualHelper.ts:24:54
        at VisualHelper.checkPageSnapshot (/home/runner/work/PlaywrightFramework/PlaywrightFramework/utils/VisualHelper.ts:23:20)
        at DashboardPage.checkSnapshot (/home/runner/work/PlaywrightFramework/PlaywrightFramework/pages/Effiziente/dashboardPage.ts:51:9)
        at /home/runner/work/PlaywrightFramework/PlaywrightFramework/tests/Effiziente/dashboard.spec.ts:14:9

    attachment #1: dashboard-expected.png (image/png) ──────────────────────────────────────────────
    tests/Effiziente/dashboard.spec.ts-snapshots/dashboard-webkit-linux.png
    ────────────────────────────────────────────────────────────────────────────────────────────────

    attachment #2: dashboard-actual.png (image/png) ────────────────────────────────────────────────
    test-results/Effiziente-dashboard-Check-Dashboard-Should-show-dashboard-webkit/dashboard-actual.png
    ────────────────────────────────────────────────────────────────────────────────────────────────

    attachment #3: dashboard-diff.png (image/png) ──────────────────────────────────────────────────
    test-results/Effiziente-dashboard-Check-Dashboard-Should-show-dashboard-webkit/dashboard-diff.png
    ────────────────────────────────────────────────────────────────────────────────────────────────

    attachment #4: screenshot (image/png) ──────────────────────────────────────────────────────────
    test-results/Effiziente-dashboard-Check-Dashboard-Should-show-dashboard-webkit/test-failed-1.png
    ────────────────────────────────────────────────────────────────────────────────────────────────

    attachment #5: video (video/webm) ──────────────────────────────────────────────────────────────
    test-results/Effiziente-dashboard-Check-Dashboard-Should-show-dashboard-webkit/video.webm
    ────────────────────────────────────────────────────────────────────────────────────────────────

    attachment #6: trace (application/zip) ─────────────────────────────────────────────────────────
    test-results/Effiziente-dashboard-Check-Dashboard-Should-show-dashboard-webkit/trace.zip
    Usage:

        npx playwright show-trace test-results/Effiziente-dashboard-Check-Dashboard-Should-show-dashboard-webkit/trace.zip

    ────────────────────────────────────────────────────────────────────────────────────────────────

    Retry #1 ───────────────────────────────────────────────────────────────────────────────────────

    Error: Compare snapshot: dashboard.png with maxDiffPixelsRatio: 0.1

    Screenshot comparison failed:

      Expected an image 1280px by 1448px, received 1280px by 1415px. 249045 pixels (ratio 0.14 of all image pixels) are different.

    Expected: /home/runner/work/PlaywrightFramework/PlaywrightFramework/tests/Effiziente/dashboard.spec.ts-snapshots/dashboard-webkit-linux.png
    Received: /home/runner/work/PlaywrightFramework/PlaywrightFramework/test-results/Effiziente-dashboard-Check-Dashboard-Should-show-dashboard-webkit-retry1/dashboard-actual.png
        Diff: /home/runner/work/PlaywrightFramework/PlaywrightFramework/test-results/Effiziente-dashboard-Check-Dashboard-Should-show-dashboard-webkit-retry1/dashboard-diff.png

    Call log:
      - page._expectScreenshot with timeout 20000ms
      -   verifying given screenshot expectation
      - taking page screenshot
      -   disabled all CSS animations
      - waiting for fonts to load...
      - fonts loaded
      - Expected an image 1280px by 1448px, received 1280px by 1415px. 249045 pixels (ratio 0.14 of all image pixels) are different.
      - waiting 100ms before taking screenshot
      - taking page screenshot
      -   disabled all CSS animations
      - waiting for fonts to load...
      - fonts loaded
      - captured a stable screenshot
      - Expected an image 1280px by 1448px, received 1280px by 1415px. 249045 pixels (ratio 0.14 of all image pixels) are different.


       at ../utils/VisualHelper.ts:24

      22 |         // eslint-disable-next-line playwright/valid-title
      23 |         await test.step(stepDescription, async () => {
    > 24 |             await expect(this.page, stepDescription).toHaveScreenshot(snapshotName,
         |                                                      ^
      25 |                 {
      26 |                     maxDiffPixelRatio: maxDiffPixelsRatio,
      27 |                     timeout: timeout,

        at /home/runner/work/PlaywrightFramework/PlaywrightFramework/utils/VisualHelper.ts:24:54
        at VisualHelper.checkPageSnapshot (/home/runner/work/PlaywrightFramework/PlaywrightFramework/utils/VisualHelper.ts:23:20)
        at DashboardPage.checkSnapshot (/home/runner/work/PlaywrightFramework/PlaywrightFramework/pages/Effiziente/dashboardPage.ts:51:9)
        at /home/runner/work/PlaywrightFramework/PlaywrightFramework/tests/Effiziente/dashboard.spec.ts:14:9

    attachment #1: dashboard-expected.png (image/png) ──────────────────────────────────────────────
    tests/Effiziente/dashboard.spec.ts-snapshots/dashboard-webkit-linux.png
    ────────────────────────────────────────────────────────────────────────────────────────────────

    attachment #2: dashboard-actual.png (image/png) ────────────────────────────────────────────────
    test-results/Effiziente-dashboard-Check-Dashboard-Should-show-dashboard-webkit-retry1/dashboard-actual.png
    ────────────────────────────────────────────────────────────────────────────────────────────────

    attachment #3: dashboard-diff.png (image/png) ──────────────────────────────────────────────────
    test-results/Effiziente-dashboard-Check-Dashboard-Should-show-dashboard-webkit-retry1/dashboard-diff.png
    ────────────────────────────────────────────────────────────────────────────────────────────────

    attachment #4: screenshot (image/png) ──────────────────────────────────────────────────────────
    test-results/Effiziente-dashboard-Check-Dashboard-Should-show-dashboard-webkit-retry1/test-failed-1.png
    ────────────────────────────────────────────────────────────────────────────────────────────────

    attachment #5: video (video/webm) ──────────────────────────────────────────────────────────────
    test-results/Effiziente-dashboard-Check-Dashboard-Should-show-dashboard-webkit-retry1/video.webm
    ────────────────────────────────────────────────────────────────────────────────────────────────

    attachment #6: trace (application/zip) ─────────────────────────────────────────────────────────
    test-results/Effiziente-dashboard-Check-Dashboard-Should-show-dashboard-webkit-retry1/trace.zip
    Usage:

        npx playwright show-trace test-results/Effiziente-dashboard-Check-Dashboard-Should-show-dashboard-webkit-retry1/trace.zip

    ────────────────────────────────────────────────────────────────────────────────────────────────
]]>
</failure>
<system-out>
<![CDATA[
[[ATTACHMENT|../tests/Effiziente/dashboard.spec.ts-snapshots/dashboard-webkit-linux.png]]

[[ATTACHMENT|../test-results/Effiziente-dashboard-Check-Dashboard-Should-show-dashboard-webkit/dashboard-actual.png]]

[[ATTACHMENT|../test-results/Effiziente-dashboard-Check-Dashboard-Should-show-dashboard-webkit/dashboard-diff.png]]

[[ATTACHMENT|../test-results/Effiziente-dashboard-Check-Dashboard-Should-show-dashboard-webkit/test-failed-1.png]]

[[ATTACHMENT|../test-results/Effiziente-dashboard-Check-Dashboard-Should-show-dashboard-webkit/video.webm]]

[[ATTACHMENT|../test-results/Effiziente-dashboard-Check-Dashboard-Should-show-dashboard-webkit/trace.zip]]

[[ATTACHMENT|../tests/Effiziente/dashboard.spec.ts-snapshots/dashboard-webkit-linux.png]]

[[ATTACHMENT|../test-results/Effiziente-dashboard-Check-Dashboard-Should-show-dashboard-webkit-retry1/dashboard-actual.png]]

[[ATTACHMENT|../test-results/Effiziente-dashboard-Check-Dashboard-Should-show-dashboard-webkit-retry1/dashboard-diff.png]]

[[ATTACHMENT|../test-results/Effiziente-dashboard-Check-Dashboard-Should-show-dashboard-webkit-retry1/test-failed-1.png]]

[[ATTACHMENT|../test-results/Effiziente-dashboard-Check-Dashboard-Should-show-dashboard-webkit-retry1/video.webm]]

[[ATTACHMENT|../test-results/Effiziente-dashboard-Check-Dashboard-Should-show-dashboard-webkit-retry1/trace.zip]]
]]>
</system-out>
</testcase>
</testsuite>
<testsuite name="Effiziente/menu.spec.ts" timestamp="2024-04-14T03:25:03.532Z" hostname="webkit" tests="2" failures="0" skipped="0" time="10.557" errors="0">
<testcase name="Normal user › Should returns user menu" classname="Effiziente/menu.spec.ts" time="5.286">
<properties>
<property name="Go To" value="Go to the page: &quot;https://effizientedemo.azurewebsites.net/AccountsReceivable/dashboard&quot;">
</property>
<property name="PirmeFacesMenu" value="Get top menus">
</property>
<property name="Assert" value="Menu is equal to: AccountsReceivable,Config">
</property>
</properties>
</testcase>
<testcase name="Admin user › Should returns admin menu" classname="Effiziente/menu.spec.ts" time="5.271">
<properties>
<property name="Go To" value="Go to the page: &quot;https://effizientedemo.azurewebsites.net/AccountsReceivable/dashboard&quot;">
</property>
<property name="PirmeFacesMenu" value="Get top menus">
</property>
<property name="Assert" value="Menu is equal to:AccountsReceivable,Security,Config">
</property>
</properties>
</testcase>
</testsuite>
<testsuite name="Effiziente/servers.spec.ts" timestamp="2024-04-14T03:25:03.532Z" hostname="webkit" tests="1" failures="0" skipped="0" time="4.84" errors="0">
<testcase name="Servers › Should add a server" classname="Effiziente/servers.spec.ts" time="4.84">
<properties>
<property name="Go To" value="Go to the page: &quot;https://effizientedemo.azurewebsites.net/Security/servers&quot;">
</property>
<property name="Button" value="Click: &quot;Add&quot;">
</property>
</properties>
</testcase>
</testsuite>
<testsuite name="Effiziente/Synthetic/login.spec.ts" timestamp="2024-04-14T03:25:03.532Z" hostname="webkit" tests="1" failures="0" skipped="0" time="8.501" errors="0">
<testcase name="Synthetic login testing › Should show dashboard" classname="Effiziente/Synthetic/login.spec.ts" time="8.501">
</testcase>
</testsuite>
<testsuite name="Effiziente/Synthetic/menu.spec.ts" timestamp="2024-04-14T03:25:03.532Z" hostname="webkit" tests="1" failures="0" skipped="0" time="11.647" errors="0">
<testcase name="Synthetic testing › Should show dashboard" classname="Effiziente/Synthetic/menu.spec.ts" time="11.647">
<properties>
<property name="Navigation" value="Go to:https://effizientedemo.azurewebsites.net">
</property>
</properties>
</testcase>
</testsuite>
<testsuite name="Effiziente/ZeroStep/login.spec.ts" timestamp="2024-04-14T03:25:03.532Z" hostname="webkit" tests="1" failures="0" skipped="1" time="0.467" errors="0">
<testcase name="AI Zero Step › Should show dashboard after login" classname="Effiziente/ZeroStep/login.spec.ts" time="0.467">
<properties>
<property name="skip" value="Zero Steps only works in chromium">
</property>
</properties>
<skipped>
</skipped>
</testcase>
</testsuite>
<testsuite name="Google/searchLocale.spec.ts" timestamp="2024-04-14T03:25:03.532Z" hostname="webkit" tests="1" failures="0" skipped="0" time="2.078" errors="0">
<testcase name="Locale translations › Translations with locale and time zone id" classname="Google/searchLocale.spec.ts" time="2.078">
<properties>
<property name="Go To" value="Go to the page: &quot;https://www.google.com&quot;">
</property>
<property name="Assert" value="Search button text is equal to: &quot;Buscar con Google&quot;">
</property>
</properties>
</testcase>
</testsuite>
<testsuite name="SauceDemo/login.spec.ts" timestamp="2024-04-14T03:25:03.532Z" hostname="webkit" tests="1" failures="0" skipped="0" time="2.025" errors="0">
<testcase name="Login › Login with valid user load inventory page" classname="SauceDemo/login.spec.ts" time="2.025">
<properties>
<property name="Go To" value="Go to the page: &quot;https://www.saucedemo.com&quot;">
</property>
<property name="InputText" value="Fill: &quot;Username&quot; with value: &quot;standard_user&quot;">
</property>
<property name="InputPassword" value="Fill: &quot;Password with value: *****&quot;">
</property>
<property name="Button" value="Click: &quot;Login&quot;">
</property>
<property name="Assert" value="Check URL Page equal to: &quot;https://www.saucedemo.com/inventory.html&quot;">
</property>
</properties>
</testcase>
</testsuite>
<testsuite name="SauceDemo/loginLambdaTestFixture.spec.ts" timestamp="2024-04-14T03:25:03.532Z" hostname="webkit" tests="1" failures="0" skipped="0" time="0.884" errors="0">
<testcase name="Login › Login with valid user load inventory page" classname="SauceDemo/loginLambdaTestFixture.spec.ts" time="0.884">
<properties>
<property name="Go To" value="Go to the page: &quot;https://www.saucedemo.com&quot;">
</property>
<property name="InputText" value="Fill: &quot;Username&quot; with value: &quot;standard_user&quot;">
</property>
<property name="InputPassword" value="Fill: &quot;Password with value: *****&quot;">
</property>
<property name="Button" value="Click: &quot;Login&quot;">
</property>
<property name="Assert" value="Check URL Page equal to: &quot;https://www.saucedemo.com/inventory.html&quot;">
</property>
</properties>
</testcase>
</testsuite>
</testsuites>