<testsuites id="" name="" tests="54" failures="13" skipped="3" errors="0" time="308.110583">
<testsuite name="Fixture-LambdaTest/loginLambdaTestFixture.spec.ts" timestamp="2024-08-24T18:20:27.443Z" hostname="chrome:latest:MacOS Catalina@lambdatest" tests="1" failures="0" skipped="0" time="11.447" errors="0">
<testcase name="Login › Login with valid user load inventory page" classname="Fixture-LambdaTest/loginLambdaTestFixture.spec.ts" time="11.447">
<properties>
<property name="Go To" value="Go to the page: &quot;https://www.saucedemo.com&quot;">
</property>
<property name="InputText" value="Fill &quot;Username:&quot; with the value: &quot;standard_user&quot;">
</property>
<property name="InputPassword" value="Fill: &quot;Password with value: *****&quot;">
</property>
<property name="Button" value="Click: &quot;Login&quot;">
</property>
<property name="Assert" value="Check URL Page equal to: &quot;https://www.saucedemo.com/inventory.html&quot;">
</property>
</properties>
</testcase>
</testsuite>
<testsuite name="Fixture-LambdaTest/loginLambdaTestFixture.spec.ts" timestamp="2024-08-24T18:20:27.443Z" hostname="pw-webkit:latest:MacOS Monterey@lambdatest" tests="1" failures="0" skipped="0" time="7.21" errors="0">
<testcase name="Login › Login with valid user load inventory page" classname="Fixture-LambdaTest/loginLambdaTestFixture.spec.ts" time="7.21">
<properties>
<property name="Go To" value="Go to the page: &quot;https://www.saucedemo.com&quot;">
</property>
<property name="InputText" value="Fill &quot;Username:&quot; with the value: &quot;standard_user&quot;">
</property>
<property name="InputPassword" value="Fill: &quot;Password with value: *****&quot;">
</property>
<property name="Button" value="Click: &quot;Login&quot;">
</property>
<property name="Assert" value="Check URL Page equal to: &quot;https://www.saucedemo.com/inventory.html&quot;">
</property>
</properties>
</testcase>
</testsuite>
<testsuite name="Fixture-LambdaTest/loginLambdaTestFixture.spec.ts" timestamp="2024-08-24T18:20:27.443Z" hostname="chrome:latest:Windows 10@lambdatest" tests="1" failures="0" skipped="0" time="44.043" errors="0">
<testcase name="Login › Login with valid user load inventory page" classname="Fixture-LambdaTest/loginLambdaTestFixture.spec.ts" time="44.043">
<properties>
<property name="Go To" value="Go to the page: &quot;https://www.saucedemo.com&quot;">
</property>
<property name="InputText" value="Fill &quot;Username:&quot; with the value: &quot;standard_user&quot;">
</property>
<property name="InputPassword" value="Fill: &quot;Password with value: *****&quot;">
</property>
<property name="Button" value="Click: &quot;Login&quot;">
</property>
<property name="Assert" value="Check URL Page equal to: &quot;https://www.saucedemo.com/inventory.html&quot;">
</property>
</properties>
</testcase>
</testsuite>
<testsuite name="Accessibility/pageAccessibility.spec.ts" timestamp="2024-08-24T18:20:27.443Z" hostname="desktop-chromium" tests="3" failures="3" skipped="0" time="0.605" errors="0">
<testcase name="Test Accessibility By Page › Check Page accessibility" classname="Accessibility/pageAccessibility.spec.ts" time="0.201">
<properties>
<property name="Go To" value="Go to: undefined">
</property>
</properties>
<failure message="pageAccessibility.spec.ts:17:9 Check Page accessibility" type="FAILURE">
<![CDATA[  [desktop-chromium] › Accessibility/pageAccessibility.spec.ts:17:9 › Test Accessibility By Page › Check Page accessibility 

    Error: page.goto: url: expected string, got undefined

      21 |         const annotationHelper = new AnnotationHelper(page, pageToTest);
      22 |         annotationHelper.addAnnotation(AnnotationType.GoTo, 'Go to: ' + pageToTest);
    > 23 |         await page.goto(pageToTest);
         |                    ^
      24 |         await accessibilityHelper.checkAccessibility('CustomPage', annotationHelper.getAnnotations());
      25 |
      26 |     });

        at /home/runner/work/Playwright/Playwright/tests/Accessibility/pageAccessibility.spec.ts:23:20

    attachment #1: screenshot (image/png) ──────────────────────────────────────────────────────────
    test-results/Accessibility-pageAccessib-c4c16-ge-Check-Page-accessibility-desktop-chromium/test-failed-1.png
    ────────────────────────────────────────────────────────────────────────────────────────────────

    attachment #2: video (video/webm) ──────────────────────────────────────────────────────────────
    test-results/Accessibility-pageAccessib-c4c16-ge-Check-Page-accessibility-desktop-chromium/video.webm
    ────────────────────────────────────────────────────────────────────────────────────────────────

    attachment #3: trace (application/zip) ─────────────────────────────────────────────────────────
    test-results/Accessibility-pageAccessib-c4c16-ge-Check-Page-accessibility-desktop-chromium/trace.zip
    Usage:

        npx playwright show-trace test-results/Accessibility-pageAccessib-c4c16-ge-Check-Page-accessibility-desktop-chromium/trace.zip

    ────────────────────────────────────────────────────────────────────────────────────────────────
]]>
</failure>
<system-out>
<![CDATA[
[[ATTACHMENT|../test-results/Accessibility-pageAccessib-c4c16-ge-Check-Page-accessibility-desktop-chromium/test-failed-1.png]]

[[ATTACHMENT|../test-results/Accessibility-pageAccessib-c4c16-ge-Check-Page-accessibility-desktop-chromium/video.webm]]

[[ATTACHMENT|../test-results/Accessibility-pageAccessib-c4c16-ge-Check-Page-accessibility-desktop-chromium/trace.zip]]
]]>
</system-out>
</testcase>
<testcase name="Test Accessibility By Page › Check tab order" classname="Accessibility/pageAccessibility.spec.ts" time="0.204">
<properties>
<property name="Go To" value="Go to: undefined">
</property>
</properties>
<failure message="pageAccessibility.spec.ts:28:9 Check tab order" type="FAILURE">
<![CDATA[  [desktop-chromium] › Accessibility/pageAccessibility.spec.ts:28:9 › Test Accessibility By Page › Check tab order 

    Error: page.goto: url: expected string, got undefined

      32 |         const tabHelper = new TabHelper(page, keyPage);
      33 |         annotationHelper.addAnnotation(AnnotationType.GoTo, 'Go to: ' + pageToTest);
    > 34 |         await page.goto(pageToTest);
         |                    ^
      35 |         //Add a number and blue box to the element after press tab
      36 |         await tabHelper.showTabOrder();
      37 |         //Check that the tab is the same that the elements

        at /home/runner/work/Playwright/Playwright/tests/Accessibility/pageAccessibility.spec.ts:34:20

    attachment #1: screenshot (image/png) ──────────────────────────────────────────────────────────
    test-results/Accessibility-pageAccessib-bc5d8-ity-By-Page-Check-tab-order-desktop-chromium/test-failed-1.png
    ────────────────────────────────────────────────────────────────────────────────────────────────

    attachment #2: video (video/webm) ──────────────────────────────────────────────────────────────
    test-results/Accessibility-pageAccessib-bc5d8-ity-By-Page-Check-tab-order-desktop-chromium/video.webm
    ────────────────────────────────────────────────────────────────────────────────────────────────

    attachment #3: trace (application/zip) ─────────────────────────────────────────────────────────
    test-results/Accessibility-pageAccessib-bc5d8-ity-By-Page-Check-tab-order-desktop-chromium/trace.zip
    Usage:

        npx playwright show-trace test-results/Accessibility-pageAccessib-bc5d8-ity-By-Page-Check-tab-order-desktop-chromium/trace.zip

    ────────────────────────────────────────────────────────────────────────────────────────────────
]]>
</failure>
<system-out>
<![CDATA[
[[ATTACHMENT|../test-results/Accessibility-pageAccessib-bc5d8-ity-By-Page-Check-tab-order-desktop-chromium/test-failed-1.png]]

[[ATTACHMENT|../test-results/Accessibility-pageAccessib-bc5d8-ity-By-Page-Check-tab-order-desktop-chromium/video.webm]]

[[ATTACHMENT|../test-results/Accessibility-pageAccessib-bc5d8-ity-By-Page-Check-tab-order-desktop-chromium/trace.zip]]
]]>
</system-out>
</testcase>
<testcase name="Test Accessibility By Page › Check alt text &amp; aria-label" classname="Accessibility/pageAccessibility.spec.ts" time="0.2">
<properties>
<property name="Go To" value="Go to: undefined">
</property>
</properties>
<failure message="pageAccessibility.spec.ts:42:9 Check alt text &amp; aria-label" type="FAILURE">
<![CDATA[  [desktop-chromium] › Accessibility/pageAccessibility.spec.ts:42:9 › Test Accessibility By Page › Check alt text & aria-label 

    Error: page.goto: url: expected string, got undefined

      46 |         const altHelper = new AltHelper(page, keyPage, testInfo);
      47 |         annotationHelper.addAnnotation(AnnotationType.GoTo, 'Go to: ' + pageToTest);
    > 48 |         await page.goto(pageToTest);
         |                    ^
      49 |         //Check that images have alt text attribute
      50 |         await altHelper.checkAltText();
      51 |         //Generate a table with all alt texts

        at /home/runner/work/Playwright/Playwright/tests/Accessibility/pageAccessibility.spec.ts:48:20

    attachment #1: screenshot (image/png) ──────────────────────────────────────────────────────────
    test-results/Accessibility-pageAccessib-e1df0-e-Check-alt-text-aria-label-desktop-chromium/test-failed-1.png
    ────────────────────────────────────────────────────────────────────────────────────────────────

    attachment #2: video (video/webm) ──────────────────────────────────────────────────────────────
    test-results/Accessibility-pageAccessib-e1df0-e-Check-alt-text-aria-label-desktop-chromium/video.webm
    ────────────────────────────────────────────────────────────────────────────────────────────────

    attachment #3: trace (application/zip) ─────────────────────────────────────────────────────────
    test-results/Accessibility-pageAccessib-e1df0-e-Check-alt-text-aria-label-desktop-chromium/trace.zip
    Usage:

        npx playwright show-trace test-results/Accessibility-pageAccessib-e1df0-e-Check-alt-text-aria-label-desktop-chromium/trace.zip

    ────────────────────────────────────────────────────────────────────────────────────────────────
]]>
</failure>
<system-out>
<![CDATA[
[[ATTACHMENT|../test-results/Accessibility-pageAccessib-e1df0-e-Check-alt-text-aria-label-desktop-chromium/test-failed-1.png]]

[[ATTACHMENT|../test-results/Accessibility-pageAccessib-e1df0-e-Check-alt-text-aria-label-desktop-chromium/video.webm]]

[[ATTACHMENT|../test-results/Accessibility-pageAccessib-e1df0-e-Check-alt-text-aria-label-desktop-chromium/trace.zip]]
]]>
</system-out>
</testcase>
</testsuite>
<testsuite name="AI/login.spec.ts" timestamp="2024-08-24T18:20:27.443Z" hostname="desktop-chromium" tests="1" failures="0" skipped="0" time="4.529" errors="0">
<testcase name="AI Zero Step › Should show dashboard after login" classname="AI/login.spec.ts" time="4.529">
</testcase>
</testsuite>
<testsuite name="Api/addToCart.spec.ts" timestamp="2024-08-24T18:20:27.443Z" hostname="desktop-chromium" tests="1" failures="0" skipped="0" time="15.874" errors="0">
<testcase name="WebdriverIO Shop › Should add an item to the cart" classname="Api/addToCart.spec.ts" time="15.874">
<properties>
<property name="Go To" value="Go to the page: &quot;https://shop.webdriver.io&quot;">
</property>
<property name="Link" value="Click: &quot;Shop All&quot;">
</property>
<property name="Step" value="Click in the product: &quot;WebdriverIO T-Shirt - Code Test Dominate&quot;">
</property>
<property name="Button" value="Click: &quot;button[data-dd-action-name=&quot;add-to-cart&quot;]&quot;">
</property>
<property name="Assert" value="There is one item in the bag">
</property>
<property name="Button" value="Click: &quot;button[aria-label=&quot;Cart icon&quot;]&quot;">
</property>
<property name="Assert" value="The name of the item in the cart is: &quot;WebdriverIO T-Shirt - Code Test Dominate&quot;">
</property>
<property name="Assert" value="The price of the item in the cart is: &quot;$35.00&quot;">
</property>
</properties>
</testcase>
</testsuite>
<testsuite name="Api/servers.spec.ts" timestamp="2024-08-24T18:20:27.443Z" hostname="desktop-chromium" tests="2" failures="0" skipped="0" time="4.39" errors="0">
<testcase name="Servers › Should add a server" classname="Api/servers.spec.ts" time="1.96">
<properties>
<property name="Go To" value="Go to the servers page: &quot;https://effizientedemo.azurewebsites.net/Security/servers&quot;">
</property>
<property name="Button" value="Click: &quot;Add&quot;">
</property>
<property name="InputText" value="Fill &quot;Key:&quot; with the value: &quot;258925&quot;">
</property>
<property name="InputText" value="Fill &quot;Name:&quot; with the value: &quot;Nader, Hoppe and Emmerich&quot;">
</property>
<property name="InputText" value="Fill &quot;Url:&quot; with the value: &quot;https://fast-volleyball.info&quot;">
</property>
<property name="Button" value="Click: &quot;Save&quot;">
</property>
<property name="Assert" value="Success message is visible">
</property>
<property name="Assert" value="Server id should be a number greater than 1">
</property>
<property name="Assert" value="Server with the key: &quot;258925&quot; exists in the table">
</property>
<property name="Assert" value="The server name for the key: &quot;258925&quot; is: &quot;Nader, Hoppe and Emmerich&quot;">
</property>
<property name="Assert" value="The server url for the key: &quot;258925&quot; is: &quot;https://fast-volleyball.info&quot;">
</property>
</properties>
</testcase>
<testcase name="Servers › Should edit a server" classname="Api/servers.spec.ts" time="2.43">
<properties>
<property name="Go To" value="Go to the servers page: &quot;https://effizientedemo.azurewebsites.net/Security/servers&quot;">
</property>
<property name="Step" value="Create server with API">
</property>
<property name="Go To" value="Go to the servers page: &quot;https://effizientedemo.azurewebsites.net/Security/servers&quot;">
</property>
<property name="InputText" value="Fill &quot;key:&quot; with the value: &quot;31718&quot;">
</property>
<property name="InputText" value="Fill &quot;Name:&quot; with the value: &quot;Fadel and Sons&quot;">
</property>
<property name="InputText" value="Fill &quot;Url:&quot; with the value: &quot;https://lighthearted-beck.net/&quot;">
</property>
<property name="Button" value="Click: &quot;Save&quot;">
</property>
<property name="Assert" value="Success message is visible">
</property>
<property name="Assert" value="Server with the key: &quot;31718&quot; exists in the table">
</property>
<property name="Assert" value="The server name for the key: &quot;31718&quot; is: &quot;Fadel and Sons&quot;">
</property>
<property name="Assert" value="The server url for the key: &quot;31718&quot; is: &quot;https://lighthearted-beck.net/&quot;">
</property>
</properties>
</testcase>
</testsuite>
<testsuite name="Basic/login.spec.ts" timestamp="2024-08-24T18:20:27.443Z" hostname="desktop-chromium" tests="1" failures="0" skipped="0" time="0.718" errors="0">
<testcase name="Login › Login with valid user load inventory page" classname="Basic/login.spec.ts" time="0.718">
<properties>
<property name="Go To" value="Go to the page: &quot;https://www.saucedemo.com&quot;">
</property>
<property name="InputText" value="Fill &quot;Username:&quot; with the value: &quot;standard_user&quot;">
</property>
<property name="InputPassword" value="Fill: &quot;Password with value: *****&quot;">
</property>
<property name="Button" value="Click: &quot;Login&quot;">
</property>
<property name="Assert" value="Check URL Page is equal to: &quot;https://www.saucedemo.com/inventory.html&quot;">
</property>
</properties>
</testcase>
</testsuite>
<testsuite name="Basic/menu.spec.ts" timestamp="2024-08-24T18:20:27.443Z" hostname="desktop-chromium" tests="2" failures="2" skipped="0" time="126.826" errors="0">
<testcase name="Normal user › Should returns user menu" classname="Basic/menu.spec.ts" time="63.254">
<properties>
<property name="Go To" value="Go to the page: &quot;https://effizientedemo.azurewebsites.net/AccountsReceivable/dashboard&quot;">
</property>
</properties>
<failure message="menu.spec.ts:7:9 Should returns user menu" type="FAILURE">
<![CDATA[  [desktop-chromium] › Basic/menu.spec.ts:7:9 › Normal user › Should returns user menu ─────────────

    TimeoutError: locator.waitFor: Timeout 30000ms exceeded.
    Call log:
      - waiting for locator('#title') to be visible


       at ../pages/Effiziente/dashboardPage.ts:34

      32 |         this.annotationHelper.addAnnotation(AnnotationType.GoTo, 'Go to the page: "' + dashboardPage + '"');
      33 |         await this.page.goto(dashboardPage);
    > 34 |         await this.title.locator.waitFor({ timeout: 30_000 });
         |                                  ^
      35 |     }
      36 |
      37 |     /**

        at DashboardPage.goTo (/home/runner/work/Playwright/Playwright/pages/Effiziente/dashboardPage.ts:34:34)
        at /home/runner/work/Playwright/Playwright/tests/Basic/menu.spec.ts:9:9

    attachment #1: screenshot (image/png) ──────────────────────────────────────────────────────────
    test-results/Basic-menu-Normal-user-Should-returns-user-menu-desktop-chromium/test-failed-1.png
    ────────────────────────────────────────────────────────────────────────────────────────────────

    attachment #2: video (video/webm) ──────────────────────────────────────────────────────────────
    test-results/Basic-menu-Normal-user-Should-returns-user-menu-desktop-chromium/video.webm
    ────────────────────────────────────────────────────────────────────────────────────────────────

    attachment #3: trace (application/zip) ─────────────────────────────────────────────────────────
    test-results/Basic-menu-Normal-user-Should-returns-user-menu-desktop-chromium/trace.zip
    Usage:

        npx playwright show-trace test-results/Basic-menu-Normal-user-Should-returns-user-menu-desktop-chromium/trace.zip

    ────────────────────────────────────────────────────────────────────────────────────────────────

    Retry #1 ───────────────────────────────────────────────────────────────────────────────────────

    TimeoutError: locator.waitFor: Timeout 30000ms exceeded.
    Call log:
      - waiting for locator('#title') to be visible


       at ../pages/Effiziente/dashboardPage.ts:34

      32 |         this.annotationHelper.addAnnotation(AnnotationType.GoTo, 'Go to the page: "' + dashboardPage + '"');
      33 |         await this.page.goto(dashboardPage);
    > 34 |         await this.title.locator.waitFor({ timeout: 30_000 });
         |                                  ^
      35 |     }
      36 |
      37 |     /**

        at DashboardPage.goTo (/home/runner/work/Playwright/Playwright/pages/Effiziente/dashboardPage.ts:34:34)
        at /home/runner/work/Playwright/Playwright/tests/Basic/menu.spec.ts:9:9

    attachment #1: screenshot (image/png) ──────────────────────────────────────────────────────────
    test-results/Basic-menu-Normal-user-Should-returns-user-menu-desktop-chromium-retry1/test-failed-1.png
    ────────────────────────────────────────────────────────────────────────────────────────────────

    attachment #2: video (video/webm) ──────────────────────────────────────────────────────────────
    test-results/Basic-menu-Normal-user-Should-returns-user-menu-desktop-chromium-retry1/video.webm
    ────────────────────────────────────────────────────────────────────────────────────────────────

    attachment #3: trace (application/zip) ─────────────────────────────────────────────────────────
    test-results/Basic-menu-Normal-user-Should-returns-user-menu-desktop-chromium-retry1/trace.zip
    Usage:

        npx playwright show-trace test-results/Basic-menu-Normal-user-Should-returns-user-menu-desktop-chromium-retry1/trace.zip

    ────────────────────────────────────────────────────────────────────────────────────────────────
]]>
</failure>
<system-out>
<![CDATA[
[[ATTACHMENT|../test-results/Basic-menu-Normal-user-Should-returns-user-menu-desktop-chromium/test-failed-1.png]]

[[ATTACHMENT|../test-results/Basic-menu-Normal-user-Should-returns-user-menu-desktop-chromium/video.webm]]

[[ATTACHMENT|../test-results/Basic-menu-Normal-user-Should-returns-user-menu-desktop-chromium/trace.zip]]

[[ATTACHMENT|../test-results/Basic-menu-Normal-user-Should-returns-user-menu-desktop-chromium-retry1/test-failed-1.png]]

[[ATTACHMENT|../test-results/Basic-menu-Normal-user-Should-returns-user-menu-desktop-chromium-retry1/video.webm]]

[[ATTACHMENT|../test-results/Basic-menu-Normal-user-Should-returns-user-menu-desktop-chromium-retry1/trace.zip]]
]]>
</system-out>
</testcase>
<testcase name="Admin user › Should returns admin menu" classname="Basic/menu.spec.ts" time="63.572">
<properties>
<property name="Go To" value="Go to the page: &quot;https://effizientedemo.azurewebsites.net/AccountsReceivable/dashboard&quot;">
</property>
</properties>
<failure message="menu.spec.ts:18:9 Should returns admin menu" type="FAILURE">
<![CDATA[  [desktop-chromium] › Basic/menu.spec.ts:18:9 › Admin user › Should returns admin menu ────────────

    TimeoutError: locator.waitFor: Timeout 30000ms exceeded.
    Call log:
      - waiting for locator('#title') to be visible


       at ../pages/Effiziente/dashboardPage.ts:34

      32 |         this.annotationHelper.addAnnotation(AnnotationType.GoTo, 'Go to the page: "' + dashboardPage + '"');
      33 |         await this.page.goto(dashboardPage);
    > 34 |         await this.title.locator.waitFor({ timeout: 30_000 });
         |                                  ^
      35 |     }
      36 |
      37 |     /**

        at DashboardPage.goTo (/home/runner/work/Playwright/Playwright/pages/Effiziente/dashboardPage.ts:34:34)
        at /home/runner/work/Playwright/Playwright/tests/Basic/menu.spec.ts:20:9

    attachment #1: screenshot (image/png) ──────────────────────────────────────────────────────────
    test-results/Basic-menu-Admin-user-Should-returns-admin-menu-desktop-chromium/test-failed-1.png
    ────────────────────────────────────────────────────────────────────────────────────────────────

    attachment #2: video (video/webm) ──────────────────────────────────────────────────────────────
    test-results/Basic-menu-Admin-user-Should-returns-admin-menu-desktop-chromium/video.webm
    ────────────────────────────────────────────────────────────────────────────────────────────────

    attachment #3: trace (application/zip) ─────────────────────────────────────────────────────────
    test-results/Basic-menu-Admin-user-Should-returns-admin-menu-desktop-chromium/trace.zip
    Usage:

        npx playwright show-trace test-results/Basic-menu-Admin-user-Should-returns-admin-menu-desktop-chromium/trace.zip

    ────────────────────────────────────────────────────────────────────────────────────────────────

    Retry #1 ───────────────────────────────────────────────────────────────────────────────────────

    TimeoutError: locator.waitFor: Timeout 30000ms exceeded.
    Call log:
      - waiting for locator('#title') to be visible


       at ../pages/Effiziente/dashboardPage.ts:34

      32 |         this.annotationHelper.addAnnotation(AnnotationType.GoTo, 'Go to the page: "' + dashboardPage + '"');
      33 |         await this.page.goto(dashboardPage);
    > 34 |         await this.title.locator.waitFor({ timeout: 30_000 });
         |                                  ^
      35 |     }
      36 |
      37 |     /**

        at DashboardPage.goTo (/home/runner/work/Playwright/Playwright/pages/Effiziente/dashboardPage.ts:34:34)
        at /home/runner/work/Playwright/Playwright/tests/Basic/menu.spec.ts:20:9

    attachment #1: screenshot (image/png) ──────────────────────────────────────────────────────────
    test-results/Basic-menu-Admin-user-Should-returns-admin-menu-desktop-chromium-retry1/test-failed-1.png
    ────────────────────────────────────────────────────────────────────────────────────────────────

    attachment #2: video (video/webm) ──────────────────────────────────────────────────────────────
    test-results/Basic-menu-Admin-user-Should-returns-admin-menu-desktop-chromium-retry1/video.webm
    ────────────────────────────────────────────────────────────────────────────────────────────────

    attachment #3: trace (application/zip) ─────────────────────────────────────────────────────────
    test-results/Basic-menu-Admin-user-Should-returns-admin-menu-desktop-chromium-retry1/trace.zip
    Usage:

        npx playwright show-trace test-results/Basic-menu-Admin-user-Should-returns-admin-menu-desktop-chromium-retry1/trace.zip

    ────────────────────────────────────────────────────────────────────────────────────────────────
]]>
</failure>
<system-out>
<![CDATA[
[[ATTACHMENT|../test-results/Basic-menu-Admin-user-Should-returns-admin-menu-desktop-chromium/test-failed-1.png]]

[[ATTACHMENT|../test-results/Basic-menu-Admin-user-Should-returns-admin-menu-desktop-chromium/video.webm]]

[[ATTACHMENT|../test-results/Basic-menu-Admin-user-Should-returns-admin-menu-desktop-chromium/trace.zip]]

[[ATTACHMENT|../test-results/Basic-menu-Admin-user-Should-returns-admin-menu-desktop-chromium-retry1/test-failed-1.png]]

[[ATTACHMENT|../test-results/Basic-menu-Admin-user-Should-returns-admin-menu-desktop-chromium-retry1/video.webm]]

[[ATTACHMENT|../test-results/Basic-menu-Admin-user-Should-returns-admin-menu-desktop-chromium-retry1/trace.zip]]
]]>
</system-out>
</testcase>
</testsuite>
<testsuite name="Excel/exportServers.spec.ts" timestamp="2024-08-24T18:20:27.443Z" hostname="desktop-chromium" tests="1" failures="0" skipped="0" time="15.391" errors="0">
<testcase name="Servers › Should export servers to excel" classname="Excel/exportServers.spec.ts" time="15.391">
<properties>
<property name="Go To" value="Go to the servers page: &quot;https://effizientedemo.azurewebsites.net/Security/servers&quot;">
</property>
<property name="ButtonExcel" value="Click: &quot;Export to Excel&quot;">
</property>
<property name="Assert" value="The excel file rows are equal to the grid rows">
</property>
</properties>
<system-out>
<![CDATA[
[[ATTACHMENT|../test-results/Excel-exportServers-Servers-Should-export-servers-to-excel-desktop-chromium/test-failed-1.png]]

[[ATTACHMENT|../test-results/Excel-exportServers-Servers-Should-export-servers-to-excel-desktop-chromium/video.webm]]

[[ATTACHMENT|../test-results/Excel-exportServers-Servers-Should-export-servers-to-excel-desktop-chromium/trace.zip]]

[[ATTACHMENT|../test-results/Excel-exportServers-Servers-Should-export-servers-to-excel-desktop-chromium-retry1/attachments/servers-xlsx-b45414d1440b649c23868d9b19e0f22e5f012826.xlsx]]
]]>
</system-out>
</testcase>
</testsuite>
<testsuite name="Fixture-LambdaTest/loginLambdaTestFixture.spec.ts" timestamp="2024-08-24T18:20:27.443Z" hostname="desktop-chromium" tests="1" failures="0" skipped="0" time="0.917" errors="0">
<testcase name="Login › Login with valid user load inventory page" classname="Fixture-LambdaTest/loginLambdaTestFixture.spec.ts" time="0.917">
<properties>
<property name="Go To" value="Go to the page: &quot;https://www.saucedemo.com&quot;">
</property>
<property name="InputText" value="Fill &quot;Username:&quot; with the value: &quot;standard_user&quot;">
</property>
<property name="InputPassword" value="Fill: &quot;Password with value: *****&quot;">
</property>
<property name="Button" value="Click: &quot;Login&quot;">
</property>
<property name="Assert" value="Check URL Page equal to: &quot;https://www.saucedemo.com/inventory.html&quot;">
</property>
</properties>
</testcase>
</testsuite>
<testsuite name="LocaleGeo/bingMaps.spec.ts" timestamp="2024-08-24T18:20:27.443Z" hostname="desktop-chromium" tests="1" failures="0" skipped="0" time="5.149" errors="0">
<testcase name="Geo Location Test › The bing maps is located to munich" classname="LocaleGeo/bingMaps.spec.ts" time="5.149">
<properties>
<property name="Go To" value="Go to the page: &quot;https://www.bing.com/maps&quot;">
</property>
<property name="Button" value="Click: &quot;button.locateMeBtn&quot;">
</property>
<property name="Button" value="Click: &quot;button.geochainUncollapse&quot;">
</property>
<property name="Assert" value="Geo name is equal to:GermanyBavariaMunich (District)">
</property>
</properties>
</testcase>
</testsuite>
<testsuite name="LocaleGeo/searchLocale.spec.ts" timestamp="2024-08-24T18:20:27.443Z" hostname="desktop-chromium" tests="1" failures="0" skipped="0" time="1.409" errors="0">
<testcase name="Locale translations › Translations with locale and time zone id" classname="LocaleGeo/searchLocale.spec.ts" time="1.409">
<properties>
<property name="Go To" value="Go to the page: &quot;https://www.google.com&quot;">
</property>
<property name="Assert" value="Search button text is equal to: &quot;Buscar con Google&quot;">
</property>
</properties>
</testcase>
</testsuite>
<testsuite name="Synthetic/login.spec.ts" timestamp="2024-08-24T18:20:27.443Z" hostname="desktop-chromium" tests="1" failures="1" skipped="0" time="74.568" errors="0">
<testcase name="Synthetic login testing › Should show dashboard" classname="Synthetic/login.spec.ts" time="74.568">
<failure message="login.spec.ts:6:9 Should show dashboard" type="FAILURE">
<![CDATA[  [desktop-chromium] › Synthetic/login.spec.ts:6:9 › Synthetic login testing › Should show dashboard 

    TimeoutError: locator.click: Timeout 35000ms exceeded.
    Call log:
      - waiting for locator('app-card-pie').getByRole('img')


      10 |         await page.getByPlaceholder('Password').fill(process.env.EFFIZIENTE_NORMAL_PASSWORD!);
      11 |         await page.getByRole('button', { name: 'Login' }).click();
    > 12 |         await page.locator('app-card-pie').getByRole('img').click({ timeout: 35_000 });
         |                                                             ^
      13 |     });
      14 | });

        at /home/runner/work/Playwright/Playwright/tests/Synthetic/login.spec.ts:12:61

    attachment #1: screenshot (image/png) ──────────────────────────────────────────────────────────
    test-results/Synthetic-login-Synthetic--650bd-sting-Should-show-dashboard-desktop-chromium/test-failed-1.png
    ────────────────────────────────────────────────────────────────────────────────────────────────

    attachment #2: video (video/webm) ──────────────────────────────────────────────────────────────
    test-results/Synthetic-login-Synthetic--650bd-sting-Should-show-dashboard-desktop-chromium/video.webm
    ────────────────────────────────────────────────────────────────────────────────────────────────

    attachment #3: trace (application/zip) ─────────────────────────────────────────────────────────
    test-results/Synthetic-login-Synthetic--650bd-sting-Should-show-dashboard-desktop-chromium/trace.zip
    Usage:

        npx playwright show-trace test-results/Synthetic-login-Synthetic--650bd-sting-Should-show-dashboard-desktop-chromium/trace.zip

    ────────────────────────────────────────────────────────────────────────────────────────────────

    Retry #1 ───────────────────────────────────────────────────────────────────────────────────────

    TimeoutError: locator.click: Timeout 35000ms exceeded.
    Call log:
      - waiting for locator('app-card-pie').getByRole('img')


      10 |         await page.getByPlaceholder('Password').fill(process.env.EFFIZIENTE_NORMAL_PASSWORD!);
      11 |         await page.getByRole('button', { name: 'Login' }).click();
    > 12 |         await page.locator('app-card-pie').getByRole('img').click({ timeout: 35_000 });
         |                                                             ^
      13 |     });
      14 | });

        at /home/runner/work/Playwright/Playwright/tests/Synthetic/login.spec.ts:12:61

    attachment #1: screenshot (image/png) ──────────────────────────────────────────────────────────
    test-results/Synthetic-login-Synthetic--650bd-sting-Should-show-dashboard-desktop-chromium-retry1/test-failed-1.png
    ────────────────────────────────────────────────────────────────────────────────────────────────

    attachment #2: video (video/webm) ──────────────────────────────────────────────────────────────
    test-results/Synthetic-login-Synthetic--650bd-sting-Should-show-dashboard-desktop-chromium-retry1/video.webm
    ────────────────────────────────────────────────────────────────────────────────────────────────

    attachment #3: trace (application/zip) ─────────────────────────────────────────────────────────
    test-results/Synthetic-login-Synthetic--650bd-sting-Should-show-dashboard-desktop-chromium-retry1/trace.zip
    Usage:

        npx playwright show-trace test-results/Synthetic-login-Synthetic--650bd-sting-Should-show-dashboard-desktop-chromium-retry1/trace.zip

    ────────────────────────────────────────────────────────────────────────────────────────────────
]]>
</failure>
<system-out>
<![CDATA[
[[ATTACHMENT|../test-results/Synthetic-login-Synthetic--650bd-sting-Should-show-dashboard-desktop-chromium/test-failed-1.png]]

[[ATTACHMENT|../test-results/Synthetic-login-Synthetic--650bd-sting-Should-show-dashboard-desktop-chromium/video.webm]]

[[ATTACHMENT|../test-results/Synthetic-login-Synthetic--650bd-sting-Should-show-dashboard-desktop-chromium/trace.zip]]

[[ATTACHMENT|../test-results/Synthetic-login-Synthetic--650bd-sting-Should-show-dashboard-desktop-chromium-retry1/test-failed-1.png]]

[[ATTACHMENT|../test-results/Synthetic-login-Synthetic--650bd-sting-Should-show-dashboard-desktop-chromium-retry1/video.webm]]

[[ATTACHMENT|../test-results/Synthetic-login-Synthetic--650bd-sting-Should-show-dashboard-desktop-chromium-retry1/trace.zip]]
]]>
</system-out>
</testcase>
</testsuite>
<testsuite name="Synthetic/menu.spec.ts" timestamp="2024-08-24T18:20:27.443Z" hostname="desktop-chromium" tests="1" failures="1" skipped="0" time="75.78" errors="0">
<testcase name="Synthetic testing › Should show dashboard" classname="Synthetic/menu.spec.ts" time="75.78">
<properties>
<property name="Navigation" value="Go to:https://effizientedemo.azurewebsites.net">
</property>
</properties>
<failure message="menu.spec.ts:23:9 Should show dashboard" type="FAILURE">
<![CDATA[  [desktop-chromium] › Synthetic/menu.spec.ts:23:9 › Synthetic testing › Should show dashboard ─────

    Error: Timed out 35000ms waiting for expect(locator).toBeVisible()

    Locator: locator('#top5 canvas')
    Expected: visible
    Received: <element(s) not found>
    Call log:
      - expect.toBeVisible with timeout 35000ms
      - waiting for locator('#top5 canvas')


      33 |         await page.goto(dashboardPageUrl);
      34 |         const timeout = 35_000;
    > 35 |         await expect(page.locator('#top5 canvas')).toBeVisible({ timeout: timeout });
         |                                                    ^
      36 |         await expect(page.locator('#top5Debt canvas')).toBeVisible({ timeout: timeout });
      37 |         await expect(page.locator('#top5DaysDelay canvas')).toBeVisible({ timeout: timeout });
      38 |         await expect(page.locator('#summaryExpiration canvas')).toBeVisible({ timeout: timeout });

        at /home/runner/work/Playwright/Playwright/tests/Synthetic/menu.spec.ts:35:52

    attachment #1: screenshot (image/png) ──────────────────────────────────────────────────────────
    test-results/Synthetic-menu-Synthetic-testing-Should-show-dashboard-desktop-chromium/test-failed-1.png
    ────────────────────────────────────────────────────────────────────────────────────────────────

    attachment #2: screenshot (image/png) ──────────────────────────────────────────────────────────
    test-results/Synthetic-menu-Synthetic-testing-Should-show-dashboard-desktop-chromium/test-failed-2.png
    ────────────────────────────────────────────────────────────────────────────────────────────────

    attachment #3: video (video/webm) ──────────────────────────────────────────────────────────────
    test-results/Synthetic-menu-Synthetic-testing-Should-show-dashboard-desktop-chromium/video.webm
    ────────────────────────────────────────────────────────────────────────────────────────────────

    attachment #4: trace (application/zip) ─────────────────────────────────────────────────────────
    test-results/Synthetic-menu-Synthetic-testing-Should-show-dashboard-desktop-chromium/trace.zip
    Usage:

        npx playwright show-trace test-results/Synthetic-menu-Synthetic-testing-Should-show-dashboard-desktop-chromium/trace.zip

    ────────────────────────────────────────────────────────────────────────────────────────────────

    Retry #1 ───────────────────────────────────────────────────────────────────────────────────────

    Error: Timed out 35000ms waiting for expect(locator).toBeVisible()

    Locator: locator('#top5 canvas')
    Expected: visible
    Received: <element(s) not found>
    Call log:
      - expect.toBeVisible with timeout 35000ms
      - waiting for locator('#top5 canvas')


      33 |         await page.goto(dashboardPageUrl);
      34 |         const timeout = 35_000;
    > 35 |         await expect(page.locator('#top5 canvas')).toBeVisible({ timeout: timeout });
         |                                                    ^
      36 |         await expect(page.locator('#top5Debt canvas')).toBeVisible({ timeout: timeout });
      37 |         await expect(page.locator('#top5DaysDelay canvas')).toBeVisible({ timeout: timeout });
      38 |         await expect(page.locator('#summaryExpiration canvas')).toBeVisible({ timeout: timeout });

        at /home/runner/work/Playwright/Playwright/tests/Synthetic/menu.spec.ts:35:52

    attachment #1: screenshot (image/png) ──────────────────────────────────────────────────────────
    test-results/Synthetic-menu-Synthetic-testing-Should-show-dashboard-desktop-chromium-retry1/test-failed-1.png
    ────────────────────────────────────────────────────────────────────────────────────────────────

    attachment #2: video (video/webm) ──────────────────────────────────────────────────────────────
    test-results/Synthetic-menu-Synthetic-testing-Should-show-dashboard-desktop-chromium-retry1/video.webm
    ────────────────────────────────────────────────────────────────────────────────────────────────

    attachment #3: trace (application/zip) ─────────────────────────────────────────────────────────
    test-results/Synthetic-menu-Synthetic-testing-Should-show-dashboard-desktop-chromium-retry1/trace.zip
    Usage:

        npx playwright show-trace test-results/Synthetic-menu-Synthetic-testing-Should-show-dashboard-desktop-chromium-retry1/trace.zip

    ────────────────────────────────────────────────────────────────────────────────────────────────
]]>
</failure>
<system-out>
<![CDATA[
[[ATTACHMENT|../test-results/Synthetic-menu-Synthetic-testing-Should-show-dashboard-desktop-chromium/test-failed-1.png]]

[[ATTACHMENT|../test-results/Synthetic-menu-Synthetic-testing-Should-show-dashboard-desktop-chromium/test-failed-2.png]]

[[ATTACHMENT|../test-results/Synthetic-menu-Synthetic-testing-Should-show-dashboard-desktop-chromium/video.webm]]

[[ATTACHMENT|../test-results/Synthetic-menu-Synthetic-testing-Should-show-dashboard-desktop-chromium/trace.zip]]

[[ATTACHMENT|../test-results/Synthetic-menu-Synthetic-testing-Should-show-dashboard-desktop-chromium-retry1/test-failed-1.png]]

[[ATTACHMENT|../test-results/Synthetic-menu-Synthetic-testing-Should-show-dashboard-desktop-chromium-retry1/video.webm]]

[[ATTACHMENT|../test-results/Synthetic-menu-Synthetic-testing-Should-show-dashboard-desktop-chromium-retry1/trace.zip]]
]]>
</system-out>
</testcase>
</testsuite>
<testsuite name="VisualTesting/dashboard.spec.ts" timestamp="2024-08-24T18:20:27.443Z" hostname="desktop-chromium" tests="1" failures="0" skipped="0" time="30.915" errors="0">
<testcase name="Check Dashboard › Should show dashboard" classname="VisualTesting/dashboard.spec.ts" time="30.915">
<properties>
<property name="Mock" value="Modify the summary with fixed data">
</property>
<property name="Mock" value="Modify the &quot;Sumary Expiration&quot; with fixed data">
</property>
<property name="Mock" value="Modify the &quot;Top 5 delay&quot; with fixed data">
</property>
<property name="Mock" value="Modify the &quot;Top 5 total&quot; with fixed data">
</property>
<property name="Mock" value="Modify the &quot;Top 5 type&quot; with fixed data">
</property>
<property name="Mock" value="Modify the &quot;Top 10 Limit 1&quot; with fixed data">
</property>
<property name="Mock" value="Modify the &quot;Top 10 Limit 2&quot; with fixed data">
</property>
<property name="Mock" value="Modify the &quot;Top 10 Limit 3&quot; with fixed data">
</property>
<property name="Mock" value="Modify the &quot;Top 10 To Expire&quot; with fixed data">
</property>
<property name="Go To" value="Go to the page: &quot;https://effizientedemo.azurewebsites.net/AccountsReceivable/dashboard&quot;">
</property>
<property name="Step" value="Compare snapshot: dashboard.png with maxDiffPixelsRatio: 0.1">
</property>
</properties>
</testcase>
</testsuite>
<testsuite name="Accessibility/pageAccessibility.spec.ts" timestamp="2024-08-24T18:20:27.443Z" hostname="desktop-firefox" tests="3" failures="3" skipped="0" time="3.18" errors="0">
<testcase name="Test Accessibility By Page › Check Page accessibility" classname="Accessibility/pageAccessibility.spec.ts" time="1.078">
<properties>
<property name="Go To" value="Go to: undefined">
</property>
</properties>
<failure message="pageAccessibility.spec.ts:17:9 Check Page accessibility" type="FAILURE">
<![CDATA[  [desktop-firefox] › Accessibility/pageAccessibility.spec.ts:17:9 › Test Accessibility By Page › Check Page accessibility 

    Error: page.goto: url: expected string, got undefined

      21 |         const annotationHelper = new AnnotationHelper(page, pageToTest);
      22 |         annotationHelper.addAnnotation(AnnotationType.GoTo, 'Go to: ' + pageToTest);
    > 23 |         await page.goto(pageToTest);
         |                    ^
      24 |         await accessibilityHelper.checkAccessibility('CustomPage', annotationHelper.getAnnotations());
      25 |
      26 |     });

        at /home/runner/work/Playwright/Playwright/tests/Accessibility/pageAccessibility.spec.ts:23:20

    attachment #1: screenshot (image/png) ──────────────────────────────────────────────────────────
    test-results/Accessibility-pageAccessib-c4c16-ge-Check-Page-accessibility-desktop-firefox/test-failed-1.png
    ────────────────────────────────────────────────────────────────────────────────────────────────

    attachment #2: video (video/webm) ──────────────────────────────────────────────────────────────
    test-results/Accessibility-pageAccessib-c4c16-ge-Check-Page-accessibility-desktop-firefox/video.webm
    ────────────────────────────────────────────────────────────────────────────────────────────────

    attachment #3: trace (application/zip) ─────────────────────────────────────────────────────────
    test-results/Accessibility-pageAccessib-c4c16-ge-Check-Page-accessibility-desktop-firefox/trace.zip
    Usage:

        npx playwright show-trace test-results/Accessibility-pageAccessib-c4c16-ge-Check-Page-accessibility-desktop-firefox/trace.zip

    ────────────────────────────────────────────────────────────────────────────────────────────────
]]>
</failure>
<system-out>
<![CDATA[
[[ATTACHMENT|../test-results/Accessibility-pageAccessib-c4c16-ge-Check-Page-accessibility-desktop-firefox/test-failed-1.png]]

[[ATTACHMENT|../test-results/Accessibility-pageAccessib-c4c16-ge-Check-Page-accessibility-desktop-firefox/video.webm]]

[[ATTACHMENT|../test-results/Accessibility-pageAccessib-c4c16-ge-Check-Page-accessibility-desktop-firefox/trace.zip]]
]]>
</system-out>
</testcase>
<testcase name="Test Accessibility By Page › Check tab order" classname="Accessibility/pageAccessibility.spec.ts" time="1.118">
<properties>
<property name="Go To" value="Go to: undefined">
</property>
</properties>
<failure message="pageAccessibility.spec.ts:28:9 Check tab order" type="FAILURE">
<![CDATA[  [desktop-firefox] › Accessibility/pageAccessibility.spec.ts:28:9 › Test Accessibility By Page › Check tab order 

    Error: page.goto: url: expected string, got undefined

      32 |         const tabHelper = new TabHelper(page, keyPage);
      33 |         annotationHelper.addAnnotation(AnnotationType.GoTo, 'Go to: ' + pageToTest);
    > 34 |         await page.goto(pageToTest);
         |                    ^
      35 |         //Add a number and blue box to the element after press tab
      36 |         await tabHelper.showTabOrder();
      37 |         //Check that the tab is the same that the elements

        at /home/runner/work/Playwright/Playwright/tests/Accessibility/pageAccessibility.spec.ts:34:20

    attachment #1: screenshot (image/png) ──────────────────────────────────────────────────────────
    test-results/Accessibility-pageAccessib-bc5d8-ity-By-Page-Check-tab-order-desktop-firefox/test-failed-1.png
    ────────────────────────────────────────────────────────────────────────────────────────────────

    attachment #2: video (video/webm) ──────────────────────────────────────────────────────────────
    test-results/Accessibility-pageAccessib-bc5d8-ity-By-Page-Check-tab-order-desktop-firefox/video.webm
    ────────────────────────────────────────────────────────────────────────────────────────────────

    attachment #3: trace (application/zip) ─────────────────────────────────────────────────────────
    test-results/Accessibility-pageAccessib-bc5d8-ity-By-Page-Check-tab-order-desktop-firefox/trace.zip
    Usage:

        npx playwright show-trace test-results/Accessibility-pageAccessib-bc5d8-ity-By-Page-Check-tab-order-desktop-firefox/trace.zip

    ────────────────────────────────────────────────────────────────────────────────────────────────
]]>
</failure>
<system-out>
<![CDATA[
[[ATTACHMENT|../test-results/Accessibility-pageAccessib-bc5d8-ity-By-Page-Check-tab-order-desktop-firefox/test-failed-1.png]]

[[ATTACHMENT|../test-results/Accessibility-pageAccessib-bc5d8-ity-By-Page-Check-tab-order-desktop-firefox/video.webm]]

[[ATTACHMENT|../test-results/Accessibility-pageAccessib-bc5d8-ity-By-Page-Check-tab-order-desktop-firefox/trace.zip]]
]]>
</system-out>
</testcase>
<testcase name="Test Accessibility By Page › Check alt text &amp; aria-label" classname="Accessibility/pageAccessibility.spec.ts" time="0.984">
<properties>
<property name="Go To" value="Go to: undefined">
</property>
</properties>
<failure message="pageAccessibility.spec.ts:42:9 Check alt text &amp; aria-label" type="FAILURE">
<![CDATA[  [desktop-firefox] › Accessibility/pageAccessibility.spec.ts:42:9 › Test Accessibility By Page › Check alt text & aria-label 

    Error: page.goto: url: expected string, got undefined

      46 |         const altHelper = new AltHelper(page, keyPage, testInfo);
      47 |         annotationHelper.addAnnotation(AnnotationType.GoTo, 'Go to: ' + pageToTest);
    > 48 |         await page.goto(pageToTest);
         |                    ^
      49 |         //Check that images have alt text attribute
      50 |         await altHelper.checkAltText();
      51 |         //Generate a table with all alt texts

        at /home/runner/work/Playwright/Playwright/tests/Accessibility/pageAccessibility.spec.ts:48:20

    attachment #1: screenshot (image/png) ──────────────────────────────────────────────────────────
    test-results/Accessibility-pageAccessib-e1df0-e-Check-alt-text-aria-label-desktop-firefox/test-failed-1.png
    ────────────────────────────────────────────────────────────────────────────────────────────────

    attachment #2: video (video/webm) ──────────────────────────────────────────────────────────────
    test-results/Accessibility-pageAccessib-e1df0-e-Check-alt-text-aria-label-desktop-firefox/video.webm
    ────────────────────────────────────────────────────────────────────────────────────────────────

    attachment #3: trace (application/zip) ─────────────────────────────────────────────────────────
    test-results/Accessibility-pageAccessib-e1df0-e-Check-alt-text-aria-label-desktop-firefox/trace.zip
    Usage:

        npx playwright show-trace test-results/Accessibility-pageAccessib-e1df0-e-Check-alt-text-aria-label-desktop-firefox/trace.zip

    ────────────────────────────────────────────────────────────────────────────────────────────────
]]>
</failure>
<system-out>
<![CDATA[
[[ATTACHMENT|../test-results/Accessibility-pageAccessib-e1df0-e-Check-alt-text-aria-label-desktop-firefox/test-failed-1.png]]

[[ATTACHMENT|../test-results/Accessibility-pageAccessib-e1df0-e-Check-alt-text-aria-label-desktop-firefox/video.webm]]

[[ATTACHMENT|../test-results/Accessibility-pageAccessib-e1df0-e-Check-alt-text-aria-label-desktop-firefox/trace.zip]]
]]>
</system-out>
</testcase>
</testsuite>
<testsuite name="AI/login.spec.ts" timestamp="2024-08-24T18:20:27.443Z" hostname="desktop-firefox" tests="1" failures="0" skipped="1" time="0.953" errors="0">
<testcase name="AI Zero Step › Should show dashboard after login" classname="AI/login.spec.ts" time="0.953">
<properties>
<property name="skip" value="Zero Steps only works in chromium">
</property>
</properties>
<skipped>
</skipped>
</testcase>
</testsuite>
<testsuite name="Api/addToCart.spec.ts" timestamp="2024-08-24T18:20:27.443Z" hostname="desktop-firefox" tests="1" failures="0" skipped="0" time="12.73" errors="0">
<testcase name="WebdriverIO Shop › Should add an item to the cart" classname="Api/addToCart.spec.ts" time="12.73">
<properties>
<property name="Go To" value="Go to the page: &quot;https://shop.webdriver.io&quot;">
</property>
<property name="Link" value="Click: &quot;Shop All&quot;">
</property>
<property name="Step" value="Click in the product: &quot;WebdriverIO T-Shirt - Box Logo Tee&quot;">
</property>
<property name="Button" value="Click: &quot;button[data-dd-action-name=&quot;add-to-cart&quot;]&quot;">
</property>
<property name="Assert" value="There is one item in the bag">
</property>
<property name="Button" value="Click: &quot;button[aria-label=&quot;Cart icon&quot;]&quot;">
</property>
<property name="Assert" value="The name of the item in the cart is: &quot;WebdriverIO T-Shirt - Box Logo Tee&quot;">
</property>
<property name="Assert" value="The price of the item in the cart is: &quot;$25.00&quot;">
</property>
</properties>
</testcase>
</testsuite>
<testsuite name="Api/servers.spec.ts" timestamp="2024-08-24T18:20:27.443Z" hostname="desktop-firefox" tests="2" failures="0" skipped="0" time="6.866" errors="0">
<testcase name="Servers › Should add a server" classname="Api/servers.spec.ts" time="3.088">
<properties>
<property name="Go To" value="Go to the servers page: &quot;https://effizientedemo.azurewebsites.net/Security/servers&quot;">
</property>
<property name="Button" value="Click: &quot;Add&quot;">
</property>
<property name="InputText" value="Fill &quot;Key:&quot; with the value: &quot;640977&quot;">
</property>
<property name="InputText" value="Fill &quot;Name:&quot; with the value: &quot;Rutherford - Nikolaus&quot;">
</property>
<property name="InputText" value="Fill &quot;Url:&quot; with the value: &quot;https://tedious-trachoma.biz/&quot;">
</property>
<property name="Button" value="Click: &quot;Save&quot;">
</property>
<property name="Assert" value="Success message is visible">
</property>
<property name="Assert" value="Server id should be a number greater than 1">
</property>
<property name="Assert" value="Server with the key: &quot;640977&quot; exists in the table">
</property>
<property name="Assert" value="The server name for the key: &quot;640977&quot; is: &quot;Rutherford - Nikolaus&quot;">
</property>
<property name="Assert" value="The server url for the key: &quot;640977&quot; is: &quot;https://tedious-trachoma.biz/&quot;">
</property>
</properties>
</testcase>
<testcase name="Servers › Should edit a server" classname="Api/servers.spec.ts" time="3.778">
<properties>
<property name="Go To" value="Go to the servers page: &quot;https://effizientedemo.azurewebsites.net/Security/servers&quot;">
</property>
<property name="Step" value="Create server with API">
</property>
<property name="Go To" value="Go to the servers page: &quot;https://effizientedemo.azurewebsites.net/Security/servers&quot;">
</property>
<property name="InputText" value="Fill &quot;key:&quot; with the value: &quot;749776&quot;">
</property>
<property name="InputText" value="Fill &quot;Name:&quot; with the value: &quot;Schuster - Champlin&quot;">
</property>
<property name="InputText" value="Fill &quot;Url:&quot; with the value: &quot;https://wet-reception.net/&quot;">
</property>
<property name="Button" value="Click: &quot;Save&quot;">
</property>
<property name="Assert" value="Success message is visible">
</property>
<property name="Assert" value="Server with the key: &quot;749776&quot; exists in the table">
</property>
<property name="Assert" value="The server name for the key: &quot;749776&quot; is: &quot;Schuster - Champlin&quot;">
</property>
<property name="Assert" value="The server url for the key: &quot;749776&quot; is: &quot;https://wet-reception.net/&quot;">
</property>
</properties>
</testcase>
</testsuite>
<testsuite name="Basic/login.spec.ts" timestamp="2024-08-24T18:20:27.443Z" hostname="desktop-firefox" tests="1" failures="0" skipped="0" time="2.287" errors="0">
<testcase name="Login › Login with valid user load inventory page" classname="Basic/login.spec.ts" time="2.287">
<properties>
<property name="Go To" value="Go to the page: &quot;https://www.saucedemo.com&quot;">
</property>
<property name="InputText" value="Fill &quot;Username:&quot; with the value: &quot;standard_user&quot;">
</property>
<property name="InputPassword" value="Fill: &quot;Password with value: *****&quot;">
</property>
<property name="Button" value="Click: &quot;Login&quot;">
</property>
<property name="Assert" value="Check URL Page is equal to: &quot;https://www.saucedemo.com/inventory.html&quot;">
</property>
</properties>
</testcase>
</testsuite>
<testsuite name="Basic/menu.spec.ts" timestamp="2024-08-24T18:20:27.443Z" hostname="desktop-firefox" tests="2" failures="0" skipped="0" time="7.567" errors="0">
<testcase name="Normal user › Should returns user menu" classname="Basic/menu.spec.ts" time="4.427">
<properties>
<property name="Go To" value="Go to the page: &quot;https://effizientedemo.azurewebsites.net/AccountsReceivable/dashboard&quot;">
</property>
<property name="PrimeFacesMenu" value="Get top menus">
</property>
<property name="Assert" value="Menu are equal to: &quot;AccountsReceivable,Config&quot;">
</property>
</properties>
</testcase>
<testcase name="Admin user › Should returns admin menu" classname="Basic/menu.spec.ts" time="3.14">
<properties>
<property name="Go To" value="Go to the page: &quot;https://effizientedemo.azurewebsites.net/AccountsReceivable/dashboard&quot;">
</property>
<property name="PrimeFacesMenu" value="Get top menus">
</property>
<property name="Assert" value="Menu are equal to: &quot;AccountsReceivable,Security,Config&quot;">
</property>
</properties>
</testcase>
</testsuite>
<testsuite name="Excel/exportServers.spec.ts" timestamp="2024-08-24T18:20:27.443Z" hostname="desktop-firefox" tests="1" failures="0" skipped="0" time="2.86" errors="0">
<testcase name="Servers › Should export servers to excel" classname="Excel/exportServers.spec.ts" time="2.86">
<properties>
<property name="Go To" value="Go to the servers page: &quot;https://effizientedemo.azurewebsites.net/Security/servers&quot;">
</property>
<property name="ButtonExcel" value="Click: &quot;Export to Excel&quot;">
</property>
<property name="Assert" value="The excel file rows are equal to the grid rows">
</property>
</properties>
<system-out>
<![CDATA[
[[ATTACHMENT|../test-results/Excel-exportServers-Servers-Should-export-servers-to-excel-desktop-firefox/attachments/servers-xlsx-b45414d1440b649c23868d9b19e0f22e5f012826.xlsx]]
]]>
</system-out>
</testcase>
</testsuite>
<testsuite name="Fixture-LambdaTest/loginLambdaTestFixture.spec.ts" timestamp="2024-08-24T18:20:27.443Z" hostname="desktop-firefox" tests="1" failures="0" skipped="0" time="0.872" errors="0">
<testcase name="Login › Login with valid user load inventory page" classname="Fixture-LambdaTest/loginLambdaTestFixture.spec.ts" time="0.872">
<properties>
<property name="Go To" value="Go to the page: &quot;https://www.saucedemo.com&quot;">
</property>
<property name="InputText" value="Fill &quot;Username:&quot; with the value: &quot;standard_user&quot;">
</property>
<property name="InputPassword" value="Fill: &quot;Password with value: *****&quot;">
</property>
<property name="Button" value="Click: &quot;Login&quot;">
</property>
<property name="Assert" value="Check URL Page equal to: &quot;https://www.saucedemo.com/inventory.html&quot;">
</property>
</properties>
</testcase>
</testsuite>
<testsuite name="LocaleGeo/bingMaps.spec.ts" timestamp="2024-08-24T18:20:27.443Z" hostname="desktop-firefox" tests="1" failures="0" skipped="1" time="0.395" errors="0">
<testcase name="Geo Location Test › The bing maps is located to munich" classname="LocaleGeo/bingMaps.spec.ts" time="0.395">
<properties>
<property name="skip" value="Geolocation not work in firefox">
</property>
</properties>
<skipped>
</skipped>
</testcase>
</testsuite>
<testsuite name="LocaleGeo/searchLocale.spec.ts" timestamp="2024-08-24T18:20:27.443Z" hostname="desktop-firefox" tests="1" failures="0" skipped="0" time="1.85" errors="0">
<testcase name="Locale translations › Translations with locale and time zone id" classname="LocaleGeo/searchLocale.spec.ts" time="1.85">
<properties>
<property name="Go To" value="Go to the page: &quot;https://www.google.com&quot;">
</property>
<property name="Assert" value="Search button text is equal to: &quot;Buscar con Google&quot;">
</property>
</properties>
</testcase>
</testsuite>
<testsuite name="Synthetic/login.spec.ts" timestamp="2024-08-24T18:20:27.443Z" hostname="desktop-firefox" tests="1" failures="0" skipped="0" time="3.437" errors="0">
<testcase name="Synthetic login testing › Should show dashboard" classname="Synthetic/login.spec.ts" time="3.437">
</testcase>
</testsuite>
<testsuite name="Synthetic/menu.spec.ts" timestamp="2024-08-24T18:20:27.443Z" hostname="desktop-firefox" tests="1" failures="0" skipped="0" time="3.754" errors="0">
<testcase name="Synthetic testing › Should show dashboard" classname="Synthetic/menu.spec.ts" time="3.754">
<properties>
<property name="Navigation" value="Go to:https://effizientedemo.azurewebsites.net">
</property>
</properties>
</testcase>
</testsuite>
<testsuite name="VisualTesting/dashboard.spec.ts" timestamp="2024-08-24T18:20:27.443Z" hostname="desktop-firefox" tests="1" failures="0" skipped="0" time="3.645" errors="0">
<testcase name="Check Dashboard › Should show dashboard" classname="VisualTesting/dashboard.spec.ts" time="3.645">
<properties>
<property name="Mock" value="Modify the summary with fixed data">
</property>
<property name="Mock" value="Modify the &quot;Sumary Expiration&quot; with fixed data">
</property>
<property name="Mock" value="Modify the &quot;Top 5 delay&quot; with fixed data">
</property>
<property name="Mock" value="Modify the &quot;Top 5 total&quot; with fixed data">
</property>
<property name="Mock" value="Modify the &quot;Top 5 type&quot; with fixed data">
</property>
<property name="Mock" value="Modify the &quot;Top 10 Limit 1&quot; with fixed data">
</property>
<property name="Mock" value="Modify the &quot;Top 10 Limit 2&quot; with fixed data">
</property>
<property name="Mock" value="Modify the &quot;Top 10 Limit 3&quot; with fixed data">
</property>
<property name="Mock" value="Modify the &quot;Top 10 To Expire&quot; with fixed data">
</property>
<property name="Go To" value="Go to the page: &quot;https://effizientedemo.azurewebsites.net/AccountsReceivable/dashboard&quot;">
</property>
<property name="Step" value="Compare snapshot: dashboard.png with maxDiffPixelsRatio: 0.1">
</property>
</properties>
</testcase>
</testsuite>
<testsuite name="Accessibility/pageAccessibility.spec.ts" timestamp="2024-08-24T18:20:27.443Z" hostname="desktop-webkit" tests="3" failures="3" skipped="0" time="6.57" errors="0">
<testcase name="Test Accessibility By Page › Check Page accessibility" classname="Accessibility/pageAccessibility.spec.ts" time="3.622">
<properties>
<property name="Go To" value="Go to: undefined">
</property>
</properties>
<failure message="pageAccessibility.spec.ts:17:9 Check Page accessibility" type="FAILURE">
<![CDATA[  [desktop-webkit] › Accessibility/pageAccessibility.spec.ts:17:9 › Test Accessibility By Page › Check Page accessibility 

    Error: page.goto: url: expected string, got undefined

      21 |         const annotationHelper = new AnnotationHelper(page, pageToTest);
      22 |         annotationHelper.addAnnotation(AnnotationType.GoTo, 'Go to: ' + pageToTest);
    > 23 |         await page.goto(pageToTest);
         |                    ^
      24 |         await accessibilityHelper.checkAccessibility('CustomPage', annotationHelper.getAnnotations());
      25 |
      26 |     });

        at /home/runner/work/Playwright/Playwright/tests/Accessibility/pageAccessibility.spec.ts:23:20

    attachment #1: screenshot (image/png) ──────────────────────────────────────────────────────────
    test-results/Accessibility-pageAccessib-c4c16-ge-Check-Page-accessibility-desktop-webkit/test-failed-1.png
    ────────────────────────────────────────────────────────────────────────────────────────────────

    attachment #2: video (video/webm) ──────────────────────────────────────────────────────────────
    test-results/Accessibility-pageAccessib-c4c16-ge-Check-Page-accessibility-desktop-webkit/video.webm
    ────────────────────────────────────────────────────────────────────────────────────────────────

    attachment #3: trace (application/zip) ─────────────────────────────────────────────────────────
    test-results/Accessibility-pageAccessib-c4c16-ge-Check-Page-accessibility-desktop-webkit/trace.zip
    Usage:

        npx playwright show-trace test-results/Accessibility-pageAccessib-c4c16-ge-Check-Page-accessibility-desktop-webkit/trace.zip

    ────────────────────────────────────────────────────────────────────────────────────────────────
]]>
</failure>
<system-out>
<![CDATA[
[[ATTACHMENT|../test-results/Accessibility-pageAccessib-c4c16-ge-Check-Page-accessibility-desktop-webkit/test-failed-1.png]]

[[ATTACHMENT|../test-results/Accessibility-pageAccessib-c4c16-ge-Check-Page-accessibility-desktop-webkit/video.webm]]

[[ATTACHMENT|../test-results/Accessibility-pageAccessib-c4c16-ge-Check-Page-accessibility-desktop-webkit/trace.zip]]
]]>
</system-out>
</testcase>
<testcase name="Test Accessibility By Page › Check tab order" classname="Accessibility/pageAccessibility.spec.ts" time="2.405">
<properties>
<property name="Go To" value="Go to: undefined">
</property>
</properties>
<failure message="pageAccessibility.spec.ts:28:9 Check tab order" type="FAILURE">
<![CDATA[  [desktop-webkit] › Accessibility/pageAccessibility.spec.ts:28:9 › Test Accessibility By Page › Check tab order 

    Error: page.goto: url: expected string, got undefined

      32 |         const tabHelper = new TabHelper(page, keyPage);
      33 |         annotationHelper.addAnnotation(AnnotationType.GoTo, 'Go to: ' + pageToTest);
    > 34 |         await page.goto(pageToTest);
         |                    ^
      35 |         //Add a number and blue box to the element after press tab
      36 |         await tabHelper.showTabOrder();
      37 |         //Check that the tab is the same that the elements

        at /home/runner/work/Playwright/Playwright/tests/Accessibility/pageAccessibility.spec.ts:34:20

    attachment #1: screenshot (image/png) ──────────────────────────────────────────────────────────
    test-results/Accessibility-pageAccessib-bc5d8-ity-By-Page-Check-tab-order-desktop-webkit/test-failed-1.png
    ────────────────────────────────────────────────────────────────────────────────────────────────

    attachment #2: video (video/webm) ──────────────────────────────────────────────────────────────
    test-results/Accessibility-pageAccessib-bc5d8-ity-By-Page-Check-tab-order-desktop-webkit/video.webm
    ────────────────────────────────────────────────────────────────────────────────────────────────

    attachment #3: trace (application/zip) ─────────────────────────────────────────────────────────
    test-results/Accessibility-pageAccessib-bc5d8-ity-By-Page-Check-tab-order-desktop-webkit/trace.zip
    Usage:

        npx playwright show-trace test-results/Accessibility-pageAccessib-bc5d8-ity-By-Page-Check-tab-order-desktop-webkit/trace.zip

    ────────────────────────────────────────────────────────────────────────────────────────────────
]]>
</failure>
<system-out>
<![CDATA[
[[ATTACHMENT|../test-results/Accessibility-pageAccessib-bc5d8-ity-By-Page-Check-tab-order-desktop-webkit/test-failed-1.png]]

[[ATTACHMENT|../test-results/Accessibility-pageAccessib-bc5d8-ity-By-Page-Check-tab-order-desktop-webkit/video.webm]]

[[ATTACHMENT|../test-results/Accessibility-pageAccessib-bc5d8-ity-By-Page-Check-tab-order-desktop-webkit/trace.zip]]
]]>
</system-out>
</testcase>
<testcase name="Test Accessibility By Page › Check alt text &amp; aria-label" classname="Accessibility/pageAccessibility.spec.ts" time="0.543">
<properties>
<property name="Go To" value="Go to: undefined">
</property>
</properties>
<failure message="pageAccessibility.spec.ts:42:9 Check alt text &amp; aria-label" type="FAILURE">
<![CDATA[  [desktop-webkit] › Accessibility/pageAccessibility.spec.ts:42:9 › Test Accessibility By Page › Check alt text & aria-label 

    Error: page.goto: url: expected string, got undefined

      46 |         const altHelper = new AltHelper(page, keyPage, testInfo);
      47 |         annotationHelper.addAnnotation(AnnotationType.GoTo, 'Go to: ' + pageToTest);
    > 48 |         await page.goto(pageToTest);
         |                    ^
      49 |         //Check that images have alt text attribute
      50 |         await altHelper.checkAltText();
      51 |         //Generate a table with all alt texts

        at /home/runner/work/Playwright/Playwright/tests/Accessibility/pageAccessibility.spec.ts:48:20

    attachment #1: screenshot (image/png) ──────────────────────────────────────────────────────────
    test-results/Accessibility-pageAccessib-e1df0-e-Check-alt-text-aria-label-desktop-webkit/test-failed-1.png
    ────────────────────────────────────────────────────────────────────────────────────────────────

    attachment #2: video (video/webm) ──────────────────────────────────────────────────────────────
    test-results/Accessibility-pageAccessib-e1df0-e-Check-alt-text-aria-label-desktop-webkit/video.webm
    ────────────────────────────────────────────────────────────────────────────────────────────────

    attachment #3: trace (application/zip) ─────────────────────────────────────────────────────────
    test-results/Accessibility-pageAccessib-e1df0-e-Check-alt-text-aria-label-desktop-webkit/trace.zip
    Usage:

        npx playwright show-trace test-results/Accessibility-pageAccessib-e1df0-e-Check-alt-text-aria-label-desktop-webkit/trace.zip

    ────────────────────────────────────────────────────────────────────────────────────────────────
]]>
</failure>
<system-out>
<![CDATA[
[[ATTACHMENT|../test-results/Accessibility-pageAccessib-e1df0-e-Check-alt-text-aria-label-desktop-webkit/test-failed-1.png]]

[[ATTACHMENT|../test-results/Accessibility-pageAccessib-e1df0-e-Check-alt-text-aria-label-desktop-webkit/video.webm]]

[[ATTACHMENT|../test-results/Accessibility-pageAccessib-e1df0-e-Check-alt-text-aria-label-desktop-webkit/trace.zip]]
]]>
</system-out>
</testcase>
</testsuite>
<testsuite name="AI/login.spec.ts" timestamp="2024-08-24T18:20:27.443Z" hostname="desktop-webkit" tests="1" failures="0" skipped="1" time="0.476" errors="0">
<testcase name="AI Zero Step › Should show dashboard after login" classname="AI/login.spec.ts" time="0.476">
<properties>
<property name="skip" value="Zero Steps only works in chromium">
</property>
</properties>
<skipped>
</skipped>
</testcase>
</testsuite>
<testsuite name="Api/addToCart.spec.ts" timestamp="2024-08-24T18:20:27.443Z" hostname="desktop-webkit" tests="1" failures="0" skipped="0" time="26.849" errors="0">
<testcase name="WebdriverIO Shop › Should add an item to the cart" classname="Api/addToCart.spec.ts" time="26.849">
<properties>
<property name="Go To" value="Go to the page: &quot;https://shop.webdriver.io&quot;">
</property>
<property name="Link" value="Click: &quot;Shop All&quot;">
</property>
<property name="Step" value="Click in the product: &quot;WebdriverIO T-Shirt - Box Logo Tee&quot;">
</property>
<property name="Button" value="Click: &quot;button[data-dd-action-name=&quot;add-to-cart&quot;]&quot;">
</property>
<property name="Assert" value="There is one item in the bag">
</property>
<property name="Button" value="Click: &quot;button[aria-label=&quot;Cart icon&quot;]&quot;">
</property>
<property name="Assert" value="The name of the item in the cart is: &quot;WebdriverIO T-Shirt - Box Logo Tee&quot;">
</property>
<property name="Assert" value="The price of the item in the cart is: &quot;$25.00&quot;">
</property>
</properties>
</testcase>
</testsuite>
<testsuite name="Api/servers.spec.ts" timestamp="2024-08-24T18:20:27.443Z" hostname="desktop-webkit" tests="2" failures="0" skipped="0" time="15.166" errors="0">
<testcase name="Servers › Should add a server" classname="Api/servers.spec.ts" time="6.686">
<properties>
<property name="Go To" value="Go to the servers page: &quot;https://effizientedemo.azurewebsites.net/Security/servers&quot;">
</property>
<property name="Button" value="Click: &quot;Add&quot;">
</property>
<property name="InputText" value="Fill &quot;Key:&quot; with the value: &quot;762787&quot;">
</property>
<property name="InputText" value="Fill &quot;Name:&quot; with the value: &quot;Denesik - Stracke&quot;">
</property>
<property name="InputText" value="Fill &quot;Url:&quot; with the value: &quot;https://admired-diabetes.biz&quot;">
</property>
<property name="Button" value="Click: &quot;Save&quot;">
</property>
<property name="Assert" value="Success message is visible">
</property>
<property name="Assert" value="Server id should be a number greater than 1">
</property>
<property name="Assert" value="Server with the key: &quot;762787&quot; exists in the table">
</property>
<property name="Assert" value="The server name for the key: &quot;762787&quot; is: &quot;Denesik - Stracke&quot;">
</property>
<property name="Assert" value="The server url for the key: &quot;762787&quot; is: &quot;https://admired-diabetes.biz&quot;">
</property>
</properties>
</testcase>
<testcase name="Servers › Should edit a server" classname="Api/servers.spec.ts" time="8.48">
<properties>
<property name="Go To" value="Go to the servers page: &quot;https://effizientedemo.azurewebsites.net/Security/servers&quot;">
</property>
<property name="Step" value="Create server with API">
</property>
<property name="Go To" value="Go to the servers page: &quot;https://effizientedemo.azurewebsites.net/Security/servers&quot;">
</property>
<property name="InputText" value="Fill &quot;key:&quot; with the value: &quot;803172&quot;">
</property>
<property name="InputText" value="Fill &quot;Name:&quot; with the value: &quot;Brekke Group&quot;">
</property>
<property name="InputText" value="Fill &quot;Url:&quot; with the value: &quot;https://elated-strap.name/&quot;">
</property>
<property name="Button" value="Click: &quot;Save&quot;">
</property>
<property name="Assert" value="Success message is visible">
</property>
<property name="Assert" value="Server with the key: &quot;803172&quot; exists in the table">
</property>
<property name="Assert" value="The server name for the key: &quot;803172&quot; is: &quot;Brekke Group&quot;">
</property>
<property name="Assert" value="The server url for the key: &quot;803172&quot; is: &quot;https://elated-strap.name/&quot;">
</property>
</properties>
</testcase>
</testsuite>
<testsuite name="Basic/login.spec.ts" timestamp="2024-08-24T18:20:27.443Z" hostname="desktop-webkit" tests="1" failures="0" skipped="0" time="2.087" errors="0">
<testcase name="Login › Login with valid user load inventory page" classname="Basic/login.spec.ts" time="2.087">
<properties>
<property name="Go To" value="Go to the page: &quot;https://www.saucedemo.com&quot;">
</property>
<property name="InputText" value="Fill &quot;Username:&quot; with the value: &quot;standard_user&quot;">
</property>
<property name="InputPassword" value="Fill: &quot;Password with value: *****&quot;">
</property>
<property name="Button" value="Click: &quot;Login&quot;">
</property>
<property name="Assert" value="Check URL Page is equal to: &quot;https://www.saucedemo.com/inventory.html&quot;">
</property>
</properties>
</testcase>
</testsuite>
<testsuite name="Basic/menu.spec.ts" timestamp="2024-08-24T18:20:27.443Z" hostname="desktop-webkit" tests="2" failures="0" skipped="0" time="8.212" errors="0">
<testcase name="Normal user › Should returns user menu" classname="Basic/menu.spec.ts" time="4.247">
<properties>
<property name="Go To" value="Go to the page: &quot;https://effizientedemo.azurewebsites.net/AccountsReceivable/dashboard&quot;">
</property>
<property name="PrimeFacesMenu" value="Get top menus">
</property>
<property name="Assert" value="Menu are equal to: &quot;AccountsReceivable,Config&quot;">
</property>
</properties>
</testcase>
<testcase name="Admin user › Should returns admin menu" classname="Basic/menu.spec.ts" time="3.965">
<properties>
<property name="Go To" value="Go to the page: &quot;https://effizientedemo.azurewebsites.net/AccountsReceivable/dashboard&quot;">
</property>
<property name="PrimeFacesMenu" value="Get top menus">
</property>
<property name="Assert" value="Menu are equal to: &quot;AccountsReceivable,Security,Config&quot;">
</property>
</properties>
</testcase>
</testsuite>
<testsuite name="Excel/exportServers.spec.ts" timestamp="2024-08-24T18:20:27.443Z" hostname="desktop-webkit" tests="1" failures="0" skipped="0" time="3.587" errors="0">
<testcase name="Servers › Should export servers to excel" classname="Excel/exportServers.spec.ts" time="3.587">
<properties>
<property name="Go To" value="Go to the servers page: &quot;https://effizientedemo.azurewebsites.net/Security/servers&quot;">
</property>
<property name="ButtonExcel" value="Click: &quot;Export to Excel&quot;">
</property>
<property name="Assert" value="The excel file rows are equal to the grid rows">
</property>
</properties>
<system-out>
<![CDATA[
[[ATTACHMENT|../test-results/Excel-exportServers-Servers-Should-export-servers-to-excel-desktop-webkit/attachments/servers-xlsx-b45414d1440b649c23868d9b19e0f22e5f012826.xlsx]]
]]>
</system-out>
</testcase>
</testsuite>
<testsuite name="Fixture-LambdaTest/loginLambdaTestFixture.spec.ts" timestamp="2024-08-24T18:20:27.443Z" hostname="desktop-webkit" tests="1" failures="0" skipped="0" time="0.915" errors="0">
<testcase name="Login › Login with valid user load inventory page" classname="Fixture-LambdaTest/loginLambdaTestFixture.spec.ts" time="0.915">
<properties>
<property name="Go To" value="Go to the page: &quot;https://www.saucedemo.com&quot;">
</property>
<property name="InputText" value="Fill &quot;Username:&quot; with the value: &quot;standard_user&quot;">
</property>
<property name="InputPassword" value="Fill: &quot;Password with value: *****&quot;">
</property>
<property name="Button" value="Click: &quot;Login&quot;">
</property>
<property name="Assert" value="Check URL Page equal to: &quot;https://www.saucedemo.com/inventory.html&quot;">
</property>
</properties>
</testcase>
</testsuite>
<testsuite name="LocaleGeo/bingMaps.spec.ts" timestamp="2024-08-24T18:20:27.443Z" hostname="desktop-webkit" tests="1" failures="0" skipped="0" time="10.626" errors="0">
<testcase name="Geo Location Test › The bing maps is located to munich" classname="LocaleGeo/bingMaps.spec.ts" time="10.626">
<properties>
<property name="Go To" value="Go to the page: &quot;https://www.bing.com/maps&quot;">
</property>
<property name="Button" value="Click: &quot;button.locateMeBtn&quot;">
</property>
<property name="Button" value="Click: &quot;button.geochainUncollapse&quot;">
</property>
<property name="Assert" value="Geo name is equal to:GermanyBavariaMunich (District)">
</property>
</properties>
</testcase>
</testsuite>
<testsuite name="LocaleGeo/searchLocale.spec.ts" timestamp="2024-08-24T18:20:27.443Z" hostname="desktop-webkit" tests="1" failures="0" skipped="0" time="2.246" errors="0">
<testcase name="Locale translations › Translations with locale and time zone id" classname="LocaleGeo/searchLocale.spec.ts" time="2.246">
<properties>
<property name="Go To" value="Go to the page: &quot;https://www.google.com&quot;">
</property>
<property name="Assert" value="Search button text is equal to: &quot;Buscar con Google&quot;">
</property>
</properties>
</testcase>
</testsuite>
<testsuite name="Synthetic/login.spec.ts" timestamp="2024-08-24T18:20:27.443Z" hostname="desktop-webkit" tests="1" failures="0" skipped="0" time="7.842" errors="0">
<testcase name="Synthetic login testing › Should show dashboard" classname="Synthetic/login.spec.ts" time="7.842">
</testcase>
</testsuite>
<testsuite name="Synthetic/menu.spec.ts" timestamp="2024-08-24T18:20:27.443Z" hostname="desktop-webkit" tests="1" failures="0" skipped="0" time="7.346" errors="0">
<testcase name="Synthetic testing › Should show dashboard" classname="Synthetic/menu.spec.ts" time="7.346">
<properties>
<property name="Navigation" value="Go to:https://effizientedemo.azurewebsites.net">
</property>
</properties>
</testcase>
</testsuite>
<testsuite name="VisualTesting/dashboard.spec.ts" timestamp="2024-08-24T18:20:27.443Z" hostname="desktop-webkit" tests="1" failures="0" skipped="0" time="6.564" errors="0">
<testcase name="Check Dashboard › Should show dashboard" classname="VisualTesting/dashboard.spec.ts" time="6.564">
<properties>
<property name="Mock" value="Modify the summary with fixed data">
</property>
<property name="Mock" value="Modify the &quot;Sumary Expiration&quot; with fixed data">
</property>
<property name="Mock" value="Modify the &quot;Top 5 delay&quot; with fixed data">
</property>
<property name="Mock" value="Modify the &quot;Top 5 total&quot; with fixed data">
</property>
<property name="Mock" value="Modify the &quot;Top 5 type&quot; with fixed data">
</property>
<property name="Mock" value="Modify the &quot;Top 10 Limit 1&quot; with fixed data">
</property>
<property name="Mock" value="Modify the &quot;Top 10 Limit 2&quot; with fixed data">
</property>
<property name="Mock" value="Modify the &quot;Top 10 Limit 3&quot; with fixed data">
</property>
<property name="Mock" value="Modify the &quot;Top 10 To Expire&quot; with fixed data">
</property>
<property name="Go To" value="Go to the page: &quot;https://effizientedemo.azurewebsites.net/AccountsReceivable/dashboard&quot;">
</property>
<property name="Step" value="Compare snapshot: dashboard.png with maxDiffPixelsRatio: 0.1">
</property>
</properties>
</testcase>
</testsuite>
</testsuites>