<testsuites id="" name="" tests="51" failures="13" skipped="3" errors="0" time="215.71151400000002">
<testsuite name="Fixture-LambdaTest/loginLambdaTestFixture.spec.ts" timestamp="2025-01-24T05:40:54.684Z" hostname="chrome:latest:MacOS Catalina@lambdatest" tests="1" failures="0" skipped="0" time="19.966" errors="0">
<testcase name="Login › Login with valid user load inventory page" classname="Fixture-LambdaTest/loginLambdaTestFixture.spec.ts" time="19.966">
<properties>
<property name="Go To" value="Go to: &quot;https://www.saucedemo.com&quot;">
</property>
<property name="InputText" value="Fill &quot;Username:&quot; with the value: &quot;standard_user&quot;">
</property>
<property name="InputPassword" value="Fill &quot;Password&quot; with value: *****">
</property>
<property name="Button" value="Click: &quot;Login&quot;">
</property>
<property name="Assert" value="Check URL Page equal to: &quot;https://www.saucedemo.com/inventory.html">
</property>
</properties>
</testcase>
</testsuite>
<testsuite name="Fixture-LambdaTest/loginLambdaTestFixture.spec.ts" timestamp="2025-01-24T05:40:54.684Z" hostname="pw-webkit:latest:MacOS Monterey@lambdatest" tests="1" failures="1" skipped="0" time="24.866" errors="0">
<testcase name="Login › Login with valid user load inventory page" classname="Fixture-LambdaTest/loginLambdaTestFixture.spec.ts" time="24.866">
<failure message="loginLambdaTestFixture.spec.ts:9:9 Login with valid user load inventory page" type="FAILURE">
<![CDATA[  [pw-webkit:latest:MacOS Monterey@lambdatest] › Fixture-LambdaTest/loginLambdaTestFixture.spec.ts:9:9 › Login › Login with valid user load inventory page @Fixture 

    Error: browser.newPage: Protocol error (Page.overrideSetting): Unknown setting: FixedBackgroundsPaintRelativeToDocument

       at ../fixtures/lambdaTestFixture.ts:56

      54 |             const browser = await chromium.connect(`wss://cdp.lambdatest.com/playwright?capabilities=
      55 |         ${encodeURIComponent(JSON.stringify(capabilities))}`);
    > 56 |             const ltPage = await browser.newPage(testInfo.project.use);
         |                                          ^
      57 |             await use(ltPage);
      58 |             const testStatus = {
      59 |                 action: 'setTestStatus',
        at Object.page (/home/runner/work/Playwright/Playwright/fixtures/lambdaTestFixture.ts:56:42)

    attachment #1: screenshot (image/png) ──────────────────────────────────────────────────────────
    test-results/Fixture-LambdaTest-loginLa-24caa-id-user-load-inventory-page-pw-webkit-latest-MacOS-Monterey-lambdatest/test-failed-1.png
    ────────────────────────────────────────────────────────────────────────────────────────────────

    attachment #2: trace (application/zip) ─────────────────────────────────────────────────────────
    test-results/Fixture-LambdaTest-loginLa-24caa-id-user-load-inventory-page-pw-webkit-latest-MacOS-Monterey-lambdatest/trace.zip
    Usage:

        npx playwright show-trace test-results/Fixture-LambdaTest-loginLa-24caa-id-user-load-inventory-page-pw-webkit-latest-MacOS-Monterey-lambdatest/trace.zip

    ────────────────────────────────────────────────────────────────────────────────────────────────

    Retry #1 ───────────────────────────────────────────────────────────────────────────────────────

    Error: browser.newPage: Protocol error (Page.overrideSetting): Unknown setting: FixedBackgroundsPaintRelativeToDocument

       at ../fixtures/lambdaTestFixture.ts:56

      54 |             const browser = await chromium.connect(`wss://cdp.lambdatest.com/playwright?capabilities=
      55 |         ${encodeURIComponent(JSON.stringify(capabilities))}`);
    > 56 |             const ltPage = await browser.newPage(testInfo.project.use);
         |                                          ^
      57 |             await use(ltPage);
      58 |             const testStatus = {
      59 |                 action: 'setTestStatus',
        at Object.page (/home/runner/work/Playwright/Playwright/fixtures/lambdaTestFixture.ts:56:42)

    attachment #1: screenshot (image/png) ──────────────────────────────────────────────────────────
    test-results/Fixture-LambdaTest-loginLa-24caa-id-user-load-inventory-page-pw-webkit-latest-MacOS-Monterey-lambdatest-retry1/test-failed-1.png
    ────────────────────────────────────────────────────────────────────────────────────────────────

    attachment #2: trace (application/zip) ─────────────────────────────────────────────────────────
    test-results/Fixture-LambdaTest-loginLa-24caa-id-user-load-inventory-page-pw-webkit-latest-MacOS-Monterey-lambdatest-retry1/trace.zip
    Usage:

        npx playwright show-trace test-results/Fixture-LambdaTest-loginLa-24caa-id-user-load-inventory-page-pw-webkit-latest-MacOS-Monterey-lambdatest-retry1/trace.zip

    ────────────────────────────────────────────────────────────────────────────────────────────────
]]>
</failure>
<system-out>
<![CDATA[
[[ATTACHMENT|../test-results/Fixture-LambdaTest-loginLa-24caa-id-user-load-inventory-page-pw-webkit-latest-MacOS-Monterey-lambdatest/test-failed-1.png]]

[[ATTACHMENT|../test-results/Fixture-LambdaTest-loginLa-24caa-id-user-load-inventory-page-pw-webkit-latest-MacOS-Monterey-lambdatest/trace.zip]]

[[ATTACHMENT|../test-results/Fixture-LambdaTest-loginLa-24caa-id-user-load-inventory-page-pw-webkit-latest-MacOS-Monterey-lambdatest-retry1/test-failed-1.png]]

[[ATTACHMENT|../test-results/Fixture-LambdaTest-loginLa-24caa-id-user-load-inventory-page-pw-webkit-latest-MacOS-Monterey-lambdatest-retry1/trace.zip]]
]]>
</system-out>
</testcase>
</testsuite>
<testsuite name="Fixture-LambdaTest/loginLambdaTestFixture.spec.ts" timestamp="2025-01-24T05:40:54.684Z" hostname="chrome:latest:Windows 10@lambdatest" tests="1" failures="0" skipped="0" time="30.029" errors="0">
<testcase name="Login › Login with valid user load inventory page" classname="Fixture-LambdaTest/loginLambdaTestFixture.spec.ts" time="30.029">
<properties>
<property name="Go To" value="Go to: &quot;https://www.saucedemo.com&quot;">
</property>
<property name="InputText" value="Fill &quot;Username:&quot; with the value: &quot;standard_user&quot;">
</property>
<property name="InputPassword" value="Fill &quot;Password&quot; with value: *****">
</property>
<property name="Button" value="Click: &quot;Login&quot;">
</property>
<property name="Assert" value="Check URL Page equal to: &quot;https://www.saucedemo.com/inventory.html">
</property>
</properties>
</testcase>
</testsuite>
<testsuite name="AI/login.spec.ts" timestamp="2025-01-24T05:40:54.684Z" hostname="desktop-chromium" tests="1" failures="0" skipped="0" time="12.236" errors="0">
<testcase name="AI Zero Step › Should show dashboard after login" classname="AI/login.spec.ts" time="12.236">
</testcase>
</testsuite>
<testsuite name="Api/addToCart.spec.ts" timestamp="2025-01-24T05:40:54.684Z" hostname="desktop-chromium" tests="1" failures="0" skipped="0" time="14.531" errors="0">
<testcase name="WebdriverIO Shop › Should add an item to the cart" classname="Api/addToCart.spec.ts" time="14.531">
<properties>
<property name="Go To" value="Go to: &quot;https://shop.webdriver.io&quot;">
</property>
<property name="Link" value="Click: &quot;Shop All&quot;">
</property>
<property name="Step" value="Click in the product: &quot;WebdriverIO T-Shirt - Box Logo Tee&quot;">
</property>
<property name="Select" value="On &quot;Color&quot; select any option">
</property>
<property name="Select" value="On &quot;Color&quot; select the option Maroon">
</property>
<property name="Step" value="Select any available Size">
</property>
<property name="Select" value="On &quot;Size&quot; select any option">
</property>
<property name="Select" value="On &quot;Size&quot; select the option XS">
</property>
<property name="Step" value="Get the product price">
</property>
<property name="Button" value="Click: &quot; 
		Add to Cart
		 
	$25.00
&quot;">
</property>
<property name="Assert" value="There is one item in the bag">
</property>
<property name="Button" value="Click: &quot;
 
				1
			 
				items
			&quot;">
</property>
<property name="Assert" value="The name of the item in the cart is: &quot;WebdriverIO T-Shirt - Box Logo Tee&quot;">
</property>
<property name="Assert" value="The price of the item in the cart is: &quot;$25.00&quot;">
</property>
<property name="Assert" value="The subtotal is: &quot;$25.00&quot;">
</property>
</properties>
</testcase>
</testsuite>
<testsuite name="Api/servers.spec.ts" timestamp="2025-01-24T05:40:54.684Z" hostname="desktop-chromium" tests="2" failures="0" skipped="0" time="9.45" errors="0">
<testcase name="Servers › Should add a server" classname="Api/servers.spec.ts" time="4.392">
<properties>
<property name="Description" value="An admin user can add a server">
</property>
<property name="Pre Condition" value="A valid admin username and password is logged">
</property>
<property name="Go To" value="Go to the servers page: &quot;https://effizientedemo.azurewebsites.net/Security/servers&apos;&quot;">
</property>
<property name="Post Condition" value="Delete server with the key: &quot;12191&quot; if exists">
</property>
<property name="Button" value="Click: &quot;Add&quot;">
</property>
<property name="InputText" value="Fill &quot;Key:&quot; with the value: &quot;12191&quot;">
</property>
<property name="InputText" value="Fill &quot;Name:&quot; with the value: &quot;Hauck Group&quot;">
</property>
<property name="InputText" value="Fill &quot;Url:&quot; with the value: &quot;https://zany-appliance.info&quot;">
</property>
<property name="Step" value="Save server and return server id from api">
</property>
<property name="Button" value="Click: &quot;Save&quot;">
</property>
<property name="Assert" value="Success message is visible">
</property>
<property name="Assert" value="Server id should be a number greater than 1">
</property>
<property name="Assert" value="Server with the key: &quot;12191&quot; exists in the table">
</property>
<property name="Assert" value="The server name for the key: &quot;12191&quot; is: &quot;Hauck Group&quot;">
</property>
<property name="Assert" value="The server url for the key: &quot;12191&quot; is: &quot;https://zany-appliance.info&quot;">
</property>
<property name="Post Condition" value="Delete the server with API request">
</property>
</properties>
</testcase>
<testcase name="Servers › Should edit a server" classname="Api/servers.spec.ts" time="5.058">
<properties>
<property name="Description" value="An admin user can edit a server">
</property>
<property name="Pre Condition" value="A valid admin username and password is logged">
</property>
<property name="Go To" value="Go to the servers page: &quot;https://effizientedemo.azurewebsites.net/Security/servers&apos;&quot;">
</property>
<property name="Step" value="Create server with API">
</property>
<property name="Go To" value="Go to the servers page: &quot;https://effizientedemo.azurewebsites.net/Security/servers&apos;&quot;">
</property>
<property name="InputText" value="Fill &quot;key:&quot; with the value: &quot;148140&quot;">
</property>
<property name="InputText" value="Fill &quot;Name:&quot; with the value: &quot;Bashirian - Jacobson&quot;">
</property>
<property name="InputText" value="Fill &quot;Url:&quot; with the value: &quot;https://gullible-bob.name&quot;">
</property>
<property name="Button" value="Click: &quot;Save&quot;">
</property>
<property name="Assert" value="Success message is visible">
</property>
<property name="Assert" value="Server with the key: &quot;148140&quot; exists in the table">
</property>
<property name="Assert" value="The server name for the key: &quot;148140&quot; is: &quot;Bashirian - Jacobson&quot;">
</property>
<property name="Assert" value="The server url for the key: &quot;148140&quot; is: &quot;https://gullible-bob.name&quot;">
</property>
<property name="Post Condition" value="Delete the server with API request">
</property>
</properties>
</testcase>
</testsuite>
<testsuite name="Basic/login.spec.ts" timestamp="2025-01-24T05:40:54.684Z" hostname="desktop-chromium" tests="1" failures="0" skipped="0" time="1.052" errors="0">
<testcase name="Login › Login with valid user load inventory page" classname="Basic/login.spec.ts" time="1.052">
<properties>
<property name="Description" value="Login with valid user on sauce demo">
</property>
<property name="Pre Condition" value="A valid username and password">
</property>
<property name="Go To" value="Go to: &quot;https://www.saucedemo.com&quot;">
</property>
<property name="InputText" value="Fill &quot;Username:&quot; with the value: &quot;standard_user&quot;">
</property>
<property name="InputPassword" value="Fill &quot;Password&quot; with value: *****">
</property>
<property name="Button" value="Click: &quot;Login&quot;">
</property>
<property name="Assert" value="Check URL Page is equal to: &quot;https://www.saucedemo.com/inventory.html&quot;">
</property>
</properties>
</testcase>
</testsuite>
<testsuite name="Basic/menu.spec.ts" timestamp="2025-01-24T05:40:54.684Z" hostname="desktop-chromium" tests="2" failures="2" skipped="0" time="31.644" errors="0">
<testcase name="Normal user › Should returns user menu" classname="Basic/menu.spec.ts" time="16.026">
<properties>
<property name="Description" value="Login to effiziente demo with a normal user, the user will see the menu for normal users">
</property>
<property name="Pre Condition" value="A valid normal user">
</property>
<property name="Go To" value="Go to: &quot;https://effizientedemo.azurewebsites.net/AccountsReceivable/dashboard&quot;">
</property>
<property name="PrimeFacesMenu" value="Get top menus">
</property>
<property name="Assert" value="Menu are equal to: &quot;AccountsReceivable,Config&quot;">
</property>
</properties>
<failure message="menu.spec.ts:9:9 Should returns user menu" type="FAILURE">
<![CDATA[  [desktop-chromium] › Basic/menu.spec.ts:9:9 › Normal user › Should returns user menu @Basic › Menu are equal to: "AccountsReceivable,Config" 

    Error: Menu are equal to: "AccountsReceivable,Config"

    expect(received).toEqual(expected) // deep equality

    - Expected  - 4
    + Received  + 1

    - Array [
    -   "AccountsReceivable",
    -   "Config",
    - ]
    + Array []

       at ../pages/basePage.ts:119

      117 |     public async AssertArrayEqual(expected: string[], actual: string[], assertMessage: string) {
      118 |         await this.addStepWithAnnotation(AnnotationType.Assert, assertMessage, async () => {
    > 119 |             expect(expected, assertMessage).toEqual(actual);
          |                                             ^
      120 |         });
      121 |     }
      122 | }
        at /home/runner/work/Playwright/Playwright/pages/basePage.ts:119:45
        at DashboardPage.addStepWithAnnotation (/home/runner/work/Playwright/Playwright/pages/basePage.ts:56:31)
        at DashboardPage.AssertArrayEqual (/home/runner/work/Playwright/Playwright/pages/basePage.ts:118:20)
        at /home/runner/work/Playwright/Playwright/tests/Basic/menu.spec.ts:22:29

    attachment #3: screenshot (image/png) ──────────────────────────────────────────────────────────
    test-results/Basic-menu-Normal-user-Should-returns-user-menu-desktop-chromium/test-failed-1.png
    ────────────────────────────────────────────────────────────────────────────────────────────────

    attachment #4: video (video/webm) ──────────────────────────────────────────────────────────────
    test-results/Basic-menu-Normal-user-Should-returns-user-menu-desktop-chromium/video.webm
    ────────────────────────────────────────────────────────────────────────────────────────────────

    attachment #5: trace (application/zip) ─────────────────────────────────────────────────────────
    test-results/Basic-menu-Normal-user-Should-returns-user-menu-desktop-chromium/trace.zip
    Usage:

        npx playwright show-trace test-results/Basic-menu-Normal-user-Should-returns-user-menu-desktop-chromium/trace.zip

    ────────────────────────────────────────────────────────────────────────────────────────────────

    Retry #1 ───────────────────────────────────────────────────────────────────────────────────────

    Error: Menu are equal to: "AccountsReceivable,Config"

    expect(received).toEqual(expected) // deep equality

    - Expected  - 4
    + Received  + 1

    - Array [
    -   "AccountsReceivable",
    -   "Config",
    - ]
    + Array []

       at ../pages/basePage.ts:119

      117 |     public async AssertArrayEqual(expected: string[], actual: string[], assertMessage: string) {
      118 |         await this.addStepWithAnnotation(AnnotationType.Assert, assertMessage, async () => {
    > 119 |             expect(expected, assertMessage).toEqual(actual);
          |                                             ^
      120 |         });
      121 |     }
      122 | }
        at /home/runner/work/Playwright/Playwright/pages/basePage.ts:119:45
        at DashboardPage.addStepWithAnnotation (/home/runner/work/Playwright/Playwright/pages/basePage.ts:56:31)
        at DashboardPage.AssertArrayEqual (/home/runner/work/Playwright/Playwright/pages/basePage.ts:118:20)
        at /home/runner/work/Playwright/Playwright/tests/Basic/menu.spec.ts:22:29

    attachment #3: screenshot (image/png) ──────────────────────────────────────────────────────────
    test-results/Basic-menu-Normal-user-Should-returns-user-menu-desktop-chromium-retry1/test-failed-1.png
    ────────────────────────────────────────────────────────────────────────────────────────────────

    attachment #4: video (video/webm) ──────────────────────────────────────────────────────────────
    test-results/Basic-menu-Normal-user-Should-returns-user-menu-desktop-chromium-retry1/video.webm
    ────────────────────────────────────────────────────────────────────────────────────────────────

    attachment #5: trace (application/zip) ─────────────────────────────────────────────────────────
    test-results/Basic-menu-Normal-user-Should-returns-user-menu-desktop-chromium-retry1/trace.zip
    Usage:

        npx playwright show-trace test-results/Basic-menu-Normal-user-Should-returns-user-menu-desktop-chromium-retry1/trace.zip

    ────────────────────────────────────────────────────────────────────────────────────────────────
]]>
</failure>
<system-out>
<![CDATA[
[[ATTACHMENT|../test-results/Basic-menu-Normal-user-Should-returns-user-menu-desktop-chromium/test-failed-1.png]]

[[ATTACHMENT|../test-results/Basic-menu-Normal-user-Should-returns-user-menu-desktop-chromium/video.webm]]

[[ATTACHMENT|../test-results/Basic-menu-Normal-user-Should-returns-user-menu-desktop-chromium/trace.zip]]

[[ATTACHMENT|../test-results/Basic-menu-Normal-user-Should-returns-user-menu-desktop-chromium-retry1/test-failed-1.png]]

[[ATTACHMENT|../test-results/Basic-menu-Normal-user-Should-returns-user-menu-desktop-chromium-retry1/video.webm]]

[[ATTACHMENT|../test-results/Basic-menu-Normal-user-Should-returns-user-menu-desktop-chromium-retry1/trace.zip]]
]]>
</system-out>
</testcase>
<testcase name="Admin user › Should returns admin menu" classname="Basic/menu.spec.ts" time="15.618">
<properties>
<property name="Description" value="Login to effiziente demo with a admin user, the user will see the menu for admin users">
</property>
<property name="Pre Condition" value="A valid admin user">
</property>
<property name="Go To" value="Go to: &quot;https://effizientedemo.azurewebsites.net/AccountsReceivable/dashboard&quot;">
</property>
<property name="PrimeFacesMenu" value="Get top menus">
</property>
<property name="Assert" value="Menu are equal to: &quot;AccountsReceivable,Security,Config&quot;">
</property>
</properties>
<failure message="menu.spec.ts:29:9 Should returns admin menu" type="FAILURE">
<![CDATA[  [desktop-chromium] › Basic/menu.spec.ts:29:9 › Admin user › Should returns admin menu @Basic › Menu are equal to: "AccountsReceivable,Security,Config" 

    Error: Menu are equal to: "AccountsReceivable,Security,Config"

    expect(received).toEqual(expected) // deep equality

    - Expected  - 5
    + Received  + 1

    - Array [
    -   "AccountsReceivable",
    -   "Security",
    -   "Config",
    - ]
    + Array []

       at ../pages/basePage.ts:119

      117 |     public async AssertArrayEqual(expected: string[], actual: string[], assertMessage: string) {
      118 |         await this.addStepWithAnnotation(AnnotationType.Assert, assertMessage, async () => {
    > 119 |             expect(expected, assertMessage).toEqual(actual);
          |                                             ^
      120 |         });
      121 |     }
      122 | }
        at /home/runner/work/Playwright/Playwright/pages/basePage.ts:119:45
        at DashboardPage.addStepWithAnnotation (/home/runner/work/Playwright/Playwright/pages/basePage.ts:56:31)
        at DashboardPage.AssertArrayEqual (/home/runner/work/Playwright/Playwright/pages/basePage.ts:118:20)
        at /home/runner/work/Playwright/Playwright/tests/Basic/menu.spec.ts:42:29

    attachment #3: screenshot (image/png) ──────────────────────────────────────────────────────────
    test-results/Basic-menu-Admin-user-Should-returns-admin-menu-desktop-chromium/test-failed-1.png
    ────────────────────────────────────────────────────────────────────────────────────────────────

    attachment #4: video (video/webm) ──────────────────────────────────────────────────────────────
    test-results/Basic-menu-Admin-user-Should-returns-admin-menu-desktop-chromium/video.webm
    ────────────────────────────────────────────────────────────────────────────────────────────────

    attachment #5: trace (application/zip) ─────────────────────────────────────────────────────────
    test-results/Basic-menu-Admin-user-Should-returns-admin-menu-desktop-chromium/trace.zip
    Usage:

        npx playwright show-trace test-results/Basic-menu-Admin-user-Should-returns-admin-menu-desktop-chromium/trace.zip

    ────────────────────────────────────────────────────────────────────────────────────────────────

    Retry #1 ───────────────────────────────────────────────────────────────────────────────────────

    Error: Menu are equal to: "AccountsReceivable,Security,Config"

    expect(received).toEqual(expected) // deep equality

    - Expected  - 5
    + Received  + 1

    - Array [
    -   "AccountsReceivable",
    -   "Security",
    -   "Config",
    - ]
    + Array []

       at ../pages/basePage.ts:119

      117 |     public async AssertArrayEqual(expected: string[], actual: string[], assertMessage: string) {
      118 |         await this.addStepWithAnnotation(AnnotationType.Assert, assertMessage, async () => {
    > 119 |             expect(expected, assertMessage).toEqual(actual);
          |                                             ^
      120 |         });
      121 |     }
      122 | }
        at /home/runner/work/Playwright/Playwright/pages/basePage.ts:119:45
        at DashboardPage.addStepWithAnnotation (/home/runner/work/Playwright/Playwright/pages/basePage.ts:56:31)
        at DashboardPage.AssertArrayEqual (/home/runner/work/Playwright/Playwright/pages/basePage.ts:118:20)
        at /home/runner/work/Playwright/Playwright/tests/Basic/menu.spec.ts:42:29

    attachment #3: screenshot (image/png) ──────────────────────────────────────────────────────────
    test-results/Basic-menu-Admin-user-Should-returns-admin-menu-desktop-chromium-retry1/test-failed-1.png
    ────────────────────────────────────────────────────────────────────────────────────────────────

    attachment #4: video (video/webm) ──────────────────────────────────────────────────────────────
    test-results/Basic-menu-Admin-user-Should-returns-admin-menu-desktop-chromium-retry1/video.webm
    ────────────────────────────────────────────────────────────────────────────────────────────────

    attachment #5: trace (application/zip) ─────────────────────────────────────────────────────────
    test-results/Basic-menu-Admin-user-Should-returns-admin-menu-desktop-chromium-retry1/trace.zip
    Usage:

        npx playwright show-trace test-results/Basic-menu-Admin-user-Should-returns-admin-menu-desktop-chromium-retry1/trace.zip

    ────────────────────────────────────────────────────────────────────────────────────────────────
]]>
</failure>
<system-out>
<![CDATA[
[[ATTACHMENT|../test-results/Basic-menu-Admin-user-Should-returns-admin-menu-desktop-chromium/test-failed-1.png]]

[[ATTACHMENT|../test-results/Basic-menu-Admin-user-Should-returns-admin-menu-desktop-chromium/video.webm]]

[[ATTACHMENT|../test-results/Basic-menu-Admin-user-Should-returns-admin-menu-desktop-chromium/trace.zip]]

[[ATTACHMENT|../test-results/Basic-menu-Admin-user-Should-returns-admin-menu-desktop-chromium-retry1/test-failed-1.png]]

[[ATTACHMENT|../test-results/Basic-menu-Admin-user-Should-returns-admin-menu-desktop-chromium-retry1/video.webm]]

[[ATTACHMENT|../test-results/Basic-menu-Admin-user-Should-returns-admin-menu-desktop-chromium-retry1/trace.zip]]
]]>
</system-out>
</testcase>
</testsuite>
<testsuite name="Basic/parameterized.spec.ts" timestamp="2025-01-24T05:40:54.684Z" hostname="desktop-chromium" tests="2" failures="0" skipped="0" time="1.59" errors="0">
<testcase name="Login with Parameters › Login with &quot;standard_user&quot; from parameters will load inventory page" classname="Basic/parameterized.spec.ts" time="0.811">
<properties>
<property name="Description" value="Login with valid user on Sauce Demo">
</property>
<property name="Pre Condition" value="A valid username and password">
</property>
<property name="Go To" value="Go to: &quot;https://www.saucedemo.com&quot;">
</property>
<property name="InputText" value="Fill &quot;Username:&quot; with the value: &quot;standard_user&quot;">
</property>
<property name="InputPassword" value="Fill &quot;Password&quot; with value: *****">
</property>
<property name="Button" value="Click: &quot;Login&quot;">
</property>
<property name="Assert" value="Check URL Page is equal to: https://www.saucedemo.com/inventory.html&quot;">
</property>
</properties>
</testcase>
<testcase name="Login with Parameters › Login with &quot;visual_user&quot; from parameters will load inventory page" classname="Basic/parameterized.spec.ts" time="0.779">
<properties>
<property name="Description" value="Login with valid user on Sauce Demo">
</property>
<property name="Pre Condition" value="A valid username and password">
</property>
<property name="Go To" value="Go to: &quot;https://www.saucedemo.com&quot;">
</property>
<property name="InputText" value="Fill &quot;Username:&quot; with the value: &quot;visual_user&quot;">
</property>
<property name="InputPassword" value="Fill &quot;Password&quot; with value: *****">
</property>
<property name="Button" value="Click: &quot;Login&quot;">
</property>
<property name="Assert" value="Check URL Page is equal to: https://www.saucedemo.com/inventory.html&quot;">
</property>
</properties>
</testcase>
</testsuite>
<testsuite name="Excel/exportServers.spec.ts" timestamp="2025-01-24T05:40:54.684Z" hostname="desktop-chromium" tests="1" failures="0" skipped="0" time="2.656" errors="0">
<testcase name="Servers › Should export servers to excel" classname="Excel/exportServers.spec.ts" time="2.656">
<properties>
<property name="Go To" value="Go to the servers page: &quot;https://effizientedemo.azurewebsites.net/Security/servers&apos;&quot;">
</property>
<property name="ButtonExcel" value="Click: &quot;Export to Excel&quot;">
</property>
<property name="Assert" value="The excel file rows are equal to the grid rows">
</property>
</properties>
<system-out>
<![CDATA[
[[ATTACHMENT|../test-results/Excel-exportServers-Servers-Should-export-servers-to-excel-desktop-chromium/attachments/servers-xlsx-b45414d1440b649c23868d9b19e0f22e5f012826.xlsx]]
]]>
</system-out>
</testcase>
</testsuite>
<testsuite name="Fixture-LambdaTest/loginLambdaTestFixture.spec.ts" timestamp="2025-01-24T05:40:54.684Z" hostname="desktop-chromium" tests="1" failures="0" skipped="0" time="0.535" errors="0">
<testcase name="Login › Login with valid user load inventory page" classname="Fixture-LambdaTest/loginLambdaTestFixture.spec.ts" time="0.535">
<properties>
<property name="Go To" value="Go to: &quot;https://www.saucedemo.com&quot;">
</property>
<property name="InputText" value="Fill &quot;Username:&quot; with the value: &quot;standard_user&quot;">
</property>
<property name="InputPassword" value="Fill &quot;Password&quot; with value: *****">
</property>
<property name="Button" value="Click: &quot;Login&quot;">
</property>
<property name="Assert" value="Check URL Page equal to: &quot;https://www.saucedemo.com/inventory.html">
</property>
</properties>
</testcase>
</testsuite>
<testsuite name="LocaleGeo/bingMaps.spec.ts" timestamp="2025-01-24T05:40:54.684Z" hostname="desktop-chromium" tests="1" failures="0" skipped="0" time="4.921" errors="0">
<testcase name="Geo Location Test › The bing maps is located to munich" classname="LocaleGeo/bingMaps.spec.ts" time="4.921">
<properties>
<property name="Go To" value="Go to: &quot;https://www.bing.com/maps&quot;">
</property>
<property name="Button" value="Click: &quot;Locate me&quot;">
</property>
<property name="Button" value="Check if the button is visible">
</property>
<property name="Button" value="Click: &quot;Expand/Collapse Geochain&quot;">
</property>
<property name="Assert" value="Geo name is equal to: &quot;GermanyBavariaMunich (District)&quot;">
</property>
</properties>
</testcase>
</testsuite>
<testsuite name="LocaleGeo/searchLocale.spec.ts" timestamp="2025-01-24T05:40:54.684Z" hostname="desktop-chromium" tests="1" failures="0" skipped="0" time="1.404" errors="0">
<testcase name="Locale translations › Should display correct translations for specified locale and timezone" classname="LocaleGeo/searchLocale.spec.ts" time="1.404">
<properties>
<property name="Go To" value="Go to: &quot;https://www.google.com&quot;">
</property>
<property name="Assert" value="Search button text is equal to: &quot;Buscar con Google&quot;">
</property>
</properties>
</testcase>
</testsuite>
<testsuite name="Synthetic/login.spec.ts" timestamp="2025-01-24T05:40:54.684Z" hostname="desktop-chromium" tests="1" failures="0" skipped="0" time="4.207" errors="0">
<testcase name="Synthetic login testing › Should show dashboard" classname="Synthetic/login.spec.ts" time="4.207">
</testcase>
</testsuite>
<testsuite name="Synthetic/menu.spec.ts" timestamp="2025-01-24T05:40:54.684Z" hostname="desktop-chromium" tests="1" failures="1" skipped="0" time="12.868" errors="0">
<testcase name="Synthetic testing › Should show dashboard" classname="Synthetic/menu.spec.ts" time="12.868">
<properties>
<property name="Navigation" value="Go to: &quot;https://effizientedemo.azurewebsites.net&quot;">
</property>
</properties>
<failure message="menu.spec.ts:24:9 Should show dashboard" type="FAILURE">
<![CDATA[  [desktop-chromium] › Synthetic/menu.spec.ts:24:9 › Synthetic testing › Should show dashboard @PerfAgents 

    Error: expect(received).toEqual(expected) // deep equality

    - Expected  - 4
    + Received  + 1

    - Array [
    -   "AccountsReceivable",
    -   "Config",
    - ]
    + Array []

      45 |         const menusInPage = await page.locator(topMenuLocator).allInnerTexts();
      46 |         const menus = ['AccountsReceivable', 'Config'];
    > 47 |         expect(menusInPage).toEqual(menus);
         |                             ^
      48 |     });
      49 |
      50 | });
        at /home/runner/work/Playwright/Playwright/tests/Synthetic/menu.spec.ts:47:29

    attachment #3: screenshot (image/png) ──────────────────────────────────────────────────────────
    test-results/Synthetic-menu-Synthetic-testing-Should-show-dashboard-desktop-chromium/test-failed-2.png
    ────────────────────────────────────────────────────────────────────────────────────────────────

    attachment #4: screenshot (image/png) ──────────────────────────────────────────────────────────
    test-results/Synthetic-menu-Synthetic-testing-Should-show-dashboard-desktop-chromium/test-failed-1.png
    ────────────────────────────────────────────────────────────────────────────────────────────────

    attachment #5: video (video/webm) ──────────────────────────────────────────────────────────────
    test-results/Synthetic-menu-Synthetic-testing-Should-show-dashboard-desktop-chromium/video.webm
    ────────────────────────────────────────────────────────────────────────────────────────────────

    attachment #6: trace (application/zip) ─────────────────────────────────────────────────────────
    test-results/Synthetic-menu-Synthetic-testing-Should-show-dashboard-desktop-chromium/trace.zip
    Usage:

        npx playwright show-trace test-results/Synthetic-menu-Synthetic-testing-Should-show-dashboard-desktop-chromium/trace.zip

    ────────────────────────────────────────────────────────────────────────────────────────────────

    Retry #1 ───────────────────────────────────────────────────────────────────────────────────────

    Error: expect(received).toEqual(expected) // deep equality

    - Expected  - 4
    + Received  + 1

    - Array [
    -   "AccountsReceivable",
    -   "Config",
    - ]
    + Array []

      45 |         const menusInPage = await page.locator(topMenuLocator).allInnerTexts();
      46 |         const menus = ['AccountsReceivable', 'Config'];
    > 47 |         expect(menusInPage).toEqual(menus);
         |                             ^
      48 |     });
      49 |
      50 | });
        at /home/runner/work/Playwright/Playwright/tests/Synthetic/menu.spec.ts:47:29

    attachment #3: screenshot (image/png) ──────────────────────────────────────────────────────────
    test-results/Synthetic-menu-Synthetic-testing-Should-show-dashboard-desktop-chromium-retry1/test-failed-1.png
    ────────────────────────────────────────────────────────────────────────────────────────────────

    attachment #4: video (video/webm) ──────────────────────────────────────────────────────────────
    test-results/Synthetic-menu-Synthetic-testing-Should-show-dashboard-desktop-chromium-retry1/video.webm
    ────────────────────────────────────────────────────────────────────────────────────────────────

    attachment #5: trace (application/zip) ─────────────────────────────────────────────────────────
    test-results/Synthetic-menu-Synthetic-testing-Should-show-dashboard-desktop-chromium-retry1/trace.zip
    Usage:

        npx playwright show-trace test-results/Synthetic-menu-Synthetic-testing-Should-show-dashboard-desktop-chromium-retry1/trace.zip

    ────────────────────────────────────────────────────────────────────────────────────────────────
]]>
</failure>
<system-out>
<![CDATA[
[[ATTACHMENT|../test-results/Synthetic-menu-Synthetic-testing-Should-show-dashboard-desktop-chromium/test-failed-2.png]]

[[ATTACHMENT|../test-results/Synthetic-menu-Synthetic-testing-Should-show-dashboard-desktop-chromium/test-failed-1.png]]

[[ATTACHMENT|../test-results/Synthetic-menu-Synthetic-testing-Should-show-dashboard-desktop-chromium/video.webm]]

[[ATTACHMENT|../test-results/Synthetic-menu-Synthetic-testing-Should-show-dashboard-desktop-chromium/trace.zip]]

[[ATTACHMENT|../test-results/Synthetic-menu-Synthetic-testing-Should-show-dashboard-desktop-chromium-retry1/test-failed-1.png]]

[[ATTACHMENT|../test-results/Synthetic-menu-Synthetic-testing-Should-show-dashboard-desktop-chromium-retry1/video.webm]]

[[ATTACHMENT|../test-results/Synthetic-menu-Synthetic-testing-Should-show-dashboard-desktop-chromium-retry1/trace.zip]]
]]>
</system-out>
</testcase>
</testsuite>
<testsuite name="VisualTesting/dashboard.spec.ts" timestamp="2025-01-24T05:40:54.684Z" hostname="desktop-chromium" tests="1" failures="1" skipped="0" time="15.549" errors="0">
<testcase name="Check Dashboard › Should show dashboard" classname="VisualTesting/dashboard.spec.ts" time="15.549">
<properties>
<property name="Mock" value="Modify the summary with fixed data">
</property>
<property name="Mock" value="Modify the &quot;Sumary Expiration&quot; with fixed data">
</property>
<property name="Mock" value="Modify the &quot;Top 5 delay&quot; with fixed data">
</property>
<property name="Mock" value="Modify the &quot;Top 5 total&quot; with fixed data">
</property>
<property name="Mock" value="Modify the &quot;Top 5 type&quot; with fixed data">
</property>
<property name="Mock" value="Modify the &quot;Top 10 Limit 1&quot; with fixed data">
</property>
<property name="Mock" value="Modify the &quot;Top 10 Limit 2&quot; with fixed data">
</property>
<property name="Mock" value="Modify the &quot;Top 10 Limit 3&quot; with fixed data">
</property>
<property name="Mock" value="Modify the &quot;Top 10 To Expire&quot; with fixed data">
</property>
<property name="Go To" value="Go to: &quot;https://effizientedemo.azurewebsites.net/AccountsReceivable/dashboard&quot;">
</property>
<property name="Go To" value="Wait to charts are visible">
</property>
<property name="Step" value="Compare snapshot: dashboard.png with maxDiffPixelsRatio: 0.1">
</property>
</properties>
<failure message="dashboard.spec.ts:9:9 Should show dashboard" type="FAILURE">
<![CDATA[  [desktop-chromium] › VisualTesting/dashboard.spec.ts:9:9 › Check Dashboard › Should show dashboard @VisualTesting › Compare snapshot: dashboard.png with maxDiffPixelsRatio: 0.1 

    Error: Compare snapshot: dashboard.png with maxDiffPixelsRatio: 0.1

    expect(page).toHaveScreenshot(expected)

      Expected an image 1280px by 1358px, received 1280px by 1356px. 

    Expected: /home/runner/work/Playwright/Playwright/tests/VisualTesting/dashboard.spec.ts-snapshots/dashboard-desktop-chromium-linux.png
    Received: /home/runner/work/Playwright/Playwright/test-results/VisualTesting-dashboard-Ch-994a2-board-Should-show-dashboard-desktop-chromium/dashboard-actual.png
        Diff: /home/runner/work/Playwright/Playwright/test-results/VisualTesting-dashboard-Ch-994a2-board-Should-show-dashboard-desktop-chromium/dashboard-diff.png

    Call log:
      - Compare snapshot: dashboard.png with maxDiffPixelsRatio: 0.1 with timeout 10000ms
        - verifying given screenshot expectation
      - taking page screenshot
        - disabled all CSS animations
      - waiting for fonts to load...
      - fonts loaded
      - Expected an image 1280px by 1358px, received 1280px by 1356px.
      - waiting 100ms before taking screenshot
      - taking page screenshot
        - disabled all CSS animations
      - waiting for fonts to load...
      - fonts loaded
      - 199734 pixels (ratio 0.12 of all image pixels) are different.
      - waiting 250ms before taking screenshot
      - taking page screenshot
        - disabled all CSS animations
      - waiting for fonts to load...
      - fonts loaded
      - 199734 pixels (ratio 0.12 of all image pixels) are different.
      - waiting 500ms before taking screenshot
      - taking page screenshot
        - disabled all CSS animations
      - waiting for fonts to load...
      - fonts loaded
      - captured a stable screenshot
      - Expected an image 1280px by 1358px, received 1280px by 1356px.


       at ../utils/VisualHelper.ts:24

      22 |          
      23 |         await test.step(stepDescription, async () => {
    > 24 |             await expect(this.page, stepDescription).toHaveScreenshot(snapshotName,
         |                                                      ^
      25 |                 {
      26 |                     maxDiffPixelRatio: maxDiffPixelsRatio,
      27 |                     timeout: timeout,
        at /home/runner/work/Playwright/Playwright/utils/VisualHelper.ts:24:54
        at VisualHelper.checkPageSnapshot (/home/runner/work/Playwright/Playwright/utils/VisualHelper.ts:23:20)
        at DashboardPage.checkSnapshot (/home/runner/work/Playwright/Playwright/pages/Effiziente/dashboardPage.ts:54:9)
        at /home/runner/work/Playwright/Playwright/tests/VisualTesting/dashboard.spec.ts:21:9

    attachment #3: dashboard-expected.png (image/png) ──────────────────────────────────────────────
    tests/VisualTesting/dashboard.spec.ts-snapshots/dashboard-desktop-chromium-linux.png
    ────────────────────────────────────────────────────────────────────────────────────────────────

    attachment #4: dashboard-actual.png (image/png) ────────────────────────────────────────────────
    test-results/VisualTesting-dashboard-Ch-994a2-board-Should-show-dashboard-desktop-chromium/dashboard-actual.png
    ────────────────────────────────────────────────────────────────────────────────────────────────

    attachment #5: dashboard-diff.png (image/png) ──────────────────────────────────────────────────
    test-results/VisualTesting-dashboard-Ch-994a2-board-Should-show-dashboard-desktop-chromium/dashboard-diff.png
    ────────────────────────────────────────────────────────────────────────────────────────────────

    attachment #6: screenshot (image/png) ──────────────────────────────────────────────────────────
    test-results/VisualTesting-dashboard-Ch-994a2-board-Should-show-dashboard-desktop-chromium/test-failed-1.png
    ────────────────────────────────────────────────────────────────────────────────────────────────

    attachment #7: video (video/webm) ──────────────────────────────────────────────────────────────
    test-results/VisualTesting-dashboard-Ch-994a2-board-Should-show-dashboard-desktop-chromium/video.webm
    ────────────────────────────────────────────────────────────────────────────────────────────────

    attachment #8: trace (application/zip) ─────────────────────────────────────────────────────────
    test-results/VisualTesting-dashboard-Ch-994a2-board-Should-show-dashboard-desktop-chromium/trace.zip
    Usage:

        npx playwright show-trace test-results/VisualTesting-dashboard-Ch-994a2-board-Should-show-dashboard-desktop-chromium/trace.zip

    ────────────────────────────────────────────────────────────────────────────────────────────────

    Retry #1 ───────────────────────────────────────────────────────────────────────────────────────

    Error: Compare snapshot: dashboard.png with maxDiffPixelsRatio: 0.1

    expect(page).toHaveScreenshot(expected)

      Expected an image 1280px by 1358px, received 1280px by 1356px. 

    Expected: /home/runner/work/Playwright/Playwright/tests/VisualTesting/dashboard.spec.ts-snapshots/dashboard-desktop-chromium-linux.png
    Received: /home/runner/work/Playwright/Playwright/test-results/VisualTesting-dashboard-Ch-994a2-board-Should-show-dashboard-desktop-chromium-retry1/dashboard-actual.png
        Diff: /home/runner/work/Playwright/Playwright/test-results/VisualTesting-dashboard-Ch-994a2-board-Should-show-dashboard-desktop-chromium-retry1/dashboard-diff.png

    Call log:
      - Compare snapshot: dashboard.png with maxDiffPixelsRatio: 0.1 with timeout 10000ms
        - verifying given screenshot expectation
      - taking page screenshot
        - disabled all CSS animations
      - waiting for fonts to load...
      - fonts loaded
      - Expected an image 1280px by 1358px, received 1280px by 1356px.
      - waiting 100ms before taking screenshot
      - taking page screenshot
        - disabled all CSS animations
      - waiting for fonts to load...
      - fonts loaded
      - captured a stable screenshot
      - Expected an image 1280px by 1358px, received 1280px by 1356px.


       at ../utils/VisualHelper.ts:24

      22 |          
      23 |         await test.step(stepDescription, async () => {
    > 24 |             await expect(this.page, stepDescription).toHaveScreenshot(snapshotName,
         |                                                      ^
      25 |                 {
      26 |                     maxDiffPixelRatio: maxDiffPixelsRatio,
      27 |                     timeout: timeout,
        at /home/runner/work/Playwright/Playwright/utils/VisualHelper.ts:24:54
        at VisualHelper.checkPageSnapshot (/home/runner/work/Playwright/Playwright/utils/VisualHelper.ts:23:20)
        at DashboardPage.checkSnapshot (/home/runner/work/Playwright/Playwright/pages/Effiziente/dashboardPage.ts:54:9)
        at /home/runner/work/Playwright/Playwright/tests/VisualTesting/dashboard.spec.ts:21:9

    attachment #3: dashboard-expected.png (image/png) ──────────────────────────────────────────────
    tests/VisualTesting/dashboard.spec.ts-snapshots/dashboard-desktop-chromium-linux.png
    ────────────────────────────────────────────────────────────────────────────────────────────────

    attachment #4: dashboard-actual.png (image/png) ────────────────────────────────────────────────
    test-results/VisualTesting-dashboard-Ch-994a2-board-Should-show-dashboard-desktop-chromium-retry1/dashboard-actual.png
    ────────────────────────────────────────────────────────────────────────────────────────────────

    attachment #5: dashboard-diff.png (image/png) ──────────────────────────────────────────────────
    test-results/VisualTesting-dashboard-Ch-994a2-board-Should-show-dashboard-desktop-chromium-retry1/dashboard-diff.png
    ────────────────────────────────────────────────────────────────────────────────────────────────

    attachment #6: screenshot (image/png) ──────────────────────────────────────────────────────────
    test-results/VisualTesting-dashboard-Ch-994a2-board-Should-show-dashboard-desktop-chromium-retry1/test-failed-1.png
    ────────────────────────────────────────────────────────────────────────────────────────────────

    attachment #7: video (video/webm) ──────────────────────────────────────────────────────────────
    test-results/VisualTesting-dashboard-Ch-994a2-board-Should-show-dashboard-desktop-chromium-retry1/video.webm
    ────────────────────────────────────────────────────────────────────────────────────────────────

    attachment #8: trace (application/zip) ─────────────────────────────────────────────────────────
    test-results/VisualTesting-dashboard-Ch-994a2-board-Should-show-dashboard-desktop-chromium-retry1/trace.zip
    Usage:

        npx playwright show-trace test-results/VisualTesting-dashboard-Ch-994a2-board-Should-show-dashboard-desktop-chromium-retry1/trace.zip

    ────────────────────────────────────────────────────────────────────────────────────────────────
]]>
</failure>
<system-out>
<![CDATA[
[[ATTACHMENT|../tests/VisualTesting/dashboard.spec.ts-snapshots/dashboard-desktop-chromium-linux.png]]

[[ATTACHMENT|../test-results/VisualTesting-dashboard-Ch-994a2-board-Should-show-dashboard-desktop-chromium/dashboard-actual.png]]

[[ATTACHMENT|../test-results/VisualTesting-dashboard-Ch-994a2-board-Should-show-dashboard-desktop-chromium/dashboard-diff.png]]

[[ATTACHMENT|../test-results/VisualTesting-dashboard-Ch-994a2-board-Should-show-dashboard-desktop-chromium/test-failed-1.png]]

[[ATTACHMENT|../test-results/VisualTesting-dashboard-Ch-994a2-board-Should-show-dashboard-desktop-chromium/video.webm]]

[[ATTACHMENT|../test-results/VisualTesting-dashboard-Ch-994a2-board-Should-show-dashboard-desktop-chromium/trace.zip]]

[[ATTACHMENT|../tests/VisualTesting/dashboard.spec.ts-snapshots/dashboard-desktop-chromium-linux.png]]

[[ATTACHMENT|../test-results/VisualTesting-dashboard-Ch-994a2-board-Should-show-dashboard-desktop-chromium-retry1/dashboard-actual.png]]

[[ATTACHMENT|../test-results/VisualTesting-dashboard-Ch-994a2-board-Should-show-dashboard-desktop-chromium-retry1/dashboard-diff.png]]

[[ATTACHMENT|../test-results/VisualTesting-dashboard-Ch-994a2-board-Should-show-dashboard-desktop-chromium-retry1/test-failed-1.png]]

[[ATTACHMENT|../test-results/VisualTesting-dashboard-Ch-994a2-board-Should-show-dashboard-desktop-chromium-retry1/video.webm]]

[[ATTACHMENT|../test-results/VisualTesting-dashboard-Ch-994a2-board-Should-show-dashboard-desktop-chromium-retry1/trace.zip]]
]]>
</system-out>
</testcase>
</testsuite>
<testsuite name="AI/login.spec.ts" timestamp="2025-01-24T05:40:54.684Z" hostname="desktop-firefox" tests="1" failures="0" skipped="1" time="1.095" errors="0">
<testcase name="AI Zero Step › Should show dashboard after login" classname="AI/login.spec.ts" time="1.095">
<properties>
<property name="skip" value="Zero Steps only works in chromium">
</property>
</properties>
<skipped>
</skipped>
</testcase>
</testsuite>
<testsuite name="Api/addToCart.spec.ts" timestamp="2025-01-24T05:40:54.684Z" hostname="desktop-firefox" tests="1" failures="0" skipped="0" time="15.373" errors="0">
<testcase name="WebdriverIO Shop › Should add an item to the cart" classname="Api/addToCart.spec.ts" time="15.373">
<properties>
<property name="Go To" value="Go to: &quot;https://shop.webdriver.io&quot;">
</property>
<property name="Link" value="Click: &quot;Shop All&quot;">
</property>
<property name="Step" value="Click in the product: &quot;WebdriverIO Trucker Cap&quot;">
</property>
<property name="Select" value="On &quot;Color&quot; select any option">
</property>
<property name="Select" value="On &quot;Color&quot; select the option Navy/ White">
</property>
<property name="Step" value="Select any available Size">
</property>
<property name="Step" value="Get the product price">
</property>
<property name="Button" value="Click: &quot; 
		Add to Cart
		 
	$16.00
&quot;">
</property>
<property name="Assert" value="There is one item in the bag">
</property>
<property name="Button" value="Click: &quot;
 
				1
			 
				items
			&quot;">
</property>
<property name="Assert" value="The name of the item in the cart is: &quot;WebdriverIO Trucker Cap&quot;">
</property>
<property name="Assert" value="The price of the item in the cart is: &quot;$16.00&quot;">
</property>
<property name="Assert" value="The subtotal is: &quot;$16.00&quot;">
</property>
</properties>
</testcase>
</testsuite>
<testsuite name="Api/servers.spec.ts" timestamp="2025-01-24T05:40:54.684Z" hostname="desktop-firefox" tests="2" failures="0" skipped="0" time="10.331" errors="0">
<testcase name="Servers › Should add a server" classname="Api/servers.spec.ts" time="5.526">
<properties>
<property name="Description" value="An admin user can add a server">
</property>
<property name="Pre Condition" value="A valid admin username and password is logged">
</property>
<property name="Go To" value="Go to the servers page: &quot;https://effizientedemo.azurewebsites.net/Security/servers&apos;&quot;">
</property>
<property name="Post Condition" value="Delete server with the key: &quot;736994&quot; if exists">
</property>
<property name="Button" value="Click: &quot;Add&quot;">
</property>
<property name="InputText" value="Fill &quot;Key:&quot; with the value: &quot;736994&quot;">
</property>
<property name="InputText" value="Fill &quot;Name:&quot; with the value: &quot;Larson LLC&quot;">
</property>
<property name="InputText" value="Fill &quot;Url:&quot; with the value: &quot;https://ragged-cheese.biz/&quot;">
</property>
<property name="Step" value="Save server and return server id from api">
</property>
<property name="Button" value="Click: &quot;Save&quot;">
</property>
<property name="Assert" value="Success message is visible">
</property>
<property name="Assert" value="Server id should be a number greater than 1">
</property>
<property name="Assert" value="Server with the key: &quot;736994&quot; exists in the table">
</property>
<property name="Assert" value="The server name for the key: &quot;736994&quot; is: &quot;Larson LLC&quot;">
</property>
<property name="Assert" value="The server url for the key: &quot;736994&quot; is: &quot;https://ragged-cheese.biz/&quot;">
</property>
<property name="Post Condition" value="Delete the server with API request">
</property>
</properties>
</testcase>
<testcase name="Servers › Should edit a server" classname="Api/servers.spec.ts" time="4.805">
<properties>
<property name="Description" value="An admin user can edit a server">
</property>
<property name="Pre Condition" value="A valid admin username and password is logged">
</property>
<property name="Go To" value="Go to the servers page: &quot;https://effizientedemo.azurewebsites.net/Security/servers&apos;&quot;">
</property>
<property name="Step" value="Create server with API">
</property>
<property name="Go To" value="Go to the servers page: &quot;https://effizientedemo.azurewebsites.net/Security/servers&apos;&quot;">
</property>
<property name="InputText" value="Fill &quot;key:&quot; with the value: &quot;898754&quot;">
</property>
<property name="InputText" value="Fill &quot;Name:&quot; with the value: &quot;Sipes - Kuhlman&quot;">
</property>
<property name="InputText" value="Fill &quot;Url:&quot; with the value: &quot;https://giving-newsstand.info&quot;">
</property>
<property name="Button" value="Click: &quot;Save&quot;">
</property>
<property name="Assert" value="Success message is visible">
</property>
<property name="Assert" value="Server with the key: &quot;898754&quot; exists in the table">
</property>
<property name="Assert" value="The server name for the key: &quot;898754&quot; is: &quot;Sipes - Kuhlman&quot;">
</property>
<property name="Assert" value="The server url for the key: &quot;898754&quot; is: &quot;https://giving-newsstand.info&quot;">
</property>
<property name="Post Condition" value="Delete the server with API request">
</property>
</properties>
</testcase>
</testsuite>
<testsuite name="Basic/login.spec.ts" timestamp="2025-01-24T05:40:54.684Z" hostname="desktop-firefox" tests="1" failures="0" skipped="0" time="0.972" errors="0">
<testcase name="Login › Login with valid user load inventory page" classname="Basic/login.spec.ts" time="0.972">
<properties>
<property name="Description" value="Login with valid user on sauce demo">
</property>
<property name="Pre Condition" value="A valid username and password">
</property>
<property name="Go To" value="Go to: &quot;https://www.saucedemo.com&quot;">
</property>
<property name="InputText" value="Fill &quot;Username:&quot; with the value: &quot;standard_user&quot;">
</property>
<property name="InputPassword" value="Fill &quot;Password&quot; with value: *****">
</property>
<property name="Button" value="Click: &quot;Login&quot;">
</property>
<property name="Assert" value="Check URL Page is equal to: &quot;https://www.saucedemo.com/inventory.html&quot;">
</property>
</properties>
</testcase>
</testsuite>
<testsuite name="Basic/menu.spec.ts" timestamp="2025-01-24T05:40:54.684Z" hostname="desktop-firefox" tests="2" failures="2" skipped="0" time="18.164" errors="0">
<testcase name="Normal user › Should returns user menu" classname="Basic/menu.spec.ts" time="9.074">
<properties>
<property name="Description" value="Login to effiziente demo with a normal user, the user will see the menu for normal users">
</property>
<property name="Pre Condition" value="A valid normal user">
</property>
<property name="Go To" value="Go to: &quot;https://effizientedemo.azurewebsites.net/AccountsReceivable/dashboard&quot;">
</property>
<property name="PrimeFacesMenu" value="Get top menus">
</property>
<property name="Assert" value="Menu are equal to: &quot;AccountsReceivable,Config&quot;">
</property>
</properties>
<failure message="menu.spec.ts:9:9 Should returns user menu" type="FAILURE">
<![CDATA[  [desktop-firefox] › Basic/menu.spec.ts:9:9 › Normal user › Should returns user menu @Basic › Menu are equal to: "AccountsReceivable,Config" 

    Error: Menu are equal to: "AccountsReceivable,Config"

    expect(received).toEqual(expected) // deep equality

    - Expected  - 4
    + Received  + 1

    - Array [
    -   "AccountsReceivable",
    -   "Config",
    - ]
    + Array []

       at ../pages/basePage.ts:119

      117 |     public async AssertArrayEqual(expected: string[], actual: string[], assertMessage: string) {
      118 |         await this.addStepWithAnnotation(AnnotationType.Assert, assertMessage, async () => {
    > 119 |             expect(expected, assertMessage).toEqual(actual);
          |                                             ^
      120 |         });
      121 |     }
      122 | }
        at /home/runner/work/Playwright/Playwright/pages/basePage.ts:119:45
        at DashboardPage.addStepWithAnnotation (/home/runner/work/Playwright/Playwright/pages/basePage.ts:56:31)
        at DashboardPage.AssertArrayEqual (/home/runner/work/Playwright/Playwright/pages/basePage.ts:118:20)
        at /home/runner/work/Playwright/Playwright/tests/Basic/menu.spec.ts:22:29

    attachment #3: screenshot (image/png) ──────────────────────────────────────────────────────────
    test-results/Basic-menu-Normal-user-Should-returns-user-menu-desktop-firefox/test-failed-1.png
    ────────────────────────────────────────────────────────────────────────────────────────────────

    attachment #4: video (video/webm) ──────────────────────────────────────────────────────────────
    test-results/Basic-menu-Normal-user-Should-returns-user-menu-desktop-firefox/video.webm
    ────────────────────────────────────────────────────────────────────────────────────────────────

    attachment #5: trace (application/zip) ─────────────────────────────────────────────────────────
    test-results/Basic-menu-Normal-user-Should-returns-user-menu-desktop-firefox/trace.zip
    Usage:

        npx playwright show-trace test-results/Basic-menu-Normal-user-Should-returns-user-menu-desktop-firefox/trace.zip

    ────────────────────────────────────────────────────────────────────────────────────────────────

    Retry #1 ───────────────────────────────────────────────────────────────────────────────────────

    Error: Menu are equal to: "AccountsReceivable,Config"

    expect(received).toEqual(expected) // deep equality

    - Expected  - 4
    + Received  + 1

    - Array [
    -   "AccountsReceivable",
    -   "Config",
    - ]
    + Array []

       at ../pages/basePage.ts:119

      117 |     public async AssertArrayEqual(expected: string[], actual: string[], assertMessage: string) {
      118 |         await this.addStepWithAnnotation(AnnotationType.Assert, assertMessage, async () => {
    > 119 |             expect(expected, assertMessage).toEqual(actual);
          |                                             ^
      120 |         });
      121 |     }
      122 | }
        at /home/runner/work/Playwright/Playwright/pages/basePage.ts:119:45
        at DashboardPage.addStepWithAnnotation (/home/runner/work/Playwright/Playwright/pages/basePage.ts:56:31)
        at DashboardPage.AssertArrayEqual (/home/runner/work/Playwright/Playwright/pages/basePage.ts:118:20)
        at /home/runner/work/Playwright/Playwright/tests/Basic/menu.spec.ts:22:29

    attachment #3: screenshot (image/png) ──────────────────────────────────────────────────────────
    test-results/Basic-menu-Normal-user-Should-returns-user-menu-desktop-firefox-retry1/test-failed-1.png
    ────────────────────────────────────────────────────────────────────────────────────────────────

    attachment #4: video (video/webm) ──────────────────────────────────────────────────────────────
    test-results/Basic-menu-Normal-user-Should-returns-user-menu-desktop-firefox-retry1/video.webm
    ────────────────────────────────────────────────────────────────────────────────────────────────

    attachment #5: trace (application/zip) ─────────────────────────────────────────────────────────
    test-results/Basic-menu-Normal-user-Should-returns-user-menu-desktop-firefox-retry1/trace.zip
    Usage:

        npx playwright show-trace test-results/Basic-menu-Normal-user-Should-returns-user-menu-desktop-firefox-retry1/trace.zip

    ────────────────────────────────────────────────────────────────────────────────────────────────
]]>
</failure>
<system-out>
<![CDATA[
[[ATTACHMENT|../test-results/Basic-menu-Normal-user-Should-returns-user-menu-desktop-firefox/test-failed-1.png]]

[[ATTACHMENT|../test-results/Basic-menu-Normal-user-Should-returns-user-menu-desktop-firefox/video.webm]]

[[ATTACHMENT|../test-results/Basic-menu-Normal-user-Should-returns-user-menu-desktop-firefox/trace.zip]]

[[ATTACHMENT|../test-results/Basic-menu-Normal-user-Should-returns-user-menu-desktop-firefox-retry1/test-failed-1.png]]

[[ATTACHMENT|../test-results/Basic-menu-Normal-user-Should-returns-user-menu-desktop-firefox-retry1/video.webm]]

[[ATTACHMENT|../test-results/Basic-menu-Normal-user-Should-returns-user-menu-desktop-firefox-retry1/trace.zip]]
]]>
</system-out>
</testcase>
<testcase name="Admin user › Should returns admin menu" classname="Basic/menu.spec.ts" time="9.09">
<properties>
<property name="Description" value="Login to effiziente demo with a admin user, the user will see the menu for admin users">
</property>
<property name="Pre Condition" value="A valid admin user">
</property>
<property name="Go To" value="Go to: &quot;https://effizientedemo.azurewebsites.net/AccountsReceivable/dashboard&quot;">
</property>
<property name="PrimeFacesMenu" value="Get top menus">
</property>
<property name="Assert" value="Menu are equal to: &quot;AccountsReceivable,Security,Config&quot;">
</property>
</properties>
<failure message="menu.spec.ts:29:9 Should returns admin menu" type="FAILURE">
<![CDATA[  [desktop-firefox] › Basic/menu.spec.ts:29:9 › Admin user › Should returns admin menu @Basic › Menu are equal to: "AccountsReceivable,Security,Config" 

    Error: Menu are equal to: "AccountsReceivable,Security,Config"

    expect(received).toEqual(expected) // deep equality

    - Expected  - 5
    + Received  + 1

    - Array [
    -   "AccountsReceivable",
    -   "Security",
    -   "Config",
    - ]
    + Array []

       at ../pages/basePage.ts:119

      117 |     public async AssertArrayEqual(expected: string[], actual: string[], assertMessage: string) {
      118 |         await this.addStepWithAnnotation(AnnotationType.Assert, assertMessage, async () => {
    > 119 |             expect(expected, assertMessage).toEqual(actual);
          |                                             ^
      120 |         });
      121 |     }
      122 | }
        at /home/runner/work/Playwright/Playwright/pages/basePage.ts:119:45
        at DashboardPage.addStepWithAnnotation (/home/runner/work/Playwright/Playwright/pages/basePage.ts:56:31)
        at DashboardPage.AssertArrayEqual (/home/runner/work/Playwright/Playwright/pages/basePage.ts:118:20)
        at /home/runner/work/Playwright/Playwright/tests/Basic/menu.spec.ts:42:29

    attachment #3: screenshot (image/png) ──────────────────────────────────────────────────────────
    test-results/Basic-menu-Admin-user-Should-returns-admin-menu-desktop-firefox/test-failed-1.png
    ────────────────────────────────────────────────────────────────────────────────────────────────

    attachment #4: video (video/webm) ──────────────────────────────────────────────────────────────
    test-results/Basic-menu-Admin-user-Should-returns-admin-menu-desktop-firefox/video.webm
    ────────────────────────────────────────────────────────────────────────────────────────────────

    attachment #5: trace (application/zip) ─────────────────────────────────────────────────────────
    test-results/Basic-menu-Admin-user-Should-returns-admin-menu-desktop-firefox/trace.zip
    Usage:

        npx playwright show-trace test-results/Basic-menu-Admin-user-Should-returns-admin-menu-desktop-firefox/trace.zip

    ────────────────────────────────────────────────────────────────────────────────────────────────

    Retry #1 ───────────────────────────────────────────────────────────────────────────────────────

    Error: Menu are equal to: "AccountsReceivable,Security,Config"

    expect(received).toEqual(expected) // deep equality

    - Expected  - 5
    + Received  + 1

    - Array [
    -   "AccountsReceivable",
    -   "Security",
    -   "Config",
    - ]
    + Array []

       at ../pages/basePage.ts:119

      117 |     public async AssertArrayEqual(expected: string[], actual: string[], assertMessage: string) {
      118 |         await this.addStepWithAnnotation(AnnotationType.Assert, assertMessage, async () => {
    > 119 |             expect(expected, assertMessage).toEqual(actual);
          |                                             ^
      120 |         });
      121 |     }
      122 | }
        at /home/runner/work/Playwright/Playwright/pages/basePage.ts:119:45
        at DashboardPage.addStepWithAnnotation (/home/runner/work/Playwright/Playwright/pages/basePage.ts:56:31)
        at DashboardPage.AssertArrayEqual (/home/runner/work/Playwright/Playwright/pages/basePage.ts:118:20)
        at /home/runner/work/Playwright/Playwright/tests/Basic/menu.spec.ts:42:29

    attachment #3: screenshot (image/png) ──────────────────────────────────────────────────────────
    test-results/Basic-menu-Admin-user-Should-returns-admin-menu-desktop-firefox-retry1/test-failed-1.png
    ────────────────────────────────────────────────────────────────────────────────────────────────

    attachment #4: video (video/webm) ──────────────────────────────────────────────────────────────
    test-results/Basic-menu-Admin-user-Should-returns-admin-menu-desktop-firefox-retry1/video.webm
    ────────────────────────────────────────────────────────────────────────────────────────────────

    attachment #5: trace (application/zip) ─────────────────────────────────────────────────────────
    test-results/Basic-menu-Admin-user-Should-returns-admin-menu-desktop-firefox-retry1/trace.zip
    Usage:

        npx playwright show-trace test-results/Basic-menu-Admin-user-Should-returns-admin-menu-desktop-firefox-retry1/trace.zip

    ────────────────────────────────────────────────────────────────────────────────────────────────
]]>
</failure>
<system-out>
<![CDATA[
[[ATTACHMENT|../test-results/Basic-menu-Admin-user-Should-returns-admin-menu-desktop-firefox/test-failed-1.png]]

[[ATTACHMENT|../test-results/Basic-menu-Admin-user-Should-returns-admin-menu-desktop-firefox/video.webm]]

[[ATTACHMENT|../test-results/Basic-menu-Admin-user-Should-returns-admin-menu-desktop-firefox/trace.zip]]

[[ATTACHMENT|../test-results/Basic-menu-Admin-user-Should-returns-admin-menu-desktop-firefox-retry1/test-failed-1.png]]

[[ATTACHMENT|../test-results/Basic-menu-Admin-user-Should-returns-admin-menu-desktop-firefox-retry1/video.webm]]

[[ATTACHMENT|../test-results/Basic-menu-Admin-user-Should-returns-admin-menu-desktop-firefox-retry1/trace.zip]]
]]>
</system-out>
</testcase>
</testsuite>
<testsuite name="Basic/parameterized.spec.ts" timestamp="2025-01-24T05:40:54.684Z" hostname="desktop-firefox" tests="2" failures="0" skipped="0" time="4.7" errors="0">
<testcase name="Login with Parameters › Login with &quot;standard_user&quot; from parameters will load inventory page" classname="Basic/parameterized.spec.ts" time="2.329">
<properties>
<property name="Description" value="Login with valid user on Sauce Demo">
</property>
<property name="Pre Condition" value="A valid username and password">
</property>
<property name="Go To" value="Go to: &quot;https://www.saucedemo.com&quot;">
</property>
<property name="InputText" value="Fill &quot;Username:&quot; with the value: &quot;standard_user&quot;">
</property>
<property name="InputPassword" value="Fill &quot;Password&quot; with value: *****">
</property>
<property name="Button" value="Click: &quot;Login&quot;">
</property>
<property name="Assert" value="Check URL Page is equal to: https://www.saucedemo.com/inventory.html&quot;">
</property>
</properties>
</testcase>
<testcase name="Login with Parameters › Login with &quot;visual_user&quot; from parameters will load inventory page" classname="Basic/parameterized.spec.ts" time="2.371">
<properties>
<property name="Description" value="Login with valid user on Sauce Demo">
</property>
<property name="Pre Condition" value="A valid username and password">
</property>
<property name="Go To" value="Go to: &quot;https://www.saucedemo.com&quot;">
</property>
<property name="InputText" value="Fill &quot;Username:&quot; with the value: &quot;visual_user&quot;">
</property>
<property name="InputPassword" value="Fill &quot;Password&quot; with value: *****">
</property>
<property name="Button" value="Click: &quot;Login&quot;">
</property>
<property name="Assert" value="Check URL Page is equal to: https://www.saucedemo.com/inventory.html&quot;">
</property>
</properties>
</testcase>
</testsuite>
<testsuite name="Excel/exportServers.spec.ts" timestamp="2025-01-24T05:40:54.684Z" hostname="desktop-firefox" tests="1" failures="0" skipped="0" time="2.914" errors="0">
<testcase name="Servers › Should export servers to excel" classname="Excel/exportServers.spec.ts" time="2.914">
<properties>
<property name="Go To" value="Go to the servers page: &quot;https://effizientedemo.azurewebsites.net/Security/servers&apos;&quot;">
</property>
<property name="ButtonExcel" value="Click: &quot;Export to Excel&quot;">
</property>
<property name="Assert" value="The excel file rows are equal to the grid rows">
</property>
</properties>
<system-out>
<![CDATA[
[[ATTACHMENT|../test-results/Excel-exportServers-Servers-Should-export-servers-to-excel-desktop-firefox/attachments/servers-xlsx-b45414d1440b649c23868d9b19e0f22e5f012826.xlsx]]
]]>
</system-out>
</testcase>
</testsuite>
<testsuite name="Fixture-LambdaTest/loginLambdaTestFixture.spec.ts" timestamp="2025-01-24T05:40:54.684Z" hostname="desktop-firefox" tests="1" failures="0" skipped="0" time="0.644" errors="0">
<testcase name="Login › Login with valid user load inventory page" classname="Fixture-LambdaTest/loginLambdaTestFixture.spec.ts" time="0.644">
<properties>
<property name="Go To" value="Go to: &quot;https://www.saucedemo.com&quot;">
</property>
<property name="InputText" value="Fill &quot;Username:&quot; with the value: &quot;standard_user&quot;">
</property>
<property name="InputPassword" value="Fill &quot;Password&quot; with value: *****">
</property>
<property name="Button" value="Click: &quot;Login&quot;">
</property>
<property name="Assert" value="Check URL Page equal to: &quot;https://www.saucedemo.com/inventory.html">
</property>
</properties>
</testcase>
</testsuite>
<testsuite name="LocaleGeo/bingMaps.spec.ts" timestamp="2025-01-24T05:40:54.684Z" hostname="desktop-firefox" tests="1" failures="0" skipped="1" time="0.301" errors="0">
<testcase name="Geo Location Test › The bing maps is located to munich" classname="LocaleGeo/bingMaps.spec.ts" time="0.301">
<properties>
<property name="skip" value="Geolocation not work in firefox">
</property>
</properties>
<skipped>
</skipped>
</testcase>
</testsuite>
<testsuite name="LocaleGeo/searchLocale.spec.ts" timestamp="2025-01-24T05:40:54.684Z" hostname="desktop-firefox" tests="1" failures="0" skipped="0" time="1.638" errors="0">
<testcase name="Locale translations › Should display correct translations for specified locale and timezone" classname="LocaleGeo/searchLocale.spec.ts" time="1.638">
<properties>
<property name="Go To" value="Go to: &quot;https://www.google.com&quot;">
</property>
<property name="Assert" value="Search button text is equal to: &quot;Buscar con Google&quot;">
</property>
</properties>
</testcase>
</testsuite>
<testsuite name="Synthetic/login.spec.ts" timestamp="2025-01-24T05:40:54.684Z" hostname="desktop-firefox" tests="1" failures="0" skipped="0" time="3.567" errors="0">
<testcase name="Synthetic login testing › Should show dashboard" classname="Synthetic/login.spec.ts" time="3.567">
</testcase>
</testsuite>
<testsuite name="Synthetic/menu.spec.ts" timestamp="2025-01-24T05:40:54.684Z" hostname="desktop-firefox" tests="1" failures="1" skipped="0" time="10.216" errors="0">
<testcase name="Synthetic testing › Should show dashboard" classname="Synthetic/menu.spec.ts" time="10.216">
<properties>
<property name="Navigation" value="Go to: &quot;https://effizientedemo.azurewebsites.net&quot;">
</property>
</properties>
<failure message="menu.spec.ts:24:9 Should show dashboard" type="FAILURE">
<![CDATA[  [desktop-firefox] › Synthetic/menu.spec.ts:24:9 › Synthetic testing › Should show dashboard @PerfAgents 

    Error: expect(received).toEqual(expected) // deep equality

    - Expected  - 4
    + Received  + 1

    - Array [
    -   "AccountsReceivable",
    -   "Config",
    - ]
    + Array []

      45 |         const menusInPage = await page.locator(topMenuLocator).allInnerTexts();
      46 |         const menus = ['AccountsReceivable', 'Config'];
    > 47 |         expect(menusInPage).toEqual(menus);
         |                             ^
      48 |     });
      49 |
      50 | });
        at /home/runner/work/Playwright/Playwright/tests/Synthetic/menu.spec.ts:47:29

    attachment #3: screenshot (image/png) ──────────────────────────────────────────────────────────
    test-results/Synthetic-menu-Synthetic-testing-Should-show-dashboard-desktop-firefox/test-failed-2.png
    ────────────────────────────────────────────────────────────────────────────────────────────────

    attachment #4: screenshot (image/png) ──────────────────────────────────────────────────────────
    test-results/Synthetic-menu-Synthetic-testing-Should-show-dashboard-desktop-firefox/test-failed-1.png
    ────────────────────────────────────────────────────────────────────────────────────────────────

    attachment #5: video (video/webm) ──────────────────────────────────────────────────────────────
    test-results/Synthetic-menu-Synthetic-testing-Should-show-dashboard-desktop-firefox/video.webm
    ────────────────────────────────────────────────────────────────────────────────────────────────

    attachment #6: trace (application/zip) ─────────────────────────────────────────────────────────
    test-results/Synthetic-menu-Synthetic-testing-Should-show-dashboard-desktop-firefox/trace.zip
    Usage:

        npx playwright show-trace test-results/Synthetic-menu-Synthetic-testing-Should-show-dashboard-desktop-firefox/trace.zip

    ────────────────────────────────────────────────────────────────────────────────────────────────

    Retry #1 ───────────────────────────────────────────────────────────────────────────────────────

    Error: expect(received).toEqual(expected) // deep equality

    - Expected  - 4
    + Received  + 1

    - Array [
    -   "AccountsReceivable",
    -   "Config",
    - ]
    + Array []

      45 |         const menusInPage = await page.locator(topMenuLocator).allInnerTexts();
      46 |         const menus = ['AccountsReceivable', 'Config'];
    > 47 |         expect(menusInPage).toEqual(menus);
         |                             ^
      48 |     });
      49 |
      50 | });
        at /home/runner/work/Playwright/Playwright/tests/Synthetic/menu.spec.ts:47:29

    attachment #3: screenshot (image/png) ──────────────────────────────────────────────────────────
    test-results/Synthetic-menu-Synthetic-testing-Should-show-dashboard-desktop-firefox-retry1/test-failed-1.png
    ────────────────────────────────────────────────────────────────────────────────────────────────

    attachment #4: video (video/webm) ──────────────────────────────────────────────────────────────
    test-results/Synthetic-menu-Synthetic-testing-Should-show-dashboard-desktop-firefox-retry1/video.webm
    ────────────────────────────────────────────────────────────────────────────────────────────────

    attachment #5: trace (application/zip) ─────────────────────────────────────────────────────────
    test-results/Synthetic-menu-Synthetic-testing-Should-show-dashboard-desktop-firefox-retry1/trace.zip
    Usage:

        npx playwright show-trace test-results/Synthetic-menu-Synthetic-testing-Should-show-dashboard-desktop-firefox-retry1/trace.zip

    ────────────────────────────────────────────────────────────────────────────────────────────────
]]>
</failure>
<system-out>
<![CDATA[
[[ATTACHMENT|../test-results/Synthetic-menu-Synthetic-testing-Should-show-dashboard-desktop-firefox/test-failed-2.png]]

[[ATTACHMENT|../test-results/Synthetic-menu-Synthetic-testing-Should-show-dashboard-desktop-firefox/test-failed-1.png]]

[[ATTACHMENT|../test-results/Synthetic-menu-Synthetic-testing-Should-show-dashboard-desktop-firefox/video.webm]]

[[ATTACHMENT|../test-results/Synthetic-menu-Synthetic-testing-Should-show-dashboard-desktop-firefox/trace.zip]]

[[ATTACHMENT|../test-results/Synthetic-menu-Synthetic-testing-Should-show-dashboard-desktop-firefox-retry1/test-failed-1.png]]

[[ATTACHMENT|../test-results/Synthetic-menu-Synthetic-testing-Should-show-dashboard-desktop-firefox-retry1/video.webm]]

[[ATTACHMENT|../test-results/Synthetic-menu-Synthetic-testing-Should-show-dashboard-desktop-firefox-retry1/trace.zip]]
]]>
</system-out>
</testcase>
</testsuite>
<testsuite name="VisualTesting/dashboard.spec.ts" timestamp="2025-01-24T05:40:54.684Z" hostname="desktop-firefox" tests="1" failures="1" skipped="0" time="10.043" errors="0">
<testcase name="Check Dashboard › Should show dashboard" classname="VisualTesting/dashboard.spec.ts" time="10.043">
<properties>
<property name="Mock" value="Modify the summary with fixed data">
</property>
<property name="Mock" value="Modify the &quot;Sumary Expiration&quot; with fixed data">
</property>
<property name="Mock" value="Modify the &quot;Top 5 delay&quot; with fixed data">
</property>
<property name="Mock" value="Modify the &quot;Top 5 total&quot; with fixed data">
</property>
<property name="Mock" value="Modify the &quot;Top 5 type&quot; with fixed data">
</property>
<property name="Mock" value="Modify the &quot;Top 10 Limit 1&quot; with fixed data">
</property>
<property name="Mock" value="Modify the &quot;Top 10 Limit 2&quot; with fixed data">
</property>
<property name="Mock" value="Modify the &quot;Top 10 Limit 3&quot; with fixed data">
</property>
<property name="Mock" value="Modify the &quot;Top 10 To Expire&quot; with fixed data">
</property>
<property name="Go To" value="Go to: &quot;https://effizientedemo.azurewebsites.net/AccountsReceivable/dashboard&quot;">
</property>
<property name="Go To" value="Wait to charts are visible">
</property>
<property name="Step" value="Compare snapshot: dashboard.png with maxDiffPixelsRatio: 0.1">
</property>
</properties>
<failure message="dashboard.spec.ts:9:9 Should show dashboard" type="FAILURE">
<![CDATA[  [desktop-firefox] › VisualTesting/dashboard.spec.ts:9:9 › Check Dashboard › Should show dashboard @VisualTesting › Compare snapshot: dashboard.png with maxDiffPixelsRatio: 0.1 

    Error: Compare snapshot: dashboard.png with maxDiffPixelsRatio: 0.1

    expect(page).toHaveScreenshot(expected)

      Expected an image 1280px by 1358px, received 1280px by 1356px. 

    Expected: /home/runner/work/Playwright/Playwright/tests/VisualTesting/dashboard.spec.ts-snapshots/dashboard-desktop-firefox-linux.png
    Received: /home/runner/work/Playwright/Playwright/test-results/VisualTesting-dashboard-Ch-994a2-board-Should-show-dashboard-desktop-firefox/dashboard-actual.png
        Diff: /home/runner/work/Playwright/Playwright/test-results/VisualTesting-dashboard-Ch-994a2-board-Should-show-dashboard-desktop-firefox/dashboard-diff.png

    Call log:
      - Compare snapshot: dashboard.png with maxDiffPixelsRatio: 0.1 with timeout 10000ms
        - verifying given screenshot expectation
      - taking page screenshot
        - disabled all CSS animations
      - waiting for fonts to load...
      - fonts loaded
      - Expected an image 1280px by 1358px, received 1280px by 1356px.
      - waiting 100ms before taking screenshot
      - taking page screenshot
        - disabled all CSS animations
      - waiting for fonts to load...
      - fonts loaded
      - captured a stable screenshot
      - Expected an image 1280px by 1358px, received 1280px by 1356px.


       at ../utils/VisualHelper.ts:24

      22 |          
      23 |         await test.step(stepDescription, async () => {
    > 24 |             await expect(this.page, stepDescription).toHaveScreenshot(snapshotName,
         |                                                      ^
[...]
</property>
<property name="ButtonExcel" value="Click: &quot;Export to Excel&quot;">
</property>
<property name="Assert" value="The excel file rows are equal to the grid rows">
</property>
</properties>
<system-out>
<![CDATA[
[[ATTACHMENT|../test-results/Excel-exportServers-Servers-Should-export-servers-to-excel-desktop-webkit/attachments/servers-xlsx-b45414d1440b649c23868d9b19e0f22e5f012826.xlsx]]
]]>
</system-out>
</testcase>
</testsuite>
<testsuite name="Fixture-LambdaTest/loginLambdaTestFixture.spec.ts" timestamp="2025-01-24T05:40:54.684Z" hostname="desktop-webkit" tests="1" failures="0" skipped="0" time="0.586" errors="0">
<testcase name="Login › Login with valid user load inventory page" classname="Fixture-LambdaTest/loginLambdaTestFixture.spec.ts" time="0.586">
<properties>
<property name="Go To" value="Go to: &quot;https://www.saucedemo.com&quot;">
</property>
<property name="InputText" value="Fill &quot;Username:&quot; with the value: &quot;standard_user&quot;">
</property>
<property name="InputPassword" value="Fill &quot;Password&quot; with value: *****">
</property>
<property name="Button" value="Click: &quot;Login&quot;">
</property>
<property name="Assert" value="Check URL Page equal to: &quot;https://www.saucedemo.com/inventory.html">
</property>
</properties>
</testcase>
</testsuite>
<testsuite name="LocaleGeo/bingMaps.spec.ts" timestamp="2025-01-24T05:40:54.684Z" hostname="desktop-webkit" tests="1" failures="0" skipped="0" time="10.261" errors="0">
<testcase name="Geo Location Test › The bing maps is located to munich" classname="LocaleGeo/bingMaps.spec.ts" time="10.261">
<properties>
<property name="Go To" value="Go to: &quot;https://www.bing.com/maps&quot;">
</property>
<property name="Button" value="Click: &quot;Locate me&quot;">
</property>
<property name="Button" value="Check if the button is visible">
</property>
<property name="Button" value="Click: &quot;Expand/Collapse Geochain&quot;">
</property>
<property name="Assert" value="Geo name is equal to: &quot;GermanyBavariaMunich (District)&quot;">
</property>
</properties>
</testcase>
</testsuite>
<testsuite name="LocaleGeo/searchLocale.spec.ts" timestamp="2025-01-24T05:40:54.684Z" hostname="desktop-webkit" tests="1" failures="0" skipped="0" time="1.867" errors="0">
<testcase name="Locale translations › Should display correct translations for specified locale and timezone" classname="LocaleGeo/searchLocale.spec.ts" time="1.867">
<properties>
<property name="Go To" value="Go to: &quot;https://www.google.com&quot;">
</property>
<property name="Assert" value="Search button text is equal to: &quot;Buscar con Google&quot;">
</property>
</properties>
</testcase>
</testsuite>
<testsuite name="Synthetic/login.spec.ts" timestamp="2025-01-24T05:40:54.684Z" hostname="desktop-webkit" tests="1" failures="0" skipped="0" time="5.808" errors="0">
<testcase name="Synthetic login testing › Should show dashboard" classname="Synthetic/login.spec.ts" time="5.808">
</testcase>
</testsuite>
<testsuite name="Synthetic/menu.spec.ts" timestamp="2025-01-24T05:40:54.684Z" hostname="desktop-webkit" tests="1" failures="1" skipped="0" time="10.85" errors="0">
<testcase name="Synthetic testing › Should show dashboard" classname="Synthetic/menu.spec.ts" time="10.85">
<properties>
<property name="Navigation" value="Go to: &quot;https://effizientedemo.azurewebsites.net&quot;">
</property>
</properties>
<failure message="menu.spec.ts:24:9 Should show dashboard" type="FAILURE">
<![CDATA[  [desktop-webkit] › Synthetic/menu.spec.ts:24:9 › Synthetic testing › Should show dashboard @PerfAgents 

    Error: expect(received).toEqual(expected) // deep equality

    - Expected  - 4
    + Received  + 1

    - Array [
    -   "AccountsReceivable",
    -   "Config",
    - ]
    + Array []

      45 |         const menusInPage = await page.locator(topMenuLocator).allInnerTexts();
      46 |         const menus = ['AccountsReceivable', 'Config'];
    > 47 |         expect(menusInPage).toEqual(menus);
         |                             ^
      48 |     });
      49 |
      50 | });
        at /home/runner/work/Playwright/Playwright/tests/Synthetic/menu.spec.ts:47:29

    attachment #3: screenshot (image/png) ──────────────────────────────────────────────────────────
    test-results/Synthetic-menu-Synthetic-testing-Should-show-dashboard-desktop-webkit/test-failed-1.png
    ────────────────────────────────────────────────────────────────────────────────────────────────

    attachment #4: screenshot (image/png) ──────────────────────────────────────────────────────────
    test-results/Synthetic-menu-Synthetic-testing-Should-show-dashboard-desktop-webkit/test-failed-2.png
    ────────────────────────────────────────────────────────────────────────────────────────────────

    attachment #5: video (video/webm) ──────────────────────────────────────────────────────────────
    test-results/Synthetic-menu-Synthetic-testing-Should-show-dashboard-desktop-webkit/video.webm
    ────────────────────────────────────────────────────────────────────────────────────────────────

    attachment #6: trace (application/zip) ─────────────────────────────────────────────────────────
    test-results/Synthetic-menu-Synthetic-testing-Should-show-dashboard-desktop-webkit/trace.zip
    Usage:

        npx playwright show-trace test-results/Synthetic-menu-Synthetic-testing-Should-show-dashboard-desktop-webkit/trace.zip

    ────────────────────────────────────────────────────────────────────────────────────────────────

    Retry #1 ───────────────────────────────────────────────────────────────────────────────────────

    Error: expect(received).toEqual(expected) // deep equality

    - Expected  - 4
    + Received  + 1

    - Array [
    -   "AccountsReceivable",
    -   "Config",
    - ]
    + Array []

      45 |         const menusInPage = await page.locator(topMenuLocator).allInnerTexts();
      46 |         const menus = ['AccountsReceivable', 'Config'];
    > 47 |         expect(menusInPage).toEqual(menus);
         |                             ^
      48 |     });
      49 |
      50 | });
        at /home/runner/work/Playwright/Playwright/tests/Synthetic/menu.spec.ts:47:29

    attachment #3: screenshot (image/png) ──────────────────────────────────────────────────────────
    test-results/Synthetic-menu-Synthetic-testing-Should-show-dashboard-desktop-webkit-retry1/test-failed-1.png
    ────────────────────────────────────────────────────────────────────────────────────────────────

    attachment #4: video (video/webm) ──────────────────────────────────────────────────────────────
    test-results/Synthetic-menu-Synthetic-testing-Should-show-dashboard-desktop-webkit-retry1/video.webm
    ────────────────────────────────────────────────────────────────────────────────────────────────

    attachment #5: trace (application/zip) ─────────────────────────────────────────────────────────
    test-results/Synthetic-menu-Synthetic-testing-Should-show-dashboard-desktop-webkit-retry1/trace.zip
    Usage:

        npx playwright show-trace test-results/Synthetic-menu-Synthetic-testing-Should-show-dashboard-desktop-webkit-retry1/trace.zip

    ────────────────────────────────────────────────────────────────────────────────────────────────
]]>
</failure>
<system-out>
<![CDATA[
[[ATTACHMENT|../test-results/Synthetic-menu-Synthetic-testing-Should-show-dashboard-desktop-webkit/test-failed-1.png]]

[[ATTACHMENT|../test-results/Synthetic-menu-Synthetic-testing-Should-show-dashboard-desktop-webkit/test-failed-2.png]]

[[ATTACHMENT|../test-results/Synthetic-menu-Synthetic-testing-Should-show-dashboard-desktop-webkit/video.webm]]

[[ATTACHMENT|../test-results/Synthetic-menu-Synthetic-testing-Should-show-dashboard-desktop-webkit/trace.zip]]

[[ATTACHMENT|../test-results/Synthetic-menu-Synthetic-testing-Should-show-dashboard-desktop-webkit-retry1/test-failed-1.png]]

[[ATTACHMENT|../test-results/Synthetic-menu-Synthetic-testing-Should-show-dashboard-desktop-webkit-retry1/video.webm]]

[[ATTACHMENT|../test-results/Synthetic-menu-Synthetic-testing-Should-show-dashboard-desktop-webkit-retry1/trace.zip]]
]]>
</system-out>
</testcase>
</testsuite>
<testsuite name="VisualTesting/dashboard.spec.ts" timestamp="2025-01-24T05:40:54.684Z" hostname="desktop-webkit" tests="1" failures="1" skipped="0" time="13.714" errors="0">
<testcase name="Check Dashboard › Should show dashboard" classname="VisualTesting/dashboard.spec.ts" time="13.714">
<properties>
<property name="Mock" value="Modify the summary with fixed data">
</property>
<property name="Mock" value="Modify the &quot;Sumary Expiration&quot; with fixed data">
</property>
<property name="Mock" value="Modify the &quot;Top 5 delay&quot; with fixed data">
</property>
<property name="Mock" value="Modify the &quot;Top 5 total&quot; with fixed data">
</property>
<property name="Mock" value="Modify the &quot;Top 5 type&quot; with fixed data">
</property>
<property name="Mock" value="Modify the &quot;Top 10 Limit 1&quot; with fixed data">
</property>
<property name="Mock" value="Modify the &quot;Top 10 Limit 2&quot; with fixed data">
</property>
<property name="Mock" value="Modify the &quot;Top 10 Limit 3&quot; with fixed data">
</property>
<property name="Mock" value="Modify the &quot;Top 10 To Expire&quot; with fixed data">
</property>
<property name="Go To" value="Go to: &quot;https://effizientedemo.azurewebsites.net/AccountsReceivable/dashboard&quot;">
</property>
<property name="Go To" value="Wait to charts are visible">
</property>
<property name="Step" value="Compare snapshot: dashboard.png with maxDiffPixelsRatio: 0.1">
</property>
</properties>
<failure message="dashboard.spec.ts:9:9 Should show dashboard" type="FAILURE">
<![CDATA[  [desktop-webkit] › VisualTesting/dashboard.spec.ts:9:9 › Check Dashboard › Should show dashboard @VisualTesting › Compare snapshot: dashboard.png with maxDiffPixelsRatio: 0.1 

    Error: Compare snapshot: dashboard.png with maxDiffPixelsRatio: 0.1

    expect(page).toHaveScreenshot(expected)

      Expected an image 1280px by 1358px, received 1280px by 1356px. 

    Expected: /home/runner/work/Playwright/Playwright/tests/VisualTesting/dashboard.spec.ts-snapshots/dashboard-desktop-webkit-linux.png
    Received: /home/runner/work/Playwright/Playwright/test-results/VisualTesting-dashboard-Ch-994a2-board-Should-show-dashboard-desktop-webkit/dashboard-actual.png
        Diff: /home/runner/work/Playwright/Playwright/test-results/VisualTesting-dashboard-Ch-994a2-board-Should-show-dashboard-desktop-webkit/dashboard-diff.png

    Call log:
      - Compare snapshot: dashboard.png with maxDiffPixelsRatio: 0.1 with timeout 10000ms
        - verifying given screenshot expectation
      - taking page screenshot
        - disabled all CSS animations
      - waiting for fonts to load...
      - fonts loaded
      - Expected an image 1280px by 1358px, received 1280px by 1356px.
      - waiting 100ms before taking screenshot
      - taking page screenshot
        - disabled all CSS animations
      - waiting for fonts to load...
      - fonts loaded
      - captured a stable screenshot
      - Expected an image 1280px by 1358px, received 1280px by 1356px.


       at ../utils/VisualHelper.ts:24

      22 |          
      23 |         await test.step(stepDescription, async () => {
    > 24 |             await expect(this.page, stepDescription).toHaveScreenshot(snapshotName,
         |                                                      ^
      25 |                 {
      26 |                     maxDiffPixelRatio: maxDiffPixelsRatio,
      27 |                     timeout: timeout,
        at /home/runner/work/Playwright/Playwright/utils/VisualHelper.ts:24:54
        at VisualHelper.checkPageSnapshot (/home/runner/work/Playwright/Playwright/utils/VisualHelper.ts:23:20)
        at DashboardPage.checkSnapshot (/home/runner/work/Playwright/Playwright/pages/Effiziente/dashboardPage.ts:54:9)
        at /home/runner/work/Playwright/Playwright/tests/VisualTesting/dashboard.spec.ts:21:9

    attachment #3: dashboard-expected.png (image/png) ──────────────────────────────────────────────
    tests/VisualTesting/dashboard.spec.ts-snapshots/dashboard-desktop-webkit-linux.png
    ────────────────────────────────────────────────────────────────────────────────────────────────

    attachment #4: dashboard-actual.png (image/png) ────────────────────────────────────────────────
    test-results/VisualTesting-dashboard-Ch-994a2-board-Should-show-dashboard-desktop-webkit/dashboard-actual.png
    ────────────────────────────────────────────────────────────────────────────────────────────────

    attachment #5: dashboard-diff.png (image/png) ──────────────────────────────────────────────────
    test-results/VisualTesting-dashboard-Ch-994a2-board-Should-show-dashboard-desktop-webkit/dashboard-diff.png
    ────────────────────────────────────────────────────────────────────────────────────────────────

    attachment #6: screenshot (image/png) ──────────────────────────────────────────────────────────
    test-results/VisualTesting-dashboard-Ch-994a2-board-Should-show-dashboard-desktop-webkit/test-failed-1.png
    ────────────────────────────────────────────────────────────────────────────────────────────────

    attachment #7: video (video/webm) ──────────────────────────────────────────────────────────────
    test-results/VisualTesting-dashboard-Ch-994a2-board-Should-show-dashboard-desktop-webkit/video.webm
    ────────────────────────────────────────────────────────────────────────────────────────────────

    attachment #8: trace (application/zip) ─────────────────────────────────────────────────────────
    test-results/VisualTesting-dashboard-Ch-994a2-board-Should-show-dashboard-desktop-webkit/trace.zip
    Usage:

        npx playwright show-trace test-results/VisualTesting-dashboard-Ch-994a2-board-Should-show-dashboard-desktop-webkit/trace.zip

    ────────────────────────────────────────────────────────────────────────────────────────────────

    Retry #1 ───────────────────────────────────────────────────────────────────────────────────────

    Error: Compare snapshot: dashboard.png with maxDiffPixelsRatio: 0.1

    expect(page).toHaveScreenshot(expected)

      Expected an image 1280px by 1358px, received 1280px by 1356px. 

    Expected: /home/runner/work/Playwright/Playwright/tests/VisualTesting/dashboard.spec.ts-snapshots/dashboard-desktop-webkit-linux.png
    Received: /home/runner/work/Playwright/Playwright/test-results/VisualTesting-dashboard-Ch-994a2-board-Should-show-dashboard-desktop-webkit-retry1/dashboard-actual.png
        Diff: /home/runner/work/Playwright/Playwright/test-results/VisualTesting-dashboard-Ch-994a2-board-Should-show-dashboard-desktop-webkit-retry1/dashboard-diff.png

    Call log:
      - Compare snapshot: dashboard.png with maxDiffPixelsRatio: 0.1 with timeout 10000ms
        - verifying given screenshot expectation
      - taking page screenshot
        - disabled all CSS animations
      - waiting for fonts to load...
      - fonts loaded
      - Expected an image 1280px by 1358px, received 1280px by 1356px.
      - waiting 100ms before taking screenshot
      - taking page screenshot
        - disabled all CSS animations
      - waiting for fonts to load...
      - fonts loaded
      - captured a stable screenshot
      - Expected an image 1280px by 1358px, received 1280px by 1356px.


       at ../utils/VisualHelper.ts:24

      22 |          
      23 |         await test.step(stepDescription, async () => {
    > 24 |             await expect(this.page, stepDescription).toHaveScreenshot(snapshotName,
         |                                                      ^
      25 |                 {
      26 |                     maxDiffPixelRatio: maxDiffPixelsRatio,
      27 |                     timeout: timeout,
        at /home/runner/work/Playwright/Playwright/utils/VisualHelper.ts:24:54
        at VisualHelper.checkPageSnapshot (/home/runner/work/Playwright/Playwright/utils/VisualHelper.ts:23:20)
        at DashboardPage.checkSnapshot (/home/runner/work/Playwright/Playwright/pages/Effiziente/dashboardPage.ts:54:9)
        at /home/runner/work/Playwright/Playwright/tests/VisualTesting/dashboard.spec.ts:21:9

    attachment #3: dashboard-expected.png (image/png) ──────────────────────────────────────────────
    tests/VisualTesting/dashboard.spec.ts-snapshots/dashboard-desktop-webkit-linux.png
    ────────────────────────────────────────────────────────────────────────────────────────────────

    attachment #4: dashboard-actual.png (image/png) ────────────────────────────────────────────────
    test-results/VisualTesting-dashboard-Ch-994a2-board-Should-show-dashboard-desktop-webkit-retry1/dashboard-actual.png
    ────────────────────────────────────────────────────────────────────────────────────────────────

    attachment #5: dashboard-diff.png (image/png) ──────────────────────────────────────────────────
    test-results/VisualTesting-dashboard-Ch-994a2-board-Should-show-dashboard-desktop-webkit-retry1/dashboard-diff.png
    ────────────────────────────────────────────────────────────────────────────────────────────────

    attachment #6: screenshot (image/png) ──────────────────────────────────────────────────────────
    test-results/VisualTesting-dashboard-Ch-994a2-board-Should-show-dashboard-desktop-webkit-retry1/test-failed-1.png
    ────────────────────────────────────────────────────────────────────────────────────────────────

    attachment #7: video (video/webm) ──────────────────────────────────────────────────────────────
    test-results/VisualTesting-dashboard-Ch-994a2-board-Should-show-dashboard-desktop-webkit-retry1/video.webm
    ────────────────────────────────────────────────────────────────────────────────────────────────

    attachment #8: trace (application/zip) ─────────────────────────────────────────────────────────
    test-results/VisualTesting-dashboard-Ch-994a2-board-Should-show-dashboard-desktop-webkit-retry1/trace.zip
    Usage:

        npx playwright show-trace test-results/VisualTesting-dashboard-Ch-994a2-board-Should-show-dashboard-desktop-webkit-retry1/trace.zip

    ────────────────────────────────────────────────────────────────────────────────────────────────
]]>
</failure>
<system-out>
<![CDATA[
[[ATTACHMENT|../tests/VisualTesting/dashboard.spec.ts-snapshots/dashboard-desktop-webkit-linux.png]]

[[ATTACHMENT|../test-results/VisualTesting-dashboard-Ch-994a2-board-Should-show-dashboard-desktop-webkit/dashboard-actual.png]]

[[ATTACHMENT|../test-results/VisualTesting-dashboard-Ch-994a2-board-Should-show-dashboard-desktop-webkit/dashboard-diff.png]]

[[ATTACHMENT|../test-results/VisualTesting-dashboard-Ch-994a2-board-Should-show-dashboard-desktop-webkit/test-failed-1.png]]

[[ATTACHMENT|../test-results/VisualTesting-dashboard-Ch-994a2-board-Should-show-dashboard-desktop-webkit/video.webm]]

[[ATTACHMENT|../test-results/VisualTesting-dashboard-Ch-994a2-board-Should-show-dashboard-desktop-webkit/trace.zip]]

[[ATTACHMENT|../tests/VisualTesting/dashboard.spec.ts-snapshots/dashboard-desktop-webkit-linux.png]]

[[ATTACHMENT|../test-results/VisualTesting-dashboard-Ch-994a2-board-Should-show-dashboard-desktop-webkit-retry1/dashboard-actual.png]]

[[ATTACHMENT|../test-results/VisualTesting-dashboard-Ch-994a2-board-Should-show-dashboard-desktop-webkit-retry1/dashboard-diff.png]]

[[ATTACHMENT|../test-results/VisualTesting-dashboard-Ch-994a2-board-Should-show-dashboard-desktop-webkit-retry1/test-failed-1.png]]

[[ATTACHMENT|../test-results/VisualTesting-dashboard-Ch-994a2-board-Should-show-dashboard-desktop-webkit-retry1/video.webm]]

[[ATTACHMENT|../test-results/VisualTesting-dashboard-Ch-994a2-board-Should-show-dashboard-desktop-webkit-retry1/trace.zip]]
]]>
</system-out>
</testcase>
</testsuite>
</testsuites>