<testsuites id="" name="" tests="36" failures="12" skipped="2" errors="0" time="318.420229">
<testsuite name="SauceDemo/loginLambdaTestFixture.spec.ts" timestamp="2024-04-24T03:54:42.726Z" hostname="chrome:latest:MacOS Catalina@lambdatest" tests="1" failures="1" skipped="0" time="58.895" errors="0">
<testcase name="Login › Login with valid user load inventory page" classname="SauceDemo/loginLambdaTestFixture.spec.ts" time="58.895">
<properties>
<property name="Go To" value="Go to the page: &quot;https://www.saucedemo.com&quot;">
</property>
</properties>
<failure message="loginLambdaTestFixture.spec.ts:8:9 Login with valid user load inventory page" type="FAILURE">
<![CDATA[  [chrome:latest:MacOS Catalina@lambdatest] › SauceDemo/loginLambdaTestFixture.spec.ts:8:9 › Login › Login with valid user load inventory page › Get label 

    TimeoutError: locator.innerText: Timeout 10000ms exceeded.
    Call log:
      - waiting for locator('label[for="user-name"]')


       at ../components/BaseComponent.ts:101

       99 |                 const id = await this.locator.getAttribute('id');
      100 |                 if (id) {
    > 101 |                     this.label = await this.page.locator('label[for="' + id + '"]').innerText();
          |                                                                                     ^
      102 |                     if (this.label)
      103 |                         return this.label;
      104 |                     const placeHolderAttribute = await this.locator.getAttribute('placeholder');

        at /home/runner/work/PlaywrightFramework/PlaywrightFramework/components/BaseComponent.ts:101:85
        at InputText.addStep (/home/runner/work/PlaywrightFramework/PlaywrightFramework/components/BaseComponent.ts:50:20)
        at InputText.getLabel (/home/runner/work/PlaywrightFramework/PlaywrightFramework/components/BaseComponent.ts:97:16)
        at InputText.fill (/home/runner/work/PlaywrightFramework/PlaywrightFramework/components/InputText.ts:30:22)
        at LoginPage.loginWithUser (/home/runner/work/PlaywrightFramework/PlaywrightFramework/pages/SauceDemo/loginPage.ts:29:9)
        at /home/runner/work/PlaywrightFramework/PlaywrightFramework/tests/SauceDemo/loginLambdaTestFixture.spec.ts:13:9

    attachment #1: screenshot (image/png) ──────────────────────────────────────────────────────────
    test-results/SauceDemo-loginLambdaTestF-3de67-id-user-load-inventory-page-chrome-latest-MacOS-Catalina-lambdatest/test-failed-1.png
    ────────────────────────────────────────────────────────────────────────────────────────────────

    attachment #2: trace (application/zip) ─────────────────────────────────────────────────────────
    test-results/SauceDemo-loginLambdaTestF-3de67-id-user-load-inventory-page-chrome-latest-MacOS-Catalina-lambdatest/trace.zip
    Usage:

        npx playwright show-trace test-results/SauceDemo-loginLambdaTestF-3de67-id-user-load-inventory-page-chrome-latest-MacOS-Catalina-lambdatest/trace.zip

    ────────────────────────────────────────────────────────────────────────────────────────────────

    Retry #1 ───────────────────────────────────────────────────────────────────────────────────────

    TimeoutError: locator.innerText: Timeout 10000ms exceeded.
    Call log:
      - waiting for locator('label[for="user-name"]')


       at ../components/BaseComponent.ts:101

       99 |                 const id = await this.locator.getAttribute('id');
      100 |                 if (id) {
    > 101 |                     this.label = await this.page.locator('label[for="' + id + '"]').innerText();
          |                                                                                     ^
      102 |                     if (this.label)
      103 |                         return this.label;
      104 |                     const placeHolderAttribute = await this.locator.getAttribute('placeholder');

        at /home/runner/work/PlaywrightFramework/PlaywrightFramework/components/BaseComponent.ts:101:85
        at InputText.addStep (/home/runner/work/PlaywrightFramework/PlaywrightFramework/components/BaseComponent.ts:50:20)
        at InputText.getLabel (/home/runner/work/PlaywrightFramework/PlaywrightFramework/components/BaseComponent.ts:97:16)
        at InputText.fill (/home/runner/work/PlaywrightFramework/PlaywrightFramework/components/InputText.ts:30:22)
        at LoginPage.loginWithUser (/home/runner/work/PlaywrightFramework/PlaywrightFramework/pages/SauceDemo/loginPage.ts:29:9)
        at /home/runner/work/PlaywrightFramework/PlaywrightFramework/tests/SauceDemo/loginLambdaTestFixture.spec.ts:13:9

    attachment #1: screenshot (image/png) ──────────────────────────────────────────────────────────
    test-results/SauceDemo-loginLambdaTestF-3de67-id-user-load-inventory-page-chrome-latest-MacOS-Catalina-lambdatest-retry1/test-failed-1.png
    ────────────────────────────────────────────────────────────────────────────────────────────────

    attachment #2: trace (application/zip) ─────────────────────────────────────────────────────────
    test-results/SauceDemo-loginLambdaTestF-3de67-id-user-load-inventory-page-chrome-latest-MacOS-Catalina-lambdatest-retry1/trace.zip
    Usage:

        npx playwright show-trace test-results/SauceDemo-loginLambdaTestF-3de67-id-user-load-inventory-page-chrome-latest-MacOS-Catalina-lambdatest-retry1/trace.zip

    ────────────────────────────────────────────────────────────────────────────────────────────────
]]>
</failure>
<system-out>
<![CDATA[
[[ATTACHMENT|../test-results/SauceDemo-loginLambdaTestF-3de67-id-user-load-inventory-page-chrome-latest-MacOS-Catalina-lambdatest/test-failed-1.png]]

[[ATTACHMENT|../test-results/SauceDemo-loginLambdaTestF-3de67-id-user-load-inventory-page-chrome-latest-MacOS-Catalina-lambdatest/trace.zip]]

[[ATTACHMENT|../test-results/SauceDemo-loginLambdaTestF-3de67-id-user-load-inventory-page-chrome-latest-MacOS-Catalina-lambdatest-retry1/test-failed-1.png]]

[[ATTACHMENT|../test-results/SauceDemo-loginLambdaTestF-3de67-id-user-load-inventory-page-chrome-latest-MacOS-Catalina-lambdatest-retry1/trace.zip]]
]]>
</system-out>
</testcase>
</testsuite>
<testsuite name="SauceDemo/loginLambdaTestFixture.spec.ts" timestamp="2024-04-24T03:54:42.726Z" hostname="pw-webkit:latest:MacOS Monterey@lambdatest" tests="1" failures="1" skipped="0" time="88.047" errors="0">
<testcase name="Login › Login with valid user load inventory page" classname="SauceDemo/loginLambdaTestFixture.spec.ts" time="88.047">
<properties>
<property name="Go To" value="Go to the page: &quot;https://www.saucedemo.com&quot;">
</property>
</properties>
<failure message="loginLambdaTestFixture.spec.ts:8:9 Login with valid user load inventory page" type="FAILURE">
<![CDATA[  [pw-webkit:latest:MacOS Monterey@lambdatest] › SauceDemo/loginLambdaTestFixture.spec.ts:8:9 › Login › Login with valid user load inventory page › Get label 

    TimeoutError: locator.innerText: Timeout 10000ms exceeded.
    Call log:
      - waiting for locator('label[for="user-name"]')


       at ../components/BaseComponent.ts:101

       99 |                 const id = await this.locator.getAttribute('id');
      100 |                 if (id) {
    > 101 |                     this.label = await this.page.locator('label[for="' + id + '"]').innerText();
          |                                                                                     ^
      102 |                     if (this.label)
      103 |                         return this.label;
      104 |                     const placeHolderAttribute = await this.locator.getAttribute('placeholder');

        at /home/runner/work/PlaywrightFramework/PlaywrightFramework/components/BaseComponent.ts:101:85
        at InputText.addStep (/home/runner/work/PlaywrightFramework/PlaywrightFramework/components/BaseComponent.ts:50:20)
        at InputText.getLabel (/home/runner/work/PlaywrightFramework/PlaywrightFramework/components/BaseComponent.ts:97:16)
        at InputText.fill (/home/runner/work/PlaywrightFramework/PlaywrightFramework/components/InputText.ts:30:22)
        at LoginPage.loginWithUser (/home/runner/work/PlaywrightFramework/PlaywrightFramework/pages/SauceDemo/loginPage.ts:29:9)
        at /home/runner/work/PlaywrightFramework/PlaywrightFramework/tests/SauceDemo/loginLambdaTestFixture.spec.ts:13:9

    attachment #1: screenshot (image/png) ──────────────────────────────────────────────────────────
    test-results/SauceDemo-loginLambdaTestF-3de67-id-user-load-inventory-page-pw-webkit-latest-MacOS-Monterey-lambdatest/test-failed-1.png
    ────────────────────────────────────────────────────────────────────────────────────────────────

    attachment #2: trace (application/zip) ─────────────────────────────────────────────────────────
    test-results/SauceDemo-loginLambdaTestF-3de67-id-user-load-inventory-page-pw-webkit-latest-MacOS-Monterey-lambdatest/trace.zip
    Usage:

        npx playwright show-trace test-results/SauceDemo-loginLambdaTestF-3de67-id-user-load-inventory-page-pw-webkit-latest-MacOS-Monterey-lambdatest/trace.zip

    ────────────────────────────────────────────────────────────────────────────────────────────────

    Retry #1 ───────────────────────────────────────────────────────────────────────────────────────

    TimeoutError: locator.innerText: Timeout 10000ms exceeded.
    Call log:
      - waiting for locator('label[for="user-name"]')


       at ../components/BaseComponent.ts:101

       99 |                 const id = await this.locator.getAttribute('id');
      100 |                 if (id) {
    > 101 |                     this.label = await this.page.locator('label[for="' + id + '"]').innerText();
          |                                                                                     ^
      102 |                     if (this.label)
      103 |                         return this.label;
      104 |                     const placeHolderAttribute = await this.locator.getAttribute('placeholder');

        at /home/runner/work/PlaywrightFramework/PlaywrightFramework/components/BaseComponent.ts:101:85
        at InputText.addStep (/home/runner/work/PlaywrightFramework/PlaywrightFramework/components/BaseComponent.ts:50:20)
        at InputText.getLabel (/home/runner/work/PlaywrightFramework/PlaywrightFramework/components/BaseComponent.ts:97:16)
        at InputText.fill (/home/runner/work/PlaywrightFramework/PlaywrightFramework/components/InputText.ts:30:22)
        at LoginPage.loginWithUser (/home/runner/work/PlaywrightFramework/PlaywrightFramework/pages/SauceDemo/loginPage.ts:29:9)
        at /home/runner/work/PlaywrightFramework/PlaywrightFramework/tests/SauceDemo/loginLambdaTestFixture.spec.ts:13:9

    attachment #1: screenshot (image/png) ──────────────────────────────────────────────────────────
    test-results/SauceDemo-loginLambdaTestF-3de67-id-user-load-inventory-page-pw-webkit-latest-MacOS-Monterey-lambdatest-retry1/test-failed-1.png
    ────────────────────────────────────────────────────────────────────────────────────────────────

    attachment #2: trace (application/zip) ─────────────────────────────────────────────────────────
    test-results/SauceDemo-loginLambdaTestF-3de67-id-user-load-inventory-page-pw-webkit-latest-MacOS-Monterey-lambdatest-retry1/trace.zip
    Usage:

        npx playwright show-trace test-results/SauceDemo-loginLambdaTestF-3de67-id-user-load-inventory-page-pw-webkit-latest-MacOS-Monterey-lambdatest-retry1/trace.zip

    ────────────────────────────────────────────────────────────────────────────────────────────────
]]>
</failure>
<system-out>
<![CDATA[
[[ATTACHMENT|../test-results/SauceDemo-loginLambdaTestF-3de67-id-user-load-inventory-page-pw-webkit-latest-MacOS-Monterey-lambdatest/test-failed-1.png]]

[[ATTACHMENT|../test-results/SauceDemo-loginLambdaTestF-3de67-id-user-load-inventory-page-pw-webkit-latest-MacOS-Monterey-lambdatest/trace.zip]]

[[ATTACHMENT|../test-results/SauceDemo-loginLambdaTestF-3de67-id-user-load-inventory-page-pw-webkit-latest-MacOS-Monterey-lambdatest-retry1/test-failed-1.png]]

[[ATTACHMENT|../test-results/SauceDemo-loginLambdaTestF-3de67-id-user-load-inventory-page-pw-webkit-latest-MacOS-Monterey-lambdatest-retry1/trace.zip]]
]]>
</system-out>
</testcase>
</testsuite>
<testsuite name="SauceDemo/loginLambdaTestFixture.spec.ts" timestamp="2024-04-24T03:54:42.726Z" hostname="chrome:latest:Windows 10@lambdatest" tests="1" failures="1" skipped="0" time="73.348" errors="0">
<testcase name="Login › Login with valid user load inventory page" classname="SauceDemo/loginLambdaTestFixture.spec.ts" time="73.348">
<properties>
<property name="Go To" value="Go to the page: &quot;https://www.saucedemo.com&quot;">
</property>
</properties>
<failure message="loginLambdaTestFixture.spec.ts:8:9 Login with valid user load inventory page" type="FAILURE">
<![CDATA[  [chrome:latest:Windows 10@lambdatest] › SauceDemo/loginLambdaTestFixture.spec.ts:8:9 › Login › Login with valid user load inventory page › Get label 

    TimeoutError: locator.innerText: Timeout 10000ms exceeded.
    Call log:
      - waiting for locator('label[for="user-name"]')


       at ../components/BaseComponent.ts:101

       99 |                 const id = await this.locator.getAttribute('id');
      100 |                 if (id) {
    > 101 |                     this.label = await this.page.locator('label[for="' + id + '"]').innerText();
          |                                                                                     ^
      102 |                     if (this.label)
      103 |                         return this.label;
      104 |                     const placeHolderAttribute = await this.locator.getAttribute('placeholder');

        at /home/runner/work/PlaywrightFramework/PlaywrightFramework/components/BaseComponent.ts:101:85
        at InputText.addStep (/home/runner/work/PlaywrightFramework/PlaywrightFramework/components/BaseComponent.ts:50:20)
        at InputText.getLabel (/home/runner/work/PlaywrightFramework/PlaywrightFramework/components/BaseComponent.ts:97:16)
        at InputText.fill (/home/runner/work/PlaywrightFramework/PlaywrightFramework/components/InputText.ts:30:22)
        at LoginPage.loginWithUser (/home/runner/work/PlaywrightFramework/PlaywrightFramework/pages/SauceDemo/loginPage.ts:29:9)
        at /home/runner/work/PlaywrightFramework/PlaywrightFramework/tests/SauceDemo/loginLambdaTestFixture.spec.ts:13:9

    attachment #1: screenshot (image/png) ──────────────────────────────────────────────────────────
    test-results/SauceDemo-loginLambdaTestF-3de67-id-user-load-inventory-page-chrome-latest-Windows-10-lambdatest/test-failed-1.png
    ────────────────────────────────────────────────────────────────────────────────────────────────

    attachment #2: trace (application/zip) ─────────────────────────────────────────────────────────
    test-results/SauceDemo-loginLambdaTestF-3de67-id-user-load-inventory-page-chrome-latest-Windows-10-lambdatest/trace.zip
    Usage:

        npx playwright show-trace test-results/SauceDemo-loginLambdaTestF-3de67-id-user-load-inventory-page-chrome-latest-Windows-10-lambdatest/trace.zip

    ────────────────────────────────────────────────────────────────────────────────────────────────

    Retry #1 ───────────────────────────────────────────────────────────────────────────────────────

    TimeoutError: locator.innerText: Timeout 10000ms exceeded.
    Call log:
      - waiting for locator('label[for="user-name"]')


       at ../components/BaseComponent.ts:101

       99 |                 const id = await this.locator.getAttribute('id');
      100 |                 if (id) {
    > 101 |                     this.label = await this.page.locator('label[for="' + id + '"]').innerText();
          |                                                                                     ^
      102 |                     if (this.label)
      103 |                         return this.label;
      104 |                     const placeHolderAttribute = await this.locator.getAttribute('placeholder');

        at /home/runner/work/PlaywrightFramework/PlaywrightFramework/components/BaseComponent.ts:101:85
        at InputText.addStep (/home/runner/work/PlaywrightFramework/PlaywrightFramework/components/BaseComponent.ts:50:20)
        at InputText.getLabel (/home/runner/work/PlaywrightFramework/PlaywrightFramework/components/BaseComponent.ts:97:16)
        at InputText.fill (/home/runner/work/PlaywrightFramework/PlaywrightFramework/components/InputText.ts:30:22)
        at LoginPage.loginWithUser (/home/runner/work/PlaywrightFramework/PlaywrightFramework/pages/SauceDemo/loginPage.ts:29:9)
        at /home/runner/work/PlaywrightFramework/PlaywrightFramework/tests/SauceDemo/loginLambdaTestFixture.spec.ts:13:9

    attachment #1: screenshot (image/png) ──────────────────────────────────────────────────────────
    test-results/SauceDemo-loginLambdaTestF-3de67-id-user-load-inventory-page-chrome-latest-Windows-10-lambdatest-retry1/test-failed-1.png
    ────────────────────────────────────────────────────────────────────────────────────────────────

    attachment #2: trace (application/zip) ─────────────────────────────────────────────────────────
    test-results/SauceDemo-loginLambdaTestF-3de67-id-user-load-inventory-page-chrome-latest-Windows-10-lambdatest-retry1/trace.zip
    Usage:

        npx playwright show-trace test-results/SauceDemo-loginLambdaTestF-3de67-id-user-load-inventory-page-chrome-latest-Windows-10-lambdatest-retry1/trace.zip

    ────────────────────────────────────────────────────────────────────────────────────────────────
]]>
</failure>
<system-out>
<![CDATA[
[[ATTACHMENT|../test-results/SauceDemo-loginLambdaTestF-3de67-id-user-load-inventory-page-chrome-latest-Windows-10-lambdatest/test-failed-1.png]]

[[ATTACHMENT|../test-results/SauceDemo-loginLambdaTestF-3de67-id-user-load-inventory-page-chrome-latest-Windows-10-lambdatest/trace.zip]]

[[ATTACHMENT|../test-results/SauceDemo-loginLambdaTestF-3de67-id-user-load-inventory-page-chrome-latest-Windows-10-lambdatest-retry1/test-failed-1.png]]

[[ATTACHMENT|../test-results/SauceDemo-loginLambdaTestF-3de67-id-user-load-inventory-page-chrome-latest-Windows-10-lambdatest-retry1/trace.zip]]
]]>
</system-out>
</testcase>
</testsuite>
<testsuite name="Effiziente/Api/servers.spec.ts" timestamp="2024-04-24T03:54:42.726Z" hostname="chromium" tests="2" failures="1" skipped="0" time="33.317" errors="0">
<testcase name="Servers › Should add a server" classname="Effiziente/Api/servers.spec.ts" time="4.187">
<properties>
<property name="Go To" value="Go to the servers page: &quot;https://effizientedemo.azurewebsites.net/Security/servers&quot;">
</property>
<property name="Button" value="Click: &quot;Add&quot;">
</property>
<property name="InputText" value="Fill &quot;Key:&quot; with the value: &quot;507131&quot;">
</property>
<property name="InputText" value="Fill &quot;Name:&quot; with the value: &quot;Boyle - Hodkiewicz&quot;">
</property>
<property name="InputText" value="Fill &quot;Url:&quot; with the value: &quot;https://zany-glen.biz&quot;">
</property>
<property name="Button" value="Click: &quot;Save&quot;">
</property>
<property name="Assert" value="Success message is visible">
</property>
<property name="Assert" value="Server id should be a number greater than 1">
</property>
<property name="Assert" value="Row with the key: 507131 exists">
</property>
</properties>
<system-out>
<![CDATA[index:2
]]>
</system-out>
</testcase>
<testcase name="Servers › Should edit a server" classname="Effiziente/Api/servers.spec.ts" time="29.13">
<properties>
<property name="Go To" value="Go to the servers page: &quot;https://effizientedemo.azurewebsites.net/Security/servers&quot;">
</property>
<property name="Step" value="Create server with API">
</property>
<property name="Go To" value="Go to the servers page: &quot;https://effizientedemo.azurewebsites.net/Security/servers&quot;">
</property>
</properties>
<failure message="servers.spec.ts:40:9 Should edit a server" type="FAILURE">
<![CDATA[  [chromium] › Effiziente/Api/servers.spec.ts:40:9 › Servers › Should edit a server › Get label ────

    TimeoutError: locator.innerText: Timeout 10000ms exceeded.
    Call log:
      - waiting for locator('label[for="minmax"]')


       at ../components/BaseComponent.ts:101

       99 |                 const id = await this.locator.getAttribute('id');
      100 |                 if (id) {
    > 101 |                     this.label = await this.page.locator('label[for="' + id + '"]').innerText();
          |                                                                                     ^
      102 |                     if (this.label)
      103 |                         return this.label;
      104 |                     const placeHolderAttribute = await this.locator.getAttribute('placeholder');

        at /home/runner/work/PlaywrightFramework/PlaywrightFramework/components/BaseComponent.ts:101:85
        at InputText.addStep (/home/runner/work/PlaywrightFramework/PlaywrightFramework/components/BaseComponent.ts:50:20)
        at InputText.getLabel (/home/runner/work/PlaywrightFramework/PlaywrightFramework/components/BaseComponent.ts:97:16)
        at InputText.fill (/home/runner/work/PlaywrightFramework/PlaywrightFramework/components/InputText.ts:30:22)
        at /home/runner/work/PlaywrightFramework/PlaywrightFramework/tests/Effiziente/Api/servers.spec.ts:68:9

    attachment #1: screenshot (image/png) ──────────────────────────────────────────────────────────
    test-results/Effiziente-Api-servers-Servers-Should-edit-a-server-chromium/test-failed-1.png
    ────────────────────────────────────────────────────────────────────────────────────────────────

    attachment #2: video (video/webm) ──────────────────────────────────────────────────────────────
    test-results/Effiziente-Api-servers-Servers-Should-edit-a-server-chromium/video.webm
    ────────────────────────────────────────────────────────────────────────────────────────────────

    attachment #3: trace (application/zip) ─────────────────────────────────────────────────────────
    test-results/Effiziente-Api-servers-Servers-Should-edit-a-server-chromium/trace.zip
    Usage:

        npx playwright show-trace test-results/Effiziente-Api-servers-Servers-Should-edit-a-server-chromium/trace.zip

    ────────────────────────────────────────────────────────────────────────────────────────────────

    Retry #1 ───────────────────────────────────────────────────────────────────────────────────────

    TimeoutError: locator.innerText: Timeout 10000ms exceeded.
    Call log:
      - waiting for locator('label[for="minmax"]')


       at ../components/BaseComponent.ts:101

       99 |                 const id = await this.locator.getAttribute('id');
      100 |                 if (id) {
    > 101 |                     this.label = await this.page.locator('label[for="' + id + '"]').innerText();
          |                                                                                     ^
      102 |                     if (this.label)
      103 |                         return this.label;
      104 |                     const placeHolderAttribute = await this.locator.getAttribute('placeholder');

        at /home/runner/work/PlaywrightFramework/PlaywrightFramework/components/BaseComponent.ts:101:85
        at InputText.addStep (/home/runner/work/PlaywrightFramework/PlaywrightFramework/components/BaseComponent.ts:50:20)
        at InputText.getLabel (/home/runner/work/PlaywrightFramework/PlaywrightFramework/components/BaseComponent.ts:97:16)
        at InputText.fill (/home/runner/work/PlaywrightFramework/PlaywrightFramework/components/InputText.ts:30:22)
        at /home/runner/work/PlaywrightFramework/PlaywrightFramework/tests/Effiziente/Api/servers.spec.ts:68:9

    attachment #1: screenshot (image/png) ──────────────────────────────────────────────────────────
    test-results/Effiziente-Api-servers-Servers-Should-edit-a-server-chromium-retry1/test-failed-1.png
    ────────────────────────────────────────────────────────────────────────────────────────────────

    attachment #2: video (video/webm) ──────────────────────────────────────────────────────────────
    test-results/Effiziente-Api-servers-Servers-Should-edit-a-server-chromium-retry1/video.webm
    ────────────────────────────────────────────────────────────────────────────────────────────────

    attachment #3: trace (application/zip) ─────────────────────────────────────────────────────────
    test-results/Effiziente-Api-servers-Servers-Should-edit-a-server-chromium-retry1/trace.zip
    Usage:

        npx playwright show-trace test-results/Effiziente-Api-servers-Servers-Should-edit-a-server-chromium-retry1/trace.zip

    ────────────────────────────────────────────────────────────────────────────────────────────────
]]>
</failure>
<system-out>
<![CDATA[
[[ATTACHMENT|../test-results/Effiziente-Api-servers-Servers-Should-edit-a-server-chromium/test-failed-1.png]]

[[ATTACHMENT|../test-results/Effiziente-Api-servers-Servers-Should-edit-a-server-chromium/video.webm]]

[[ATTACHMENT|../test-results/Effiziente-Api-servers-Servers-Should-edit-a-server-chromium/trace.zip]]

[[ATTACHMENT|../test-results/Effiziente-Api-servers-Servers-Should-edit-a-server-chromium-retry1/test-failed-1.png]]

[[ATTACHMENT|../test-results/Effiziente-Api-servers-Servers-Should-edit-a-server-chromium-retry1/video.webm]]

[[ATTACHMENT|../test-results/Effiziente-Api-servers-Servers-Should-edit-a-server-chromium-retry1/trace.zip]]
]]>
</system-out>
</testcase>
</testsuite>
<testsuite name="Effiziente/dashboard.spec.ts" timestamp="2024-04-24T03:54:42.726Z" hostname="chromium" tests="1" failures="0" skipped="0" time="2.954" errors="0">
<testcase name="Check Dashboard › Should show dashboard" classname="Effiziente/dashboard.spec.ts" time="2.954">
<properties>
<property name="Mock" value="Modify the summary with fixed data">
</property>
<property name="Mock" value="Modify the &quot;Sumary Expiration&quot; with fixed data">
</property>
<property name="Mock" value="Modify the &quot;Top 5 delay&quot; with fixed data">
</property>
<property name="Mock" value="Modify the &quot;Top 5 total&quot; with fixed data">
</property>
<property name="Mock" value="Modify the &quot;Top 5 type&quot; with fixed data">
</property>
<property name="Mock" value="Modify the &quot;Top 10 Limit 1&quot; with fixed data">
</property>
<property name="Mock" value="Modify the &quot;Top 10 Limit 2&quot; with fixed data">
</property>
<property name="Mock" value="Modify the &quot;Top 10 Limit 3&quot; with fixed data">
</property>
<property name="Mock" value="Modify the &quot;Top 10 To Expire&quot; with fixed data">
</property>
<property name="Go To" value="Go to the page: &quot;https://effizientedemo.azurewebsites.net/AccountsReceivable/dashboard&quot;">
</property>
<property name="Step" value="Compare snapshot: dashboard.png with maxDiffPixelsRatio: 0.1">
</property>
</properties>
</testcase>
</testsuite>
<testsuite name="Effiziente/menu.spec.ts" timestamp="2024-04-24T03:54:42.726Z" hostname="chromium" tests="2" failures="0" skipped="0" time="26.33" errors="0">
<testcase name="Normal user › Should returns user menu" classname="Effiziente/menu.spec.ts" time="3.178">
<properties>
<property name="Go To" value="Go to the page: &quot;https://effizientedemo.azurewebsites.net/AccountsReceivable/dashboard&quot;">
</property>
<property name="PirmeFacesMenu" value="Get top menus">
</property>
<property name="Assert" value="Menu is equal to: AccountsReceivable,Config">
</property>
</properties>
</testcase>
<testcase name="Admin user › Should returns admin menu" classname="Effiziente/menu.spec.ts" time="23.152">
<properties>
<property name="Go To" value="Go to the page: &quot;https://effizientedemo.azurewebsites.net/AccountsReceivable/dashboard&quot;">
</property>
<property name="PirmeFacesMenu" value="Get top menus">
</property>
<property name="Assert" value="Menu is equal to:AccountsReceivable,Security,Config">
</property>
</properties>
</testcase>
</testsuite>
<testsuite name="Effiziente/Synthetic/login.spec.ts" timestamp="2024-04-24T03:54:42.726Z" hostname="chromium" tests="1" failures="0" skipped="0" time="20.654" errors="0">
<testcase name="Synthetic login testing › Should show dashboard" classname="Effiziente/Synthetic/login.spec.ts" time="20.654">
</testcase>
</testsuite>
<testsuite name="Effiziente/Synthetic/menu.spec.ts" timestamp="2024-04-24T03:54:42.726Z" hostname="chromium" tests="1" failures="0" skipped="0" time="14.315" errors="0">
<testcase name="Synthetic testing › Should show dashboard" classname="Effiziente/Synthetic/menu.spec.ts" time="14.315">
<properties>
<property name="Navigation" value="Go to:https://effizientedemo.azurewebsites.net">
</property>
</properties>
</testcase>
</testsuite>
<testsuite name="Effiziente/ZeroStep/login.spec.ts" timestamp="2024-04-24T03:54:42.726Z" hostname="chromium" tests="1" failures="0" skipped="0" time="14.581" errors="0">
<testcase name="AI Zero Step › Should show dashboard after login" classname="Effiziente/ZeroStep/login.spec.ts" time="14.581">
</testcase>
</testsuite>
<testsuite name="Google/searchLocale.spec.ts" timestamp="2024-04-24T03:54:42.726Z" hostname="chromium" tests="1" failures="0" skipped="0" time="1.265" errors="0">
<testcase name="Locale translations › Translations with locale and time zone id" classname="Google/searchLocale.spec.ts" time="1.265">
<properties>
<property name="Go To" value="Go to the page: &quot;https://www.google.com&quot;">
</property>
<property name="Assert" value="Search button text is equal to: &quot;Buscar con Google&quot;">
</property>
</properties>
</testcase>
</testsuite>
<testsuite name="SauceDemo/login.spec.ts" timestamp="2024-04-24T03:54:42.726Z" hostname="chromium" tests="1" failures="1" skipped="0" time="22.977" errors="0">
<testcase name="Login › Login with valid user load inventory page" classname="SauceDemo/login.spec.ts" time="22.977">
<properties>
<property name="Go To" value="Go to the page: &quot;https://www.saucedemo.com&quot;">
</property>
</properties>
<failure message="login.spec.ts:10:9 Login with valid user load inventory page" type="FAILURE">
<![CDATA[  [chromium] › SauceDemo/login.spec.ts:10:9 › Login › Login with valid user load inventory page › Get label 

    TimeoutError: locator.innerText: Timeout 10000ms exceeded.
    Call log:
      - waiting for locator('label[for="user-name"]')


       at ../components/BaseComponent.ts:101

       99 |                 const id = await this.locator.getAttribute('id');
      100 |                 if (id) {
    > 101 |                     this.label = await this.page.locator('label[for="' + id + '"]').innerText();
          |                                                                                     ^
      102 |                     if (this.label)
      103 |                         return this.label;
      104 |                     const placeHolderAttribute = await this.locator.getAttribute('placeholder');

        at /home/runner/work/PlaywrightFramework/PlaywrightFramework/components/BaseComponent.ts:101:85
        at InputText.addStep (/home/runner/work/PlaywrightFramework/PlaywrightFramework/components/BaseComponent.ts:50:20)
        at InputText.getLabel (/home/runner/work/PlaywrightFramework/PlaywrightFramework/components/BaseComponent.ts:97:16)
        at InputText.fill (/home/runner/work/PlaywrightFramework/PlaywrightFramework/components/InputText.ts:30:22)
        at LoginPage.loginWithUser (/home/runner/work/PlaywrightFramework/PlaywrightFramework/pages/SauceDemo/loginPage.ts:29:9)
        at /home/runner/work/PlaywrightFramework/PlaywrightFramework/tests/SauceDemo/login.spec.ts:16:9

    attachment #1: screenshot (image/png) ──────────────────────────────────────────────────────────
    test-results/SauceDemo-login-Login-Logi-d5111-id-user-load-inventory-page-chromium/test-failed-1.png
    ────────────────────────────────────────────────────────────────────────────────────────────────

    attachment #2: video (video/webm) ──────────────────────────────────────────────────────────────
    test-results/SauceDemo-login-Login-Logi-d5111-id-user-load-inventory-page-chromium/video.webm
    ────────────────────────────────────────────────────────────────────────────────────────────────

    attachment #3: trace (application/zip) ─────────────────────────────────────────────────────────
    test-results/SauceDemo-login-Login-Logi-d5111-id-user-load-inventory-page-chromium/trace.zip
    Usage:

        npx playwright show-trace test-results/SauceDemo-login-Login-Logi-d5111-id-user-load-inventory-page-chromium/trace.zip

    ────────────────────────────────────────────────────────────────────────────────────────────────

    Retry #1 ───────────────────────────────────────────────────────────────────────────────────────

    TimeoutError: locator.innerText: Timeout 10000ms exceeded.
    Call log:
      - waiting for locator('label[for="user-name"]')


       at ../components/BaseComponent.ts:101

       99 |                 const id = await this.locator.getAttribute('id');
      100 |                 if (id) {
    > 101 |                     this.label = await this.page.locator('label[for="' + id + '"]').innerText();
          |                                                                                     ^
      102 |                     if (this.label)
      103 |                         return this.label;
      104 |                     const placeHolderAttribute = await this.locator.getAttribute('placeholder');

        at /home/runner/work/PlaywrightFramework/PlaywrightFramework/components/BaseComponent.ts:101:85
        at InputText.addStep (/home/runner/work/PlaywrightFramework/PlaywrightFramework/components/BaseComponent.ts:50:20)
        at InputText.getLabel (/home/runner/work/PlaywrightFramework/PlaywrightFramework/components/BaseComponent.ts:97:16)
        at InputText.fill (/home/runner/work/PlaywrightFramework/PlaywrightFramework/components/InputText.ts:30:22)
        at LoginPage.loginWithUser (/home/runner/work/PlaywrightFramework/PlaywrightFramework/pages/SauceDemo/loginPage.ts:29:9)
        at /home/runner/work/PlaywrightFramework/PlaywrightFramework/tests/SauceDemo/login.spec.ts:16:9

    attachment #1: screenshot (image/png) ──────────────────────────────────────────────────────────
    test-results/SauceDemo-login-Login-Logi-d5111-id-user-load-inventory-page-chromium-retry1/test-failed-1.png
    ────────────────────────────────────────────────────────────────────────────────────────────────

    attachment #2: video (video/webm) ──────────────────────────────────────────────────────────────
    test-results/SauceDemo-login-Login-Logi-d5111-id-user-load-inventory-page-chromium-retry1/video.webm
    ────────────────────────────────────────────────────────────────────────────────────────────────

    attachment #3: trace (application/zip) ─────────────────────────────────────────────────────────
    test-results/SauceDemo-login-Login-Logi-d5111-id-user-load-inventory-page-chromium-retry1/trace.zip
    Usage:

        npx playwright show-trace test-results/SauceDemo-login-Login-Logi-d5111-id-user-load-inventory-page-chromium-retry1/trace.zip

    ────────────────────────────────────────────────────────────────────────────────────────────────
]]>
</failure>
<system-out>
<![CDATA[
[[ATTACHMENT|../test-results/SauceDemo-login-Login-Logi-d5111-id-user-load-inventory-page-chromium/test-failed-1.png]]

[[ATTACHMENT|../test-results/SauceDemo-login-Login-Logi-d5111-id-user-load-inventory-page-chromium/video.webm]]

[[ATTACHMENT|../test-results/SauceDemo-login-Login-Logi-d5111-id-user-load-inventory-page-chromium/trace.zip]]

[[ATTACHMENT|../test-results/SauceDemo-login-Login-Logi-d5111-id-user-load-inventory-page-chromium-retry1/test-failed-1.png]]

[[ATTACHMENT|../test-results/SauceDemo-login-Login-Logi-d5111-id-user-load-inventory-page-chromium-retry1/video.webm]]

[[ATTACHMENT|../test-results/SauceDemo-login-Login-Logi-d5111-id-user-load-inventory-page-chromium-retry1/trace.zip]]
]]>
</system-out>
</testcase>
</testsuite>
<testsuite name="SauceDemo/loginLambdaTestFixture.spec.ts" timestamp="2024-04-24T03:54:42.726Z" hostname="chromium" tests="1" failures="1" skipped="0" time="21.287" errors="0">
<testcase name="Login › Login with valid user load inventory page" classname="SauceDemo/loginLambdaTestFixture.spec.ts" time="21.287">
<properties>
<property name="Go To" value="Go to the page: &quot;https://www.saucedemo.com&quot;">
</property>
</properties>
<failure message="loginLambdaTestFixture.spec.ts:8:9 Login with valid user load inventory page" type="FAILURE">
<![CDATA[  [chromium] › SauceDemo/loginLambdaTestFixture.spec.ts:8:9 › Login › Login with valid user load inventory page › Get label 

    TimeoutError: locator.innerText: Timeout 10000ms exceeded.
    Call log:
      - waiting for locator('label[for="user-name"]')


       at ../components/BaseComponent.ts:101

       99 |                 const id = await this.locator.getAttribute('id');
      100 |                 if (id) {
    > 101 |                     this.label = await this.page.locator('label[for="' + id + '"]').innerText();
          |                                                                                     ^
      102 |                     if (this.label)
      103 |                         return this.label;
      104 |                     const placeHolderAttribute = await this.locator.getAttribute('placeholder');

        at /home/runner/work/PlaywrightFramework/PlaywrightFramework/components/BaseComponent.ts:101:85
        at InputText.addStep (/home/runner/work/PlaywrightFramework/PlaywrightFramework/components/BaseComponent.ts:50:20)
        at InputText.getLabel (/home/runner/work/PlaywrightFramework/PlaywrightFramework/components/BaseComponent.ts:97:16)
        at InputText.fill (/home/runner/work/PlaywrightFramework/PlaywrightFramework/components/InputText.ts:30:22)
        at LoginPage.loginWithUser (/home/runner/work/PlaywrightFramework/PlaywrightFramework/pages/SauceDemo/loginPage.ts:29:9)
        at /home/runner/work/PlaywrightFramework/PlaywrightFramework/tests/SauceDemo/loginLambdaTestFixture.spec.ts:13:9

    attachment #1: screenshot (image/png) ──────────────────────────────────────────────────────────
    test-results/SauceDemo-loginLambdaTestF-3de67-id-user-load-inventory-page-chromium/test-failed-1.png
    ────────────────────────────────────────────────────────────────────────────────────────────────

    attachment #2: trace (application/zip) ─────────────────────────────────────────────────────────
    test-results/SauceDemo-loginLambdaTestF-3de67-id-user-load-inventory-page-chromium/trace.zip
    Usage:

        npx playwright show-trace test-results/SauceDemo-loginLambdaTestF-3de67-id-user-load-inventory-page-chromium/trace.zip

    ────────────────────────────────────────────────────────────────────────────────────────────────

    Retry #1 ───────────────────────────────────────────────────────────────────────────────────────

    TimeoutError: locator.innerText: Timeout 10000ms exceeded.
    Call log:
      - waiting for locator('label[for="user-name"]')


       at ../components/BaseComponent.ts:101

       99 |                 const id = await this.locator.getAttribute('id');
      100 |                 if (id) {
    > 101 |                     this.label = await this.page.locator('label[for="' + id + '"]').innerText();
          |                                                                                     ^
      102 |                     if (this.label)
      103 |                         return this.label;
      104 |                     const placeHolderAttribute = await this.locator.getAttribute('placeholder');

        at /home/runner/work/PlaywrightFramework/PlaywrightFramework/components/BaseComponent.ts:101:85
        at InputText.addStep (/home/runner/work/PlaywrightFramework/PlaywrightFramework/components/BaseComponent.ts:50:20)
        at InputText.getLabel (/home/runner/work/PlaywrightFramework/PlaywrightFramework/components/BaseComponent.ts:97:16)
        at InputText.fill (/home/runner/work/PlaywrightFramework/PlaywrightFramework/components/InputText.ts:30:22)
        at LoginPage.loginWithUser (/home/runner/work/PlaywrightFramework/PlaywrightFramework/pages/SauceDemo/loginPage.ts:29:9)
        at /home/runner/work/PlaywrightFramework/PlaywrightFramework/tests/SauceDemo/loginLambdaTestFixture.spec.ts:13:9

    attachment #1: screenshot (image/png) ──────────────────────────────────────────────────────────
    test-results/SauceDemo-loginLambdaTestF-3de67-id-user-load-inventory-page-chromium-retry1/test-failed-1.png
    ────────────────────────────────────────────────────────────────────────────────────────────────

    attachment #2: trace (application/zip) ─────────────────────────────────────────────────────────
    test-results/SauceDemo-loginLambdaTestF-3de67-id-user-load-inventory-page-chromium-retry1/trace.zip
    Usage:

        npx playwright show-trace test-results/SauceDemo-loginLambdaTestF-3de67-id-user-load-inventory-page-chromium-retry1/trace.zip

    ────────────────────────────────────────────────────────────────────────────────────────────────
]]>
</failure>
<system-out>
<![CDATA[
[[ATTACHMENT|../test-results/SauceDemo-loginLambdaTestF-3de67-id-user-load-inventory-page-chromium/test-failed-1.png]]

[[ATTACHMENT|../test-results/SauceDemo-loginLambdaTestF-3de67-id-user-load-inventory-page-chromium/trace.zip]]

[[ATTACHMENT|../test-results/SauceDemo-loginLambdaTestF-3de67-id-user-load-inventory-page-chromium-retry1/test-failed-1.png]]

[[ATTACHMENT|../test-results/SauceDemo-loginLambdaTestF-3de67-id-user-load-inventory-page-chromium-retry1/trace.zip]]
]]>
</system-out>
</testcase>
</testsuite>
<testsuite name="Effiziente/Api/servers.spec.ts" timestamp="2024-04-24T03:54:42.726Z" hostname="firefox" tests="2" failures="1" skipped="0" time="36.493" errors="0">
<testcase name="Servers › Should add a server" classname="Effiziente/Api/servers.spec.ts" time="5.172">
<properties>
<property name="Go To" value="Go to the servers page: &quot;https://effizientedemo.azurewebsites.net/Security/servers&quot;">
</property>
<property name="Button" value="Click: &quot;Add&quot;">
</property>
<property name="InputText" value="Fill &quot;Key:&quot; with the value: &quot;975531&quot;">
</property>
<property name="InputText" value="Fill &quot;Name:&quot; with the value: &quot;Kiehn - Hane&quot;">
</property>
<property name="InputText" value="Fill &quot;Url:&quot; with the value: &quot;https://different-shear.name&quot;">
</property>
<property name="Button" value="Click: &quot;Save&quot;">
</property>
<property name="Assert" value="Success message is visible">
</property>
<property name="Assert" value="Server id should be a number greater than 1">
</property>
<property name="Assert" value="Row with the key: 975531 exists">
</property>
</properties>
<system-out>
<![CDATA[index:2
]]>
</system-out>
</testcase>
<testcase name="Servers › Should edit a server" classname="Effiziente/Api/servers.spec.ts" time="31.321">
<properties>
<property name="Go To" value="Go to the servers page: &quot;https://effizientedemo.azurewebsites.net/Security/servers&quot;">
</property>
<property name="Step" value="Create server with API">
</property>
<property name="Go To" value="Go to the servers page: &quot;https://effizientedemo.azurewebsites.net/Security/servers&quot;">
</property>
</properties>
<failure message="servers.spec.ts:40:9 Should edit a server" type="FAILURE">
<![CDATA[  [firefox] › Effiziente/Api/servers.spec.ts:40:9 › Servers › Should edit a server › Get label ─────

    TimeoutError: locator.innerText: Timeout 10000ms exceeded.
    Call log:
      - waiting for locator('label[for="minmax"]')


       at ../components/BaseComponent.ts:101

       99 |                 const id = await this.locator.getAttribute('id');
      100 |                 if (id) {
    > 101 |                     this.label = await this.page.locator('label[for="' + id + '"]').innerText();
          |                                                                                     ^
      102 |                     if (this.label)
      103 |                         return this.label;
      104 |                     const placeHolderAttribute = await this.locator.getAttribute('placeholder');

        at /home/runner/work/PlaywrightFramework/PlaywrightFramework/components/BaseComponent.ts:101:85
        at InputText.addStep (/home/runner/work/PlaywrightFramework/PlaywrightFramework/components/BaseComponent.ts:50:20)
        at InputText.getLabel (/home/runner/work/PlaywrightFramework/PlaywrightFramework/components/BaseComponent.ts:97:16)
        at InputText.fill (/home/runner/work/PlaywrightFramework/PlaywrightFramework/components/InputText.ts:30:22)
        at /home/runner/work/PlaywrightFramework/PlaywrightFramework/tests/Effiziente/Api/servers.spec.ts:68:9

    attachment #1: screenshot (image/png) ──────────────────────────────────────────────────────────
    test-results/Effiziente-Api-servers-Servers-Should-edit-a-server-firefox/test-failed-1.png
    ────────────────────────────────────────────────────────────────────────────────────────────────

    attachment #2: video (video/webm) ──────────────────────────────────────────────────────────────
    test-results/Effiziente-Api-servers-Servers-Should-edit-a-server-firefox/video.webm
    ────────────────────────────────────────────────────────────────────────────────────────────────

    attachment #3: trace (application/zip) ─────────────────────────────────────────────────────────
    test-results/Effiziente-Api-servers-Servers-Should-edit-a-server-firefox/trace.zip
    Usage:

        npx playwright show-trace test-results/Effiziente-Api-servers-Servers-Should-edit-a-server-firefox/trace.zip

    ────────────────────────────────────────────────────────────────────────────────────────────────

    Retry #1 ───────────────────────────────────────────────────────────────────────────────────────

    TimeoutError: locator.innerText: Timeout 10000ms exceeded.
    Call log:
      - waiting for locator('label[for="minmax"]')


       at ../components/BaseComponent.ts:101

       99 |                 const id = await this.locator.getAttribute('id');
      100 |                 if (id) {
    > 101 |                     this.label = await this.page.locator('label[for="' + id + '"]').innerText();
          |                                                                                     ^
      102 |                     if (this.label)
      103 |                         return this.label;
      104 |                     const placeHolderAttribute = await this.locator.getAttribute('placeholder');

        at /home/runner/work/PlaywrightFramework/PlaywrightFramework/components/BaseComponent.ts:101:85
        at InputText.addStep (/home/runner/work/PlaywrightFramework/PlaywrightFramework/components/BaseComponent.ts:50:20)
        at InputText.getLabel (/home/runner/work/PlaywrightFramework/PlaywrightFramework/components/BaseComponent.ts:97:16)
        at InputText.fill (/home/runner/work/PlaywrightFramework/PlaywrightFramework/components/InputText.ts:30:22)
        at /home/runner/work/PlaywrightFramework/PlaywrightFramework/tests/Effiziente/Api/servers.spec.ts:68:9

    attachment #1: screenshot (image/png) ──────────────────────────────────────────────────────────
    test-results/Effiziente-Api-servers-Servers-Should-edit-a-server-firefox-retry1/test-failed-1.png
    ────────────────────────────────────────────────────────────────────────────────────────────────

    attachment #2: video (video/webm) ──────────────────────────────────────────────────────────────
    test-results/Effiziente-Api-servers-Servers-Should-edit-a-server-firefox-retry1/video.webm
    ────────────────────────────────────────────────────────────────────────────────────────────────

    attachment #3: trace (application/zip) ─────────────────────────────────────────────────────────
    test-results/Effiziente-Api-servers-Servers-Should-edit-a-server-firefox-retry1/trace.zip
    Usage:

        npx playwright show-trace test-results/Effiziente-Api-servers-Servers-Should-edit-a-server-firefox-retry1/trace.zip

    ────────────────────────────────────────────────────────────────────────────────────────────────
]]>
</failure>
<system-out>
<![CDATA[
[[ATTACHMENT|../test-results/Effiziente-Api-servers-Servers-Should-edit-a-server-firefox/test-failed-1.png]]

[[ATTACHMENT|../test-results/Effiziente-Api-servers-Servers-Should-edit-a-server-firefox/video.webm]]

[[ATTACHMENT|../test-results/Effiziente-Api-servers-Servers-Should-edit-a-server-firefox/trace.zip]]

[[ATTACHMENT|../test-results/Effiziente-Api-servers-Servers-Should-edit-a-server-firefox-retry1/test-failed-1.png]]

[[ATTACHMENT|../test-results/Effiziente-Api-servers-Servers-Should-edit-a-server-firefox-retry1/video.webm]]

[[ATTACHMENT|../test-results/Effiziente-Api-servers-Servers-Should-edit-a-server-firefox-retry1/trace.zip]]
]]>
</system-out>
</testcase>
</testsuite>
<testsuite name="Effiziente/dashboard.spec.ts" timestamp="2024-04-24T03:54:42.726Z" hostname="firefox" tests="1" failures="0" skipped="0" time="2.905" errors="0">
<testcase name="Check Dashboard › Should show dashboard" classname="Effiziente/dashboard.spec.ts" time="2.905">
<properties>
<property name="Mock" value="Modify the summary with fixed data">
</property>
<property name="Mock" value="Modify the &quot;Sumary Expiration&quot; with fixed data">
</property>
<property name="Mock" value="Modify the &quot;Top 5 delay&quot; with fixed data">
</property>
<property name="Mock" value="Modify the &quot;Top 5 total&quot; with fixed data">
</property>
<property name="Mock" value="Modify the &quot;Top 5 type&quot; with fixed data">
</property>
<property name="Mock" value="Modify the &quot;Top 10 Limit 1&quot; with fixed data">
</property>
<property name="Mock" value="Modify the &quot;Top 10 Limit 2&quot; with fixed data">
</property>
<property name="Mock" value="Modify the &quot;Top 10 Limit 3&quot; with fixed data">
</property>
<property name="Mock" value="Modify the &quot;Top 10 To Expire&quot; with fixed data">
</property>
<property name="Go To" value="Go to the page: &quot;https://effizientedemo.azurewebsites.net/AccountsReceivable/dashboard&quot;">
</property>
<property name="Step" value="Compare snapshot: dashboard.png with maxDiffPixelsRatio: 0.1">
</property>
</properties>
</testcase>
</testsuite>
<testsuite name="Effiziente/menu.spec.ts" timestamp="2024-04-24T03:54:42.726Z" hostname="firefox" tests="2" failures="0" skipped="0" time="9.895" errors="0">
<testcase name="Normal user › Should returns user menu" classname="Effiziente/menu.spec.ts" time="6.869">
<properties>
<property name="Go To" value="Go to the page: &quot;https://effizientedemo.azurewebsites.net/AccountsReceivable/dashboard&quot;">
</property>
<property name="PirmeFacesMenu" value="Get top menus">
</property>
<property name="Assert" value="Menu is equal to: AccountsReceivable,Config">
</property>
</properties>
</testcase>
<testcase name="Admin user › Should returns admin menu" classname="Effiziente/menu.spec.ts" time="3.026">
<properties>
<property name="Go To" value="Go to the page: &quot;https://effizientedemo.azurewebsites.net/AccountsReceivable/dashboard&quot;">
</property>
<property name="PirmeFacesMenu" value="Get top menus">
</property>
<property name="Assert" value="Menu is equal to:AccountsReceivable,Security,Config">
</property>
</properties>
</testcase>
</testsuite>
<testsuite name="Effiziente/Synthetic/login.spec.ts" timestamp="2024-04-24T03:54:42.726Z" hostname="firefox" tests="1" failures="0" skipped="0" time="3.702" errors="0">
<testcase name="Synthetic login testing › Should show dashboard" classname="Effiziente/Synthetic/login.spec.ts" time="3.702">
</testcase>
</testsuite>
<testsuite name="Effiziente/Synthetic/menu.spec.ts" timestamp="2024-04-24T03:54:42.726Z" hostname="firefox" tests="1" failures="0" skipped="0" time="5.78" errors="0">
<testcase name="Synthetic testing › Should show dashboard" classname="Effiziente/Synthetic/menu.spec.ts" time="5.78">
<properties>
<property name="Navigation" value="Go to:https://effizientedemo.azurewebsites.net">
</property>
</properties>
</testcase>
</testsuite>
<testsuite name="Effiziente/ZeroStep/login.spec.ts" timestamp="2024-04-24T03:54:42.726Z" hostname="firefox" tests="1" failures="0" skipped="1" time="0.278" errors="0">
<testcase name="AI Zero Step › Should show dashboard after login" classname="Effiziente/ZeroStep/login.spec.ts" time="0.278">
<properties>
<property name="skip" value="Zero Steps only works in chromium">
</property>
</properties>
<skipped>
</skipped>
</testcase>
</testsuite>
<testsuite name="Google/searchLocale.spec.ts" timestamp="2024-04-24T03:54:42.726Z" hostname="firefox" tests="1" failures="0" skipped="0" time="1.581" errors="0">
<testcase name="Locale translations › Translations with locale and time zone id" classname="Google/searchLocale.spec.ts" time="1.581">
<properties>
<property name="Go To" value="Go to the page: &quot;https://www.google.com&quot;">
</property>
<property name="Assert" value="Search button text is equal to: &quot;Buscar con Google&quot;">
</property>
</properties>
</testcase>
</testsuite>
<testsuite name="SauceDemo/login.spec.ts" timestamp="2024-04-24T03:54:42.726Z" hostname="firefox" tests="1" failures="1" skipped="0" time="22.345" errors="0">
<testcase name="Login › Login with valid user load inventory page" classname="SauceDemo/login.spec.ts" time="22.345">
<properties>
<property name="Go To" value="Go to the page: &quot;https://www.saucedemo.com&quot;">
</property>
</properties>
<failure message="login.spec.ts:10:9 Login with valid user load inventory page" type="FAILURE">
<![CDATA[  [firefox] › SauceDemo/login.spec.ts:10:9 › Login › Login with valid user load inventory page › Get label 

    TimeoutError: locator.innerText: Timeout 10000ms exceeded.
    Call log:
      - waiting for locator('label[for="user-name"]')


       at ../components/BaseComponent.ts:101

       99 |                 const id = await this.locator.getAttribute('id');
      100 |                 if (id) {
    > 101 |                     this.label = await this.page.locator('label[for="' + id + '"]').innerText();
          |                                                                                     ^
      102 |                     if (this.label)
      103 |                         return this.label;
      104 |                     const placeHolderAttribute = await this.locator.getAttribute('placeholder');

        at /home/runner/work/PlaywrightFramework/PlaywrightFramework/components/BaseComponent.ts:101:85
        at InputText.addStep (/home/runner/work/PlaywrightFramework/PlaywrightFramework/components/BaseComponent.ts:50:20)
        at InputText.getLabel (/home/runner/work/PlaywrightFramework/PlaywrightFramework/components/BaseComponent.ts:97:16)
        at InputText.fill (/home/runner/work/PlaywrightFramework/PlaywrightFramework/components/InputText.ts:30:22)
        at LoginPage.loginWithUser (/home/runner/work/PlaywrightFramework/PlaywrightFramework/pages/SauceDemo/loginPage.ts:29:9)
        at /home/runner/work/PlaywrightFramework/PlaywrightFramework/tests/SauceDemo/login.spec.ts:16:9

    attachment #1: screenshot (image/png) ──────────────────────────────────────────────────────────
    test-results/SauceDemo-login-Login-Logi-d5111-id-user-load-inventory-page-firefox/test-failed-1.png
    ────────────────────────────────────────────────────────────────────────────────────────────────

    attachment #2: video (video/webm) ──────────────────────────────────────────────────────────────
    test-results/SauceDemo-login-Login-Logi-d5111-id-user-load-inventory-page-firefox/video.webm
    ────────────────────────────────────────────────────────────────────────────────────────────────

    attachment #3: trace (application/zip) ─────────────────────────────────────────────────────────
    test-results/SauceDemo-login-Login-Logi-d5111-id-user-load-inventory-page-firefox/trace.zip
    Usage:

        npx playwright show-trace test-results/SauceDemo-login-Login-Logi-d5111-id-user-load-inventory-page-firefox/trace.zip

    ────────────────────────────────────────────────────────────────────────────────────────────────

    Retry #1 ───────────────────────────────────────────────────────────────────────────────────────

    TimeoutError: locator.innerText: Timeout 10000ms exceeded.
    Call log:
      - waiting for locator('label[for="user-name"]')


       at ../components/BaseComponent.ts:101

       99 |                 const id = await this.locator.getAttribute('id');
      100 |                 if (id) {
    > 101 |                     this.label = await this.page.locator('label[for="' + id + '"]').innerText();
          |                                                                                     ^
      102 |                     if (this.label)
      103 |                         return this.label;
      104 |                     const placeHolderAttribute = await this.locator.getAttribute('placeholder');

        at /home/runner/work/PlaywrightFramework/PlaywrightFramework/components/BaseComponent.ts:101:85
        at InputText.addStep (/home/runner/work/PlaywrightFramework/PlaywrightFramework/components/BaseComponent.ts:50:20)
        at InputText.getLabel (/home/runner/work/PlaywrightFramework/PlaywrightFramework/components/BaseComponent.ts:97:16)
        at InputText.fill (/home/runner/work/PlaywrightFramework/PlaywrightFramework/components/InputText.ts:30:22)
        at LoginPage.loginWithUser (/home/runner/work/PlaywrightFramework/PlaywrightFramework/pages/SauceDemo/loginPage.ts:29:9)
        at /home/runner/work/PlaywrightFramework/PlaywrightFramework/tests/SauceDemo/login.spec.ts:16:9

    attachment #1: screenshot (image/png) ──────────────────────────────────────────────────────────
    test-results/SauceDemo-login-Login-Logi-d5111-id-user-load-inventory-page-firefox-retry1/test-failed-1.png
    ────────────────────────────────────────────────────────────────────────────────────────────────

    attachment #2: video (video/webm) ──────────────────────────────────────────────────────────────
    test-results/SauceDemo-login-Login-Logi-d5111-id-user-load-inventory-page-firefox-retry1/video.webm
    ────────────────────────────────────────────────────────────────────────────────────────────────

    attachment #3: trace (application/zip) ─────────────────────────────────────────────────────────
    test-results/SauceDemo-login-Login-Logi-d5111-id-user-load-inventory-page-firefox-retry1/trace.zip
    Usage:

        npx playwright show-trace test-results/SauceDemo-login-Login-Logi-d5111-id-user-load-inventory-page-firefox-retry1/trace.zip

    ────────────────────────────────────────────────────────────────────────────────────────────────
]]>
</failure>
<system-out>
<![CDATA[
[[ATTACHMENT|../test-results/SauceDemo-login-Login-Logi-d5111-id-user-load-inventory-page-firefox/test-failed-1.png]]

[[ATTACHMENT|../test-results/SauceDemo-login-Login-Logi-d5111-id-user-load-inventory-page-firefox/video.webm]]

[[ATTACHMENT|../test-results/SauceDemo-login-Login-Logi-d5111-id-user-load-inventory-page-firefox/trace.zip]]

[[ATTACHMENT|../test-results/SauceDemo-login-Login-Logi-d5111-id-user-load-inventory-page-firefox-retry1/test-failed-1.png]]

[[ATTACHMENT|../test-results/SauceDemo-login-Login-Logi-d5111-id-user-load-inventory-page-firefox-retry1/video.webm]]

[[ATTACHMENT|../test-results/SauceDemo-login-Login-Logi-d5111-id-user-load-inventory-page-firefox-retry1/trace.zip]]
]]>
</system-out>
</testcase>
</testsuite>
<testsuite name="SauceDemo/loginLambdaTestFixture.spec.ts" timestamp="2024-04-24T03:54:42.726Z" hostname="firefox" tests="1" failures="1" skipped="0" time="21.245" errors="0">
<testcase name="Login › Login with valid user load inventory page" classname="SauceDemo/loginLambdaTestFixture.spec.ts" time="21.245">
<properties>
<property name="Go To" value="Go to the page: &quot;https://www.saucedemo.com&quot;">
</property>
</properties>
<failure message="loginLambdaTestFixture.spec.ts:8:9 Login with valid user load inventory page" type="FAILURE">
<![CDATA[  [firefox] › SauceDemo/loginLambdaTestFixture.spec.ts:8:9 › Login › Login with valid user load inventory page › Get label 

    TimeoutError: locator.innerText: Timeout 10000ms exceeded.
    Call log:
      - waiting for locator('label[for="user-name"]')


       at ../components/BaseComponent.ts:101

       99 |                 const id = await this.locator.getAttribute('id');
      100 |                 if (id) {
    > 101 |                     this.label = await this.page.locator('label[for="' + id + '"]').innerText();
          |                                                                                     ^
      102 |                     if (this.label)
      103 |                         return this.label;
      104 |                     const placeHolderAttribute = await this.locator.getAttribute('placeholder');

        at /home/runner/work/PlaywrightFramework/PlaywrightFramework/components/BaseComponent.ts:101:85
        at InputText.addStep (/home/runner/work/PlaywrightFramework/PlaywrightFramework/components/BaseComponent.ts:50:20)
        at InputText.getLabel (/home/runner/work/PlaywrightFramework/PlaywrightFramework/components/BaseComponent.ts:97:16)
        at InputText.fill (/home/runner/work/PlaywrightFramework/PlaywrightFramework/components/InputText.ts:30:22)
        at LoginPage.loginWithUser (/home/runner/work/PlaywrightFramework/PlaywrightFramework/pages/SauceDemo/loginPage.ts:29:9)
        at /home/runner/work/PlaywrightFramework/PlaywrightFramework/tests/SauceDemo/loginLambdaTestFixture.spec.ts:13:9

    attachment #1: screenshot (image/png) ──────────────────────────────────────────────────────────
    test-results/SauceDemo-loginLambdaTestF-3de67-id-user-load-inventory-page-firefox/test-failed-1.png
    ────────────────────────────────────────────────────────────────────────────────────────────────

    attachment #2: trace (application/zip) ─────────────────────────────────────────────────────────
    test-results/SauceDemo-loginLambdaTestF-3de67-id-user-load-inventory-page-firefox/trace.zip
    Usage:

        npx playwright show-trace test-results/SauceDemo-loginLambdaTestF-3de67-id-user-load-inventory-page-firefox/trace.zip

    ────────────────────────────────────────────────────────────────────────────────────────────────

    Retry #1 ───────────────────────────────────────────────────────────────────────────────────────

    TimeoutError: locator.innerText: Timeout 10000ms exceeded.
    Call log:
      - waiting for locator('label[for="user-name"]')


       at ../components/BaseComponent.ts:101

       99 |                 const id = await this.locator.getAttribute('id');
      100 |                 if (id) {
    > 101 |                     this.label = await this.page.locator('label[for="' + id + '"]').innerText();
          |                                                                                     ^
      102 |                     if (this.label)
      103 |                         return this.label;
      104 |                     const placeHolderAttribute = await this.locator.getAttribute('placeholder');

        at /home/runner/work/PlaywrightFramework/PlaywrightFramework/components/BaseComponent.ts:101:85
        at InputText.addStep (/home/runner/work/PlaywrightFramework/PlaywrightFramework/components/BaseComponent.ts:50:20)
        at InputText.getLabel (/home/runner/work/PlaywrightFramework/PlaywrightFramework/components/BaseComponent.ts:97:16)
        at InputText.fill (/home/runner/work/PlaywrightFramework/PlaywrightFramework/components/InputText.ts:30:22)
        at LoginPage.loginWithUser (/home/runner/work/PlaywrightFramework/PlaywrightFramework/pages/SauceDemo/loginPage.ts:29:9)
        at /home/runner/work/PlaywrightFramework/PlaywrightFramework/tests/SauceDemo/loginLambdaTestFixture.spec.ts:13:9

    attachment #1: screenshot (image/png) ──────────────────────────────────────────────────────────
    test-results/SauceDemo-loginLambdaTestF-3de67-id-user-load-inventory-page-firefox-retry1/test-failed-1.png
    ────────────────────────────────────────────────────────────────────────────────────────────────

    attachment #2: trace (application/zip) ─────────────────────────────────────────────────────────
    test-results/SauceDemo-loginLambdaTestF-3de67-id-user-load-inventory-page-firefox-retry1/trace.zip
    Usage:

        npx playwright show-trace test-results/SauceDemo-loginLambdaTestF-3de67-id-user-load-inventory-page-firefox-retry1/trace.zip

    ────────────────────────────────────────────────────────────────────────────────────────────────
]]>
</failure>
<system-out>
<![CDATA[
[[ATTACHMENT|../test-results/SauceDemo-loginLambdaTestF-3de67-id-user-load-inventory-page-firefox/test-failed-1.png]]

[[ATTACHMENT|../test-results/SauceDemo-loginLambdaTestF-3de67-id-user-load-inventory-page-firefox/trace.zip]]

[[ATTACHMENT|../test-results/SauceDemo-loginLambdaTestF-3de67-id-user-load-inventory-page-firefox-retry1/test-failed-1.png]]

[[ATTACHMENT|../test-results/SauceDemo-loginLambdaTestF-3de67-id-user-load-inventory-page-firefox-retry1/trace.zip]]
]]>
</system-out>
</testcase>
</testsuite>
<testsuite name="Effiziente/Api/servers.spec.ts" timestamp="2024-04-24T03:54:42.726Z" hostname="webkit" tests="2" failures="1" skipped="0" time="42.215" errors="0">
<testcase name="Servers › Should add a server" classname="Effiziente/Api/servers.spec.ts" time="8.293">
<properties>
<property name="Go To" value="Go to the servers page: &quot;https://effizientedemo.azurewebsites.net/Security/servers&quot;">
</property>
<property name="Button" value="Click: &quot;Add&quot;">
</property>
<property name="InputText" value="Fill &quot;Key:&quot; with the value: &quot;281958&quot;">
</property>
<property name="InputText" value="Fill &quot;Name:&quot; with the value: &quot;Senger and Sons&quot;">
</property>
<property name="InputText" value="Fill &quot;Url:&quot; with the value: &quot;https://serious-convection.org&quot;">
</property>
<property name="Button" value="Click: &quot;Save&quot;">
</property>
<property name="Assert" value="Success message is visible">
</property>
<property name="Assert" value="Server id should be a number greater than 1">
</property>
<property name="Assert" value="Row with the key: 281958 exists">
</property>
</properties>
<system-out>
<![CDATA[index:2
]]>
</system-out>
</testcase>
<testcase name="Servers › Should edit a server" classname="Effiziente/Api/servers.spec.ts" time="33.922">
<properties>
<property name="Go To" value="Go to the servers page: &quot;https://effizientedemo.azurewebsites.net/Security/servers&quot;">
</property>
<property name="Step" value="Create server with API">
</property>
<property name="Go To" value="Go to the servers page: &quot;https://effizientedemo.azurewebsites.net/Security/servers&quot;">
</property>
</properties>
<failure message="servers.spec.ts:40:9 Should edit a server" type="FAILURE">
<![CDATA[  [webkit] › Effiziente/Api/servers.spec.ts:40:9 › Servers › Should edit a server › Get label ──────

    TimeoutError: locator.innerText: Timeout 10000ms exceeded.
    Call log:
      - waiting for locator('label[for="minmax"]')


       at ../components/BaseComponent.ts:101

       99 |                 const id = await this.locator.getAttribute('id');
      100 |                 if (id) {
    > 101 |                     this.label = await this.page.locator('label[for="' + id + '"]').innerText();
          |                                                                                     ^
      102 |                     if (this.label)
      103 |                         return this.label;
      104 |                     const placeHolderAttribute = await this.locator.getAttribute('placeholder');

        at /home/runner/work/PlaywrightFramework/PlaywrightFramework/components/BaseComponent.ts:101:85
        at InputText.addStep (/home/runner/work/PlaywrightFramework/PlaywrightFramework/components/BaseComponent.ts:50:20)
        at InputText.getLabel (/home/runner/work/PlaywrightFramework/PlaywrightFramework/components/BaseComponent.ts:97:16)
        at InputText.fill (/home/runner/work/PlaywrightFramework/PlaywrightFramework/components/InputText.ts:30:22)
        at /home/runner/work/PlaywrightFramework/PlaywrightFramework/tests/Effiziente/Api/servers.spec.ts:68:9

    attachment #1: screenshot (image/png) ──────────────────────────────────────────────────────────
    test-results/Effiziente-Api-servers-Servers-Should-edit-a-server-webkit/test-failed-1.png
    ────────────────────────────────────────────────────────────────────────────────────────────────

    attachment #2: video (video/webm) ──────────────────────────────────────────────────────────────
    test-results/Effiziente-Api-servers-Servers-Should-edit-a-server-webkit/video.webm
    ────────────────────────────────────────────────────────────────────────────────────────────────

    attachment #3: trace (application/zip) ─────────────────────────────────────────────────────────
    test-results/Effiziente-Api-servers-Servers-Should-edit-a-server-webkit/trace.zip
    Usage:

        npx playwright show-trace test-results/Effiziente-Api-servers-Servers-Should-edit-a-server-webkit/trace.zip

    ────────────────────────────────────────────────────────────────────────────────────────────────

    Retry #1 ───────────────────────────────────────────────────────────────────────────────────────

    TimeoutError: locator.innerText: Timeout 10000ms exceeded.
    Call log:
      - waiting for locator('label[for="minmax"]')


       at ../components/BaseComponent.ts:101

       99 |                 const id = await this.locator.getAttribute('id');
      100 |                 if (id) {
    > 101 |                     this.label = await this.page.locator('label[for="' + id + '"]').innerText();
          |                                                                                     ^
      102 |                     if (this.label)
      103 |                         return this.label;
      104 |                     const placeHolderAttribute = await this.locator.getAttribute('placeholder');

        at /home/runner/work/PlaywrightFramework/PlaywrightFramework/components/BaseComponent.ts:101:85
        at InputText.addStep (/home/runner/work/PlaywrightFramework/PlaywrightFramework/components/BaseComponent.ts:50:20)
        at InputText.getLabel (/home/runner/work/PlaywrightFramework/PlaywrightFramework/components/BaseComponent.ts:97:16)
        at InputText.fill (/home/runner/work/PlaywrightFramework/PlaywrightFramework/components/InputText.ts:30:22)
        at /home/runner/work/PlaywrightFramework/PlaywrightFramework/tests/Effiziente/Api/servers.spec.ts:68:9

    attachment #1: screenshot (image/png) ──────────────────────────────────────────────────────────
    test-results/Effiziente-Api-servers-Servers-Should-edit-a-server-webkit-retry1/test-failed-1.png
    ────────────────────────────────────────────────────────────────────────────────────────────────

    attachment #2: video (video/webm) ──────────────────────────────────────────────────────────────
    test-results/Effiziente-Api-servers-Servers-Should-edit-a-server-webkit-retry1/video.webm
    ────────────────────────────────────────────────────────────────────────────────────────────────

    attachment #3: trace (application/zip) ─────────────────────────────────────────────────────────
    test-results/Effiziente-Api-servers-Servers-Should-edit-a-server-webkit-retry1/trace.zip
    Usage:

        npx playwright show-trace test-results/Effiziente-Api-servers-Servers-Should-edit-a-server-webkit-retry1/trace.zip

    ────────────────────────────────────────────────────────────────────────────────────────────────
]]>
</failure>
<system-out>
<![CDATA[
[[ATTACHMENT|../test-results/Effiziente-Api-servers-Servers-Should-edit-a-server-webkit/test-failed-1.png]]

[[ATTACHMENT|../test-results/Effiziente-Api-servers-Servers-Should-edit-a-server-webkit/video.webm]]

[[ATTACHMENT|../test-results/Effiziente-Api-servers-Servers-Should-edit-a-server-webkit/trace.zip]]

[[ATTACHMENT|../test-results/Effiziente-Api-servers-Servers-Should-edit-a-server-webkit-retry1/test-failed-1.png]]

[[ATTACHMENT|../test-results/Effiziente-Api-servers-Servers-Should-edit-a-server-webkit-retry1/video.webm]]

[[ATTACHMENT|../test-results/Effiziente-Api-servers-Servers-Should-edit-a-server-webkit-retry1/trace.zip]]
]]>
</system-out>
</testcase>
</testsuite>
<testsuite name="Effiziente/dashboard.spec.ts" timestamp="2024-04-24T03:54:42.726Z" hostname="webkit" tests="1" failures="0" skipped="0" time="6.708" errors="0">
<testcase name="Check Dashboard › Should show dashboard" classname="Effiziente/dashboard.spec.ts" time="6.708">
<properties>
<property name="Mock" value="Modify the summary with fixed data">
</property>
<property name="Mock" value="Modify the &quot;Sumary Expiration&quot; with fixed data">
</property>
<property name="Mock" value="Modify the &quot;Top 5 delay&quot; with fixed data">
</property>
<property name="Mock" value="Modify the &quot;Top 5 total&quot; with fixed data">
</property>
<property name="Mock" value="Modify the &quot;Top 5 type&quot; with fixed data">
</property>
<property name="Mock" value="Modify the &quot;Top 10 Limit 1&quot; with fixed data">
</property>
<property name="Mock" value="Modify the &quot;Top 10 Limit 2&quot; with fixed data">
</property>
<property name="Mock" value="Modify the &quot;Top 10 Limit 3&quot; with fixed data">
</property>
<property name="Mock" value="Modify the &quot;Top 10 To Expire&quot; with fixed data">
</property>
<property name="Go To" value="Go to the page: &quot;https://effizientedemo.azurewebsites.net/AccountsReceivable/dashboard&quot;">
</property>
<property name="Step" value="Compare snapshot: dashboard.png with maxDiffPixelsRatio: 0.1">
</property>
</properties>
</testcase>
</testsuite>
<testsuite name="Effiziente/menu.spec.ts" timestamp="2024-04-24T03:54:42.726Z" hostname="webkit" tests="2" failures="0" skipped="0" time="9.377" errors="0">
<testcase name="Normal user › Should returns user menu" classname="Effiziente/menu.spec.ts" time="4.822">
<properties>
<property name="Go To" value="Go to the page: &quot;https://effizientedemo.azurewebsites.net/AccountsReceivable/dashboard&quot;">
</property>
<property name="PirmeFacesMenu" value="Get top menus">
</property>
<property name="Assert" value="Menu is equal to: AccountsReceivable,Config">
</property>
</properties>
</testcase>
<testcase name="Admin user › Should returns admin menu" classname="Effiziente/menu.spec.ts" time="4.555">
<properties>
<property name="Go To" value="Go to the page: &quot;https://effizientedemo.azurewebsites.net/AccountsReceivable/dashboard&quot;">
</property>
<property name="PirmeFacesMenu" value="Get top menus">
</property>
<property name="Assert" value="Menu is equal to:AccountsReceivable,Security,Config">
</property>
</properties>
</testcase>
</testsuite>
<testsuite name="Effiziente/Synthetic/login.spec.ts" timestamp="2024-04-24T03:54:42.726Z" hostname="webkit" tests="1" failures="0" skipped="0" time="6.65" errors="0">
<testcase name="Synthetic login testing › Should show dashboard" classname="Effiziente/Synthetic/login.spec.ts" time="6.65">
</testcase>
</testsuite>
<testsuite name="Effiziente/Synthetic/menu.spec.ts" timestamp="2024-04-24T03:54:42.726Z" hostname="webkit" tests="1" failures="0" skipped="0" time="7.748" errors="0">
<testcase name="Synthetic testing › Should show dashboard" classname="Effiziente/Synthetic/menu.spec.ts" time="7.748">
<properties>
<property name="Navigation" value="Go to:https://effizientedemo.azurewebsites.net">
</property>
</properties>
</testcase>
</testsuite>
<testsuite name="Effiziente/ZeroStep/login.spec.ts" timestamp="2024-04-24T03:54:42.726Z" hostname="webkit" tests="1" failures="0" skipped="1" time="0.301" errors="0">
<testcase name="AI Zero Step › Should show dashboard after login" classname="Effiziente/ZeroStep/login.spec.ts" time="0.301">
<properties>
<property name="skip" value="Zero Steps only works in chromium">
</property>
</properties>
<skipped>
</skipped>
</testcase>
</testsuite>
<testsuite name="Google/searchLocale.spec.ts" timestamp="2024-04-24T03:54:42.726Z" hostname="webkit" tests="1" failures="0" skipped="0" time="2.008" errors="0">
<testcase name="Locale translations › Translations with locale and time zone id" classname="Google/searchLocale.spec.ts" time="2.008">
<properties>
<property name="Go To" value="Go to the page: &quot;https://www.google.com&quot;">
</property>
<property name="Assert" value="Search button text is equal to: &quot;Buscar con Google&quot;">
</property>
</properties>
</testcase>
</testsuite>
<testsuite name="SauceDemo/login.spec.ts" timestamp="2024-04-24T03:54:42.726Z" hostname="webkit" tests="1" failures="1" skipped="0" time="23.282" errors="0">
<testcase name="Login › Login with valid user load inventory page" classname="SauceDemo/login.spec.ts" time="23.282">
<properties>
<property name="Go To" value="Go to the page: &quot;https://www.saucedemo.com&quot;">
</property>
</properties>
<failure message="login.spec.ts:10:9 Login with valid user load inventory page" type="FAILURE">
<![CDATA[  [webkit] › SauceDemo/login.spec.ts:10:9 › Login › Login with valid user load inventory page › Get label 

    TimeoutError: locator.innerText: Timeout 10000ms exceeded.
    Call log:
      - waiting for locator('label[for="user-name"]')


       at ../components/BaseComponent.ts:101

       99 |                 const id = await this.locator.getAttribute('id');
      100 |                 if (id) {
    > 101 |                     this.label = await this.page.locator('label[for="' + id + '"]').innerText();
          |                                                                                     ^
      102 |                     if (this.label)
      103 |                         return this.label;
      104 |                     const placeHolderAttribute = await this.locator.getAttribute('placeholder');

        at /home/runner/work/PlaywrightFramework/PlaywrightFramework/components/BaseComponent.ts:101:85
        at InputText.addStep (/home/runner/work/PlaywrightFramework/PlaywrightFramework/components/BaseComponent.ts:50:20)
        at InputText.getLabel (/home/runner/work/PlaywrightFramework/PlaywrightFramework/components/BaseComponent.ts:97:16)
        at InputText.fill (/home/runner/work/PlaywrightFramework/PlaywrightFramework/components/InputText.ts:30:22)
        at LoginPage.loginWithUser (/home/runner/work/PlaywrightFramework/PlaywrightFramework/pages/SauceDemo/loginPage.ts:29:9)
        at /home/runner/work/PlaywrightFramework/PlaywrightFramework/tests/SauceDemo/login.spec.ts:16:9

    attachment #1: screenshot (image/png) ──────────────────────────────────────────────────────────
    test-results/SauceDemo-login-Login-Logi-d5111-id-user-load-inventory-page-webkit/test-failed-1.png
    ────────────────────────────────────────────────────────────────────────────────────────────────

    attachment #2: video (video/webm) ──────────────────────────────────────────────────────────────
    test-results/SauceDemo-login-Login-Logi-d5111-id-user-load-inventory-page-webkit/video.webm
    ────────────────────────────────────────────────────────────────────────────────────────────────

    attachment #3: trace (application/zip) ─────────────────────────────────────────────────────────
    test-results/SauceDemo-login-Login-Logi-d5111-id-user-load-inventory-page-webkit/trace.zip
    Usage:

        npx playwright show-trace test-results/SauceDemo-login-Login-Logi-d5111-id-user-load-inventory-page-webkit/trace.zip

    ────────────────────────────────────────────────────────────────────────────────────────────────

    Retry #1 ───────────────────────────────────────────────────────────────────────────────────────

    TimeoutError: locator.innerText: Timeout 10000ms exceeded.
    Call log:
      - waiting for locator('label[for="user-name"]')


       at ../components/BaseComponent.ts:101

       99 |                 const id = await this.locator.getAttribute('id');
      100 |                 if (id) {
    > 101 |                     this.label = await this.page.locator('label[for="' + id + '"]').innerText();
          |                                                                                     ^
      102 |                     if (this.label)
      103 |                         return this.label;
      104 |                     const placeHolderAttribute = await this.locator.getAttribute('placeholder');

        at /home/runner/work/PlaywrightFramework/PlaywrightFramework/components/BaseComponent.ts:101:85
        at InputText.addStep (/home/runner/work/PlaywrightFramework/PlaywrightFramework/components/BaseComponent.ts:50:20)
        at InputText.getLabel (/home/runner/work/PlaywrightFramework/PlaywrightFramework/components/BaseComponent.ts:97:16)
        at InputText.fill (/home/runner/work/PlaywrightFramework/PlaywrightFramework/components/InputText.ts:30:22)
        at LoginPage.loginWithUser (/home/runner/work/PlaywrightFramework/PlaywrightFramework/pages/SauceDemo/loginPage.ts:29:9)
        at /home/runner/work/PlaywrightFramework/PlaywrightFramework/tests/SauceDemo/login.spec.ts:16:9

    attachment #1: screenshot (image/png) ──────────────────────────────────────────────────────────
    test-results/SauceDemo-login-Login-Logi-d5111-id-user-load-inventory-page-webkit-retry1/test-failed-1.png
    ────────────────────────────────────────────────────────────────────────────────────────────────

    attachment #2: video (video/webm) ──────────────────────────────────────────────────────────────
    test-results/SauceDemo-login-Login-Logi-d5111-id-user-load-inventory-page-webkit-retry1/video.webm
    ────────────────────────────────────────────────────────────────────────────────────────────────

    attachment #3: trace (application/zip) ─────────────────────────────────────────────────────────
    test-results/SauceDemo-login-Login-Logi-d5111-id-user-load-inventory-page-webkit-retry1/trace.zip
    Usage:

        npx playwright show-trace test-results/SauceDemo-login-Login-Logi-d5111-id-user-load-inventory-page-webkit-retry1/trace.zip

    ────────────────────────────────────────────────────────────────────────────────────────────────
]]>
</failure>
<system-out>
<![CDATA[
[[ATTACHMENT|../test-results/SauceDemo-login-Login-Logi-d5111-id-user-load-inventory-page-webkit/test-failed-1.png]]

[[ATTACHMENT|../test-results/SauceDemo-login-Login-Logi-d5111-id-user-load-inventory-page-webkit/video.webm]]

[[ATTACHMENT|../test-results/SauceDemo-login-Login-Logi-d5111-id-user-load-inventory-page-webkit/trace.zip]]

[[ATTACHMENT|../test-results/SauceDemo-login-Login-Logi-d5111-id-user-load-inventory-page-webkit-retry1/test-failed-1.png]]

[[ATTACHMENT|../test-results/SauceDemo-login-Login-Logi-d5111-id-user-load-inventory-page-webkit-retry1/video.webm]]

[[ATTACHMENT|../test-results/SauceDemo-login-Login-Logi-d5111-id-user-load-inventory-page-webkit-retry1/trace.zip]]
]]>
</system-out>
</testcase>
</testsuite>
<testsuite name="SauceDemo/loginLambdaTestFixture.spec.ts" timestamp="2024-04-24T03:54:42.726Z" hostname="webkit" tests="1" failures="1" skipped="0" time="21.775" errors="0">
<testcase name="Login › Login with valid user load inventory page" classname="SauceDemo/loginLambdaTestFixture.spec.ts" time="21.775">
<properties>
<property name="Go To" value="Go to the page: &quot;https://www.saucedemo.com&quot;">
</property>
</properties>
<failure message="loginLambdaTestFixture.spec.ts:8:9 Login with valid user load inventory page" type="FAILURE">
<![CDATA[  [webkit] › SauceDemo/loginLambdaTestFixture.spec.ts:8:9 › Login › Login with valid user load inventory page › Get label 

    TimeoutError: locator.innerText: Timeout 10000ms exceeded.
    Call log:
      - waiting for locator('label[for="user-name"]')


       at ../components/BaseComponent.ts:101

       99 |                 const id = await this.locator.getAttribute('id');
      100 |                 if (id) {
    > 101 |                     this.label = await this.page.locator('label[for="' + id + '"]').innerText();
          |                                                                                     ^
      102 |                     if (this.label)
      103 |                         return this.label;
      104 |                     const placeHolderAttribute = await this.locator.getAttribute('placeholder');

        at /home/runner/work/PlaywrightFramework/PlaywrightFramework/components/BaseComponent.ts:101:85
        at InputText.addStep (/home/runner/work/PlaywrightFramework/PlaywrightFramework/components/BaseComponent.ts:50:20)
        at InputText.getLabel (/home/runner/work/PlaywrightFramework/PlaywrightFramework/components/BaseComponent.ts:97:16)
        at InputText.fill (/home/runner/work/PlaywrightFramework/PlaywrightFramework/components/InputText.ts:30:22)
        at LoginPage.loginWithUser (/home/runner/work/PlaywrightFramework/PlaywrightFramework/pages/SauceDemo/loginPage.ts:29:9)
        at /home/runner/work/PlaywrightFramework/PlaywrightFramework/tests/SauceDemo/loginLambdaTestFixture.spec.ts:13:9

    attachment #1: screenshot (image/png) ──────────────────────────────────────────────────────────
    test-results/SauceDemo-loginLambdaTestF-3de67-id-user-load-inventory-page-webkit/test-failed-1.png
    ────────────────────────────────────────────────────────────────────────────────────────────────

    attachment #2: trace (application/zip) ─────────────────────────────────────────────────────────
    test-results/SauceDemo-loginLambdaTestF-3de67-id-user-load-inventory-page-webkit/trace.zip
    Usage:

        npx playwright show-trace test-results/SauceDemo-loginLambdaTestF-3de67-id-user-load-inventory-page-webkit/trace.zip

    ────────────────────────────────────────────────────────────────────────────────────────────────

    Retry #1 ───────────────────────────────────────────────────────────────────────────────────────

    TimeoutError: locator.innerText: Timeout 10000ms exceeded.
    Call log:
      - waiting for locator('label[for="user-name"]')


       at ../components/BaseComponent.ts:101

       99 |                 const id = await this.locator.getAttribute('id');
      100 |                 if (id) {
    > 101 |                     this.label = await this.page.locator('label[for="' + id + '"]').innerText();
          |                                                                                     ^
      102 |                     if (this.label)
      103 |                         return this.label;
      104 |                     const placeHolderAttribute = await this.locator.getAttribute('placeholder');

        at /home/runner/work/PlaywrightFramework/PlaywrightFramework/components/BaseComponent.ts:101:85
        at InputText.addStep (/home/runner/work/PlaywrightFramework/PlaywrightFramework/components/BaseComponent.ts:50:20)
        at InputText.getLabel (/home/runner/work/PlaywrightFramework/PlaywrightFramework/components/BaseComponent.ts:97:16)
        at InputText.fill (/home/runner/work/PlaywrightFramework/PlaywrightFramework/components/InputText.ts:30:22)
        at LoginPage.loginWithUser (/home/runner/work/PlaywrightFramework/PlaywrightFramework/pages/SauceDemo/loginPage.ts:29:9)
        at /home/runner/work/PlaywrightFramework/PlaywrightFramework/tests/SauceDemo/loginLambdaTestFixture.spec.ts:13:9

    attachment #1: screenshot (image/png) ──────────────────────────────────────────────────────────
    test-results/SauceDemo-loginLambdaTestF-3de67-id-user-load-inventory-page-webkit-retry1/test-failed-1.png
    ────────────────────────────────────────────────────────────────────────────────────────────────

    attachment #2: trace (application/zip) ─────────────────────────────────────────────────────────
    test-results/SauceDemo-loginLambdaTestF-3de67-id-user-load-inventory-page-webkit-retry1/trace.zip
    Usage:

        npx playwright show-trace test-results/SauceDemo-loginLambdaTestF-3de67-id-user-load-inventory-page-webkit-retry1/trace.zip

    ────────────────────────────────────────────────────────────────────────────────────────────────
]]>
</failure>
<system-out>
<![CDATA[
[[ATTACHMENT|../test-results/SauceDemo-loginLambdaTestF-3de67-id-user-load-inventory-page-webkit/test-failed-1.png]]

[[ATTACHMENT|../test-results/SauceDemo-loginLambdaTestF-3de67-id-user-load-inventory-page-webkit/trace.zip]]

[[ATTACHMENT|../test-results/SauceDemo-loginLambdaTestF-3de67-id-user-load-inventory-page-webkit-retry1/test-failed-1.png]]

[[ATTACHMENT|../test-results/SauceDemo-loginLambdaTestF-3de67-id-user-load-inventory-page-webkit-retry1/trace.zip]]
]]>
</system-out>
</testcase>
</testsuite>
</testsuites>