<testsuites id="" name="" tests="39" failures="0" skipped="2" errors="0" time="151.81977">
<testsuite name="SauceDemo/loginLambdaTestFixture.spec.ts" timestamp="2024-05-23T19:56:18.193Z" hostname="chrome:latest:MacOS Catalina@lambdatest" tests="1" failures="0" skipped="0" time="35.392" errors="0">
<testcase name="Login › Login with valid user load inventory page" classname="SauceDemo/loginLambdaTestFixture.spec.ts" time="35.392">
<properties>
<property name="Go To" value="Go to the page: &quot;https://www.saucedemo.com&quot;">
</property>
<property name="InputText" value="Fill &quot;Username:&quot; with the value: &quot;standard_user&quot;">
</property>
<property name="InputPassword" value="Fill: &quot;Password with value: *****&quot;">
</property>
<property name="Button" value="Click: &quot;Login&quot;">
</property>
<property name="Assert" value="Check URL Page equal to: &quot;https://www.saucedemo.com/inventory.html&quot;">
</property>
</properties>
</testcase>
</testsuite>
<testsuite name="SauceDemo/loginLambdaTestFixture.spec.ts" timestamp="2024-05-23T19:56:18.193Z" hostname="pw-webkit:latest:MacOS Monterey@lambdatest" tests="1" failures="0" skipped="0" time="10.286" errors="0">
<testcase name="Login › Login with valid user load inventory page" classname="SauceDemo/loginLambdaTestFixture.spec.ts" time="10.286">
<properties>
<property name="Go To" value="Go to the page: &quot;https://www.saucedemo.com&quot;">
</property>
<property name="InputText" value="Fill &quot;Username:&quot; with the value: &quot;standard_user&quot;">
</property>
<property name="InputPassword" value="Fill: &quot;Password with value: *****&quot;">
</property>
<property name="Button" value="Click: &quot;Login&quot;">
</property>
<property name="Assert" value="Check URL Page equal to: &quot;https://www.saucedemo.com/inventory.html&quot;">
</property>
</properties>
</testcase>
</testsuite>
<testsuite name="SauceDemo/loginLambdaTestFixture.spec.ts" timestamp="2024-05-23T19:56:18.193Z" hostname="chrome:latest:Windows 10@lambdatest" tests="1" failures="0" skipped="0" time="25.031" errors="0">
<testcase name="Login › Login with valid user load inventory page" classname="SauceDemo/loginLambdaTestFixture.spec.ts" time="25.031">
<properties>
<property name="Go To" value="Go to the page: &quot;https://www.saucedemo.com&quot;">
</property>
<property name="InputText" value="Fill &quot;Username:&quot; with the value: &quot;standard_user&quot;">
</property>
<property name="InputPassword" value="Fill: &quot;Password with value: *****&quot;">
</property>
<property name="Button" value="Click: &quot;Login&quot;">
</property>
<property name="Assert" value="Check URL Page equal to: &quot;https://www.saucedemo.com/inventory.html&quot;">
</property>
</properties>
</testcase>
</testsuite>
<testsuite name="Effiziente/AI-ZeroStep/login.spec.ts" timestamp="2024-05-23T19:56:18.193Z" hostname="chromium" tests="1" failures="0" skipped="0" time="17.293" errors="0">
<testcase name="AI Zero Step › Should show dashboard after login" classname="Effiziente/AI-ZeroStep/login.spec.ts" time="17.293">
</testcase>
</testsuite>
<testsuite name="Effiziente/Api/servers.spec.ts" timestamp="2024-05-23T19:56:18.193Z" hostname="chromium" tests="2" failures="0" skipped="0" time="14.682" errors="0">
<testcase name="Servers › Should add a server" classname="Effiziente/Api/servers.spec.ts" time="9.142">
<properties>
<property name="Go To" value="Go to the servers page: &quot;https://effizientedemo.azurewebsites.net/Security/servers&quot;">
</property>
<property name="Button" value="Click: &quot;Add&quot;">
</property>
<property name="InputText" value="Fill &quot;Key:&quot; with the value: &quot;250590&quot;">
</property>
<property name="InputText" value="Fill &quot;Name:&quot; with the value: &quot;Smitham, Schinner and Graham&quot;">
</property>
<property name="InputText" value="Fill &quot;Url:&quot; with the value: &quot;https://numb-expectation.org/&quot;">
</property>
<property name="Button" value="Click: &quot;Save&quot;">
</property>
<property name="Assert" value="Success message is visible">
</property>
<property name="Assert" value="Server id should be a number greater than 1">
</property>
<property name="Assert" value="Server with the key: &quot;250590&quot; exists in the table">
</property>
<property name="Assert" value="The server name for the key: &quot;250590&quot; is: &quot;Smitham, Schinner and Graham&quot;">
</property>
<property name="Assert" value="The server url for the key: &quot;250590&quot; is: &quot;https://numb-expectation.org/&quot;">
</property>
</properties>
<system-out>
<![CDATA[index:2
]]>
</system-out>
</testcase>
<testcase name="Servers › Should edit a server" classname="Effiziente/Api/servers.spec.ts" time="5.54">
<properties>
<property name="Go To" value="Go to the servers page: &quot;https://effizientedemo.azurewebsites.net/Security/servers&quot;">
</property>
<property name="Step" value="Create server with API">
</property>
<property name="Go To" value="Go to the servers page: &quot;https://effizientedemo.azurewebsites.net/Security/servers&quot;">
</property>
<property name="InputText" value="Fill &quot;key:&quot; with the value: &quot;306561&quot;">
</property>
<property name="InputText" value="Fill &quot;Name:&quot; with the value: &quot;Gusikowski - Altenwerth&quot;">
</property>
<property name="InputText" value="Fill &quot;Url:&quot; with the value: &quot;https://single-special.com/&quot;">
</property>
<property name="Button" value="Click: &quot;Save&quot;">
</property>
<property name="Assert" value="Success message is visible">
</property>
<property name="Assert" value="Server with the key: &quot;306561&quot; exists in the table">
</property>
<property name="Assert" value="The server name for the key: &quot;306561&quot; is: &quot;Gusikowski - Altenwerth&quot;">
</property>
<property name="Assert" value="The server url for the key: &quot;306561&quot; is: &quot;https://single-special.com/&quot;">
</property>
</properties>
<system-out>
<![CDATA[index:2
]]>
</system-out>
</testcase>
</testsuite>
<testsuite name="Effiziente/dashboard.spec.ts" timestamp="2024-05-23T19:56:18.193Z" hostname="chromium" tests="1" failures="0" skipped="0" time="3.88" errors="0">
<testcase name="Check Dashboard › Should show dashboard" classname="Effiziente/dashboard.spec.ts" time="3.88">
<properties>
<property name="Mock" value="Modify the summary with fixed data">
</property>
<property name="Mock" value="Modify the &quot;Sumary Expiration&quot; with fixed data">
</property>
<property name="Mock" value="Modify the &quot;Top 5 delay&quot; with fixed data">
</property>
<property name="Mock" value="Modify the &quot;Top 5 total&quot; with fixed data">
</property>
<property name="Mock" value="Modify the &quot;Top 5 type&quot; with fixed data">
</property>
<property name="Mock" value="Modify the &quot;Top 10 Limit 1&quot; with fixed data">
</property>
<property name="Mock" value="Modify the &quot;Top 10 Limit 2&quot; with fixed data">
</property>
<property name="Mock" value="Modify the &quot;Top 10 Limit 3&quot; with fixed data">
</property>
<property name="Mock" value="Modify the &quot;Top 10 To Expire&quot; with fixed data">
</property>
<property name="Go To" value="Go to the page: &quot;https://effizientedemo.azurewebsites.net/AccountsReceivable/dashboard&quot;">
</property>
<property name="Step" value="Compare snapshot: dashboard.png with maxDiffPixelsRatio: 0.1">
</property>
</properties>
</testcase>
</testsuite>
<testsuite name="Effiziente/Excel/exportServers.spec.ts" timestamp="2024-05-23T19:56:18.193Z" hostname="chromium" tests="1" failures="0" skipped="0" time="3.595" errors="0">
<testcase name="Servers › Should export servers to excel" classname="Effiziente/Excel/exportServers.spec.ts" time="3.595">
<properties>
<property name="Go To" value="Go to the servers page: &quot;https://effizientedemo.azurewebsites.net/Security/servers&quot;">
</property>
<property name="ButtonExcel" value="Click: &quot;Export to Excel&quot;">
</property>
<property name="Assert" value="The excel file rows are equal to the grid rows">
</property>
</properties>
<system-out>
<![CDATA[
[[ATTACHMENT|../test-results/Effiziente-Excel-exportSer-78576-uld-export-servers-to-excel-chromium/attachments/servers-xlsx-b45414d1440b649c23868d9b19e0f22e5f012826.xlsx]]
]]>
</system-out>
</testcase>
</testsuite>
<testsuite name="Effiziente/menu.spec.ts" timestamp="2024-05-23T19:56:18.193Z" hostname="chromium" tests="2" failures="0" skipped="0" time="13.444" errors="0">
<testcase name="Normal user › Should returns user menu" classname="Effiziente/menu.spec.ts" time="6.543">
<properties>
<property name="Go To" value="Go to the page: &quot;https://effizientedemo.azurewebsites.net/AccountsReceivable/dashboard&quot;">
</property>
<property name="PirmeFacesMenu" value="Get top menus">
</property>
<property name="Assert" value="Menu are equal to: &quot;AccountsReceivable,Config&quot;">
</property>
</properties>
</testcase>
<testcase name="Admin user › Should returns admin menu" classname="Effiziente/menu.spec.ts" time="6.901">
<properties>
<property name="Go To" value="Go to the page: &quot;https://effizientedemo.azurewebsites.net/AccountsReceivable/dashboard&quot;">
</property>
<property name="PirmeFacesMenu" value="Get top menus">
</property>
<property name="Assert" value="Menu are equal to: &quot;AccountsReceivable,Security,Config&quot;">
</property>
</properties>
</testcase>
</testsuite>
<testsuite name="Effiziente/Synthetic/login.spec.ts" timestamp="2024-05-23T19:56:18.193Z" hostname="chromium" tests="1" failures="0" skipped="0" time="6.96" errors="0">
<testcase name="Synthetic login testing › Should show dashboard" classname="Effiziente/Synthetic/login.spec.ts" time="6.96">
</testcase>
</testsuite>
<testsuite name="Effiziente/Synthetic/menu.spec.ts" timestamp="2024-05-23T19:56:18.193Z" hostname="chromium" tests="1" failures="0" skipped="0" time="7.893" errors="0">
<testcase name="Synthetic testing › Should show dashboard" classname="Effiziente/Synthetic/menu.spec.ts" time="7.893">
<properties>
<property name="Navigation" value="Go to:https://effizientedemo.azurewebsites.net">
</property>
</properties>
</testcase>
</testsuite>
<testsuite name="Google/searchLocale.spec.ts" timestamp="2024-05-23T19:56:18.193Z" hostname="chromium" tests="1" failures="0" skipped="0" time="1.283" errors="0">
<testcase name="Locale translations › Translations with locale and time zone id" classname="Google/searchLocale.spec.ts" time="1.283">
<properties>
<property name="Go To" value="Go to the page: &quot;https://www.google.com&quot;">
</property>
<property name="Assert" value="Search button text is equal to: &quot;Buscar con Google&quot;">
</property>
</properties>
</testcase>
</testsuite>
<testsuite name="SauceDemo/login.spec.ts" timestamp="2024-05-23T19:56:18.193Z" hostname="chromium" tests="1" failures="0" skipped="0" time="1.008" errors="0">
<testcase name="Login › Login with valid user load inventory page" classname="SauceDemo/login.spec.ts" time="1.008">
<properties>
<property name="Go To" value="Go to the page: &quot;https://www.saucedemo.com&quot;">
</property>
<property name="InputText" value="Fill &quot;Username:&quot; with the value: &quot;standard_user&quot;">
</property>
<property name="InputPassword" value="Fill: &quot;Password with value: *****&quot;">
</property>
<property name="Button" value="Click: &quot;Login&quot;">
</property>
<property name="Assert" value="Check URL Page is equal to: &quot;https://www.saucedemo.com/inventory.html&quot;">
</property>
</properties>
</testcase>
</testsuite>
<testsuite name="SauceDemo/loginLambdaTestFixture.spec.ts" timestamp="2024-05-23T19:56:18.193Z" hostname="chromium" tests="1" failures="0" skipped="0" time="0.842" errors="0">
<testcase name="Login › Login with valid user load inventory page" classname="SauceDemo/loginLambdaTestFixture.spec.ts" time="0.842">
<properties>
<property name="Go To" value="Go to the page: &quot;https://www.saucedemo.com&quot;">
</property>
<property name="InputText" value="Fill &quot;Username:&quot; with the value: &quot;standard_user&quot;">
</property>
<property name="InputPassword" value="Fill: &quot;Password with value: *****&quot;">
</property>
<property name="Button" value="Click: &quot;Login&quot;">
</property>
<property name="Assert" value="Check URL Page equal to: &quot;https://www.saucedemo.com/inventory.html&quot;">
</property>
</properties>
</testcase>
</testsuite>
<testsuite name="Effiziente/AI-ZeroStep/login.spec.ts" timestamp="2024-05-23T19:56:18.193Z" hostname="firefox" tests="1" failures="0" skipped="1" time="1.037" errors="0">
<testcase name="AI Zero Step › Should show dashboard after login" classname="Effiziente/AI-ZeroStep/login.spec.ts" time="1.037">
<properties>
<property name="skip" value="Zero Steps only works in chromium">
</property>
</properties>
<skipped>
</skipped>
</testcase>
</testsuite>
<testsuite name="Effiziente/Api/servers.spec.ts" timestamp="2024-05-23T19:56:18.193Z" hostname="firefox" tests="2" failures="0" skipped="0" time="11.213" errors="0">
<testcase name="Servers › Should add a server" classname="Effiziente/Api/servers.spec.ts" time="5.074">
<properties>
<property name="Go To" value="Go to the servers page: &quot;https://effizientedemo.azurewebsites.net/Security/servers&quot;">
</property>
<property name="Button" value="Click: &quot;Add&quot;">
</property>
<property name="InputText" value="Fill &quot;Key:&quot; with the value: &quot;979044&quot;">
</property>
<property name="InputText" value="Fill &quot;Name:&quot; with the value: &quot;Rath, Gutkowski and Strosin&quot;">
</property>
<property name="InputText" value="Fill &quot;Url:&quot; with the value: &quot;https://glamorous-globe.com&quot;">
</property>
<property name="Button" value="Click: &quot;Save&quot;">
</property>
<property name="Assert" value="Success message is visible">
</property>
<property name="Assert" value="Server id should be a number greater than 1">
</property>
<property name="Assert" value="Server with the key: &quot;979044&quot; exists in the table">
</property>
<property name="Assert" value="The server name for the key: &quot;979044&quot; is: &quot;Rath, Gutkowski and Strosin&quot;">
</property>
<property name="Assert" value="The server url for the key: &quot;979044&quot; is: &quot;https://glamorous-globe.com&quot;">
</property>
</properties>
<system-out>
<![CDATA[index:2
]]>
</system-out>
</testcase>
<testcase name="Servers › Should edit a server" classname="Effiziente/Api/servers.spec.ts" time="6.139">
<properties>
<property name="Go To" value="Go to the servers page: &quot;https://effizientedemo.azurewebsites.net/Security/servers&quot;">
</property>
<property name="Step" value="Create server with API">
</property>
<property name="Go To" value="Go to the servers page: &quot;https://effizientedemo.azurewebsites.net/Security/servers&quot;">
</property>
<property name="InputText" value="Fill &quot;key:&quot; with the value: &quot;831874&quot;">
</property>
<property name="InputText" value="Fill &quot;Name:&quot; with the value: &quot;Tromp Group&quot;">
</property>
<property name="InputText" value="Fill &quot;Url:&quot; with the value: &quot;https://satisfied-uniform.biz&quot;">
</property>
<property name="Button" value="Click: &quot;Save&quot;">
</property>
<property name="Assert" value="Success message is visible">
</property>
<property name="Assert" value="Server with the key: &quot;831874&quot; exists in the table">
</property>
<property name="Assert" value="The server name for the key: &quot;831874&quot; is: &quot;Tromp Group&quot;">
</property>
<property name="Assert" value="The server url for the key: &quot;831874&quot; is: &quot;https://satisfied-uniform.biz&quot;">
</property>
</properties>
<system-out>
<![CDATA[index:2
]]>
</system-out>
</testcase>
</testsuite>
<testsuite name="Effiziente/dashboard.spec.ts" timestamp="2024-05-23T19:56:18.193Z" hostname="firefox" tests="1" failures="0" skipped="0" time="3.441" errors="0">
<testcase name="Check Dashboard › Should show dashboard" classname="Effiziente/dashboard.spec.ts" time="3.441">
<properties>
<property name="Mock" value="Modify the summary with fixed data">
</property>
<property name="Mock" value="Modify the &quot;Sumary Expiration&quot; with fixed data">
</property>
<property name="Mock" value="Modify the &quot;Top 5 delay&quot; with fixed data">
</property>
<property name="Mock" value="Modify the &quot;Top 5 total&quot; with fixed data">
</property>
<property name="Mock" value="Modify the &quot;Top 5 type&quot; with fixed data">
</property>
<property name="Mock" value="Modify the &quot;Top 10 Limit 1&quot; with fixed data">
</property>
<property name="Mock" value="Modify the &quot;Top 10 Limit 2&quot; with fixed data">
</property>
<property name="Mock" value="Modify the &quot;Top 10 Limit 3&quot; with fixed data">
</property>
<property name="Mock" value="Modify the &quot;Top 10 To Expire&quot; with fixed data">
</property>
<property name="Go To" value="Go to the page: &quot;https://effizientedemo.azurewebsites.net/AccountsReceivable/dashboard&quot;">
</property>
<property name="Step" value="Compare snapshot: dashboard.png with maxDiffPixelsRatio: 0.1">
</property>
</properties>
</testcase>
</testsuite>
<testsuite name="Effiziente/Excel/exportServers.spec.ts" timestamp="2024-05-23T19:56:18.193Z" hostname="firefox" tests="1" failures="0" skipped="0" time="3.071" errors="0">
<testcase name="Servers › Should export servers to excel" classname="Effiziente/Excel/exportServers.spec.ts" time="3.071">
<properties>
<property name="Go To" value="Go to the servers page: &quot;https://effizientedemo.azurewebsites.net/Security/servers&quot;">
</property>
<property name="ButtonExcel" value="Click: &quot;Export to Excel&quot;">
</property>
<property name="Assert" value="The excel file rows are equal to the grid rows">
</property>
</properties>
<system-out>
<![CDATA[
[[ATTACHMENT|../test-results/Effiziente-Excel-exportSer-78576-uld-export-servers-to-excel-firefox/attachments/servers-xlsx-b45414d1440b649c23868d9b19e0f22e5f012826.xlsx]]
]]>
</system-out>
</testcase>
</testsuite>
<testsuite name="Effiziente/menu.spec.ts" timestamp="2024-05-23T19:56:18.193Z" hostname="firefox" tests="2" failures="0" skipped="0" time="7.094" errors="0">
<testcase name="Normal user › Should returns user menu" classname="Effiziente/menu.spec.ts" time="3.845">
<properties>
<property name="Go To" value="Go to the page: &quot;https://effizientedemo.azurewebsites.net/AccountsReceivable/dashboard&quot;">
</property>
<property name="PirmeFacesMenu" value="Get top menus">
</property>
<property name="Assert" value="Menu are equal to: &quot;AccountsReceivable,Config&quot;">
</property>
</properties>
</testcase>
<testcase name="Admin user › Should returns admin menu" classname="Effiziente/menu.spec.ts" time="3.249">
<properties>
<property name="Go To" value="Go to the page: &quot;https://effizientedemo.azurewebsites.net/AccountsReceivable/dashboard&quot;">
</property>
<property name="PirmeFacesMenu" value="Get top menus">
</property>
<property name="Assert" value="Menu are equal to: &quot;AccountsReceivable,Security,Config&quot;">
</property>
</properties>
</testcase>
</testsuite>
<testsuite name="Effiziente/Synthetic/login.spec.ts" timestamp="2024-05-23T19:56:18.193Z" hostname="firefox" tests="1" failures="0" skipped="0" time="3.966" errors="0">
<testcase name="Synthetic login testing › Should show dashboard" classname="Effiziente/Synthetic/login.spec.ts" time="3.966">
</testcase>
</testsuite>
<testsuite name="Effiziente/Synthetic/menu.spec.ts" timestamp="2024-05-23T19:56:18.193Z" hostname="firefox" tests="1" failures="0" skipped="0" time="4.789" errors="0">
<testcase name="Synthetic testing › Should show dashboard" classname="Effiziente/Synthetic/menu.spec.ts" time="4.789">
<properties>
<property name="Navigation" value="Go to:https://effizientedemo.azurewebsites.net">
</property>
</properties>
</testcase>
</testsuite>
<testsuite name="Google/searchLocale.spec.ts" timestamp="2024-05-23T19:56:18.193Z" hostname="firefox" tests="1" failures="0" skipped="0" time="2.027" errors="0">
<testcase name="Locale translations › Translations with locale and time zone id" classname="Google/searchLocale.spec.ts" time="2.027">
<properties>
<property name="Go To" value="Go to the page: &quot;https://www.google.com&quot;">
</property>
<property name="Assert" value="Search button text is equal to: &quot;Buscar con Google&quot;">
</property>
</properties>
</testcase>
</testsuite>
<testsuite name="SauceDemo/login.spec.ts" timestamp="2024-05-23T19:56:18.193Z" hostname="firefox" tests="1" failures="0" skipped="0" time="1.695" errors="0">
<testcase name="Login › Login with valid user load inventory page" classname="SauceDemo/login.spec.ts" time="1.695">
<properties>
<property name="Go To" value="Go to the page: &quot;https://www.saucedemo.com&quot;">
</property>
<property name="InputText" value="Fill &quot;Username:&quot; with the value: &quot;standard_user&quot;">
</property>
<property name="InputPassword" value="Fill: &quot;Password with value: *****&quot;">
</property>
<property name="Button" value="Click: &quot;Login&quot;">
</property>
<property name="Assert" value="Check URL Page is equal to: &quot;https://www.saucedemo.com/inventory.html&quot;">
</property>
</properties>
</testcase>
</testsuite>
<testsuite name="SauceDemo/loginLambdaTestFixture.spec.ts" timestamp="2024-05-23T19:56:18.193Z" hostname="firefox" tests="1" failures="0" skipped="0" time="0.988" errors="0">
<testcase name="Login › Login with valid user load inventory page" classname="SauceDemo/loginLambdaTestFixture.spec.ts" time="0.988">
<properties>
<property name="Go To" value="Go to the page: &quot;https://www.saucedemo.com&quot;">
</property>
<property name="InputText" value="Fill &quot;Username:&quot; with the value: &quot;standard_user&quot;">
</property>
<property name="InputPassword" value="Fill: &quot;Password with value: *****&quot;">
</property>
<property name="Button" value="Click: &quot;Login&quot;">
</property>
<property name="Assert" value="Check URL Page equal to: &quot;https://www.saucedemo.com/inventory.html&quot;">
</property>
</properties>
</testcase>
</testsuite>
<testsuite name="Effiziente/AI-ZeroStep/login.spec.ts" timestamp="2024-05-23T19:56:18.193Z" hostname="webkit" tests="1" failures="0" skipped="1" time="0.89" errors="0">
<testcase name="AI Zero Step › Should show dashboard after login" classname="Effiziente/AI-ZeroStep/login.spec.ts" time="0.89">
<properties>
<property name="skip" value="Zero Steps only works in chromium">
</property>
</properties>
<skipped>
</skipped>
</testcase>
</testsuite>
<testsuite name="Effiziente/Api/servers.spec.ts" timestamp="2024-05-23T19:56:18.193Z" hostname="webkit" tests="2" failures="0" skipped="0" time="21.686" errors="0">
<testcase name="Servers › Should add a server" classname="Effiziente/Api/servers.spec.ts" time="12.466">
<properties>
<property name="Go To" value="Go to the servers page: &quot;https://effizientedemo.azurewebsites.net/Security/servers&quot;">
</property>
<property name="Button" value="Click: &quot;Add&quot;">
</property>
<property name="InputText" value="Fill &quot;Key:&quot; with the value: &quot;383463&quot;">
</property>
<property name="InputText" value="Fill &quot;Name:&quot; with the value: &quot;Bechtelar and Sons&quot;">
</property>
<property name="InputText" value="Fill &quot;Url:&quot; with the value: &quot;https://buzzing-trader.net/&quot;">
</property>
<property name="Button" value="Click: &quot;Save&quot;">
</property>
<property name="Assert" value="Success message is visible">
</property>
<property name="Assert" value="Server id should be a number greater than 1">
</property>
<property name="Assert" value="Server with the key: &quot;383463&quot; exists in the table">
</property>
<property name="Assert" value="The server name for the key: &quot;383463&quot; is: &quot;Bechtelar and Sons&quot;">
</property>
<property name="Assert" value="The server url for the key: &quot;383463&quot; is: &quot;https://buzzing-trader.net/&quot;">
</property>
</properties>
<system-out>
<![CDATA[index:2
]]>
</system-out>
</testcase>
<testcase name="Servers › Should edit a server" classname="Effiziente/Api/servers.spec.ts" time="9.22">
<properties>
<property name="Go To" value="Go to the servers page: &quot;https://effizientedemo.azurewebsites.net/Security/servers&quot;">
</property>
<property name="Step" value="Create server with API">
</property>
<property name="Go To" value="Go to the servers page: &quot;https://effizientedemo.azurewebsites.net/Security/servers&quot;">
</property>
<property name="InputText" value="Fill &quot;key:&quot; with the value: &quot;380997&quot;">
</property>
<property name="InputText" value="Fill &quot;Name:&quot; with the value: &quot;Greenholt - Steuber&quot;">
</property>
<property name="InputText" value="Fill &quot;Url:&quot; with the value: &quot;https://gripping-loneliness.net/&quot;">
</property>
<property name="Button" value="Click: &quot;Save&quot;">
</property>
<property name="Assert" value="Success message is visible">
</property>
<property name="Assert" value="Server with the key: &quot;380997&quot; exists in the table">
</property>
<property name="Assert" value="The server name for the key: &quot;380997&quot; is: &quot;Greenholt - Steuber&quot;">
</property>
<property name="Assert" value="The server url for the key: &quot;380997&quot; is: &quot;https://gripping-loneliness.net/&quot;">
</property>
</properties>
<system-out>
<![CDATA[index:2
]]>
</system-out>
</testcase>
</testsuite>
<testsuite name="Effiziente/dashboard.spec.ts" timestamp="2024-05-23T19:56:18.193Z" hostname="webkit" tests="1" failures="0" skipped="0" time="7.105" errors="0">
<testcase name="Check Dashboard › Should show dashboard" classname="Effiziente/dashboard.spec.ts" time="7.105">
<properties>
<property name="Mock" value="Modify the summary with fixed data">
</property>
<property name="Mock" value="Modify the &quot;Sumary Expiration&quot; with fixed data">
</property>
<property name="Mock" value="Modify the &quot;Top 5 delay&quot; with fixed data">
</property>
<property name="Mock" value="Modify the &quot;Top 5 total&quot; with fixed data">
</property>
<property name="Mock" value="Modify the &quot;Top 5 type&quot; with fixed data">
</property>
<property name="Mock" value="Modify the &quot;Top 10 Limit 1&quot; with fixed data">
</property>
<property name="Mock" value="Modify the &quot;Top 10 Limit 2&quot; with fixed data">
</property>
<property name="Mock" value="Modify the &quot;Top 10 Limit 3&quot; with fixed data">
</property>
<property name="Mock" value="Modify the &quot;Top 10 To Expire&quot; with fixed data">
</property>
<property name="Go To" value="Go to the page: &quot;https://effizientedemo.azurewebsites.net/AccountsReceivable/dashboard&quot;">
</property>
<property name="Step" value="Compare snapshot: dashboard.png with maxDiffPixelsRatio: 0.1">
</property>
</properties>
</testcase>
</testsuite>
<testsuite name="Effiziente/Excel/exportServers.spec.ts" timestamp="2024-05-23T19:56:18.193Z" hostname="webkit" tests="1" failures="0" skipped="0" time="3.839" errors="0">
<testcase name="Servers › Should export servers to excel" classname="Effiziente/Excel/exportServers.spec.ts" time="3.839">
<properties>
<property name="Go To" value="Go to the servers page: &quot;https://effizientedemo.azurewebsites.net/Security/servers&quot;">
</property>
<property name="ButtonExcel" value="Click: &quot;Export to Excel&quot;">
</property>
<property name="Assert" value="The excel file rows are equal to the grid rows">
</property>
</properties>
<system-out>
<![CDATA[
[[ATTACHMENT|../test-results/Effiziente-Excel-exportSer-78576-uld-export-servers-to-excel-webkit/attachments/servers-xlsx-b45414d1440b649c23868d9b19e0f22e5f012826.xlsx]]
]]>
</system-out>
</testcase>
</testsuite>
<testsuite name="Effiziente/menu.spec.ts" timestamp="2024-05-23T19:56:18.193Z" hostname="webkit" tests="2" failures="0" skipped="0" time="26.787" errors="0">
<testcase name="Normal user › Should returns user menu" classname="Effiziente/menu.spec.ts" time="6.491">
<properties>
<property name="Go To" value="Go to the page: &quot;https://effizientedemo.azurewebsites.net/AccountsReceivable/dashboard&quot;">
</property>
<property name="PirmeFacesMenu" value="Get top menus">
</property>
<property name="Assert" value="Menu are equal to: &quot;AccountsReceivable,Config&quot;">
</property>
</properties>
</testcase>
<testcase name="Admin user › Should returns admin menu" classname="Effiziente/menu.spec.ts" time="20.296">
<properties>
<property name="Go To" value="Go to the page: &quot;https://effizientedemo.azurewebsites.net/AccountsReceivable/dashboard&quot;">
</property>
<property name="PirmeFacesMenu" value="Get top menus">
</property>
<property name="Assert" value="Menu are equal to: &quot;AccountsReceivable,Security,Config&quot;">
</property>
</properties>
</testcase>
</testsuite>
<testsuite name="Effiziente/Synthetic/login.spec.ts" timestamp="2024-05-23T19:56:18.193Z" hostname="webkit" tests="1" failures="0" skipped="0" time="15.625" errors="0">
<testcase name="Synthetic login testing › Should show dashboard" classname="Effiziente/Synthetic/login.spec.ts" time="15.625">
</testcase>
</testsuite>
<testsuite name="Effiziente/Synthetic/menu.spec.ts" timestamp="2024-05-23T19:56:18.193Z" hostname="webkit" tests="1" failures="0" skipped="0" time="8.629" errors="0">
<testcase name="Synthetic testing › Should show dashboard" classname="Effiziente/Synthetic/menu.spec.ts" time="8.629">
<properties>
<property name="Navigation" value="Go to:https://effizientedemo.azurewebsites.net">
</property>
</properties>
</testcase>
</testsuite>
<testsuite name="Google/searchLocale.spec.ts" timestamp="2024-05-23T19:56:18.193Z" hostname="webkit" tests="1" failures="0" skipped="0" time="2.523" errors="0">
<testcase name="Locale translations › Translations with locale and time zone id" classname="Google/searchLocale.spec.ts" time="2.523">
<properties>
<property name="Go To" value="Go to the page: &quot;https://www.google.com&quot;">
</property>
<property name="Assert" value="Search button text is equal to: &quot;Buscar con Google&quot;">
</property>
</properties>
</testcase>
</testsuite>
<testsuite name="SauceDemo/login.spec.ts" timestamp="2024-05-23T19:56:18.193Z" hostname="webkit" tests="1" failures="0" skipped="0" time="1.832" errors="0">
<testcase name="Login › Login with valid user load inventory page" classname="SauceDemo/login.spec.ts" time="1.832">
<properties>
<property name="Go To" value="Go to the page: &quot;https://www.saucedemo.com&quot;">
</property>
<property name="InputText" value="Fill &quot;Username:&quot; with the value: &quot;standard_user&quot;">
</property>
<property name="InputPassword" value="Fill: &quot;Password with value: *****&quot;">
</property>
<property name="Button" value="Click: &quot;Login&quot;">
</property>
<property name="Assert" value="Check URL Page is equal to: &quot;https://www.saucedemo.com/inventory.html&quot;">
</property>
</properties>
</testcase>
</testsuite>
<testsuite name="SauceDemo/loginLambdaTestFixture.spec.ts" timestamp="2024-05-23T19:56:18.193Z" hostname="webkit" tests="1" failures="0" skipped="0" time="0.95" errors="0">
<testcase name="Login › Login with valid user load inventory page" classname="SauceDemo/loginLambdaTestFixture.spec.ts" time="0.95">
<properties>
<property name="Go To" value="Go to the page: &quot;https://www.saucedemo.com&quot;">
</property>
<property name="InputText" value="Fill &quot;Username:&quot; with the value: &quot;standard_user&quot;">
</property>
<property name="InputPassword" value="Fill: &quot;Password with value: *****&quot;">
</property>
<property name="Button" value="Click: &quot;Login&quot;">
</property>
<property name="Assert" value="Check URL Page equal to: &quot;https://www.saucedemo.com/inventory.html&quot;">
</property>
</properties>
</testcase>
</testsuite>
</testsuites>