<testsuites id="" name="" tests="51" failures="16" skipped="3" errors="0" time="280.445547">
<testsuite name="Fixture-LambdaTest/loginLambdaTestFixture.spec.ts" timestamp="2025-01-26T05:41:04.089Z" hostname="chrome:latest:MacOS Catalina@lambdatest" tests="1" failures="0" skipped="0" time="26.618" errors="0">
<testcase name="Login › Login with valid user load inventory page" classname="Fixture-LambdaTest/loginLambdaTestFixture.spec.ts" time="26.618">
<properties>
<property name="Go To" value="Go to: &quot;https://www.saucedemo.com&quot;">
</property>
<property name="InputText" value="Fill &quot;Username:&quot; with the value: &quot;standard_user&quot;">
</property>
<property name="InputPassword" value="Fill &quot;Password&quot; with value: *****">
</property>
<property name="Button" value="Click: &quot;Login&quot;">
</property>
<property name="Assert" value="Check URL Page equal to: &quot;https://www.saucedemo.com/inventory.html">
</property>
</properties>
</testcase>
</testsuite>
<testsuite name="Fixture-LambdaTest/loginLambdaTestFixture.spec.ts" timestamp="2025-01-26T05:41:04.089Z" hostname="pw-webkit:latest:MacOS Monterey@lambdatest" tests="1" failures="1" skipped="0" time="57.211" errors="0">
<testcase name="Login › Login with valid user load inventory page" classname="Fixture-LambdaTest/loginLambdaTestFixture.spec.ts" time="57.211">
<failure message="loginLambdaTestFixture.spec.ts:9:9 Login with valid user load inventory page" type="FAILURE">
<![CDATA[  [pw-webkit:latest:MacOS Monterey@lambdatest] › Fixture-LambdaTest/loginLambdaTestFixture.spec.ts:9:9 › Login › Login with valid user load inventory page @Fixture 

    Error: browser.newPage: Protocol error (Page.overrideSetting): Unknown setting: FixedBackgroundsPaintRelativeToDocument

       at ../fixtures/lambdaTestFixture.ts:56

      54 |             const browser = await chromium.connect(`wss://cdp.lambdatest.com/playwright?capabilities=
      55 |         ${encodeURIComponent(JSON.stringify(capabilities))}`);
    > 56 |             const ltPage = await browser.newPage(testInfo.project.use);
         |                                          ^
      57 |             await use(ltPage);
      58 |             const testStatus = {
      59 |                 action: 'setTestStatus',
        at Object.page (/home/runner/work/Playwright/Playwright/fixtures/lambdaTestFixture.ts:56:42)

    attachment #1: screenshot (image/png) ──────────────────────────────────────────────────────────
    test-results/Fixture-LambdaTest-loginLa-24caa-id-user-load-inventory-page-pw-webkit-latest-MacOS-Monterey-lambdatest/test-failed-1.png
    ────────────────────────────────────────────────────────────────────────────────────────────────

    attachment #2: trace (application/zip) ─────────────────────────────────────────────────────────
    test-results/Fixture-LambdaTest-loginLa-24caa-id-user-load-inventory-page-pw-webkit-latest-MacOS-Monterey-lambdatest/trace.zip
    Usage:

        npx playwright show-trace test-results/Fixture-LambdaTest-loginLa-24caa-id-user-load-inventory-page-pw-webkit-latest-MacOS-Monterey-lambdatest/trace.zip

    ────────────────────────────────────────────────────────────────────────────────────────────────

    Retry #1 ───────────────────────────────────────────────────────────────────────────────────────

    Error: browser.newPage: Protocol error (Page.overrideSetting): Unknown setting: FixedBackgroundsPaintRelativeToDocument

       at ../fixtures/lambdaTestFixture.ts:56

      54 |             const browser = await chromium.connect(`wss://cdp.lambdatest.com/playwright?capabilities=
      55 |         ${encodeURIComponent(JSON.stringify(capabilities))}`);
    > 56 |             const ltPage = await browser.newPage(testInfo.project.use);
         |                                          ^
      57 |             await use(ltPage);
      58 |             const testStatus = {
      59 |                 action: 'setTestStatus',
        at Object.page (/home/runner/work/Playwright/Playwright/fixtures/lambdaTestFixture.ts:56:42)

    attachment #1: screenshot (image/png) ──────────────────────────────────────────────────────────
    test-results/Fixture-LambdaTest-loginLa-24caa-id-user-load-inventory-page-pw-webkit-latest-MacOS-Monterey-lambdatest-retry1/test-failed-1.png
    ────────────────────────────────────────────────────────────────────────────────────────────────

    attachment #2: trace (application/zip) ─────────────────────────────────────────────────────────
    test-results/Fixture-LambdaTest-loginLa-24caa-id-user-load-inventory-page-pw-webkit-latest-MacOS-Monterey-lambdatest-retry1/trace.zip
    Usage:

        npx playwright show-trace test-results/Fixture-LambdaTest-loginLa-24caa-id-user-load-inventory-page-pw-webkit-latest-MacOS-Monterey-lambdatest-retry1/trace.zip

    ────────────────────────────────────────────────────────────────────────────────────────────────
]]>
</failure>
<system-out>
<![CDATA[
[[ATTACHMENT|../test-results/Fixture-LambdaTest-loginLa-24caa-id-user-load-inventory-page-pw-webkit-latest-MacOS-Monterey-lambdatest/test-failed-1.png]]

[[ATTACHMENT|../test-results/Fixture-LambdaTest-loginLa-24caa-id-user-load-inventory-page-pw-webkit-latest-MacOS-Monterey-lambdatest/trace.zip]]

[[ATTACHMENT|../test-results/Fixture-LambdaTest-loginLa-24caa-id-user-load-inventory-page-pw-webkit-latest-MacOS-Monterey-lambdatest-retry1/test-failed-1.png]]

[[ATTACHMENT|../test-results/Fixture-LambdaTest-loginLa-24caa-id-user-load-inventory-page-pw-webkit-latest-MacOS-Monterey-lambdatest-retry1/trace.zip]]
]]>
</system-out>
</testcase>
</testsuite>
<testsuite name="Fixture-LambdaTest/loginLambdaTestFixture.spec.ts" timestamp="2025-01-26T05:41:04.089Z" hostname="chrome:latest:Windows 10@lambdatest" tests="1" failures="0" skipped="0" time="19.83" errors="0">
<testcase name="Login › Login with valid user load inventory page" classname="Fixture-LambdaTest/loginLambdaTestFixture.spec.ts" time="19.83">
<properties>
<property name="Go To" value="Go to: &quot;https://www.saucedemo.com&quot;">
</property>
<property name="InputText" value="Fill &quot;Username:&quot; with the value: &quot;standard_user&quot;">
</property>
<property name="InputPassword" value="Fill &quot;Password&quot; with value: *****">
</property>
<property name="Button" value="Click: &quot;Login&quot;">
</property>
<property name="Assert" value="Check URL Page equal to: &quot;https://www.saucedemo.com/inventory.html">
</property>
</properties>
</testcase>
</testsuite>
<testsuite name="AI/login.spec.ts" timestamp="2025-01-26T05:41:04.089Z" hostname="desktop-chromium" tests="1" failures="0" skipped="0" time="26.893" errors="0">
<testcase name="AI Zero Step › Should show dashboard after login" classname="AI/login.spec.ts" time="26.893">
</testcase>
</testsuite>
<testsuite name="Api/addToCart.spec.ts" timestamp="2025-01-26T05:41:04.089Z" hostname="desktop-chromium" tests="1" failures="0" skipped="0" time="13.714" errors="0">
<testcase name="WebdriverIO Shop › Should add an item to the cart" classname="Api/addToCart.spec.ts" time="13.714">
<properties>
<property name="Go To" value="Go to: &quot;https://shop.webdriver.io&quot;">
</property>
<property name="Link" value="Click: &quot;Shop All&quot;">
</property>
<property name="Step" value="Click in the product: &quot;WebdriverIO T-Shirt - Robot Shining&quot;">
</property>
<property name="Select" value="On &quot;Color&quot; select any option">
</property>
<property name="Select" value="On &quot;Color&quot; select the option Forest">
</property>
<property name="Step" value="Select any available Size">
</property>
<property name="Select" value="On &quot;Size&quot; select any option">
</property>
<property name="Select" value="On &quot;Size&quot; select the option XL">
</property>
<property name="Step" value="Get the product price">
</property>
<property name="Button" value="Click: &quot; 
		Add to Cart
		 
	$25.00
&quot;">
</property>
<property name="Assert" value="There is one item in the bag">
</property>
<property name="Button" value="Click: &quot;
 
				1
			 
				items
			&quot;">
</property>
<property name="Assert" value="The name of the item in the cart is: &quot;WebdriverIO T-Shirt - Robot Shining&quot;">
</property>
<property name="Assert" value="The price of the item in the cart is: &quot;$25.00&quot;">
</property>
<property name="Assert" value="The subtotal is: &quot;$25.00&quot;">
</property>
</properties>
</testcase>
</testsuite>
<testsuite name="Api/servers.spec.ts" timestamp="2025-01-26T05:41:04.089Z" hostname="desktop-chromium" tests="2" failures="1" skipped="0" time="38.21" errors="0">
<testcase name="Servers › Should add a server" classname="Api/servers.spec.ts" time="7.146">
<properties>
<property name="Description" value="An admin user can add a server">
</property>
<property name="Pre Condition" value="A valid admin username and password is logged">
</property>
<property name="Go To" value="Go to the servers page: &quot;https://effizientedemo.azurewebsites.net/Security/servers&apos;&quot;">
</property>
<property name="Post Condition" value="Delete server with the key: &quot;956822&quot; if exists">
</property>
<property name="Button" value="Click: &quot;Add&quot;">
</property>
<property name="InputText" value="Fill &quot;Key:&quot; with the value: &quot;956822&quot;">
</property>
<property name="InputText" value="Fill &quot;Name:&quot; with the value: &quot;Roob Inc&quot;">
</property>
<property name="InputText" value="Fill &quot;Url:&quot; with the value: &quot;https://black-and-white-crest.net/&quot;">
</property>
<property name="Step" value="Save server and return server id from api">
</property>
<property name="Button" value="Click: &quot;Save&quot;">
</property>
<property name="Assert" value="Success message is visible">
</property>
<property name="Assert" value="Server id should be a number greater than 1">
</property>
<property name="Assert" value="Server with the key: &quot;956822&quot; exists in the table">
</property>
<property name="Assert" value="The server name for the key: &quot;956822&quot; is: &quot;Roob Inc&quot;">
</property>
<property name="Assert" value="The server url for the key: &quot;956822&quot; is: &quot;https://black-and-white-crest.net/&quot;">
</property>
<property name="Post Condition" value="Delete the server with API request">
</property>
</properties>
</testcase>
<testcase name="Servers › Should edit a server" classname="Api/servers.spec.ts" time="31.064">
<properties>
<property name="Description" value="An admin user can edit a server">
</property>
<property name="Pre Condition" value="A valid admin username and password is logged">
</property>
<property name="Go To" value="Go to the servers page: &quot;https://effizientedemo.azurewebsites.net/Security/servers&apos;&quot;">
</property>
<property name="Step" value="Create server with API">
</property>
<property name="Go To" value="Go to the servers page: &quot;https://effizientedemo.azurewebsites.net/Security/servers&apos;&quot;">
</property>
</properties>
<failure message="servers.spec.ts:48:9 Should edit a server" type="FAILURE">
<![CDATA[  [desktop-chromium] › Api/servers.spec.ts:48:9 › Servers › Should edit a server @API ──────────────

    TimeoutError: locator.click: Timeout 10000ms exceeded.
    Call log:
      - waiting for getByRole('row', { name: '878746' }).locator('[aria-label="Edit"]')


       at ../components/Table.ts:22

      20 |         await this.addStep(`Click in the edit table for the row with the key: "${keyValue}"`, async () => {
      21 |             const row = this.page.getByRole('row', { name: keyValue.toString() });
    > 22 |             await row?.locator('[aria-label="Edit"]').click();
         |                                                       ^
      23 |         });
      24 |     }
      25 |
        at /home/runner/work/Playwright/Playwright/components/Table.ts:22:55
        at Table.addStep (/home/runner/work/Playwright/Playwright/components/BaseComponent.ts:64:27)
        at Table.clickInEditByKey (/home/runner/work/Playwright/Playwright/components/Table.ts:20:20)
        at /home/runner/work/Playwright/Playwright/tests/Api/servers.spec.ts:84:33

    attachment #3: screenshot (image/png) ──────────────────────────────────────────────────────────
    test-results/Api-servers-Servers-Should-edit-a-server-desktop-chromium/test-failed-1.png
    ────────────────────────────────────────────────────────────────────────────────────────────────

    attachment #4: video (video/webm) ──────────────────────────────────────────────────────────────
    test-results/Api-servers-Servers-Should-edit-a-server-desktop-chromium/video.webm
    ────────────────────────────────────────────────────────────────────────────────────────────────

    attachment #5: trace (application/zip) ─────────────────────────────────────────────────────────
    test-results/Api-servers-Servers-Should-edit-a-server-desktop-chromium/trace.zip
    Usage:

        npx playwright show-trace test-results/Api-servers-Servers-Should-edit-a-server-desktop-chromium/trace.zip

    ────────────────────────────────────────────────────────────────────────────────────────────────

    Retry #1 ───────────────────────────────────────────────────────────────────────────────────────

    TimeoutError: locator.click: Timeout 10000ms exceeded.
    Call log:
      - waiting for getByRole('row', { name: '912313' }).locator('[aria-label="Edit"]')


       at ../components/Table.ts:22

      20 |         await this.addStep(`Click in the edit table for the row with the key: "${keyValue}"`, async () => {
      21 |             const row = this.page.getByRole('row', { name: keyValue.toString() });
    > 22 |             await row?.locator('[aria-label="Edit"]').click();
         |                                                       ^
      23 |         });
      24 |     }
      25 |
        at /home/runner/work/Playwright/Playwright/components/Table.ts:22:55
        at Table.addStep (/home/runner/work/Playwright/Playwright/components/BaseComponent.ts:64:27)
        at Table.clickInEditByKey (/home/runner/work/Playwright/Playwright/components/Table.ts:20:20)
        at /home/runner/work/Playwright/Playwright/tests/Api/servers.spec.ts:84:33

    attachment #3: screenshot (image/png) ──────────────────────────────────────────────────────────
    test-results/Api-servers-Servers-Should-edit-a-server-desktop-chromium-retry1/test-failed-1.png
    ────────────────────────────────────────────────────────────────────────────────────────────────

    attachment #4: video (video/webm) ──────────────────────────────────────────────────────────────
    test-results/Api-servers-Servers-Should-edit-a-server-desktop-chromium-retry1/video.webm
    ────────────────────────────────────────────────────────────────────────────────────────────────

    attachment #5: trace (application/zip) ─────────────────────────────────────────────────────────
    test-results/Api-servers-Servers-Should-edit-a-server-desktop-chromium-retry1/trace.zip
    Usage:

        npx playwright show-trace test-results/Api-servers-Servers-Should-edit-a-server-desktop-chromium-retry1/trace.zip

    ────────────────────────────────────────────────────────────────────────────────────────────────
]]>
</failure>
<system-out>
<![CDATA[
[[ATTACHMENT|../test-results/Api-servers-Servers-Should-edit-a-server-desktop-chromium/test-failed-1.png]]

[[ATTACHMENT|../test-results/Api-servers-Servers-Should-edit-a-server-desktop-chromium/video.webm]]

[[ATTACHMENT|../test-results/Api-servers-Servers-Should-edit-a-server-desktop-chromium/trace.zip]]

[[ATTACHMENT|../test-results/Api-servers-Servers-Should-edit-a-server-desktop-chromium-retry1/test-failed-1.png]]

[[ATTACHMENT|../test-results/Api-servers-Servers-Should-edit-a-server-desktop-chromium-retry1/video.webm]]

[[ATTACHMENT|../test-results/Api-servers-Servers-Should-edit-a-server-desktop-chromium-retry1/trace.zip]]
]]>
</system-out>
</testcase>
</testsuite>
<testsuite name="Basic/login.spec.ts" timestamp="2025-01-26T05:41:04.089Z" hostname="desktop-chromium" tests="1" failures="0" skipped="0" time="0.688" errors="0">
<testcase name="Login › Login with valid user load inventory page" classname="Basic/login.spec.ts" time="0.688">
<properties>
<property name="Description" value="Login with valid user on sauce demo">
</property>
<property name="Pre Condition" value="A valid username and password">
</property>
<property name="Go To" value="Go to: &quot;https://www.saucedemo.com&quot;">
</property>
<property name="InputText" value="Fill &quot;Username:&quot; with the value: &quot;standard_user&quot;">
</property>
<property name="InputPassword" value="Fill &quot;Password&quot; with value: *****">
</property>
<property name="Button" value="Click: &quot;Login&quot;">
</property>
<property name="Assert" value="Check URL Page is equal to: &quot;https://www.saucedemo.com/inventory.html&quot;">
</property>
</properties>
</testcase>
</testsuite>
<testsuite name="Basic/menu.spec.ts" timestamp="2025-01-26T05:41:04.089Z" hostname="desktop-chromium" tests="2" failures="2" skipped="0" time="14.984" errors="0">
<testcase name="Normal user › Should returns user menu" classname="Basic/menu.spec.ts" time="7.928">
<properties>
<property name="Description" value="Login to effiziente demo with a normal user, the user will see the menu for normal users">
</property>
<property name="Pre Condition" value="A valid normal user">
</property>
<property name="Go To" value="Go to: &quot;https://effizientedemo.azurewebsites.net/AccountsReceivable/dashboard&quot;">
</property>
<property name="PrimeFacesMenu" value="Get top menus">
</property>
<property name="Assert" value="Menu are equal to: &quot;AccountsReceivable,Config&quot;">
</property>
</properties>
<failure message="menu.spec.ts:9:9 Should returns user menu" type="FAILURE">
<![CDATA[  [desktop-chromium] › Basic/menu.spec.ts:9:9 › Normal user › Should returns user menu @Basic › Menu are equal to: "AccountsReceivable,Config" 

    Error: Menu are equal to: "AccountsReceivable,Config"

    expect(received).toEqual(expected) // deep equality

    - Expected  - 4
    + Received  + 1

    - Array [
    -   "AccountsReceivable",
    -   "Config",
    - ]
    + Array []

       at ../pages/basePage.ts:119

      117 |     public async AssertArrayEqual(expected: string[], actual: string[], assertMessage: string) {
      118 |         await this.addStepWithAnnotation(AnnotationType.Assert, assertMessage, async () => {
    > 119 |             expect(expected, assertMessage).toEqual(actual);
          |                                             ^
      120 |         });
      121 |     }
      122 | }
        at /home/runner/work/Playwright/Playwright/pages/basePage.ts:119:45
        at DashboardPage.addStepWithAnnotation (/home/runner/work/Playwright/Playwright/pages/basePage.ts:56:31)
        at DashboardPage.AssertArrayEqual (/home/runner/work/Playwright/Playwright/pages/basePage.ts:118:20)
        at /home/runner/work/Playwright/Playwright/tests/Basic/menu.spec.ts:22:29

    attachment #3: screenshot (image/png) ──────────────────────────────────────────────────────────
    test-results/Basic-menu-Normal-user-Should-returns-user-menu-desktop-chromium/test-failed-1.png
    ────────────────────────────────────────────────────────────────────────────────────────────────

    attachment #4: video (video/webm) ──────────────────────────────────────────────────────────────
    test-results/Basic-menu-Normal-user-Should-returns-user-menu-desktop-chromium/video.webm
    ────────────────────────────────────────────────────────────────────────────────────────────────

    attachment #5: trace (application/zip) ─────────────────────────────────────────────────────────
    test-results/Basic-menu-Normal-user-Should-returns-user-menu-desktop-chromium/trace.zip
    Usage:

        npx playwright show-trace test-results/Basic-menu-Normal-user-Should-returns-user-menu-desktop-chromium/trace.zip

    ────────────────────────────────────────────────────────────────────────────────────────────────

    Retry #1 ───────────────────────────────────────────────────────────────────────────────────────

    Error: Menu are equal to: "AccountsReceivable,Config"

    expect(received).toEqual(expected) // deep equality

    - Expected  - 4
    + Received  + 1

    - Array [
    -   "AccountsReceivable",
    -   "Config",
    - ]
    + Array []

       at ../pages/basePage.ts:119

      117 |     public async AssertArrayEqual(expected: string[], actual: string[], assertMessage: string) {
      118 |         await this.addStepWithAnnotation(AnnotationType.Assert, assertMessage, async () => {
    > 119 |             expect(expected, assertMessage).toEqual(actual);
          |                                             ^
      120 |         });
      121 |     }
      122 | }
        at /home/runner/work/Playwright/Playwright/pages/basePage.ts:119:45
        at DashboardPage.addStepWithAnnotation (/home/runner/work/Playwright/Playwright/pages/basePage.ts:56:31)
        at DashboardPage.AssertArrayEqual (/home/runner/work/Playwright/Playwright/pages/basePage.ts:118:20)
        at /home/runner/work/Playwright/Playwright/tests/Basic/menu.spec.ts:22:29

    attachment #3: screenshot (image/png) ──────────────────────────────────────────────────────────
    test-results/Basic-menu-Normal-user-Should-returns-user-menu-desktop-chromium-retry1/test-failed-1.png
    ────────────────────────────────────────────────────────────────────────────────────────────────

    attachment #4: video (video/webm) ──────────────────────────────────────────────────────────────
    test-results/Basic-menu-Normal-user-Should-returns-user-menu-desktop-chromium-retry1/video.webm
    ────────────────────────────────────────────────────────────────────────────────────────────────

    attachment #5: trace (application/zip) ─────────────────────────────────────────────────────────
    test-results/Basic-menu-Normal-user-Should-returns-user-menu-desktop-chromium-retry1/trace.zip
    Usage:

        npx playwright show-trace test-results/Basic-menu-Normal-user-Should-returns-user-menu-desktop-chromium-retry1/trace.zip

    ────────────────────────────────────────────────────────────────────────────────────────────────
]]>
</failure>
<system-out>
<![CDATA[
[[ATTACHMENT|../test-results/Basic-menu-Normal-user-Should-returns-user-menu-desktop-chromium/test-failed-1.png]]

[[ATTACHMENT|../test-results/Basic-menu-Normal-user-Should-returns-user-menu-desktop-chromium/video.webm]]

[[ATTACHMENT|../test-results/Basic-menu-Normal-user-Should-returns-user-menu-desktop-chromium/trace.zip]]

[[ATTACHMENT|../test-results/Basic-menu-Normal-user-Should-returns-user-menu-desktop-chromium-retry1/test-failed-1.png]]

[[ATTACHMENT|../test-results/Basic-menu-Normal-user-Should-returns-user-menu-desktop-chromium-retry1/video.webm]]

[[ATTACHMENT|../test-results/Basic-menu-Normal-user-Should-returns-user-menu-desktop-chromium-retry1/trace.zip]]
]]>
</system-out>
</testcase>
<testcase name="Admin user › Should returns admin menu" classname="Basic/menu.spec.ts" time="7.056">
<properties>
<property name="Description" value="Login to effiziente demo with a admin user, the user will see the menu for admin users">
</property>
<property name="Pre Condition" value="A valid admin user">
</property>
<property name="Go To" value="Go to: &quot;https://effizientedemo.azurewebsites.net/AccountsReceivable/dashboard&quot;">
</property>
<property name="PrimeFacesMenu" value="Get top menus">
</property>
<property name="Assert" value="Menu are equal to: &quot;AccountsReceivable,Security,Config&quot;">
</property>
</properties>
<failure message="menu.spec.ts:29:9 Should returns admin menu" type="FAILURE">
<![CDATA[  [desktop-chromium] › Basic/menu.spec.ts:29:9 › Admin user › Should returns admin menu @Basic › Menu are equal to: "AccountsReceivable,Security,Config" 

    Error: Menu are equal to: "AccountsReceivable,Security,Config"

    expect(received).toEqual(expected) // deep equality

    - Expected  - 5
    + Received  + 1

    - Array [
    -   "AccountsReceivable",
    -   "Security",
    -   "Config",
    - ]
    + Array []

       at ../pages/basePage.ts:119

      117 |     public async AssertArrayEqual(expected: string[], actual: string[], assertMessage: string) {
      118 |         await this.addStepWithAnnotation(AnnotationType.Assert, assertMessage, async () => {
    > 119 |             expect(expected, assertMessage).toEqual(actual);
          |                                             ^
      120 |         });
      121 |     }
      122 | }
        at /home/runner/work/Playwright/Playwright/pages/basePage.ts:119:45
        at DashboardPage.addStepWithAnnotation (/home/runner/work/Playwright/Playwright/pages/basePage.ts:56:31)
        at DashboardPage.AssertArrayEqual (/home/runner/work/Playwright/Playwright/pages/basePage.ts:118:20)
        at /home/runner/work/Playwright/Playwright/tests/Basic/menu.spec.ts:42:29

    attachment #3: screenshot (image/png) ──────────────────────────────────────────────────────────
    test-results/Basic-menu-Admin-user-Should-returns-admin-menu-desktop-chromium/test-failed-1.png
    ────────────────────────────────────────────────────────────────────────────────────────────────

    attachment #4: video (video/webm) ──────────────────────────────────────────────────────────────
    test-results/Basic-menu-Admin-user-Should-returns-admin-menu-desktop-chromium/video.webm
    ────────────────────────────────────────────────────────────────────────────────────────────────

    attachment #5: trace (application/zip) ─────────────────────────────────────────────────────────
    test-results/Basic-menu-Admin-user-Should-returns-admin-menu-desktop-chromium/trace.zip
    Usage:

        npx playwright show-trace test-results/Basic-menu-Admin-user-Should-returns-admin-menu-desktop-chromium/trace.zip

    ────────────────────────────────────────────────────────────────────────────────────────────────

    Retry #1 ───────────────────────────────────────────────────────────────────────────────────────

    Error: Menu are equal to: "AccountsReceivable,Security,Config"

    expect(received).toEqual(expected) // deep equality

    - Expected  - 5
    + Received  + 1

    - Array [
    -   "AccountsReceivable",
    -   "Security",
    -   "Config",
    - ]
    + Array []

       at ../pages/basePage.ts:119

      117 |     public async AssertArrayEqual(expected: string[], actual: string[], assertMessage: string) {
      118 |         await this.addStepWithAnnotation(AnnotationType.Assert, assertMessage, async () => {
    > 119 |             expect(expected, assertMessage).toEqual(actual);
          |                                             ^
      120 |         });
      121 |     }
      122 | }
        at /home/runner/work/Playwright/Playwright/pages/basePage.ts:119:45
        at DashboardPage.addStepWithAnnotation (/home/runner/work/Playwright/Playwright/pages/basePage.ts:56:31)
        at DashboardPage.AssertArrayEqual (/home/runner/work/Playwright/Playwright/pages/basePage.ts:118:20)
        at /home/runner/work/Playwright/Playwright/tests/Basic/menu.spec.ts:42:29

    attachment #3: screenshot (image/png) ──────────────────────────────────────────────────────────
    test-results/Basic-menu-Admin-user-Should-returns-admin-menu-desktop-chromium-retry1/test-failed-1.png
    ────────────────────────────────────────────────────────────────────────────────────────────────

    attachment #4: video (video/webm) ──────────────────────────────────────────────────────────────
    test-results/Basic-menu-Admin-user-Should-returns-admin-menu-desktop-chromium-retry1/video.webm
    ────────────────────────────────────────────────────────────────────────────────────────────────

    attachment #5: trace (application/zip) ─────────────────────────────────────────────────────────
    test-results/Basic-menu-Admin-user-Should-returns-admin-menu-desktop-chromium-retry1/trace.zip
    Usage:

        npx playwright show-trace test-results/Basic-menu-Admin-user-Should-returns-admin-menu-desktop-chromium-retry1/trace.zip

    ────────────────────────────────────────────────────────────────────────────────────────────────
]]>
</failure>
<system-out>
<![CDATA[
[[ATTACHMENT|../test-results/Basic-menu-Admin-user-Should-returns-admin-menu-desktop-chromium/test-failed-1.png]]

[[ATTACHMENT|../test-results/Basic-menu-Admin-user-Should-returns-admin-menu-desktop-chromium/video.webm]]

[[ATTACHMENT|../test-results/Basic-menu-Admin-user-Should-returns-admin-menu-desktop-chromium/trace.zip]]

[[ATTACHMENT|../test-results/Basic-menu-Admin-user-Should-returns-admin-menu-desktop-chromium-retry1/test-failed-1.png]]

[[ATTACHMENT|../test-results/Basic-menu-Admin-user-Should-returns-admin-menu-desktop-chromium-retry1/video.webm]]

[[ATTACHMENT|../test-results/Basic-menu-Admin-user-Should-returns-admin-menu-desktop-chromium-retry1/trace.zip]]
]]>
</system-out>
</testcase>
</testsuite>
<testsuite name="Basic/parameterized.spec.ts" timestamp="2025-01-26T05:41:04.089Z" hostname="desktop-chromium" tests="2" failures="0" skipped="0" time="1.337" errors="0">
<testcase name="Login with Parameters › Login with &quot;standard_user&quot; from parameters will load inventory page" classname="Basic/parameterized.spec.ts" time="0.717">
<properties>
<property name="Description" value="Login with valid user on Sauce Demo">
</property>
<property name="Pre Condition" value="A valid username and password">
</property>
<property name="Go To" value="Go to: &quot;https://www.saucedemo.com&quot;">
</property>
<property name="InputText" value="Fill &quot;Username:&quot; with the value: &quot;standard_user&quot;">
</property>
<property name="InputPassword" value="Fill &quot;Password&quot; with value: *****">
</property>
<property name="Button" value="Click: &quot;Login&quot;">
</property>
<property name="Assert" value="Check URL Page is equal to: https://www.saucedemo.com/inventory.html&quot;">
</property>
</properties>
</testcase>
<testcase name="Login with Parameters › Login with &quot;visual_user&quot; from parameters will load inventory page" classname="Basic/parameterized.spec.ts" time="0.62">
<properties>
<property name="Description" value="Login with valid user on Sauce Demo">
</property>
<property name="Pre Condition" value="A valid username and password">
</property>
<property name="Go To" value="Go to: &quot;https://www.saucedemo.com&quot;">
</property>
<property name="InputText" value="Fill &quot;Username:&quot; with the value: &quot;visual_user&quot;">
</property>
<property name="InputPassword" value="Fill &quot;Password&quot; with value: *****">
</property>
<property name="Button" value="Click: &quot;Login&quot;">
</property>
<property name="Assert" value="Check URL Page is equal to: https://www.saucedemo.com/inventory.html&quot;">
</property>
</properties>
</testcase>
</testsuite>
<testsuite name="Excel/exportServers.spec.ts" timestamp="2025-01-26T05:41:04.089Z" hostname="desktop-chromium" tests="1" failures="0" skipped="0" time="2.514" errors="0">
<testcase name="Servers › Should export servers to excel" classname="Excel/exportServers.spec.ts" time="2.514">
<properties>
<property name="Go To" value="Go to the servers page: &quot;https://effizientedemo.azurewebsites.net/Security/servers&apos;&quot;">
</property>
<property name="ButtonExcel" value="Click: &quot;Export to Excel&quot;">
</property>
<property name="Assert" value="The excel file rows are equal to the grid rows">
</property>
</properties>
<system-out>
<![CDATA[
[[ATTACHMENT|../test-results/Excel-exportServers-Servers-Should-export-servers-to-excel-desktop-chromium/attachments/servers-xlsx-b45414d1440b649c23868d9b19e0f22e5f012826.xlsx]]
]]>
</system-out>
</testcase>
</testsuite>
<testsuite name="Fixture-LambdaTest/loginLambdaTestFixture.spec.ts" timestamp="2025-01-26T05:41:04.089Z" hostname="desktop-chromium" tests="1" failures="0" skipped="0" time="0.515" errors="0">
<testcase name="Login › Login with valid user load inventory page" classname="Fixture-LambdaTest/loginLambdaTestFixture.spec.ts" time="0.515">
<properties>
<property name="Go To" value="Go to: &quot;https://www.saucedemo.com&quot;">
</property>
<property name="InputText" value="Fill &quot;Username:&quot; with the value: &quot;standard_user&quot;">
</property>
<property name="InputPassword" value="Fill &quot;Password&quot; with value: *****">
</property>
<property name="Button" value="Click: &quot;Login&quot;">
</property>
<property name="Assert" value="Check URL Page equal to: &quot;https://www.saucedemo.com/inventory.html">
</property>
</properties>
</testcase>
</testsuite>
<testsuite name="LocaleGeo/bingMaps.spec.ts" timestamp="2025-01-26T05:41:04.089Z" hostname="desktop-chromium" tests="1" failures="0" skipped="0" time="5.684" errors="0">
<testcase name="Geo Location Test › The bing maps is located to munich" classname="LocaleGeo/bingMaps.spec.ts" time="5.684">
<properties>
<property name="Go To" value="Go to: &quot;https://www.bing.com/maps&quot;">
</property>
<property name="Button" value="Click: &quot;Locate me&quot;">
</property>
<property name="Button" value="Check if the button is visible">
</property>
<property name="Button" value="Click: &quot;Expand/Collapse Geochain&quot;">
</property>
<property name="Assert" value="Geo name is equal to: &quot;GermanyBavariaMunich (District)&quot;">
</property>
</properties>
</testcase>
</testsuite>
<testsuite name="LocaleGeo/searchLocale.spec.ts" timestamp="2025-01-26T05:41:04.089Z" hostname="desktop-chromium" tests="1" failures="0" skipped="0" time="1.596" errors="0">
<testcase name="Locale translations › Should display correct translations for specified locale and timezone" classname="LocaleGeo/searchLocale.spec.ts" time="1.596">
<properties>
<property name="Go To" value="Go to: &quot;https://www.google.com&quot;">
</property>
<property name="Assert" value="Search button text is equal to: &quot;Buscar con Google&quot;">
</property>
</properties>
</testcase>
</testsuite>
<testsuite name="Synthetic/login.spec.ts" timestamp="2025-01-26T05:41:04.089Z" hostname="desktop-chromium" tests="1" failures="0" skipped="0" time="3.646" errors="0">
<testcase name="Synthetic login testing › Should show dashboard" classname="Synthetic/login.spec.ts" time="3.646">
</testcase>
</testsuite>
<testsuite name="Synthetic/menu.spec.ts" timestamp="2025-01-26T05:41:04.089Z" hostname="desktop-chromium" tests="1" failures="1" skipped="0" time="10.433" errors="0">
<testcase name="Synthetic testing › Should show dashboard" classname="Synthetic/menu.spec.ts" time="10.433">
<properties>
<property name="Navigation" value="Go to: &quot;https://effizientedemo.azurewebsites.net&quot;">
</property>
</properties>
<failure message="menu.spec.ts:24:9 Should show dashboard" type="FAILURE">
<![CDATA[  [desktop-chromium] › Synthetic/menu.spec.ts:24:9 › Synthetic testing › Should show dashboard @PerfAgents 

    Error: expect(received).toEqual(expected) // deep equality

    - Expected  - 4
    + Received  + 1

    - Array [
    -   "AccountsReceivable",
    -   "Config",
    - ]
    + Array []

      45 |         const menusInPage = await page.locator(topMenuLocator).allInnerTexts();
      46 |         const menus = ['AccountsReceivable', 'Config'];
    > 47 |         expect(menusInPage).toEqual(menus);
         |                             ^
      48 |     });
      49 |
      50 | });
        at /home/runner/work/Playwright/Playwright/tests/Synthetic/menu.spec.ts:47:29

    attachment #3: screenshot (image/png) ──────────────────────────────────────────────────────────
    test-results/Synthetic-menu-Synthetic-testing-Should-show-dashboard-desktop-chromium/test-failed-1.png
    ────────────────────────────────────────────────────────────────────────────────────────────────

    attachment #4: video (video/webm) ──────────────────────────────────────────────────────────────
    test-results/Synthetic-menu-Synthetic-testing-Should-show-dashboard-desktop-chromium/video.webm
    ────────────────────────────────────────────────────────────────────────────────────────────────

    attachment #5: trace (application/zip) ─────────────────────────────────────────────────────────
    test-results/Synthetic-menu-Synthetic-testing-Should-show-dashboard-desktop-chromium/trace.zip
    Usage:

        npx playwright show-trace test-results/Synthetic-menu-Synthetic-testing-Should-show-dashboard-desktop-chromium/trace.zip

    ────────────────────────────────────────────────────────────────────────────────────────────────

    Retry #1 ───────────────────────────────────────────────────────────────────────────────────────

    Error: expect(received).toEqual(expected) // deep equality

    - Expected  - 4
    + Received  + 1

    - Array [
    -   "AccountsReceivable",
    -   "Config",
    - ]
    + Array []

      45 |         const menusInPage = await page.locator(topMenuLocator).allInnerTexts();
      46 |         const menus = ['AccountsReceivable', 'Config'];
    > 47 |         expect(menusInPage).toEqual(menus);
         |                             ^
      48 |     });
      49 |
      50 | });
        at /home/runner/work/Playwright/Playwright/tests/Synthetic/menu.spec.ts:47:29

    attachment #3: screenshot (image/png) ──────────────────────────────────────────────────────────
    test-results/Synthetic-menu-Synthetic-testing-Should-show-dashboard-desktop-chromium-retry1/test-failed-1.png
    ────────────────────────────────────────────────────────────────────────────────────────────────

    attachment #4: video (video/webm) ──────────────────────────────────────────────────────────────
    test-results/Synthetic-menu-Synthetic-testing-Should-show-dashboard-desktop-chromium-retry1/video.webm
    ────────────────────────────────────────────────────────────────────────────────────────────────

    attachment #5: trace (application/zip) ─────────────────────────────────────────────────────────
    test-results/Synthetic-menu-Synthetic-testing-Should-show-dashboard-desktop-chromium-retry1/trace.zip
    Usage:

        npx playwright show-trace test-results/Synthetic-menu-Synthetic-testing-Should-show-dashboard-desktop-chromium-retry1/trace.zip

    ────────────────────────────────────────────────────────────────────────────────────────────────
]]>
</failure>
<system-out>
<![CDATA[
[[ATTACHMENT|../test-results/Synthetic-menu-Synthetic-testing-Should-show-dashboard-desktop-chromium/test-failed-1.png]]

[[ATTACHMENT|../test-results/Synthetic-menu-Synthetic-testing-Should-show-dashboard-desktop-chromium/video.webm]]

[[ATTACHMENT|../test-results/Synthetic-menu-Synthetic-testing-Should-show-dashboard-desktop-chromium/trace.zip]]

[[ATTACHMENT|../test-results/Synthetic-menu-Synthetic-testing-Should-show-dashboard-desktop-chromium-retry1/test-failed-1.png]]

[[ATTACHMENT|../test-results/Synthetic-menu-Synthetic-testing-Should-show-dashboard-desktop-chromium-retry1/video.webm]]

[[ATTACHMENT|../test-results/Synthetic-menu-Synthetic-testing-Should-show-dashboard-desktop-chromium-retry1/trace.zip]]
]]>
</system-out>
</testcase>
</testsuite>
<testsuite name="VisualTesting/dashboard.spec.ts" timestamp="2025-01-26T05:41:04.089Z" hostname="desktop-chromium" tests="1" failures="1" skipped="0" time="12.425" errors="0">
<testcase name="Check Dashboard › Should show dashboard" classname="VisualTesting/dashboard.spec.ts" time="12.425">
<properties>
<property name="Mock" value="Modify the summary with fixed data">
</property>
<property name="Mock" value="Modify the &quot;Sumary Expiration&quot; with fixed data">
</property>
<property name="Mock" value="Modify the &quot;Top 5 delay&quot; with fixed data">
</property>
<property name="Mock" value="Modify the &quot;Top 5 total&quot; with fixed data">
</property>
<property name="Mock" value="Modify the &quot;Top 5 type&quot; with fixed data">
</property>
<property name="Mock" value="Modify the &quot;Top 10 Limit 1&quot; with fixed data">
</property>
<property name="Mock" value="Modify the &quot;Top 10 Limit 2&quot; with fixed data">
</property>
<property name="Mock" value="Modify the &quot;Top 10 Limit 3&quot; with fixed data">
</property>
<property name="Mock" value="Modify the &quot;Top 10 To Expire&quot; with fixed data">
</property>
<property name="Go To" value="Go to: &quot;https://effizientedemo.azurewebsites.net/AccountsReceivable/dashboard&quot;">
</property>
<property name="Go To" value="Wait to charts are visible">
</property>
<property name="Step" value="Compare snapshot: dashboard.png with maxDiffPixelsRatio: 0.1">
</property>
</properties>
<failure message="dashboard.spec.ts:9:9 Should show dashboard" type="FAILURE">
<![CDATA[  [desktop-chromium] › VisualTesting/dashboard.spec.ts:9:9 › Check Dashboard › Should show dashboard @VisualTesting › Compare snapshot: dashboard.png with maxDiffPixelsRatio: 0.1 

    Error: Compare snapshot: dashboard.png with maxDiffPixelsRatio: 0.1

    expect(page).toHaveScreenshot(expected)

      Expected an image 1280px by 1358px, received 1280px by 1361px. 

    Expected: /home/runner/work/Playwright/Playwright/tests/VisualTesting/dashboard.spec.ts-snapshots/dashboard-desktop-chromium-linux.png
    Received: /home/runner/work/Playwright/Playwright/test-results/VisualTesting-dashboard-Ch-994a2-board-Should-show-dashboard-desktop-chromium/dashboard-actual.png
        Diff: /home/runner/work/Playwright/Playwright/test-results/VisualTesting-dashboard-Ch-994a2-board-Should-show-dashboard-desktop-chromium/dashboard-diff.png

    Call log:
      - Compare snapshot: dashboard.png with maxDiffPixelsRatio: 0.1 with timeout 10000ms
        - verifying given screenshot expectation
      - taking page screenshot
        - disabled all CSS animations
      - waiting for fonts to load...
      - fonts loaded
      - Expected an image 1280px by 1358px, received 1280px by 1361px.
      - waiting 100ms before taking screenshot
      - taking page screenshot
        - disabled all CSS animations
      - waiting for fonts to load...
      - fonts loaded
      - captured a stable screenshot
      - Expected an image 1280px by 1358px, received 1280px by 1361px.


       at ../utils/VisualHelper.ts:24

      22 |          
      23 |         await test.step(stepDescription, async () => {
    > 24 |             await expect(this.page, stepDescription).toHaveScreenshot(snapshotName,
         |                                                      ^
      25 |                 {
      26 |                     maxDiffPixelRatio: maxDiffPixelsRatio,
      27 |                     timeout: timeout,
        at /home/runner/work/Playwright/Playwright/utils/VisualHelper.ts:24:54
        at VisualHelper.checkPageSnapshot (/home/runner/work/Playwright/Playwright/utils/VisualHelper.ts:23:20)
        at DashboardPage.checkSnapshot (/home/runner/work/Playwright/Playwright/pages/Effiziente/dashboardPage.ts:54:9)
        at /home/runner/work/Playwright/Playwright/tests/VisualTesting/dashboard.spec.ts:21:9

    attachment #3: dashboard-expected.png (image/png) ──────────────────────────────────────────────
    tests/VisualTesting/dashboard.spec.ts-snapshots/dashboard-desktop-chromium-linux.png
    ────────────────────────────────────────────────────────────────────────────────────────────────

    attachment #4: dashboard-actual.png (image/png) ────────────────────────────────────────────────
    test-results/VisualTesting-dashboard-Ch-994a2-board-Should-show-dashboard-desktop-chromium/dashboard-actual.png
    ────────────────────────────────────────────────────────────────────────────────────────────────

    attachment #5: dashboard-diff.png (image/png) ──────────────────────────────────────────────────
    test-results/VisualTesting-dashboard-Ch-994a2-board-Should-show-dashboard-desktop-chromium/dashboard-diff.png
    ────────────────────────────────────────────────────────────────────────────────────────────────

    attachment #6: screenshot (image/png) ──────────────────────────────────────────────────────────
    test-results/VisualTesting-dashboard-Ch-994a2-board-Should-show-dashboard-desktop-chromium/test-failed-2.png
    ────────────────────────────────────────────────────────────────────────────────────────────────

    attachment #7: screenshot (image/png) ──────────────────────────────────────────────────────────
    test-results/VisualTesting-dashboard-Ch-994a2-board-Should-show-dashboard-desktop-chromium/test-failed-1.png
    ────────────────────────────────────────────────────────────────────────────────────────────────

    attachment #8: video (video/webm) ──────────────────────────────────────────────────────────────
    test-results/VisualTesting-dashboard-Ch-994a2-board-Should-show-dashboard-desktop-chromium/video.webm
    ────────────────────────────────────────────────────────────────────────────────────────────────

    attachment #9: trace (application/zip) ─────────────────────────────────────────────────────────
    test-results/VisualTesting-dashboard-Ch-994a2-board-Should-show-dashboard-desktop-chromium/trace.zip
    Usage:

        npx playwright show-trace test-results/VisualTesting-dashboard-Ch-994a2-board-Should-show-dashboard-desktop-chromium/trace.zip

    ────────────────────────────────────────────────────────────────────────────────────────────────

    Retry #1 ───────────────────────────────────────────────────────────────────────────────────────

    Error: Compare snapshot: dashboard.png with maxDiffPixelsRatio: 0.1

    expect(page).toHaveScreenshot(expected)

      Expected an image 1280px by 1358px, received 1280px by 1361px. 

    Expected: /home/runner/work/Playwright/Playwright/tests/VisualTesting/dashboard.spec.ts-snapshots/dashboard-desktop-chromium-linux.png
    Received: /home/runner/work/Playwright/Playwright/test-results/VisualTesting-dashboard-Ch-994a2-board-Should-show-dashboard-desktop-chromium-retry1/dashboard-actual.png
        Diff: /home/runner/work/Playwright/Playwright/test-results/VisualTesting-dashboard-Ch-994a2-board-Should-show-dashboard-desktop-chromium-retry1/dashboard-diff.png

    Call log:
      - Compare snapshot: dashboard.png with maxDiffPixelsRatio: 0.1 with timeout 10000ms
        - verifying given screenshot expectation
      - taking page screenshot
        - disabled all CSS animations
      - waiting for fonts to load...
      - fonts loaded
      - Expected an image 1280px by 1358px, received 1280px by 1361px.
      - waiting 100ms before taking screenshot
      - taking page screenshot
        - disabled all CSS animations
      - waiting for fonts to load...
      - fonts loaded
      - 199727 pixels (ratio 0.12 of all image pixels) are different.
      - waiting 250ms before taking screenshot
      - taking page screenshot
        - disabled all CSS animations
      - waiting for fonts to load...
      - fonts loaded
      - 199727 pixels (ratio 0.12 of all image pixels) are different.
      - waiting 500ms before taking screenshot
      - taking page screenshot
        - disabled all CSS animations
      - waiting for fonts to load...
      - fonts loaded
      - captured a stable screenshot
      - Expected an image 1280px by 1358px, received 1280px by 1361px.


       at ../utils/VisualHelper.ts:24

      22 |          
      23 |         await test.step(stepDescription, async () => {
    > 24 |             await expect(this.page, stepDescription).toHaveScreenshot(snapshotName,
         |                                                      ^
      25 |                 {
      26 |                     maxDiffPixelRatio: maxDiffPixelsRatio,
      27 |                     timeout: timeout,
        at /home/runner/work/Playwright/Playwright/utils/VisualHelper.ts:24:54
        at VisualHelper.checkPageSnapshot (/home/runner/work/Playwright/Playwright/utils/VisualHelper.ts:23:20)
        at DashboardPage.checkSnapshot (/home/runner/work/Playwright/Playwright/pages/Effiziente/dashboardPage.ts:54:9)
        at /home/runner/work/Playwright/Playwright/tests/VisualTesting/dashboard.spec.ts:21:9

    attachment #3: dashboard-expected.png (image/png) ──────────────────────────────────────────────
    tests/VisualTesting/dashboard.spec.ts-snapshots/dashboard-desktop-chromium-linux.png
    ────────────────────────────────────────────────────────────────────────────────────────────────

    attachment #4: dashboard-actual.png (image/png) ────────────────────────────────────────────────
    test-results/VisualTesting-dashboard-Ch-994a2-board-Should-show-dashboard-desktop-chromium-retry1/dashboard-actual.png
    ────────────────────────────────────────────────────────────────────────────────────────────────

    attachment #5: dashboard-diff.png (image/png) ──────────────────────────────────────────────────
    test-results/VisualTesting-dashboard-Ch-994a2-board-Should-show-dashboard-desktop-chromium-retry1/dashboard-diff.png
    ────────────────────────────────────────────────────────────────────────────────────────────────

    attachment #6: screenshot (image/png) ──────────────────────────────────────────────────────────
    test-results/VisualTesting-dashboard-Ch-994a2-board-Should-show-dashboard-desktop-chromium-retry1/test-failed-1.png
    ────────────────────────────────────────────────────────────────────────────────────────────────

    attachment #7: video (video/webm) ──────────────────────────────────────────────────────────────
    test-results/VisualTesting-dashboard-Ch-994a2-board-Should-show-dashboard-desktop-chromium-retry1/video.webm
    ────────────────────────────────────────────────────────────────────────────────────────────────

    attachment #8: trace (application/zip) ─────────────────────────────────────────────────────────
    test-results/VisualTesting-dashboard-Ch-994a2-board-Should-show-dashboard-desktop-chromium-retry1/trace.zip
    Usage:

        npx playwright show-trace test-results/VisualTesting-dashboard-Ch-994a2-board-Should-show-dashboard-desktop-chromium-retry1/trace.zip

    ────────────────────────────────────────────────────────────────────────────────────────────────
]]>
</failure>
<system-out>
<![CDATA[
[[ATTACHMENT|../tests/VisualTesting/dashboard.spec.ts-snapshots/dashboard-desktop-chromium-linux.png]]

[[ATTACHMENT|../test-results/VisualTesting-dashboard-Ch-994a2-board-Should-show-dashboard-desktop-chromium/dashboard-actual.png]]

[[ATTACHMENT|../test-results/VisualTesting-dashboard-Ch-994a2-board-Should-show-dashboard-desktop-chromium/dashboard-diff.png]]

[[ATTACHMENT|../test-results/VisualTesting-dashboard-Ch-994a2-board-Should-show-dashboard-desktop-chromium/test-failed-2.png]]

[[ATTACHMENT|../test-results/VisualTesting-dashboard-Ch-994a2-board-Should-show-dashboard-desktop-chromium/test-failed-1.png]]

[[ATTACHMENT|../test-results/VisualTesting-dashboard-Ch-994a2-board-Should-show-dashboard-desktop-chromium/video.webm]]

[[ATTACHMENT|../test-results/VisualTesting-dashboard-Ch-994a2-board-Should-show-dashboard-desktop-chromium/trace.zip]]

[[ATTACHMENT|../tests/VisualTesting/dashboard.spec.ts-snapshots/dashboard-desktop-chromium-linux.png]]

[[ATTACHMENT|../test-results/VisualTesting-dashboard-Ch-994a2-board-Should-show-dashboard-desktop-chromium-retry1/dashboard-actual.png]]

[[ATTACHMENT|../test-results/VisualTesting-dashboard-Ch-994a2-board-Should-show-dashboard-desktop-chromium-retry1/dashboard-diff.png]]

[[ATTACHMENT|../test-results/VisualTesting-dashboard-Ch-994a2-board-Should-show-dashboard-desktop-chromium-retry1/test-failed-1.png]]

[[ATTACHMENT|../test-results/VisualTesting-dashboard-Ch-994a2-board-Should-show-dashboard-desktop-chromium-retry1/video.webm]]

[[ATTACHMENT|../test-results/VisualTesting-dashboard-Ch-994a2-board-Should-show-dashboard-desktop-chromium-retry1/trace.zip]]
]]>
</system-out>
</testcase>
</testsuite>
<testsuite name="AI/login.spec.ts" timestamp="2025-01-26T05:41:04.089Z" hostname="desktop-firefox" tests="1" failures="0" skipped="1" time="0.991" errors="0">
<testcase name="AI Zero Step › Should show dashboard after login" classname="AI/login.spec.ts" time="0.991">
<properties>
<property name="skip" value="Zero Steps only works in chromium">
</property>
</properties>
<skipped>
</skipped>
</testcase>
</testsuite>
<testsuite name="Api/addToCart.spec.ts" timestamp="2025-01-26T05:41:04.089Z" hostname="desktop-firefox" tests="1" failures="0" skipped="0" time="13.904" errors="0">
<testcase name="WebdriverIO Shop › Should add an item to the cart" classname="Api/addToCart.spec.ts" time="13.904">
<properties>
<property name="Go To" value="Go to: &quot;https://shop.webdriver.io&quot;">
</property>
<property name="Link" value="Click: &quot;Shop All&quot;">
</property>
<property name="Step" value="Click in the product: &quot;WebdriverIO T-Shirt - Box Logo Tee&quot;">
</property>
<property name="Select" value="On &quot;Color&quot; select any option">
</property>
<property name="Select" value="On &quot;Color&quot; select the option Asphalt">
</property>
<property name="Step" value="Select any available Size">
</property>
<property name="Select" value="On &quot;Size&quot; select any option">
</property>
<property name="Select" value="On &quot;Size&quot; select the option L">
</property>
<property name="Step" value="Get the product price">
</property>
<property name="Button" value="Click: &quot; 
		Add to Cart
		 
	$25.00
&quot;">
</property>
<property name="Assert" value="There is one item in the bag">
</property>
<property name="Button" value="Click: &quot;
 
				1
			 
				items
			&quot;">
</property>
<property name="Assert" value="The name of the item in the cart is: &quot;WebdriverIO T-Shirt - Box Logo Tee&quot;">
</property>
<property name="Assert" value="The price of the item in the cart is: &quot;$25.00&quot;">
</property>
<property name="Assert" value="The subtotal is: &quot;$25.00&quot;">
</property>
</properties>
</testcase>
</testsuite>
<testsuite name="Api/servers.spec.ts" timestamp="2025-01-26T05:41:04.089Z" hostname="desktop-firefox" tests="2" failures="1" skipped="0" time="35.886" errors="0">
<testcase name="Servers › Should add a server" classname="Api/servers.spec.ts" time="5.957">
<properties>
<property name="Description" value="An admin user can add a server">
</property>
<property name="Pre Condition" value="A valid admin username and password is logged">
</property>
<property name="Go To" value="Go to the servers page: &quot;https://effizientedemo.azurewebsites.net/Security/servers&apos;&quot;">
</property>
<property name="Post Condition" value="Delete server with the key: &quot;345078&quot; if exists">
</property>
<property name="Button" value="Click: &quot;Add&quot;">
</property>
<property name="InputText" value="Fill &quot;Key:&quot; with the value: &quot;345078&quot;">
</property>
<property name="InputText" value="Fill &quot;Name:&quot; with the value: &quot;Balistreri Inc&quot;">
</property>
<property name="InputText" value="Fill &quot;Url:&quot; with the value: &quot;https://aching-shore.name/&quot;">
</property>
<property name="Step" value="Save server and return server id from api">
</property>
<property name="Button" value="Click: &quot;Save&quot;">
</property>
<property name="Assert" value="Success message is visible">
</property>
<property name="Assert" value="Server id should be a number greater than 1">
</property>
<property name="Assert" value="Server with the key: &quot;345078&quot; exists in the table">
</property>
<property name="Assert" value="The server name for the key: &quot;345078&quot; is: &quot;Balistreri Inc&quot;">
</property>
<property name="Assert" value="The server url for the key: &quot;345078&quot; is: &quot;https://aching-shore.name/&quot;">
</property>
<property name="Post Condition" value="Delete the server with API request">
</property>
</properties>
</testcase>
<testcase name="Servers › Should edit a server" classname="Api/servers.spec.ts" time="29.929">
<properties>
<property name="Description" value="An admin user can edit a server">
</property>
<property name="Pre Condition" value="A valid admin username and password is logged">
</property>
<property name="Go To" value="Go to the servers page: &quot;https://effizientedemo.azurewebsites.net/Security/servers&apos;&quot;">
</property>
<property name="Step" value="Create server with API">
</property>
<property name="Go To" value="Go to the servers page: &quot;https://effizientedemo.azurewebsites.net/Security/servers&apos;&quot;">
</property>
</properties>
<failure message="servers.spec.ts:48:9 Should edit a server" type="FAILURE">
<![CDATA[  [desktop-firefox] › Api/servers.spec.ts:48:9 › Servers › Should edit a server @API ───────────────

    TimeoutError: locator.click: Timeout 10000ms exceeded.
    Call log:
      - waiting for getByRole('row', { name: '90294' }).locator('[aria-label="Edit"]')


       at ../components/Table.ts:22

      20 |         await this.addStep(`Click in the edit table for the row with the key: "${keyValue}"`, async () => {
      21 |             const row = this.page.getByRole('row', { name: keyValue.toString() });
    > 22 |             await row?.locator('[aria-label="Edit"]').click();
         |                                                       ^
      23 |         });
      24 |     }
      25 |
        at /home/runner/work/Playwright/Playwright/components/Table.ts:22:55
        at Table.addStep (/home/runner/work/Playwright/Playwright/components/BaseComponent.ts:64:27)
        at Table.clickInEditByKey (/home/runner/work/Playwright/Playwright/components/Table.ts:20:20)
        at /home/runner/work/Playwright/Playwright/tests/Api/servers.spec.ts:84:33

    attachment #3: screenshot (image/png) ──────────────────────────────────────────────────────────
    test-results/Api-servers-Servers-Should-edit-a-server-desktop-firefox/test-failed-1.png
    ────────────────────────────────────────────────────────────────────────────────────────────────

    attachment #4: video (video/webm) ──────────────────────────────────────────────────────────────
    test-results/Api-servers-Servers-Should-edit-a-server-desktop-firefox/video.webm
    ────────────────────────────────────────────────────────────────────────────────────────────────

    attachment #5: trace (application/zip) ─────────────────────────────────────────────────────────
    test-results/Api-servers-Servers-Should-edit-a-server-desktop-firefox/trace.zip
    Usage:

        npx playwright show-trace test-results/Api-servers-Servers-Should-edit-a-server-desktop-firefox/trace.zip

    ────────────────────────────────────────────────────────────────────────────────────────────────

    Retry #1 ───────────────────────────────────────────────────────────────────────────────────────

    TimeoutError: locator.click: Timeout 10000ms exceeded.
    Call log:
      - waiting for getByRole('row', { name: '201585' }).locator('[aria-label="Edit"]')


       at ../components/Table.ts:22

      20 |         await this.addStep(`Click in the edit table for the row with the key: "${keyValue}"`, async () => {
      21 |             const row = this.page.getByRole('row', { name: keyValue.toString() });
    > 22 |             await row?.locator('[aria-label="Edit"]').click();
         |                                                       ^
      23 |         });
      24 |     }
      25 |
        at /home/runner/work/Playwright/Playwright/components/Table.ts:22:55
        at Table.addStep (/home/runner/work/Playwright/Playwright/components/BaseComponent.ts:64:27)
        at Table.clickInEditByKey (/home/runner/work/Playwright/Playwright/components/Table.ts:20:20)
        at /home/runner/work/Playwright/Playwright/tests/Api/servers.spec.ts:84:33

    attachment #3: screenshot (image/png) ──────────────────────────────────────────────────────────
    test-results/Api-servers-Servers-Should-edit-a-server-desktop-firefox-retry1/test-failed-1.png
    ────────────────────────────────────────────────────────────────────────────────────────────────

    attachment #4: video (video/webm) ──────────────────────────────────────────────────────────────
    test-results/Api-servers-Servers-Should-edit-a-server-desktop-firefox-retry1/video.webm
    ────────────────────────────────────────────────────────────────────────────────────────────────

    attachment #5: trace (application/zip) ─────────────────────────────────────────────────────────
    test-results/Api-servers-Servers-Should-edit-a-server-desktop-firefox-retry1/trace.zip
    Usage:

        npx playwright show-trace test-results/Api-servers-Servers-Should-edit-a-server-desktop-firefox-retry1/trace.zip

    ────────────────────────────────────────────────────────────────────────────────────────────────
]]>
</failure>
<system-out>
<![CDATA[
[[ATTACHMENT|../test-results/Api-servers-Servers-Should-edit-a-server-desktop-firefox/test-failed-1.png]]

[[ATTACHMENT|../test-results/Api-servers-Servers-Should-edit-a-server-desktop-firefox/video.webm]]

[[ATTACHMENT|../test-results/Api-servers-Servers-Should-edit-a-server-desktop-firefox/trace.zip]]

[[ATTACHMENT|../test-results/Api-servers-Servers-Should-edit-a-server-desktop-firefox-retry1/test-failed-1.png]]

[[ATTACHMENT|../test-results/Api-servers-Servers-Should-edit-a-server-desktop-firefox-retry1/video.webm]]

[[ATTACHMENT|../test-results/Api-servers-Servers-Should-edit-a-server-desktop-firefox-retry1/trace.zip]]
]]>
</system-out>
</testcase>
</testsuite>
<testsuite name="Basic/login.spec.ts" timestamp="2025-01-26T05:41:04.089Z" hostname="desktop-firefox" tests="1" failures="0" skipped="0" time="1.208" errors="0">
<testcase name="Login › Login with valid user load inventory page" classname="Basic/login.spec.ts" time="1.208">
<properties>
<property name="Description" value="Login with valid user on sauce demo">
</property>
<property name="Pre Condition" value="A valid username and password">
</property>
<property name="Go To" value="Go to: &quot;https://www.saucedemo.com&quot;">
</property>
<property name="InputText" value="Fill &quot;Username:&quot; with the value: &quot;standard_user&quot;">
</property>
<property name="InputPassword" value="Fill &quot;Password&quot; with value: *****">
</property>
<property name="Button" value="Click: &quot;Login&quot;">
</property>
<property name="Assert" value="Check URL Page is equal to: &quot;https://www.saucedemo.com/inventory.html&quot;">
</property>
</properties>
</testcase>
</testsuite>
<testsuite name="Basic/menu.spec.ts" timestamp="2025-01-26T05:41:04.089Z" hostname="desktop-firefox" tests="2" failures="2" skipped="0" time="17.063" errors="0">
<testcase name="Normal user › Should returns user menu" classname="Basic/menu.spec.ts" time="7.724">
<properties>
<property name="Description" value="Login to effiziente demo with a normal user, the user will see the menu for normal users">
</property>
<property name="Pre Condition" value="A valid normal user">
</property>
<property name="Go To" value="Go to: &quot;https://effizientedemo.azurewebsites.net/AccountsReceivable/dashboard&quot;">
</property>
<property name="PrimeFacesMenu" value="Get top menus">
</property>
<property name="Assert" value="Menu are equal to: &quot;AccountsReceivable,Config&quot;">
</property>
</properties>
<failure message="menu.spec.ts:9:9 Should returns user menu" type="FAILURE">
<![CDATA[  [desktop-firefox] › Basic/menu.spec.ts:9:9 › Normal user › Should returns user menu @Basic › Menu are equal to: "AccountsReceivable,Config" 

    Error: Menu are equal to: "AccountsReceivable,Config"

    expect(received).toEqual(expected) // deep equality

    - Expected  - 4
    + Received  + 1

    - Array [
    -   "AccountsReceivable",
    -   "Config",
    - ]
    + Array []

       at ../pages/basePage.ts:119

      117 |     public async AssertArrayEqual(expected: string[], actual: string[], assertMessage: string) {
      118 |         await this.addStepWithAnnotation(AnnotationType.Assert, assertMessage, async () => {
    > 119 |             expect(expected, assertMessage).toEqual(actual);
          |                                             ^
      120 |         });
      121 |     }
      122 | }
        at /home/runner/work/Playwright/Playwright/pages/basePage.ts:119:45
        at DashboardPage.addStepWithAnnotation (/home/runner/work/Playwright/Playwright/pages/basePage.ts:56:31)
        at DashboardPage.AssertArrayEqual (/home/runner/work/Playwright/Playwright/pages/basePage.ts:118:20)
        at /home/runner/work/Playwright/Playwright/tests/Basic/menu.spec.ts:22:29

    attachment #3: screenshot (image/png) ──────────────────────────────────────────────────────────
    test-results/Basic-menu-Normal-user-Should-returns-user-menu-desktop-firefox/test-failed-1.png
    ────────────────────────────────────────────────────────────────────────────────────────────────

    attachment #4: video (video/webm) ──────────────────────────────────────────────────────────────
    test-results/Basic-menu-Normal-user-Should-returns-user-menu-desktop-firefox/video.webm
    ────────────────────────────────────────────────────────────────────────────────────────────────

    attachment #5: trace (application/zip) ─────────────────────────────────────────────────────────
    test-results/Basic-menu-Normal-user-Should-returns-user-menu-desktop-firefox/trace.zip
    Usage:

        npx playwright show-trace test-results/Basic-menu-Normal-user-Should-returns-user-menu-desktop-firefox/trace.zip

    ────────────────────────────────────────────────────────────────────────────────────────────────

    Retry #1 ───────────────────────────────────────────────────────────────────────────────────────

    Error: Menu are equal to: "AccountsReceivable,Config"

    expect(received).toEqual(expected) // deep equality

    - Expected  - 4
    + Received  + 1

    - Array [
    -   "AccountsReceivable",
    -   "Config",
    - ]
    + Array []

       at ../pages/basePage.ts:119

      117 |     public async AssertArrayEqual(expected: string[], actual: string[], assertMessage: string) {
      118 |         await this.addStepWithAnnotation(AnnotationType.Assert, assertMessage, async () => {
    > 119 |             expect(expected, assertMessage).toEqual(actual);
          |                                             ^
      120 |         });
      121 |     }
      122 | }
        at /home/runner/work/Playwright/Playwright/pages/basePage.ts:119:45
        at DashboardPage.addStepWithAnnotation (/home/runner/work/Playwright/Playwright/pages/basePage.ts:56:31)
        at DashboardPage.AssertArrayEqual (/home/runner/work/Playwright/Playwright/pages/basePage.ts:118:20)
        at /home/runner/work/Playwright/Playwright/tests/Basic/menu.spec.ts:22:29

    attachment #3: screenshot (image/png) ──────────────────────────────────────────────────────────
    test-results/Basic-menu-Normal-user-Should-returns-user-menu-desktop-firefox-retry1/test-failed-1.png
    ────────────────────────────────────────────────────────────────────────────────────────────────

    attachment #4: video (video/webm) ──────────────────────────────────────────────────────────────
    test-results/Basic-menu-Normal-user-Should-returns-user-menu-desktop-firefox-retry1/video.webm
    ────────────────────────────────────────────────────────────────────────────────────────────────

    attachment #5: trace (application/zip) ─────────────────────────────────────────────────────────
    test-results/Basic-menu-Normal-user-Should-returns-user-menu-desktop-firefox-retry1/trace.zip
    Usage:

        npx playwright show-trace test-results/Basic-menu-Normal-user-Should-returns-user-menu-desktop-firefox-retry1/trace.zip

    ────────────────────────────────────────────────────────────────────────────────────────────────
]]>
</failure>
<system-out>
<![CDATA[
[[ATTACHMENT|../test-results/Basic-menu-Normal-user-Should-returns-user-menu-desktop-firefox/test-failed-1.png]]

[[ATTACHMENT|../test-results/Basic-menu-Normal-user-Should-returns-user-menu-desktop-firefox/video.webm]]

[[ATTACHMENT|../test-results/Basic-menu-Normal-user-Should-returns-user-menu-desktop-firefox/trace.zip]]

[[ATTACHMENT|../test-results/Basic-menu-Normal-user-Should-returns-user-menu-desktop-firefox-retry1/test-failed-1.png]]

[[ATTACHMENT|../test-results/Basic-menu-Normal-user-Should-returns-user-menu-desktop-firefox-retry1/video.webm]]

[[ATTACHMENT|../test-results/Basic-menu-Normal-user-Should-returns-user-menu-desktop-firefox-retry1/trace.zip]]
]]>
</system-out>
</testcase>
<testcase name="Admin user › Should returns admin menu" classname="Basic/menu.spec.ts" time="9.339">
<properties>
<property name="Description" value="Login to effiziente demo with a admin user, the user will see the menu for admin users">
</property>
<property name="Pre Condition" value="A valid admin user">
</property>
<property name="Go To" value="Go to: &quot;https://effizientedemo.azurewebsites.net/AccountsReceivable/dashboard&quot;">
</property>
<property name="PrimeFacesMenu" value="Get top menus">
</property>
<property name="Assert" value="Menu are equal to: &quot;AccountsReceivable,Security,Config&quot;">
</property>
</properties>
<failure message="menu.spec.ts:29:9 Should returns admin menu" type="FAILURE">
<![CDATA[  [desktop-firefox] › Basic/menu.spec.ts:29:9 › Admin user › Should returns admin menu @Basic › Menu are equal to: "AccountsReceivable,Security,Config" 

    Error: Menu are equal to: "AccountsReceivable,Security,Config"

    expect(received).toEqual(expected) // deep equality

    - Expected  - 5
    + Received  + 1

    - Array [
    -   "AccountsReceivable",
    -   "Security",
    -   "Config",
    - ]
    + Array []

       at ../pages/basePage.ts:119

      117 |     public async AssertArrayEqual(expected: string[], actual: string[], assertMessage: string) {
      118 |         await this.addStepWithAnnotation(AnnotationType.Assert, assertMessage, async () => {
    > 119 |             expect(expected, assertMessage).toEqual(actual);
          |                                             ^
      120 |         });
      121 |     }
      122 | }
        at /home/runner/work/Playwright/Playwright/pages/basePage.ts:119:45
        at DashboardPage.addStepWithAnnotation (/home/runner/work/Playwright/Playwright/pages/basePage.ts:56:31)
        at DashboardPage.AssertArrayEqual (/home/runner/work/Playwright/Playwright/pages/basePage.ts:118:20)
        at /home/runner/work/Playwright/Playwright/tests/Basic/menu.spec.ts:42:29

    attachment #3: screenshot (image/png) ──────────────────────────────────────────────────────────
    test-results/Basic-menu-Admin-user-Should-returns-admin-menu-desktop-firefox/test-failed-1.png
    ────────────────────────────────────────────────────────────────────────────────────────────────

    attachment #4: video (video/webm) ──────────────────────────────────────────────────────────────
    test-results/Basic-menu-Admin-user-Should-returns-admin-menu-desktop-firefox/video.webm
    ────────────────────────────────────────────────────────────────────────────────────────────────

    attachment #5: trace (application/zip) ─────────────────────────────────────────────────────────
    test-results/Basic-menu-Admin-user-Should-returns-admin-menu-desktop-firefox/trace.zip
    Usage:

        npx playwright show-trace test-results/Basic-menu-Admin-user-Should-returns-admin-menu-desktop-firefox/trace.zip

    ────────────────────────────────────────────────────────────────────────────────────────────────

    Retry #1 ───────────────────────────────────────────────────────────────────────────────────────

    Error: Menu are equal to: "AccountsReceivable,Security,Config"

    expect(received).toEqual(expected) // deep equality

    - Expected  - 5
    + Received  + 1

    - Array [
    -   "AccountsReceivable",
    -   "Security",
    -   "Config",
    - ]
    + Array []

       at ../pages/basePage.ts:119

      117 |     public async AssertArrayEqual(expected: string[], actual: string[], assertMessage: string) {
      118 |         await this.addStepWithAnnotation(AnnotationType.Assert, assertMessage, async () => {
    > 119 |             expect(expected, assertMessage).toEqual(actual);
          |                                             ^
      120 |         });
      121 |     }
      122 | }
        at /home/runner/work/Playwright/Playwright/pages/basePage.ts:119:45
        at DashboardPage.addStepWithAnnotation (/home/runner/work/Playwright/Playwright/pages/basePage.ts:56:31)
        at DashboardPage.AssertArrayEqual (/home/runner/work/Playwright/Playwright/pages/basePage.ts:118:20)
        at /home/runner/work/Playwright/Playwright/tests/Basic/menu.spec.ts:42:29

    attachment #3: screenshot (image/png) ──────────────────────────────────────────────────────────
    test-results/Basic-menu-Admin-user-Should-returns-admin-menu-desktop-firefox-retry1/test-failed-1.png
    ────────────────────────────────────────────────────────────────────────────────────────────────

    attachment #4: video (video/webm) ──────────────────────────────────────────────────────────────
    test-results/Basic-menu-Admin-user-Should-returns-admin-menu-desktop-firefox-retry1/video.webm
    ────────────────────────────────────────────────────────────────────────────────────────────────

    attachment #5: trace (application/zip) ─────────────────────────────────────────────────────────
    test-results/Basic-menu-Admin-user-Should-returns-admin-menu-desktop-firefox-retry1/trace.zip
    Usage:

        npx playwright show-trace test-results/Basic-menu-Admin-user-Should-returns-admin-menu-desktop-firefox-retry1/trace.zip

    ────────────────────────────────────────────────────────────────────────────────────────────────
]]>
</failure>
<system-out>
<![CDATA[
[[ATTACHMENT|../test-results/Basic-menu-Admin-user-Should-returns-admin-menu-desktop-firefox/test-failed-1.png]]

[[ATTACHMENT|../test-results/Basic-menu-Admin-user-Should-returns-admin-menu-desktop-firefox/video.webm]]

[[ATTACHMENT|../test-results/Basic-menu-Admin-user-Should-returns-admin-menu-desktop-firefox/trace.zip]]

[[ATTACHMENT|../test-results/Basic-menu-Admin-user-Should-returns-admin-menu-desktop-firefox-retry1/test-failed-1.png]]

[[ATTACHMENT|../test-results/Basic-menu-Admin-user-Should-returns-admin-menu-desktop-firefox-retry1/video.webm]]

[[ATTACHMENT|../test-results/Basic-menu-Admin-user-Should-returns-admin-menu-desktop-firefox-retry1/trace.zip]]
]]>
</system-out>
</testcase>
</testsuite>
<testsuite name="Basic/parameterized.spec.ts" timestamp="2025-01-26T05:41:04.089Z" hostname="desktop-firefox" tests="2" failures="0" skipped="0" time="2.584" errors="0">
<testcase name="Login with Parameters › Login with &quot;standard_user&quot; from parameters will load inventory page" classname="Basic/parameterized.spec.ts" time="1.738">
<properties>
<property name="Description" value="Login with valid user on Sauce Demo">
</property>
<property name="Pre Condition" value="A valid username and password">
</property>
<property name="Go To" value="Go to: &quot;https://www.saucedemo.com&quot;">
</property>
<property name="InputText" value="Fill &quot;Username:&quot; with the value: &quot;standard_user&quot;">
</property>
<property name="InputPassword" value="Fill &quot;Password&quot; with value: *****">
</property>
<property name="Button" value="Click: &quot;Login&quot;">
</property>
<property name="Assert" value="Check URL Page is equal to: https://www.saucedemo.com/inventory.html&quot;">
</property>
</properties>
</testcase>
<testcase name="Login with Parameters › Login with &quot;visual_user&quot; from parameters will load inventory page" classname="Basic/parameterized.spec.ts" time="0.846">
<properties>
<property name="Description" value="Login with valid user on Sauce Demo">
</property>
<property name="Pre Condition" value="A valid username and password">
</property>
<property name="Go To" value="Go to: &quot;https://www.saucedemo.com&quot;">
</property>
<property name="InputText" value="Fill &quot;Username:&quot; with the value: &quot;visual_user&quot;">
</property>
<property name="InputPassword" value="Fill &quot;Password&quot; with value: *****">
</property>
<property name="Button" value="Click: &quot;Login&quot;">
</property>
<property name="Assert" value="Check URL Page is equal to: https://www.saucedemo.com/inventory.html&quot;">
</property>
</properties>
</testcase>
</testsuite>
<testsuite name="Excel/exportServers.spec.ts" timestamp="2025-01-26T05:41:04.089Z" hostname="desktop-firefox" tests="1" failures="0" skipped="0" time="2.768" errors="0">
<testcase name="Servers › Should export servers to excel" classname="Excel/exportServers.spec.ts" time="2.768">
<properties>
<property name="Go To" value="Go to the servers page: &quot;https://effizientedemo.azurewebsites.net/Security/servers&apos;&quot;">
</property>
<property name="ButtonExcel" value="Click: &quot;Export to Excel&quot;">
</property>
<property name="Assert" value="The excel file rows are equal to the grid rows">
</property>
</properties>
<system-out>
<![CDATA[
[[ATTACHMENT|../test-results/Excel-exportServers-Servers-Should-export-servers-to-excel-desktop-firefox/attachments/servers-xlsx-b45414d1440b649c23868d9b19e0f22e5f012826.xlsx]]
]]>
</system-out>
</testcase>
</testsuite>
<testsuite name="Fixture-LambdaTest/loginLambdaTestFixture.spec.ts" timestamp="2025-01-26T05:41:04.089Z" hostname="desktop-firefox" tests="1" failures="0" skipped="0" time="0.62" errors="0">
<testcase name="Login › Login with valid user load inventory page" classname="Fixture-LambdaTest/loginLambdaTestFixture.spec.ts" time="0.62">
<properties>
<property name="Go To" value="Go to: &quot;https://www.saucedemo.com&quot;">
</property>
<property name="InputText" value="Fill &quot;Username:&quot; with the value: &quot;standard_user&quot;">
</property>
<property name="InputPassword" value="Fill &quot;Password&quot; with value: *****">
</property>
<property name="Button" value="Click: &quot;Login&quot;">
</property>
<property name="Assert" value="Check URL Page equal to: &quot;https://www.saucedemo.com/inventory.html">
</property>
</properties>
</testcase>
</testsuite>
<testsuite name="LocaleGeo/bingMaps.spec.ts" timestamp="2025-01-26T05:41:04.089Z" hostname="desktop-firefox" tests="1" failures="0" skipped="1" time="1.138" errors="0">
<testcase name="Geo Location Test › The bing maps is located to munich" classname="LocaleGeo/bingMaps.spec.ts" time="1.138">
<properties>
<property name="skip" value="Geolocation not work in firefox">
</property>
</properties>
<skipped>
</skipped>
</testcase>
</testsuite>
<testsuite name="LocaleGeo/searchLocale.spec.ts" timestamp="2025-01-26T05:41:04.089Z" hostname="desktop-firefox" tests="1" failures="0" skipped="0" time="1.661" errors="0">
<testcase name="Locale translations › Should display correct translations for specified locale and timezone" classname="LocaleGeo/searchLocale.spec.ts" time="1.661">
<properties>
<property name="Go To" value="Go to: &quot;https://www.google.com&quot;">
</property>
<property name="Assert" value="Search button text is equal to: &quot;Buscar con Google&quot;">
</property>
</properties>
</testcase>
</testsuite>
<testsuite name="Synthetic/login.spec.ts" timestamp="2025-01-26T05:41:04.089Z" hostname="desktop-firefox" tests="1" failures="0" skipped="0" time="3.618" errors="0">
<testcase name="Synthetic login testing › Should show dashboard" classname="Synthetic/login.spec.ts" time="3.618">
</testcase>
</testsuite>
<testsuite name="Synthetic/menu.spec.ts" timestamp="2025-01-26T05:41:04.089Z" hostname="desktop-firefox" tests="1" failures="1" skipped="0" time="11.071" errors="0">
<testcase name="Synthetic testing › Should show dashboard" classname="Synthetic/menu.spec.ts" time="11.071">
<properties>
[...]
</property>
<property name="ButtonExcel" value="Click: &quot;Export to Excel&quot;">
</property>
<property name="Assert" value="The excel file rows are equal to the grid rows">
</property>
</properties>
<system-out>
<![CDATA[
[[ATTACHMENT|../test-results/Excel-exportServers-Servers-Should-export-servers-to-excel-desktop-webkit/attachments/servers-xlsx-b45414d1440b649c23868d9b19e0f22e5f012826.xlsx]]
]]>
</system-out>
</testcase>
</testsuite>
<testsuite name="Fixture-LambdaTest/loginLambdaTestFixture.spec.ts" timestamp="2025-01-26T05:41:04.089Z" hostname="desktop-webkit" tests="1" failures="0" skipped="0" time="0.795" errors="0">
<testcase name="Login › Login with valid user load inventory page" classname="Fixture-LambdaTest/loginLambdaTestFixture.spec.ts" time="0.795">
<properties>
<property name="Go To" value="Go to: &quot;https://www.saucedemo.com&quot;">
</property>
<property name="InputText" value="Fill &quot;Username:&quot; with the value: &quot;standard_user&quot;">
</property>
<property name="InputPassword" value="Fill &quot;Password&quot; with value: *****">
</property>
<property name="Button" value="Click: &quot;Login&quot;">
</property>
<property name="Assert" value="Check URL Page equal to: &quot;https://www.saucedemo.com/inventory.html">
</property>
</properties>
</testcase>
</testsuite>
<testsuite name="LocaleGeo/bingMaps.spec.ts" timestamp="2025-01-26T05:41:04.089Z" hostname="desktop-webkit" tests="1" failures="0" skipped="0" time="11.372" errors="0">
<testcase name="Geo Location Test › The bing maps is located to munich" classname="LocaleGeo/bingMaps.spec.ts" time="11.372">
<properties>
<property name="Go To" value="Go to: &quot;https://www.bing.com/maps&quot;">
</property>
<property name="Button" value="Click: &quot;Locate me&quot;">
</property>
<property name="Button" value="Check if the button is visible">
</property>
<property name="Button" value="Click: &quot;Expand/Collapse Geochain&quot;">
</property>
<property name="Assert" value="Geo name is equal to: &quot;GermanyBavariaMunich (District)&quot;">
</property>
</properties>
</testcase>
</testsuite>
<testsuite name="LocaleGeo/searchLocale.spec.ts" timestamp="2025-01-26T05:41:04.089Z" hostname="desktop-webkit" tests="1" failures="0" skipped="0" time="2.316" errors="0">
<testcase name="Locale translations › Should display correct translations for specified locale and timezone" classname="LocaleGeo/searchLocale.spec.ts" time="2.316">
<properties>
<property name="Go To" value="Go to: &quot;https://www.google.com&quot;">
</property>
<property name="Assert" value="Search button text is equal to: &quot;Buscar con Google&quot;">
</property>
</properties>
</testcase>
</testsuite>
<testsuite name="Synthetic/login.spec.ts" timestamp="2025-01-26T05:41:04.089Z" hostname="desktop-webkit" tests="1" failures="0" skipped="0" time="6.578" errors="0">
<testcase name="Synthetic login testing › Should show dashboard" classname="Synthetic/login.spec.ts" time="6.578">
</testcase>
</testsuite>
<testsuite name="Synthetic/menu.spec.ts" timestamp="2025-01-26T05:41:04.089Z" hostname="desktop-webkit" tests="1" failures="1" skipped="0" time="11.965" errors="0">
<testcase name="Synthetic testing › Should show dashboard" classname="Synthetic/menu.spec.ts" time="11.965">
<properties>
<property name="Navigation" value="Go to: &quot;https://effizientedemo.azurewebsites.net&quot;">
</property>
</properties>
<failure message="menu.spec.ts:24:9 Should show dashboard" type="FAILURE">
<![CDATA[  [desktop-webkit] › Synthetic/menu.spec.ts:24:9 › Synthetic testing › Should show dashboard @PerfAgents 

    Error: expect(received).toEqual(expected) // deep equality

    - Expected  - 4
    + Received  + 1

    - Array [
    -   "AccountsReceivable",
    -   "Config",
    - ]
    + Array []

      45 |         const menusInPage = await page.locator(topMenuLocator).allInnerTexts();
      46 |         const menus = ['AccountsReceivable', 'Config'];
    > 47 |         expect(menusInPage).toEqual(menus);
         |                             ^
      48 |     });
      49 |
      50 | });
        at /home/runner/work/Playwright/Playwright/tests/Synthetic/menu.spec.ts:47:29

    attachment #3: screenshot (image/png) ──────────────────────────────────────────────────────────
    test-results/Synthetic-menu-Synthetic-testing-Should-show-dashboard-desktop-webkit/test-failed-1.png
    ────────────────────────────────────────────────────────────────────────────────────────────────

    attachment #4: video (video/webm) ──────────────────────────────────────────────────────────────
    test-results/Synthetic-menu-Synthetic-testing-Should-show-dashboard-desktop-webkit/video.webm
    ────────────────────────────────────────────────────────────────────────────────────────────────

    attachment #5: trace (application/zip) ─────────────────────────────────────────────────────────
    test-results/Synthetic-menu-Synthetic-testing-Should-show-dashboard-desktop-webkit/trace.zip
    Usage:

        npx playwright show-trace test-results/Synthetic-menu-Synthetic-testing-Should-show-dashboard-desktop-webkit/trace.zip

    ────────────────────────────────────────────────────────────────────────────────────────────────

    Retry #1 ───────────────────────────────────────────────────────────────────────────────────────

    Error: expect(received).toEqual(expected) // deep equality

    - Expected  - 4
    + Received  + 1

    - Array [
    -   "AccountsReceivable",
    -   "Config",
    - ]
    + Array []

      45 |         const menusInPage = await page.locator(topMenuLocator).allInnerTexts();
      46 |         const menus = ['AccountsReceivable', 'Config'];
    > 47 |         expect(menusInPage).toEqual(menus);
         |                             ^
      48 |     });
      49 |
      50 | });
        at /home/runner/work/Playwright/Playwright/tests/Synthetic/menu.spec.ts:47:29

    attachment #3: screenshot (image/png) ──────────────────────────────────────────────────────────
    test-results/Synthetic-menu-Synthetic-testing-Should-show-dashboard-desktop-webkit-retry1/test-failed-1.png
    ────────────────────────────────────────────────────────────────────────────────────────────────

    attachment #4: video (video/webm) ──────────────────────────────────────────────────────────────
    test-results/Synthetic-menu-Synthetic-testing-Should-show-dashboard-desktop-webkit-retry1/video.webm
    ────────────────────────────────────────────────────────────────────────────────────────────────

    attachment #5: trace (application/zip) ─────────────────────────────────────────────────────────
    test-results/Synthetic-menu-Synthetic-testing-Should-show-dashboard-desktop-webkit-retry1/trace.zip
    Usage:

        npx playwright show-trace test-results/Synthetic-menu-Synthetic-testing-Should-show-dashboard-desktop-webkit-retry1/trace.zip

    ────────────────────────────────────────────────────────────────────────────────────────────────
]]>
</failure>
<system-out>
<![CDATA[
[[ATTACHMENT|../test-results/Synthetic-menu-Synthetic-testing-Should-show-dashboard-desktop-webkit/test-failed-1.png]]

[[ATTACHMENT|../test-results/Synthetic-menu-Synthetic-testing-Should-show-dashboard-desktop-webkit/video.webm]]

[[ATTACHMENT|../test-results/Synthetic-menu-Synthetic-testing-Should-show-dashboard-desktop-webkit/trace.zip]]

[[ATTACHMENT|../test-results/Synthetic-menu-Synthetic-testing-Should-show-dashboard-desktop-webkit-retry1/test-failed-1.png]]

[[ATTACHMENT|../test-results/Synthetic-menu-Synthetic-testing-Should-show-dashboard-desktop-webkit-retry1/video.webm]]

[[ATTACHMENT|../test-results/Synthetic-menu-Synthetic-testing-Should-show-dashboard-desktop-webkit-retry1/trace.zip]]
]]>
</system-out>
</testcase>
</testsuite>
<testsuite name="VisualTesting/dashboard.spec.ts" timestamp="2025-01-26T05:41:04.089Z" hostname="desktop-webkit" tests="1" failures="1" skipped="0" time="14.68" errors="0">
<testcase name="Check Dashboard › Should show dashboard" classname="VisualTesting/dashboard.spec.ts" time="14.68">
<properties>
<property name="Mock" value="Modify the summary with fixed data">
</property>
<property name="Mock" value="Modify the &quot;Sumary Expiration&quot; with fixed data">
</property>
<property name="Mock" value="Modify the &quot;Top 5 delay&quot; with fixed data">
</property>
<property name="Mock" value="Modify the &quot;Top 5 total&quot; with fixed data">
</property>
<property name="Mock" value="Modify the &quot;Top 5 type&quot; with fixed data">
</property>
<property name="Mock" value="Modify the &quot;Top 10 Limit 1&quot; with fixed data">
</property>
<property name="Mock" value="Modify the &quot;Top 10 Limit 2&quot; with fixed data">
</property>
<property name="Mock" value="Modify the &quot;Top 10 Limit 3&quot; with fixed data">
</property>
<property name="Mock" value="Modify the &quot;Top 10 To Expire&quot; with fixed data">
</property>
<property name="Go To" value="Go to: &quot;https://effizientedemo.azurewebsites.net/AccountsReceivable/dashboard&quot;">
</property>
<property name="Go To" value="Wait to charts are visible">
</property>
<property name="Step" value="Compare snapshot: dashboard.png with maxDiffPixelsRatio: 0.1">
</property>
</properties>
<failure message="dashboard.spec.ts:9:9 Should show dashboard" type="FAILURE">
<![CDATA[  [desktop-webkit] › VisualTesting/dashboard.spec.ts:9:9 › Check Dashboard › Should show dashboard @VisualTesting › Compare snapshot: dashboard.png with maxDiffPixelsRatio: 0.1 

    Error: Compare snapshot: dashboard.png with maxDiffPixelsRatio: 0.1

    expect(page).toHaveScreenshot(expected)

      Expected an image 1280px by 1358px, received 1280px by 1361px. 

    Expected: /home/runner/work/Playwright/Playwright/tests/VisualTesting/dashboard.spec.ts-snapshots/dashboard-desktop-webkit-linux.png
    Received: /home/runner/work/Playwright/Playwright/test-results/VisualTesting-dashboard-Ch-994a2-board-Should-show-dashboard-desktop-webkit/dashboard-actual.png
        Diff: /home/runner/work/Playwright/Playwright/test-results/VisualTesting-dashboard-Ch-994a2-board-Should-show-dashboard-desktop-webkit/dashboard-diff.png

    Call log:
      - Compare snapshot: dashboard.png with maxDiffPixelsRatio: 0.1 with timeout 10000ms
        - verifying given screenshot expectation
      - taking page screenshot
        - disabled all CSS animations
      - waiting for fonts to load...
      - fonts loaded
      - Expected an image 1280px by 1358px, received 1280px by 1361px.
      - waiting 100ms before taking screenshot
      - taking page screenshot
        - disabled all CSS animations
      - waiting for fonts to load...
      - fonts loaded
      - captured a stable screenshot
      - Expected an image 1280px by 1358px, received 1280px by 1361px.


       at ../utils/VisualHelper.ts:24

      22 |          
      23 |         await test.step(stepDescription, async () => {
    > 24 |             await expect(this.page, stepDescription).toHaveScreenshot(snapshotName,
         |                                                      ^
      25 |                 {
      26 |                     maxDiffPixelRatio: maxDiffPixelsRatio,
      27 |                     timeout: timeout,
        at /home/runner/work/Playwright/Playwright/utils/VisualHelper.ts:24:54
        at VisualHelper.checkPageSnapshot (/home/runner/work/Playwright/Playwright/utils/VisualHelper.ts:23:20)
        at DashboardPage.checkSnapshot (/home/runner/work/Playwright/Playwright/pages/Effiziente/dashboardPage.ts:54:9)
        at /home/runner/work/Playwright/Playwright/tests/VisualTesting/dashboard.spec.ts:21:9

    attachment #3: dashboard-expected.png (image/png) ──────────────────────────────────────────────
    tests/VisualTesting/dashboard.spec.ts-snapshots/dashboard-desktop-webkit-linux.png
    ────────────────────────────────────────────────────────────────────────────────────────────────

    attachment #4: dashboard-actual.png (image/png) ────────────────────────────────────────────────
    test-results/VisualTesting-dashboard-Ch-994a2-board-Should-show-dashboard-desktop-webkit/dashboard-actual.png
    ────────────────────────────────────────────────────────────────────────────────────────────────

    attachment #5: dashboard-diff.png (image/png) ──────────────────────────────────────────────────
    test-results/VisualTesting-dashboard-Ch-994a2-board-Should-show-dashboard-desktop-webkit/dashboard-diff.png
    ────────────────────────────────────────────────────────────────────────────────────────────────

    attachment #6: screenshot (image/png) ──────────────────────────────────────────────────────────
    test-results/VisualTesting-dashboard-Ch-994a2-board-Should-show-dashboard-desktop-webkit/test-failed-1.png
    ────────────────────────────────────────────────────────────────────────────────────────────────

    attachment #7: screenshot (image/png) ──────────────────────────────────────────────────────────
    test-results/VisualTesting-dashboard-Ch-994a2-board-Should-show-dashboard-desktop-webkit/test-failed-2.png
    ────────────────────────────────────────────────────────────────────────────────────────────────

    attachment #8: video (video/webm) ──────────────────────────────────────────────────────────────
    test-results/VisualTesting-dashboard-Ch-994a2-board-Should-show-dashboard-desktop-webkit/video.webm
    ────────────────────────────────────────────────────────────────────────────────────────────────

    attachment #9: trace (application/zip) ─────────────────────────────────────────────────────────
    test-results/VisualTesting-dashboard-Ch-994a2-board-Should-show-dashboard-desktop-webkit/trace.zip
    Usage:

        npx playwright show-trace test-results/VisualTesting-dashboard-Ch-994a2-board-Should-show-dashboard-desktop-webkit/trace.zip

    ────────────────────────────────────────────────────────────────────────────────────────────────

    Retry #1 ───────────────────────────────────────────────────────────────────────────────────────

    Error: Compare snapshot: dashboard.png with maxDiffPixelsRatio: 0.1

    expect(page).toHaveScreenshot(expected)

      Expected an image 1280px by 1358px, received 1280px by 1361px. 

    Expected: /home/runner/work/Playwright/Playwright/tests/VisualTesting/dashboard.spec.ts-snapshots/dashboard-desktop-webkit-linux.png
    Received: /home/runner/work/Playwright/Playwright/test-results/VisualTesting-dashboard-Ch-994a2-board-Should-show-dashboard-desktop-webkit-retry1/dashboard-actual.png
        Diff: /home/runner/work/Playwright/Playwright/test-results/VisualTesting-dashboard-Ch-994a2-board-Should-show-dashboard-desktop-webkit-retry1/dashboard-diff.png

    Call log:
      - Compare snapshot: dashboard.png with maxDiffPixelsRatio: 0.1 with timeout 10000ms
        - verifying given screenshot expectation
      - taking page screenshot
        - disabled all CSS animations
      - waiting for fonts to load...
      - fonts loaded
      - Expected an image 1280px by 1358px, received 1280px by 1361px.
      - waiting 100ms before taking screenshot
      - taking page screenshot
        - disabled all CSS animations
      - waiting for fonts to load...
      - fonts loaded
      - captured a stable screenshot
      - Expected an image 1280px by 1358px, received 1280px by 1361px.


       at ../utils/VisualHelper.ts:24

      22 |          
      23 |         await test.step(stepDescription, async () => {
    > 24 |             await expect(this.page, stepDescription).toHaveScreenshot(snapshotName,
         |                                                      ^
      25 |                 {
      26 |                     maxDiffPixelRatio: maxDiffPixelsRatio,
      27 |                     timeout: timeout,
        at /home/runner/work/Playwright/Playwright/utils/VisualHelper.ts:24:54
        at VisualHelper.checkPageSnapshot (/home/runner/work/Playwright/Playwright/utils/VisualHelper.ts:23:20)
        at DashboardPage.checkSnapshot (/home/runner/work/Playwright/Playwright/pages/Effiziente/dashboardPage.ts:54:9)
        at /home/runner/work/Playwright/Playwright/tests/VisualTesting/dashboard.spec.ts:21:9

    attachment #3: dashboard-expected.png (image/png) ──────────────────────────────────────────────
    tests/VisualTesting/dashboard.spec.ts-snapshots/dashboard-desktop-webkit-linux.png
    ────────────────────────────────────────────────────────────────────────────────────────────────

    attachment #4: dashboard-actual.png (image/png) ────────────────────────────────────────────────
    test-results/VisualTesting-dashboard-Ch-994a2-board-Should-show-dashboard-desktop-webkit-retry1/dashboard-actual.png
    ────────────────────────────────────────────────────────────────────────────────────────────────

    attachment #5: dashboard-diff.png (image/png) ──────────────────────────────────────────────────
    test-results/VisualTesting-dashboard-Ch-994a2-board-Should-show-dashboard-desktop-webkit-retry1/dashboard-diff.png
    ────────────────────────────────────────────────────────────────────────────────────────────────

    attachment #6: screenshot (image/png) ──────────────────────────────────────────────────────────
    test-results/VisualTesting-dashboard-Ch-994a2-board-Should-show-dashboard-desktop-webkit-retry1/test-failed-1.png
    ────────────────────────────────────────────────────────────────────────────────────────────────

    attachment #7: video (video/webm) ──────────────────────────────────────────────────────────────
    test-results/VisualTesting-dashboard-Ch-994a2-board-Should-show-dashboard-desktop-webkit-retry1/video.webm
    ────────────────────────────────────────────────────────────────────────────────────────────────

    attachment #8: trace (application/zip) ─────────────────────────────────────────────────────────
    test-results/VisualTesting-dashboard-Ch-994a2-board-Should-show-dashboard-desktop-webkit-retry1/trace.zip
    Usage:

        npx playwright show-trace test-results/VisualTesting-dashboard-Ch-994a2-board-Should-show-dashboard-desktop-webkit-retry1/trace.zip

    ────────────────────────────────────────────────────────────────────────────────────────────────
]]>
</failure>
<system-out>
<![CDATA[
[[ATTACHMENT|../tests/VisualTesting/dashboard.spec.ts-snapshots/dashboard-desktop-webkit-linux.png]]

[[ATTACHMENT|../test-results/VisualTesting-dashboard-Ch-994a2-board-Should-show-dashboard-desktop-webkit/dashboard-actual.png]]

[[ATTACHMENT|../test-results/VisualTesting-dashboard-Ch-994a2-board-Should-show-dashboard-desktop-webkit/dashboard-diff.png]]

[[ATTACHMENT|../test-results/VisualTesting-dashboard-Ch-994a2-board-Should-show-dashboard-desktop-webkit/test-failed-1.png]]

[[ATTACHMENT|../test-results/VisualTesting-dashboard-Ch-994a2-board-Should-show-dashboard-desktop-webkit/test-failed-2.png]]

[[ATTACHMENT|../test-results/VisualTesting-dashboard-Ch-994a2-board-Should-show-dashboard-desktop-webkit/video.webm]]

[[ATTACHMENT|../test-results/VisualTesting-dashboard-Ch-994a2-board-Should-show-dashboard-desktop-webkit/trace.zip]]

[[ATTACHMENT|../tests/VisualTesting/dashboard.spec.ts-snapshots/dashboard-desktop-webkit-linux.png]]

[[ATTACHMENT|../test-results/VisualTesting-dashboard-Ch-994a2-board-Should-show-dashboard-desktop-webkit-retry1/dashboard-actual.png]]

[[ATTACHMENT|../test-results/VisualTesting-dashboard-Ch-994a2-board-Should-show-dashboard-desktop-webkit-retry1/dashboard-diff.png]]

[[ATTACHMENT|../test-results/VisualTesting-dashboard-Ch-994a2-board-Should-show-dashboard-desktop-webkit-retry1/test-failed-1.png]]

[[ATTACHMENT|../test-results/VisualTesting-dashboard-Ch-994a2-board-Should-show-dashboard-desktop-webkit-retry1/video.webm]]

[[ATTACHMENT|../test-results/VisualTesting-dashboard-Ch-994a2-board-Should-show-dashboard-desktop-webkit-retry1/trace.zip]]
]]>
</system-out>
</testcase>
</testsuite>
</testsuites>