<testsuites id="" name="" tests="33" failures="2" skipped="2" errors="0" time="209.14227800000003">
<testsuite name="SauceDemo/loginLambdaTestFixture.spec.ts" timestamp="2024-04-19T04:02:25.988Z" hostname="chrome:latest:MacOS Catalina@lambdatest" tests="1" failures="0" skipped="0" time="26.102" errors="0">
<testcase name="Login › Login with valid user load inventory page" classname="SauceDemo/loginLambdaTestFixture.spec.ts" time="26.102">
<properties>
<property name="Go To" value="Go to the page: &quot;https://www.saucedemo.com&quot;">
</property>
<property name="InputText" value="Fill: &quot;Username&quot; with value: &quot;standard_user&quot;">
</property>
<property name="InputPassword" value="Fill: &quot;Password with value: *****&quot;">
</property>
<property name="Button" value="Click: &quot;Login&quot;">
</property>
<property name="Assert" value="Check URL Page equal to: &quot;https://www.saucedemo.com/inventory.html&quot;">
</property>
</properties>
</testcase>
</testsuite>
<testsuite name="SauceDemo/loginLambdaTestFixture.spec.ts" timestamp="2024-04-19T04:02:25.988Z" hostname="pw-webkit:latest:MacOS Monterey@lambdatest" tests="1" failures="0" skipped="0" time="15.621" errors="0">
<testcase name="Login › Login with valid user load inventory page" classname="SauceDemo/loginLambdaTestFixture.spec.ts" time="15.621">
<properties>
<property name="Go To" value="Go to the page: &quot;https://www.saucedemo.com&quot;">
</property>
<property name="InputText" value="Fill: &quot;Username&quot; with value: &quot;standard_user&quot;">
</property>
<property name="InputPassword" value="Fill: &quot;Password with value: *****&quot;">
</property>
<property name="Button" value="Click: &quot;Login&quot;">
</property>
<property name="Assert" value="Check URL Page equal to: &quot;https://www.saucedemo.com/inventory.html&quot;">
</property>
</properties>
</testcase>
</testsuite>
<testsuite name="SauceDemo/loginLambdaTestFixture.spec.ts" timestamp="2024-04-19T04:02:25.988Z" hostname="chrome:latest:Windows 10@lambdatest" tests="1" failures="0" skipped="0" time="23.61" errors="0">
<testcase name="Login › Login with valid user load inventory page" classname="SauceDemo/loginLambdaTestFixture.spec.ts" time="23.61">
<properties>
<property name="Go To" value="Go to the page: &quot;https://www.saucedemo.com&quot;">
</property>
<property name="InputText" value="Fill: &quot;Username&quot; with value: &quot;standard_user&quot;">
</property>
<property name="InputPassword" value="Fill: &quot;Password with value: *****&quot;">
</property>
<property name="Button" value="Click: &quot;Login&quot;">
</property>
<property name="Assert" value="Check URL Page equal to: &quot;https://www.saucedemo.com/inventory.html&quot;">
</property>
</properties>
</testcase>
</testsuite>
<testsuite name="Effiziente/dashboard.spec.ts" timestamp="2024-04-19T04:02:25.988Z" hostname="chromium" tests="1" failures="0" skipped="0" time="4.446" errors="0">
<testcase name="Check Dashboard › Should show dashboard" classname="Effiziente/dashboard.spec.ts" time="4.446">
<properties>
<property name="Mock" value="Modify the summary with fixed data">
</property>
<property name="Mock" value="Modify the &quot;Sumary Expiration&quot; with fixed data">
</property>
<property name="Mock" value="Modify the &quot;Top 5 delay&quot; with fixed data">
</property>
<property name="Mock" value="Modify the &quot;Top 5 total&quot; with fixed data">
</property>
<property name="Mock" value="Modify the &quot;Top 5 type&quot; with fixed data">
</property>
<property name="Mock" value="Modify the &quot;Top 10 Limit 1&quot; with fixed data">
</property>
<property name="Mock" value="Modify the &quot;Top 10 Limit 2&quot; with fixed data">
</property>
<property name="Mock" value="Modify the &quot;Top 10 Limit 3&quot; with fixed data">
</property>
<property name="Mock" value="Modify the &quot;Top 10 To Expire&quot; with fixed data">
</property>
<property name="Go To" value="Go to the page: &quot;https://effizientedemo.azurewebsites.net/AccountsReceivable/dashboard&quot;">
</property>
<property name="Step" value="Compare snapshot: dashboard.png with maxDiffPixelsRatio: 0.1">
</property>
</properties>
</testcase>
</testsuite>
<testsuite name="Effiziente/menu.spec.ts" timestamp="2024-04-19T04:02:25.988Z" hostname="chromium" tests="2" failures="0" skipped="0" time="22.703" errors="0">
<testcase name="Normal user › Should returns user menu" classname="Effiziente/menu.spec.ts" time="8.774">
<properties>
<property name="Go To" value="Go to the page: &quot;https://effizientedemo.azurewebsites.net/AccountsReceivable/dashboard&quot;">
</property>
<property name="PirmeFacesMenu" value="Get top menus">
</property>
<property name="Assert" value="Menu is equal to: AccountsReceivable,Config">
</property>
</properties>
</testcase>
<testcase name="Admin user › Should returns admin menu" classname="Effiziente/menu.spec.ts" time="13.929">
<properties>
<property name="Go To" value="Go to the page: &quot;https://effizientedemo.azurewebsites.net/AccountsReceivable/dashboard&quot;">
</property>
<property name="PirmeFacesMenu" value="Get top menus">
</property>
<property name="Assert" value="Menu is equal to:AccountsReceivable,Security,Config">
</property>
</properties>
</testcase>
</testsuite>
<testsuite name="Effiziente/servers.spec.ts" timestamp="2024-04-19T04:02:25.988Z" hostname="chromium" tests="1" failures="1" skipped="0" time="50.277" errors="0">
<testcase name="Servers › Should add a server" classname="Effiziente/servers.spec.ts" time="50.277">
<properties>
<property name="Go To" value="Go to the page: &quot;https://effizientedemo.azurewebsites.net/Security/servers&quot;">
</property>
<property name="Button" value="Click: &quot;Add&quot;">
</property>
<property name="InputText" value="Fill: &quot;&quot; with value: &quot;47&quot;">
</property>
<property name="InputText" value="Fill: &quot;&quot; with value: &quot;Thiel - Turner&quot;">
</property>
<property name="InputText" value="Fill: &quot;&quot; with value: &quot;https://turbulent-step-uncle.name&quot;">
</property>
<property name="Button" value="Click: &quot;Save&quot;">
</property>
</properties>
<failure message="servers.spec.ts:11:9 Should add a server" type="FAILURE">
<![CDATA[  [chromium] › Effiziente/servers.spec.ts:11:9 › Servers › Should add a server › Save server and return server id from api 

    TimeoutError: page.waitForResponse: Timeout 10000ms exceeded while waiting for event "response"

       at ../utils/ApiHelper.ts:32

      30 |      */
      31 |     waitForResponse(apiUrl: string, statusCode = 200, method: 'POST' | 'GET' | 'PUT' | 'DELETE' = 'GET') {
    > 32 |         const responsePromise = this.page.waitForResponse(response => response.url().includes(apiUrl) && response.request().method() == method
         |                                           ^
      33 |             && response.status() == statusCode);
      34 |         return responsePromise;
      35 |     }

        at ApiHelper.waitForResponse (/home/runner/work/PlaywrightFramework/PlaywrightFramework/utils/ApiHelper.ts:32:43)
        at ServerApi.waitForCreateServer (/home/runner/work/PlaywrightFramework/PlaywrightFramework/api/Effiziente/Server.api.ts:18:31)
        at /home/runner/work/PlaywrightFramework/PlaywrightFramework/pages/Effiziente/addServerPage.ts:28:58
        at AddServerPage.saveClick (/home/runner/work/PlaywrightFramework/PlaywrightFramework/pages/Effiziente/addServerPage.ts:27:27)
        at /home/runner/work/PlaywrightFramework/PlaywrightFramework/tests/Effiziente/servers.spec.ts:22:34

    attachment #1: screenshot (image/png) ──────────────────────────────────────────────────────────
    test-results/Effiziente-servers-Servers-Should-add-a-server-chromium/test-failed-1.png
    ────────────────────────────────────────────────────────────────────────────────────────────────

    attachment #2: video (video/webm) ──────────────────────────────────────────────────────────────
    test-results/Effiziente-servers-Servers-Should-add-a-server-chromium/video.webm
    ────────────────────────────────────────────────────────────────────────────────────────────────

    attachment #3: trace (application/zip) ─────────────────────────────────────────────────────────
    test-results/Effiziente-servers-Servers-Should-add-a-server-chromium/trace.zip
    Usage:

        npx playwright show-trace test-results/Effiziente-servers-Servers-Should-add-a-server-chromium/trace.zip

    ────────────────────────────────────────────────────────────────────────────────────────────────

    Retry #1 ───────────────────────────────────────────────────────────────────────────────────────

    TimeoutError: page.waitForResponse: Timeout 10000ms exceeded while waiting for event "response"

       at ../utils/ApiHelper.ts:32

      30 |      */
      31 |     waitForResponse(apiUrl: string, statusCode = 200, method: 'POST' | 'GET' | 'PUT' | 'DELETE' = 'GET') {
    > 32 |         const responsePromise = this.page.waitForResponse(response => response.url().includes(apiUrl) && response.request().method() == method
         |                                           ^
      33 |             && response.status() == statusCode);
      34 |         return responsePromise;
      35 |     }

        at ApiHelper.waitForResponse (/home/runner/work/PlaywrightFramework/PlaywrightFramework/utils/ApiHelper.ts:32:43)
        at ServerApi.waitForGetServers (/home/runner/work/PlaywrightFramework/PlaywrightFramework/api/Effiziente/Server.api.ts:26:31)
        at /home/runner/work/PlaywrightFramework/PlaywrightFramework/pages/Effiziente/addServerPage.ts:29:55
        at AddServerPage.saveClick (/home/runner/work/PlaywrightFramework/PlaywrightFramework/pages/Effiziente/addServerPage.ts:27:27)
        at /home/runner/work/PlaywrightFramework/PlaywrightFramework/tests/Effiziente/servers.spec.ts:22:34

    attachment #1: screenshot (image/png) ──────────────────────────────────────────────────────────
    test-results/Effiziente-servers-Servers-Should-add-a-server-chromium-retry1/test-failed-1.png
    ────────────────────────────────────────────────────────────────────────────────────────────────

    attachment #2: video (video/webm) ──────────────────────────────────────────────────────────────
    test-results/Effiziente-servers-Servers-Should-add-a-server-chromium-retry1/video.webm
    ────────────────────────────────────────────────────────────────────────────────────────────────

    attachment #3: trace (application/zip) ─────────────────────────────────────────────────────────
    test-results/Effiziente-servers-Servers-Should-add-a-server-chromium-retry1/trace.zip
    Usage:

        npx playwright show-trace test-results/Effiziente-servers-Servers-Should-add-a-server-chromium-retry1/trace.zip

    ────────────────────────────────────────────────────────────────────────────────────────────────
]]>
</failure>
<system-out>
<![CDATA[
[[ATTACHMENT|../test-results/Effiziente-servers-Servers-Should-add-a-server-chromium/test-failed-1.png]]

[[ATTACHMENT|../test-results/Effiziente-servers-Servers-Should-add-a-server-chromium/video.webm]]

[[ATTACHMENT|../test-results/Effiziente-servers-Servers-Should-add-a-server-chromium/trace.zip]]

[[ATTACHMENT|../test-results/Effiziente-servers-Servers-Should-add-a-server-chromium-retry1/test-failed-1.png]]

[[ATTACHMENT|../test-results/Effiziente-servers-Servers-Should-add-a-server-chromium-retry1/video.webm]]

[[ATTACHMENT|../test-results/Effiziente-servers-Servers-Should-add-a-server-chromium-retry1/trace.zip]]
]]>
</system-out>
</testcase>
</testsuite>
<testsuite name="Effiziente/Synthetic/login.spec.ts" timestamp="2024-04-19T04:02:25.988Z" hostname="chromium" tests="1" failures="0" skipped="0" time="24.734" errors="0">
<testcase name="Synthetic login testing › Should show dashboard" classname="Effiziente/Synthetic/login.spec.ts" time="24.734">
</testcase>
</testsuite>
<testsuite name="Effiziente/Synthetic/menu.spec.ts" timestamp="2024-04-19T04:02:25.988Z" hostname="chromium" tests="1" failures="0" skipped="0" time="22.892" errors="0">
<testcase name="Synthetic testing › Should show dashboard" classname="Effiziente/Synthetic/menu.spec.ts" time="22.892">
<properties>
<property name="Navigation" value="Go to:https://effizientedemo.azurewebsites.net">
</property>
</properties>
</testcase>
</testsuite>
<testsuite name="Effiziente/ZeroStep/login.spec.ts" timestamp="2024-04-19T04:02:25.988Z" hostname="chromium" tests="1" failures="0" skipped="0" time="16.427" errors="0">
<testcase name="AI Zero Step › Should show dashboard after login" classname="Effiziente/ZeroStep/login.spec.ts" time="16.427">
</testcase>
</testsuite>
<testsuite name="Google/searchLocale.spec.ts" timestamp="2024-04-19T04:02:25.988Z" hostname="chromium" tests="1" failures="0" skipped="0" time="1.277" errors="0">
<testcase name="Locale translations › Translations with locale and time zone id" classname="Google/searchLocale.spec.ts" time="1.277">
<properties>
<property name="Go To" value="Go to the page: &quot;https://www.google.com&quot;">
</property>
<property name="Assert" value="Search button text is equal to: &quot;Buscar con Google&quot;">
</property>
</properties>
</testcase>
</testsuite>
<testsuite name="SauceDemo/login.spec.ts" timestamp="2024-04-19T04:02:25.988Z" hostname="chromium" tests="1" failures="0" skipped="0" time="0.779" errors="0">
<testcase name="Login › Login with valid user load inventory page" classname="SauceDemo/login.spec.ts" time="0.779">
<properties>
<property name="Go To" value="Go to the page: &quot;https://www.saucedemo.com&quot;">
</property>
<property name="InputText" value="Fill: &quot;Username&quot; with value: &quot;standard_user&quot;">
</property>
<property name="InputPassword" value="Fill: &quot;Password with value: *****&quot;">
</property>
<property name="Button" value="Click: &quot;Login&quot;">
</property>
<property name="Assert" value="Check URL Page equal to: &quot;https://www.saucedemo.com/inventory.html&quot;">
</property>
</properties>
</testcase>
</testsuite>
<testsuite name="SauceDemo/loginLambdaTestFixture.spec.ts" timestamp="2024-04-19T04:02:25.988Z" hostname="chromium" tests="1" failures="0" skipped="0" time="0.725" errors="0">
<testcase name="Login › Login with valid user load inventory page" classname="SauceDemo/loginLambdaTestFixture.spec.ts" time="0.725">
<properties>
<property name="Go To" value="Go to the page: &quot;https://www.saucedemo.com&quot;">
</property>
<property name="InputText" value="Fill: &quot;Username&quot; with value: &quot;standard_user&quot;">
</property>
<property name="InputPassword" value="Fill: &quot;Password with value: *****&quot;">
</property>
<property name="Button" value="Click: &quot;Login&quot;">
</property>
<property name="Assert" value="Check URL Page equal to: &quot;https://www.saucedemo.com/inventory.html&quot;">
</property>
</properties>
</testcase>
</testsuite>
<testsuite name="Effiziente/dashboard.spec.ts" timestamp="2024-04-19T04:02:25.988Z" hostname="firefox" tests="1" failures="0" skipped="0" time="8.982" errors="0">
<testcase name="Check Dashboard › Should show dashboard" classname="Effiziente/dashboard.spec.ts" time="8.982">
<properties>
<property name="Mock" value="Modify the summary with fixed data">
</property>
<property name="Mock" value="Modify the &quot;Sumary Expiration&quot; with fixed data">
</property>
<property name="Mock" value="Modify the &quot;Top 5 delay&quot; with fixed data">
</property>
<property name="Mock" value="Modify the &quot;Top 5 total&quot; with fixed data">
</property>
<property name="Mock" value="Modify the &quot;Top 5 type&quot; with fixed data">
</property>
<property name="Mock" value="Modify the &quot;Top 10 Limit 1&quot; with fixed data">
</property>
<property name="Mock" value="Modify the &quot;Top 10 Limit 2&quot; with fixed data">
</property>
<property name="Mock" value="Modify the &quot;Top 10 Limit 3&quot; with fixed data">
</property>
<property name="Mock" value="Modify the &quot;Top 10 To Expire&quot; with fixed data">
</property>
<property name="Go To" value="Go to the page: &quot;https://effizientedemo.azurewebsites.net/AccountsReceivable/dashboard&quot;">
</property>
<property name="Step" value="Compare snapshot: dashboard.png with maxDiffPixelsRatio: 0.1">
</property>
</properties>
</testcase>
</testsuite>
<testsuite name="Effiziente/menu.spec.ts" timestamp="2024-04-19T04:02:25.988Z" hostname="firefox" tests="2" failures="0" skipped="0" time="19.581" errors="0">
<testcase name="Normal user › Should returns user menu" classname="Effiziente/menu.spec.ts" time="8.397">
<properties>
<property name="Go To" value="Go to the page: &quot;https://effizientedemo.azurewebsites.net/AccountsReceivable/dashboard&quot;">
</property>
<property name="PirmeFacesMenu" value="Get top menus">
</property>
<property name="Assert" value="Menu is equal to: AccountsReceivable,Config">
</property>
</properties>
</testcase>
<testcase name="Admin user › Should returns admin menu" classname="Effiziente/menu.spec.ts" time="11.184">
<properties>
<property name="Go To" value="Go to the page: &quot;https://effizientedemo.azurewebsites.net/AccountsReceivable/dashboard&quot;">
</property>
<property name="PirmeFacesMenu" value="Get top menus">
</property>
<property name="Assert" value="Menu is equal to:AccountsReceivable,Security,Config">
</property>
</properties>
</testcase>
</testsuite>
<testsuite name="Effiziente/servers.spec.ts" timestamp="2024-04-19T04:02:25.988Z" hostname="firefox" tests="1" failures="0" skipped="0" time="27.967" errors="0">
<testcase name="Servers › Should add a server" classname="Effiziente/servers.spec.ts" time="27.967">
<properties>
<property name="Go To" value="Go to the page: &quot;https://effizientedemo.azurewebsites.net/Security/servers&quot;">
</property>
<property name="Button" value="Click: &quot;Add&quot;">
</property>
<property name="InputText" value="Fill: &quot;&quot; with value: &quot;70&quot;">
</property>
<property name="InputText" value="Fill: &quot;&quot; with value: &quot;Spinka, Rohan and Davis&quot;">
</property>
<property name="InputText" value="Fill: &quot;&quot; with value: &quot;https://unlucky-amusement.net&quot;">
</property>
<property name="Button" value="Click: &quot;Save&quot;">
</property>
<property name="Assert" value="Server id should be a number greater than 1">
</property>
<property name="Assert" value="Row with the key: 70 exists">
</property>
</properties>
<system-out>
<![CDATA[
[[ATTACHMENT|../test-results/Effiziente-servers-Servers-Should-add-a-server-firefox/test-failed-1.png]]

[[ATTACHMENT|../test-results/Effiziente-servers-Servers-Should-add-a-server-firefox/video.webm]]

[[ATTACHMENT|../test-results/Effiziente-servers-Servers-Should-add-a-server-firefox/trace.zip]]
]]>
</system-out>
</testcase>
</testsuite>
<testsuite name="Effiziente/Synthetic/login.spec.ts" timestamp="2024-04-19T04:02:25.988Z" hostname="firefox" tests="1" failures="0" skipped="0" time="10.781" errors="0">
<testcase name="Synthetic login testing › Should show dashboard" classname="Effiziente/Synthetic/login.spec.ts" time="10.781">
</testcase>
</testsuite>
<testsuite name="Effiziente/Synthetic/menu.spec.ts" timestamp="2024-04-19T04:02:25.988Z" hostname="firefox" tests="1" failures="0" skipped="0" time="11.517" errors="0">
<testcase name="Synthetic testing › Should show dashboard" classname="Effiziente/Synthetic/menu.spec.ts" time="11.517">
<properties>
<property name="Navigation" value="Go to:https://effizientedemo.azurewebsites.net">
</property>
</properties>
</testcase>
</testsuite>
<testsuite name="Effiziente/ZeroStep/login.spec.ts" timestamp="2024-04-19T04:02:25.988Z" hostname="firefox" tests="1" failures="0" skipped="1" time="0.372" errors="0">
<testcase name="AI Zero Step › Should show dashboard after login" classname="Effiziente/ZeroStep/login.spec.ts" time="0.372">
<properties>
<property name="skip" value="Zero Steps only works in chromium">
</property>
</properties>
<skipped>
</skipped>
</testcase>
</testsuite>
<testsuite name="Google/searchLocale.spec.ts" timestamp="2024-04-19T04:02:25.988Z" hostname="firefox" tests="1" failures="0" skipped="0" time="1.417" errors="0">
<testcase name="Locale translations › Translations with locale and time zone id" classname="Google/searchLocale.spec.ts" time="1.417">
<properties>
<property name="Go To" value="Go to the page: &quot;https://www.google.com&quot;">
</property>
<property name="Assert" value="Search button text is equal to: &quot;Buscar con Google&quot;">
</property>
</properties>
</testcase>
</testsuite>
<testsuite name="SauceDemo/login.spec.ts" timestamp="2024-04-19T04:02:25.988Z" hostname="firefox" tests="1" failures="0" skipped="0" time="1.125" errors="0">
<testcase name="Login › Login with valid user load inventory page" classname="SauceDemo/login.spec.ts" time="1.125">
<properties>
<property name="Go To" value="Go to the page: &quot;https://www.saucedemo.com&quot;">
</property>
<property name="InputText" value="Fill: &quot;Username&quot; with value: &quot;standard_user&quot;">
</property>
<property name="InputPassword" value="Fill: &quot;Password with value: *****&quot;">
</property>
<property name="Button" value="Click: &quot;Login&quot;">
</property>
<property name="Assert" value="Check URL Page equal to: &quot;https://www.saucedemo.com/inventory.html&quot;">
</property>
</properties>
</testcase>
</testsuite>
<testsuite name="SauceDemo/loginLambdaTestFixture.spec.ts" timestamp="2024-04-19T04:02:25.988Z" hostname="firefox" tests="1" failures="0" skipped="0" time="0.769" errors="0">
<testcase name="Login › Login with valid user load inventory page" classname="SauceDemo/loginLambdaTestFixture.spec.ts" time="0.769">
<properties>
<property name="Go To" value="Go to the page: &quot;https://www.saucedemo.com&quot;">
</property>
<property name="InputText" value="Fill: &quot;Username&quot; with value: &quot;standard_user&quot;">
</property>
<property name="InputPassword" value="Fill: &quot;Password with value: *****&quot;">
</property>
<property name="Button" value="Click: &quot;Login&quot;">
</property>
<property name="Assert" value="Check URL Page equal to: &quot;https://www.saucedemo.com/inventory.html&quot;">
</property>
</properties>
</testcase>
</testsuite>
<testsuite name="Effiziente/dashboard.spec.ts" timestamp="2024-04-19T04:02:25.988Z" hostname="webkit" tests="1" failures="0" skipped="0" time="9.676" errors="0">
<testcase name="Check Dashboard › Should show dashboard" classname="Effiziente/dashboard.spec.ts" time="9.676">
<properties>
<property name="Mock" value="Modify the summary with fixed data">
</property>
<property name="Mock" value="Modify the &quot;Sumary Expiration&quot; with fixed data">
</property>
<property name="Mock" value="Modify the &quot;Top 5 delay&quot; with fixed data">
</property>
<property name="Mock" value="Modify the &quot;Top 5 total&quot; with fixed data">
</property>
<property name="Mock" value="Modify the &quot;Top 5 type&quot; with fixed data">
</property>
<property name="Mock" value="Modify the &quot;Top 10 Limit 1&quot; with fixed data">
</property>
<property name="Mock" value="Modify the &quot;Top 10 Limit 2&quot; with fixed data">
</property>
<property name="Mock" value="Modify the &quot;Top 10 Limit 3&quot; with fixed data">
</property>
<property name="Mock" value="Modify the &quot;Top 10 To Expire&quot; with fixed data">
</property>
<property name="Go To" value="Go to the page: &quot;https://effizientedemo.azurewebsites.net/AccountsReceivable/dashboard&quot;">
</property>
<property name="Step" value="Compare snapshot: dashboard.png with maxDiffPixelsRatio: 0.1">
</property>
</properties>
</testcase>
</testsuite>
<testsuite name="Effiziente/menu.spec.ts" timestamp="2024-04-19T04:02:25.988Z" hostname="webkit" tests="2" failures="0" skipped="0" time="14.27" errors="0">
<testcase name="Normal user › Should returns user menu" classname="Effiziente/menu.spec.ts" time="9.142">
<properties>
<property name="Go To" value="Go to the page: &quot;https://effizientedemo.azurewebsites.net/AccountsReceivable/dashboard&quot;">
</property>
<property name="PirmeFacesMenu" value="Get top menus">
</property>
<property name="Assert" value="Menu is equal to: AccountsReceivable,Config">
</property>
</properties>
</testcase>
<testcase name="Admin user › Should returns admin menu" classname="Effiziente/menu.spec.ts" time="5.128">
<properties>
<property name="Go To" value="Go to the page: &quot;https://effizientedemo.azurewebsites.net/AccountsReceivable/dashboard&quot;">
</property>
<property name="PirmeFacesMenu" value="Get top menus">
</property>
<property name="Assert" value="Menu is equal to:AccountsReceivable,Security,Config">
</property>
</properties>
</testcase>
</testsuite>
<testsuite name="Effiziente/servers.spec.ts" timestamp="2024-04-19T04:02:25.988Z" hostname="webkit" tests="1" failures="1" skipped="0" time="39.882" errors="0">
<testcase name="Servers › Should add a server" classname="Effiziente/servers.spec.ts" time="39.882">
<properties>
<property name="Go To" value="Go to the page: &quot;https://effizientedemo.azurewebsites.net/Security/servers&quot;">
</property>
<property name="Button" value="Click: &quot;Add&quot;">
</property>
<property name="InputText" value="Fill: &quot;&quot; with value: &quot;84&quot;">
</property>
<property name="InputText" value="Fill: &quot;&quot; with value: &quot;Kassulke, Gleason and Lesch&quot;">
</property>
<property name="InputText" value="Fill: &quot;&quot; with value: &quot;https://royal-caterpillar.org/&quot;">
</property>
<property name="Button" value="Click: &quot;Save&quot;">
</property>
<property name="Assert" value="Server id should be a number greater than 1">
</property>
</properties>
<failure message="servers.spec.ts:11:9 Should add a server" type="FAILURE">
<![CDATA[  [webkit] › Effiziente/servers.spec.ts:11:9 › Servers › Should add a server ───────────────────────

    TimeoutError: locator.innerText: Timeout 10000ms exceeded.
    Call log:
      - waiting for locator('tbody > tr').nth(8).locator('td').last()


       at ../components/TableComponent.ts:55

      53 |         for (let i = 0; i < totalRows; i++) {
      54 |             const row = this.page.locator('tbody > tr').nth(i);
    > 55 |             const columnValue = await row.locator('td').nth(index).innerText();
         |                                                                    ^
      56 |             if (columnValue == value)
      57 |                 return row;
      58 |         }

        at Table.getRowByColumnIndex (/home/runner/work/PlaywrightFramework/PlaywrightFramework/components/TableComponent.ts:55:68)
        at Table.getRowBykey (/home/runner/work/PlaywrightFramework/PlaywrightFramework/components/TableComponent.ts:78:21)
        at /home/runner/work/PlaywrightFramework/PlaywrightFramework/tests/Effiziente/servers.spec.ts:29:21

    attachment #1: screenshot (image/png) ──────────────────────────────────────────────────────────
    test-results/Effiziente-servers-Servers-Should-add-a-server-webkit/test-failed-1.png
    ────────────────────────────────────────────────────────────────────────────────────────────────

    attachment #2: video (video/webm) ──────────────────────────────────────────────────────────────
    test-results/Effiziente-servers-Servers-Should-add-a-server-webkit/video.webm
    ────────────────────────────────────────────────────────────────────────────────────────────────

    attachment #3: trace (application/zip) ─────────────────────────────────────────────────────────
    test-results/Effiziente-servers-Servers-Should-add-a-server-webkit/trace.zip
    Usage:

        npx playwright show-trace test-results/Effiziente-servers-Servers-Should-add-a-server-webkit/trace.zip

    ────────────────────────────────────────────────────────────────────────────────────────────────

    Retry #1 ───────────────────────────────────────────────────────────────────────────────────────

    TimeoutError: locator.innerText: Timeout 10000ms exceeded.
    Call log:
      - waiting for locator('tbody > tr').nth(8).locator('td').last()


       at ../components/TableComponent.ts:55

      53 |         for (let i = 0; i < totalRows; i++) {
      54 |             const row = this.page.locator('tbody > tr').nth(i);
    > 55 |             const columnValue = await row.locator('td').nth(index).innerText();
         |                                                                    ^
      56 |             if (columnValue == value)
      57 |                 return row;
      58 |         }

        at Table.getRowByColumnIndex (/home/runner/work/PlaywrightFramework/PlaywrightFramework/components/TableComponent.ts:55:68)
        at Table.getRowBykey (/home/runner/work/PlaywrightFramework/PlaywrightFramework/components/TableComponent.ts:78:21)
        at /home/runner/work/PlaywrightFramework/PlaywrightFramework/tests/Effiziente/servers.spec.ts:29:21

    attachment #1: screenshot (image/png) ──────────────────────────────────────────────────────────
    test-results/Effiziente-servers-Servers-Should-add-a-server-webkit-retry1/test-failed-1.png
    ────────────────────────────────────────────────────────────────────────────────────────────────

    attachment #2: video (video/webm) ──────────────────────────────────────────────────────────────
    test-results/Effiziente-servers-Servers-Should-add-a-server-webkit-retry1/video.webm
    ────────────────────────────────────────────────────────────────────────────────────────────────

    attachment #3: trace (application/zip) ─────────────────────────────────────────────────────────
    test-results/Effiziente-servers-Servers-Should-add-a-server-webkit-retry1/trace.zip
    Usage:

        npx playwright show-trace test-results/Effiziente-servers-Servers-Should-add-a-server-webkit-retry1/trace.zip

    ────────────────────────────────────────────────────────────────────────────────────────────────
]]>
</failure>
<system-out>
<![CDATA[
[[ATTACHMENT|../test-results/Effiziente-servers-Servers-Should-add-a-server-webkit/test-failed-1.png]]

[[ATTACHMENT|../test-results/Effiziente-servers-Servers-Should-add-a-server-webkit/video.webm]]

[[ATTACHMENT|../test-results/Effiziente-servers-Servers-Should-add-a-server-webkit/trace.zip]]

[[ATTACHMENT|../test-results/Effiziente-servers-Servers-Should-add-a-server-webkit-retry1/test-failed-1.png]]

[[ATTACHMENT|../test-results/Effiziente-servers-Servers-Should-add-a-server-webkit-retry1/video.webm]]

[[ATTACHMENT|../test-results/Effiziente-servers-Servers-Should-add-a-server-webkit-retry1/trace.zip]]
]]>
</system-out>
</testcase>
</testsuite>
<testsuite name="Effiziente/Synthetic/login.spec.ts" timestamp="2024-04-19T04:02:25.988Z" hostname="webkit" tests="1" failures="0" skipped="0" time="8.965" errors="0">
<testcase name="Synthetic login testing › Should show dashboard" classname="Effiziente/Synthetic/login.spec.ts" time="8.965">
</testcase>
</testsuite>
<testsuite name="Effiziente/Synthetic/menu.spec.ts" timestamp="2024-04-19T04:02:25.988Z" hostname="webkit" tests="1" failures="0" skipped="0" time="9.474" errors="0">
<testcase name="Synthetic testing › Should show dashboard" classname="Effiziente/Synthetic/menu.spec.ts" time="9.474">
<properties>
<property name="Navigation" value="Go to:https://effizientedemo.azurewebsites.net">
</property>
</properties>
</testcase>
</testsuite>
<testsuite name="Effiziente/ZeroStep/login.spec.ts" timestamp="2024-04-19T04:02:25.988Z" hostname="webkit" tests="1" failures="0" skipped="1" time="0.304" errors="0">
<testcase name="AI Zero Step › Should show dashboard after login" classname="Effiziente/ZeroStep/login.spec.ts" time="0.304">
<properties>
<property name="skip" value="Zero Steps only works in chromium">
</property>
</properties>
<skipped>
</skipped>
</testcase>
</testsuite>
<testsuite name="Google/searchLocale.spec.ts" timestamp="2024-04-19T04:02:25.988Z" hostname="webkit" tests="1" failures="0" skipped="0" time="1.564" errors="0">
<testcase name="Locale translations › Translations with locale and time zone id" classname="Google/searchLocale.spec.ts" time="1.564">
<properties>
<property name="Go To" value="Go to the page: &quot;https://www.google.com&quot;">
</property>
<property name="Assert" value="Search button text is equal to: &quot;Buscar con Google&quot;">
</property>
</properties>
</testcase>
</testsuite>
<testsuite name="SauceDemo/login.spec.ts" timestamp="2024-04-19T04:02:25.988Z" hostname="webkit" tests="1" failures="0" skipped="0" time="1.522" errors="0">
<testcase name="Login › Login with valid user load inventory page" classname="SauceDemo/login.spec.ts" time="1.522">
<properties>
<property name="Go To" value="Go to the page: &quot;https://www.saucedemo.com&quot;">
</property>
<property name="InputText" value="Fill: &quot;Username&quot; with value: &quot;standard_user&quot;">
</property>
<property name="InputPassword" value="Fill: &quot;Password with value: *****&quot;">
</property>
<property name="Button" value="Click: &quot;Login&quot;">
</property>
<property name="Assert" value="Check URL Page equal to: &quot;https://www.saucedemo.com/inventory.html&quot;">
</property>
</properties>
</testcase>
</testsuite>
<testsuite name="SauceDemo/loginLambdaTestFixture.spec.ts" timestamp="2024-04-19T04:02:25.988Z" hostname="webkit" tests="1" failures="0" skipped="0" time="0.844" errors="0">
<testcase name="Login › Login with valid user load inventory page" classname="SauceDemo/loginLambdaTestFixture.spec.ts" time="0.844">
<properties>
<property name="Go To" value="Go to the page: &quot;https://www.saucedemo.com&quot;">
</property>
<property name="InputText" value="Fill: &quot;Username&quot; with value: &quot;standard_user&quot;">
</property>
<property name="InputPassword" value="Fill: &quot;Password with value: *****&quot;">
</property>
<property name="Button" value="Click: &quot;Login&quot;">
</property>
<property name="Assert" value="Check URL Page equal to: &quot;https://www.saucedemo.com/inventory.html&quot;">
</property>
</properties>
</testcase>
</testsuite>
</testsuites>