<testsuites id="" name="" tests="36" failures="4" skipped="2" errors="0" time="259.498107">
<testsuite name="SauceDemo/loginLambdaTestFixture.spec.ts" timestamp="2024-04-20T04:28:27.528Z" hostname="chrome:latest:MacOS Catalina@lambdatest" tests="1" failures="0" skipped="0" time="9.521" errors="0">
<testcase name="Login › Login with valid user load inventory page" classname="SauceDemo/loginLambdaTestFixture.spec.ts" time="9.521">
<properties>
<property name="Go To" value="Go to the page: &quot;https://www.saucedemo.com&quot;">
</property>
<property name="InputText" value="Fill: &quot;Username&quot; with value: &quot;standard_user&quot;">
</property>
<property name="InputPassword" value="Fill: &quot;Password with value: *****&quot;">
</property>
<property name="Button" value="Click: &quot;Login&quot;">
</property>
<property name="Assert" value="Check URL Page equal to: &quot;https://www.saucedemo.com/inventory.html&quot;">
</property>
</properties>
</testcase>
</testsuite>
<testsuite name="SauceDemo/loginLambdaTestFixture.spec.ts" timestamp="2024-04-20T04:28:27.528Z" hostname="pw-webkit:latest:MacOS Monterey@lambdatest" tests="1" failures="0" skipped="0" time="16.559" errors="0">
<testcase name="Login › Login with valid user load inventory page" classname="SauceDemo/loginLambdaTestFixture.spec.ts" time="16.559">
<properties>
<property name="Go To" value="Go to the page: &quot;https://www.saucedemo.com&quot;">
</property>
<property name="InputText" value="Fill: &quot;Username&quot; with value: &quot;standard_user&quot;">
</property>
<property name="InputPassword" value="Fill: &quot;Password with value: *****&quot;">
</property>
<property name="Button" value="Click: &quot;Login&quot;">
</property>
<property name="Assert" value="Check URL Page equal to: &quot;https://www.saucedemo.com/inventory.html&quot;">
</property>
</properties>
</testcase>
</testsuite>
<testsuite name="SauceDemo/loginLambdaTestFixture.spec.ts" timestamp="2024-04-20T04:28:27.528Z" hostname="chrome:latest:Windows 10@lambdatest" tests="1" failures="0" skipped="0" time="31.591" errors="0">
<testcase name="Login › Login with valid user load inventory page" classname="SauceDemo/loginLambdaTestFixture.spec.ts" time="31.591">
<properties>
<property name="Go To" value="Go to the page: &quot;https://www.saucedemo.com&quot;">
</property>
<property name="InputText" value="Fill: &quot;Username&quot; with value: &quot;standard_user&quot;">
</property>
<property name="InputPassword" value="Fill: &quot;Password with value: *****&quot;">
</property>
<property name="Button" value="Click: &quot;Login&quot;">
</property>
<property name="Assert" value="Check URL Page equal to: &quot;https://www.saucedemo.com/inventory.html&quot;">
</property>
</properties>
</testcase>
</testsuite>
<testsuite name="Effiziente/Api/servers.spec.ts" timestamp="2024-04-20T04:28:27.528Z" hostname="chromium" tests="2" failures="1" skipped="0" time="12.134" errors="0">
<testcase name="Servers › Should add a server" classname="Effiziente/Api/servers.spec.ts" time="3.087">
<properties>
<property name="Go To" value="Go to the page: &quot;https://effizientedemo.azurewebsites.net/Security/servers&quot;">
</property>
<property name="Button" value="Click: &quot;Add&quot;">
</property>
<property name="InputText" value="Fill: &quot;&quot; with value: &quot;2&quot;">
</property>
<property name="InputText" value="Fill: &quot;&quot; with value: &quot;Harris - Reichert&quot;">
</property>
<property name="InputText" value="Fill: &quot;&quot; with value: &quot;https://medium-overshoot.com/&quot;">
</property>
<property name="Button" value="Click: &quot;Save&quot;">
</property>
<property name="Assert" value="Server id should be a number greater than 1">
</property>
<property name="Assert" value="Row with the key: 2 exists">
</property>
</properties>
</testcase>
<testcase name="Servers › Should edit a server" classname="Effiziente/Api/servers.spec.ts" time="9.047">
<properties>
<property name="Go To" value="Go to the page: &quot;https://effizientedemo.azurewebsites.net/Security/servers&quot;">
</property>
<property name="Go To" value="Go to the page: &quot;https://effizientedemo.azurewebsites.net/Security/servers&quot;">
</property>
<property name="InputText" value="Fill: &quot;key&quot; with value: &quot;4&quot;">
</property>
<property name="InputText" value="Fill: &quot;Name&quot; with value: &quot;Runolfsdottir - Metz&quot;">
</property>
<property name="InputText" value="Fill: &quot;Url&quot; with value: &quot;https://glamorous-bay.biz&quot;">
</property>
<property name="Button" value="Click: &quot;Save&quot;">
</property>
<property name="Assert" value="Success message is visible">
</property>
<property name="Assert" value="Row with the key: 4 exists">
</property>
</properties>
<failure message="servers.spec.ts:36:9 Should edit a server" type="FAILURE">
<![CDATA[  [chromium] › Effiziente/Api/servers.spec.ts:36:9 › Servers › Should edit a server ────────────────

    Error: The server name for the key: "4" is: "Stracke, Wiza and Schuster"

    expect(received).toBe(expected) // Object.is equality

    Expected: "Stracke, Wiza and Schuster"
    Received: "Hauck and Sons"

       at ../pages/Effiziente/serversPage.ts:77

      75 |         const rowValues = await this.table.getRowValues(row);
      76 |         assertDescription = `The server name for the key: "${key}" is: "${name}"`;
    > 77 |         expect(rowValues.Name, assertDescription).toBe(name);
         |                                                   ^
      78 |         assertDescription = `The server urls for the key: "${key}" is: "${url}"`;
      79 |         expect(rowValues.Url, assertDescription).toBe(url);
      80 |     }

        at ServersPage.checkRow (/home/runner/work/PlaywrightFramework/PlaywrightFramework/pages/Effiziente/serversPage.ts:77:51)
        at /home/runner/work/PlaywrightFramework/PlaywrightFramework/tests/Effiziente/Api/servers.spec.ts:61:9

    attachment #1: screenshot (image/png) ──────────────────────────────────────────────────────────
    test-results/Effiziente-Api-servers-Servers-Should-edit-a-server-chromium/test-failed-1.png
    ────────────────────────────────────────────────────────────────────────────────────────────────

    attachment #2: video (video/webm) ──────────────────────────────────────────────────────────────
    test-results/Effiziente-Api-servers-Servers-Should-edit-a-server-chromium/video.webm
    ────────────────────────────────────────────────────────────────────────────────────────────────

    attachment #3: trace (application/zip) ─────────────────────────────────────────────────────────
    test-results/Effiziente-Api-servers-Servers-Should-edit-a-server-chromium/trace.zip
    Usage:

        npx playwright show-trace test-results/Effiziente-Api-servers-Servers-Should-edit-a-server-chromium/trace.zip

    ────────────────────────────────────────────────────────────────────────────────────────────────

    Retry #1 ───────────────────────────────────────────────────────────────────────────────────────

    Error: The server name for the key: "4" is: "Runolfsdottir - Metz"

    expect(received).toBe(expected) // Object.is equality

    Expected: "Runolfsdottir - Metz"
    Received: "Hauck and Sons"

       at ../pages/Effiziente/serversPage.ts:77

      75 |         const rowValues = await this.table.getRowValues(row);
      76 |         assertDescription = `The server name for the key: "${key}" is: "${name}"`;
    > 77 |         expect(rowValues.Name, assertDescription).toBe(name);
         |                                                   ^
      78 |         assertDescription = `The server urls for the key: "${key}" is: "${url}"`;
      79 |         expect(rowValues.Url, assertDescription).toBe(url);
      80 |     }

        at ServersPage.checkRow (/home/runner/work/PlaywrightFramework/PlaywrightFramework/pages/Effiziente/serversPage.ts:77:51)
        at /home/runner/work/PlaywrightFramework/PlaywrightFramework/tests/Effiziente/Api/servers.spec.ts:61:9

    attachment #1: screenshot (image/png) ──────────────────────────────────────────────────────────
    test-results/Effiziente-Api-servers-Servers-Should-edit-a-server-chromium-retry1/test-failed-1.png
    ────────────────────────────────────────────────────────────────────────────────────────────────

    attachment #2: video (video/webm) ──────────────────────────────────────────────────────────────
    test-results/Effiziente-Api-servers-Servers-Should-edit-a-server-chromium-retry1/video.webm
    ────────────────────────────────────────────────────────────────────────────────────────────────

    attachment #3: trace (application/zip) ─────────────────────────────────────────────────────────
    test-results/Effiziente-Api-servers-Servers-Should-edit-a-server-chromium-retry1/trace.zip
    Usage:

        npx playwright show-trace test-results/Effiziente-Api-servers-Servers-Should-edit-a-server-chromium-retry1/trace.zip

    ────────────────────────────────────────────────────────────────────────────────────────────────
]]>
</failure>
<system-out>
<![CDATA[
[[ATTACHMENT|../test-results/Effiziente-Api-servers-Servers-Should-edit-a-server-chromium/test-failed-1.png]]

[[ATTACHMENT|../test-results/Effiziente-Api-servers-Servers-Should-edit-a-server-chromium/video.webm]]

[[ATTACHMENT|../test-results/Effiziente-Api-servers-Servers-Should-edit-a-server-chromium/trace.zip]]

[[ATTACHMENT|../test-results/Effiziente-Api-servers-Servers-Should-edit-a-server-chromium-retry1/test-failed-1.png]]

[[ATTACHMENT|../test-results/Effiziente-Api-servers-Servers-Should-edit-a-server-chromium-retry1/video.webm]]

[[ATTACHMENT|../test-results/Effiziente-Api-servers-Servers-Should-edit-a-server-chromium-retry1/trace.zip]]
]]>
</system-out>
</testcase>
</testsuite>
<testsuite name="Effiziente/dashboard.spec.ts" timestamp="2024-04-20T04:28:27.528Z" hostname="chromium" tests="1" failures="0" skipped="0" time="2.806" errors="0">
<testcase name="Check Dashboard › Should show dashboard" classname="Effiziente/dashboard.spec.ts" time="2.806">
<properties>
<property name="Mock" value="Modify the summary with fixed data">
</property>
<property name="Mock" value="Modify the &quot;Sumary Expiration&quot; with fixed data">
</property>
<property name="Mock" value="Modify the &quot;Top 5 delay&quot; with fixed data">
</property>
<property name="Mock" value="Modify the &quot;Top 5 total&quot; with fixed data">
</property>
<property name="Mock" value="Modify the &quot;Top 5 type&quot; with fixed data">
</property>
<property name="Mock" value="Modify the &quot;Top 10 Limit 1&quot; with fixed data">
</property>
<property name="Mock" value="Modify the &quot;Top 10 Limit 2&quot; with fixed data">
</property>
<property name="Mock" value="Modify the &quot;Top 10 Limit 3&quot; with fixed data">
</property>
<property name="Mock" value="Modify the &quot;Top 10 To Expire&quot; with fixed data">
</property>
<property name="Go To" value="Go to the page: &quot;https://effizientedemo.azurewebsites.net/AccountsReceivable/dashboard&quot;">
</property>
<property name="Step" value="Compare snapshot: dashboard.png with maxDiffPixelsRatio: 0.1">
</property>
</properties>
</testcase>
</testsuite>
<testsuite name="Effiziente/menu.spec.ts" timestamp="2024-04-20T04:28:27.528Z" hostname="chromium" tests="2" failures="0" skipped="0" time="7.441" errors="0">
<testcase name="Normal user › Should returns user menu" classname="Effiziente/menu.spec.ts" time="3.673">
<properties>
<property name="Go To" value="Go to the page: &quot;https://effizientedemo.azurewebsites.net/AccountsReceivable/dashboard&quot;">
</property>
<property name="PirmeFacesMenu" value="Get top menus">
</property>
<property name="Assert" value="Menu is equal to: AccountsReceivable,Config">
</property>
</properties>
</testcase>
<testcase name="Admin user › Should returns admin menu" classname="Effiziente/menu.spec.ts" time="3.768">
<properties>
<property name="Go To" value="Go to the page: &quot;https://effizientedemo.azurewebsites.net/AccountsReceivable/dashboard&quot;">
</property>
<property name="PirmeFacesMenu" value="Get top menus">
</property>
<property name="Assert" value="Menu is equal to:AccountsReceivable,Security,Config">
</property>
</properties>
</testcase>
</testsuite>
<testsuite name="Effiziente/Synthetic/login.spec.ts" timestamp="2024-04-20T04:28:27.528Z" hostname="chromium" tests="1" failures="0" skipped="0" time="3.819" errors="0">
<testcase name="Synthetic login testing › Should show dashboard" classname="Effiziente/Synthetic/login.spec.ts" time="3.819">
</testcase>
</testsuite>
<testsuite name="Effiziente/Synthetic/menu.spec.ts" timestamp="2024-04-20T04:28:27.528Z" hostname="chromium" tests="1" failures="0" skipped="0" time="4.91" errors="0">
<testcase name="Synthetic testing › Should show dashboard" classname="Effiziente/Synthetic/menu.spec.ts" time="4.91">
<properties>
<property name="Navigation" value="Go to:https://effizientedemo.azurewebsites.net">
</property>
</properties>
</testcase>
</testsuite>
<testsuite name="Effiziente/ZeroStep/login.spec.ts" timestamp="2024-04-20T04:28:27.528Z" hostname="chromium" tests="1" failures="0" skipped="0" time="13.737" errors="0">
<testcase name="AI Zero Step › Should show dashboard after login" classname="Effiziente/ZeroStep/login.spec.ts" time="13.737">
</testcase>
</testsuite>
<testsuite name="Google/searchLocale.spec.ts" timestamp="2024-04-20T04:28:27.528Z" hostname="chromium" tests="1" failures="0" skipped="0" time="1.247" errors="0">
<testcase name="Locale translations › Translations with locale and time zone id" classname="Google/searchLocale.spec.ts" time="1.247">
<properties>
<property name="Go To" value="Go to the page: &quot;https://www.google.com&quot;">
</property>
<property name="Assert" value="Search button text is equal to: &quot;Buscar con Google&quot;">
</property>
</properties>
</testcase>
</testsuite>
<testsuite name="SauceDemo/login.spec.ts" timestamp="2024-04-20T04:28:27.528Z" hostname="chromium" tests="1" failures="0" skipped="0" time="0.767" errors="0">
<testcase name="Login › Login with valid user load inventory page" classname="SauceDemo/login.spec.ts" time="0.767">
<properties>
<property name="Go To" value="Go to the page: &quot;https://www.saucedemo.com&quot;">
</property>
<property name="InputText" value="Fill: &quot;Username&quot; with value: &quot;standard_user&quot;">
</property>
<property name="InputPassword" value="Fill: &quot;Password with value: *****&quot;">
</property>
<property name="Button" value="Click: &quot;Login&quot;">
</property>
<property name="Assert" value="Check URL Page equal to: &quot;https://www.saucedemo.com/inventory.html&quot;">
</property>
</properties>
</testcase>
</testsuite>
<testsuite name="SauceDemo/loginLambdaTestFixture.spec.ts" timestamp="2024-04-20T04:28:27.528Z" hostname="chromium" tests="1" failures="0" skipped="0" time="0.654" errors="0">
<testcase name="Login › Login with valid user load inventory page" classname="SauceDemo/loginLambdaTestFixture.spec.ts" time="0.654">
<properties>
<property name="Go To" value="Go to the page: &quot;https://www.saucedemo.com&quot;">
</property>
<property name="InputText" value="Fill: &quot;Username&quot; with value: &quot;standard_user&quot;">
</property>
<property name="InputPassword" value="Fill: &quot;Password with value: *****&quot;">
</property>
<property name="Button" value="Click: &quot;Login&quot;">
</property>
<property name="Assert" value="Check URL Page equal to: &quot;https://www.saucedemo.com/inventory.html&quot;">
</property>
</properties>
</testcase>
</testsuite>
<testsuite name="Effiziente/Api/servers.spec.ts" timestamp="2024-04-20T04:28:27.528Z" hostname="firefox" tests="2" failures="1" skipped="0" time="98.773" errors="0">
<testcase name="Servers › Should add a server" classname="Effiziente/Api/servers.spec.ts" time="55.113">
<properties>
<property name="Go To" value="Go to the page: &quot;https://effizientedemo.azurewebsites.net/Security/servers&quot;">
</property>
<property name="Button" value="Click: &quot;Add&quot;">
</property>
<property name="InputText" value="Fill: &quot;&quot; with value: &quot;2&quot;">
</property>
<property name="InputText" value="Fill: &quot;&quot; with value: &quot;Ullrich, Schuster and Bradtke&quot;">
</property>
<property name="InputText" value="Fill: &quot;&quot; with value: &quot;https://grandiose-recognition.org&quot;">
</property>
<property name="Button" value="Click: &quot;Save&quot;">
</property>
</properties>
<failure message="servers.spec.ts:12:9 Should add a server" type="FAILURE">
<![CDATA[  [firefox] › Effiziente/Api/servers.spec.ts:12:9 › Servers › Should add a server ──────────────────

    TimeoutError: page.waitForResponse: Timeout 10000ms exceeded while waiting for event "response"

       at ../utils/ApiHelper.ts:32

      30 |      */
      31 |     waitForResponse(apiUrl: string, statusCode = 200, method: 'POST' | 'GET' | 'PUT' | 'DELETE' = 'GET') {
    > 32 |         const responsePromise = this.page.waitForResponse(response => response.url().includes(apiUrl) && response.request().method() == method
         |                                           ^
      33 |             && response.status() == statusCode);
      34 |         return responsePromise;
      35 |     }

        at ApiHelper.waitForResponse (/home/runner/work/PlaywrightFramework/PlaywrightFramework/utils/ApiHelper.ts:32:43)
        at ServerApi.waitForCreateServer (/home/runner/work/PlaywrightFramework/PlaywrightFramework/api/Effiziente/Server.api.ts:19:31)
        at /home/runner/work/PlaywrightFramework/PlaywrightFramework/pages/Effiziente/addServerPage.ts:28:58
        at AddServerPage.saveClick (/home/runner/work/PlaywrightFramework/PlaywrightFramework/pages/Effiziente/addServerPage.ts:27:27)
        at /home/runner/work/PlaywrightFramework/PlaywrightFramework/tests/Effiziente/Api/servers.spec.ts:25:34

    TimeoutError: page.waitForResponse: Timeout 10000ms exceeded while waiting for event "response"

       at ../utils/ApiHelper.ts:32

      30 |      */
      31 |     waitForResponse(apiUrl: string, statusCode = 200, method: 'POST' | 'GET' | 'PUT' | 'DELETE' = 'GET') {
    > 32 |         const responsePromise = this.page.waitForResponse(response => response.url().includes(apiUrl) && response.request().method() == method
         |                                           ^
      33 |             && response.status() == statusCode);
      34 |         return responsePromise;
      35 |     }

        at ApiHelper.waitForResponse (/home/runner/work/PlaywrightFramework/PlaywrightFramework/utils/ApiHelper.ts:32:43)
        at ServerApi.waitForGetServers (/home/runner/work/PlaywrightFramework/PlaywrightFramework/api/Effiziente/Server.api.ts:26:31)
        at /home/runner/work/PlaywrightFramework/PlaywrightFramework/pages/Effiziente/addServerPage.ts:29:55
        at AddServerPage.saveClick (/home/runner/work/PlaywrightFramework/PlaywrightFramework/pages/Effiziente/addServerPage.ts:27:27)
        at /home/runner/work/PlaywrightFramework/PlaywrightFramework/tests/Effiziente/Api/servers.spec.ts:25:34

    attachment #1: screenshot (image/png) ──────────────────────────────────────────────────────────
    test-results/Effiziente-Api-servers-Servers-Should-add-a-server-firefox/test-failed-1.png
    ────────────────────────────────────────────────────────────────────────────────────────────────

    attachment #2: video (video/webm) ──────────────────────────────────────────────────────────────
    test-results/Effiziente-Api-servers-Servers-Should-add-a-server-firefox/video.webm
    ────────────────────────────────────────────────────────────────────────────────────────────────

    attachment #3: trace (application/zip) ─────────────────────────────────────────────────────────
    test-results/Effiziente-Api-servers-Servers-Should-add-a-server-firefox/trace.zip
    Usage:

        npx playwright show-trace test-results/Effiziente-Api-servers-Servers-Should-add-a-server-firefox/trace.zip

    ────────────────────────────────────────────────────────────────────────────────────────────────

    Retry #1 ───────────────────────────────────────────────────────────────────────────────────────

    TimeoutError: page.waitForResponse: Timeout 10000ms exceeded while waiting for event "response"

       at ../utils/ApiHelper.ts:32

      30 |      */
      31 |     waitForResponse(apiUrl: string, statusCode = 200, method: 'POST' | 'GET' | 'PUT' | 'DELETE' = 'GET') {
    > 32 |         const responsePromise = this.page.waitForResponse(response => response.url().includes(apiUrl) && response.request().method() == method
         |                                           ^
      33 |             && response.status() == statusCode);
      34 |         return responsePromise;
      35 |     }

        at ApiHelper.waitForResponse (/home/runner/work/PlaywrightFramework/PlaywrightFramework/utils/ApiHelper.ts:32:43)
        at ServerApi.waitForCreateServer (/home/runner/work/PlaywrightFramework/PlaywrightFramework/api/Effiziente/Server.api.ts:19:31)
        at /home/runner/work/PlaywrightFramework/PlaywrightFramework/pages/Effiziente/addServerPage.ts:28:58
        at AddServerPage.saveClick (/home/runner/work/PlaywrightFramework/PlaywrightFramework/pages/Effiziente/addServerPage.ts:27:27)
        at /home/runner/work/PlaywrightFramework/PlaywrightFramework/tests/Effiziente/Api/servers.spec.ts:25:34

    attachment #1: screenshot (image/png) ──────────────────────────────────────────────────────────
    test-results/Effiziente-Api-servers-Servers-Should-add-a-server-firefox-retry1/test-failed-1.png
    ────────────────────────────────────────────────────────────────────────────────────────────────

    attachment #2: video (video/webm) ──────────────────────────────────────────────────────────────
    test-results/Effiziente-Api-servers-Servers-Should-add-a-server-firefox-retry1/video.webm
    ────────────────────────────────────────────────────────────────────────────────────────────────

    attachment #3: trace (application/zip) ─────────────────────────────────────────────────────────
    test-results/Effiziente-Api-servers-Servers-Should-add-a-server-firefox-retry1/trace.zip
    Usage:

        npx playwright show-trace test-results/Effiziente-Api-servers-Servers-Should-add-a-server-firefox-retry1/trace.zip

    ────────────────────────────────────────────────────────────────────────────────────────────────
]]>
</failure>
<system-out>
<![CDATA[
[[ATTACHMENT|../test-results/Effiziente-Api-servers-Servers-Should-add-a-server-firefox/test-failed-1.png]]

[[ATTACHMENT|../test-results/Effiziente-Api-servers-Servers-Should-add-a-server-firefox/video.webm]]

[[ATTACHMENT|../test-results/Effiziente-Api-servers-Servers-Should-add-a-server-firefox/trace.zip]]

[[ATTACHMENT|../test-results/Effiziente-Api-servers-Servers-Should-add-a-server-firefox-retry1/test-failed-1.png]]

[[ATTACHMENT|../test-results/Effiziente-Api-servers-Servers-Should-add-a-server-firefox-retry1/video.webm]]

[[ATTACHMENT|../test-results/Effiziente-Api-servers-Servers-Should-add-a-server-firefox-retry1/trace.zip]]
]]>
</system-out>
</testcase>
<testcase name="Servers › Should edit a server" classname="Effiziente/Api/servers.spec.ts" time="43.66">
<properties>
<property name="Go To" value="Go to the page: &quot;https://effizientedemo.azurewebsites.net/Security/servers&quot;">
</property>
<property name="Go To" value="Go to the page: &quot;https://effizientedemo.azurewebsites.net/Security/servers&quot;">
</property>
<property name="InputText" value="Fill: &quot;key&quot; with value: &quot;4&quot;">
</property>
<property name="InputText" value="Fill: &quot;Name&quot; with value: &quot;Aufderhar - Shields&quot;">
</property>
<property name="InputText" value="Fill: &quot;Url&quot; with value: &quot;https://rash-daily.org&quot;">
</property>
<property name="Button" value="Click: &quot;Save&quot;">
</property>
<property name="Assert" value="Success message is visible">
</property>
<property name="Assert" value="Row with the key: 4 exists">
</property>
</properties>
</testcase>
</testsuite>
<testsuite name="Effiziente/dashboard.spec.ts" timestamp="2024-04-20T04:28:27.528Z" hostname="firefox" tests="1" failures="0" skipped="0" time="21.278" errors="0">
<testcase name="Check Dashboard › Should show dashboard" classname="Effiziente/dashboard.spec.ts" time="21.278">
<properties>
<property name="Mock" value="Modify the summary with fixed data">
</property>
<property name="Mock" value="Modify the &quot;Sumary Expiration&quot; with fixed data">
</property>
<property name="Mock" value="Modify the &quot;Top 5 delay&quot; with fixed data">
</property>
<property name="Mock" value="Modify the &quot;Top 5 total&quot; with fixed data">
</property>
<property name="Mock" value="Modify the &quot;Top 5 type&quot; with fixed data">
</property>
<property name="Mock" value="Modify the &quot;Top 10 Limit 1&quot; with fixed data">
</property>
<property name="Mock" value="Modify the &quot;Top 10 Limit 2&quot; with fixed data">
</property>
<property name="Mock" value="Modify the &quot;Top 10 Limit 3&quot; with fixed data">
</property>
<property name="Mock" value="Modify the &quot;Top 10 To Expire&quot; with fixed data">
</property>
<property name="Go To" value="Go to the page: &quot;https://effizientedemo.azurewebsites.net/AccountsReceivable/dashboard&quot;">
</property>
<property name="Step" value="Compare snapshot: dashboard.png with maxDiffPixelsRatio: 0.1">
</property>
</properties>
</testcase>
</testsuite>
<testsuite name="Effiziente/menu.spec.ts" timestamp="2024-04-20T04:28:27.528Z" hostname="firefox" tests="2" failures="0" skipped="0" time="40.75" errors="0">
<testcase name="Normal user › Should returns user menu" classname="Effiziente/menu.spec.ts" time="23.472">
<properties>
<property name="Go To" value="Go to the page: &quot;https://effizientedemo.azurewebsites.net/AccountsReceivable/dashboard&quot;">
</property>
<property name="PirmeFacesMenu" value="Get top menus">
</property>
<property name="Assert" value="Menu is equal to: AccountsReceivable,Config">
</property>
</properties>
</testcase>
<testcase name="Admin user › Should returns admin menu" classname="Effiziente/menu.spec.ts" time="17.278">
<properties>
<property name="Go To" value="Go to the page: &quot;https://effizientedemo.azurewebsites.net/AccountsReceivable/dashboard&quot;">
</property>
<property name="PirmeFacesMenu" value="Get top menus">
</property>
<property name="Assert" value="Menu is equal to:AccountsReceivable,Security,Config">
</property>
</properties>
</testcase>
</testsuite>
<testsuite name="Effiziente/Synthetic/login.spec.ts" timestamp="2024-04-20T04:28:27.528Z" hostname="firefox" tests="1" failures="0" skipped="0" time="53.131" errors="0">
<testcase name="Synthetic login testing › Should show dashboard" classname="Effiziente/Synthetic/login.spec.ts" time="53.131">
<system-out>
<![CDATA[
[[ATTACHMENT|../test-results/Effiziente-Synthetic-login-649ce-sting-Should-show-dashboard-firefox/test-failed-1.png]]

[[ATTACHMENT|../test-results/Effiziente-Synthetic-login-649ce-sting-Should-show-dashboard-firefox/video.webm]]

[[ATTACHMENT|../test-results/Effiziente-Synthetic-login-649ce-sting-Should-show-dashboard-firefox/trace.zip]]
]]>
</system-out>
</testcase>
</testsuite>
<testsuite name="Effiziente/Synthetic/menu.spec.ts" timestamp="2024-04-20T04:28:27.528Z" hostname="firefox" tests="1" failures="0" skipped="0" time="32.315" errors="0">
<testcase name="Synthetic testing › Should show dashboard" classname="Effiziente/Synthetic/menu.spec.ts" time="32.315">
<properties>
<property name="Navigation" value="Go to:https://effizientedemo.azurewebsites.net">
</property>
</properties>
</testcase>
</testsuite>
<testsuite name="Effiziente/ZeroStep/login.spec.ts" timestamp="2024-04-20T04:28:27.528Z" hostname="firefox" tests="1" failures="0" skipped="1" time="0.269" errors="0">
<testcase name="AI Zero Step › Should show dashboard after login" classname="Effiziente/ZeroStep/login.spec.ts" time="0.269">
<properties>
<property name="skip" value="Zero Steps only works in chromium">
</property>
</properties>
<skipped>
</skipped>
</testcase>
</testsuite>
<testsuite name="Google/searchLocale.spec.ts" timestamp="2024-04-20T04:28:27.528Z" hostname="firefox" tests="1" failures="0" skipped="0" time="1.615" errors="0">
<testcase name="Locale translations › Translations with locale and time zone id" classname="Google/searchLocale.spec.ts" time="1.615">
<properties>
<property name="Go To" value="Go to the page: &quot;https://www.google.com&quot;">
</property>
<property name="Assert" value="Search button text is equal to: &quot;Buscar con Google&quot;">
</property>
</properties>
</testcase>
</testsuite>
<testsuite name="SauceDemo/login.spec.ts" timestamp="2024-04-20T04:28:27.528Z" hostname="firefox" tests="1" failures="0" skipped="0" time="1.009" errors="0">
<testcase name="Login › Login with valid user load inventory page" classname="SauceDemo/login.spec.ts" time="1.009">
<properties>
<property name="Go To" value="Go to the page: &quot;https://www.saucedemo.com&quot;">
</property>
<property name="InputText" value="Fill: &quot;Username&quot; with value: &quot;standard_user&quot;">
</property>
<property name="InputPassword" value="Fill: &quot;Password with value: *****&quot;">
</property>
<property name="Button" value="Click: &quot;Login&quot;">
</property>
<property name="Assert" value="Check URL Page equal to: &quot;https://www.saucedemo.com/inventory.html&quot;">
</property>
</properties>
</testcase>
</testsuite>
<testsuite name="SauceDemo/loginLambdaTestFixture.spec.ts" timestamp="2024-04-20T04:28:27.528Z" hostname="firefox" tests="1" failures="0" skipped="0" time="0.676" errors="0">
<testcase name="Login › Login with valid user load inventory page" classname="SauceDemo/loginLambdaTestFixture.spec.ts" time="0.676">
<properties>
<property name="Go To" value="Go to the page: &quot;https://www.saucedemo.com&quot;">
</property>
<property name="InputText" value="Fill: &quot;Username&quot; with value: &quot;standard_user&quot;">
</property>
<property name="InputPassword" value="Fill: &quot;Password with value: *****&quot;">
</property>
<property name="Button" value="Click: &quot;Login&quot;">
</property>
<property name="Assert" value="Check URL Page equal to: &quot;https://www.saucedemo.com/inventory.html&quot;">
</property>
</properties>
</testcase>
</testsuite>
<testsuite name="Effiziente/Api/servers.spec.ts" timestamp="2024-04-20T04:28:27.528Z" hostname="webkit" tests="2" failures="2" skipped="0" time="88.343" errors="0">
<testcase name="Servers › Should add a server" classname="Effiziente/Api/servers.spec.ts" time="41.818">
<properties>
<property name="Go To" value="Go to the page: &quot;https://effizientedemo.azurewebsites.net/Security/servers&quot;">
</property>
<property name="Button" value="Click: &quot;Add&quot;">
</property>
<property name="InputText" value="Fill: &quot;&quot; with value: &quot;2&quot;">
</property>
<property name="InputText" value="Fill: &quot;&quot; with value: &quot;Gutmann, McGlynn and Kihn&quot;">
</property>
<property name="InputText" value="Fill: &quot;&quot; with value: &quot;https://wet-aquifer.org&quot;">
</property>
<property name="Button" value="Click: &quot;Save&quot;">
</property>
</properties>
<failure message="servers.spec.ts:12:9 Should add a server" type="FAILURE">
<![CDATA[  [webkit] › Effiziente/Api/servers.spec.ts:12:9 › Servers › Should add a server ───────────────────

    TimeoutError: page.waitForResponse: Timeout 10000ms exceeded while waiting for event "response"

       at ../utils/ApiHelper.ts:32

      30 |      */
      31 |     waitForResponse(apiUrl: string, statusCode = 200, method: 'POST' | 'GET' | 'PUT' | 'DELETE' = 'GET') {
    > 32 |         const responsePromise = this.page.waitForResponse(response => response.url().includes(apiUrl) && response.request().method() == method
         |                                           ^
      33 |             && response.status() == statusCode);
      34 |         return responsePromise;
      35 |     }

        at ApiHelper.waitForResponse (/home/runner/work/PlaywrightFramework/PlaywrightFramework/utils/ApiHelper.ts:32:43)
        at ServerApi.waitForCreateServer (/home/runner/work/PlaywrightFramework/PlaywrightFramework/api/Effiziente/Server.api.ts:19:31)
        at /home/runner/work/PlaywrightFramework/PlaywrightFramework/pages/Effiziente/addServerPage.ts:28:58
        at AddServerPage.saveClick (/home/runner/work/PlaywrightFramework/PlaywrightFramework/pages/Effiziente/addServerPage.ts:27:27)
        at /home/runner/work/PlaywrightFramework/PlaywrightFramework/tests/Effiziente/Api/servers.spec.ts:25:34

    TimeoutError: page.waitForResponse: Timeout 10000ms exceeded while waiting for event "response"

       at ../utils/ApiHelper.ts:32

      30 |      */
      31 |     waitForResponse(apiUrl: string, statusCode = 200, method: 'POST' | 'GET' | 'PUT' | 'DELETE' = 'GET') {
    > 32 |         const responsePromise = this.page.waitForResponse(response => response.url().includes(apiUrl) && response.request().method() == method
         |                                           ^
      33 |             && response.status() == statusCode);
      34 |         return responsePromise;
      35 |     }

        at ApiHelper.waitForResponse (/home/runner/work/PlaywrightFramework/PlaywrightFramework/utils/ApiHelper.ts:32:43)
        at ServerApi.waitForGetServers (/home/runner/work/PlaywrightFramework/PlaywrightFramework/api/Effiziente/Server.api.ts:26:31)
        at /home/runner/work/PlaywrightFramework/PlaywrightFramework/pages/Effiziente/addServerPage.ts:29:55
        at AddServerPage.saveClick (/home/runner/work/PlaywrightFramework/PlaywrightFramework/pages/Effiziente/addServerPage.ts:27:27)
        at /home/runner/work/PlaywrightFramework/PlaywrightFramework/tests/Effiziente/Api/servers.spec.ts:25:34

    attachment #1: screenshot (image/png) ──────────────────────────────────────────────────────────
    test-results/Effiziente-Api-servers-Servers-Should-add-a-server-webkit/test-failed-1.png
    ────────────────────────────────────────────────────────────────────────────────────────────────

    attachment #2: video (video/webm) ──────────────────────────────────────────────────────────────
    test-results/Effiziente-Api-servers-Servers-Should-add-a-server-webkit/video.webm
    ────────────────────────────────────────────────────────────────────────────────────────────────

    attachment #3: trace (application/zip) ─────────────────────────────────────────────────────────
    test-results/Effiziente-Api-servers-Servers-Should-add-a-server-webkit/trace.zip
    Usage:

        npx playwright show-trace test-results/Effiziente-Api-servers-Servers-Should-add-a-server-webkit/trace.zip

    ────────────────────────────────────────────────────────────────────────────────────────────────

    Retry #1 ───────────────────────────────────────────────────────────────────────────────────────

    TimeoutError: page.waitForResponse: Timeout 10000ms exceeded while waiting for event "response"

       at ../utils/ApiHelper.ts:32

      30 |      */
      31 |     waitForResponse(apiUrl: string, statusCode = 200, method: 'POST' | 'GET' | 'PUT' | 'DELETE' = 'GET') {
    > 32 |         const responsePromise = this.page.waitForResponse(response => response.url().includes(apiUrl) && response.request().method() == method
         |                                           ^
      33 |             && response.status() == statusCode);
      34 |         return responsePromise;
      35 |     }

        at ApiHelper.waitForResponse (/home/runner/work/PlaywrightFramework/PlaywrightFramework/utils/ApiHelper.ts:32:43)
        at ServerApi.waitForCreateServer (/home/runner/work/PlaywrightFramework/PlaywrightFramework/api/Effiziente/Server.api.ts:19:31)
        at /home/runner/work/PlaywrightFramework/PlaywrightFramework/pages/Effiziente/addServerPage.ts:28:58
        at AddServerPage.saveClick (/home/runner/work/PlaywrightFramework/PlaywrightFramework/pages/Effiziente/addServerPage.ts:27:27)
        at /home/runner/work/PlaywrightFramework/PlaywrightFramework/tests/Effiziente/Api/servers.spec.ts:25:34

    TimeoutError: page.waitForResponse: Timeout 10000ms exceeded while waiting for event "response"

       at ../utils/ApiHelper.ts:32

      30 |      */
      31 |     waitForResponse(apiUrl: string, statusCode = 200, method: 'POST' | 'GET' | 'PUT' | 'DELETE' = 'GET') {
    > 32 |         const responsePromise = this.page.waitForResponse(response => response.url().includes(apiUrl) && response.request().method() == method
         |                                           ^
      33 |             && response.status() == statusCode);
      34 |         return responsePromise;
      35 |     }

        at ApiHelper.waitForResponse (/home/runner/work/PlaywrightFramework/PlaywrightFramework/utils/ApiHelper.ts:32:43)
        at ServerApi.waitForGetServers (/home/runner/work/PlaywrightFramework/PlaywrightFramework/api/Effiziente/Server.api.ts:26:31)
        at /home/runner/work/PlaywrightFramework/PlaywrightFramework/pages/Effiziente/addServerPage.ts:29:55
        at AddServerPage.saveClick (/home/runner/work/PlaywrightFramework/PlaywrightFramework/pages/Effiziente/addServerPage.ts:27:27)
        at /home/runner/work/PlaywrightFramework/PlaywrightFramework/tests/Effiziente/Api/servers.spec.ts:25:34

    attachment #1: video (video/webm) ──────────────────────────────────────────────────────────────
    test-results/Effiziente-Api-servers-Servers-Should-add-a-server-webkit-retry1/video.webm
    ────────────────────────────────────────────────────────────────────────────────────────────────

    attachment #2: trace (application/zip) ─────────────────────────────────────────────────────────
    test-results/Effiziente-Api-servers-Servers-Should-add-a-server-webkit-retry1/trace.zip
    Usage:

        npx playwright show-trace test-results/Effiziente-Api-servers-Servers-Should-add-a-server-webkit-retry1/trace.zip

    ────────────────────────────────────────────────────────────────────────────────────────────────
]]>
</failure>
<system-out>
<![CDATA[
[[ATTACHMENT|../test-results/Effiziente-Api-servers-Servers-Should-add-a-server-webkit/test-failed-1.png]]

[[ATTACHMENT|../test-results/Effiziente-Api-servers-Servers-Should-add-a-server-webkit/video.webm]]

[[ATTACHMENT|../test-results/Effiziente-Api-servers-Servers-Should-add-a-server-webkit/trace.zip]]

[[ATTACHMENT|../test-results/Effiziente-Api-servers-Servers-Should-add-a-server-webkit-retry1/video.webm]]

[[ATTACHMENT|../test-results/Effiziente-Api-servers-Servers-Should-add-a-server-webkit-retry1/trace.zip]]
]]>
</system-out>
</testcase>
<testcase name="Servers › Should edit a server" classname="Effiziente/Api/servers.spec.ts" time="46.525">
<properties>
<property name="Go To" value="Go to the page: &quot;https://effizientedemo.azurewebsites.net/Security/servers&quot;">
</property>
<property name="Go To" value="Go to the page: &quot;https://effizientedemo.azurewebsites.net/Security/servers&quot;">
</property>
<property name="InputText" value="Fill: &quot;key&quot; with value: &quot;4&quot;">
</property>
<property name="InputText" value="Fill: &quot;Name&quot; with value: &quot;Flatley Group&quot;">
</property>
<property name="InputText" value="Fill: &quot;Url&quot; with value: &quot;https://easy-going-doubter.name/&quot;">
</property>
<property name="Button" value="Click: &quot;Save&quot;">
</property>
<property name="Assert" value="Success message is visible">
</property>
</properties>
<failure message="servers.spec.ts:36:9 Should edit a server" type="FAILURE">
<![CDATA[  [webkit] › Effiziente/Api/servers.spec.ts:36:9 › Servers › Should edit a server ──────────────────

    TimeoutError: locator.click: Timeout 10000ms exceeded.
    Call log:
      - waiting for getByRole('row', { name: '3' }).locator('[aria-label="Edit"]')


       at ../components/TableComponent.ts:21

      19 |     async clickInEditByKey(keyValue: number) {
      20 |         const row = this.page.getByRole('row', { name: keyValue.toString() });
    > 21 |         await row?.locator('[aria-label="Edit"]').click();
         |                                                   ^
      22 |     }
      23 |
      24 |     /**

        at Table.clickInEditByKey (/home/runner/work/PlaywrightFramework/PlaywrightFramework/components/TableComponent.ts:21:51)
        at /home/runner/work/PlaywrightFramework/PlaywrightFramework/tests/Effiziente/Api/servers.spec.ts:53:33

    attachment #1: screenshot (image/png) ──────────────────────────────────────────────────────────
    test-results/Effiziente-Api-servers-Servers-Should-edit-a-server-webkit/test-failed-1.png
    ────────────────────────────────────────────────────────────────────────────────────────────────

    attachment #2: video (video/webm) ──────────────────────────────────────────────────────────────
    test-results/Effiziente-Api-servers-Servers-Should-edit-a-server-webkit/video.webm
    ────────────────────────────────────────────────────────────────────────────────────────────────

    attachment #3: trace (application/zip) ─────────────────────────────────────────────────────────
    test-results/Effiziente-Api-servers-Servers-Should-edit-a-server-webkit/trace.zip
    Usage:

        npx playwright show-trace test-results/Effiziente-Api-servers-Servers-Should-edit-a-server-webkit/trace.zip

    ────────────────────────────────────────────────────────────────────────────────────────────────

    Retry #1 ───────────────────────────────────────────────────────────────────────────────────────

    TimeoutError: locator.innerText: Timeout 10000ms exceeded.
    Call log:
      - waiting for locator('tbody > tr').nth(10).locator('td').last()


       at ../components/TableComponent.ts:54

      52 |         for (let i = 0; i < totalRows; i++) {
      53 |             const row = this.page.locator('tbody > tr').nth(i);
    > 54 |             const columnValue = await row.locator('td').nth(index).innerText();
         |                                                                    ^
      55 |             if (columnValue == value)
      56 |                 return row;
      57 |         }

        at Table.getRowByColumnIndex (/home/runner/work/PlaywrightFramework/PlaywrightFramework/components/TableComponent.ts:54:68)
        at Table.getRowBykey (/home/runner/work/PlaywrightFramework/PlaywrightFramework/components/TableComponent.ts:77:21)
        at ServersPage.checkRow (/home/runner/work/PlaywrightFramework/PlaywrightFramework/pages/Effiziente/serversPage.ts:70:21)
        at /home/runner/work/PlaywrightFramework/PlaywrightFramework/tests/Effiziente/Api/servers.spec.ts:61:9

    attachment #1: screenshot (image/png) ──────────────────────────────────────────────────────────
    test-results/Effiziente-Api-servers-Servers-Should-edit-a-server-webkit-retry1/test-failed-1.png
    ────────────────────────────────────────────────────────────────────────────────────────────────

    attachment #2: video (video/webm) ──────────────────────────────────────────────────────────────
    test-results/Effiziente-Api-servers-Servers-Should-edit-a-server-webkit-retry1/video.webm
    ────────────────────────────────────────────────────────────────────────────────────────────────

    attachment #3: trace (application/zip) ─────────────────────────────────────────────────────────
    test-results/Effiziente-Api-servers-Servers-Should-edit-a-server-webkit-retry1/trace.zip
    Usage:

        npx playwright show-trace test-results/Effiziente-Api-servers-Servers-Should-edit-a-server-webkit-retry1/trace.zip

    ────────────────────────────────────────────────────────────────────────────────────────────────
]]>
</failure>
<system-out>
<![CDATA[
[[ATTACHMENT|../test-results/Effiziente-Api-servers-Servers-Should-edit-a-server-webkit/test-failed-1.png]]

[[ATTACHMENT|../test-results/Effiziente-Api-servers-Servers-Should-edit-a-server-webkit/video.webm]]

[[ATTACHMENT|../test-results/Effiziente-Api-servers-Servers-Should-edit-a-server-webkit/trace.zip]]

[[ATTACHMENT|../test-results/Effiziente-Api-servers-Servers-Should-edit-a-server-webkit-retry1/test-failed-1.png]]

[[ATTACHMENT|../test-results/Effiziente-Api-servers-Servers-Should-edit-a-server-webkit-retry1/video.webm]]

[[ATTACHMENT|../test-results/Effiziente-Api-servers-Servers-Should-edit-a-server-webkit-retry1/trace.zip]]
]]>
</system-out>
</testcase>
</testsuite>
<testsuite name="Effiziente/dashboard.spec.ts" timestamp="2024-04-20T04:28:27.528Z" hostname="webkit" tests="1" failures="0" skipped="0" time="6.603" errors="0">
<testcase name="Check Dashboard › Should show dashboard" classname="Effiziente/dashboard.spec.ts" time="6.603">
<properties>
<property name="Mock" value="Modify the summary with fixed data">
</property>
<property name="Mock" value="Modify the &quot;Sumary Expiration&quot; with fixed data">
</property>
<property name="Mock" value="Modify the &quot;Top 5 delay&quot; with fixed data">
</property>
<property name="Mock" value="Modify the &quot;Top 5 total&quot; with fixed data">
</property>
<property name="Mock" value="Modify the &quot;Top 5 type&quot; with fixed data">
</property>
<property name="Mock" value="Modify the &quot;Top 10 Limit 1&quot; with fixed data">
</property>
<property name="Mock" value="Modify the &quot;Top 10 Limit 2&quot; with fixed data">
</property>
<property name="Mock" value="Modify the &quot;Top 10 Limit 3&quot; with fixed data">
</property>
<property name="Mock" value="Modify the &quot;Top 10 To Expire&quot; with fixed data">
</property>
<property name="Go To" value="Go to the page: &quot;https://effizientedemo.azurewebsites.net/AccountsReceivable/dashboard&quot;">
</property>
<property name="Step" value="Compare snapshot: dashboard.png with maxDiffPixelsRatio: 0.1">
</property>
</properties>
</testcase>
</testsuite>
<testsuite name="Effiziente/menu.spec.ts" timestamp="2024-04-20T04:28:27.528Z" hostname="webkit" tests="2" failures="0" skipped="0" time="11.945" errors="0">
<testcase name="Normal user › Should returns user menu" classname="Effiziente/menu.spec.ts" time="5.025">
<properties>
<property name="Go To" value="Go to the page: &quot;https://effizientedemo.azurewebsites.net/AccountsReceivable/dashboard&quot;">
</property>
<property name="PirmeFacesMenu" value="Get top menus">
</property>
<property name="Assert" value="Menu is equal to: AccountsReceivable,Config">
</property>
</properties>
</testcase>
<testcase name="Admin user › Should returns admin menu" classname="Effiziente/menu.spec.ts" time="6.92">
<properties>
<property name="Go To" value="Go to the page: &quot;https://effizientedemo.azurewebsites.net/AccountsReceivable/dashboard&quot;">
</property>
<property name="PirmeFacesMenu" value="Get top menus">
</property>
<property name="Assert" value="Menu is equal to:AccountsReceivable,Security,Config">
</property>
</properties>
</testcase>
</testsuite>
<testsuite name="Effiziente/Synthetic/login.spec.ts" timestamp="2024-04-20T04:28:27.528Z" hostname="webkit" tests="1" failures="0" skipped="0" time="9.137" errors="0">
<testcase name="Synthetic login testing › Should show dashboard" classname="Effiziente/Synthetic/login.spec.ts" time="9.137">
</testcase>
</testsuite>
<testsuite name="Effiziente/Synthetic/menu.spec.ts" timestamp="2024-04-20T04:28:27.528Z" hostname="webkit" tests="1" failures="0" skipped="0" time="10.107" errors="0">
<testcase name="Synthetic testing › Should show dashboard" classname="Effiziente/Synthetic/menu.spec.ts" time="10.107">
<properties>
<property name="Navigation" value="Go to:https://effizientedemo.azurewebsites.net">
</property>
</properties>
</testcase>
</testsuite>
<testsuite name="Effiziente/ZeroStep/login.spec.ts" timestamp="2024-04-20T04:28:27.528Z" hostname="webkit" tests="1" failures="0" skipped="1" time="0.405" errors="0">
<testcase name="AI Zero Step › Should show dashboard after login" classname="Effiziente/ZeroStep/login.spec.ts" time="0.405">
<properties>
<property name="skip" value="Zero Steps only works in chromium">
</property>
</properties>
<skipped>
</skipped>
</testcase>
</testsuite>
<testsuite name="Google/searchLocale.spec.ts" timestamp="2024-04-20T04:28:27.528Z" hostname="webkit" tests="1" failures="0" skipped="0" time="2.339" errors="0">
<testcase name="Locale translations › Translations with locale and time zone id" classname="Google/searchLocale.spec.ts" time="2.339">
<properties>
<property name="Go To" value="Go to the page: &quot;https://www.google.com&quot;">
</property>
<property name="Assert" value="Search button text is equal to: &quot;Buscar con Google&quot;">
</property>
</properties>
</testcase>
</testsuite>
<testsuite name="SauceDemo/login.spec.ts" timestamp="2024-04-20T04:28:27.528Z" hostname="webkit" tests="1" failures="0" skipped="0" time="2.116" errors="0">
<testcase name="Login › Login with valid user load inventory page" classname="SauceDemo/login.spec.ts" time="2.116">
<properties>
<property name="Go To" value="Go to the page: &quot;https://www.saucedemo.com&quot;">
</property>
<property name="InputText" value="Fill: &quot;Username&quot; with value: &quot;standard_user&quot;">
</property>
<property name="InputPassword" value="Fill: &quot;Password with value: *****&quot;">
</property>
<property name="Button" value="Click: &quot;Login&quot;">
</property>
<property name="Assert" value="Check URL Page equal to: &quot;https://www.saucedemo.com/inventory.html&quot;">
</property>
</properties>
</testcase>
</testsuite>
<testsuite name="SauceDemo/loginLambdaTestFixture.spec.ts" timestamp="2024-04-20T04:28:27.528Z" hostname="webkit" tests="1" failures="0" skipped="0" time="0.71" errors="0">
<testcase name="Login › Login with valid user load inventory page" classname="SauceDemo/loginLambdaTestFixture.spec.ts" time="0.71">
<properties>
<property name="Go To" value="Go to the page: &quot;https://www.saucedemo.com&quot;">
</property>
<property name="InputText" value="Fill: &quot;Username&quot; with value: &quot;standard_user&quot;">
</property>
<property name="InputPassword" value="Fill: &quot;Password with value: *****&quot;">
</property>
<property name="Button" value="Click: &quot;Login&quot;">
</property>
<property name="Assert" value="Check URL Page equal to: &quot;https://www.saucedemo.com/inventory.html&quot;">
</property>
</properties>
</testcase>
</testsuite>
</testsuites>