<testsuites id="" name="" tests="30" failures="2" skipped="0" errors="0" time="101.652663">
<testsuite name="SauceDemo/loginLambdaTestFixture.spec.ts" timestamp="2024-03-27T00:25:22.871Z" hostname="chrome:latest:MacOS Catalina@lambdatest" tests="1" failures="0" skipped="0" time="9.345" errors="0">
<testcase name="Login › Login with valid user load inventory page" classname="SauceDemo/loginLambdaTestFixture.spec.ts" time="9.345">
<properties>
<property name="Go To" value="Go to the page: &quot;https://www.saucedemo.com&quot;">
</property>
<property name="InputText" value="Fill: &quot;Username&quot; with value: &quot;standard_user&quot;">
</property>
<property name="InputPassword" value="Fill: &quot;Password with value: *****&quot;">
</property>
<property name="Button" value="Click: &quot;Login&quot;">
</property>
<property name="Assert" value="Check URL Page equal to: &quot;https://www.saucedemo.com/inventory.html&quot;">
</property>
</properties>
</testcase>
</testsuite>
<testsuite name="SauceDemo/loginLambdaTestFixture.spec.ts" timestamp="2024-03-27T00:25:22.871Z" hostname="pw-webkit:latest:MacOS Monterey@lambdatest" tests="1" failures="0" skipped="0" time="4.925" errors="0">
<testcase name="Login › Login with valid user load inventory page" classname="SauceDemo/loginLambdaTestFixture.spec.ts" time="4.925">
<properties>
<property name="Go To" value="Go to the page: &quot;https://www.saucedemo.com&quot;">
</property>
<property name="InputText" value="Fill: &quot;Username&quot; with value: &quot;standard_user&quot;">
</property>
<property name="InputPassword" value="Fill: &quot;Password with value: *****&quot;">
</property>
<property name="Button" value="Click: &quot;Login&quot;">
</property>
<property name="Assert" value="Check URL Page equal to: &quot;https://www.saucedemo.com/inventory.html&quot;">
</property>
</properties>
</testcase>
</testsuite>
<testsuite name="SauceDemo/loginLambdaTestFixture.spec.ts" timestamp="2024-03-27T00:25:22.871Z" hostname="chrome:latest:Windows 10@lambdatest" tests="1" failures="0" skipped="0" time="20.464" errors="0">
<testcase name="Login › Login with valid user load inventory page" classname="SauceDemo/loginLambdaTestFixture.spec.ts" time="20.464">
<properties>
<property name="Go To" value="Go to the page: &quot;https://www.saucedemo.com&quot;">
</property>
<property name="InputText" value="Fill: &quot;Username&quot; with value: &quot;standard_user&quot;">
</property>
<property name="InputPassword" value="Fill: &quot;Password with value: *****&quot;">
</property>
<property name="Button" value="Click: &quot;Login&quot;">
</property>
<property name="Assert" value="Check URL Page equal to: &quot;https://www.saucedemo.com/inventory.html&quot;">
</property>
</properties>
</testcase>
</testsuite>
<testsuite name="Effiziente/dashboard.spec.ts" timestamp="2024-03-27T00:25:22.871Z" hostname="chromium" tests="1" failures="0" skipped="0" time="2.19" errors="0">
<testcase name="Check Dashboard › Should show dashboard" classname="Effiziente/dashboard.spec.ts" time="2.19">
<properties>
<property name="Mock" value="Modify the summary with fixed data">
</property>
<property name="Mock" value="Modify the &quot;Sumary Expiration&quot; with fixed data">
</property>
<property name="Mock" value="Modify the &quot;Top 5 delay&quot; with fixed data">
</property>
<property name="Mock" value="Modify the &quot;Top 5 total&quot; with fixed data">
</property>
<property name="Mock" value="Modify the &quot;Top 5 type&quot; with fixed data">
</property>
<property name="Mock" value="Modify the &quot;Top 10 Limit 1&quot; with fixed data">
</property>
<property name="Mock" value="Modify the &quot;Top 10 Limit 2&quot; with fixed data">
</property>
<property name="Mock" value="Modify the &quot;Top 10 Limit 3&quot; with fixed data">
</property>
<property name="Mock" value="Modify the &quot;Top 10 To Expire&quot; with fixed data">
</property>
<property name="Go To" value="Go to the page: &quot;https://effizientedemo.azurewebsites.net/AccountsReceivable/dashboard&quot;">
</property>
<property name="Step" value="Compare snapshot: dashboard.png with maxDiffPixelsRatio: 0.1">
</property>
</properties>
</testcase>
</testsuite>
<testsuite name="Effiziente/menu.spec.ts" timestamp="2024-03-27T00:25:22.871Z" hostname="chromium" tests="2" failures="0" skipped="0" time="6.495" errors="0">
<testcase name="Normal user › Should returns user menu" classname="Effiziente/menu.spec.ts" time="4">
<properties>
<property name="Go To" value="Go to the page: &quot;https://effizientedemo.azurewebsites.net/AccountsReceivable/dashboard&quot;">
</property>
<property name="PirmeFacesMenu" value="Get top menus">
</property>
<property name="Assert" value="Menu is equal to: AccountsReceivable,Config">
</property>
</properties>
</testcase>
<testcase name="Admin user › Should returns admin menu" classname="Effiziente/menu.spec.ts" time="2.495">
<properties>
<property name="Go To" value="Go to the page: &quot;https://effizientedemo.azurewebsites.net/AccountsReceivable/dashboard&quot;">
</property>
<property name="PirmeFacesMenu" value="Get top menus">
</property>
<property name="Assert" value="Menu is equal to:AccountsReceivable,Security,Config">
</property>
</properties>
</testcase>
</testsuite>
<testsuite name="Effiziente/Synthetic/login.spec.ts" timestamp="2024-03-27T00:25:22.871Z" hostname="chromium" tests="1" failures="0" skipped="0" time="3.443" errors="0">
<testcase name="Synthetic login testing › Should show dashboard" classname="Effiziente/Synthetic/login.spec.ts" time="3.443">
</testcase>
</testsuite>
<testsuite name="Effiziente/Synthetic/menu.spec.ts" timestamp="2024-03-27T00:25:22.871Z" hostname="chromium" tests="1" failures="0" skipped="0" time="4.601" errors="0">
<testcase name="Synthetic testing › Should show dashboard" classname="Effiziente/Synthetic/menu.spec.ts" time="4.601">
<properties>
<property name="Navigation" value="Go to:https://effizientedemo.azurewebsites.net">
</property>
</properties>
</testcase>
</testsuite>
<testsuite name="Effiziente/ZeroStep/login.spec.ts" timestamp="2024-03-27T00:25:22.871Z" hostname="chromium" tests="1" failures="0" skipped="0" time="9.857" errors="0">
<testcase name="AI Zero Step › Should show dashboard after login" classname="Effiziente/ZeroStep/login.spec.ts" time="9.857">
</testcase>
</testsuite>
<testsuite name="Google/searchLocale.spec.ts" timestamp="2024-03-27T00:25:22.871Z" hostname="chromium" tests="1" failures="0" skipped="0" time="1.513" errors="0">
<testcase name="Locale translations › Translations with locale and time zone id" classname="Google/searchLocale.spec.ts" time="1.513">
<properties>
<property name="Go To" value="Go to the page: &quot;https://www.google.com&quot;">
</property>
<property name="Assert" value="Search button text is equal to: &quot;Buscar con Google&quot;">
</property>
</properties>
</testcase>
</testsuite>
<testsuite name="SauceDemo/login.spec.ts" timestamp="2024-03-27T00:25:22.871Z" hostname="chromium" tests="1" failures="0" skipped="0" time="0.707" errors="0">
<testcase name="Login › Login with valid user load inventory page" classname="SauceDemo/login.spec.ts" time="0.707">
<properties>
<property name="Go To" value="Go to the page: &quot;https://www.saucedemo.com&quot;">
</property>
<property name="InputText" value="Fill: &quot;Username&quot; with value: &quot;standard_user&quot;">
</property>
<property name="InputPassword" value="Fill: &quot;Password with value: *****&quot;">
</property>
<property name="Button" value="Click: &quot;Login&quot;">
</property>
<property name="Assert" value="Check URL Page equal to: &quot;https://www.saucedemo.com/inventory.html&quot;">
</property>
</properties>
</testcase>
</testsuite>
<testsuite name="SauceDemo/loginLambdaTestFixture.spec.ts" timestamp="2024-03-27T00:25:22.871Z" hostname="chromium" tests="1" failures="0" skipped="0" time="0.82" errors="0">
<testcase name="Login › Login with valid user load inventory page" classname="SauceDemo/loginLambdaTestFixture.spec.ts" time="0.82">
<properties>
<property name="Go To" value="Go to the page: &quot;https://www.saucedemo.com&quot;">
</property>
<property name="InputText" value="Fill: &quot;Username&quot; with value: &quot;standard_user&quot;">
</property>
<property name="InputPassword" value="Fill: &quot;Password with value: *****&quot;">
</property>
<property name="Button" value="Click: &quot;Login&quot;">
</property>
<property name="Assert" value="Check URL Page equal to: &quot;https://www.saucedemo.com/inventory.html&quot;">
</property>
</properties>
</testcase>
</testsuite>
<testsuite name="Effiziente/dashboard.spec.ts" timestamp="2024-03-27T00:25:22.871Z" hostname="firefox" tests="1" failures="0" skipped="0" time="3.478" errors="0">
<testcase name="Check Dashboard › Should show dashboard" classname="Effiziente/dashboard.spec.ts" time="3.478">
<properties>
<property name="Mock" value="Modify the summary with fixed data">
</property>
<property name="Mock" value="Modify the &quot;Sumary Expiration&quot; with fixed data">
</property>
<property name="Mock" value="Modify the &quot;Top 5 delay&quot; with fixed data">
</property>
<property name="Mock" value="Modify the &quot;Top 5 total&quot; with fixed data">
</property>
<property name="Mock" value="Modify the &quot;Top 5 type&quot; with fixed data">
</property>
<property name="Mock" value="Modify the &quot;Top 10 Limit 1&quot; with fixed data">
</property>
<property name="Mock" value="Modify the &quot;Top 10 Limit 2&quot; with fixed data">
</property>
<property name="Mock" value="Modify the &quot;Top 10 Limit 3&quot; with fixed data">
</property>
<property name="Mock" value="Modify the &quot;Top 10 To Expire&quot; with fixed data">
</property>
<property name="Go To" value="Go to the page: &quot;https://effizientedemo.azurewebsites.net/AccountsReceivable/dashboard&quot;">
</property>
<property name="Step" value="Compare snapshot: dashboard.png with maxDiffPixelsRatio: 0.1">
</property>
</properties>
</testcase>
</testsuite>
<testsuite name="Effiziente/menu.spec.ts" timestamp="2024-03-27T00:25:22.871Z" hostname="firefox" tests="2" failures="0" skipped="0" time="8.049" errors="0">
<testcase name="Normal user › Should returns user menu" classname="Effiziente/menu.spec.ts" time="3.716">
<properties>
<property name="Go To" value="Go to the page: &quot;https://effizientedemo.azurewebsites.net/AccountsReceivable/dashboard&quot;">
</property>
<property name="PirmeFacesMenu" value="Get top menus">
</property>
<property name="Assert" value="Menu is equal to: AccountsReceivable,Config">
</property>
</properties>
</testcase>
<testcase name="Admin user › Should returns admin menu" classname="Effiziente/menu.spec.ts" time="4.333">
<properties>
<property name="Go To" value="Go to the page: &quot;https://effizientedemo.azurewebsites.net/AccountsReceivable/dashboard&quot;">
</property>
<property name="PirmeFacesMenu" value="Get top menus">
</property>
<property name="Assert" value="Menu is equal to:AccountsReceivable,Security,Config">
</property>
</properties>
</testcase>
</testsuite>
<testsuite name="Effiziente/Synthetic/login.spec.ts" timestamp="2024-03-27T00:25:22.871Z" hostname="firefox" tests="1" failures="0" skipped="0" time="5.052" errors="0">
<testcase name="Synthetic login testing › Should show dashboard" classname="Effiziente/Synthetic/login.spec.ts" time="5.052">
</testcase>
</testsuite>
<testsuite name="Effiziente/Synthetic/menu.spec.ts" timestamp="2024-03-27T00:25:22.871Z" hostname="firefox" tests="1" failures="0" skipped="0" time="5.017" errors="0">
<testcase name="Synthetic testing › Should show dashboard" classname="Effiziente/Synthetic/menu.spec.ts" time="5.017">
<properties>
<property name="Navigation" value="Go to:https://effizientedemo.azurewebsites.net">
</property>
</properties>
</testcase>
</testsuite>
<testsuite name="Effiziente/ZeroStep/login.spec.ts" timestamp="2024-03-27T00:25:22.871Z" hostname="firefox" tests="1" failures="1" skipped="0" time="4.997" errors="0">
<testcase name="AI Zero Step › Should show dashboard after login" classname="Effiziente/ZeroStep/login.spec.ts" time="4.997">
<failure message="login.spec.ts:6:9 Should show dashboard after login" type="FAILURE">
<![CDATA[  [firefox] › Effiziente/ZeroStep/login.spec.ts:6:9 › AI Zero Step › Should show dashboard after login › zerostep.ai 'Type "Demo" in the "Company" textbox' 

    Error: The ai() function can only be run against Chromium browsers.

        at getCDPSession (/home/runner/work/PlaywrightFramework/PlaywrightFramework/node_modules/@zerostep/playwright/src/cdp.ts:27:13)
        at Object.getDOMSnapshot (/home/runner/work/PlaywrightFramework/PlaywrightFramework/node_modules/@zerostep/playwright/src/cdp.ts:111:22)
        at Object.getSnapshot (/home/runner/work/PlaywrightFramework/PlaywrightFramework/node_modules/@zerostep/playwright/src/playwright.ts:181:7)
        at sendTaskStartMessage (/home/runner/work/PlaywrightFramework/PlaywrightFramework/node_modules/@zerostep/playwright/src/index.ts:105:20)
        at /home/runner/work/PlaywrightFramework/PlaywrightFramework/node_modules/@zerostep/playwright/src/index.ts:47:7

    attachment #1: screenshot (image/png) ──────────────────────────────────────────────────────────
    test-results/Effiziente-ZeroStep-login-AI-Zero-Step-Should-show-dashboard-after-login-firefox/test-failed-1.png
    ────────────────────────────────────────────────────────────────────────────────────────────────

    attachment #2: video (video/webm) ──────────────────────────────────────────────────────────────
    test-results/Effiziente-ZeroStep-login-AI-Zero-Step-Should-show-dashboard-after-login-firefox/video.webm
    ────────────────────────────────────────────────────────────────────────────────────────────────

    attachment #3: trace (application/zip) ─────────────────────────────────────────────────────────
    test-results/Effiziente-ZeroStep-login-AI-Zero-Step-Should-show-dashboard-after-login-firefox/trace.zip
    Usage:

        npx playwright show-trace test-results/Effiziente-ZeroStep-login-AI-Zero-Step-Should-show-dashboard-after-login-firefox/trace.zip

    ────────────────────────────────────────────────────────────────────────────────────────────────

    Retry #1 ───────────────────────────────────────────────────────────────────────────────────────

    Error: The ai() function can only be run against Chromium browsers.

        at getCDPSession (/home/runner/work/PlaywrightFramework/PlaywrightFramework/node_modules/@zerostep/playwright/src/cdp.ts:27:13)
        at Object.getDOMSnapshot (/home/runner/work/PlaywrightFramework/PlaywrightFramework/node_modules/@zerostep/playwright/src/cdp.ts:111:22)
        at Object.getSnapshot (/home/runner/work/PlaywrightFramework/PlaywrightFramework/node_modules/@zerostep/playwright/src/playwright.ts:181:7)
        at sendTaskStartMessage (/home/runner/work/PlaywrightFramework/PlaywrightFramework/node_modules/@zerostep/playwright/src/index.ts:105:20)
        at /home/runner/work/PlaywrightFramework/PlaywrightFramework/node_modules/@zerostep/playwright/src/index.ts:47:7

    attachment #1: screenshot (image/png) ──────────────────────────────────────────────────────────
    test-results/Effiziente-ZeroStep-login-AI-Zero-Step-Should-show-dashboard-after-login-firefox-retry1/test-failed-1.png
    ────────────────────────────────────────────────────────────────────────────────────────────────

    attachment #2: video (video/webm) ──────────────────────────────────────────────────────────────
    test-results/Effiziente-ZeroStep-login-AI-Zero-Step-Should-show-dashboard-after-login-firefox-retry1/video.webm
    ────────────────────────────────────────────────────────────────────────────────────────────────

    attachment #3: trace (application/zip) ─────────────────────────────────────────────────────────
    test-results/Effiziente-ZeroStep-login-AI-Zero-Step-Should-show-dashboard-after-login-firefox-retry1/trace.zip
    Usage:

        npx playwright show-trace test-results/Effiziente-ZeroStep-login-AI-Zero-Step-Should-show-dashboard-after-login-firefox-retry1/trace.zip

    ────────────────────────────────────────────────────────────────────────────────────────────────
]]>
</failure>
<system-out>
<![CDATA[
[[ATTACHMENT|../test-results/Effiziente-ZeroStep-login-AI-Zero-Step-Should-show-dashboard-after-login-firefox/test-failed-1.png]]

[[ATTACHMENT|../test-results/Effiziente-ZeroStep-login-AI-Zero-Step-Should-show-dashboard-after-login-firefox/video.webm]]

[[ATTACHMENT|../test-results/Effiziente-ZeroStep-login-AI-Zero-Step-Should-show-dashboard-after-login-firefox/trace.zip]]

[[ATTACHMENT|../test-results/Effiziente-ZeroStep-login-AI-Zero-Step-Should-show-dashboard-after-login-firefox-retry1/test-failed-1.png]]

[[ATTACHMENT|../test-results/Effiziente-ZeroStep-login-AI-Zero-Step-Should-show-dashboard-after-login-firefox-retry1/video.webm]]

[[ATTACHMENT|../test-results/Effiziente-ZeroStep-login-AI-Zero-Step-Should-show-dashboard-after-login-firefox-retry1/trace.zip]]
]]>
</system-out>
</testcase>
</testsuite>
<testsuite name="Google/searchLocale.spec.ts" timestamp="2024-03-27T00:25:22.871Z" hostname="firefox" tests="1" failures="0" skipped="0" time="1.7" errors="0">
<testcase name="Locale translations › Translations with locale and time zone id" classname="Google/searchLocale.spec.ts" time="1.7">
<properties>
<property name="Go To" value="Go to the page: &quot;https://www.google.com&quot;">
</property>
<property name="Assert" value="Search button text is equal to: &quot;Buscar con Google&quot;">
</property>
</properties>
</testcase>
</testsuite>
<testsuite name="SauceDemo/login.spec.ts" timestamp="2024-03-27T00:25:22.871Z" hostname="firefox" tests="1" failures="0" skipped="0" time="1.427" errors="0">
<testcase name="Login › Login with valid user load inventory page" classname="SauceDemo/login.spec.ts" time="1.427">
<properties>
<property name="Go To" value="Go to the page: &quot;https://www.saucedemo.com&quot;">
</property>
<property name="InputText" value="Fill: &quot;Username&quot; with value: &quot;standard_user&quot;">
</property>
<property name="InputPassword" value="Fill: &quot;Password with value: *****&quot;">
</property>
<property name="Button" value="Click: &quot;Login&quot;">
</property>
<property name="Assert" value="Check URL Page equal to: &quot;https://www.saucedemo.com/inventory.html&quot;">
</property>
</properties>
</testcase>
</testsuite>
<testsuite name="SauceDemo/loginLambdaTestFixture.spec.ts" timestamp="2024-03-27T00:25:22.871Z" hostname="firefox" tests="1" failures="0" skipped="0" time="0.665" errors="0">
<testcase name="Login › Login with valid user load inventory page" classname="SauceDemo/loginLambdaTestFixture.spec.ts" time="0.665">
<properties>
<property name="Go To" value="Go to the page: &quot;https://www.saucedemo.com&quot;">
</property>
<property name="InputText" value="Fill: &quot;Username&quot; with value: &quot;standard_user&quot;">
</property>
<property name="InputPassword" value="Fill: &quot;Password with value: *****&quot;">
</property>
<property name="Button" value="Click: &quot;Login&quot;">
</property>
<property name="Assert" value="Check URL Page equal to: &quot;https://www.saucedemo.com/inventory.html&quot;">
</property>
</properties>
</testcase>
</testsuite>
<testsuite name="Effiziente/dashboard.spec.ts" timestamp="2024-03-27T00:25:22.871Z" hostname="webkit" tests="1" failures="0" skipped="0" time="17.528" errors="0">
<testcase name="Check Dashboard › Should show dashboard" classname="Effiziente/dashboard.spec.ts" time="17.528">
<properties>
<property name="Mock" value="Modify the summary with fixed data">
</property>
<property name="Mock" value="Modify the &quot;Sumary Expiration&quot; with fixed data">
</property>
<property name="Mock" value="Modify the &quot;Top 5 delay&quot; with fixed data">
</property>
<property name="Mock" value="Modify the &quot;Top 5 total&quot; with fixed data">
</property>
<property name="Mock" value="Modify the &quot;Top 5 type&quot; with fixed data">
</property>
<property name="Mock" value="Modify the &quot;Top 10 Limit 1&quot; with fixed data">
</property>
<property name="Mock" value="Modify the &quot;Top 10 Limit 2&quot; with fixed data">
</property>
<property name="Mock" value="Modify the &quot;Top 10 Limit 3&quot; with fixed data">
</property>
<property name="Mock" value="Modify the &quot;Top 10 To Expire&quot; with fixed data">
</property>
<property name="Go To" value="Go to the page: &quot;https://effizientedemo.azurewebsites.net/AccountsReceivable/dashboard&quot;">
</property>
<property name="Step" value="Compare snapshot: dashboard.png with maxDiffPixelsRatio: 0.1">
</property>
</properties>
</testcase>
</testsuite>
<testsuite name="Effiziente/menu.spec.ts" timestamp="2024-03-27T00:25:22.871Z" hostname="webkit" tests="2" failures="0" skipped="0" time="30.015" errors="0">
<testcase name="Normal user › Should returns user menu" classname="Effiziente/menu.spec.ts" time="19.134">
<properties>
<property name="Go To" value="Go to the page: &quot;https://effizientedemo.azurewebsites.net/AccountsReceivable/dashboard&quot;">
</property>
<property name="PirmeFacesMenu" value="Get top menus">
</property>
<property name="Assert" value="Menu is equal to: AccountsReceivable,Config">
</property>
</properties>
</testcase>
<testcase name="Admin user › Should returns admin menu" classname="Effiziente/menu.spec.ts" time="10.881">
<properties>
<property name="Go To" value="Go to the page: &quot;https://effizientedemo.azurewebsites.net/AccountsReceivable/dashboard&quot;">
</property>
<property name="PirmeFacesMenu" value="Get top menus">
</property>
<property name="Assert" value="Menu is equal to:AccountsReceivable,Security,Config">
</property>
</properties>
</testcase>
</testsuite>
<testsuite name="Effiziente/Synthetic/login.spec.ts" timestamp="2024-03-27T00:25:22.871Z" hostname="webkit" tests="1" failures="0" skipped="0" time="12.937" errors="0">
<testcase name="Synthetic login testing › Should show dashboard" classname="Effiziente/Synthetic/login.spec.ts" time="12.937">
</testcase>
</testsuite>
<testsuite name="Effiziente/Synthetic/menu.spec.ts" timestamp="2024-03-27T00:25:22.871Z" hostname="webkit" tests="1" failures="0" skipped="0" time="20.604" errors="0">
<testcase name="Synthetic testing › Should show dashboard" classname="Effiziente/Synthetic/menu.spec.ts" time="20.604">
<properties>
<property name="Navigation" value="Go to:https://effizientedemo.azurewebsites.net">
</property>
</properties>
</testcase>
</testsuite>
<testsuite name="Effiziente/ZeroStep/login.spec.ts" timestamp="2024-03-27T00:25:22.871Z" hostname="webkit" tests="1" failures="1" skipped="0" time="3.748" errors="0">
<testcase name="AI Zero Step › Should show dashboard after login" classname="Effiziente/ZeroStep/login.spec.ts" time="3.748">
<failure message="login.spec.ts:6:9 Should show dashboard after login" type="FAILURE">
<![CDATA[  [webkit] › Effiziente/ZeroStep/login.spec.ts:6:9 › AI Zero Step › Should show dashboard after login › zerostep.ai 'Type "Demo" in the "Company" textbox' 

    Error: The ai() function can only be run against Chromium browsers.

        at getCDPSession (/home/runner/work/PlaywrightFramework/PlaywrightFramework/node_modules/@zerostep/playwright/src/cdp.ts:27:13)
        at Object.getDOMSnapshot (/home/runner/work/PlaywrightFramework/PlaywrightFramework/node_modules/@zerostep/playwright/src/cdp.ts:111:22)
        at Object.getSnapshot (/home/runner/work/PlaywrightFramework/PlaywrightFramework/node_modules/@zerostep/playwright/src/playwright.ts:181:7)
        at sendTaskStartMessage (/home/runner/work/PlaywrightFramework/PlaywrightFramework/node_modules/@zerostep/playwright/src/index.ts:105:20)
        at /home/runner/work/PlaywrightFramework/PlaywrightFramework/node_modules/@zerostep/playwright/src/index.ts:47:7

    attachment #1: screenshot (image/png) ──────────────────────────────────────────────────────────
    test-results/Effiziente-ZeroStep-login-AI-Zero-Step-Should-show-dashboard-after-login-webkit/test-failed-1.png
    ────────────────────────────────────────────────────────────────────────────────────────────────

    attachment #2: video (video/webm) ──────────────────────────────────────────────────────────────
    test-results/Effiziente-ZeroStep-login-AI-Zero-Step-Should-show-dashboard-after-login-webkit/video.webm
    ────────────────────────────────────────────────────────────────────────────────────────────────

    attachment #3: trace (application/zip) ─────────────────────────────────────────────────────────
    test-results/Effiziente-ZeroStep-login-AI-Zero-Step-Should-show-dashboard-after-login-webkit/trace.zip
    Usage:

        npx playwright show-trace test-results/Effiziente-ZeroStep-login-AI-Zero-Step-Should-show-dashboard-after-login-webkit/trace.zip

    ────────────────────────────────────────────────────────────────────────────────────────────────

    Retry #1 ───────────────────────────────────────────────────────────────────────────────────────

    Error: The ai() function can only be run against Chromium browsers.

        at getCDPSession (/home/runner/work/PlaywrightFramework/PlaywrightFramework/node_modules/@zerostep/playwright/src/cdp.ts:27:13)
        at Object.getDOMSnapshot (/home/runner/work/PlaywrightFramework/PlaywrightFramework/node_modules/@zerostep/playwright/src/cdp.ts:111:22)
        at Object.getSnapshot (/home/runner/work/PlaywrightFramework/PlaywrightFramework/node_modules/@zerostep/playwright/src/playwright.ts:181:7)
        at sendTaskStartMessage (/home/runner/work/PlaywrightFramework/PlaywrightFramework/node_modules/@zerostep/playwright/src/index.ts:105:20)
        at /home/runner/work/PlaywrightFramework/PlaywrightFramework/node_modules/@zerostep/playwright/src/index.ts:47:7

    attachment #1: screenshot (image/png) ──────────────────────────────────────────────────────────
    test-results/Effiziente-ZeroStep-login-AI-Zero-Step-Should-show-dashboard-after-login-webkit-retry1/test-failed-1.png
    ────────────────────────────────────────────────────────────────────────────────────────────────

    attachment #2: video (video/webm) ──────────────────────────────────────────────────────────────
    test-results/Effiziente-ZeroStep-login-AI-Zero-Step-Should-show-dashboard-after-login-webkit-retry1/video.webm
    ────────────────────────────────────────────────────────────────────────────────────────────────

    attachment #3: trace (application/zip) ─────────────────────────────────────────────────────────
    test-results/Effiziente-ZeroStep-login-AI-Zero-Step-Should-show-dashboard-after-login-webkit-retry1/trace.zip
    Usage:

        npx playwright show-trace test-results/Effiziente-ZeroStep-login-AI-Zero-Step-Should-show-dashboard-after-login-webkit-retry1/trace.zip

    ────────────────────────────────────────────────────────────────────────────────────────────────
]]>
</failure>
<system-out>
<![CDATA[
[[ATTACHMENT|../test-results/Effiziente-ZeroStep-login-AI-Zero-Step-Should-show-dashboard-after-login-webkit/test-failed-1.png]]

[[ATTACHMENT|../test-results/Effiziente-ZeroStep-login-AI-Zero-Step-Should-show-dashboard-after-login-webkit/video.webm]]

[[ATTACHMENT|../test-results/Effiziente-ZeroStep-login-AI-Zero-Step-Should-show-dashboard-after-login-webkit/trace.zip]]

[[ATTACHMENT|../test-results/Effiziente-ZeroStep-login-AI-Zero-Step-Should-show-dashboard-after-login-webkit-retry1/test-failed-1.png]]

[[ATTACHMENT|../test-results/Effiziente-ZeroStep-login-AI-Zero-Step-Should-show-dashboard-after-login-webkit-retry1/video.webm]]

[[ATTACHMENT|../test-results/Effiziente-ZeroStep-login-AI-Zero-Step-Should-show-dashboard-after-login-webkit-retry1/trace.zip]]
]]>
</system-out>
</testcase>
</testsuite>
<testsuite name="Google/searchLocale.spec.ts" timestamp="2024-03-27T00:25:22.871Z" hostname="webkit" tests="1" failures="0" skipped="0" time="1.554" errors="0">
<testcase name="Locale translations › Translations with locale and time zone id" classname="Google/searchLocale.spec.ts" time="1.554">
<properties>
<property name="Go To" value="Go to the page: &quot;https://www.google.com&quot;">
</property>
<property name="Assert" value="Search button text is equal to: &quot;Buscar con Google&quot;">
</property>
</properties>
</testcase>
</testsuite>
<testsuite name="SauceDemo/login.spec.ts" timestamp="2024-03-27T00:25:22.871Z" hostname="webkit" tests="1" failures="0" skipped="0" time="1.6" errors="0">
<testcase name="Login › Login with valid user load inventory page" classname="SauceDemo/login.spec.ts" time="1.6">
<properties>
<property name="Go To" value="Go to the page: &quot;https://www.saucedemo.com&quot;">
</property>
<property name="InputText" value="Fill: &quot;Username&quot; with value: &quot;standard_user&quot;">
</property>
<property name="InputPassword" value="Fill: &quot;Password with value: *****&quot;">
</property>
<property name="Button" value="Click: &quot;Login&quot;">
</property>
<property name="Assert" value="Check URL Page equal to: &quot;https://www.saucedemo.com/inventory.html&quot;">
</property>
</properties>
</testcase>
</testsuite>
<testsuite name="SauceDemo/loginLambdaTestFixture.spec.ts" timestamp="2024-03-27T00:25:22.871Z" hostname="webkit" tests="1" failures="0" skipped="0" time="0.81" errors="0">
<testcase name="Login › Login with valid user load inventory page" classname="SauceDemo/loginLambdaTestFixture.spec.ts" time="0.81">
<properties>
<property name="Go To" value="Go to the page: &quot;https://www.saucedemo.com&quot;">
</property>
<property name="InputText" value="Fill: &quot;Username&quot; with value: &quot;standard_user&quot;">
</property>
<property name="InputPassword" value="Fill: &quot;Password with value: *****&quot;">
</property>
<property name="Button" value="Click: &quot;Login&quot;">
</property>
<property name="Assert" value="Check URL Page equal to: &quot;https://www.saucedemo.com/inventory.html&quot;">
</property>
</properties>
</testcase>
</testsuite>
</testsuites>