<testsuites id="" name="" tests="54" failures="16" skipped="3" errors="0" time="188.53531399999997">
<testsuite name="Fixture-LambdaTest/loginLambdaTestFixture.spec.ts" timestamp="2024-07-16T03:18:01.206Z" hostname="chrome:latest:MacOS Catalina@lambdatest" tests="1" failures="0" skipped="0" time="20.048" errors="0">
<testcase name="Login › Login with valid user load inventory page" classname="Fixture-LambdaTest/loginLambdaTestFixture.spec.ts" time="20.048">
<properties>
<property name="Go To" value="Go to the page: &quot;https://www.saucedemo.com&quot;">
</property>
<property name="InputText" value="Fill &quot;Username:&quot; with the value: &quot;standard_user&quot;">
</property>
<property name="InputPassword" value="Fill: &quot;Password with value: *****&quot;">
</property>
<property name="Button" value="Click: &quot;Login&quot;">
</property>
<property name="Assert" value="Check URL Page equal to: &quot;https://www.saucedemo.com/inventory.html&quot;">
</property>
</properties>
</testcase>
</testsuite>
<testsuite name="Fixture-LambdaTest/loginLambdaTestFixture.spec.ts" timestamp="2024-07-16T03:18:01.206Z" hostname="pw-webkit:latest:MacOS Monterey@lambdatest" tests="1" failures="0" skipped="0" time="34.83" errors="0">
<testcase name="Login › Login with valid user load inventory page" classname="Fixture-LambdaTest/loginLambdaTestFixture.spec.ts" time="34.83">
<properties>
<property name="Go To" value="Go to the page: &quot;https://www.saucedemo.com&quot;">
</property>
<property name="InputText" value="Fill &quot;Username:&quot; with the value: &quot;standard_user&quot;">
</property>
<property name="InputPassword" value="Fill: &quot;Password with value: *****&quot;">
</property>
<property name="Button" value="Click: &quot;Login&quot;">
</property>
<property name="Assert" value="Check URL Page equal to: &quot;https://www.saucedemo.com/inventory.html&quot;">
</property>
</properties>
</testcase>
</testsuite>
<testsuite name="Fixture-LambdaTest/loginLambdaTestFixture.spec.ts" timestamp="2024-07-16T03:18:01.206Z" hostname="chrome:latest:Windows 10@lambdatest" tests="1" failures="0" skipped="0" time="42.067" errors="0">
<testcase name="Login › Login with valid user load inventory page" classname="Fixture-LambdaTest/loginLambdaTestFixture.spec.ts" time="42.067">
<properties>
<property name="Go To" value="Go to the page: &quot;https://www.saucedemo.com&quot;">
</property>
<property name="InputText" value="Fill &quot;Username:&quot; with the value: &quot;standard_user&quot;">
</property>
<property name="InputPassword" value="Fill: &quot;Password with value: *****&quot;">
</property>
<property name="Button" value="Click: &quot;Login&quot;">
</property>
<property name="Assert" value="Check URL Page equal to: &quot;https://www.saucedemo.com/inventory.html&quot;">
</property>
</properties>
</testcase>
</testsuite>
<testsuite name="Accessibility/pageAccessibility.spec.ts" timestamp="2024-07-16T03:18:01.206Z" hostname="desktop-chromium" tests="3" failures="3" skipped="0" time="0.325" errors="0">
<testcase name="Test Accessibility By Page › Check Page accessibility" classname="Accessibility/pageAccessibility.spec.ts" time="0.111">
<properties>
<property name="Go To" value="Go to: undefined">
</property>
</properties>
<failure message="pageAccessibility.spec.ts:17:9 Check Page accessibility" type="FAILURE">
<![CDATA[  [desktop-chromium] › Accessibility/pageAccessibility.spec.ts:17:9 › Test Accessibility By Page › Check Page accessibility 

    Error: page.goto: url: expected string, got undefined

      21 |         const annotationHelper = new AnnotationHelper(page, pageToTest);
      22 |         annotationHelper.addAnnotation(AnnotationType.GoTo, 'Go to: ' + pageToTest);
    > 23 |         await page.goto(pageToTest);
         |                    ^
      24 |         await accessibilityHelper.checkAccessibility('CustomPage', annotationHelper.getAnnotations());
      25 |
      26 |     });

        at /home/runner/work/Playwright/Playwright/tests/Accessibility/pageAccessibility.spec.ts:23:20

    attachment #1: screenshot (image/png) ──────────────────────────────────────────────────────────
    test-results/Accessibility-pageAccessib-c4c16-ge-Check-Page-accessibility-desktop-chromium/test-failed-1.png
    ────────────────────────────────────────────────────────────────────────────────────────────────

    attachment #2: video (video/webm) ──────────────────────────────────────────────────────────────
    test-results/Accessibility-pageAccessib-c4c16-ge-Check-Page-accessibility-desktop-chromium/video.webm
    ────────────────────────────────────────────────────────────────────────────────────────────────

    attachment #3: trace (application/zip) ─────────────────────────────────────────────────────────
    test-results/Accessibility-pageAccessib-c4c16-ge-Check-Page-accessibility-desktop-chromium/trace.zip
    Usage:

        npx playwright show-trace test-results/Accessibility-pageAccessib-c4c16-ge-Check-Page-accessibility-desktop-chromium/trace.zip

    ────────────────────────────────────────────────────────────────────────────────────────────────
]]>
</failure>
<system-out>
<![CDATA[
[[ATTACHMENT|../test-results/Accessibility-pageAccessib-c4c16-ge-Check-Page-accessibility-desktop-chromium/test-failed-1.png]]

[[ATTACHMENT|../test-results/Accessibility-pageAccessib-c4c16-ge-Check-Page-accessibility-desktop-chromium/video.webm]]

[[ATTACHMENT|../test-results/Accessibility-pageAccessib-c4c16-ge-Check-Page-accessibility-desktop-chromium/trace.zip]]
]]>
</system-out>
</testcase>
<testcase name="Test Accessibility By Page › Check tab order" classname="Accessibility/pageAccessibility.spec.ts" time="0.106">
<properties>
<property name="Go To" value="Go to: undefined">
</property>
</properties>
<failure message="pageAccessibility.spec.ts:28:9 Check tab order" type="FAILURE">
<![CDATA[  [desktop-chromium] › Accessibility/pageAccessibility.spec.ts:28:9 › Test Accessibility By Page › Check tab order 

    Error: page.goto: url: expected string, got undefined

      32 |         const tabHelper = new TabHelper(page, keyPage);
      33 |         annotationHelper.addAnnotation(AnnotationType.GoTo, 'Go to: ' + pageToTest);
    > 34 |         await page.goto(pageToTest);
         |                    ^
      35 |         //Add a number and blue box to the element after press tab
      36 |         await tabHelper.showTabOrder();
      37 |         //Check that the tab is the same that the elements

        at /home/runner/work/Playwright/Playwright/tests/Accessibility/pageAccessibility.spec.ts:34:20

    attachment #1: screenshot (image/png) ──────────────────────────────────────────────────────────
    test-results/Accessibility-pageAccessib-bc5d8-ity-By-Page-Check-tab-order-desktop-chromium/test-failed-1.png
    ────────────────────────────────────────────────────────────────────────────────────────────────

    attachment #2: video (video/webm) ──────────────────────────────────────────────────────────────
    test-results/Accessibility-pageAccessib-bc5d8-ity-By-Page-Check-tab-order-desktop-chromium/video.webm
    ────────────────────────────────────────────────────────────────────────────────────────────────

    attachment #3: trace (application/zip) ─────────────────────────────────────────────────────────
    test-results/Accessibility-pageAccessib-bc5d8-ity-By-Page-Check-tab-order-desktop-chromium/trace.zip
    Usage:

        npx playwright show-trace test-results/Accessibility-pageAccessib-bc5d8-ity-By-Page-Check-tab-order-desktop-chromium/trace.zip

    ────────────────────────────────────────────────────────────────────────────────────────────────
]]>
</failure>
<system-out>
<![CDATA[
[[ATTACHMENT|../test-results/Accessibility-pageAccessib-bc5d8-ity-By-Page-Check-tab-order-desktop-chromium/test-failed-1.png]]

[[ATTACHMENT|../test-results/Accessibility-pageAccessib-bc5d8-ity-By-Page-Check-tab-order-desktop-chromium/video.webm]]

[[ATTACHMENT|../test-results/Accessibility-pageAccessib-bc5d8-ity-By-Page-Check-tab-order-desktop-chromium/trace.zip]]
]]>
</system-out>
</testcase>
<testcase name="Test Accessibility By Page › Check alt text &amp; aria-label" classname="Accessibility/pageAccessibility.spec.ts" time="0.108">
<properties>
<property name="Go To" value="Go to: undefined">
</property>
</properties>
<failure message="pageAccessibility.spec.ts:42:9 Check alt text &amp; aria-label" type="FAILURE">
<![CDATA[  [desktop-chromium] › Accessibility/pageAccessibility.spec.ts:42:9 › Test Accessibility By Page › Check alt text & aria-label 

    Error: page.goto: url: expected string, got undefined

      46 |         const altHelper = new AltHelper(page, keyPage, testInfo);
      47 |         annotationHelper.addAnnotation(AnnotationType.GoTo, 'Go to: ' + pageToTest);
    > 48 |         await page.goto(pageToTest);
         |                    ^
      49 |         //Check that images have alt text attribute
      50 |         await altHelper.checkAltText();
      51 |         //Generate a table with all alt texts

        at /home/runner/work/Playwright/Playwright/tests/Accessibility/pageAccessibility.spec.ts:48:20

    attachment #1: screenshot (image/png) ──────────────────────────────────────────────────────────
    test-results/Accessibility-pageAccessib-e1df0-e-Check-alt-text-aria-label-desktop-chromium/test-failed-1.png
    ────────────────────────────────────────────────────────────────────────────────────────────────

    attachment #2: video (video/webm) ──────────────────────────────────────────────────────────────
    test-results/Accessibility-pageAccessib-e1df0-e-Check-alt-text-aria-label-desktop-chromium/video.webm
    ────────────────────────────────────────────────────────────────────────────────────────────────

    attachment #3: trace (application/zip) ─────────────────────────────────────────────────────────
    test-results/Accessibility-pageAccessib-e1df0-e-Check-alt-text-aria-label-desktop-chromium/trace.zip
    Usage:

        npx playwright show-trace test-results/Accessibility-pageAccessib-e1df0-e-Check-alt-text-aria-label-desktop-chromium/trace.zip

    ────────────────────────────────────────────────────────────────────────────────────────────────
]]>
</failure>
<system-out>
<![CDATA[
[[ATTACHMENT|../test-results/Accessibility-pageAccessib-e1df0-e-Check-alt-text-aria-label-desktop-chromium/test-failed-1.png]]

[[ATTACHMENT|../test-results/Accessibility-pageAccessib-e1df0-e-Check-alt-text-aria-label-desktop-chromium/video.webm]]

[[ATTACHMENT|../test-results/Accessibility-pageAccessib-e1df0-e-Check-alt-text-aria-label-desktop-chromium/trace.zip]]
]]>
</system-out>
</testcase>
</testsuite>
<testsuite name="AI/login.spec.ts" timestamp="2024-07-16T03:18:01.206Z" hostname="desktop-chromium" tests="1" failures="0" skipped="0" time="6.575" errors="0">
<testcase name="AI Zero Step › Should show dashboard after login" classname="AI/login.spec.ts" time="6.575">
</testcase>
</testsuite>
<testsuite name="Api/addToCart.spec.ts" timestamp="2024-07-16T03:18:01.206Z" hostname="desktop-chromium" tests="1" failures="1" skipped="0" time="0.415" errors="0">
<testcase name="Contoso Traders › Should add an item to the cart" classname="Api/addToCart.spec.ts" time="0.415">
<properties>
<property name="Go To" value="Go to the page: &quot;https://cloudtesting.contosotraders.com&quot;">
</property>
</properties>
<failure message="addToCart.spec.ts:10:9 Should add an item to the cart" type="FAILURE">
<![CDATA[  [desktop-chromium] › Api/addToCart.spec.ts:10:9 › Contoso Traders › Should add an item to the cart › Go to the page: "https://cloudtesting.contosotraders.com" 

    Error: page.goto: net::ERR_NAME_NOT_RESOLVED at https://cloudtesting.contosotraders.com/
    Call log:
      - navigating to "https://cloudtesting.contosotraders.com/", waiting until "load"


       at ../pages/ContosoTraders/homePage.ts:24

      22 |         const url = process.env.CONTOSO_URL ?? 'https://cloudtesting.contosotraders.com';
      23 |         await this.addStepWithAnnotation(AnnotationType.GoTo, 'Go to the page: "' + url + '"', async () => {
    > 24 |             await this.page.goto(url);
         |                             ^
      25 |         });
      26 |     }
      27 |

        at /home/runner/work/Playwright/Playwright/pages/ContosoTraders/homePage.ts:24:29
        at HomePage.addStepWithAnnotation (/home/runner/work/Playwright/Playwright/pages/basePage.ts:55:31)
        at HomePage.goTo (/home/runner/work/Playwright/Playwright/pages/ContosoTraders/homePage.ts:23:20)
        at /home/runner/work/Playwright/Playwright/tests/Api/addToCart.spec.ts:12:24

    attachment #1: screenshot (image/png) ──────────────────────────────────────────────────────────
    test-results/Api-addToCart-Contoso-Traders-Should-add-an-item-to-the-cart-desktop-chromium/test-failed-1.png
    ────────────────────────────────────────────────────────────────────────────────────────────────

    attachment #2: video (video/webm) ──────────────────────────────────────────────────────────────
    test-results/Api-addToCart-Contoso-Traders-Should-add-an-item-to-the-cart-desktop-chromium/video.webm
    ────────────────────────────────────────────────────────────────────────────────────────────────

    attachment #3: trace (application/zip) ─────────────────────────────────────────────────────────
    test-results/Api-addToCart-Contoso-Traders-Should-add-an-item-to-the-cart-desktop-chromium/trace.zip
    Usage:

        npx playwright show-trace test-results/Api-addToCart-Contoso-Traders-Should-add-an-item-to-the-cart-desktop-chromium/trace.zip

    ────────────────────────────────────────────────────────────────────────────────────────────────

    Retry #1 ───────────────────────────────────────────────────────────────────────────────────────

    Error: page.goto: net::ERR_NAME_NOT_RESOLVED at https://cloudtesting.contosotraders.com/
    Call log:
      - navigating to "https://cloudtesting.contosotraders.com/", waiting until "load"


       at ../pages/ContosoTraders/homePage.ts:24

      22 |         const url = process.env.CONTOSO_URL ?? 'https://cloudtesting.contosotraders.com';
      23 |         await this.addStepWithAnnotation(AnnotationType.GoTo, 'Go to the page: "' + url + '"', async () => {
    > 24 |             await this.page.goto(url);
         |                             ^
      25 |         });
      26 |     }
      27 |

        at /home/runner/work/Playwright/Playwright/pages/ContosoTraders/homePage.ts:24:29
        at HomePage.addStepWithAnnotation (/home/runner/work/Playwright/Playwright/pages/basePage.ts:55:31)
        at HomePage.goTo (/home/runner/work/Playwright/Playwright/pages/ContosoTraders/homePage.ts:23:20)
        at /home/runner/work/Playwright/Playwright/tests/Api/addToCart.spec.ts:12:24

    attachment #1: screenshot (image/png) ──────────────────────────────────────────────────────────
    test-results/Api-addToCart-Contoso-Traders-Should-add-an-item-to-the-cart-desktop-chromium-retry1/test-failed-1.png
    ────────────────────────────────────────────────────────────────────────────────────────────────

    attachment #2: video (video/webm) ──────────────────────────────────────────────────────────────
    test-results/Api-addToCart-Contoso-Traders-Should-add-an-item-to-the-cart-desktop-chromium-retry1/video.webm
    ────────────────────────────────────────────────────────────────────────────────────────────────

    attachment #3: trace (application/zip) ─────────────────────────────────────────────────────────
    test-results/Api-addToCart-Contoso-Traders-Should-add-an-item-to-the-cart-desktop-chromium-retry1/trace.zip
    Usage:

        npx playwright show-trace test-results/Api-addToCart-Contoso-Traders-Should-add-an-item-to-the-cart-desktop-chromium-retry1/trace.zip

    ────────────────────────────────────────────────────────────────────────────────────────────────
]]>
</failure>
<system-out>
<![CDATA[
[[ATTACHMENT|../test-results/Api-addToCart-Contoso-Traders-Should-add-an-item-to-the-cart-desktop-chromium/test-failed-1.png]]

[[ATTACHMENT|../test-results/Api-addToCart-Contoso-Traders-Should-add-an-item-to-the-cart-desktop-chromium/video.webm]]

[[ATTACHMENT|../test-results/Api-addToCart-Contoso-Traders-Should-add-an-item-to-the-cart-desktop-chromium/trace.zip]]

[[ATTACHMENT|../test-results/Api-addToCart-Contoso-Traders-Should-add-an-item-to-the-cart-desktop-chromium-retry1/test-failed-1.png]]

[[ATTACHMENT|../test-results/Api-addToCart-Contoso-Traders-Should-add-an-item-to-the-cart-desktop-chromium-retry1/video.webm]]

[[ATTACHMENT|../test-results/Api-addToCart-Contoso-Traders-Should-add-an-item-to-the-cart-desktop-chromium-retry1/trace.zip]]
]]>
</system-out>
</testcase>
</testsuite>
<testsuite name="Api/servers.spec.ts" timestamp="2024-07-16T03:18:01.206Z" hostname="desktop-chromium" tests="2" failures="0" skipped="0" time="6.95" errors="0">
<testcase name="Servers › Should add a server" classname="Api/servers.spec.ts" time="3.248">
<properties>
<property name="Go To" value="Go to the servers page: &quot;https://effizientedemo.azurewebsites.net/Security/servers&quot;">
</property>
<property name="Button" value="Click: &quot;Add&quot;">
</property>
<property name="InputText" value="Fill &quot;Key:&quot; with the value: &quot;909707&quot;">
</property>
<property name="InputText" value="Fill &quot;Name:&quot; with the value: &quot;Feil LLC&quot;">
</property>
<property name="InputText" value="Fill &quot;Url:&quot; with the value: &quot;https://quirky-crayfish.biz&quot;">
</property>
<property name="Button" value="Click: &quot;Save&quot;">
</property>
<property name="Assert" value="Success message is visible">
</property>
<property name="Assert" value="Server id should be a number greater than 1">
</property>
<property name="Assert" value="Server with the key: &quot;909707&quot; exists in the table">
</property>
<property name="Assert" value="The server name for the key: &quot;909707&quot; is: &quot;Feil LLC&quot;">
</property>
<property name="Assert" value="The server url for the key: &quot;909707&quot; is: &quot;https://quirky-crayfish.biz&quot;">
</property>
</properties>
<system-out>
<![CDATA[index:2
]]>
</system-out>
</testcase>
<testcase name="Servers › Should edit a server" classname="Api/servers.spec.ts" time="3.702">
<properties>
<property name="Go To" value="Go to the servers page: &quot;https://effizientedemo.azurewebsites.net/Security/servers&quot;">
</property>
<property name="Step" value="Create server with API">
</property>
<property name="Go To" value="Go to the servers page: &quot;https://effizientedemo.azurewebsites.net/Security/servers&quot;">
</property>
<property name="InputText" value="Fill &quot;key:&quot; with the value: &quot;587299&quot;">
</property>
<property name="InputText" value="Fill &quot;Name:&quot; with the value: &quot;Paucek - Reinger&quot;">
</property>
<property name="InputText" value="Fill &quot;Url:&quot; with the value: &quot;https://cold-blend.name&quot;">
</property>
<property name="Button" value="Click: &quot;Save&quot;">
</property>
<property name="Assert" value="Success message is visible">
</property>
<property name="Assert" value="Server with the key: &quot;587299&quot; exists in the table">
</property>
<property name="Assert" value="The server name for the key: &quot;587299&quot; is: &quot;Paucek - Reinger&quot;">
</property>
<property name="Assert" value="The server url for the key: &quot;587299&quot; is: &quot;https://cold-blend.name&quot;">
</property>
</properties>
<system-out>
<![CDATA[index:2
]]>
</system-out>
</testcase>
</testsuite>
<testsuite name="Basic/login.spec.ts" timestamp="2024-07-16T03:18:01.206Z" hostname="desktop-chromium" tests="1" failures="0" skipped="0" time="0.731" errors="0">
<testcase name="Login › Login with valid user load inventory page" classname="Basic/login.spec.ts" time="0.731">
<properties>
<property name="Go To" value="Go to the page: &quot;https://www.saucedemo.com&quot;">
</property>
<property name="InputText" value="Fill &quot;Username:&quot; with the value: &quot;standard_user&quot;">
</property>
<property name="InputPassword" value="Fill: &quot;Password with value: *****&quot;">
</property>
<property name="Button" value="Click: &quot;Login&quot;">
</property>
<property name="Assert" value="Check URL Page is equal to: &quot;https://www.saucedemo.com/inventory.html&quot;">
</property>
</properties>
</testcase>
</testsuite>
<testsuite name="Basic/menu.spec.ts" timestamp="2024-07-16T03:18:01.206Z" hostname="desktop-chromium" tests="2" failures="0" skipped="0" time="5.142" errors="0">
<testcase name="Normal user › Should returns user menu" classname="Basic/menu.spec.ts" time="2.466">
<properties>
<property name="Go To" value="Go to the page: &quot;https://effizientedemo.azurewebsites.net/AccountsReceivable/dashboard&quot;">
</property>
<property name="PirmeFacesMenu" value="Get top menus">
</property>
<property name="Assert" value="Menu are equal to: &quot;AccountsReceivable,Config&quot;">
</property>
</properties>
</testcase>
<testcase name="Admin user › Should returns admin menu" classname="Basic/menu.spec.ts" time="2.676">
<properties>
<property name="Go To" value="Go to the page: &quot;https://effizientedemo.azurewebsites.net/AccountsReceivable/dashboard&quot;">
</property>
<property name="PirmeFacesMenu" value="Get top menus">
</property>
<property name="Assert" value="Menu are equal to: &quot;AccountsReceivable,Security,Config&quot;">
</property>
</properties>
</testcase>
</testsuite>
<testsuite name="Excel/exportServers.spec.ts" timestamp="2024-07-16T03:18:01.206Z" hostname="desktop-chromium" tests="1" failures="0" skipped="0" time="2.814" errors="0">
<testcase name="Servers › Should export servers to excel" classname="Excel/exportServers.spec.ts" time="2.814">
<properties>
<property name="Go To" value="Go to the servers page: &quot;https://effizientedemo.azurewebsites.net/Security/servers&quot;">
</property>
<property name="ButtonExcel" value="Click: &quot;Export to Excel&quot;">
</property>
<property name="Assert" value="The excel file rows are equal to the grid rows">
</property>
</properties>
<system-out>
<![CDATA[
[[ATTACHMENT|../test-results/Excel-exportServers-Servers-Should-export-servers-to-excel-desktop-chromium/attachments/servers-xlsx-b45414d1440b649c23868d9b19e0f22e5f012826.xlsx]]
]]>
</system-out>
</testcase>
</testsuite>
<testsuite name="Fixture-LambdaTest/loginLambdaTestFixture.spec.ts" timestamp="2024-07-16T03:18:01.206Z" hostname="desktop-chromium" tests="1" failures="0" skipped="0" time="0.87" errors="0">
<testcase name="Login › Login with valid user load inventory page" classname="Fixture-LambdaTest/loginLambdaTestFixture.spec.ts" time="0.87">
<properties>
<property name="Go To" value="Go to the page: &quot;https://www.saucedemo.com&quot;">
</property>
<property name="InputText" value="Fill &quot;Username:&quot; with the value: &quot;standard_user&quot;">
</property>
<property name="InputPassword" value="Fill: &quot;Password with value: *****&quot;">
</property>
<property name="Button" value="Click: &quot;Login&quot;">
</property>
<property name="Assert" value="Check URL Page equal to: &quot;https://www.saucedemo.com/inventory.html&quot;">
</property>
</properties>
</testcase>
</testsuite>
<testsuite name="LocaleGeo/bingMaps.spec.ts" timestamp="2024-07-16T03:18:01.206Z" hostname="desktop-chromium" tests="1" failures="0" skipped="0" time="7.35" errors="0">
<testcase name="Geo Location Test › The bing maps is located to munich" classname="LocaleGeo/bingMaps.spec.ts" time="7.35">
<properties>
<property name="Go To" value="Go to the page: &quot;https://www.bing.com/maps&quot;">
</property>
<property name="Button" value="Click: &quot;button.locateMeBtn&quot;">
</property>
<property name="Button" value="Click: &quot;button.geochainUncollapse&quot;">
</property>
<property name="Assert" value="Geo name is equal to:GermanyBavariaMunich (District)">
</property>
</properties>
</testcase>
</testsuite>
<testsuite name="LocaleGeo/searchLocale.spec.ts" timestamp="2024-07-16T03:18:01.206Z" hostname="desktop-chromium" tests="1" failures="0" skipped="0" time="1.199" errors="0">
<testcase name="Locale translations › Translations with locale and time zone id" classname="LocaleGeo/searchLocale.spec.ts" time="1.199">
<properties>
<property name="Go To" value="Go to the page: &quot;https://www.google.com&quot;">
</property>
<property name="Assert" value="Search button text is equal to: &quot;Buscar con Google&quot;">
</property>
</properties>
</testcase>
</testsuite>
<testsuite name="Synthetic/login.spec.ts" timestamp="2024-07-16T03:18:01.206Z" hostname="desktop-chromium" tests="1" failures="0" skipped="0" time="4.797" errors="0">
<testcase name="Synthetic login testing › Should show dashboard" classname="Synthetic/login.spec.ts" time="4.797">
</testcase>
</testsuite>
<testsuite name="Synthetic/menu.spec.ts" timestamp="2024-07-16T03:18:01.206Z" hostname="desktop-chromium" tests="1" failures="0" skipped="0" time="4.853" errors="0">
<testcase name="Synthetic testing › Should show dashboard" classname="Synthetic/menu.spec.ts" time="4.853">
<properties>
<property name="Navigation" value="Go to:https://effizientedemo.azurewebsites.net">
</property>
</properties>
</testcase>
</testsuite>
<testsuite name="VisualTesting/dashboard.spec.ts" timestamp="2024-07-16T03:18:01.206Z" hostname="desktop-chromium" tests="1" failures="1" skipped="0" time="12.572" errors="0">
<testcase name="Check Dashboard › Should show dashboard" classname="VisualTesting/dashboard.spec.ts" time="12.572">
<properties>
<property name="Mock" value="Modify the summary with fixed data">
</property>
<property name="Mock" value="Modify the &quot;Sumary Expiration&quot; with fixed data">
</property>
<property name="Mock" value="Modify the &quot;Top 5 delay&quot; with fixed data">
</property>
<property name="Mock" value="Modify the &quot;Top 5 total&quot; with fixed data">
</property>
<property name="Mock" value="Modify the &quot;Top 5 type&quot; with fixed data">
</property>
<property name="Mock" value="Modify the &quot;Top 10 Limit 1&quot; with fixed data">
</property>
<property name="Mock" value="Modify the &quot;Top 10 Limit 2&quot; with fixed data">
</property>
<property name="Mock" value="Modify the &quot;Top 10 Limit 3&quot; with fixed data">
</property>
<property name="Mock" value="Modify the &quot;Top 10 To Expire&quot; with fixed data">
</property>
<property name="Go To" value="Go to the page: &quot;https://effizientedemo.azurewebsites.net/AccountsReceivable/dashboard&quot;">
</property>
<property name="Step" value="Compare snapshot: dashboard.png with maxDiffPixelsRatio: 0.1">
</property>
</properties>
<failure message="dashboard.spec.ts:8:9 Should show dashboard" type="FAILURE">
<![CDATA[  [desktop-chromium] › VisualTesting/dashboard.spec.ts:8:9 › Check Dashboard › Should show dashboard › Compare snapshot: dashboard.png with maxDiffPixelsRatio: 0.1 

    Error: Compare snapshot: dashboard.png with maxDiffPixelsRatio: 0.1

    Screenshot comparison failed:

      Expected an image 1280px by 1415px, received 1280px by 1358px. 322519 pixels (ratio 0.18 of all image pixels) are different.

    Expected: /home/runner/work/Playwright/Playwright/tests/VisualTesting/dashboard.spec.ts-snapshots/dashboard-desktop-chromium-linux.png
    Received: /home/runner/work/Playwright/Playwright/test-results/VisualTesting-dashboard-Ch-994a2-board-Should-show-dashboard-desktop-chromium/dashboard-actual.png
        Diff: /home/runner/work/Playwright/Playwright/test-results/VisualTesting-dashboard-Ch-994a2-board-Should-show-dashboard-desktop-chromium/dashboard-diff.png

    Call log:
      - Compare snapshot: dashboard.png with maxDiffPixelsRatio: 0.1 with timeout 20000ms
      -   verifying given screenshot expectation
      - taking page screenshot
      -   disabled all CSS animations
      - waiting for fonts to load...
      - fonts loaded
      - Expected an image 1280px by 1415px, received 1280px by 1358px. 240392 pixels (ratio 0.14 of all image pixels) are different.
      - waiting 100ms before taking screenshot
      - taking page screenshot
      -   disabled all CSS animations
      - waiting for fonts to load...
      - fonts loaded
      - 188194 pixels (ratio 0.11 of all image pixels) are different.
      - waiting 250ms before taking screenshot
      - taking page screenshot
      -   disabled all CSS animations
      - waiting for fonts to load...
      - fonts loaded
      - captured a stable screenshot
      - Expected an image 1280px by 1415px, received 1280px by 1358px. 322519 pixels (ratio 0.18 of all image pixels) are different.


       at ../utils/VisualHelper.ts:24

      22 |         // eslint-disable-next-line playwright/valid-title
      23 |         await test.step(stepDescription, async () => {
    > 24 |             await expect(this.page, stepDescription).toHaveScreenshot(snapshotName,
         |                                                      ^
      25 |                 {
      26 |                     maxDiffPixelRatio: maxDiffPixelsRatio,
      27 |                     timeout: timeout,

        at /home/runner/work/Playwright/Playwright/utils/VisualHelper.ts:24:54
        at VisualHelper.checkPageSnapshot (/home/runner/work/Playwright/Playwright/utils/VisualHelper.ts:23:20)
        at DashboardPage.checkSnapshot (/home/runner/work/Playwright/Playwright/pages/Effiziente/dashboardPage.ts:51:9)
        at /home/runner/work/Playwright/Playwright/tests/VisualTesting/dashboard.spec.ts:16:9

    attachment #1: dashboard-expected.png (image/png) ──────────────────────────────────────────────
    tests/VisualTesting/dashboard.spec.ts-snapshots/dashboard-desktop-chromium-linux.png
    ────────────────────────────────────────────────────────────────────────────────────────────────

    attachment #2: dashboard-actual.png (image/png) ────────────────────────────────────────────────
    test-results/VisualTesting-dashboard-Ch-994a2-board-Should-show-dashboard-desktop-chromium/dashboard-actual.png
    ────────────────────────────────────────────────────────────────────────────────────────────────

    attachment #3: dashboard-diff.png (image/png) ──────────────────────────────────────────────────
    test-results/VisualTesting-dashboard-Ch-994a2-board-Should-show-dashboard-desktop-chromium/dashboard-diff.png
    ────────────────────────────────────────────────────────────────────────────────────────────────

    attachment #4: screenshot (image/png) ──────────────────────────────────────────────────────────
    test-results/VisualTesting-dashboard-Ch-994a2-board-Should-show-dashboard-desktop-chromium/test-failed-1.png
    ────────────────────────────────────────────────────────────────────────────────────────────────

    attachment #5: video (video/webm) ──────────────────────────────────────────────────────────────
    test-results/VisualTesting-dashboard-Ch-994a2-board-Should-show-dashboard-desktop-chromium/video.webm
    ────────────────────────────────────────────────────────────────────────────────────────────────

    attachment #6: trace (application/zip) ─────────────────────────────────────────────────────────
    test-results/VisualTesting-dashboard-Ch-994a2-board-Should-show-dashboard-desktop-chromium/trace.zip
    Usage:

        npx playwright show-trace test-results/VisualTesting-dashboard-Ch-994a2-board-Should-show-dashboard-desktop-chromium/trace.zip

    ────────────────────────────────────────────────────────────────────────────────────────────────

    Retry #1 ───────────────────────────────────────────────────────────────────────────────────────

    Error: Compare snapshot: dashboard.png with maxDiffPixelsRatio: 0.1

    Screenshot comparison failed:

      Expected an image 1280px by 1415px, received 1280px by 1358px. 322519 pixels (ratio 0.18 of all image pixels) are different.

    Expected: /home/runner/work/Playwright/Playwright/tests/VisualTesting/dashboard.spec.ts-snapshots/dashboard-desktop-chromium-linux.png
    Received: /home/runner/work/Playwright/Playwright/test-results/VisualTesting-dashboard-Ch-994a2-board-Should-show-dashboard-desktop-chromium-retry1/dashboard-actual.png
        Diff: /home/runner/work/Playwright/Playwright/test-results/VisualTesting-dashboard-Ch-994a2-board-Should-show-dashboard-desktop-chromium-retry1/dashboard-diff.png

    Call log:
      - Compare snapshot: dashboard.png with maxDiffPixelsRatio: 0.1 with timeout 20000ms
      -   verifying given screenshot expectation
      - taking page screenshot
      -   disabled all CSS animations
      - waiting for fonts to load...
      - fonts loaded
      - Expected an image 1280px by 1415px, received 1280px by 1358px. 240089 pixels (ratio 0.14 of all image pixels) are different.
      - waiting 100ms before taking screenshot
      - taking page screenshot
      -   disabled all CSS animations
      - waiting for fonts to load...
      - fonts loaded
      - 183395 pixels (ratio 0.11 of all image pixels) are different.
      - waiting 250ms before taking screenshot
      - taking page screenshot
      -   disabled all CSS animations
      - waiting for fonts to load...
      - fonts loaded
      - captured a stable screenshot
      - Expected an image 1280px by 1415px, received 1280px by 1358px. 322519 pixels (ratio 0.18 of all image pixels) are different.


       at ../utils/VisualHelper.ts:24

      22 |         // eslint-disable-next-line playwright/valid-title
      23 |         await test.step(stepDescription, async () => {
    > 24 |             await expect(this.page, stepDescription).toHaveScreenshot(snapshotName,
         |                                                      ^
      25 |                 {
      26 |                     maxDiffPixelRatio: maxDiffPixelsRatio,
      27 |                     timeout: timeout,

        at /home/runner/work/Playwright/Playwright/utils/VisualHelper.ts:24:54
        at VisualHelper.checkPageSnapshot (/home/runner/work/Playwright/Playwright/utils/VisualHelper.ts:23:20)
        at DashboardPage.checkSnapshot (/home/runner/work/Playwright/Playwright/pages/Effiziente/dashboardPage.ts:51:9)
        at /home/runner/work/Playwright/Playwright/tests/VisualTesting/dashboard.spec.ts:16:9

    attachment #1: dashboard-expected.png (image/png) ──────────────────────────────────────────────
    tests/VisualTesting/dashboard.spec.ts-snapshots/dashboard-desktop-chromium-linux.png
    ────────────────────────────────────────────────────────────────────────────────────────────────

    attachment #2: dashboard-actual.png (image/png) ────────────────────────────────────────────────
    test-results/VisualTesting-dashboard-Ch-994a2-board-Should-show-dashboard-desktop-chromium-retry1/dashboard-actual.png
    ────────────────────────────────────────────────────────────────────────────────────────────────

    attachment #3: dashboard-diff.png (image/png) ──────────────────────────────────────────────────
    test-results/VisualTesting-dashboard-Ch-994a2-board-Should-show-dashboard-desktop-chromium-retry1/dashboard-diff.png
    ────────────────────────────────────────────────────────────────────────────────────────────────

    attachment #4: screenshot (image/png) ──────────────────────────────────────────────────────────
    test-results/VisualTesting-dashboard-Ch-994a2-board-Should-show-dashboard-desktop-chromium-retry1/test-failed-1.png
    ────────────────────────────────────────────────────────────────────────────────────────────────

    attachment #5: video (video/webm) ──────────────────────────────────────────────────────────────
    test-results/VisualTesting-dashboard-Ch-994a2-board-Should-show-dashboard-desktop-chromium-retry1/video.webm
    ────────────────────────────────────────────────────────────────────────────────────────────────

    attachment #6: trace (application/zip) ─────────────────────────────────────────────────────────
    test-results/VisualTesting-dashboard-Ch-994a2-board-Should-show-dashboard-desktop-chromium-retry1/trace.zip
    Usage:

        npx playwright show-trace test-results/VisualTesting-dashboard-Ch-994a2-board-Should-show-dashboard-desktop-chromium-retry1/trace.zip

    ────────────────────────────────────────────────────────────────────────────────────────────────
]]>
</failure>
<system-out>
<![CDATA[
[[ATTACHMENT|../tests/VisualTesting/dashboard.spec.ts-snapshots/dashboard-desktop-chromium-linux.png]]

[[ATTACHMENT|../test-results/VisualTesting-dashboard-Ch-994a2-board-Should-show-dashboard-desktop-chromium/dashboard-actual.png]]

[[ATTACHMENT|../test-results/VisualTesting-dashboard-Ch-994a2-board-Should-show-dashboard-desktop-chromium/dashboard-diff.png]]

[[ATTACHMENT|../test-results/VisualTesting-dashboard-Ch-994a2-board-Should-show-dashboard-desktop-chromium/test-failed-1.png]]

[[ATTACHMENT|../test-results/VisualTesting-dashboard-Ch-994a2-board-Should-show-dashboard-desktop-chromium/video.webm]]

[[ATTACHMENT|../test-results/VisualTesting-dashboard-Ch-994a2-board-Should-show-dashboard-desktop-chromium/trace.zip]]

[[ATTACHMENT|../tests/VisualTesting/dashboard.spec.ts-snapshots/dashboard-desktop-chromium-linux.png]]

[[ATTACHMENT|../test-results/VisualTesting-dashboard-Ch-994a2-board-Should-show-dashboard-desktop-chromium-retry1/dashboard-actual.png]]

[[ATTACHMENT|../test-results/VisualTesting-dashboard-Ch-994a2-board-Should-show-dashboard-desktop-chromium-retry1/dashboard-diff.png]]

[[ATTACHMENT|../test-results/VisualTesting-dashboard-Ch-994a2-board-Should-show-dashboard-desktop-chromium-retry1/test-failed-1.png]]

[[ATTACHMENT|../test-results/VisualTesting-dashboard-Ch-994a2-board-Should-show-dashboard-desktop-chromium-retry1/video.webm]]

[[ATTACHMENT|../test-results/VisualTesting-dashboard-Ch-994a2-board-Should-show-dashboard-desktop-chromium-retry1/trace.zip]]
]]>
</system-out>
</testcase>
</testsuite>
<testsuite name="Accessibility/pageAccessibility.spec.ts" timestamp="2024-07-16T03:18:01.206Z" hostname="desktop-firefox" tests="3" failures="3" skipped="0" time="2.997" errors="0">
<testcase name="Test Accessibility By Page › Check Page accessibility" classname="Accessibility/pageAccessibility.spec.ts" time="0.976">
<properties>
<property name="Go To" value="Go to: undefined">
</property>
</properties>
<failure message="pageAccessibility.spec.ts:17:9 Check Page accessibility" type="FAILURE">
<![CDATA[  [desktop-firefox] › Accessibility/pageAccessibility.spec.ts:17:9 › Test Accessibility By Page › Check Page accessibility 

    Error: page.goto: url: expected string, got undefined

      21 |         const annotationHelper = new AnnotationHelper(page, pageToTest);
      22 |         annotationHelper.addAnnotation(AnnotationType.GoTo, 'Go to: ' + pageToTest);
    > 23 |         await page.goto(pageToTest);
         |                    ^
      24 |         await accessibilityHelper.checkAccessibility('CustomPage', annotationHelper.getAnnotations());
      25 |
      26 |     });

        at /home/runner/work/Playwright/Playwright/tests/Accessibility/pageAccessibility.spec.ts:23:20

    attachment #1: screenshot (image/png) ──────────────────────────────────────────────────────────
    test-results/Accessibility-pageAccessib-c4c16-ge-Check-Page-accessibility-desktop-firefox/test-failed-1.png
    ────────────────────────────────────────────────────────────────────────────────────────────────

    attachment #2: video (video/webm) ──────────────────────────────────────────────────────────────
    test-results/Accessibility-pageAccessib-c4c16-ge-Check-Page-accessibility-desktop-firefox/video.webm
    ────────────────────────────────────────────────────────────────────────────────────────────────

    attachment #3: trace (application/zip) ─────────────────────────────────────────────────────────
    test-results/Accessibility-pageAccessib-c4c16-ge-Check-Page-accessibility-desktop-firefox/trace.zip
    Usage:

        npx playwright show-trace test-results/Accessibility-pageAccessib-c4c16-ge-Check-Page-accessibility-desktop-firefox/trace.zip

    ────────────────────────────────────────────────────────────────────────────────────────────────
]]>
</failure>
<system-out>
<![CDATA[
[[ATTACHMENT|../test-results/Accessibility-pageAccessib-c4c16-ge-Check-Page-accessibility-desktop-firefox/test-failed-1.png]]

[[ATTACHMENT|../test-results/Accessibility-pageAccessib-c4c16-ge-Check-Page-accessibility-desktop-firefox/video.webm]]

[[ATTACHMENT|../test-results/Accessibility-pageAccessib-c4c16-ge-Check-Page-accessibility-desktop-firefox/trace.zip]]
]]>
</system-out>
</testcase>
<testcase name="Test Accessibility By Page › Check tab order" classname="Accessibility/pageAccessibility.spec.ts" time="0.966">
<properties>
<property name="Go To" value="Go to: undefined">
</property>
</properties>
<failure message="pageAccessibility.spec.ts:28:9 Check tab order" type="FAILURE">
<![CDATA[  [desktop-firefox] › Accessibility/pageAccessibility.spec.ts:28:9 › Test Accessibility By Page › Check tab order 

    Error: page.goto: url: expected string, got undefined

      32 |         const tabHelper = new TabHelper(page, keyPage);
      33 |         annotationHelper.addAnnotation(AnnotationType.GoTo, 'Go to: ' + pageToTest);
    > 34 |         await page.goto(pageToTest);
         |                    ^
      35 |         //Add a number and blue box to the element after press tab
      36 |         await tabHelper.showTabOrder();
      37 |         //Check that the tab is the same that the elements

        at /home/runner/work/Playwright/Playwright/tests/Accessibility/pageAccessibility.spec.ts:34:20

    attachment #1: screenshot (image/png) ──────────────────────────────────────────────────────────
    test-results/Accessibility-pageAccessib-bc5d8-ity-By-Page-Check-tab-order-desktop-firefox/test-failed-1.png
    ────────────────────────────────────────────────────────────────────────────────────────────────

    attachment #2: video (video/webm) ──────────────────────────────────────────────────────────────
    test-results/Accessibility-pageAccessib-bc5d8-ity-By-Page-Check-tab-order-desktop-firefox/video.webm
    ────────────────────────────────────────────────────────────────────────────────────────────────

    attachment #3: trace (application/zip) ─────────────────────────────────────────────────────────
    test-results/Accessibility-pageAccessib-bc5d8-ity-By-Page-Check-tab-order-desktop-firefox/trace.zip
    Usage:

        npx playwright show-trace test-results/Accessibility-pageAccessib-bc5d8-ity-By-Page-Check-tab-order-desktop-firefox/trace.zip

    ────────────────────────────────────────────────────────────────────────────────────────────────
]]>
</failure>
<system-out>
<![CDATA[
[[ATTACHMENT|../test-results/Accessibility-pageAccessib-bc5d8-ity-By-Page-Check-tab-order-desktop-firefox/test-failed-1.png]]

[[ATTACHMENT|../test-results/Accessibility-pageAccessib-bc5d8-ity-By-Page-Check-tab-order-desktop-firefox/video.webm]]

[[ATTACHMENT|../test-results/Accessibility-pageAccessib-bc5d8-ity-By-Page-Check-tab-order-desktop-firefox/trace.zip]]
]]>
</system-out>
</testcase>
<testcase name="Test Accessibility By Page › Check alt text &amp; aria-label" classname="Accessibility/pageAccessibility.spec.ts" time="1.055">
<properties>
<property name="Go To" value="Go to: undefined">
</property>
</properties>
<failure message="pageAccessibility.spec.ts:42:9 Check alt text &amp; aria-label" type="FAILURE">
<![CDATA[  [desktop-firefox] › Accessibility/pageAccessibility.spec.ts:42:9 › Test Accessibility By Page › Check alt text & aria-label 

    Error: page.goto: url: expected string, got undefined

      46 |         const altHelper = new AltHelper(page, keyPage, testInfo);
      47 |         annotationHelper.addAnnotation(AnnotationType.GoTo, 'Go to: ' + pageToTest);
    > 48 |         await page.goto(pageToTest);
         |                    ^
      49 |         //Check that images have alt text attribute
      50 |         await altHelper.checkAltText();
      51 |         //Generate a table with all alt texts

        at /home/runner/work/Playwright/Playwright/tests/Accessibility/pageAccessibility.spec.ts:48:20

    attachment #1: screenshot (image/png) ──────────────────────────────────────────────────────────
    test-results/Accessibility-pageAccessib-e1df0-e-Check-alt-text-aria-label-desktop-firefox/test-failed-1.png
    ────────────────────────────────────────────────────────────────────────────────────────────────

    attachment #2: video (video/webm) ──────────────────────────────────────────────────────────────
    test-results/Accessibility-pageAccessib-e1df0-e-Check-alt-text-aria-label-desktop-firefox/video.webm
    ────────────────────────────────────────────────────────────────────────────────────────────────

    attachment #3: trace (application/zip) ─────────────────────────────────────────────────────────
    test-results/Accessibility-pageAccessib-e1df0-e-Check-alt-text-aria-label-desktop-firefox/trace.zip
    Usage:

        npx playwright show-trace test-results/Accessibility-pageAccessib-e1df0-e-Check-alt-text-aria-label-desktop-firefox/trace.zip

    ────────────────────────────────────────────────────────────────────────────────────────────────
]]>
</failure>
<system-out>
<![CDATA[
[[ATTACHMENT|../test-results/Accessibility-pageAccessib-e1df0-e-Check-alt-text-aria-label-desktop-firefox/test-failed-1.png]]

[[ATTACHMENT|../test-results/Accessibility-pageAccessib-e1df0-e-Check-alt-text-aria-label-desktop-firefox/video.webm]]

[[ATTACHMENT|../test-results/Accessibility-pageAccessib-e1df0-e-Check-alt-text-aria-label-desktop-firefox/trace.zip]]
]]>
</system-out>
</testcase>
</testsuite>
<testsuite name="AI/login.spec.ts" timestamp="2024-07-16T03:18:01.206Z" hostname="desktop-firefox" tests="1" failures="0" skipped="1" time="1.158" errors="0">
<testcase name="AI Zero Step › Should show dashboard after login" classname="AI/login.spec.ts" time="1.158">
<properties>
<property name="skip" value="Zero Steps only works in chromium">
</property>
</properties>
<skipped>
</skipped>
</testcase>
</testsuite>
<testsuite name="Api/addToCart.spec.ts" timestamp="2024-07-16T03:18:01.206Z" hostname="desktop-firefox" tests="1" failures="1" skipped="0" time="2.709" errors="0">
<testcase name="Contoso Traders › Should add an item to the cart" classname="Api/addToCart.spec.ts" time="2.709">
<properties>
<property name="Go To" value="Go to the page: &quot;https://cloudtesting.contosotraders.com&quot;">
</property>
</properties>
<failure message="addToCart.spec.ts:10:9 Should add an item to the cart" type="FAILURE">
<![CDATA[  [desktop-firefox] › Api/addToCart.spec.ts:10:9 › Contoso Traders › Should add an item to the cart › Go to the page: "https://cloudtesting.contosotraders.com" 

    Error: page.goto: NS_ERROR_UNKNOWN_HOST
    Call log:
      - navigating to "https://cloudtesting.contosotraders.com/", waiting until "load"


       at ../pages/ContosoTraders/homePage.ts:24

      22 |         const url = process.env.CONTOSO_URL ?? 'https://cloudtesting.contosotraders.com';
      23 |         await this.addStepWithAnnotation(AnnotationType.GoTo, 'Go to the page: "' + url + '"', async () => {
    > 24 |             await this.page.goto(url);
         |                             ^
      25 |         });
      26 |     }
      27 |

        at /home/runner/work/Playwright/Playwright/pages/ContosoTraders/homePage.ts:24:29
        at HomePage.addStepWithAnnotation (/home/runner/work/Playwright/Playwright/pages/basePage.ts:55:31)
        at HomePage.goTo (/home/runner/work/Playwright/Playwright/pages/ContosoTraders/homePage.ts:23:20)
        at /home/runner/work/Playwright/Playwright/tests/Api/addToCart.spec.ts:12:24

    attachment #1: screenshot (image/png) ──────────────────────────────────────────────────────────
    test-results/Api-addToCart-Contoso-Traders-Should-add-an-item-to-the-cart-desktop-firefox/test-failed-1.png
    ────────────────────────────────────────────────────────────────────────────────────────────────

    attachment #2: video (video/webm) ──────────────────────────────────────────────────────────────
    test-results/Api-addToCart-Contoso-Traders-Should-add-an-item-to-the-cart-desktop-firefox/video.webm
    ────────────────────────────────────────────────────────────────────────────────────────────────

    attachment #3: trace (application/zip) ─────────────────────────────────────────────────────────
    test-results/Api-addToCart-Contoso-Traders-Should-add-an-item-to-the-cart-desktop-firefox/trace.zip
    Usage:

        npx playwright show-trace test-results/Api-addToCart-Contoso-Traders-Should-add-an-item-to-the-cart-desktop-firefox/trace.zip

    ────────────────────────────────────────────────────────────────────────────────────────────────

    Retry #1 ───────────────────────────────────────────────────────────────────────────────────────

    Error: page.goto: NS_ERROR_UNKNOWN_HOST
    Call log:
      - navigating to "https://cloudtesting.contosotraders.com/", waiting until "load"


       at ../pages/ContosoTraders/homePage.ts:24

      22 |         const url = process.env.CONTOSO_URL ?? 'https://cloudtesting.contosotraders.com';
      23 |         await this.addStepWithAnnotation(AnnotationType.GoTo, 'Go to the page: "' + url + '"', async () => {
    > 24 |             await this.page.goto(url);
         |                             ^
      25 |         });
      26 |     }
      27 |

        at /home/runner/work/Playwright/Playwright/pages/ContosoTraders/homePage.ts:24:29
        at HomePage.addStepWithAnnotation (/home/runner/work/Playwright/Playwright/pages/basePage.ts:55:31)
        at HomePage.goTo (/home/runner/work/Playwright/Playwright/pages/ContosoTraders/homePage.ts:23:20)
        at /home/runner/work/Playwright/Playwright/tests/Api/addToCart.spec.ts:12:24

    attachment #1: screenshot (image/png) ──────────────────────────────────────────────────────────
    test-results/Api-addToCart-Contoso-Traders-Should-add-an-item-to-the-cart-desktop-firefox-retry1/test-failed-1.png
    ────────────────────────────────────────────────────────────────────────────────────────────────

    attachment #2: video (video/webm) ──────────────────────────────────────────────────────────────
    test-results/Api-addToCart-Contoso-Traders-Should-add-an-item-to-the-cart-desktop-firefox-retry1/video.webm
    ────────────────────────────────────────────────────────────────────────────────────────────────

    attachment #3: trace (application/zip) ─────────────────────────────────────────────────────────
    test-results/Api-addToCart-Contoso-Traders-Should-add-an-item-to-the-cart-desktop-firefox-retry1/trace.zip
    Usage:

        npx playwright show-trace test-results/Api-addToCart-Contoso-Traders-Should-add-an-item-to-the-cart-desktop-firefox-retry1/trace.zip

    ────────────────────────────────────────────────────────────────────────────────────────────────
]]>
</failure>
<system-out>
<![CDATA[
[[ATTACHMENT|../test-results/Api-addToCart-Contoso-Traders-Should-add-an-item-to-the-cart-desktop-firefox/test-failed-1.png]]

[[ATTACHMENT|../test-results/Api-addToCart-Contoso-Traders-Should-add-an-item-to-the-cart-desktop-firefox/video.webm]]

[[ATTACHMENT|../test-results/Api-addToCart-Contoso-Traders-Should-add-an-item-to-the-cart-desktop-firefox/trace.zip]]

[[ATTACHMENT|../test-results/Api-addToCart-Contoso-Traders-Should-add-an-item-to-the-cart-desktop-firefox-retry1/test-failed-1.png]]

[[ATTACHMENT|../test-results/Api-addToCart-Contoso-Traders-Should-add-an-item-to-the-cart-desktop-firefox-retry1/video.webm]]

[[ATTACHMENT|../test-results/Api-addToCart-Contoso-Traders-Should-add-an-item-to-the-cart-desktop-firefox-retry1/trace.zip]]
]]>
</system-out>
</testcase>
</testsuite>
<testsuite name="Api/servers.spec.ts" timestamp="2024-07-16T03:18:01.206Z" hostname="desktop-firefox" tests="2" failures="0" skipped="0" time="10.891" errors="0">
<testcase name="Servers › Should add a server" classname="Api/servers.spec.ts" time="4.392">
<properties>
<property name="Go To" value="Go to the servers page: &quot;https://effizientedemo.azurewebsites.net/Security/servers&quot;">
</property>
<property name="Button" value="Click: &quot;Add&quot;">
</property>
<property name="InputText" value="Fill &quot;Key:&quot; with the value: &quot;973719&quot;">
</property>
<property name="InputText" value="Fill &quot;Name:&quot; with the value: &quot;Dibbert - Jenkins&quot;">
</property>
<property name="InputText" value="Fill &quot;Url:&quot; with the value: &quot;https://warm-fringe.name/&quot;">
</property>
<property name="Button" value="Click: &quot;Save&quot;">
</property>
<property name="Assert" value="Success message is visible">
</property>
<property name="Assert" value="Server id should be a number greater than 1">
</property>
<property name="Assert" value="Server with the key: &quot;973719&quot; exists in the table">
</property>
<property name="Assert" value="The server name for the key: &quot;973719&quot; is: &quot;Dibbert - Jenkins&quot;">
</property>
<property name="Assert" value="The server url for the key: &quot;973719&quot; is: &quot;https://warm-fringe.name/&quot;">
</property>
</properties>
<system-out>
<![CDATA[index:2
]]>
</system-out>
</testcase>
<testcase name="Servers › Should edit a server" classname="Api/servers.spec.ts" time="6.499">
<properties>
<property name="Go To" value="Go to the servers page: &quot;https://effizientedemo.azurewebsites.net/Security/servers&quot;">
</property>
<property name="Step" value="Create server with API">
</property>
<property name="Go To" value="Go to the servers page: &quot;https://effizientedemo.azurewebsites.net/Security/servers&quot;">
</property>
<property name="InputText" value="Fill &quot;key:&quot; with the value: &quot;713907&quot;">
</property>
<property name="InputText" value="Fill &quot;Name:&quot; with the value: &quot;Koch - Dickinson&quot;">
</property>
<property name="InputText" value="Fill &quot;Url:&quot; with the value: &quot;https://well-made-dulcimer.name/&quot;">
</property>
<property name="Button" value="Click: &quot;Save&quot;">
</property>
<property name="Assert" value="Success message is visible">
</property>
<property name="Assert" value="Server with the key: &quot;713907&quot; exists in the table">
</property>
<property name="Assert" value="The server name for the key: &quot;713907&quot; is: &quot;Koch - Dickinson&quot;">
</property>
<property name="Assert" value="The server url for the key: &quot;713907&quot; is: &quot;https://well-made-dulcimer.name/&quot;">
</property>
</properties>
<system-out>
<![CDATA[index:2
]]>
</system-out>
</testcase>
</testsuite>
<testsuite name="Basic/login.spec.ts" timestamp="2024-07-16T03:18:01.206Z" hostname="desktop-firefox" tests="1" failures="0" skipped="0" time="1.248" errors="0">
<testcase name="Login › Login with valid user load inventory page" classname="Basic/login.spec.ts" time="1.248">
<properties>
<property name="Go To" value="Go to the page: &quot;https://www.saucedemo.com&quot;">
</property>
<property name="InputText" value="Fill &quot;Username:&quot; with the value: &quot;standard_user&quot;">
</property>
<property name="InputPassword" value="Fill: &quot;Password with value: *****&quot;">
</property>
<property name="Button" value="Click: &quot;Login&quot;">
</property>
<property name="Assert" value="Check URL Page is equal to: &quot;https://www.saucedemo.com/inventory.html&quot;">
</property>
</properties>
</testcase>
</testsuite>
<testsuite name="Basic/menu.spec.ts" timestamp="2024-07-16T03:18:01.206Z" hostname="desktop-firefox" tests="2" failures="0" skipped="0" time="7.038" errors="0">
<testcase name="Normal user › Should returns user menu" classname="Basic/menu.spec.ts" time="3.56">
<properties>
<property name="Go To" value="Go to the page: &quot;https://effizientedemo.azurewebsites.net/AccountsReceivable/dashboard&quot;">
</property>
<property name="PirmeFacesMenu" value="Get top menus">
</property>
<property name="Assert" value="Menu are equal to: &quot;AccountsReceivable,Config&quot;">
</property>
</properties>
</testcase>
<testcase name="Admin user › Should returns admin menu" classname="Basic/menu.spec.ts" time="3.478">
<properties>
<property name="Go To" value="Go to the page: &quot;https://effizientedemo.azurewebsites.net/AccountsReceivable/dashboard&quot;">
</property>
<property name="PirmeFacesMenu" value="Get top menus">
</property>
<property name="Assert" value="Menu are equal to: &quot;AccountsReceivable,Security,Config&quot;">
</property>
</properties>
</testcase>
</testsuite>
<testsuite name="Excel/exportServers.spec.ts" timestamp="2024-07-16T03:18:01.206Z" hostname="desktop-firefox" tests="1" failures="0" skipped="0" time="2.885" errors="0">
<testcase name="Servers › Should export servers to excel" classname="Excel/exportServers.spec.ts" time="2.885">
<properties>
<property name="Go To" value="Go to the servers page: &quot;https://effizientedemo.azurewebsites.net/Security/servers&quot;">
</property>
<property name="ButtonExcel" value="Click: &quot;Export to Excel&quot;">
</property>
<property name="Assert" value="The excel file rows are equal to the grid rows">
</property>
</properties>
<system-out>
<![CDATA[
[[ATTACHMENT|../test-results/Excel-exportServers-Servers-Should-export-servers-to-excel-desktop-firefox/attachments/servers-xlsx-b45414d1440b649c23868d9b19e0f22e5f012826.xlsx]]
]]>
</system-out>
</testcase>
</testsuite>
<testsuite name="Fixture-LambdaTest/loginLambdaTestFixture.spec.ts" timestamp="2024-07-16T03:18:01.206Z" hostname="desktop-firefox" tests="1" failures="0" skipped="0" time="0.791" errors="0">
<testcase name="Login › Login with valid user load inventory page" classname="Fixture-LambdaTest/loginLambdaTestFixture.spec.ts" time="0.791">
<properties>
<property name="Go To" value="Go to the page: &quot;https://www.saucedemo.com&quot;">
</property>
<property name="InputText" value="Fill &quot;Username:&quot; with the value: &quot;standard_user&quot;">
</property>
<property name="InputPassword" value="Fill: &quot;Password with value: *****&quot;">
</property>
<property name="Button" value="Click: &quot;Login&quot;">
</property>
<property name="Assert" value="Check URL Page equal to: &quot;https://www.saucedemo.com/inventory.html&quot;">
</property>
</properties>
</testcase>
</testsuite>
<testsuite name="LocaleGeo/bingMaps.spec.ts" timestamp="2024-07-16T03:18:01.206Z" hostname="desktop-firefox" tests="1" failures="0" skipped="1" time="0.341" errors="0">
<testcase name="Geo Location Test › The bing maps is located to munich" classname="LocaleGeo/bingMaps.spec.ts" time="0.341">
<properties>
<property name="skip" value="Geolocation not work in firefox">
</property>
</properties>
<skipped>
</skipped>
</testcase>
</testsuite>
<testsuite name="LocaleGeo/searchLocale.spec.ts" timestamp="2024-07-16T03:18:01.206Z" hostname="desktop-firefox" tests="1" failures="0" skipped="0" time="1.402" errors="0">
<testcase name="Locale translations › Translations with locale and time zone id" classname="LocaleGeo/searchLocale.spec.ts" time="1.402">
<properties>
<property name="Go To" value="Go to the page: &quot;https://www.google.com&quot;">
</property>
<property name="Assert" value="Search button text is equal to: &quot;Buscar con Google&quot;">
</property>
</properties>
</testcase>
</testsuite>
<testsuite name="Synthetic/login.spec.ts" timestamp="2024-07-16T03:18:01.206Z" hostname="desktop-firefox" tests="1" failures="0" skipped="0" time="3.652" errors="0">
<testcase name="Synthetic login testing › Should show dashboard" classname="Synthetic/login.spec.ts" time="3.652">
</testcase>
</testsuite>
<testsuite name="Synthetic/menu.spec.ts" timestamp="2024-07-16T03:18:01.206Z" hostname="desktop-firefox" tests="1" failures="0" skipped="0" time="4.954" errors="0">
<testcase name="Synthetic testing › Should show dashboard" classname="Synthetic/menu.spec.ts" time="4.954">
<properties>
<property name="Navigation" value="Go to:https://effizientedemo.azurewebsites.net">
</property>
</properties>
</testcase>
</testsuite>
<testsuite name="VisualTesting/dashboard.spec.ts" timestamp="2024-07-16T03:18:01.206Z" hostname="desktop-firefox" tests="1" failures="1" skipped="0" time="10.002" errors="0">
<testcase name="Check Dashboard › Should show dashboard" classname="VisualTesting/dashboard.spec.ts" time="10.002">
<properties>
<property name="Mock" value="Modify the summary with fixed data">
</property>
<property name="Mock" value="Modify the &quot;Sumary Expiration&quot; with fixed data">
</property>
<property name="Mock" value="Modify the &quot;Top 5 delay&quot; with fixed data">
</property>
<property name="Mock" value="Modify the &quot;Top 5 total&quot; with fixed data">
</property>
<property name="Mock" value="Modify the &quot;Top 5 type&quot; with fixed data">
</property>
<property name="Mock" value="Modify the &quot;Top 10 Limit 1&quot; with fixed data">
</property>
<property name="Mock" value="Modify the &quot;Top 10 Limit 2&quot; with fixed data">
</property>
<property name="Mock" value="Modify the &quot;Top 10 Limit 3&quot; with fixed data">
</property>
<property name="Mock" value="Modify the &quot;Top 10 To Expire&quot; with fixed data">
</property>
<property name="Go To" value="Go to the page: &quot;https://effizientedemo.azurewebsites.net/AccountsReceivable/dashboard&quot;">
</property>
<property name="Step" value="Compare snapshot: dashboard.png with maxDiffPixelsRatio: 0.1">
</property>
</properties>
<failure message="dashboard.spec.ts:8:9 Should show dashboard" type="FAILURE">
<![CDATA[  [desktop-firefox] › VisualTesting/dashboard.spec.ts:8:9 › Check Dashboard › Should show dashboard › Compare snapshot: dashboard.png with maxDiffPixelsRatio: 0.1 

    Error: Compare snapshot: dashboard.png with maxDiffPixelsRatio: 0.1

    Screenshot comparison failed:

      Expected an image 1280px by 1415px, received 1280px by 1358px. 244774 pixels (ratio 0.14 of all image pixels) are different.

    Expected: /home/runner/work/Playwright/Playwright/tests/VisualTesting/dashboard.spec.ts-snapshots/dashboard-desktop-firefox-linux.png
    Received: /home/runner/work/Playwright/Playwright/test-results/VisualTesting-dashboard-Ch-994a2-board-Should-show-dashboard-desktop-firefox/dashboard-actual.png
        Diff: /home/runner/work/Playwright/Playwright/test-results/VisualTesting-dashboard-Ch-994a2-board-Should-show-dashboard-desktop-firefox/dashboard-diff.png

    Call log:
      - Compare snapshot: dashboard.png with maxDiffPixelsRatio: 0.1 with timeout 20000ms
      -   verifying given screenshot expectation
      - taking page screenshot
      -   disabled all CSS animations
      - waiting for fonts to load...
      - fonts loaded
      - Expected an image 1280px by 1415px, received 1280px by 1358px. 283041 pixels (ratio 0.16 of all image pixels) are different.
      - waiting 100ms before taking screenshot
      - taking page screenshot
      -   disabled all CSS animations
      - waiting for fonts to load...
      - fonts loaded
      - captured a stable screenshot
      - Expected an image 1280px by 1415px, received 1280px by 1358px. 244774 pixels (ratio 0.14 of all image pixels) are different.


       at ../utils/VisualHelper.ts:24

      22 |         // eslint-disable-next-line playwright/valid-title
      23 |         await test.step(stepDescription, async () => {
    > 24 |             await expect(this.page, stepDescription).toHaveScreenshot(snapshotName,
         |                                                      ^
      25 |                 {
      26 |                     maxDiffPixelRatio: maxDiffPixelsRatio,
      27 |                     timeout: timeout,

        at /home/runner/work/Playwright/Playwright/utils/VisualHelper.ts:24:54
        at VisualHelper.checkPageSnapshot (/home/runner/work/Playwright/Playwright/utils/VisualHelper.ts:23:20)
        at DashboardPage.checkSnapshot (/home/runner/work/Playwright/Playwright/pages/Effiziente/dashboardPage.ts:51:9)
        at /home/runner/work/Playwright/Playwright/tests/VisualTesting/dashboard.spec.ts:16:9

    attachment #1: dashboard-expected.png (image/png) ──────────────────────────────────────────────
    tests/VisualTesting/dashboard.spec.ts-snapshots/dashboard-desktop-firefox-linux.png
    ────────────────────────────────────────────────────────────────────────────────────────────────

    attachment #2: dashboard-actual.png (image/png) ────────────────────────────────────────────────
    test-results/VisualTesting-dashboard-Ch-994a2-board-Should-show-dashboard-desktop-firefox/dashboard-actual.png
    ────────────────────────────────────────────────────────────────────────────────────────────────

    attachment #3: dashboard-diff.png (image/png) ──────────────────────────────────────────────────
    test-results/VisualTesting-dashboard-Ch-994a2-board-Should-show-dashboard-desktop-firefox/dashboard-diff.png
    ────────────────────────────────────────────────────────────────────────────────────────────────

    attachment #4: screenshot (image/png) ──────────────────────────────────────────────────────────
    test-results/VisualTesting-dashboard-Ch-994a2-board-Should-show-dashboard-desktop-firefox/test-failed-1.png
    ────────────────────────────────────────────────────────────────────────────────────────────────

    attachment #5: video (video/webm) ──────────────────────────────────────────────────────────────
    test-results/VisualTesting-dashboard-Ch-994a2-board-Should-show-dashboard-desktop-firefox/video.webm
    ────────────────────────────────────────────────────────────────────────────────────────────────

    attachment #6: trace (application/zip) ─────────────────────────────────────────────────────────
    test-results/VisualTesting-dashboard-Ch-994a2-board-Should-show-dashboard-desktop-firefox/trace.zip
    Usage:

        npx playwright show-trace test-results/VisualTesting-dashboard-Ch-994a2-board-Should-show-dashboard-desktop-firefox/trace.zip

    ────────────────────────────────────────────────────────────────────────────────────────────────

    Retry #1 ───────────────────────────────────────────────────────────────────────────────────────

    Error: Compare snapshot: dashboard.png with maxDiffPixelsRatio: 0.1

    Screenshot comparison failed:

      Expected an image 1280px by 1415px, received 1280px by 1358px. 244586 pixels (ratio 0.14 of all image pixels) are different.

    Expected: /home/runner/work/Playwright/Playwright/tests/VisualTesting/dashboard.spec.ts-snapshots/dashboard-desktop-firefox-linux.png
    Received: /home/runner/work/Playwright/Playwright/test-results/VisualTesting-dashboard-Ch-994a2-board-Should-show-dashboard-desktop-firefox-retry1/dashboard-actual.png
        Diff: /home/runner/work/Playwright/Playwright/test-results/VisualTesting-dashboard-Ch-994a2-board-Should-show-dashboard-desktop-firefox-retry1/dashboard-diff.png

    Call log:
      - Compare snapshot: dashboard.png with maxDiffPixelsRatio: 0.1 with timeout 20000ms
      -   verifying given screenshot expectation
      - taking page screenshot
      -   disabled all CSS animations
      - waiting for fonts to load...
      - fonts loaded
      - Expected an image 1280px by 1415px, received 1280px by 1358px. 286784 pixels (ratio 0.16 of all image pixels) are different.
      - waiting 100ms before taking screenshot
      - taking page screenshot
      -   disabled all CSS animations
      - waiting for fonts to load...
      - fonts loaded
      - captured a stable screenshot
      - Expected an image 1280px by 1415px, received 1280px by 1358px. 244586 pixels (ratio 0.14 of all image pixels) are different.


       at ../utils/VisualHelper.ts:24

      22 |         // eslint-disable-next-line playwright/valid-title
      23 |         await test.step(stepDescription, async () => {
    > 24 |             await expect(this.page, stepDescription).toHaveScreenshot(snapshotName,
         |                                                      ^
      25 |                 {
      26 |                     maxDiffPixelRatio: maxDiffPixelsRatio,
      27 |                     timeout: timeout,

        at /home/runner/work/Playwright/Playwright/utils/VisualHelper.ts:24:54
        at VisualHelper.checkPageSnapshot (/home/runner/work/Playwright/Playwright/utils/VisualHelper.ts:23:20)
        at DashboardPage.checkSnapshot (/home/runner/work/Playwright/Playwright/pages/Effiziente/dashboardPage.ts:51:9)
        at /home/runner/work/Playwright/Playwright/tests/VisualTesting/dashboard.spec.ts:16:9

    attachment #1: dashboard-expected.png (image/png) ──────────────────────────────────────────────
    tests/VisualTesting/dashboard.spec.ts-snapshots/dashboard-desktop-firefox-linux.png
    ────────────────────────────────────────────────────────────────────────────────────────────────

    attachment #2: dashboard-actual.png (image/png) ────────────────────────────────────────────────
    test-results/VisualTesting-dashboard-Ch-994a2-board-Should-show-dashboard-desktop-firefox-retry1/dashboard-actual.png
    ────────────────────────────────────────────────────────────────────────────────────────────────

    attachment #3: dashboard-diff.png (image/png) ──────────────────────────────────────────────────
    test-results/VisualTesting-dashboard-Ch-994a2-board-Should-show-dashboard-desktop-firefox-retry1/dashboard-diff.png
    ────────────────────────────────────────────────────────────────────────────────────────────────

    attachment #4: screenshot (image/png) ──────────────────────────────────────────────────────────
    test-results/VisualTesting-dashboard-Ch-994a2-board-Should-show-dashboard-desktop-firefox-retry1/test-failed-1.png
    ────────────────────────────────────────────────────────────────────────────────────────────────

    attachment #5: video (video/webm) ──────────────────────────────────────────────────────────────
    test-results/VisualTesting-dashboard-Ch-994a2-board-Should-show-dashboard-desktop-firefox-retry1/video.webm
    ────────────────────────────────────────────────────────────────────────────────────────────────

    attachment #6: trace (application/zip) ─────────────────────────────────────────────────────────
    test-results/VisualTesting-dashboard-Ch-994a2-board-Should-show-dashboard-desktop-firefox-retry1/trace.zip
    Usage:

        npx playwright show-trace test-results/VisualTesting-dashboard-Ch-994a2-board-Should-show-dashboard-desktop-firefox-retry1/trace.zip

    ────────────────────────────────────────────────────────────────────────────────────────────────
]]>
</failure>
<system-out>
<![CDATA[
[[ATTACHMENT|../tests/VisualTesting/dashboard.spec.ts-snapshots/dashboard-desktop-firefox-linux.png]]

[[ATTACHMENT|../test-results/VisualTesting-dashboard-Ch-994a2-board-Should-show-dashboard-desktop-firefox/dashboard-actual.png]]

[[ATTACHMENT|../test-results/VisualTesting-dashboard-Ch-994a2-board-Should-show-dashboard-desktop-firefox/dashboard-diff.png]]

[[ATTACHMENT|../test-results/VisualTesting-dashboard-Ch-994a2-board-Should-show-dashboard-desktop-firefox/test-failed-1.png]]

[[ATTACHMENT|../test-results/VisualTesting-dashboard-Ch-994a2-board-Should-show-dashboard-desktop-firefox/video.webm]]

[[ATTACHMENT|../test-results/VisualTesting-dashboard-Ch-994a2-board-Should-show-dashboard-desktop-firefox/trace.zip]]

[[ATTACHMENT|../tests/VisualTesting/dashboard.spec.ts-snapshots/dashboard-desktop-firefox-linux.png]]

[[ATTACHMENT|../test-results/VisualTesting-dashboard-Ch-994a2-board-Should-show-dashboard-desktop-firefox-retry1/dashboard-actual.png]]

[[ATTACHMENT|../test-results/VisualTesting-dashboard-Ch-994a2-board-Should-show-dashboard-desktop-firefox-retry1/dashboard-diff.png]]

[[ATTACHMENT|../test-results/VisualTesting-dashboard-Ch-994a2-board-Should-show-dashboard-desktop-firefox-retry1/test-failed-1.png]]

[[ATTACHMENT|../test-results/VisualTesting-dashboard-Ch-994a2-board-Should-show-dashboard-desktop-firefox-retry1/video.webm]]

[[ATTACHMENT|../test-results/VisualTesting-dashboard-Ch-994a2-board-Should-show-dashboard-desktop-firefox-retry1/trace.zip]]
]]>
</system-out>
</testcase>
</testsuite>
<testsuite name="Accessibility/pageAccessibility.spec.ts" timestamp="2024-07-16T03:18:01.206Z" hostname="desktop-webkit" tests="3" failures="3" skipped="0" time="0.985" errors="0">
<testcase name="Test Accessibility By Page › Check Page accessibility" classname="Accessibility/pageAccessibility.spec.ts" time="0.438">
<properties>
<property name="Go To" value="Go to: undefined">
</property>
</properties>
<failure message="pageAccessibility.spec.ts:17:9 Check Page accessibility" type="FAILURE">
<![CDATA[  [desktop-webkit] › Accessibility/pageAccessibility.spec.ts:17:9 › Test Accessibility By Page › Check Page accessibility 

    Error: page.goto: url: expected string, got undefined

      21 |         const annotationHelper = new AnnotationHelper(page, pageToTest);
      22 |         annotationHelper.addAnnotation(AnnotationType.GoTo, 'Go to: ' + pageToTest);
    > 23 |         await page.goto(pageToTest);
         |                    ^
      24 |         await accessibilityHelper.checkAccessibility('CustomPage', annotationHelper.getAnnotations());
      25 |
      26 |     });

        at /home/runner/work/Playwright/Playwright/tests/Accessibility/pageAccessibility.spec.ts:23:20

    attachment #1: screenshot (image/png) ──────────────────────────────────────────────────────────
    test-results/Accessibility-pageAccessib-c4c16-ge-Check-Page-accessibility-desktop-webkit/test-failed-1.png
    ────────────────────────────────────────────────────────────────────────────────────────────────

    attachment #2: video (video/webm) ──────────────────────────────────────────────────────────────
    test-results/Accessibility-pageAccessib-c4c16-ge-Check-Page-accessibility-desktop-webkit/video.webm
    ────────────────────────────────────────────────────────────────────────────────────────────────

    attachment #3: trace (application/zip) ─────────────────────────────────────────────────────────
    test-results/Accessibility-pageAccessib-c4c16-ge-Check-Page-accessibility-desktop-webkit/trace.zip
    Usage:

        npx playwright show-trace test-results/Accessibility-pageAccessib-c4c16-ge-Check-Page-accessibility-desktop-webkit/trace.zip

    ────────────────────────────────────────────────────────────────────────────────────────────────
]]>
</failure>
<system-out>
<![CDATA[
[[ATTACHMENT|../test-results/Accessibility-pageAccessib-c4c16-ge-Check-Page-accessibility-desktop-webkit/test-failed-1.png]]

[[ATTACHMENT|../test-results/Accessibility-pageAccessib-c4c16-ge-Check-Page-accessibility-desktop-webkit/video.webm]]

[[ATTACHMENT|../test-results/Accessibility-pageAccessib-c4c16-ge-Check-Page-accessibility-desktop-webkit/trace.zip]]
]]>
</system-out>
</testcase>
<testcase name="Test Accessibility By Page › Check tab order" classname="Accessibility/pageAccessibility.spec.ts" time="0.248">
<properties>
<property name="Go To" value="Go to: undefined">
</property>
</properties>
<failure message="pageAccessibility.spec.ts:28:9 Check tab order" type="FAILURE">
<![CDATA[  [desktop-webkit] › Accessibility/pageAccessibility.spec.ts:28:9 › Test Accessibility By Page › Check tab order 

    Error: page.goto: url: expected string, got undefined

      32 |         const tabHelper = new TabHelper(page, keyPage);
      33 |         annotationHelper.addAnnotation(AnnotationType.GoTo, 'Go to: ' + pageToTest);
    > 34 |         await page.goto(pageToTest);
         |                    ^
      35 |         //Add a number and blue box to the element after press tab
      36 |         await tabHelper.showTabOrder();
      37 |         //Check that the tab is the same that the elements

        at /home/runner/work/Playwright/Playwright/tests/Accessibility/pageAccessibility.spec.ts:34:20

    attachment #1: screenshot (image/png) ──────────────────────────────────────────────────────────
    test-results/Accessibility-pageAccessib-bc5d8-ity-By-Page-Check-tab-order-desktop-webkit/test-failed-1.png
    ────────────────────────────────────────────────────────────────────────────────────────────────

    attachment #2: video (video/webm) ──────────────────────────────────────────────────────────────
    test-results/Accessibility-pageAccessib-bc5d8-ity-By-Page-Check-tab-order-desktop-webkit/video.webm
    ────────────────────────────────────────────────────────────────────────────────────────────────

    attachment #3: trace (application/zip) ─────────────────────────────────────────────────────────
    test-results/Accessibility-pageAccessib-bc5d8-ity-By-Page-Check-tab-order-desktop-webkit/trace.zip
    Usage:

        npx playwright show-trace test-results/Accessibility-pageAccessib-bc5d8-ity-By-Page-Check-tab-order-desktop-webkit/trace.zip

    ────────────────────────────────────────────────────────────────────────────────────────────────
]]>
</failure>
<system-out>
<![CDATA[
[[ATTACHMENT|../test-results/Accessibility-pageAccessib-bc5d8-ity-By-Page-Check-tab-order-desktop-webkit/test-failed-1.png]]

[[ATTACHMENT|../test-results/Accessibility-pageAccessib-bc5d8-ity-By-Page-Check-tab-order-desktop-webkit/video.webm]]

[[ATTACHMENT|../test-results/Accessibility-pageAccessib-bc5d8-ity-By-Page-Check-tab-order-desktop-webkit/trace.zip]]
]]>
</system-out>
</testcase>
<testcase name="Test Accessibility By Page › Check alt text &amp; aria-label" classname="Accessibility/pageAccessibility.spec.ts" time="0.299">
<properties>
<property name="Go To" value="Go to: undefined">
</property>
</properties>
<failure message="pageAccessibility.spec.ts:42:9 Check alt text &amp; aria-label" type="FAILURE">
<![CDATA[  [desktop-webkit] › Accessibility/pageAccessibility.spec.ts:42:9 › Test Accessibility By Page › Check alt text & aria-label 

    Error: page.goto: url: expected string, got undefined

      46 |         const altHelper = new AltHelper(page, keyPage, testInfo);
      47 |         annotationHelper.addAnnotation(AnnotationType.GoTo, 'Go to: ' + pageToTest);
    > 48 |         await page.goto(pageToTest);
         |                    ^
      49 |         //Check that images have alt text attribute
      50 |         await altHelper.checkAltText();
      51 |         //Generate a table with all alt texts

        at /home/runner/work/Playwright/Playwright/tests/Accessibility/pageAccessibility.spec.ts:48:20

    attachment #1: screenshot (image/png) ──────────────────────────────────────────────────────────
    test-results/Accessibility-pageAccessib-e1df0-e-Check-alt-text-aria-label-desktop-webkit/test-failed-1.png
    ────────────────────────────────────────────────────────────────────────────────────────────────

    attachment #2: video (video/webm) ──────────────────────────────────────────────────────────────
    test-results/Accessibility-pageAccessib-e1df0-e-Check-alt-text-aria-label-desktop-webkit/video.webm
    ────────────────────────────────────────────────────────────────────────────────────────────────

    attachment #3: trace (application/zip) ─────────────────────────────────────────────────────────
    test-results/Accessibility-pageAccessib-e1df0-e-Check-alt-text-aria-label-desktop-webkit/trace.zip
    Usage:

        npx playwright show-trace test-results/Accessibility-pageAccessib-e1df0-e-Check-alt-text-aria-label-desktop-webkit/trace.zip

    ────────────────────────────────────────────────────────────────────────────────────────────────
]]>
</failure>
<system-out>
<![CDATA[
[[ATTACHMENT|../test-results/Accessibility-pageAccessib-e1df0-e-Check-alt-text-aria-label-desktop-webkit/test-failed-1.png]]

[[ATTACHMENT|../test-results/Accessibility-pageAccessib-e1df0-e-Check-alt-text-aria-label-desktop-webkit/video.webm]]

[...]

    attachment #4: trace (application/zip) ─────────────────────────────────────────────────────────
    test-results/Synthetic-menu-Synthetic-testing-Should-show-dashboard-desktop-webkit/trace.zip
    Usage:

        npx playwright show-trace test-results/Synthetic-menu-Synthetic-testing-Should-show-dashboard-desktop-webkit/trace.zip

    ────────────────────────────────────────────────────────────────────────────────────────────────

    Retry #1 ───────────────────────────────────────────────────────────────────────────────────────

    Error: Timed out 10000ms waiting for expect(locator).toBeVisible()

    Locator: locator('#summaryExpiration')
    Expected: visible
    Received: hidden
    Call log:
      - expect.toBeVisible with timeout 10000ms
      - waiting for locator('#summaryExpiration')
      -   locator resolved to <app-card-pie-detallado width="400" height="400" id="summaryExpiration" _nghost-ng-c4188208940="" _ngcontent-ng-c3043973981="" classtype="card-header-success">…</app-card-pie-detallado>
      -   unexpected value "hidden"
      -   locator resolved to <app-card-pie-detallado width="400" height="400" id="summaryExpiration" _nghost-ng-c4188208940="" _ngcontent-ng-c3043973981="" classtype="card-header-success">…</app-card-pie-detallado>
      -   unexpected value "hidden"
      -   locator resolved to <app-card-pie-detallado width="400" height="400" id="summaryExpiration" _nghost-ng-c4188208940="" _ngcontent-ng-c3043973981="" classtype="card-header-success">…</app-card-pie-detallado>
      -   unexpected value "hidden"
      -   locator resolved to <app-card-pie-detallado width="400" height="400" id="summaryExpiration" _nghost-ng-c4188208940="" _ngcontent-ng-c3043973981="" classtype="card-header-success">…</app-card-pie-detallado>
      -   unexpected value "hidden"
      -   locator resolved to <app-card-pie-detallado width="400" height="400" id="summaryExpiration" _nghost-ng-c4188208940="" _ngcontent-ng-c3043973981="" classtype="card-header-success">…</app-card-pie-detallado>
      -   unexpected value "hidden"
      -   locator resolved to <app-card-pie-detallado width="400" height="400" id="summaryExpiration" _nghost-ng-c4188208940="" _ngcontent-ng-c3043973981="" classtype="card-header-success">…</app-card-pie-detallado>
      -   unexpected value "hidden"
      -   locator resolved to <app-card-pie-detallado width="400" height="400" id="summaryExpiration" _nghost-ng-c4188208940="" _ngcontent-ng-c3043973981="" classtype="card-header-success">…</app-card-pie-detallado>
      -   unexpected value "hidden"
      -   locator resolved to <app-card-pie-detallado width="400" height="400" id="summaryExpiration" _nghost-ng-c4188208940="" _ngcontent-ng-c3043973981="" classtype="card-header-success">…</app-card-pie-detallado>
      -   unexpected value "hidden"
      -   locator resolved to <app-card-pie-detallado width="400" height="400" id="summaryExpiration" _nghost-ng-c4188208940="" _ngcontent-ng-c3043973981="" classtype="card-header-success">…</app-card-pie-detallado>
      -   unexpected value "hidden"
      -   locator resolved to <app-card-pie-detallado width="400" height="400" id="summaryExpiration" _nghost-ng-c4188208940="" _ngcontent-ng-c3043973981="" classtype="card-header-success">…</app-card-pie-detallado>
      -   unexpected value "hidden"
      -   locator resolved to <app-card-pie-detallado width="400" height="400" id="summaryExpiration" _nghost-ng-c4188208940="" _ngcontent-ng-c3043973981="" classtype="card-header-success">…</app-card-pie-detallado>
      -   unexpected value "hidden"
      -   locator resolved to <app-card-pie-detallado width="400" height="400" id="summaryExpiration" _nghost-ng-c4188208940="" _ngcontent-ng-c3043973981="" classtype="card-header-success">…</app-card-pie-detallado>
      -   unexpected value "hidden"
      -   locator resolved to <app-card-pie-detallado width="400" height="400" id="summaryExpiration" _nghost-ng-c4188208940="" _ngcontent-ng-c3043973981="" classtype="card-header-success">…</app-card-pie-detallado>
      -   unexpected value "hidden"


      36 |         await expect(page.locator('#top5Debt canvas')).toBeVisible({ timeout: timeout });
      37 |         await expect(page.locator('#top5DaysDelay canvas')).toBeVisible({ timeout: timeout });
    > 38 |         await expect(page.locator('#summaryExpiration')).toBeVisible();
         |                                                          ^
      39 |         const topMenuLocator = 'app-menu > p-menubar > .p-menubar > p-menubarsub > ul > li > .p-menuitem-content > a > .p-menuitem-text';
      40 |         const menusInPage = await page.locator(topMenuLocator).allInnerTexts();
      41 |         const menus = ['AccountsReceivable', 'Config'];

        at /home/runner/work/Playwright/Playwright/tests/Synthetic/menu.spec.ts:38:58

    attachment #1: screenshot (image/png) ──────────────────────────────────────────────────────────
    test-results/Synthetic-menu-Synthetic-testing-Should-show-dashboard-desktop-webkit-retry1/test-failed-1.png
    ────────────────────────────────────────────────────────────────────────────────────────────────

    attachment #2: video (video/webm) ──────────────────────────────────────────────────────────────
    test-results/Synthetic-menu-Synthetic-testing-Should-show-dashboard-desktop-webkit-retry1/video.webm
    ────────────────────────────────────────────────────────────────────────────────────────────────

    attachment #3: trace (application/zip) ─────────────────────────────────────────────────────────
    test-results/Synthetic-menu-Synthetic-testing-Should-show-dashboard-desktop-webkit-retry1/trace.zip
    Usage:

        npx playwright show-trace test-results/Synthetic-menu-Synthetic-testing-Should-show-dashboard-desktop-webkit-retry1/trace.zip

    ────────────────────────────────────────────────────────────────────────────────────────────────
]]>
</failure>
<system-out>
<![CDATA[
[[ATTACHMENT|../test-results/Synthetic-menu-Synthetic-testing-Should-show-dashboard-desktop-webkit/test-failed-2.png]]

[[ATTACHMENT|../test-results/Synthetic-menu-Synthetic-testing-Should-show-dashboard-desktop-webkit/test-failed-1.png]]

[[ATTACHMENT|../test-results/Synthetic-menu-Synthetic-testing-Should-show-dashboard-desktop-webkit/video.webm]]

[[ATTACHMENT|../test-results/Synthetic-menu-Synthetic-testing-Should-show-dashboard-desktop-webkit/trace.zip]]

[[ATTACHMENT|../test-results/Synthetic-menu-Synthetic-testing-Should-show-dashboard-desktop-webkit-retry1/test-failed-1.png]]

[[ATTACHMENT|../test-results/Synthetic-menu-Synthetic-testing-Should-show-dashboard-desktop-webkit-retry1/video.webm]]

[[ATTACHMENT|../test-results/Synthetic-menu-Synthetic-testing-Should-show-dashboard-desktop-webkit-retry1/trace.zip]]
]]>
</system-out>
</testcase>
</testsuite>
<testsuite name="VisualTesting/dashboard.spec.ts" timestamp="2024-07-16T03:18:01.206Z" hostname="desktop-webkit" tests="1" failures="1" skipped="0" time="29.445" errors="0">
<testcase name="Check Dashboard › Should show dashboard" classname="VisualTesting/dashboard.spec.ts" time="29.445">
<properties>
<property name="Mock" value="Modify the summary with fixed data">
</property>
<property name="Mock" value="Modify the &quot;Sumary Expiration&quot; with fixed data">
</property>
<property name="Mock" value="Modify the &quot;Top 5 delay&quot; with fixed data">
</property>
<property name="Mock" value="Modify the &quot;Top 5 total&quot; with fixed data">
</property>
<property name="Mock" value="Modify the &quot;Top 5 type&quot; with fixed data">
</property>
<property name="Mock" value="Modify the &quot;Top 10 Limit 1&quot; with fixed data">
</property>
<property name="Mock" value="Modify the &quot;Top 10 Limit 2&quot; with fixed data">
</property>
<property name="Mock" value="Modify the &quot;Top 10 Limit 3&quot; with fixed data">
</property>
<property name="Mock" value="Modify the &quot;Top 10 To Expire&quot; with fixed data">
</property>
<property name="Go To" value="Go to the page: &quot;https://effizientedemo.azurewebsites.net/AccountsReceivable/dashboard&quot;">
</property>
</properties>
<failure message="dashboard.spec.ts:8:9 Should show dashboard" type="FAILURE">
<![CDATA[  [desktop-webkit] › VisualTesting/dashboard.spec.ts:8:9 › Check Dashboard › Should show dashboard ─

    Error: Timed out 10000ms waiting for expect(locator).toBeVisible()

    Locator: locator('#summaryExpiration')
    Expected: visible
    Received: hidden
    Call log:
      - expect.toBeVisible with timeout 10000ms
      - waiting for locator('#summaryExpiration')
      -   locator resolved to <app-card-pie-detallado width="400" height="400" id="summaryExpiration" _nghost-ng-c4188208940="" _ngcontent-ng-c3043973981="" classtype="card-header-success">…</app-card-pie-detallado>
      -   unexpected value "hidden"
      -   locator resolved to <app-card-pie-detallado width="400" height="400" id="summaryExpiration" _nghost-ng-c4188208940="" _ngcontent-ng-c3043973981="" classtype="card-header-success">…</app-card-pie-detallado>
      -   unexpected value "hidden"
      -   locator resolved to <app-card-pie-detallado width="400" height="400" id="summaryExpiration" _nghost-ng-c4188208940="" _ngcontent-ng-c3043973981="" classtype="card-header-success">…</app-card-pie-detallado>
      -   unexpected value "hidden"
      -   locator resolved to <app-card-pie-detallado width="400" height="400" id="summaryExpiration" _nghost-ng-c4188208940="" _ngcontent-ng-c3043973981="" classtype="card-header-success">…</app-card-pie-detallado>
      -   unexpected value "hidden"
      -   locator resolved to <app-card-pie-detallado width="400" height="400" id="summaryExpiration" _nghost-ng-c4188208940="" _ngcontent-ng-c3043973981="" classtype="card-header-success">…</app-card-pie-detallado>
      -   unexpected value "hidden"
      -   locator resolved to <app-card-pie-detallado width="400" height="400" id="summaryExpiration" _nghost-ng-c4188208940="" _ngcontent-ng-c3043973981="" classtype="card-header-success">…</app-card-pie-detallado>
      -   unexpected value "hidden"
      -   locator resolved to <app-card-pie-detallado width="400" height="400" id="summaryExpiration" _nghost-ng-c4188208940="" _ngcontent-ng-c3043973981="" classtype="card-header-success">…</app-card-pie-detallado>
      -   unexpected value "hidden"
      -   locator resolved to <app-card-pie-detallado width="400" height="400" id="summaryExpiration" _nghost-ng-c4188208940="" _ngcontent-ng-c3043973981="" classtype="card-header-success">…</app-card-pie-detallado>
      -   unexpected value "hidden"
      -   locator resolved to <app-card-pie-detallado width="400" height="400" id="summaryExpiration" _nghost-ng-c4188208940="" _ngcontent-ng-c3043973981="" classtype="card-header-success">…</app-card-pie-detallado>
      -   unexpected value "hidden"
      -   locator resolved to <app-card-pie-detallado width="400" height="400" id="summaryExpiration" _nghost-ng-c4188208940="" _ngcontent-ng-c3043973981="" classtype="card-header-success">…</app-card-pie-detallado>
      -   unexpected value "hidden"
      -   locator resolved to <app-card-pie-detallado width="400" height="400" id="summaryExpiration" _nghost-ng-c4188208940="" _ngcontent-ng-c3043973981="" classtype="card-header-success">…</app-card-pie-detallado>
      -   unexpected value "hidden"
      -   locator resolved to <app-card-pie-detallado width="400" height="400" id="summaryExpiration" _nghost-ng-c4188208940="" _ngcontent-ng-c3043973981="" classtype="card-header-success">…</app-card-pie-detallado>
      -   unexpected value "hidden"
      -   locator resolved to <app-card-pie-detallado width="400" height="400" id="summaryExpiration" _nghost-ng-c4188208940="" _ngcontent-ng-c3043973981="" classtype="card-header-success">…</app-card-pie-detallado>
      -   unexpected value "hidden"


       at ../pages/Effiziente/dashboardPage.ts:44

      42 |         await expect(this.page.locator(this.top5Debt.name)).toBeVisible();
      43 |         await expect(this.page.locator(this.top5DaysDelay.name)).toBeVisible();
    > 44 |         await expect(this.page.locator(this.summaryExpiration.name)).toBeVisible();
         |                                                                      ^
      45 |     }
      46 |
      47 |     /**

        at DashboardPage.waitForChartsAreVisible (/home/runner/work/Playwright/Playwright/pages/Effiziente/dashboardPage.ts:44:70)
        at /home/runner/work/Playwright/Playwright/tests/VisualTesting/dashboard.spec.ts:15:9

    attachment #1: screenshot (image/png) ──────────────────────────────────────────────────────────
    test-results/VisualTesting-dashboard-Ch-994a2-board-Should-show-dashboard-desktop-webkit/test-failed-1.png
    ────────────────────────────────────────────────────────────────────────────────────────────────

    attachment #2: video (video/webm) ──────────────────────────────────────────────────────────────
    test-results/VisualTesting-dashboard-Ch-994a2-board-Should-show-dashboard-desktop-webkit/video.webm
    ────────────────────────────────────────────────────────────────────────────────────────────────

    attachment #3: trace (application/zip) ─────────────────────────────────────────────────────────
    test-results/VisualTesting-dashboard-Ch-994a2-board-Should-show-dashboard-desktop-webkit/trace.zip
    Usage:

        npx playwright show-trace test-results/VisualTesting-dashboard-Ch-994a2-board-Should-show-dashboard-desktop-webkit/trace.zip

    ────────────────────────────────────────────────────────────────────────────────────────────────

    Retry #1 ───────────────────────────────────────────────────────────────────────────────────────

    Error: Timed out 10000ms waiting for expect(locator).toBeVisible()

    Locator: locator('#summaryExpiration')
    Expected: visible
    Received: hidden
    Call log:
      - expect.toBeVisible with timeout 10000ms
      - waiting for locator('#summaryExpiration')
      -   locator resolved to <app-card-pie-detallado width="400" height="400" id="summaryExpiration" _nghost-ng-c4188208940="" _ngcontent-ng-c3043973981="" classtype="card-header-success">…</app-card-pie-detallado>
      -   unexpected value "hidden"
      -   locator resolved to <app-card-pie-detallado width="400" height="400" id="summaryExpiration" _nghost-ng-c4188208940="" _ngcontent-ng-c3043973981="" classtype="card-header-success">…</app-card-pie-detallado>
      -   unexpected value "hidden"
      -   locator resolved to <app-card-pie-detallado width="400" height="400" id="summaryExpiration" _nghost-ng-c4188208940="" _ngcontent-ng-c3043973981="" classtype="card-header-success">…</app-card-pie-detallado>
      -   unexpected value "hidden"
      -   locator resolved to <app-card-pie-detallado width="400" height="400" id="summaryExpiration" _nghost-ng-c4188208940="" _ngcontent-ng-c3043973981="" classtype="card-header-success">…</app-card-pie-detallado>
      -   unexpected value "hidden"
      -   locator resolved to <app-card-pie-detallado width="400" height="400" id="summaryExpiration" _nghost-ng-c4188208940="" _ngcontent-ng-c3043973981="" classtype="card-header-success">…</app-card-pie-detallado>
      -   unexpected value "hidden"
      -   locator resolved to <app-card-pie-detallado width="400" height="400" id="summaryExpiration" _nghost-ng-c4188208940="" _ngcontent-ng-c3043973981="" classtype="card-header-success">…</app-card-pie-detallado>
      -   unexpected value "hidden"
      -   locator resolved to <app-card-pie-detallado width="400" height="400" id="summaryExpiration" _nghost-ng-c4188208940="" _ngcontent-ng-c3043973981="" classtype="card-header-success">…</app-card-pie-detallado>
      -   unexpected value "hidden"
      -   locator resolved to <app-card-pie-detallado width="400" height="400" id="summaryExpiration" _nghost-ng-c4188208940="" _ngcontent-ng-c3043973981="" classtype="card-header-success">…</app-card-pie-detallado>
      -   unexpected value "hidden"
      -   locator resolved to <app-card-pie-detallado width="400" height="400" id="summaryExpiration" _nghost-ng-c4188208940="" _ngcontent-ng-c3043973981="" classtype="card-header-success">…</app-card-pie-detallado>
      -   unexpected value "hidden"
      -   locator resolved to <app-card-pie-detallado width="400" height="400" id="summaryExpiration" _nghost-ng-c4188208940="" _ngcontent-ng-c3043973981="" classtype="card-header-success">…</app-card-pie-detallado>
      -   unexpected value "hidden"
      -   locator resolved to <app-card-pie-detallado width="400" height="400" id="summaryExpiration" _nghost-ng-c4188208940="" _ngcontent-ng-c3043973981="" classtype="card-header-success">…</app-card-pie-detallado>
      -   unexpected value "hidden"
      -   locator resolved to <app-card-pie-detallado width="400" height="400" id="summaryExpiration" _nghost-ng-c4188208940="" _ngcontent-ng-c3043973981="" classtype="card-header-success">…</app-card-pie-detallado>
      -   unexpected value "hidden"
      -   locator resolved to <app-card-pie-detallado width="400" height="400" id="summaryExpiration" _nghost-ng-c4188208940="" _ngcontent-ng-c3043973981="" classtype="card-header-success">…</app-card-pie-detallado>
      -   unexpected value "hidden"


       at ../pages/Effiziente/dashboardPage.ts:44

      42 |         await expect(this.page.locator(this.top5Debt.name)).toBeVisible();
      43 |         await expect(this.page.locator(this.top5DaysDelay.name)).toBeVisible();
    > 44 |         await expect(this.page.locator(this.summaryExpiration.name)).toBeVisible();
         |                                                                      ^
      45 |     }
      46 |
      47 |     /**

        at DashboardPage.waitForChartsAreVisible (/home/runner/work/Playwright/Playwright/pages/Effiziente/dashboardPage.ts:44:70)
        at /home/runner/work/Playwright/Playwright/tests/VisualTesting/dashboard.spec.ts:15:9

    attachment #1: screenshot (image/png) ──────────────────────────────────────────────────────────
    test-results/VisualTesting-dashboard-Ch-994a2-board-Should-show-dashboard-desktop-webkit-retry1/test-failed-1.png
    ────────────────────────────────────────────────────────────────────────────────────────────────

    attachment #2: video (video/webm) ──────────────────────────────────────────────────────────────
    test-results/VisualTesting-dashboard-Ch-994a2-board-Should-show-dashboard-desktop-webkit-retry1/video.webm
    ────────────────────────────────────────────────────────────────────────────────────────────────

    attachment #3: trace (application/zip) ─────────────────────────────────────────────────────────
    test-results/VisualTesting-dashboard-Ch-994a2-board-Should-show-dashboard-desktop-webkit-retry1/trace.zip
    Usage:

        npx playwright show-trace test-results/VisualTesting-dashboard-Ch-994a2-board-Should-show-dashboard-desktop-webkit-retry1/trace.zip

    ────────────────────────────────────────────────────────────────────────────────────────────────
]]>
</failure>
<system-out>
<![CDATA[
[[ATTACHMENT|../test-results/VisualTesting-dashboard-Ch-994a2-board-Should-show-dashboard-desktop-webkit/test-failed-1.png]]

[[ATTACHMENT|../test-results/VisualTesting-dashboard-Ch-994a2-board-Should-show-dashboard-desktop-webkit/video.webm]]

[[ATTACHMENT|../test-results/VisualTesting-dashboard-Ch-994a2-board-Should-show-dashboard-desktop-webkit/trace.zip]]

[[ATTACHMENT|../test-results/VisualTesting-dashboard-Ch-994a2-board-Should-show-dashboard-desktop-webkit-retry1/test-failed-1.png]]

[[ATTACHMENT|../test-results/VisualTesting-dashboard-Ch-994a2-board-Should-show-dashboard-desktop-webkit-retry1/video.webm]]

[[ATTACHMENT|../test-results/VisualTesting-dashboard-Ch-994a2-board-Should-show-dashboard-desktop-webkit-retry1/trace.zip]]
]]>
</system-out>
</testcase>
</testsuite>
</testsuites>