<testsuites id="" name="" tests="54" failures="13" skipped="2" errors="0" time="163.672922">
<testsuite name="Fixture-LambdaTest/loginLambdaTestFixture.spec.ts" timestamp="2024-06-29T17:14:26.713Z" hostname="chrome:latest:MacOS Catalina@lambdatest" tests="1" failures="0" skipped="0" time="28.614" errors="0">
<testcase name="Login › Login with valid user load inventory page" classname="Fixture-LambdaTest/loginLambdaTestFixture.spec.ts" time="28.614">
<properties>
<property name="Go To" value="Go to the page: &quot;https://www.saucedemo.com&quot;">
</property>
<property name="InputText" value="Fill &quot;Username:&quot; with the value: &quot;standard_user&quot;">
</property>
<property name="InputPassword" value="Fill: &quot;Password with value: *****&quot;">
</property>
<property name="Button" value="Click: &quot;Login&quot;">
</property>
<property name="Assert" value="Check URL Page equal to: &quot;https://www.saucedemo.com/inventory.html&quot;">
</property>
</properties>
</testcase>
</testsuite>
<testsuite name="Fixture-LambdaTest/loginLambdaTestFixture.spec.ts" timestamp="2024-06-29T17:14:26.713Z" hostname="pw-webkit:latest:MacOS Monterey@lambdatest" tests="1" failures="0" skipped="0" time="41.211" errors="0">
<testcase name="Login › Login with valid user load inventory page" classname="Fixture-LambdaTest/loginLambdaTestFixture.spec.ts" time="41.211">
<properties>
<property name="Go To" value="Go to the page: &quot;https://www.saucedemo.com&quot;">
</property>
<property name="InputText" value="Fill &quot;Username:&quot; with the value: &quot;standard_user&quot;">
</property>
<property name="InputPassword" value="Fill: &quot;Password with value: *****&quot;">
</property>
<property name="Button" value="Click: &quot;Login&quot;">
</property>
<property name="Assert" value="Check URL Page equal to: &quot;https://www.saucedemo.com/inventory.html&quot;">
</property>
</properties>
</testcase>
</testsuite>
<testsuite name="Fixture-LambdaTest/loginLambdaTestFixture.spec.ts" timestamp="2024-06-29T17:14:26.713Z" hostname="chrome:latest:Windows 10@lambdatest" tests="1" failures="0" skipped="0" time="30.385" errors="0">
<testcase name="Login › Login with valid user load inventory page" classname="Fixture-LambdaTest/loginLambdaTestFixture.spec.ts" time="30.385">
<properties>
<property name="Go To" value="Go to the page: &quot;https://www.saucedemo.com&quot;">
</property>
<property name="InputText" value="Fill &quot;Username:&quot; with the value: &quot;standard_user&quot;">
</property>
<property name="InputPassword" value="Fill: &quot;Password with value: *****&quot;">
</property>
<property name="Button" value="Click: &quot;Login&quot;">
</property>
<property name="Assert" value="Check URL Page equal to: &quot;https://www.saucedemo.com/inventory.html&quot;">
</property>
</properties>
</testcase>
</testsuite>
<testsuite name="Accessibility/pageAccessibility.spec.ts" timestamp="2024-06-29T17:14:26.713Z" hostname="chromium" tests="3" failures="3" skipped="0" time="0.334" errors="0">
<testcase name="Test Accessibility By Page › Check Page accessibility" classname="Accessibility/pageAccessibility.spec.ts" time="0.114">
<properties>
<property name="Go To" value="Go to: undefined">
</property>
</properties>
<failure message="pageAccessibility.spec.ts:17:9 Check Page accessibility" type="FAILURE">
<![CDATA[  [chromium] › Accessibility/pageAccessibility.spec.ts:17:9 › Test Accessibility By Page › Check Page accessibility 

    Error: page.goto: url: expected string, got undefined

      21 |         const annotationHelper = new AnnotationHelper(page, pageToTest);
      22 |         annotationHelper.addAnnotation(AnnotationType.GoTo, 'Go to: ' + pageToTest);
    > 23 |         await page.goto(pageToTest);
         |                    ^
      24 |         await accessibilityHelper.checkAccessibility('CustomPage', annotationHelper.getAnnotations());
      25 |
      26 |     });

        at /home/runner/work/Playwright/Playwright/tests/Accessibility/pageAccessibility.spec.ts:23:20

    attachment #1: screenshot (image/png) ──────────────────────────────────────────────────────────
    test-results/Accessibility-pageAccessib-c4c16-ge-Check-Page-accessibility-chromium/test-failed-1.png
    ────────────────────────────────────────────────────────────────────────────────────────────────

    attachment #2: video (video/webm) ──────────────────────────────────────────────────────────────
    test-results/Accessibility-pageAccessib-c4c16-ge-Check-Page-accessibility-chromium/video.webm
    ────────────────────────────────────────────────────────────────────────────────────────────────

    attachment #3: trace (application/zip) ─────────────────────────────────────────────────────────
    test-results/Accessibility-pageAccessib-c4c16-ge-Check-Page-accessibility-chromium/trace.zip
    Usage:

        npx playwright show-trace test-results/Accessibility-pageAccessib-c4c16-ge-Check-Page-accessibility-chromium/trace.zip

    ────────────────────────────────────────────────────────────────────────────────────────────────
]]>
</failure>
<system-out>
<![CDATA[
[[ATTACHMENT|../test-results/Accessibility-pageAccessib-c4c16-ge-Check-Page-accessibility-chromium/test-failed-1.png]]

[[ATTACHMENT|../test-results/Accessibility-pageAccessib-c4c16-ge-Check-Page-accessibility-chromium/video.webm]]

[[ATTACHMENT|../test-results/Accessibility-pageAccessib-c4c16-ge-Check-Page-accessibility-chromium/trace.zip]]
]]>
</system-out>
</testcase>
<testcase name="Test Accessibility By Page › Check tab order" classname="Accessibility/pageAccessibility.spec.ts" time="0.111">
<properties>
<property name="Go To" value="Go to: undefined">
</property>
</properties>
<failure message="pageAccessibility.spec.ts:28:9 Check tab order" type="FAILURE">
<![CDATA[  [chromium] › Accessibility/pageAccessibility.spec.ts:28:9 › Test Accessibility By Page › Check tab order 

    Error: page.goto: url: expected string, got undefined

      32 |         const tabHelper = new TabHelper(page, keyPage);
      33 |         annotationHelper.addAnnotation(AnnotationType.GoTo, 'Go to: ' + pageToTest);
    > 34 |         await page.goto(pageToTest);
         |                    ^
      35 |         //Add a number and blue box to the element after press tab
      36 |         await tabHelper.showTabOrder();
      37 |         //Check that the tab is the same that the elements

        at /home/runner/work/Playwright/Playwright/tests/Accessibility/pageAccessibility.spec.ts:34:20

    attachment #1: screenshot (image/png) ──────────────────────────────────────────────────────────
    test-results/Accessibility-pageAccessib-bc5d8-ity-By-Page-Check-tab-order-chromium/test-failed-1.png
    ────────────────────────────────────────────────────────────────────────────────────────────────

    attachment #2: video (video/webm) ──────────────────────────────────────────────────────────────
    test-results/Accessibility-pageAccessib-bc5d8-ity-By-Page-Check-tab-order-chromium/video.webm
    ────────────────────────────────────────────────────────────────────────────────────────────────

    attachment #3: trace (application/zip) ─────────────────────────────────────────────────────────
    test-results/Accessibility-pageAccessib-bc5d8-ity-By-Page-Check-tab-order-chromium/trace.zip
    Usage:

        npx playwright show-trace test-results/Accessibility-pageAccessib-bc5d8-ity-By-Page-Check-tab-order-chromium/trace.zip

    ────────────────────────────────────────────────────────────────────────────────────────────────
]]>
</failure>
<system-out>
<![CDATA[
[[ATTACHMENT|../test-results/Accessibility-pageAccessib-bc5d8-ity-By-Page-Check-tab-order-chromium/test-failed-1.png]]

[[ATTACHMENT|../test-results/Accessibility-pageAccessib-bc5d8-ity-By-Page-Check-tab-order-chromium/video.webm]]

[[ATTACHMENT|../test-results/Accessibility-pageAccessib-bc5d8-ity-By-Page-Check-tab-order-chromium/trace.zip]]
]]>
</system-out>
</testcase>
<testcase name="Test Accessibility By Page › Check alt text &amp; aria-label" classname="Accessibility/pageAccessibility.spec.ts" time="0.109">
<properties>
<property name="Go To" value="Go to: undefined">
</property>
</properties>
<failure message="pageAccessibility.spec.ts:42:9 Check alt text &amp; aria-label" type="FAILURE">
<![CDATA[  [chromium] › Accessibility/pageAccessibility.spec.ts:42:9 › Test Accessibility By Page › Check alt text & aria-label 

    Error: page.goto: url: expected string, got undefined

      46 |         const altHelper = new AltHelper(page, keyPage, testInfo);
      47 |         annotationHelper.addAnnotation(AnnotationType.GoTo, 'Go to: ' + pageToTest);
    > 48 |         await page.goto(pageToTest);
         |                    ^
      49 |         //Check that images have alt text attribute
      50 |         await altHelper.checkAltText();
      51 |         //Generate a table with all alt texts

        at /home/runner/work/Playwright/Playwright/tests/Accessibility/pageAccessibility.spec.ts:48:20

    attachment #1: screenshot (image/png) ──────────────────────────────────────────────────────────
    test-results/Accessibility-pageAccessib-e1df0-e-Check-alt-text-aria-label-chromium/test-failed-1.png
    ────────────────────────────────────────────────────────────────────────────────────────────────

    attachment #2: video (video/webm) ──────────────────────────────────────────────────────────────
    test-results/Accessibility-pageAccessib-e1df0-e-Check-alt-text-aria-label-chromium/video.webm
    ────────────────────────────────────────────────────────────────────────────────────────────────

    attachment #3: trace (application/zip) ─────────────────────────────────────────────────────────
    test-results/Accessibility-pageAccessib-e1df0-e-Check-alt-text-aria-label-chromium/trace.zip
    Usage:

        npx playwright show-trace test-results/Accessibility-pageAccessib-e1df0-e-Check-alt-text-aria-label-chromium/trace.zip

    ────────────────────────────────────────────────────────────────────────────────────────────────
]]>
</failure>
<system-out>
<![CDATA[
[[ATTACHMENT|../test-results/Accessibility-pageAccessib-e1df0-e-Check-alt-text-aria-label-chromium/test-failed-1.png]]

[[ATTACHMENT|../test-results/Accessibility-pageAccessib-e1df0-e-Check-alt-text-aria-label-chromium/video.webm]]

[[ATTACHMENT|../test-results/Accessibility-pageAccessib-e1df0-e-Check-alt-text-aria-label-chromium/trace.zip]]
]]>
</system-out>
</testcase>
</testsuite>
<testsuite name="AI/login.spec.ts" timestamp="2024-06-29T17:14:26.713Z" hostname="chromium" tests="1" failures="0" skipped="0" time="5.055" errors="0">
<testcase name="AI Zero Step › Should show dashboard after login" classname="AI/login.spec.ts" time="5.055">
</testcase>
</testsuite>
<testsuite name="Api/addToCart.spec.ts" timestamp="2024-06-29T17:14:26.713Z" hostname="chromium" tests="1" failures="1" skipped="0" time="0.433" errors="0">
<testcase name="Contoso Traders › Should add an item to the cart" classname="Api/addToCart.spec.ts" time="0.433">
<properties>
<property name="Go To" value="Go to the page: &quot;https://cloudtesting.contosotraders.com&quot;">
</property>
</properties>
<failure message="addToCart.spec.ts:10:9 Should add an item to the cart" type="FAILURE">
<![CDATA[  [chromium] › Api/addToCart.spec.ts:10:9 › Contoso Traders › Should add an item to the cart › Go to the page: "https://cloudtesting.contosotraders.com" 

    Error: page.goto: net::ERR_NAME_NOT_RESOLVED at https://cloudtesting.contosotraders.com/
    Call log:
      - navigating to "https://cloudtesting.contosotraders.com/", waiting until "load"


       at ../pages/ContosoTraders/homePage.ts:24

      22 |         const url = process.env.CONTOSO_URL ?? 'https://cloudtesting.contosotraders.com';
      23 |         await this.addStepWithAnnotation(AnnotationType.GoTo, 'Go to the page: "' + url + '"', async () => {
    > 24 |             await this.page.goto(url);
         |                             ^
      25 |         });
      26 |     }
      27 |

        at /home/runner/work/Playwright/Playwright/pages/ContosoTraders/homePage.ts:24:29
        at HomePage.addStepWithAnnotation (/home/runner/work/Playwright/Playwright/pages/basePage.ts:55:31)
        at HomePage.goTo (/home/runner/work/Playwright/Playwright/pages/ContosoTraders/homePage.ts:23:20)
        at /home/runner/work/Playwright/Playwright/tests/Api/addToCart.spec.ts:12:24

    attachment #1: screenshot (image/png) ──────────────────────────────────────────────────────────
    test-results/Api-addToCart-Contoso-Traders-Should-add-an-item-to-the-cart-chromium/test-failed-1.png
    ────────────────────────────────────────────────────────────────────────────────────────────────

    attachment #2: video (video/webm) ──────────────────────────────────────────────────────────────
    test-results/Api-addToCart-Contoso-Traders-Should-add-an-item-to-the-cart-chromium/video.webm
    ────────────────────────────────────────────────────────────────────────────────────────────────

    attachment #3: trace (application/zip) ─────────────────────────────────────────────────────────
    test-results/Api-addToCart-Contoso-Traders-Should-add-an-item-to-the-cart-chromium/trace.zip
    Usage:

        npx playwright show-trace test-results/Api-addToCart-Contoso-Traders-Should-add-an-item-to-the-cart-chromium/trace.zip

    ────────────────────────────────────────────────────────────────────────────────────────────────

    Retry #1 ───────────────────────────────────────────────────────────────────────────────────────

    Error: page.goto: net::ERR_NAME_NOT_RESOLVED at https://cloudtesting.contosotraders.com/
    Call log:
      - navigating to "https://cloudtesting.contosotraders.com/", waiting until "load"


       at ../pages/ContosoTraders/homePage.ts:24

      22 |         const url = process.env.CONTOSO_URL ?? 'https://cloudtesting.contosotraders.com';
      23 |         await this.addStepWithAnnotation(AnnotationType.GoTo, 'Go to the page: "' + url + '"', async () => {
    > 24 |             await this.page.goto(url);
         |                             ^
      25 |         });
      26 |     }
      27 |

        at /home/runner/work/Playwright/Playwright/pages/ContosoTraders/homePage.ts:24:29
        at HomePage.addStepWithAnnotation (/home/runner/work/Playwright/Playwright/pages/basePage.ts:55:31)
        at HomePage.goTo (/home/runner/work/Playwright/Playwright/pages/ContosoTraders/homePage.ts:23:20)
        at /home/runner/work/Playwright/Playwright/tests/Api/addToCart.spec.ts:12:24

    attachment #1: screenshot (image/png) ──────────────────────────────────────────────────────────
    test-results/Api-addToCart-Contoso-Traders-Should-add-an-item-to-the-cart-chromium-retry1/test-failed-1.png
    ────────────────────────────────────────────────────────────────────────────────────────────────

    attachment #2: video (video/webm) ──────────────────────────────────────────────────────────────
    test-results/Api-addToCart-Contoso-Traders-Should-add-an-item-to-the-cart-chromium-retry1/video.webm
    ────────────────────────────────────────────────────────────────────────────────────────────────

    attachment #3: trace (application/zip) ─────────────────────────────────────────────────────────
    test-results/Api-addToCart-Contoso-Traders-Should-add-an-item-to-the-cart-chromium-retry1/trace.zip
    Usage:

        npx playwright show-trace test-results/Api-addToCart-Contoso-Traders-Should-add-an-item-to-the-cart-chromium-retry1/trace.zip

    ────────────────────────────────────────────────────────────────────────────────────────────────
]]>
</failure>
<system-out>
<![CDATA[
[[ATTACHMENT|../test-results/Api-addToCart-Contoso-Traders-Should-add-an-item-to-the-cart-chromium/test-failed-1.png]]

[[ATTACHMENT|../test-results/Api-addToCart-Contoso-Traders-Should-add-an-item-to-the-cart-chromium/video.webm]]

[[ATTACHMENT|../test-results/Api-addToCart-Contoso-Traders-Should-add-an-item-to-the-cart-chromium/trace.zip]]

[[ATTACHMENT|../test-results/Api-addToCart-Contoso-Traders-Should-add-an-item-to-the-cart-chromium-retry1/test-failed-1.png]]

[[ATTACHMENT|../test-results/Api-addToCart-Contoso-Traders-Should-add-an-item-to-the-cart-chromium-retry1/video.webm]]

[[ATTACHMENT|../test-results/Api-addToCart-Contoso-Traders-Should-add-an-item-to-the-cart-chromium-retry1/trace.zip]]
]]>
</system-out>
</testcase>
</testsuite>
<testsuite name="Api/servers.spec.ts" timestamp="2024-06-29T17:14:26.713Z" hostname="chromium" tests="2" failures="0" skipped="0" time="5.517" errors="0">
<testcase name="Servers › Should add a server" classname="Api/servers.spec.ts" time="2.341">
<properties>
<property name="Go To" value="Go to the servers page: &quot;https://effizientedemo.azurewebsites.net/Security/servers&quot;">
</property>
<property name="Button" value="Click: &quot;Add&quot;">
</property>
<property name="InputText" value="Fill &quot;Key:&quot; with the value: &quot;208684&quot;">
</property>
<property name="InputText" value="Fill &quot;Name:&quot; with the value: &quot;Quitzon and Sons&quot;">
</property>
<property name="InputText" value="Fill &quot;Url:&quot; with the value: &quot;https://baggy-creation.org/&quot;">
</property>
<property name="Button" value="Click: &quot;Save&quot;">
</property>
<property name="Assert" value="Success message is visible">
</property>
<property name="Assert" value="Server id should be a number greater than 1">
</property>
<property name="Assert" value="Server with the key: &quot;208684&quot; exists in the table">
</property>
<property name="Assert" value="The server name for the key: &quot;208684&quot; is: &quot;Quitzon and Sons&quot;">
</property>
<property name="Assert" value="The server url for the key: &quot;208684&quot; is: &quot;https://baggy-creation.org/&quot;">
</property>
</properties>
<system-out>
<![CDATA[index:2
]]>
</system-out>
</testcase>
<testcase name="Servers › Should edit a server" classname="Api/servers.spec.ts" time="3.176">
<properties>
<property name="Go To" value="Go to the servers page: &quot;https://effizientedemo.azurewebsites.net/Security/servers&quot;">
</property>
<property name="Step" value="Create server with API">
</property>
<property name="Go To" value="Go to the servers page: &quot;https://effizientedemo.azurewebsites.net/Security/servers&quot;">
</property>
<property name="InputText" value="Fill &quot;key:&quot; with the value: &quot;547659&quot;">
</property>
<property name="InputText" value="Fill &quot;Name:&quot; with the value: &quot;VonRueden Group&quot;">
</property>
<property name="InputText" value="Fill &quot;Url:&quot; with the value: &quot;https://babyish-divide.net/&quot;">
</property>
<property name="Button" value="Click: &quot;Save&quot;">
</property>
<property name="Assert" value="Success message is visible">
</property>
<property name="Assert" value="Server with the key: &quot;547659&quot; exists in the table">
</property>
<property name="Assert" value="The server name for the key: &quot;547659&quot; is: &quot;VonRueden Group&quot;">
</property>
<property name="Assert" value="The server url for the key: &quot;547659&quot; is: &quot;https://babyish-divide.net/&quot;">
</property>
</properties>
<system-out>
<![CDATA[index:2
]]>
</system-out>
</testcase>
</testsuite>
<testsuite name="Basic/login.spec.ts" timestamp="2024-06-29T17:14:26.713Z" hostname="chromium" tests="1" failures="0" skipped="0" time="0.631" errors="0">
<testcase name="Login › Login with valid user load inventory page" classname="Basic/login.spec.ts" time="0.631">
<properties>
<property name="Go To" value="Go to the page: &quot;https://www.saucedemo.com&quot;">
</property>
<property name="InputText" value="Fill &quot;Username:&quot; with the value: &quot;standard_user&quot;">
</property>
<property name="InputPassword" value="Fill: &quot;Password with value: *****&quot;">
</property>
<property name="Button" value="Click: &quot;Login&quot;">
</property>
<property name="Assert" value="Check URL Page is equal to: &quot;https://www.saucedemo.com/inventory.html&quot;">
</property>
</properties>
</testcase>
</testsuite>
<testsuite name="Basic/menu.spec.ts" timestamp="2024-06-29T17:14:26.713Z" hostname="chromium" tests="2" failures="0" skipped="0" time="7.817" errors="0">
<testcase name="Normal user › Should returns user menu" classname="Basic/menu.spec.ts" time="3.023">
<properties>
<property name="Go To" value="Go to the page: &quot;https://effizientedemo.azurewebsites.net/AccountsReceivable/dashboard&quot;">
</property>
<property name="PirmeFacesMenu" value="Get top menus">
</property>
<property name="Assert" value="Menu are equal to: &quot;AccountsReceivable,Config&quot;">
</property>
</properties>
</testcase>
<testcase name="Admin user › Should returns admin menu" classname="Basic/menu.spec.ts" time="4.794">
<properties>
<property name="Go To" value="Go to the page: &quot;https://effizientedemo.azurewebsites.net/AccountsReceivable/dashboard&quot;">
</property>
<property name="PirmeFacesMenu" value="Get top menus">
</property>
<property name="Assert" value="Menu are equal to: &quot;AccountsReceivable,Security,Config&quot;">
</property>
</properties>
</testcase>
</testsuite>
<testsuite name="Excel/exportServers.spec.ts" timestamp="2024-06-29T17:14:26.713Z" hostname="chromium" tests="1" failures="0" skipped="0" time="1.747" errors="0">
<testcase name="Servers › Should export servers to excel" classname="Excel/exportServers.spec.ts" time="1.747">
<properties>
<property name="Go To" value="Go to the servers page: &quot;https://effizientedemo.azurewebsites.net/Security/servers&quot;">
</property>
<property name="ButtonExcel" value="Click: &quot;Export to Excel&quot;">
</property>
<property name="Assert" value="The excel file rows are equal to the grid rows">
</property>
</properties>
<system-out>
<![CDATA[
[[ATTACHMENT|../test-results/Excel-exportServers-Servers-Should-export-servers-to-excel-chromium/attachments/servers-xlsx-b45414d1440b649c23868d9b19e0f22e5f012826.xlsx]]
]]>
</system-out>
</testcase>
</testsuite>
<testsuite name="Fixture-LambdaTest/loginLambdaTestFixture.spec.ts" timestamp="2024-06-29T17:14:26.713Z" hostname="chromium" tests="1" failures="0" skipped="0" time="0.875" errors="0">
<testcase name="Login › Login with valid user load inventory page" classname="Fixture-LambdaTest/loginLambdaTestFixture.spec.ts" time="0.875">
<properties>
<property name="Go To" value="Go to the page: &quot;https://www.saucedemo.com&quot;">
</property>
<property name="InputText" value="Fill &quot;Username:&quot; with the value: &quot;standard_user&quot;">
</property>
<property name="InputPassword" value="Fill: &quot;Password with value: *****&quot;">
</property>
<property name="Button" value="Click: &quot;Login&quot;">
</property>
<property name="Assert" value="Check URL Page equal to: &quot;https://www.saucedemo.com/inventory.html&quot;">
</property>
</properties>
</testcase>
</testsuite>
<testsuite name="LocaleGeo/bingMaps.spec.ts" timestamp="2024-06-29T17:14:26.713Z" hostname="chromium" tests="1" failures="0" skipped="0" time="6.363" errors="0">
<testcase name="Geo Location Test › The bing maps is located to munich" classname="LocaleGeo/bingMaps.spec.ts" time="6.363">
<properties>
<property name="Go To" value="Go to the page: &quot;https://www.bing.com/maps&quot;">
</property>
<property name="Button" value="Click: &quot;button.locateMeBtn&quot;">
</property>
<property name="Button" value="Click: &quot;button.geochainUncollapse&quot;">
</property>
<property name="Assert" value="Geo name is equal to:GermanyBavariaMunich (District)">
</property>
</properties>
</testcase>
</testsuite>
<testsuite name="LocaleGeo/searchLocale.spec.ts" timestamp="2024-06-29T17:14:26.713Z" hostname="chromium" tests="1" failures="0" skipped="0" time="1.511" errors="0">
<testcase name="Locale translations › Translations with locale and time zone id" classname="LocaleGeo/searchLocale.spec.ts" time="1.511">
<properties>
<property name="Go To" value="Go to the page: &quot;https://www.google.com&quot;">
</property>
<property name="Assert" value="Search button text is equal to: &quot;Buscar con Google&quot;">
</property>
</properties>
</testcase>
</testsuite>
<testsuite name="Synthetic/login.spec.ts" timestamp="2024-06-29T17:14:26.713Z" hostname="chromium" tests="1" failures="0" skipped="0" time="4.31" errors="0">
<testcase name="Synthetic login testing › Should show dashboard" classname="Synthetic/login.spec.ts" time="4.31">
</testcase>
</testsuite>
<testsuite name="Synthetic/menu.spec.ts" timestamp="2024-06-29T17:14:26.713Z" hostname="chromium" tests="1" failures="0" skipped="0" time="4.367" errors="0">
<testcase name="Synthetic testing › Should show dashboard" classname="Synthetic/menu.spec.ts" time="4.367">
<properties>
<property name="Navigation" value="Go to:https://effizientedemo.azurewebsites.net">
</property>
</properties>
</testcase>
</testsuite>
<testsuite name="VisualTesting/dashboard.spec.ts" timestamp="2024-06-29T17:14:26.713Z" hostname="chromium" tests="1" failures="0" skipped="0" time="2.767" errors="0">
<testcase name="Check Dashboard › Should show dashboard" classname="VisualTesting/dashboard.spec.ts" time="2.767">
<properties>
<property name="Mock" value="Modify the summary with fixed data">
</property>
<property name="Mock" value="Modify the &quot;Sumary Expiration&quot; with fixed data">
</property>
<property name="Mock" value="Modify the &quot;Top 5 delay&quot; with fixed data">
</property>
<property name="Mock" value="Modify the &quot;Top 5 total&quot; with fixed data">
</property>
<property name="Mock" value="Modify the &quot;Top 5 type&quot; with fixed data">
</property>
<property name="Mock" value="Modify the &quot;Top 10 Limit 1&quot; with fixed data">
</property>
<property name="Mock" value="Modify the &quot;Top 10 Limit 2&quot; with fixed data">
</property>
<property name="Mock" value="Modify the &quot;Top 10 Limit 3&quot; with fixed data">
</property>
<property name="Mock" value="Modify the &quot;Top 10 To Expire&quot; with fixed data">
</property>
<property name="Go To" value="Go to the page: &quot;https://effizientedemo.azurewebsites.net/AccountsReceivable/dashboard&quot;">
</property>
<property name="Step" value="Compare snapshot: dashboard.png with maxDiffPixelsRatio: 0.1">
</property>
</properties>
</testcase>
</testsuite>
<testsuite name="Accessibility/pageAccessibility.spec.ts" timestamp="2024-06-29T17:14:26.713Z" hostname="firefox" tests="3" failures="3" skipped="0" time="3.351" errors="0">
<testcase name="Test Accessibility By Page › Check Page accessibility" classname="Accessibility/pageAccessibility.spec.ts" time="1.206">
<properties>
<property name="Go To" value="Go to: undefined">
</property>
</properties>
<failure message="pageAccessibility.spec.ts:17:9 Check Page accessibility" type="FAILURE">
<![CDATA[  [firefox] › Accessibility/pageAccessibility.spec.ts:17:9 › Test Accessibility By Page › Check Page accessibility 

    Error: page.goto: url: expected string, got undefined

      21 |         const annotationHelper = new AnnotationHelper(page, pageToTest);
      22 |         annotationHelper.addAnnotation(AnnotationType.GoTo, 'Go to: ' + pageToTest);
    > 23 |         await page.goto(pageToTest);
         |                    ^
      24 |         await accessibilityHelper.checkAccessibility('CustomPage', annotationHelper.getAnnotations());
      25 |
      26 |     });

        at /home/runner/work/Playwright/Playwright/tests/Accessibility/pageAccessibility.spec.ts:23:20

    attachment #1: screenshot (image/png) ──────────────────────────────────────────────────────────
    test-results/Accessibility-pageAccessib-c4c16-ge-Check-Page-accessibility-firefox/test-failed-1.png
    ────────────────────────────────────────────────────────────────────────────────────────────────

    attachment #2: video (video/webm) ──────────────────────────────────────────────────────────────
    test-results/Accessibility-pageAccessib-c4c16-ge-Check-Page-accessibility-firefox/video.webm
    ────────────────────────────────────────────────────────────────────────────────────────────────

    attachment #3: trace (application/zip) ─────────────────────────────────────────────────────────
    test-results/Accessibility-pageAccessib-c4c16-ge-Check-Page-accessibility-firefox/trace.zip
    Usage:

        npx playwright show-trace test-results/Accessibility-pageAccessib-c4c16-ge-Check-Page-accessibility-firefox/trace.zip

    ────────────────────────────────────────────────────────────────────────────────────────────────
]]>
</failure>
<system-out>
<![CDATA[
[[ATTACHMENT|../test-results/Accessibility-pageAccessib-c4c16-ge-Check-Page-accessibility-firefox/test-failed-1.png]]

[[ATTACHMENT|../test-results/Accessibility-pageAccessib-c4c16-ge-Check-Page-accessibility-firefox/video.webm]]

[[ATTACHMENT|../test-results/Accessibility-pageAccessib-c4c16-ge-Check-Page-accessibility-firefox/trace.zip]]
]]>
</system-out>
</testcase>
<testcase name="Test Accessibility By Page › Check tab order" classname="Accessibility/pageAccessibility.spec.ts" time="1.072">
<properties>
<property name="Go To" value="Go to: undefined">
</property>
</properties>
<failure message="pageAccessibility.spec.ts:28:9 Check tab order" type="FAILURE">
<![CDATA[  [firefox] › Accessibility/pageAccessibility.spec.ts:28:9 › Test Accessibility By Page › Check tab order 

    Error: page.goto: url: expected string, got undefined

      32 |         const tabHelper = new TabHelper(page, keyPage);
      33 |         annotationHelper.addAnnotation(AnnotationType.GoTo, 'Go to: ' + pageToTest);
    > 34 |         await page.goto(pageToTest);
         |                    ^
      35 |         //Add a number and blue box to the element after press tab
      36 |         await tabHelper.showTabOrder();
      37 |         //Check that the tab is the same that the elements

        at /home/runner/work/Playwright/Playwright/tests/Accessibility/pageAccessibility.spec.ts:34:20

    attachment #1: screenshot (image/png) ──────────────────────────────────────────────────────────
    test-results/Accessibility-pageAccessib-bc5d8-ity-By-Page-Check-tab-order-firefox/test-failed-1.png
    ────────────────────────────────────────────────────────────────────────────────────────────────

    attachment #2: video (video/webm) ──────────────────────────────────────────────────────────────
    test-results/Accessibility-pageAccessib-bc5d8-ity-By-Page-Check-tab-order-firefox/video.webm
    ────────────────────────────────────────────────────────────────────────────────────────────────

    attachment #3: trace (application/zip) ─────────────────────────────────────────────────────────
    test-results/Accessibility-pageAccessib-bc5d8-ity-By-Page-Check-tab-order-firefox/trace.zip
    Usage:

        npx playwright show-trace test-results/Accessibility-pageAccessib-bc5d8-ity-By-Page-Check-tab-order-firefox/trace.zip

    ────────────────────────────────────────────────────────────────────────────────────────────────
]]>
</failure>
<system-out>
<![CDATA[
[[ATTACHMENT|../test-results/Accessibility-pageAccessib-bc5d8-ity-By-Page-Check-tab-order-firefox/test-failed-1.png]]

[[ATTACHMENT|../test-results/Accessibility-pageAccessib-bc5d8-ity-By-Page-Check-tab-order-firefox/video.webm]]

[[ATTACHMENT|../test-results/Accessibility-pageAccessib-bc5d8-ity-By-Page-Check-tab-order-firefox/trace.zip]]
]]>
</system-out>
</testcase>
<testcase name="Test Accessibility By Page › Check alt text &amp; aria-label" classname="Accessibility/pageAccessibility.spec.ts" time="1.073">
<properties>
<property name="Go To" value="Go to: undefined">
</property>
</properties>
<failure message="pageAccessibility.spec.ts:42:9 Check alt text &amp; aria-label" type="FAILURE">
<![CDATA[  [firefox] › Accessibility/pageAccessibility.spec.ts:42:9 › Test Accessibility By Page › Check alt text & aria-label 

    Error: page.goto: url: expected string, got undefined

      46 |         const altHelper = new AltHelper(page, keyPage, testInfo);
      47 |         annotationHelper.addAnnotation(AnnotationType.GoTo, 'Go to: ' + pageToTest);
    > 48 |         await page.goto(pageToTest);
         |                    ^
      49 |         //Check that images have alt text attribute
      50 |         await altHelper.checkAltText();
      51 |         //Generate a table with all alt texts

        at /home/runner/work/Playwright/Playwright/tests/Accessibility/pageAccessibility.spec.ts:48:20

    attachment #1: screenshot (image/png) ──────────────────────────────────────────────────────────
    test-results/Accessibility-pageAccessib-e1df0-e-Check-alt-text-aria-label-firefox/test-failed-1.png
    ────────────────────────────────────────────────────────────────────────────────────────────────

    attachment #2: video (video/webm) ──────────────────────────────────────────────────────────────
    test-results/Accessibility-pageAccessib-e1df0-e-Check-alt-text-aria-label-firefox/video.webm
    ────────────────────────────────────────────────────────────────────────────────────────────────

    attachment #3: trace (application/zip) ─────────────────────────────────────────────────────────
    test-results/Accessibility-pageAccessib-e1df0-e-Check-alt-text-aria-label-firefox/trace.zip
    Usage:

        npx playwright show-trace test-results/Accessibility-pageAccessib-e1df0-e-Check-alt-text-aria-label-firefox/trace.zip

    ────────────────────────────────────────────────────────────────────────────────────────────────
]]>
</failure>
<system-out>
<![CDATA[
[[ATTACHMENT|../test-results/Accessibility-pageAccessib-e1df0-e-Check-alt-text-aria-label-firefox/test-failed-1.png]]

[[ATTACHMENT|../test-results/Accessibility-pageAccessib-e1df0-e-Check-alt-text-aria-label-firefox/video.webm]]

[[ATTACHMENT|../test-results/Accessibility-pageAccessib-e1df0-e-Check-alt-text-aria-label-firefox/trace.zip]]
]]>
</system-out>
</testcase>
</testsuite>
<testsuite name="AI/login.spec.ts" timestamp="2024-06-29T17:14:26.713Z" hostname="firefox" tests="1" failures="0" skipped="1" time="1.265" errors="0">
<testcase name="AI Zero Step › Should show dashboard after login" classname="AI/login.spec.ts" time="1.265">
<properties>
<property name="skip" value="Zero Steps only works in chromium">
</property>
</properties>
<skipped>
</skipped>
</testcase>
</testsuite>
<testsuite name="Api/addToCart.spec.ts" timestamp="2024-06-29T17:14:26.713Z" hostname="firefox" tests="1" failures="1" skipped="0" time="1.638" errors="0">
<testcase name="Contoso Traders › Should add an item to the cart" classname="Api/addToCart.spec.ts" time="1.638">
<properties>
<property name="Go To" value="Go to the page: &quot;https://cloudtesting.contosotraders.com&quot;">
</property>
</properties>
<failure message="addToCart.spec.ts:10:9 Should add an item to the cart" type="FAILURE">
<![CDATA[  [firefox] › Api/addToCart.spec.ts:10:9 › Contoso Traders › Should add an item to the cart › Go to the page: "https://cloudtesting.contosotraders.com" 

    Error: page.goto: NS_ERROR_UNKNOWN_HOST
    Call log:
      - navigating to "https://cloudtesting.contosotraders.com/", waiting until "load"


       at ../pages/ContosoTraders/homePage.ts:24

      22 |         const url = process.env.CONTOSO_URL ?? 'https://cloudtesting.contosotraders.com';
      23 |         await this.addStepWithAnnotation(AnnotationType.GoTo, 'Go to the page: "' + url + '"', async () => {
    > 24 |             await this.page.goto(url);
         |                             ^
      25 |         });
      26 |     }
      27 |

        at /home/runner/work/Playwright/Playwright/pages/ContosoTraders/homePage.ts:24:29
        at HomePage.addStepWithAnnotation (/home/runner/work/Playwright/Playwright/pages/basePage.ts:55:31)
        at HomePage.goTo (/home/runner/work/Playwright/Playwright/pages/ContosoTraders/homePage.ts:23:20)
        at /home/runner/work/Playwright/Playwright/tests/Api/addToCart.spec.ts:12:24

    attachment #1: screenshot (image/png) ──────────────────────────────────────────────────────────
    test-results/Api-addToCart-Contoso-Traders-Should-add-an-item-to-the-cart-firefox/test-failed-1.png
    ────────────────────────────────────────────────────────────────────────────────────────────────

    attachment #2: video (video/webm) ──────────────────────────────────────────────────────────────
    test-results/Api-addToCart-Contoso-Traders-Should-add-an-item-to-the-cart-firefox/video.webm
    ────────────────────────────────────────────────────────────────────────────────────────────────

    attachment #3: trace (application/zip) ─────────────────────────────────────────────────────────
    test-results/Api-addToCart-Contoso-Traders-Should-add-an-item-to-the-cart-firefox/trace.zip
    Usage:

        npx playwright show-trace test-results/Api-addToCart-Contoso-Traders-Should-add-an-item-to-the-cart-firefox/trace.zip

    ────────────────────────────────────────────────────────────────────────────────────────────────

    Retry #1 ───────────────────────────────────────────────────────────────────────────────────────

    Error: page.goto: NS_ERROR_UNKNOWN_HOST
    Call log:
      - navigating to "https://cloudtesting.contosotraders.com/", waiting until "load"


       at ../pages/ContosoTraders/homePage.ts:24

      22 |         const url = process.env.CONTOSO_URL ?? 'https://cloudtesting.contosotraders.com';
      23 |         await this.addStepWithAnnotation(AnnotationType.GoTo, 'Go to the page: "' + url + '"', async () => {
    > 24 |             await this.page.goto(url);
         |                             ^
      25 |         });
      26 |     }
      27 |

        at /home/runner/work/Playwright/Playwright/pages/ContosoTraders/homePage.ts:24:29
        at HomePage.addStepWithAnnotation (/home/runner/work/Playwright/Playwright/pages/basePage.ts:55:31)
        at HomePage.goTo (/home/runner/work/Playwright/Playwright/pages/ContosoTraders/homePage.ts:23:20)
        at /home/runner/work/Playwright/Playwright/tests/Api/addToCart.spec.ts:12:24

    attachment #1: screenshot (image/png) ──────────────────────────────────────────────────────────
    test-results/Api-addToCart-Contoso-Traders-Should-add-an-item-to-the-cart-firefox-retry1/test-failed-1.png
    ────────────────────────────────────────────────────────────────────────────────────────────────

    attachment #2: video (video/webm) ──────────────────────────────────────────────────────────────
    test-results/Api-addToCart-Contoso-Traders-Should-add-an-item-to-the-cart-firefox-retry1/video.webm
    ────────────────────────────────────────────────────────────────────────────────────────────────

    attachment #3: trace (application/zip) ─────────────────────────────────────────────────────────
    test-results/Api-addToCart-Contoso-Traders-Should-add-an-item-to-the-cart-firefox-retry1/trace.zip
    Usage:

        npx playwright show-trace test-results/Api-addToCart-Contoso-Traders-Should-add-an-item-to-the-cart-firefox-retry1/trace.zip

    ────────────────────────────────────────────────────────────────────────────────────────────────
]]>
</failure>
<system-out>
<![CDATA[
[[ATTACHMENT|../test-results/Api-addToCart-Contoso-Traders-Should-add-an-item-to-the-cart-firefox/test-failed-1.png]]

[[ATTACHMENT|../test-results/Api-addToCart-Contoso-Traders-Should-add-an-item-to-the-cart-firefox/video.webm]]

[[ATTACHMENT|../test-results/Api-addToCart-Contoso-Traders-Should-add-an-item-to-the-cart-firefox/trace.zip]]

[[ATTACHMENT|../test-results/Api-addToCart-Contoso-Traders-Should-add-an-item-to-the-cart-firefox-retry1/test-failed-1.png]]

[[ATTACHMENT|../test-results/Api-addToCart-Contoso-Traders-Should-add-an-item-to-the-cart-firefox-retry1/video.webm]]

[[ATTACHMENT|../test-results/Api-addToCart-Contoso-Traders-Should-add-an-item-to-the-cart-firefox-retry1/trace.zip]]
]]>
</system-out>
</testcase>
</testsuite>
<testsuite name="Api/servers.spec.ts" timestamp="2024-06-29T17:14:26.713Z" hostname="firefox" tests="2" failures="0" skipped="0" time="12.023" errors="0">
<testcase name="Servers › Should add a server" classname="Api/servers.spec.ts" time="5.31">
<properties>
<property name="Go To" value="Go to the servers page: &quot;https://effizientedemo.azurewebsites.net/Security/servers&quot;">
</property>
<property name="Button" value="Click: &quot;Add&quot;">
</property>
<property name="InputText" value="Fill &quot;Key:&quot; with the value: &quot;432370&quot;">
</property>
<property name="InputText" value="Fill &quot;Name:&quot; with the value: &quot;Streich LLC&quot;">
</property>
<property name="InputText" value="Fill &quot;Url:&quot; with the value: &quot;https://graceful-string.info&quot;">
</property>
<property name="Button" value="Click: &quot;Save&quot;">
</property>
<property name="Assert" value="Success message is visible">
</property>
<property name="Assert" value="Server id should be a number greater than 1">
</property>
<property name="Assert" value="Server with the key: &quot;432370&quot; exists in the table">
</property>
<property name="Assert" value="The server name for the key: &quot;432370&quot; is: &quot;Streich LLC&quot;">
</property>
<property name="Assert" value="The server url for the key: &quot;432370&quot; is: &quot;https://graceful-string.info&quot;">
</property>
</properties>
<system-out>
<![CDATA[index:2
]]>
</system-out>
</testcase>
<testcase name="Servers › Should edit a server" classname="Api/servers.spec.ts" time="6.713">
<properties>
<property name="Go To" value="Go to the servers page: &quot;https://effizientedemo.azurewebsites.net/Security/servers&quot;">
</property>
<property name="Step" value="Create server with API">
</property>
<property name="Go To" value="Go to the servers page: &quot;https://effizientedemo.azurewebsites.net/Security/servers&quot;">
</property>
<property name="InputText" value="Fill &quot;key:&quot; with the value: &quot;800224&quot;">
</property>
<property name="InputText" value="Fill &quot;Name:&quot; with the value: &quot;Ledner and Sons&quot;">
</property>
<property name="InputText" value="Fill &quot;Url:&quot; with the value: &quot;https://productive-compulsion.org/&quot;">
</property>
<property name="Button" value="Click: &quot;Save&quot;">
</property>
<property name="Assert" value="Success message is visible">
</property>
<property name="Assert" value="Server with the key: &quot;800224&quot; exists in the table">
</property>
<property name="Assert" value="The server name for the key: &quot;800224&quot; is: &quot;Ledner and Sons&quot;">
</property>
<property name="Assert" value="The server url for the key: &quot;800224&quot; is: &quot;https://productive-compulsion.org/&quot;">
</property>
</properties>
<system-out>
<![CDATA[index:2
]]>
</system-out>
</testcase>
</testsuite>
<testsuite name="Basic/login.spec.ts" timestamp="2024-06-29T17:14:26.713Z" hostname="firefox" tests="1" failures="0" skipped="0" time="1.405" errors="0">
<testcase name="Login › Login with valid user load inventory page" classname="Basic/login.spec.ts" time="1.405">
<properties>
<property name="Go To" value="Go to the page: &quot;https://www.saucedemo.com&quot;">
</property>
<property name="InputText" value="Fill &quot;Username:&quot; with the value: &quot;standard_user&quot;">
</property>
<property name="InputPassword" value="Fill: &quot;Password with value: *****&quot;">
</property>
<property name="Button" value="Click: &quot;Login&quot;">
</property>
<property name="Assert" value="Check URL Page is equal to: &quot;https://www.saucedemo.com/inventory.html&quot;">
</property>
</properties>
</testcase>
</testsuite>
<testsuite name="Basic/menu.spec.ts" timestamp="2024-06-29T17:14:26.713Z" hostname="firefox" tests="2" failures="0" skipped="0" time="6.109" errors="0">
<testcase name="Normal user › Should returns user menu" classname="Basic/menu.spec.ts" time="3.425">
<properties>
<property name="Go To" value="Go to the page: &quot;https://effizientedemo.azurewebsites.net/AccountsReceivable/dashboard&quot;">
</property>
<property name="PirmeFacesMenu" value="Get top menus">
</property>
<property name="Assert" value="Menu are equal to: &quot;AccountsReceivable,Config&quot;">
</property>
</properties>
</testcase>
<testcase name="Admin user › Should returns admin menu" classname="Basic/menu.spec.ts" time="2.684">
<properties>
<property name="Go To" value="Go to the page: &quot;https://effizientedemo.azurewebsites.net/AccountsReceivable/dashboard&quot;">
</property>
<property name="PirmeFacesMenu" value="Get top menus">
</property>
<property name="Assert" value="Menu are equal to: &quot;AccountsReceivable,Security,Config&quot;">
</property>
</properties>
</testcase>
</testsuite>
<testsuite name="Excel/exportServers.spec.ts" timestamp="2024-06-29T17:14:26.713Z" hostname="firefox" tests="1" failures="0" skipped="0" time="2.849" errors="0">
<testcase name="Servers › Should export servers to excel" classname="Excel/exportServers.spec.ts" time="2.849">
<properties>
<property name="Go To" value="Go to the servers page: &quot;https://effizientedemo.azurewebsites.net/Security/servers&quot;">
</property>
<property name="ButtonExcel" value="Click: &quot;Export to Excel&quot;">
</property>
<property name="Assert" value="The excel file rows are equal to the grid rows">
</property>
</properties>
<system-out>
<![CDATA[
[[ATTACHMENT|../test-results/Excel-exportServers-Servers-Should-export-servers-to-excel-firefox/attachments/servers-xlsx-b45414d1440b649c23868d9b19e0f22e5f012826.xlsx]]
]]>
</system-out>
</testcase>
</testsuite>
<testsuite name="Fixture-LambdaTest/loginLambdaTestFixture.spec.ts" timestamp="2024-06-29T17:14:26.713Z" hostname="firefox" tests="1" failures="0" skipped="0" time="0.933" errors="0">
<testcase name="Login › Login with valid user load inventory page" classname="Fixture-LambdaTest/loginLambdaTestFixture.spec.ts" time="0.933">
<properties>
<property name="Go To" value="Go to the page: &quot;https://www.saucedemo.com&quot;">
</property>
<property name="InputText" value="Fill &quot;Username:&quot; with the value: &quot;standard_user&quot;">
</property>
<property name="InputPassword" value="Fill: &quot;Password with value: *****&quot;">
</property>
<property name="Button" value="Click: &quot;Login&quot;">
</property>
<property name="Assert" value="Check URL Page equal to: &quot;https://www.saucedemo.com/inventory.html&quot;">
</property>
</properties>
</testcase>
</testsuite>
<testsuite name="LocaleGeo/bingMaps.spec.ts" timestamp="2024-06-29T17:14:26.713Z" hostname="firefox" tests="1" failures="1" skipped="0" time="27.904" errors="0">
<testcase name="Geo Location Test › The bing maps is located to munich" classname="LocaleGeo/bingMaps.spec.ts" time="27.904">
<properties>
<property name="Go To" value="Go to the page: &quot;https://www.bing.com/maps&quot;">
</property>
<property name="Button" value="Click: &quot;button.locateMeBtn&quot;">
</property>
</properties>
<failure message="bingMaps.spec.ts:12:9 The bing maps is located to munich" type="FAILURE">
<![CDATA[  [firefox] › LocaleGeo/bingMaps.spec.ts:12:9 › Geo Location Test › The bing maps is located to munich › Click: "button.locateMeBtn" 

    TimeoutError: locator.click: Timeout 10000ms exceeded.
    Call log:
      - waiting for locator('button.locateMeBtn')


       at ../components/Button.ts:30

      28 |         const stepDescription = 'Click: "' + await this.getText() + '"';
      29 |         await this.addStepWithAnnotation(stepDescription, async () => {
    > 30 |             await this.locator.click();
         |                                ^
      31 |         });
      32 |     }
      33 |

        at /home/runner/work/Playwright/Playwright/components/Button.ts:30:32
        at Button.addStepWithAnnotation (/home/runner/work/Playwright/Playwright/components/BaseComponent.ts:36:31)
        at Button.click (/home/runner/work/Playwright/Playwright/components/Button.ts:29:9)
        at /home/runner/work/Playwright/Playwright/tests/LocaleGeo/bingMaps.spec.ts:18:9

    attachment #1: screenshot (image/png) ──────────────────────────────────────────────────────────
    test-results/LocaleGeo-bingMaps-Geo-Loc-e23fc-g-maps-is-located-to-munich-firefox/test-failed-1.png
    ────────────────────────────────────────────────────────────────────────────────────────────────

    attachment #2: screenshot (image/png) ──────────────────────────────────────────────────────────
    test-results/LocaleGeo-bingMaps-Geo-Loc-e23fc-g-maps-is-located-to-munich-firefox/test-failed-2.png
    ────────────────────────────────────────────────────────────────────────────────────────────────

    attachment #3: video (video/webm) ──────────────────────────────────────────────────────────────
    test-results/LocaleGeo-bingMaps-Geo-Loc-e23fc-g-maps-is-located-to-munich-firefox/video.webm
    ────────────────────────────────────────────────────────────────────────────────────────────────

    attachment #4: trace (application/zip) ─────────────────────────────────────────────────────────
    test-results/LocaleGeo-bingMaps-Geo-Loc-e23fc-g-maps-is-located-to-munich-firefox/trace.zip
    Usage:

        npx playwright show-trace test-results/LocaleGeo-bingMaps-Geo-Loc-e23fc-g-maps-is-located-to-munich-firefox/trace.zip

    ────────────────────────────────────────────────────────────────────────────────────────────────

    Retry #1 ───────────────────────────────────────────────────────────────────────────────────────

    TimeoutError: locator.click: Timeout 10000ms exceeded.
    Call log:
      - waiting for locator('button.locateMeBtn')


       at ../components/Button.ts:30

      28 |         const stepDescription = 'Click: "' + await this.getText() + '"';
      29 |         await this.addStepWithAnnotation(stepDescription, async () => {
    > 30 |             await this.locator.click();
         |                                ^
      31 |         });
      32 |     }
      33 |

        at /home/runner/work/Playwright/Playwright/components/Button.ts:30:32
        at Button.addStepWithAnnotation (/home/runner/work/Playwright/Playwright/components/BaseComponent.ts:36:31)
        at Button.click (/home/runner/work/Playwright/Playwright/components/Button.ts:29:9)
        at /home/runner/work/Playwright/Playwright/tests/LocaleGeo/bingMaps.spec.ts:18:9

    attachment #1: screenshot (image/png) ──────────────────────────────────────────────────────────
    test-results/LocaleGeo-bingMaps-Geo-Loc-e23fc-g-maps-is-located-to-munich-firefox-retry1/test-failed-1.png
    ────────────────────────────────────────────────────────────────────────────────────────────────

    attachment #2: video (video/webm) ──────────────────────────────────────────────────────────────
    test-results/LocaleGeo-bingMaps-Geo-Loc-e23fc-g-maps-is-located-to-munich-firefox-retry1/video.webm
    ────────────────────────────────────────────────────────────────────────────────────────────────

    attachment #3: trace (application/zip) ─────────────────────────────────────────────────────────
    test-results/LocaleGeo-bingMaps-Geo-Loc-e23fc-g-maps-is-located-to-munich-firefox-retry1/trace.zip
    Usage:

        npx playwright show-trace test-results/LocaleGeo-bingMaps-Geo-Loc-e23fc-g-maps-is-located-to-munich-firefox-retry1/trace.zip

    ────────────────────────────────────────────────────────────────────────────────────────────────
]]>
</failure>
<system-out>
<![CDATA[
[[ATTACHMENT|../test-results/LocaleGeo-bingMaps-Geo-Loc-e23fc-g-maps-is-located-to-munich-firefox/test-failed-1.png]]

[[ATTACHMENT|../test-results/LocaleGeo-bingMaps-Geo-Loc-e23fc-g-maps-is-located-to-munich-firefox/test-failed-2.png]]

[[ATTACHMENT|../test-results/LocaleGeo-bingMaps-Geo-Loc-e23fc-g-maps-is-located-to-munich-firefox/video.webm]]

[[ATTACHMENT|../test-results/LocaleGeo-bingMaps-Geo-Loc-e23fc-g-maps-is-located-to-munich-firefox/trace.zip]]

[[ATTACHMENT|../test-results/LocaleGeo-bingMaps-Geo-Loc-e23fc-g-maps-is-located-to-munich-firefox-retry1/test-failed-1.png]]

[[ATTACHMENT|../test-results/LocaleGeo-bingMaps-Geo-Loc-e23fc-g-maps-is-located-to-munich-firefox-retry1/video.webm]]

[[ATTACHMENT|../test-results/LocaleGeo-bingMaps-Geo-Loc-e23fc-g-maps-is-located-to-munich-firefox-retry1/trace.zip]]
]]>
</system-out>
</testcase>
</testsuite>
<testsuite name="LocaleGeo/searchLocale.spec.ts" timestamp="2024-06-29T17:14:26.713Z" hostname="firefox" tests="1" failures="0" skipped="0" time="1.925" errors="0">
<testcase name="Locale translations › Translations with locale and time zone id" classname="LocaleGeo/searchLocale.spec.ts" time="1.925">
<properties>
<property name="Go To" value="Go to the page: &quot;https://www.google.com&quot;">
</property>
<property name="Assert" value="Search button text is equal to: &quot;Buscar con Google&quot;">
</property>
</properties>
</testcase>
</testsuite>
<testsuite name="Synthetic/login.spec.ts" timestamp="2024-06-29T17:14:26.713Z" hostname="firefox" tests="1" failures="0" skipped="0" time="3.59" errors="0">
<testcase name="Synthetic login testing › Should show dashboard" classname="Synthetic/login.spec.ts" time="3.59">
</testcase>
</testsuite>
<testsuite name="Synthetic/menu.spec.ts" timestamp="2024-06-29T17:14:26.713Z" hostname="firefox" tests="1" failures="0" skipped="0" time="3.372" errors="0">
<testcase name="Synthetic testing › Should show dashboard" classname="Synthetic/menu.spec.ts" time="3.372">
<properties>
<property name="Navigation" value="Go to:https://effizientedemo.azurewebsites.net">
</property>
</properties>
</testcase>
</testsuite>
<testsuite name="VisualTesting/dashboard.spec.ts" timestamp="2024-06-29T17:14:26.713Z" hostname="firefox" tests="1" failures="0" skipped="0" time="2.376" errors="0">
<testcase name="Check Dashboard › Should show dashboard" classname="VisualTesting/dashboard.spec.ts" time="2.376">
<properties>
<property name="Mock" value="Modify the summary with fixed data">
</property>
<property name="Mock" value="Modify the &quot;Sumary Expiration&quot; with fixed data">
</property>
<property name="Mock" value="Modify the &quot;Top 5 delay&quot; with fixed data">
</property>
<property name="Mock" value="Modify the &quot;Top 5 total&quot; with fixed data">
</property>
<property name="Mock" value="Modify the &quot;Top 5 type&quot; with fixed data">
</property>
<property name="Mock" value="Modify the &quot;Top 10 Limit 1&quot; with fixed data">
</property>
<property name="Mock" value="Modify the &quot;Top 10 Limit 2&quot; with fixed data">
</property>
<property name="Mock" value="Modify the &quot;Top 10 Limit 3&quot; with fixed data">
</property>
<property name="Mock" value="Modify the &quot;Top 10 To Expire&quot; with fixed data">
</property>
<property name="Go To" value="Go to the page: &quot;https://effizientedemo.azurewebsites.net/AccountsReceivable/dashboard&quot;">
</property>
<property name="Step" value="Compare snapshot: dashboard.png with maxDiffPixelsRatio: 0.1">
</property>
</properties>
</testcase>
</testsuite>
<testsuite name="Accessibility/pageAccessibility.spec.ts" timestamp="2024-06-29T17:14:26.713Z" hostname="webkit" tests="3" failures="3" skipped="0" time="1.304" errors="0">
<testcase name="Test Accessibility By Page › Check Page accessibility" classname="Accessibility/pageAccessibility.spec.ts" time="0.633">
<properties>
<property name="Go To" value="Go to: undefined">
</property>
</properties>
<failure message="pageAccessibility.spec.ts:17:9 Check Page accessibility" type="FAILURE">
<![CDATA[  [webkit] › Accessibility/pageAccessibility.spec.ts:17:9 › Test Accessibility By Page › Check Page accessibility 

    Error: page.goto: url: expected string, got undefined

      21 |         const annotationHelper = new AnnotationHelper(page, pageToTest);
      22 |         annotationHelper.addAnnotation(AnnotationType.GoTo, 'Go to: ' + pageToTest);
    > 23 |         await page.goto(pageToTest);
         |                    ^
      24 |         await accessibilityHelper.checkAccessibility('CustomPage', annotationHelper.getAnnotations());
      25 |
      26 |     });

        at /home/runner/work/Playwright/Playwright/tests/Accessibility/pageAccessibility.spec.ts:23:20

    attachment #1: screenshot (image/png) ──────────────────────────────────────────────────────────
    test-results/Accessibility-pageAccessib-c4c16-ge-Check-Page-accessibility-webkit/test-failed-1.png
    ────────────────────────────────────────────────────────────────────────────────────────────────

    attachment #2: video (video/webm) ──────────────────────────────────────────────────────────────
    test-results/Accessibility-pageAccessib-c4c16-ge-Check-Page-accessibility-webkit/video.webm
    ────────────────────────────────────────────────────────────────────────────────────────────────

    attachment #3: trace (application/zip) ─────────────────────────────────────────────────────────
    test-results/Accessibility-pageAccessib-c4c16-ge-Check-Page-accessibility-webkit/trace.zip
    Usage:

        npx playwright show-trace test-results/Accessibility-pageAccessib-c4c16-ge-Check-Page-accessibility-webkit/trace.zip

    ────────────────────────────────────────────────────────────────────────────────────────────────
]]>
</failure>
<system-out>
<![CDATA[
[[ATTACHMENT|../test-results/Accessibility-pageAccessib-c4c16-ge-Check-Page-accessibility-webkit/test-failed-1.png]]

[[ATTACHMENT|../test-results/Accessibility-pageAccessib-c4c16-ge-Check-Page-accessibility-webkit/video.webm]]

[[ATTACHMENT|../test-results/Accessibility-pageAccessib-c4c16-ge-Check-Page-accessibility-webkit/trace.zip]]
]]>
</system-out>
</testcase>
<testcase name="Test Accessibility By Page › Check tab order" classname="Accessibility/pageAccessibility.spec.ts" time="0.305">
<properties>
<property name="Go To" value="Go to: undefined">
</property>
</properties>
<failure message="pageAccessibility.spec.ts:28:9 Check tab order" type="FAILURE">
<![CDATA[  [webkit] › Accessibility/pageAccessibility.spec.ts:28:9 › Test Accessibility By Page › Check tab order 

    Error: page.goto: url: expected string, got undefined

      32 |         const tabHelper = new TabHelper(page, keyPage);
      33 |         annotationHelper.addAnnotation(AnnotationType.GoTo, 'Go to: ' + pageToTest);
    > 34 |         await page.goto(pageToTest);
         |                    ^
      35 |         //Add a number and blue box to the element after press tab
      36 |         await tabHelper.showTabOrder();
      37 |         //Check that the tab is the same that the elements

        at /home/runner/work/Playwright/Playwright/tests/Accessibility/pageAccessibility.spec.ts:34:20

    attachment #1: screenshot (image/png) ──────────────────────────────────────────────────────────
    test-results/Accessibility-pageAccessib-bc5d8-ity-By-Page-Check-tab-order-webkit/test-failed-1.png
    ────────────────────────────────────────────────────────────────────────────────────────────────

    attachment #2: video (video/webm) ──────────────────────────────────────────────────────────────
    test-results/Accessibility-pageAccessib-bc5d8-ity-By-Page-Check-tab-order-webkit/video.webm
    ────────────────────────────────────────────────────────────────────────────────────────────────

    attachment #3: trace (application/zip) ─────────────────────────────────────────────────────────
    test-results/Accessibility-pageAccessib-bc5d8-ity-By-Page-Check-tab-order-webkit/trace.zip
    Usage:

        npx playwright show-trace test-results/Accessibility-pageAccessib-bc5d8-ity-By-Page-Check-tab-order-webkit/trace.zip

    ────────────────────────────────────────────────────────────────────────────────────────────────
]]>
</failure>
<system-out>
<![CDATA[
[[ATTACHMENT|../test-results/Accessibility-pageAccessib-bc5d8-ity-By-Page-Check-tab-order-webkit/test-failed-1.png]]

[[ATTACHMENT|../test-results/Accessibility-pageAccessib-bc5d8-ity-By-Page-Check-tab-order-webkit/video.webm]]

[[ATTACHMENT|../test-results/Accessibility-pageAccessib-bc5d8-ity-By-Page-Check-tab-order-webkit/trace.zip]]
]]>
</system-out>
</testcase>
<testcase name="Test Accessibility By Page › Check alt text &amp; aria-label" classname="Accessibility/pageAccessibility.spec.ts" time="0.366">
<properties>
<property name="Go To" value="Go to: undefined">
</property>
</properties>
<failure message="pageAccessibility.spec.ts:42:9 Check alt text &amp; aria-label" type="FAILURE">
<![CDATA[  [webkit] › Accessibility/pageAccessibility.spec.ts:42:9 › Test Accessibility By Page › Check alt text & aria-label 

    Error: page.goto: url: expected string, got undefined

      46 |         const altHelper = new AltHelper(page, keyPage, testInfo);
      47 |         annotationHelper.addAnnotation(AnnotationType.GoTo, 'Go to: ' + pageToTest);
    > 48 |         await page.goto(pageToTest);
         |                    ^
      49 |         //Check that images have alt text attribute
      50 |         await altHelper.checkAltText();
      51 |         //Generate a table with all alt texts

        at /home/runner/work/Playwright/Playwright/tests/Accessibility/pageAccessibility.spec.ts:48:20

    attachment #1: screenshot (image/png) ──────────────────────────────────────────────────────────
    test-results/Accessibility-pageAccessib-e1df0-e-Check-alt-text-aria-label-webkit/test-failed-1.png
    ────────────────────────────────────────────────────────────────────────────────────────────────

    attachment #2: video (video/webm) ──────────────────────────────────────────────────────────────
    test-results/Accessibility-pageAccessib-e1df0-e-Check-alt-text-aria-label-webkit/video.webm
    ────────────────────────────────────────────────────────────────────────────────────────────────

    attachment #3: trace (application/zip) ─────────────────────────────────────────────────────────
    test-results/Accessibility-pageAccessib-e1df0-e-Check-alt-text-aria-label-webkit/trace.zip
    Usage:

        npx playwright show-trace test-results/Accessibility-pageAccessib-e1df0-e-Check-alt-text-aria-label-webkit/trace.zip

    ────────────────────────────────────────────────────────────────────────────────────────────────
]]>
</failure>
<system-out>
<![CDATA[
[[ATTACHMENT|../test-results/Accessibility-pageAccessib-e1df0-e-Check-alt-text-aria-label-webkit/test-failed-1.png]]

[[ATTACHMENT|../test-results/Accessibility-pageAccessib-e1df0-e-Check-alt-text-aria-label-webkit/video.webm]]

[[ATTACHMENT|../test-results/Accessibility-pageAccessib-e1df0-e-Check-alt-text-aria-label-webkit/trace.zip]]
]]>
</system-out>
</testcase>
</testsuite>
<testsuite name="AI/login.spec.ts" timestamp="2024-06-29T17:14:26.713Z" hostname="webkit" tests="1" failures="0" skipped="1" time="0.444" errors="0">
<testcase name="AI Zero Step › Should show dashboard after login" classname="AI/login.spec.ts" time="0.444">
<properties>
<property name="skip" value="Zero Steps only works in chromium">
</property>
</properties>
<skipped>
</skipped>
</testcase>
</testsuite>
<testsuite name="Api/addToCart.spec.ts" timestamp="2024-06-29T17:14:26.713Z" hostname="webkit" tests="1" failures="1" skipped="0" time="0.873" errors="0">
<testcase name="Contoso Traders › Should add an item to the cart" classname="Api/addToCart.spec.ts" time="0.873">
<properties>
<property name="Go To" value="Go to the page: &quot;https://cloudtesting.contosotraders.com&quot;">
</property>
</properties>
<failure message="addToCart.spec.ts:10:9 Should add an item to the cart" type="FAILURE">
<![CDATA[  [webkit] › Api/addToCart.spec.ts:10:9 › Contoso Traders › Should add an item to the cart › Go to the page: "https://cloudtesting.contosotraders.com" 

    Error: page.goto: Error resolving “cloudtesting.contosotraders.com”: No address associated with hostname
    Call log:
      - navigating to "https://cloudtesting.contosotraders.com/", waiting until "load"


       at ../pages/ContosoTraders/homePage.ts:24

      22 |         const url = process.env.CONTOSO_URL ?? 'https://cloudtesting.contosotraders.com';
      23 |         await this.addStepWithAnnotation(AnnotationType.GoTo, 'Go to the page: "' + url + '"', async () => {
    > 24 |             await this.page.goto(url);
         |                             ^
      25 |         });
      26 |     }
      27 |

        at /home/runner/work/Playwright/Playwright/pages/ContosoTraders/homePage.ts:24:29
        at HomePage.addStepWithAnnotation (/home/runner/work/Playwright/Playwright/pages/basePage.ts:55:31)
        at HomePage.goTo (/home/runner/work/Playwright/Playwright/pages/ContosoTraders/homePage.ts:23:20)
        at /home/runner/work/Playwright/Playwright/tests/Api/addToCart.spec.ts:12:24

    attachment #1: screenshot (image/png) ──────────────────────────────────────────────────────────
    test-results/Api-addToCart-Contoso-Traders-Should-add-an-item-to-the-cart-webkit/test-failed-1.png
    ────────────────────────────────────────────────────────────────────────────────────────────────

    attachment #2: video (video/webm) ──────────────────────────────────────────────────────────────
    test-results/Api-addToCart-Contoso-Traders-Should-add-an-item-to-the-cart-webkit/video.webm
    ────────────────────────────────────────────────────────────────────────────────────────────────

    attachment #3: trace (application/zip) ─────────────────────────────────────────────────────────
    test-results/Api-addToCart-Contoso-Traders-Should-add-an-item-to-the-cart-webkit/trace.zip
    Usage:

        npx playwright show-trace test-results/Api-addToCart-Contoso-Traders-Should-add-an-item-to-the-cart-webkit/trace.zip

    ────────────────────────────────────────────────────────────────────────────────────────────────

    Retry #1 ───────────────────────────────────────────────────────────────────────────────────────

    Error: page.goto: Error resolving “cloudtesting.contosotraders.com”: No address associated with hostname
    Call log:
      - navigating to "https://cloudtesting.contosotraders.com/", waiting until "load"


       at ../pages/ContosoTraders/homePage.ts:24

      22 |         const url = process.env.CONTOSO_URL ?? 'https://cloudtesting.contosotraders.com';
      23 |         await this.addStepWithAnnotation(AnnotationType.GoTo, 'Go to the page: "' + url + '"', async () => {
    > 24 |             await this.page.goto(url);
         |                             ^
      25 |         });
      26 |     }
      27 |

        at /home/runner/work/Playwright/Playwright/pages/ContosoTraders/homePage.ts:24:29
        at HomePage.addStepWithAnnotation (/home/runner/work/Playwright/Playwright/pages/basePage.ts:55:31)
        at HomePage.goTo (/home/runner/work/Playwright/Playwright/pages/ContosoTraders/homePage.ts:23:20)
        at /home/runner/work/Playwright/Playwright/tests/Api/addToCart.spec.ts:12:24

    attachment #1: screenshot (image/png) ──────────────────────────────────────────────────────────
    test-results/Api-addToCart-Contoso-Traders-Should-add-an-item-to-the-cart-webkit-retry1/test-failed-1.png
    ────────────────────────────────────────────────────────────────────────────────────────────────

    attachment #2: video (video/webm) ──────────────────────────────────────────────────────────────
    test-results/Api-addToCart-Contoso-Traders-Should-add-an-item-to-the-cart-webkit-retry1/video.webm
    ────────────────────────────────────────────────────────────────────────────────────────────────

    attachment #3: trace (application/zip) ─────────────────────────────────────────────────────────
    test-results/Api-addToCart-Contoso-Traders-Should-add-an-item-to-the-cart-webkit-retry1/trace.zip
    Usage:

        npx playwright show-trace test-results/Api-addToCart-Contoso-Traders-Should-add-an-item-to-the-cart-webkit-retry1/trace.zip

    ────────────────────────────────────────────────────────────────────────────────────────────────
]]>
</failure>
<system-out>
<![CDATA[
[[ATTACHMENT|../test-results/Api-addToCart-Contoso-Traders-Should-add-an-item-to-the-cart-webkit/test-failed-1.png]]

[[ATTACHMENT|../test-results/Api-addToCart-Contoso-Traders-Should-add-an-item-to-the-cart-webkit/video.webm]]

[[ATTACHMENT|../test-results/Api-addToCart-Contoso-Traders-Should-add-an-item-to-the-cart-webkit/trace.zip]]

[[ATTACHMENT|../test-results/Api-addToCart-Contoso-Traders-Should-add-an-item-to-the-cart-webkit-retry1/test-failed-1.png]]

[[ATTACHMENT|../test-results/Api-addToCart-Contoso-Traders-Should-add-an-item-to-the-cart-webkit-retry1/video.webm]]

[[ATTACHMENT|../test-results/Api-addToCart-Contoso-Traders-Should-add-an-item-to-the-cart-webkit-retry1/trace.zip]]
]]>
</system-out>
</testcase>
</testsuite>
<testsuite name="Api/servers.spec.ts" timestamp="2024-06-29T17:14:26.713Z" hostname="webkit" tests="2" failures="0" skipped="0" time="11.786" errors="0">
<testcase name="Servers › Should add a server" classname="Api/servers.spec.ts" time="4.753">
<properties>
<property name="Go To" value="Go to the servers page: &quot;https://effizientedemo.azurewebsites.net/Security/servers&quot;">
</property>
<property name="Button" value="Click: &quot;Add&quot;">
</property>
<property name="InputText" value="Fill &quot;Key:&quot; with the value: &quot;95010&quot;">
</property>
<property name="InputText" value="Fill &quot;Name:&quot; with the value: &quot;Kemmer - Considine&quot;">
</property>
<property name="InputText" value="Fill &quot;Url:&quot; with the value: &quot;https://sparse-clothes.org&quot;">
</property>
<property name="Button" value="Click: &quot;Save&quot;">
</property>
<property name="Assert" value="Success message is visible">
</property>
<property name="Assert" value="Server id should be a number greater than 1">
</property>
<property name="Assert" value="Server with the key: &quot;95010&quot; exists in the table">
</property>
<property name="Assert" value="The server name for the key: &quot;95010&quot; is: &quot;Kemmer - Considine&quot;">
</property>
<property name="Assert" value="The server url for the key: &quot;95010&quot; is: &quot;https://sparse-clothes.org&quot;">
</property>
</properties>
<system-out>
<![CDATA[index:2
]]>
</system-out>
</testcase>
<testcase name="Servers › Should edit a server" classname="Api/servers.spec.ts" time="7.033">
<properties>
<property name="Go To" value="Go to the servers page: &quot;https://effizientedemo.azurewebsites.net/Security/servers&quot;">
</property>
<property name="Step" value="Create server with API">
</property>
<property name="Go To" value="Go to the servers page: &quot;https://effizientedemo.azurewebsites.net/Security/servers&quot;">
</property>
<property name="InputText" value="Fill &quot;key:&quot; with the value: &quot;91648&quot;">
</property>
<property name="InputText" value="Fill &quot;Name:&quot; with the value: &quot;Gutmann - Gleason&quot;">
</property>
<property name="InputText" value="Fill &quot;Url:&quot; with the value: &quot;https://rectangular-saint.com/&quot;">
</property>
<property name="Button" value="Click: &quot;Save&quot;">
</property>
<property name="Assert" value="Success message is visible">
</property>
<property name="Assert" value="Server with the key: &quot;91648&quot; exists in the table">
</property>
<property name="Assert" value="The server name for the key: &quot;91648&quot; is: &quot;Gutmann - Gleason&quot;">
</property>
<property name="Assert" value="The server url for the key: &quot;91648&quot; is: &quot;https://rectangular-saint.com/&quot;">
</property>
</properties>
<system-out>
<![CDATA[index:2
]]>
</system-out>
</testcase>
</testsuite>
<testsuite name="Basic/login.spec.ts" timestamp="2024-06-29T17:14:26.713Z" hostname="webkit" tests="1" failures="0" skipped="0" time="2.182" errors="0">
<testcase name="Login › Login with valid user load inventory page" classname="Basic/login.spec.ts" time="2.182">
<properties>
<property name="Go To" value="Go to the page: &quot;https://www.saucedemo.com&quot;">
</property>
<property name="InputText" value="Fill &quot;Username:&quot; with the value: &quot;standard_user&quot;">
</property>
<property name="InputPassword" value="Fill: &quot;Password with value: *****&quot;">
</property>
<property name="Button" value="Click: &quot;Login&quot;">
</property>
<property name="Assert" value="Check URL Page is equal to: &quot;https://www.saucedemo.com/inventory.html&quot;">
</property>
</properties>
</testcase>
</testsuite>
<testsuite name="Basic/menu.spec.ts" timestamp="2024-06-29T17:14:26.713Z" hostname="webkit" tests="2" failures="0" skipped="0" time="10.343" errors="0">
<testcase name="Normal user › Should returns user menu" classname="Basic/menu.spec.ts" time="4.498">
<properties>
<property name="Go To" value="Go to the page: &quot;https://effizientedemo.azurewebsites.net/AccountsReceivable/dashboard&quot;">
</property>
<property name="PirmeFacesMenu" value="Get top menus">
</property>
<property name="Assert" value="Menu are equal to: &quot;AccountsReceivable,Config&quot;">
</property>
</properties>
</testcase>
<testcase name="Admin user › Should returns admin menu" classname="Basic/menu.spec.ts" time="5.845">
<properties>
<property name="Go To" value="Go to the page: &quot;https://effizientedemo.azurewebsites.net/AccountsReceivable/dashboard&quot;">
</property>
<property name="PirmeFacesMenu" value="Get top menus">
</property>
<property name="Assert" value="Menu are equal to: &quot;AccountsReceivable,Security,Config&quot;">
</property>
</properties>
</testcase>
</testsuite>
<testsuite name="Excel/exportServers.spec.ts" timestamp="2024-06-29T17:14:26.713Z" hostname="webkit" tests="1" failures="0" skipped="0" time="3.558" errors="0">
<testcase name="Servers › Should export servers to excel" classname="Excel/exportServers.spec.ts" time="3.558">
<properties>
<property name="Go To" value="Go to the servers page: &quot;https://effizientedemo.azurewebsites.net/Security/servers&quot;">
</property>
<property name="ButtonExcel" value="Click: &quot;Export to Excel&quot;">
</property>
<property name="Assert" value="The excel file rows are equal to the grid rows">
</property>
</properties>
<system-out>
<![CDATA[
[[ATTACHMENT|../test-results/Excel-exportServers-Servers-Should-export-servers-to-excel-webkit/attachments/servers-xlsx-b45414d1440b649c23868d9b19e0f22e5f012826.xlsx]]
]]>
</system-out>
</testcase>
</testsuite>
<testsuite name="Fixture-LambdaTest/loginLambdaTestFixture.spec.ts" timestamp="2024-06-29T17:14:26.713Z" hostname="webkit" tests="1" failures="0" skipped="0" time="0.784" errors="0">
<testcase name="Login › Login with valid user load inventory page" classname="Fixture-LambdaTest/loginLambdaTestFixture.spec.ts" time="0.784">
<properties>
<property name="Go To" value="Go to the page: &quot;https://www.saucedemo.com&quot;">
</property>
<property name="InputText" value="Fill &quot;Username:&quot; with the value: &quot;standard_user&quot;">
</property>
<property name="InputPassword" value="Fill: &quot;Password with value: *****&quot;">
</property>
<property name="Button" value="Click: &quot;Login&quot;">
</property>
<property name="Assert" value="Check URL Page equal to: &quot;https://www.saucedemo.com/inventory.html&quot;">
</property>
</properties>
</testcase>
</testsuite>
<testsuite name="LocaleGeo/bingMaps.spec.ts" timestamp="2024-06-29T17:14:26.713Z" hostname="webkit" tests="1" failures="0" skipped="0" time="11.028" errors="0">
<testcase name="Geo Location Test › The bing maps is located to munich" classname="LocaleGeo/bingMaps.spec.ts" time="11.028">
<properties>
<property name="Go To" value="Go to the page: &quot;https://www.bing.com/maps&quot;">
</property>
<property name="Button" value="Click: &quot;button.locateMeBtn&quot;">
</property>
<property name="Button" value="Click: &quot;button.geochainUncollapse&quot;">
</property>
<property name="Assert" value="Geo name is equal to:GermanyBavariaMunich (District)">
</property>
</properties>
</testcase>
</testsuite>
<testsuite name="LocaleGeo/searchLocale.spec.ts" timestamp="2024-06-29T17:14:26.713Z" hostname="webkit" tests="1" failures="0" skipped="0" time="2.445" errors="0">
<testcase name="Locale translations › Translations with locale and time zone id" classname="LocaleGeo/searchLocale.spec.ts" time="2.445">
<properties>
<property name="Go To" value="Go to the page: &quot;https://www.google.com&quot;">
</property>
<property name="Assert" value="Search button text is equal to: &quot;Buscar con Google&quot;">
</property>
</properties>
</testcase>
</testsuite>
<testsuite name="Synthetic/login.spec.ts" timestamp="2024-06-29T17:14:26.713Z" hostname="webkit" tests="1" failures="0" skipped="0" time="8.912" errors="0">
<testcase name="Synthetic login testing › Should show dashboard" classname="Synthetic/login.spec.ts" time="8.912">
</testcase>
</testsuite>
<testsuite name="Synthetic/menu.spec.ts" timestamp="2024-06-29T17:14:26.713Z" hostname="webkit" tests="1" failures="0" skipped="0" time="7.451" errors="0">
<testcase name="Synthetic testing › Should show dashboard" classname="Synthetic/menu.spec.ts" time="7.451">
<properties>
<property name="Navigation" value="Go to:https://effizientedemo.azurewebsites.net">
</property>
</properties>
</testcase>
</testsuite>
<testsuite name="VisualTesting/dashboard.spec.ts" timestamp="2024-06-29T17:14:26.713Z" hostname="webkit" tests="1" failures="0" skipped="0" time="5.929" errors="0">
<testcase name="Check Dashboard › Should show dashboard" classname="VisualTesting/dashboard.spec.ts" time="5.929">
<properties>
<property name="Mock" value="Modify the summary with fixed data">
</property>
<property name="Mock" value="Modify the &quot;Sumary Expiration&quot; with fixed data">
</property>
<property name="Mock" value="Modify the &quot;Top 5 delay&quot; with fixed data">
</property>
<property name="Mock" value="Modify the &quot;Top 5 total&quot; with fixed data">
</property>
<property name="Mock" value="Modify the &quot;Top 5 type&quot; with fixed data">
</property>
<property name="Mock" value="Modify the &quot;Top 10 Limit 1&quot; with fixed data">
</property>
<property name="Mock" value="Modify the &quot;Top 10 Limit 2&quot; with fixed data">
</property>
<property name="Mock" value="Modify the &quot;Top 10 Limit 3&quot; with fixed data">
</property>
<property name="Mock" value="Modify the &quot;Top 10 To Expire&quot; with fixed data">
</property>
<property name="Go To" value="Go to the page: &quot;https://effizientedemo.azurewebsites.net/AccountsReceivable/dashboard&quot;">
</property>
<property name="Step" value="Compare snapshot: dashboard.png with maxDiffPixelsRatio: 0.1">
</property>
</properties>
</testcase>
</testsuite>
</testsuites>