<testsuites id="" name="" tests="39" failures="3" skipped="2" errors="0" time="130.18848500000001">
<testsuite name="SauceDemo/loginLambdaTestFixture.spec.ts" timestamp="2024-05-11T03:29:34.684Z" hostname="chrome:latest:MacOS Catalina@lambdatest" tests="1" failures="0" skipped="0" time="19.525" errors="0">
<testcase name="Login › Login with valid user load inventory page" classname="SauceDemo/loginLambdaTestFixture.spec.ts" time="19.525">
<properties>
<property name="Go To" value="Go to the page: &quot;https://www.saucedemo.com&quot;">
</property>
<property name="InputText" value="Fill &quot;Username:&quot; with the value: &quot;standard_user&quot;">
</property>
<property name="InputPassword" value="Fill: &quot;Password with value: *****&quot;">
</property>
<property name="Button" value="Click: &quot;Login&quot;">
</property>
<property name="Assert" value="Check URL Page equal to: &quot;https://www.saucedemo.com/inventory.html&quot;">
</property>
</properties>
</testcase>
</testsuite>
<testsuite name="SauceDemo/loginLambdaTestFixture.spec.ts" timestamp="2024-05-11T03:29:34.684Z" hostname="pw-webkit:latest:MacOS Monterey@lambdatest" tests="1" failures="0" skipped="0" time="4.003" errors="0">
<testcase name="Login › Login with valid user load inventory page" classname="SauceDemo/loginLambdaTestFixture.spec.ts" time="4.003">
<properties>
<property name="Go To" value="Go to the page: &quot;https://www.saucedemo.com&quot;">
</property>
<property name="InputText" value="Fill &quot;Username:&quot; with the value: &quot;standard_user&quot;">
</property>
<property name="InputPassword" value="Fill: &quot;Password with value: *****&quot;">
</property>
<property name="Button" value="Click: &quot;Login&quot;">
</property>
<property name="Assert" value="Check URL Page equal to: &quot;https://www.saucedemo.com/inventory.html&quot;">
</property>
</properties>
</testcase>
</testsuite>
<testsuite name="SauceDemo/loginLambdaTestFixture.spec.ts" timestamp="2024-05-11T03:29:34.684Z" hostname="chrome:latest:Windows 10@lambdatest" tests="1" failures="0" skipped="0" time="17.509" errors="0">
<testcase name="Login › Login with valid user load inventory page" classname="SauceDemo/loginLambdaTestFixture.spec.ts" time="17.509">
<properties>
<property name="Go To" value="Go to the page: &quot;https://www.saucedemo.com&quot;">
</property>
<property name="InputText" value="Fill &quot;Username:&quot; with the value: &quot;standard_user&quot;">
</property>
<property name="InputPassword" value="Fill: &quot;Password with value: *****&quot;">
</property>
<property name="Button" value="Click: &quot;Login&quot;">
</property>
<property name="Assert" value="Check URL Page equal to: &quot;https://www.saucedemo.com/inventory.html&quot;">
</property>
</properties>
</testcase>
</testsuite>
<testsuite name="Effiziente/AI-ZeroStep/login.spec.ts" timestamp="2024-05-11T03:29:34.684Z" hostname="chromium" tests="1" failures="0" skipped="0" time="6.542" errors="0">
<testcase name="AI Zero Step › Should show dashboard after login" classname="Effiziente/AI-ZeroStep/login.spec.ts" time="6.542">
</testcase>
</testsuite>
<testsuite name="Effiziente/Api/servers.spec.ts" timestamp="2024-05-11T03:29:34.684Z" hostname="chromium" tests="2" failures="1" skipped="0" time="31.56" errors="0">
<testcase name="Servers › Should add a server" classname="Effiziente/Api/servers.spec.ts" time="28.754">
<properties>
<property name="Go To" value="Go to the servers page: &quot;https://effizientedemo.azurewebsites.net/Security/servers&quot;">
</property>
<property name="Button" value="Click: &quot;Add&quot;">
</property>
<property name="InputText" value="Fill &quot;Key:&quot; with the value: &quot;271323&quot;">
</property>
<property name="InputText" value="Fill &quot;Name:&quot; with the value: &quot;Flatley, Stark and Prohaska&quot;">
</property>
<property name="InputText" value="Fill &quot;Url:&quot; with the value: &quot;https://full-key.biz/&quot;">
</property>
<property name="Button" value="Click: &quot;Save&quot;">
</property>
<property name="Assert" value="Success message is visible">
</property>
</properties>
<failure message="servers.spec.ts:12:9 Should add a server" type="FAILURE">
<![CDATA[  [chromium] › Effiziente/Api/servers.spec.ts:12:9 › Servers › Should add a server ─────────────────

    Error: Success message is visible

    Timed out 10000ms waiting for expect(locator).toBeVisible()

    Locator: locator('[data-test="message"]')
    Expected: visible
    Received: <element(s) not found>
    Call log:
      - Success message is visible with timeout 10000ms
      - waiting for locator('[data-test="message"]')


       at ../pages/Effiziente/serversPage.ts:108

      106 |         const assertDescription = 'Success message is visible';
      107 |         await this.addAnnotation(AnnotationType.Assert, assertDescription);
    > 108 |         await expect(this.message.locator, assertDescription).toBeVisible();
          |                                                               ^
      109 |     }
      110 |
      111 | }

        at ServersPage.checkSuccessMessage (/home/runner/work/PlaywrightFramework/PlaywrightFramework/pages/Effiziente/serversPage.ts:108:63)
        at /home/runner/work/PlaywrightFramework/PlaywrightFramework/tests/Effiziente/Api/servers.spec.ts:28:9

    attachment #1: screenshot (image/png) ──────────────────────────────────────────────────────────
    test-results/Effiziente-Api-servers-Servers-Should-add-a-server-chromium/test-failed-1.png
    ────────────────────────────────────────────────────────────────────────────────────────────────

    attachment #2: video (video/webm) ──────────────────────────────────────────────────────────────
    test-results/Effiziente-Api-servers-Servers-Should-add-a-server-chromium/video.webm
    ────────────────────────────────────────────────────────────────────────────────────────────────

    attachment #3: trace (application/zip) ─────────────────────────────────────────────────────────
    test-results/Effiziente-Api-servers-Servers-Should-add-a-server-chromium/trace.zip
    Usage:

        npx playwright show-trace test-results/Effiziente-Api-servers-Servers-Should-add-a-server-chromium/trace.zip

    ────────────────────────────────────────────────────────────────────────────────────────────────

    Retry #1 ───────────────────────────────────────────────────────────────────────────────────────

    Error: Success message is visible

    Timed out 10000ms waiting for expect(locator).toBeVisible()

    Locator: locator('[data-test="message"]')
    Expected: visible
    Received: <element(s) not found>
    Call log:
      - Success message is visible with timeout 10000ms
      - waiting for locator('[data-test="message"]')


       at ../pages/Effiziente/serversPage.ts:108

      106 |         const assertDescription = 'Success message is visible';
      107 |         await this.addAnnotation(AnnotationType.Assert, assertDescription);
    > 108 |         await expect(this.message.locator, assertDescription).toBeVisible();
          |                                                               ^
      109 |     }
      110 |
      111 | }

        at ServersPage.checkSuccessMessage (/home/runner/work/PlaywrightFramework/PlaywrightFramework/pages/Effiziente/serversPage.ts:108:63)
        at /home/runner/work/PlaywrightFramework/PlaywrightFramework/tests/Effiziente/Api/servers.spec.ts:28:9

    attachment #1: screenshot (image/png) ──────────────────────────────────────────────────────────
    test-results/Effiziente-Api-servers-Servers-Should-add-a-server-chromium-retry1/test-failed-1.png
    ────────────────────────────────────────────────────────────────────────────────────────────────

    attachment #2: video (video/webm) ──────────────────────────────────────────────────────────────
    test-results/Effiziente-Api-servers-Servers-Should-add-a-server-chromium-retry1/video.webm
    ────────────────────────────────────────────────────────────────────────────────────────────────

    attachment #3: trace (application/zip) ─────────────────────────────────────────────────────────
    test-results/Effiziente-Api-servers-Servers-Should-add-a-server-chromium-retry1/trace.zip
    Usage:

        npx playwright show-trace test-results/Effiziente-Api-servers-Servers-Should-add-a-server-chromium-retry1/trace.zip

    ────────────────────────────────────────────────────────────────────────────────────────────────
]]>
</failure>
<system-out>
<![CDATA[
[[ATTACHMENT|../test-results/Effiziente-Api-servers-Servers-Should-add-a-server-chromium/test-failed-1.png]]

[[ATTACHMENT|../test-results/Effiziente-Api-servers-Servers-Should-add-a-server-chromium/video.webm]]

[[ATTACHMENT|../test-results/Effiziente-Api-servers-Servers-Should-add-a-server-chromium/trace.zip]]

[[ATTACHMENT|../test-results/Effiziente-Api-servers-Servers-Should-add-a-server-chromium-retry1/test-failed-1.png]]

[[ATTACHMENT|../test-results/Effiziente-Api-servers-Servers-Should-add-a-server-chromium-retry1/video.webm]]

[[ATTACHMENT|../test-results/Effiziente-Api-servers-Servers-Should-add-a-server-chromium-retry1/trace.zip]]
]]>
</system-out>
</testcase>
<testcase name="Servers › Should edit a server" classname="Effiziente/Api/servers.spec.ts" time="2.806">
<properties>
<property name="Go To" value="Go to the servers page: &quot;https://effizientedemo.azurewebsites.net/Security/servers&quot;">
</property>
<property name="Step" value="Create server with API">
</property>
<property name="Go To" value="Go to the servers page: &quot;https://effizientedemo.azurewebsites.net/Security/servers&quot;">
</property>
<property name="InputText" value="Fill &quot;key:&quot; with the value: &quot;707847&quot;">
</property>
<property name="InputText" value="Fill &quot;Name:&quot; with the value: &quot;Kuphal - Corkery&quot;">
</property>
<property name="InputText" value="Fill &quot;Url:&quot; with the value: &quot;https://buzzing-railing.com&quot;">
</property>
<property name="Button" value="Click: &quot;Save&quot;">
</property>
<property name="Assert" value="Success message is visible">
</property>
<property name="Assert" value="Row with the key: 707847 exists">
</property>
<property name="Assert" value="The server name for the key: &quot;707847&quot; is: &quot;Kuphal - Corkery&quot;">
</property>
<property name="Assert" value="The server name for the key: &quot;707847&quot; is: &quot;Kuphal - Corkery&quot;">
</property>
</properties>
<system-out>
<![CDATA[index:2
]]>
</system-out>
</testcase>
</testsuite>
<testsuite name="Effiziente/dashboard.spec.ts" timestamp="2024-05-11T03:29:34.684Z" hostname="chromium" tests="1" failures="0" skipped="0" time="2.225" errors="0">
<testcase name="Check Dashboard › Should show dashboard" classname="Effiziente/dashboard.spec.ts" time="2.225">
<properties>
<property name="Mock" value="Modify the summary with fixed data">
</property>
<property name="Mock" value="Modify the &quot;Sumary Expiration&quot; with fixed data">
</property>
<property name="Mock" value="Modify the &quot;Top 5 delay&quot; with fixed data">
</property>
<property name="Mock" value="Modify the &quot;Top 5 total&quot; with fixed data">
</property>
<property name="Mock" value="Modify the &quot;Top 5 type&quot; with fixed data">
</property>
<property name="Mock" value="Modify the &quot;Top 10 Limit 1&quot; with fixed data">
</property>
<property name="Mock" value="Modify the &quot;Top 10 Limit 2&quot; with fixed data">
</property>
<property name="Mock" value="Modify the &quot;Top 10 Limit 3&quot; with fixed data">
</property>
<property name="Mock" value="Modify the &quot;Top 10 To Expire&quot; with fixed data">
</property>
<property name="Go To" value="Go to the page: &quot;https://effizientedemo.azurewebsites.net/AccountsReceivable/dashboard&quot;">
</property>
<property name="Step" value="Compare snapshot: dashboard.png with maxDiffPixelsRatio: 0.1">
</property>
</properties>
</testcase>
</testsuite>
<testsuite name="Effiziente/Excel/exportServers.spec.ts" timestamp="2024-05-11T03:29:34.684Z" hostname="chromium" tests="1" failures="0" skipped="0" time="1.587" errors="0">
<testcase name="Servers › Should export servers to excel" classname="Effiziente/Excel/exportServers.spec.ts" time="1.587">
<properties>
<property name="Go To" value="Go to the servers page: &quot;https://effizientedemo.azurewebsites.net/Security/servers&quot;">
</property>
<property name="ButtonExcel" value="Click: &quot;Export to Excel&quot;">
</property>
<property name="Assert" value="The excel file rows are equal to the grid rows">
</property>
</properties>
</testcase>
</testsuite>
<testsuite name="Effiziente/menu.spec.ts" timestamp="2024-05-11T03:29:34.684Z" hostname="chromium" tests="2" failures="0" skipped="0" time="4.71" errors="0">
<testcase name="Normal user › Should returns user menu" classname="Effiziente/menu.spec.ts" time="2.306">
<properties>
<property name="Go To" value="Go to the page: &quot;https://effizientedemo.azurewebsites.net/AccountsReceivable/dashboard&quot;">
</property>
<property name="PirmeFacesMenu" value="Get top menus">
</property>
<property name="Assert" value="Menu is equal to: AccountsReceivable,Config">
</property>
</properties>
</testcase>
<testcase name="Admin user › Should returns admin menu" classname="Effiziente/menu.spec.ts" time="2.404">
<properties>
<property name="Go To" value="Go to the page: &quot;https://effizientedemo.azurewebsites.net/AccountsReceivable/dashboard&quot;">
</property>
<property name="PirmeFacesMenu" value="Get top menus">
</property>
<property name="Assert" value="Menu is equal to:AccountsReceivable,Security,Config">
</property>
</properties>
</testcase>
</testsuite>
<testsuite name="Effiziente/Synthetic/login.spec.ts" timestamp="2024-05-11T03:29:34.684Z" hostname="chromium" tests="1" failures="0" skipped="0" time="3.711" errors="0">
<testcase name="Synthetic login testing › Should show dashboard" classname="Effiziente/Synthetic/login.spec.ts" time="3.711">
</testcase>
</testsuite>
<testsuite name="Effiziente/Synthetic/menu.spec.ts" timestamp="2024-05-11T03:29:34.684Z" hostname="chromium" tests="1" failures="0" skipped="0" time="3.726" errors="0">
<testcase name="Synthetic testing › Should show dashboard" classname="Effiziente/Synthetic/menu.spec.ts" time="3.726">
<properties>
<property name="Navigation" value="Go to:https://effizientedemo.azurewebsites.net">
</property>
</properties>
</testcase>
</testsuite>
<testsuite name="Google/searchLocale.spec.ts" timestamp="2024-05-11T03:29:34.684Z" hostname="chromium" tests="1" failures="0" skipped="0" time="1.026" errors="0">
<testcase name="Locale translations › Translations with locale and time zone id" classname="Google/searchLocale.spec.ts" time="1.026">
<properties>
<property name="Go To" value="Go to the page: &quot;https://www.google.com&quot;">
</property>
<property name="Assert" value="Search button text is equal to: &quot;Buscar con Google&quot;">
</property>
</properties>
</testcase>
</testsuite>
<testsuite name="SauceDemo/login.spec.ts" timestamp="2024-05-11T03:29:34.684Z" hostname="chromium" tests="1" failures="0" skipped="0" time="0.644" errors="0">
<testcase name="Login › Login with valid user load inventory page" classname="SauceDemo/login.spec.ts" time="0.644">
<properties>
<property name="Go To" value="Go to the page: &quot;https://www.saucedemo.com&quot;">
</property>
<property name="InputText" value="Fill &quot;Username:&quot; with the value: &quot;standard_user&quot;">
</property>
<property name="InputPassword" value="Fill: &quot;Password with value: *****&quot;">
</property>
<property name="Button" value="Click: &quot;Login&quot;">
</property>
<property name="Assert" value="Check URL Page equal to: &quot;https://www.saucedemo.com/inventory.html&quot;">
</property>
</properties>
</testcase>
</testsuite>
<testsuite name="SauceDemo/loginLambdaTestFixture.spec.ts" timestamp="2024-05-11T03:29:34.684Z" hostname="chromium" tests="1" failures="0" skipped="0" time="0.622" errors="0">
<testcase name="Login › Login with valid user load inventory page" classname="SauceDemo/loginLambdaTestFixture.spec.ts" time="0.622">
<properties>
<property name="Go To" value="Go to the page: &quot;https://www.saucedemo.com&quot;">
</property>
<property name="InputText" value="Fill &quot;Username:&quot; with the value: &quot;standard_user&quot;">
</property>
<property name="InputPassword" value="Fill: &quot;Password with value: *****&quot;">
</property>
<property name="Button" value="Click: &quot;Login&quot;">
</property>
<property name="Assert" value="Check URL Page equal to: &quot;https://www.saucedemo.com/inventory.html&quot;">
</property>
</properties>
</testcase>
</testsuite>
<testsuite name="Effiziente/AI-ZeroStep/login.spec.ts" timestamp="2024-05-11T03:29:34.684Z" hostname="firefox" tests="1" failures="0" skipped="1" time="0.8" errors="0">
<testcase name="AI Zero Step › Should show dashboard after login" classname="Effiziente/AI-ZeroStep/login.spec.ts" time="0.8">
<properties>
<property name="skip" value="Zero Steps only works in chromium">
</property>
</properties>
<skipped>
</skipped>
</testcase>
</testsuite>
<testsuite name="Effiziente/Api/servers.spec.ts" timestamp="2024-05-11T03:29:34.684Z" hostname="firefox" tests="2" failures="1" skipped="0" time="32.238" errors="0">
<testcase name="Servers › Should add a server" classname="Effiziente/Api/servers.spec.ts" time="27.929">
<properties>
<property name="Go To" value="Go to the servers page: &quot;https://effizientedemo.azurewebsites.net/Security/servers&quot;">
</property>
<property name="Button" value="Click: &quot;Add&quot;">
</property>
<property name="InputText" value="Fill &quot;Key:&quot; with the value: &quot;207969&quot;">
</property>
<property name="InputText" value="Fill &quot;Name:&quot; with the value: &quot;Vandervort - Smith&quot;">
</property>
<property name="InputText" value="Fill &quot;Url:&quot; with the value: &quot;https://unconscious-nephew.info&quot;">
</property>
<property name="Button" value="Click: &quot;Save&quot;">
</property>
<property name="Assert" value="Success message is visible">
</property>
</properties>
<failure message="servers.spec.ts:12:9 Should add a server" type="FAILURE">
<![CDATA[  [firefox] › Effiziente/Api/servers.spec.ts:12:9 › Servers › Should add a server ──────────────────

    Error: Success message is visible

    Timed out 10000ms waiting for expect(locator).toBeVisible()

    Locator: locator('[data-test="message"]')
    Expected: visible
    Received: <element(s) not found>
    Call log:
      - Success message is visible with timeout 10000ms
      - waiting for locator('[data-test="message"]')


       at ../pages/Effiziente/serversPage.ts:108

      106 |         const assertDescription = 'Success message is visible';
      107 |         await this.addAnnotation(AnnotationType.Assert, assertDescription);
    > 108 |         await expect(this.message.locator, assertDescription).toBeVisible();
          |                                                               ^
      109 |     }
      110 |
      111 | }

        at ServersPage.checkSuccessMessage (/home/runner/work/PlaywrightFramework/PlaywrightFramework/pages/Effiziente/serversPage.ts:108:63)
        at /home/runner/work/PlaywrightFramework/PlaywrightFramework/tests/Effiziente/Api/servers.spec.ts:28:9

    attachment #1: screenshot (image/png) ──────────────────────────────────────────────────────────
    test-results/Effiziente-Api-servers-Servers-Should-add-a-server-firefox/test-failed-1.png
    ────────────────────────────────────────────────────────────────────────────────────────────────

    attachment #2: video (video/webm) ──────────────────────────────────────────────────────────────
    test-results/Effiziente-Api-servers-Servers-Should-add-a-server-firefox/video.webm
    ────────────────────────────────────────────────────────────────────────────────────────────────

    attachment #3: trace (application/zip) ─────────────────────────────────────────────────────────
    test-results/Effiziente-Api-servers-Servers-Should-add-a-server-firefox/trace.zip
    Usage:

        npx playwright show-trace test-results/Effiziente-Api-servers-Servers-Should-add-a-server-firefox/trace.zip

    ────────────────────────────────────────────────────────────────────────────────────────────────

    Retry #1 ───────────────────────────────────────────────────────────────────────────────────────

    Error: Success message is visible

    Timed out 10000ms waiting for expect(locator).toBeVisible()

    Locator: locator('[data-test="message"]')
    Expected: visible
    Received: <element(s) not found>
    Call log:
      - Success message is visible with timeout 10000ms
      - waiting for locator('[data-test="message"]')


       at ../pages/Effiziente/serversPage.ts:108

      106 |         const assertDescription = 'Success message is visible';
      107 |         await this.addAnnotation(AnnotationType.Assert, assertDescription);
    > 108 |         await expect(this.message.locator, assertDescription).toBeVisible();
          |                                                               ^
      109 |     }
      110 |
      111 | }

        at ServersPage.checkSuccessMessage (/home/runner/work/PlaywrightFramework/PlaywrightFramework/pages/Effiziente/serversPage.ts:108:63)
        at /home/runner/work/PlaywrightFramework/PlaywrightFramework/tests/Effiziente/Api/servers.spec.ts:28:9

    attachment #1: screenshot (image/png) ──────────────────────────────────────────────────────────
    test-results/Effiziente-Api-servers-Servers-Should-add-a-server-firefox-retry1/test-failed-1.png
    ────────────────────────────────────────────────────────────────────────────────────────────────

    attachment #2: video (video/webm) ──────────────────────────────────────────────────────────────
    test-results/Effiziente-Api-servers-Servers-Should-add-a-server-firefox-retry1/video.webm
    ────────────────────────────────────────────────────────────────────────────────────────────────

    attachment #3: trace (application/zip) ─────────────────────────────────────────────────────────
    test-results/Effiziente-Api-servers-Servers-Should-add-a-server-firefox-retry1/trace.zip
    Usage:

        npx playwright show-trace test-results/Effiziente-Api-servers-Servers-Should-add-a-server-firefox-retry1/trace.zip

    ────────────────────────────────────────────────────────────────────────────────────────────────
]]>
</failure>
<system-out>
<![CDATA[
[[ATTACHMENT|../test-results/Effiziente-Api-servers-Servers-Should-add-a-server-firefox/test-failed-1.png]]

[[ATTACHMENT|../test-results/Effiziente-Api-servers-Servers-Should-add-a-server-firefox/video.webm]]

[[ATTACHMENT|../test-results/Effiziente-Api-servers-Servers-Should-add-a-server-firefox/trace.zip]]

[[ATTACHMENT|../test-results/Effiziente-Api-servers-Servers-Should-add-a-server-firefox-retry1/test-failed-1.png]]

[[ATTACHMENT|../test-results/Effiziente-Api-servers-Servers-Should-add-a-server-firefox-retry1/video.webm]]

[[ATTACHMENT|../test-results/Effiziente-Api-servers-Servers-Should-add-a-server-firefox-retry1/trace.zip]]
]]>
</system-out>
</testcase>
<testcase name="Servers › Should edit a server" classname="Effiziente/Api/servers.spec.ts" time="4.309">
<properties>
<property name="Go To" value="Go to the servers page: &quot;https://effizientedemo.azurewebsites.net/Security/servers&quot;">
</property>
<property name="Step" value="Create server with API">
</property>
<property name="Go To" value="Go to the servers page: &quot;https://effizientedemo.azurewebsites.net/Security/servers&quot;">
</property>
<property name="InputText" value="Fill &quot;key:&quot; with the value: &quot;255706&quot;">
</property>
<property name="InputText" value="Fill &quot;Name:&quot; with the value: &quot;Nienow - Sanford&quot;">
</property>
<property name="InputText" value="Fill &quot;Url:&quot; with the value: &quot;https://cute-hydrant.biz/&quot;">
</property>
<property name="Button" value="Click: &quot;Save&quot;">
</property>
<property name="Assert" value="Success message is visible">
</property>
<property name="Assert" value="Row with the key: 255706 exists">
</property>
<property name="Assert" value="The server name for the key: &quot;255706&quot; is: &quot;Nienow - Sanford&quot;">
</property>
<property name="Assert" value="The server name for the key: &quot;255706&quot; is: &quot;Nienow - Sanford&quot;">
</property>
</properties>
<system-out>
<![CDATA[index:2
]]>
</system-out>
</testcase>
</testsuite>
<testsuite name="Effiziente/dashboard.spec.ts" timestamp="2024-05-11T03:29:34.684Z" hostname="firefox" tests="1" failures="0" skipped="0" time="2.334" errors="0">
<testcase name="Check Dashboard › Should show dashboard" classname="Effiziente/dashboard.spec.ts" time="2.334">
<properties>
<property name="Mock" value="Modify the summary with fixed data">
</property>
<property name="Mock" value="Modify the &quot;Sumary Expiration&quot; with fixed data">
</property>
<property name="Mock" value="Modify the &quot;Top 5 delay&quot; with fixed data">
</property>
<property name="Mock" value="Modify the &quot;Top 5 total&quot; with fixed data">
</property>
<property name="Mock" value="Modify the &quot;Top 5 type&quot; with fixed data">
</property>
<property name="Mock" value="Modify the &quot;Top 10 Limit 1&quot; with fixed data">
</property>
<property name="Mock" value="Modify the &quot;Top 10 Limit 2&quot; with fixed data">
</property>
<property name="Mock" value="Modify the &quot;Top 10 Limit 3&quot; with fixed data">
</property>
<property name="Mock" value="Modify the &quot;Top 10 To Expire&quot; with fixed data">
</property>
<property name="Go To" value="Go to the page: &quot;https://effizientedemo.azurewebsites.net/AccountsReceivable/dashboard&quot;">
</property>
<property name="Step" value="Compare snapshot: dashboard.png with maxDiffPixelsRatio: 0.1">
</property>
</properties>
</testcase>
</testsuite>
<testsuite name="Effiziente/Excel/exportServers.spec.ts" timestamp="2024-05-11T03:29:34.684Z" hostname="firefox" tests="1" failures="0" skipped="0" time="2.512" errors="0">
<testcase name="Servers › Should export servers to excel" classname="Effiziente/Excel/exportServers.spec.ts" time="2.512">
<properties>
<property name="Go To" value="Go to the servers page: &quot;https://effizientedemo.azurewebsites.net/Security/servers&quot;">
</property>
<property name="ButtonExcel" value="Click: &quot;Export to Excel&quot;">
</property>
<property name="Assert" value="The excel file rows are equal to the grid rows">
</property>
</properties>
</testcase>
</testsuite>
<testsuite name="Effiziente/menu.spec.ts" timestamp="2024-05-11T03:29:34.684Z" hostname="firefox" tests="2" failures="0" skipped="0" time="6.072" errors="0">
<testcase name="Normal user › Should returns user menu" classname="Effiziente/menu.spec.ts" time="2.87">
<properties>
<property name="Go To" value="Go to the page: &quot;https://effizientedemo.azurewebsites.net/AccountsReceivable/dashboard&quot;">
</property>
<property name="PirmeFacesMenu" value="Get top menus">
</property>
<property name="Assert" value="Menu is equal to: AccountsReceivable,Config">
</property>
</properties>
</testcase>
<testcase name="Admin user › Should returns admin menu" classname="Effiziente/menu.spec.ts" time="3.202">
<properties>
<property name="Go To" value="Go to the page: &quot;https://effizientedemo.azurewebsites.net/AccountsReceivable/dashboard&quot;">
</property>
<property name="PirmeFacesMenu" value="Get top menus">
</property>
<property name="Assert" value="Menu is equal to:AccountsReceivable,Security,Config">
</property>
</properties>
</testcase>
</testsuite>
<testsuite name="Effiziente/Synthetic/login.spec.ts" timestamp="2024-05-11T03:29:34.684Z" hostname="firefox" tests="1" failures="0" skipped="0" time="2.506" errors="0">
<testcase name="Synthetic login testing › Should show dashboard" classname="Effiziente/Synthetic/login.spec.ts" time="2.506">
</testcase>
</testsuite>
<testsuite name="Effiziente/Synthetic/menu.spec.ts" timestamp="2024-05-11T03:29:34.684Z" hostname="firefox" tests="1" failures="0" skipped="0" time="3.008" errors="0">
<testcase name="Synthetic testing › Should show dashboard" classname="Effiziente/Synthetic/menu.spec.ts" time="3.008">
<properties>
<property name="Navigation" value="Go to:https://effizientedemo.azurewebsites.net">
</property>
</properties>
</testcase>
</testsuite>
<testsuite name="Google/searchLocale.spec.ts" timestamp="2024-05-11T03:29:34.684Z" hostname="firefox" tests="1" failures="0" skipped="0" time="1.337" errors="0">
<testcase name="Locale translations › Translations with locale and time zone id" classname="Google/searchLocale.spec.ts" time="1.337">
<properties>
<property name="Go To" value="Go to the page: &quot;https://www.google.com&quot;">
</property>
<property name="Assert" value="Search button text is equal to: &quot;Buscar con Google&quot;">
</property>
</properties>
</testcase>
</testsuite>
<testsuite name="SauceDemo/login.spec.ts" timestamp="2024-05-11T03:29:34.684Z" hostname="firefox" tests="1" failures="0" skipped="0" time="0.919" errors="0">
<testcase name="Login › Login with valid user load inventory page" classname="SauceDemo/login.spec.ts" time="0.919">
<properties>
<property name="Go To" value="Go to the page: &quot;https://www.saucedemo.com&quot;">
</property>
<property name="InputText" value="Fill &quot;Username:&quot; with the value: &quot;standard_user&quot;">
</property>
<property name="InputPassword" value="Fill: &quot;Password with value: *****&quot;">
</property>
<property name="Button" value="Click: &quot;Login&quot;">
</property>
<property name="Assert" value="Check URL Page equal to: &quot;https://www.saucedemo.com/inventory.html&quot;">
</property>
</properties>
</testcase>
</testsuite>
<testsuite name="SauceDemo/loginLambdaTestFixture.spec.ts" timestamp="2024-05-11T03:29:34.684Z" hostname="firefox" tests="1" failures="0" skipped="0" time="0.607" errors="0">
<testcase name="Login › Login with valid user load inventory page" classname="SauceDemo/loginLambdaTestFixture.spec.ts" time="0.607">
<properties>
<property name="Go To" value="Go to the page: &quot;https://www.saucedemo.com&quot;">
</property>
<property name="InputText" value="Fill &quot;Username:&quot; with the value: &quot;standard_user&quot;">
</property>
<property name="InputPassword" value="Fill: &quot;Password with value: *****&quot;">
</property>
<property name="Button" value="Click: &quot;Login&quot;">
</property>
<property name="Assert" value="Check URL Page equal to: &quot;https://www.saucedemo.com/inventory.html&quot;">
</property>
</properties>
</testcase>
</testsuite>
<testsuite name="Effiziente/AI-ZeroStep/login.spec.ts" timestamp="2024-05-11T03:29:34.684Z" hostname="webkit" tests="1" failures="0" skipped="1" time="0.536" errors="0">
<testcase name="AI Zero Step › Should show dashboard after login" classname="Effiziente/AI-ZeroStep/login.spec.ts" time="0.536">
<properties>
<property name="skip" value="Zero Steps only works in chromium">
</property>
</properties>
<skipped>
</skipped>
</testcase>
</testsuite>
<testsuite name="Effiziente/Api/servers.spec.ts" timestamp="2024-05-11T03:29:34.684Z" hostname="webkit" tests="2" failures="1" skipped="0" time="39.862" errors="0">
<testcase name="Servers › Should add a server" classname="Effiziente/Api/servers.spec.ts" time="31.713">
<properties>
<property name="Go To" value="Go to the servers page: &quot;https://effizientedemo.azurewebsites.net/Security/servers&quot;">
</property>
<property name="Button" value="Click: &quot;Add&quot;">
</property>
<property name="InputText" value="Fill &quot;Key:&quot; with the value: &quot;942422&quot;">
</property>
<property name="InputText" value="Fill &quot;Name:&quot; with the value: &quot;Goodwin Inc&quot;">
</property>
<property name="InputText" value="Fill &quot;Url:&quot; with the value: &quot;https://made-up-reluctance.name/&quot;">
</property>
<property name="Button" value="Click: &quot;Save&quot;">
</property>
<property name="Assert" value="Success message is visible">
</property>
</properties>
<failure message="servers.spec.ts:12:9 Should add a server" type="FAILURE">
<![CDATA[  [webkit] › Effiziente/Api/servers.spec.ts:12:9 › Servers › Should add a server ───────────────────

    Error: Success message is visible

    Timed out 10000ms waiting for expect(locator).toBeVisible()

    Locator: locator('[data-test="message"]')
    Expected: visible
    Received: <element(s) not found>
    Call log:
      - Success message is visible with timeout 10000ms
      - waiting for locator('[data-test="message"]')


       at ../pages/Effiziente/serversPage.ts:108

      106 |         const assertDescription = 'Success message is visible';
      107 |         await this.addAnnotation(AnnotationType.Assert, assertDescription);
    > 108 |         await expect(this.message.locator, assertDescription).toBeVisible();
          |                                                               ^
      109 |     }
      110 |
      111 | }

        at ServersPage.checkSuccessMessage (/home/runner/work/PlaywrightFramework/PlaywrightFramework/pages/Effiziente/serversPage.ts:108:63)
        at /home/runner/work/PlaywrightFramework/PlaywrightFramework/tests/Effiziente/Api/servers.spec.ts:28:9

    attachment #1: screenshot (image/png) ──────────────────────────────────────────────────────────
    test-results/Effiziente-Api-servers-Servers-Should-add-a-server-webkit/test-failed-1.png
    ────────────────────────────────────────────────────────────────────────────────────────────────

    attachment #2: video (video/webm) ──────────────────────────────────────────────────────────────
    test-results/Effiziente-Api-servers-Servers-Should-add-a-server-webkit/video.webm
    ────────────────────────────────────────────────────────────────────────────────────────────────

    attachment #3: trace (application/zip) ─────────────────────────────────────────────────────────
    test-results/Effiziente-Api-servers-Servers-Should-add-a-server-webkit/trace.zip
    Usage:

        npx playwright show-trace test-results/Effiziente-Api-servers-Servers-Should-add-a-server-webkit/trace.zip

    ────────────────────────────────────────────────────────────────────────────────────────────────

    Retry #1 ───────────────────────────────────────────────────────────────────────────────────────

    Error: Success message is visible

    Timed out 10000ms waiting for expect(locator).toBeVisible()

    Locator: locator('[data-test="message"]')
    Expected: visible
    Received: <element(s) not found>
    Call log:
      - Success message is visible with timeout 10000ms
      - waiting for locator('[data-test="message"]')


       at ../pages/Effiziente/serversPage.ts:108

      106 |         const assertDescription = 'Success message is visible';
      107 |         await this.addAnnotation(AnnotationType.Assert, assertDescription);
    > 108 |         await expect(this.message.locator, assertDescription).toBeVisible();
          |                                                               ^
      109 |     }
      110 |
      111 | }

        at ServersPage.checkSuccessMessage (/home/runner/work/PlaywrightFramework/PlaywrightFramework/pages/Effiziente/serversPage.ts:108:63)
        at /home/runner/work/PlaywrightFramework/PlaywrightFramework/tests/Effiziente/Api/servers.spec.ts:28:9

    attachment #1: screenshot (image/png) ──────────────────────────────────────────────────────────
    test-results/Effiziente-Api-servers-Servers-Should-add-a-server-webkit-retry1/test-failed-1.png
    ────────────────────────────────────────────────────────────────────────────────────────────────

    attachment #2: video (video/webm) ──────────────────────────────────────────────────────────────
    test-results/Effiziente-Api-servers-Servers-Should-add-a-server-webkit-retry1/video.webm
    ────────────────────────────────────────────────────────────────────────────────────────────────

    attachment #3: trace (application/zip) ─────────────────────────────────────────────────────────
    test-results/Effiziente-Api-servers-Servers-Should-add-a-server-webkit-retry1/trace.zip
    Usage:

        npx playwright show-trace test-results/Effiziente-Api-servers-Servers-Should-add-a-server-webkit-retry1/trace.zip

    ────────────────────────────────────────────────────────────────────────────────────────────────
]]>
</failure>
<system-out>
<![CDATA[
[[ATTACHMENT|../test-results/Effiziente-Api-servers-Servers-Should-add-a-server-webkit/test-failed-1.png]]

[[ATTACHMENT|../test-results/Effiziente-Api-servers-Servers-Should-add-a-server-webkit/video.webm]]

[[ATTACHMENT|../test-results/Effiziente-Api-servers-Servers-Should-add-a-server-webkit/trace.zip]]

[[ATTACHMENT|../test-results/Effiziente-Api-servers-Servers-Should-add-a-server-webkit-retry1/test-failed-1.png]]

[[ATTACHMENT|../test-results/Effiziente-Api-servers-Servers-Should-add-a-server-webkit-retry1/video.webm]]

[[ATTACHMENT|../test-results/Effiziente-Api-servers-Servers-Should-add-a-server-webkit-retry1/trace.zip]]
]]>
</system-out>
</testcase>
<testcase name="Servers › Should edit a server" classname="Effiziente/Api/servers.spec.ts" time="8.149">
<properties>
<property name="Go To" value="Go to the servers page: &quot;https://effizientedemo.azurewebsites.net/Security/servers&quot;">
</property>
<property name="Step" value="Create server with API">
</property>
<property name="Go To" value="Go to the servers page: &quot;https://effizientedemo.azurewebsites.net/Security/servers&quot;">
</property>
<property name="InputText" value="Fill &quot;key:&quot; with the value: &quot;678159&quot;">
</property>
<property name="InputText" value="Fill &quot;Name:&quot; with the value: &quot;Hayes, Romaguera and Watsica&quot;">
</property>
<property name="InputText" value="Fill &quot;Url:&quot; with the value: &quot;https://dull-amber.com/&quot;">
</property>
<property name="Button" value="Click: &quot;Save&quot;">
</property>
<property name="Assert" value="Success message is visible">
</property>
<property name="Assert" value="Row with the key: 678159 exists">
</property>
<property name="Assert" value="The server name for the key: &quot;678159&quot; is: &quot;Hayes, Romaguera and Watsica&quot;">
</property>
<property name="Assert" value="The server name for the key: &quot;678159&quot; is: &quot;Hayes, Romaguera and Watsica&quot;">
</property>
</properties>
<system-out>
<![CDATA[index:2
]]>
</system-out>
</testcase>
</testsuite>
<testsuite name="Effiziente/dashboard.spec.ts" timestamp="2024-05-11T03:29:34.684Z" hostname="webkit" tests="1" failures="0" skipped="0" time="4.589" errors="0">
<testcase name="Check Dashboard › Should show dashboard" classname="Effiziente/dashboard.spec.ts" time="4.589">
<properties>
<property name="Mock" value="Modify the summary with fixed data">
</property>
<property name="Mock" value="Modify the &quot;Sumary Expiration&quot; with fixed data">
</property>
<property name="Mock" value="Modify the &quot;Top 5 delay&quot; with fixed data">
</property>
<property name="Mock" value="Modify the &quot;Top 5 total&quot; with fixed data">
</property>
<property name="Mock" value="Modify the &quot;Top 5 type&quot; with fixed data">
</property>
<property name="Mock" value="Modify the &quot;Top 10 Limit 1&quot; with fixed data">
</property>
<property name="Mock" value="Modify the &quot;Top 10 Limit 2&quot; with fixed data">
</property>
<property name="Mock" value="Modify the &quot;Top 10 Limit 3&quot; with fixed data">
</property>
<property name="Mock" value="Modify the &quot;Top 10 To Expire&quot; with fixed data">
</property>
<property name="Go To" value="Go to the page: &quot;https://effizientedemo.azurewebsites.net/AccountsReceivable/dashboard&quot;">
</property>
<property name="Step" value="Compare snapshot: dashboard.png with maxDiffPixelsRatio: 0.1">
</property>
</properties>
</testcase>
</testsuite>
<testsuite name="Effiziente/Excel/exportServers.spec.ts" timestamp="2024-05-11T03:29:34.684Z" hostname="webkit" tests="1" failures="0" skipped="0" time="2.367" errors="0">
<testcase name="Servers › Should export servers to excel" classname="Effiziente/Excel/exportServers.spec.ts" time="2.367">
<properties>
<property name="Go To" value="Go to the servers page: &quot;https://effizientedemo.azurewebsites.net/Security/servers&quot;">
</property>
<property name="ButtonExcel" value="Click: &quot;Export to Excel&quot;">
</property>
<property name="Assert" value="The excel file rows are equal to the grid rows">
</property>
</properties>
</testcase>
</testsuite>
<testsuite name="Effiziente/menu.spec.ts" timestamp="2024-05-11T03:29:34.684Z" hostname="webkit" tests="2" failures="0" skipped="0" time="8.884" errors="0">
<testcase name="Normal user › Should returns user menu" classname="Effiziente/menu.spec.ts" time="4.575">
<properties>
<property name="Go To" value="Go to the page: &quot;https://effizientedemo.azurewebsites.net/AccountsReceivable/dashboard&quot;">
</property>
<property name="PirmeFacesMenu" value="Get top menus">
</property>
<property name="Assert" value="Menu is equal to: AccountsReceivable,Config">
</property>
</properties>
</testcase>
<testcase name="Admin user › Should returns admin menu" classname="Effiziente/menu.spec.ts" time="4.309">
<properties>
<property name="Go To" value="Go to the page: &quot;https://effizientedemo.azurewebsites.net/AccountsReceivable/dashboard&quot;">
</property>
<property name="PirmeFacesMenu" value="Get top menus">
</property>
<property name="Assert" value="Menu is equal to:AccountsReceivable,Security,Config">
</property>
</properties>
</testcase>
</testsuite>
<testsuite name="Effiziente/Synthetic/login.spec.ts" timestamp="2024-05-11T03:29:34.684Z" hostname="webkit" tests="1" failures="0" skipped="0" time="6.238" errors="0">
<testcase name="Synthetic login testing › Should show dashboard" classname="Effiziente/Synthetic/login.spec.ts" time="6.238">
</testcase>
</testsuite>
<testsuite name="Effiziente/Synthetic/menu.spec.ts" timestamp="2024-05-11T03:29:34.684Z" hostname="webkit" tests="1" failures="0" skipped="0" time="5.662" errors="0">
<testcase name="Synthetic testing › Should show dashboard" classname="Effiziente/Synthetic/menu.spec.ts" time="5.662">
<properties>
<property name="Navigation" value="Go to:https://effizientedemo.azurewebsites.net">
</property>
</properties>
</testcase>
</testsuite>
<testsuite name="Google/searchLocale.spec.ts" timestamp="2024-05-11T03:29:34.684Z" hostname="webkit" tests="1" failures="0" skipped="0" time="2.02" errors="0">
<testcase name="Locale translations › Translations with locale and time zone id" classname="Google/searchLocale.spec.ts" time="2.02">
<properties>
<property name="Go To" value="Go to the page: &quot;https://www.google.com&quot;">
</property>
<property name="Assert" value="Search button text is equal to: &quot;Buscar con Google&quot;">
</property>
</properties>
</testcase>
</testsuite>
<testsuite name="SauceDemo/login.spec.ts" timestamp="2024-05-11T03:29:34.684Z" hostname="webkit" tests="1" failures="0" skipped="0" time="1.955" errors="0">
<testcase name="Login › Login with valid user load inventory page" classname="SauceDemo/login.spec.ts" time="1.955">
<properties>
<property name="Go To" value="Go to the page: &quot;https://www.saucedemo.com&quot;">
</property>
<property name="InputText" value="Fill &quot;Username:&quot; with the value: &quot;standard_user&quot;">
</property>
<property name="InputPassword" value="Fill: &quot;Password with value: *****&quot;">
</property>
<property name="Button" value="Click: &quot;Login&quot;">
</property>
<property name="Assert" value="Check URL Page equal to: &quot;https://www.saucedemo.com/inventory.html&quot;">
</property>
</properties>
</testcase>
</testsuite>
<testsuite name="SauceDemo/loginLambdaTestFixture.spec.ts" timestamp="2024-05-11T03:29:34.684Z" hostname="webkit" tests="1" failures="0" skipped="0" time="0.581" errors="0">
<testcase name="Login › Login with valid user load inventory page" classname="SauceDemo/loginLambdaTestFixture.spec.ts" time="0.581">
<properties>
<property name="Go To" value="Go to the page: &quot;https://www.saucedemo.com&quot;">
</property>
<property name="InputText" value="Fill &quot;Username:&quot; with the value: &quot;standard_user&quot;">
</property>
<property name="InputPassword" value="Fill: &quot;Password with value: *****&quot;">
</property>
<property name="Button" value="Click: &quot;Login&quot;">
</property>
<property name="Assert" value="Check URL Page equal to: &quot;https://www.saucedemo.com/inventory.html&quot;">
</property>
</properties>
</testcase>
</testsuite>
</testsuites>