<testsuites id="" name="" tests="54" failures="18" skipped="2" errors="0" time="204.97815400000002">
<testsuite name="Fixture-LambdaTest/loginLambdaTestFixture.spec.ts" timestamp="2024-06-22T03:54:53.677Z" hostname="chrome:latest:MacOS Catalina@lambdatest" tests="1" failures="0" skipped="0" time="12.806" errors="0">
<testcase name="Login › Login with valid user load inventory page" classname="Fixture-LambdaTest/loginLambdaTestFixture.spec.ts" time="12.806">
<properties>
<property name="Go To" value="Go to the page: &quot;https://www.saucedemo.com&quot;">
</property>
<property name="InputText" value="Fill &quot;Username:&quot; with the value: &quot;standard_user&quot;">
</property>
<property name="InputPassword" value="Fill: &quot;Password with value: *****&quot;">
</property>
<property name="Button" value="Click: &quot;Login&quot;">
</property>
<property name="Assert" value="Check URL Page equal to: &quot;https://www.saucedemo.com/inventory.html&quot;">
</property>
</properties>
</testcase>
</testsuite>
<testsuite name="Fixture-LambdaTest/loginLambdaTestFixture.spec.ts" timestamp="2024-06-22T03:54:53.677Z" hostname="pw-webkit:latest:MacOS Monterey@lambdatest" tests="1" failures="0" skipped="0" time="11.147" errors="0">
<testcase name="Login › Login with valid user load inventory page" classname="Fixture-LambdaTest/loginLambdaTestFixture.spec.ts" time="11.147">
<properties>
<property name="Go To" value="Go to the page: &quot;https://www.saucedemo.com&quot;">
</property>
<property name="InputText" value="Fill &quot;Username:&quot; with the value: &quot;standard_user&quot;">
</property>
<property name="InputPassword" value="Fill: &quot;Password with value: *****&quot;">
</property>
<property name="Button" value="Click: &quot;Login&quot;">
</property>
<property name="Assert" value="Check URL Page equal to: &quot;https://www.saucedemo.com/inventory.html&quot;">
</property>
</properties>
</testcase>
</testsuite>
<testsuite name="Fixture-LambdaTest/loginLambdaTestFixture.spec.ts" timestamp="2024-06-22T03:54:53.677Z" hostname="chrome:latest:Windows 10@lambdatest" tests="1" failures="0" skipped="0" time="34.785" errors="0">
<testcase name="Login › Login with valid user load inventory page" classname="Fixture-LambdaTest/loginLambdaTestFixture.spec.ts" time="34.785">
<properties>
<property name="Go To" value="Go to the page: &quot;https://www.saucedemo.com&quot;">
</property>
<property name="InputText" value="Fill &quot;Username:&quot; with the value: &quot;standard_user&quot;">
</property>
<property name="InputPassword" value="Fill: &quot;Password with value: *****&quot;">
</property>
<property name="Button" value="Click: &quot;Login&quot;">
</property>
<property name="Assert" value="Check URL Page equal to: &quot;https://www.saucedemo.com/inventory.html&quot;">
</property>
</properties>
</testcase>
</testsuite>
<testsuite name="Accessibility/pageAccessibility.spec.ts" timestamp="2024-06-22T03:54:53.677Z" hostname="chromium" tests="3" failures="3" skipped="0" time="0.562" errors="0">
<testcase name="Test Accessibility By Page › Check Page accessibility" classname="Accessibility/pageAccessibility.spec.ts" time="0.191">
<properties>
<property name="Go To" value="Go to: undefined">
</property>
</properties>
<failure message="pageAccessibility.spec.ts:17:9 Check Page accessibility" type="FAILURE">
<![CDATA[  [chromium] › Accessibility/pageAccessibility.spec.ts:17:9 › Test Accessibility By Page › Check Page accessibility 

    Error: page.goto: url: expected string, got undefined

      21 |         const annotationHelper = new AnnotationHelper(page, pageToTest);
      22 |         annotationHelper.addAnnotation(AnnotationType.GoTo, 'Go to: ' + pageToTest);
    > 23 |         await page.goto(pageToTest);
         |                    ^
      24 |         await accessibilityHelper.checkAccessibility('CustomPage', annotationHelper.getAnnotations());
      25 |
      26 |     });

        at /home/runner/work/Playwright/Playwright/tests/Accessibility/pageAccessibility.spec.ts:23:20

    attachment #1: screenshot (image/png) ──────────────────────────────────────────────────────────
    test-results/Accessibility-pageAccessib-c4c16-ge-Check-Page-accessibility-chromium/test-failed-1.png
    ────────────────────────────────────────────────────────────────────────────────────────────────

    attachment #2: video (video/webm) ──────────────────────────────────────────────────────────────
    test-results/Accessibility-pageAccessib-c4c16-ge-Check-Page-accessibility-chromium/video.webm
    ────────────────────────────────────────────────────────────────────────────────────────────────

    attachment #3: trace (application/zip) ─────────────────────────────────────────────────────────
    test-results/Accessibility-pageAccessib-c4c16-ge-Check-Page-accessibility-chromium/trace.zip
    Usage:

        npx playwright show-trace test-results/Accessibility-pageAccessib-c4c16-ge-Check-Page-accessibility-chromium/trace.zip

    ────────────────────────────────────────────────────────────────────────────────────────────────
]]>
</failure>
<system-out>
<![CDATA[
[[ATTACHMENT|../test-results/Accessibility-pageAccessib-c4c16-ge-Check-Page-accessibility-chromium/test-failed-1.png]]

[[ATTACHMENT|../test-results/Accessibility-pageAccessib-c4c16-ge-Check-Page-accessibility-chromium/video.webm]]

[[ATTACHMENT|../test-results/Accessibility-pageAccessib-c4c16-ge-Check-Page-accessibility-chromium/trace.zip]]
]]>
</system-out>
</testcase>
<testcase name="Test Accessibility By Page › Check tab order" classname="Accessibility/pageAccessibility.spec.ts" time="0.191">
<properties>
<property name="Go To" value="Go to: undefined">
</property>
</properties>
<failure message="pageAccessibility.spec.ts:28:9 Check tab order" type="FAILURE">
<![CDATA[  [chromium] › Accessibility/pageAccessibility.spec.ts:28:9 › Test Accessibility By Page › Check tab order 

    Error: page.goto: url: expected string, got undefined

      32 |         const tabHelper = new TabHelper(page, keyPage);
      33 |         annotationHelper.addAnnotation(AnnotationType.GoTo, 'Go to: ' + pageToTest);
    > 34 |         await page.goto(pageToTest);
         |                    ^
      35 |         //Add a number and blue box to the element after press tab
      36 |         await tabHelper.showTabOrder();
      37 |         //Check that the tab is the same that the elements

        at /home/runner/work/Playwright/Playwright/tests/Accessibility/pageAccessibility.spec.ts:34:20

    attachment #1: screenshot (image/png) ──────────────────────────────────────────────────────────
    test-results/Accessibility-pageAccessib-bc5d8-ity-By-Page-Check-tab-order-chromium/test-failed-1.png
    ────────────────────────────────────────────────────────────────────────────────────────────────

    attachment #2: video (video/webm) ──────────────────────────────────────────────────────────────
    test-results/Accessibility-pageAccessib-bc5d8-ity-By-Page-Check-tab-order-chromium/video.webm
    ────────────────────────────────────────────────────────────────────────────────────────────────

    attachment #3: trace (application/zip) ─────────────────────────────────────────────────────────
    test-results/Accessibility-pageAccessib-bc5d8-ity-By-Page-Check-tab-order-chromium/trace.zip
    Usage:

        npx playwright show-trace test-results/Accessibility-pageAccessib-bc5d8-ity-By-Page-Check-tab-order-chromium/trace.zip

    ────────────────────────────────────────────────────────────────────────────────────────────────
]]>
</failure>
<system-out>
<![CDATA[
[[ATTACHMENT|../test-results/Accessibility-pageAccessib-bc5d8-ity-By-Page-Check-tab-order-chromium/test-failed-1.png]]

[[ATTACHMENT|../test-results/Accessibility-pageAccessib-bc5d8-ity-By-Page-Check-tab-order-chromium/video.webm]]

[[ATTACHMENT|../test-results/Accessibility-pageAccessib-bc5d8-ity-By-Page-Check-tab-order-chromium/trace.zip]]
]]>
</system-out>
</testcase>
<testcase name="Test Accessibility By Page › Check alt text &amp; aria-label" classname="Accessibility/pageAccessibility.spec.ts" time="0.18">
<properties>
<property name="Go To" value="Go to: undefined">
</property>
</properties>
<failure message="pageAccessibility.spec.ts:42:9 Check alt text &amp; aria-label" type="FAILURE">
<![CDATA[  [chromium] › Accessibility/pageAccessibility.spec.ts:42:9 › Test Accessibility By Page › Check alt text & aria-label 

    Error: page.goto: url: expected string, got undefined

      46 |         const altHelper = new AltHelper(page, keyPage, testInfo);
      47 |         annotationHelper.addAnnotation(AnnotationType.GoTo, 'Go to: ' + pageToTest);
    > 48 |         await page.goto(pageToTest);
         |                    ^
      49 |         //Check that images have alt text attribute
      50 |         await altHelper.checkAltText();
      51 |         //Generate a table with all alt texts

        at /home/runner/work/Playwright/Playwright/tests/Accessibility/pageAccessibility.spec.ts:48:20

    attachment #1: screenshot (image/png) ──────────────────────────────────────────────────────────
    test-results/Accessibility-pageAccessib-e1df0-e-Check-alt-text-aria-label-chromium/test-failed-1.png
    ────────────────────────────────────────────────────────────────────────────────────────────────

    attachment #2: video (video/webm) ──────────────────────────────────────────────────────────────
    test-results/Accessibility-pageAccessib-e1df0-e-Check-alt-text-aria-label-chromium/video.webm
    ────────────────────────────────────────────────────────────────────────────────────────────────

    attachment #3: trace (application/zip) ─────────────────────────────────────────────────────────
    test-results/Accessibility-pageAccessib-e1df0-e-Check-alt-text-aria-label-chromium/trace.zip
    Usage:

        npx playwright show-trace test-results/Accessibility-pageAccessib-e1df0-e-Check-alt-text-aria-label-chromium/trace.zip

    ────────────────────────────────────────────────────────────────────────────────────────────────
]]>
</failure>
<system-out>
<![CDATA[
[[ATTACHMENT|../test-results/Accessibility-pageAccessib-e1df0-e-Check-alt-text-aria-label-chromium/test-failed-1.png]]

[[ATTACHMENT|../test-results/Accessibility-pageAccessib-e1df0-e-Check-alt-text-aria-label-chromium/video.webm]]

[[ATTACHMENT|../test-results/Accessibility-pageAccessib-e1df0-e-Check-alt-text-aria-label-chromium/trace.zip]]
]]>
</system-out>
</testcase>
</testsuite>
<testsuite name="AI/login.spec.ts" timestamp="2024-06-22T03:54:53.677Z" hostname="chromium" tests="1" failures="0" skipped="0" time="6.83" errors="0">
<testcase name="AI Zero Step › Should show dashboard after login" classname="AI/login.spec.ts" time="6.83">
</testcase>
</testsuite>
<testsuite name="Api/addToCart.spec.ts" timestamp="2024-06-22T03:54:53.677Z" hostname="chromium" tests="1" failures="1" skipped="0" time="0.576" errors="0">
<testcase name="Contoso Traders › Should add an item to the cart" classname="Api/addToCart.spec.ts" time="0.576">
<properties>
<property name="Go To" value="Go to the page: &quot;https://cloudtesting.contosotraders.com&quot;">
</property>
</properties>
<failure message="addToCart.spec.ts:10:9 Should add an item to the cart" type="FAILURE">
<![CDATA[  [chromium] › Api/addToCart.spec.ts:10:9 › Contoso Traders › Should add an item to the cart › Go to the page: "https://cloudtesting.contosotraders.com" 

    Error: page.goto: net::ERR_NAME_NOT_RESOLVED at https://cloudtesting.contosotraders.com/
    Call log:
      - navigating to "https://cloudtesting.contosotraders.com/", waiting until "load"


       at ../pages/ContosoTraders/homePage.ts:24

      22 |         const url = process.env.CONTOSO_URL ?? 'https://cloudtesting.contosotraders.com';
      23 |         await this.addStepWithAnnotation(AnnotationType.GoTo, 'Go to the page: "' + url + '"', async () => {
    > 24 |             await this.page.goto(url);
         |                             ^
      25 |         });
      26 |     }
      27 |

        at /home/runner/work/Playwright/Playwright/pages/ContosoTraders/homePage.ts:24:29
        at HomePage.addStepWithAnnotation (/home/runner/work/Playwright/Playwright/pages/basePage.ts:55:31)
        at HomePage.goTo (/home/runner/work/Playwright/Playwright/pages/ContosoTraders/homePage.ts:23:20)
        at /home/runner/work/Playwright/Playwright/tests/Api/addToCart.spec.ts:12:24

    attachment #1: screenshot (image/png) ──────────────────────────────────────────────────────────
    test-results/Api-addToCart-Contoso-Traders-Should-add-an-item-to-the-cart-chromium/test-failed-1.png
    ────────────────────────────────────────────────────────────────────────────────────────────────

    attachment #2: video (video/webm) ──────────────────────────────────────────────────────────────
    test-results/Api-addToCart-Contoso-Traders-Should-add-an-item-to-the-cart-chromium/video.webm
    ────────────────────────────────────────────────────────────────────────────────────────────────

    attachment #3: trace (application/zip) ─────────────────────────────────────────────────────────
    test-results/Api-addToCart-Contoso-Traders-Should-add-an-item-to-the-cart-chromium/trace.zip
    Usage:

        npx playwright show-trace test-results/Api-addToCart-Contoso-Traders-Should-add-an-item-to-the-cart-chromium/trace.zip

    ────────────────────────────────────────────────────────────────────────────────────────────────

    Retry #1 ───────────────────────────────────────────────────────────────────────────────────────

    Error: page.goto: net::ERR_NAME_NOT_RESOLVED at https://cloudtesting.contosotraders.com/
    Call log:
      - navigating to "https://cloudtesting.contosotraders.com/", waiting until "load"


       at ../pages/ContosoTraders/homePage.ts:24

      22 |         const url = process.env.CONTOSO_URL ?? 'https://cloudtesting.contosotraders.com';
      23 |         await this.addStepWithAnnotation(AnnotationType.GoTo, 'Go to the page: "' + url + '"', async () => {
    > 24 |             await this.page.goto(url);
         |                             ^
      25 |         });
      26 |     }
      27 |

        at /home/runner/work/Playwright/Playwright/pages/ContosoTraders/homePage.ts:24:29
        at HomePage.addStepWithAnnotation (/home/runner/work/Playwright/Playwright/pages/basePage.ts:55:31)
        at HomePage.goTo (/home/runner/work/Playwright/Playwright/pages/ContosoTraders/homePage.ts:23:20)
        at /home/runner/work/Playwright/Playwright/tests/Api/addToCart.spec.ts:12:24

    attachment #1: screenshot (image/png) ──────────────────────────────────────────────────────────
    test-results/Api-addToCart-Contoso-Traders-Should-add-an-item-to-the-cart-chromium-retry1/test-failed-1.png
    ────────────────────────────────────────────────────────────────────────────────────────────────

    attachment #2: video (video/webm) ──────────────────────────────────────────────────────────────
    test-results/Api-addToCart-Contoso-Traders-Should-add-an-item-to-the-cart-chromium-retry1/video.webm
    ────────────────────────────────────────────────────────────────────────────────────────────────

    attachment #3: trace (application/zip) ─────────────────────────────────────────────────────────
    test-results/Api-addToCart-Contoso-Traders-Should-add-an-item-to-the-cart-chromium-retry1/trace.zip
    Usage:

        npx playwright show-trace test-results/Api-addToCart-Contoso-Traders-Should-add-an-item-to-the-cart-chromium-retry1/trace.zip

    ────────────────────────────────────────────────────────────────────────────────────────────────
]]>
</failure>
<system-out>
<![CDATA[
[[ATTACHMENT|../test-results/Api-addToCart-Contoso-Traders-Should-add-an-item-to-the-cart-chromium/test-failed-1.png]]

[[ATTACHMENT|../test-results/Api-addToCart-Contoso-Traders-Should-add-an-item-to-the-cart-chromium/video.webm]]

[[ATTACHMENT|../test-results/Api-addToCart-Contoso-Traders-Should-add-an-item-to-the-cart-chromium/trace.zip]]

[[ATTACHMENT|../test-results/Api-addToCart-Contoso-Traders-Should-add-an-item-to-the-cart-chromium-retry1/test-failed-1.png]]

[[ATTACHMENT|../test-results/Api-addToCart-Contoso-Traders-Should-add-an-item-to-the-cart-chromium-retry1/video.webm]]

[[ATTACHMENT|../test-results/Api-addToCart-Contoso-Traders-Should-add-an-item-to-the-cart-chromium-retry1/trace.zip]]
]]>
</system-out>
</testcase>
</testsuite>
<testsuite name="Api/servers.spec.ts" timestamp="2024-06-22T03:54:53.677Z" hostname="chromium" tests="2" failures="0" skipped="0" time="7.302" errors="0">
<testcase name="Servers › Should add a server" classname="Api/servers.spec.ts" time="3.284">
<properties>
<property name="Go To" value="Go to the servers page: &quot;https://effizientedemo.azurewebsites.net/Security/servers&quot;">
</property>
<property name="Button" value="Click: &quot;Add&quot;">
</property>
<property name="InputText" value="Fill &quot;Key:&quot; with the value: &quot;540307&quot;">
</property>
<property name="InputText" value="Fill &quot;Name:&quot; with the value: &quot;Muller Group&quot;">
</property>
<property name="InputText" value="Fill &quot;Url:&quot; with the value: &quot;https://dead-cello.biz/&quot;">
</property>
<property name="Button" value="Click: &quot;Save&quot;">
</property>
<property name="Assert" value="Success message is visible">
</property>
<property name="Assert" value="Server id should be a number greater than 1">
</property>
<property name="Assert" value="Server with the key: &quot;540307&quot; exists in the table">
</property>
<property name="Assert" value="The server name for the key: &quot;540307&quot; is: &quot;Muller Group&quot;">
</property>
<property name="Assert" value="The server url for the key: &quot;540307&quot; is: &quot;https://dead-cello.biz/&quot;">
</property>
</properties>
<system-out>
<![CDATA[index:2
]]>
</system-out>
</testcase>
<testcase name="Servers › Should edit a server" classname="Api/servers.spec.ts" time="4.018">
<properties>
<property name="Go To" value="Go to the servers page: &quot;https://effizientedemo.azurewebsites.net/Security/servers&quot;">
</property>
<property name="Step" value="Create server with API">
</property>
<property name="Go To" value="Go to the servers page: &quot;https://effizientedemo.azurewebsites.net/Security/servers&quot;">
</property>
<property name="InputText" value="Fill &quot;key:&quot; with the value: &quot;98595&quot;">
</property>
<property name="InputText" value="Fill &quot;Name:&quot; with the value: &quot;Rath - Wyman&quot;">
</property>
<property name="InputText" value="Fill &quot;Url:&quot; with the value: &quot;https://clueless-sauce.com&quot;">
</property>
<property name="Button" value="Click: &quot;Save&quot;">
</property>
<property name="Assert" value="Success message is visible">
</property>
<property name="Assert" value="Server with the key: &quot;98595&quot; exists in the table">
</property>
<property name="Assert" value="The server name for the key: &quot;98595&quot; is: &quot;Rath - Wyman&quot;">
</property>
<property name="Assert" value="The server url for the key: &quot;98595&quot; is: &quot;https://clueless-sauce.com&quot;">
</property>
</properties>
<system-out>
<![CDATA[index:2
]]>
</system-out>
</testcase>
</testsuite>
<testsuite name="Basic/login.spec.ts" timestamp="2024-06-22T03:54:53.677Z" hostname="chromium" tests="1" failures="0" skipped="0" time="0.79" errors="0">
<testcase name="Login › Login with valid user load inventory page" classname="Basic/login.spec.ts" time="0.79">
<properties>
<property name="Go To" value="Go to the page: &quot;https://www.saucedemo.com&quot;">
</property>
<property name="InputText" value="Fill &quot;Username:&quot; with the value: &quot;standard_user&quot;">
</property>
<property name="InputPassword" value="Fill: &quot;Password with value: *****&quot;">
</property>
<property name="Button" value="Click: &quot;Login&quot;">
</property>
<property name="Assert" value="Check URL Page is equal to: &quot;https://www.saucedemo.com/inventory.html&quot;">
</property>
</properties>
</testcase>
</testsuite>
<testsuite name="Basic/menu.spec.ts" timestamp="2024-06-22T03:54:53.677Z" hostname="chromium" tests="2" failures="0" skipped="0" time="5.475" errors="0">
<testcase name="Normal user › Should returns user menu" classname="Basic/menu.spec.ts" time="2.695">
<properties>
<property name="Go To" value="Go to the page: &quot;https://effizientedemo.azurewebsites.net/AccountsReceivable/dashboard&quot;">
</property>
<property name="PirmeFacesMenu" value="Get top menus">
</property>
<property name="Assert" value="Menu are equal to: &quot;AccountsReceivable,Config&quot;">
</property>
</properties>
</testcase>
<testcase name="Admin user › Should returns admin menu" classname="Basic/menu.spec.ts" time="2.78">
<properties>
<property name="Go To" value="Go to the page: &quot;https://effizientedemo.azurewebsites.net/AccountsReceivable/dashboard&quot;">
</property>
<property name="PirmeFacesMenu" value="Get top menus">
</property>
<property name="Assert" value="Menu are equal to: &quot;AccountsReceivable,Security,Config&quot;">
</property>
</properties>
</testcase>
</testsuite>
<testsuite name="Excel/exportServers.spec.ts" timestamp="2024-06-22T03:54:53.677Z" hostname="chromium" tests="1" failures="0" skipped="0" time="2.341" errors="0">
<testcase name="Servers › Should export servers to excel" classname="Excel/exportServers.spec.ts" time="2.341">
<properties>
<property name="Go To" value="Go to the servers page: &quot;https://effizientedemo.azurewebsites.net/Security/servers&quot;">
</property>
<property name="ButtonExcel" value="Click: &quot;Export to Excel&quot;">
</property>
<property name="Assert" value="The excel file rows are equal to the grid rows">
</property>
</properties>
<system-out>
<![CDATA[
[[ATTACHMENT|../test-results/Excel-exportServers-Servers-Should-export-servers-to-excel-chromium/attachments/servers-xlsx-b45414d1440b649c23868d9b19e0f22e5f012826.xlsx]]
]]>
</system-out>
</testcase>
</testsuite>
<testsuite name="Fixture-LambdaTest/loginLambdaTestFixture.spec.ts" timestamp="2024-06-22T03:54:53.677Z" hostname="chromium" tests="1" failures="0" skipped="0" time="0.688" errors="0">
<testcase name="Login › Login with valid user load inventory page" classname="Fixture-LambdaTest/loginLambdaTestFixture.spec.ts" time="0.688">
<properties>
<property name="Go To" value="Go to the page: &quot;https://www.saucedemo.com&quot;">
</property>
<property name="InputText" value="Fill &quot;Username:&quot; with the value: &quot;standard_user&quot;">
</property>
<property name="InputPassword" value="Fill: &quot;Password with value: *****&quot;">
</property>
<property name="Button" value="Click: &quot;Login&quot;">
</property>
<property name="Assert" value="Check URL Page equal to: &quot;https://www.saucedemo.com/inventory.html&quot;">
</property>
</properties>
</testcase>
</testsuite>
<testsuite name="Locale&amp;Geo/bingMaps.spec.ts" timestamp="2024-06-22T03:54:53.677Z" hostname="chromium" tests="1" failures="1" skipped="0" time="31.33" errors="0">
<testcase name="Geo Location Test › The bing maps is located to munich" classname="Locale&amp;Geo/bingMaps.spec.ts" time="31.33">
<properties>
<property name="Go To" value="Go to the page: &quot;https://www.bing.com/maps&quot;">
</property>
<property name="Button" value="Click: &quot;button.locateMeBtn&quot;">
</property>
<property name="Assert" value="Geo name is equal to:GermanyBavariaMunich (District)">
</property>
</properties>
<failure message="bingMaps.spec.ts:12:9 The bing maps is located to munich" type="FAILURE">
<![CDATA[  [chromium] › Locale&Geo/bingMaps.spec.ts:12:9 › Geo Location Test › The bing maps is located to munich 

    Error: Geo name is equal to:GermanyBavariaMunich (District)

    Timed out 10000ms waiting for expect(locator).toHaveText(expected)

    Locator: locator('.geochainContainer')
    Expected string: "GermanyBavariaMunich (District)"
    Received string: ""
    Call log:
      - Geo name is equal to:GermanyBavariaMunich (District) with timeout 10000ms
      - waiting for locator('.geochainContainer')
      -   locator resolved to <div class="geochainContainer">…</div>
      -   unexpected value ""
      -   locator resolved to <div class="geochainContainer">…</div>
      -   unexpected value ""
      -   locator resolved to <div class="geochainContainer">…</div>
      -   unexpected value ""
      -   locator resolved to <div class="geochainContainer">…</div>
      -   unexpected value ""
      -   locator resolved to <div class="geochainContainer">…</div>
      -   unexpected value ""
      -   locator resolved to <div class="geochainContainer">…</div>
      -   unexpected value ""
      -   locator resolved to <div class="geochainContainer">…</div>
      -   unexpected value ""
      -   locator resolved to <div class="geochainContainer">…</div>
      -   unexpected value ""
      -   locator resolved to <div class="geochainContainer">…</div>
      -   unexpected value ""
      -   locator resolved to <div class="geochainContainer">…</div>
      -   unexpected value ""
      -   locator resolved to <div class="geochainContainer">…</div>
      -   unexpected value ""
      -   locator resolved to <div class="geochainContainer">…</div>
      -   unexpected value ""
      -   locator resolved to <div class="geochainContainer">…</div>
      -   unexpected value ""


      21 |         bingMapsPage.addAnnotation(AnnotationType.Assert, assertionDescription);
      22 |         //Check the current geolocation label is set to Munich
    > 23 |         await expect(bingMapsPage.geoName.locator, assertionDescription).toHaveText(geoName);
         |                                                                          ^
      24 |     });
      25 | });

        at /home/runner/work/Playwright/Playwright/tests/Locale&Geo/bingMaps.spec.ts:23:74

    attachment #1: screenshot (image/png) ──────────────────────────────────────────────────────────
    test-results/Locale&Geo-bingMaps-Geo-Lo-ec629-g-maps-is-located-to-munich-chromium/test-failed-1.png
    ────────────────────────────────────────────────────────────────────────────────────────────────

    attachment #2: screenshot (image/png) ──────────────────────────────────────────────────────────
    test-results/Locale&Geo-bingMaps-Geo-Lo-ec629-g-maps-is-located-to-munich-chromium/test-failed-2.png
    ────────────────────────────────────────────────────────────────────────────────────────────────

    attachment #3: video (video/webm) ──────────────────────────────────────────────────────────────
    test-results/Locale&Geo-bingMaps-Geo-Lo-ec629-g-maps-is-located-to-munich-chromium/video.webm
    ────────────────────────────────────────────────────────────────────────────────────────────────

    attachment #4: trace (application/zip) ─────────────────────────────────────────────────────────
    test-results/Locale&Geo-bingMaps-Geo-Lo-ec629-g-maps-is-located-to-munich-chromium/trace.zip
    Usage:

        npx playwright show-trace test-results/Locale&Geo-bingMaps-Geo-Lo-ec629-g-maps-is-located-to-munich-chromium/trace.zip

    ────────────────────────────────────────────────────────────────────────────────────────────────

    Retry #1 ───────────────────────────────────────────────────────────────────────────────────────

    Error: Geo name is equal to:GermanyBavariaMunich (District)

    Timed out 10000ms waiting for expect(locator).toHaveText(expected)

    Locator: locator('.geochainContainer')
    Expected string: "GermanyBavariaMunich (District)"
    Received string: ""
    Call log:
      - Geo name is equal to:GermanyBavariaMunich (District) with timeout 10000ms
      - waiting for locator('.geochainContainer')
      -   locator resolved to <div class="geochainContainer">…</div>
      -   unexpected value ""
      -   locator resolved to <div class="geochainContainer">…</div>
      -   unexpected value ""
      -   locator resolved to <div class="geochainContainer">…</div>
      -   unexpected value ""
      -   locator resolved to <div class="geochainContainer">…</div>
      -   unexpected value ""
      -   locator resolved to <div class="geochainContainer">…</div>
      -   unexpected value ""
      -   locator resolved to <div class="geochainContainer">…</div>
      -   unexpected value ""
      -   locator resolved to <div class="geochainContainer">…</div>
      -   unexpected value ""
      -   locator resolved to <div class="geochainContainer">…</div>
      -   unexpected value ""
      -   locator resolved to <div class="geochainContainer">…</div>
      -   unexpected value ""
      -   locator resolved to <div class="geochainContainer">…</div>
      -   unexpected value ""
      -   locator resolved to <div class="geochainContainer">…</div>
      -   unexpected value ""
      -   locator resolved to <div class="geochainContainer">…</div>
      -   unexpected value ""
      -   locator resolved to <div class="geochainContainer">…</div>
      -   unexpected value ""


      21 |         bingMapsPage.addAnnotation(AnnotationType.Assert, assertionDescription);
      22 |         //Check the current geolocation label is set to Munich
    > 23 |         await expect(bingMapsPage.geoName.locator, assertionDescription).toHaveText(geoName);
         |                                                                          ^
      24 |     });
      25 | });

        at /home/runner/work/Playwright/Playwright/tests/Locale&Geo/bingMaps.spec.ts:23:74

    attachment #1: screenshot (image/png) ──────────────────────────────────────────────────────────
    test-results/Locale&Geo-bingMaps-Geo-Lo-ec629-g-maps-is-located-to-munich-chromium-retry1/test-failed-1.png
    ────────────────────────────────────────────────────────────────────────────────────────────────

    attachment #2: video (video/webm) ──────────────────────────────────────────────────────────────
    test-results/Locale&Geo-bingMaps-Geo-Lo-ec629-g-maps-is-located-to-munich-chromium-retry1/video.webm
    ────────────────────────────────────────────────────────────────────────────────────────────────

    attachment #3: trace (application/zip) ─────────────────────────────────────────────────────────
    test-results/Locale&Geo-bingMaps-Geo-Lo-ec629-g-maps-is-located-to-munich-chromium-retry1/trace.zip
    Usage:

        npx playwright show-trace test-results/Locale&Geo-bingMaps-Geo-Lo-ec629-g-maps-is-located-to-munich-chromium-retry1/trace.zip

    ────────────────────────────────────────────────────────────────────────────────────────────────
]]>
</failure>
<system-out>
<![CDATA[
[[ATTACHMENT|../test-results/Locale&Geo-bingMaps-Geo-Lo-ec629-g-maps-is-located-to-munich-chromium/test-failed-1.png]]

[[ATTACHMENT|../test-results/Locale&Geo-bingMaps-Geo-Lo-ec629-g-maps-is-located-to-munich-chromium/test-failed-2.png]]

[[ATTACHMENT|../test-results/Locale&Geo-bingMaps-Geo-Lo-ec629-g-maps-is-located-to-munich-chromium/video.webm]]

[[ATTACHMENT|../test-results/Locale&Geo-bingMaps-Geo-Lo-ec629-g-maps-is-located-to-munich-chromium/trace.zip]]

[[ATTACHMENT|../test-results/Locale&Geo-bingMaps-Geo-Lo-ec629-g-maps-is-located-to-munich-chromium-retry1/test-failed-1.png]]

[[ATTACHMENT|../test-results/Locale&Geo-bingMaps-Geo-Lo-ec629-g-maps-is-located-to-munich-chromium-retry1/video.webm]]

[[ATTACHMENT|../test-results/Locale&Geo-bingMaps-Geo-Lo-ec629-g-maps-is-located-to-munich-chromium-retry1/trace.zip]]
]]>
</system-out>
</testcase>
</testsuite>
<testsuite name="Locale&amp;Geo/searchLocale.spec.ts" timestamp="2024-06-22T03:54:53.677Z" hostname="chromium" tests="1" failures="0" skipped="0" time="2.057" errors="0">
<testcase name="Locale translations › Translations with locale and time zone id" classname="Locale&amp;Geo/searchLocale.spec.ts" time="2.057">
<properties>
<property name="Go To" value="Go to the page: &quot;https://www.google.com&quot;">
</property>
<property name="Assert" value="Search button text is equal to: &quot;Buscar con Google&quot;">
</property>
</properties>
</testcase>
</testsuite>
<testsuite name="Synthetic/login.spec.ts" timestamp="2024-06-22T03:54:53.677Z" hostname="chromium" tests="1" failures="1" skipped="0" time="4.983" errors="0">
<testcase name="Synthetic login testing › Should show dashboard" classname="Synthetic/login.spec.ts" time="4.983">
<failure message="login.spec.ts:6:9 Should show dashboard" type="FAILURE">
<![CDATA[  [chromium] › Synthetic/login.spec.ts:6:9 › Synthetic login testing › Should show dashboard ───────

    Error: locator.fill: value: expected string, got undefined

       7 |         await page.goto('https://effizientedemo.azurewebsites.net');
       8 |         await page.getByLabel('Company').fill(process.env.EFFIZIENTE_COMPANY!);
    >  9 |         await page.getByLabel('User').fill(process.env.NORMAL_USER!);
         |                                       ^
      10 |         await page.getByPlaceholder('Password').fill(process.env.NORMAL_PASSWORD!);
      11 |         await page.getByRole('button', { name: 'Login' }).click();
      12 |         await page.locator('app-card-pie').getByRole('img').click({ timeout: 35_000 });

        at /home/runner/work/Playwright/Playwright/tests/Synthetic/login.spec.ts:9:39

    attachment #1: screenshot (image/png) ──────────────────────────────────────────────────────────
    test-results/Synthetic-login-Synthetic--650bd-sting-Should-show-dashboard-chromium/test-failed-1.png
    ────────────────────────────────────────────────────────────────────────────────────────────────

    attachment #2: video (video/webm) ──────────────────────────────────────────────────────────────
    test-results/Synthetic-login-Synthetic--650bd-sting-Should-show-dashboard-chromium/video.webm
    ────────────────────────────────────────────────────────────────────────────────────────────────

    attachment #3: trace (application/zip) ─────────────────────────────────────────────────────────
    test-results/Synthetic-login-Synthetic--650bd-sting-Should-show-dashboard-chromium/trace.zip
    Usage:

        npx playwright show-trace test-results/Synthetic-login-Synthetic--650bd-sting-Should-show-dashboard-chromium/trace.zip

    ────────────────────────────────────────────────────────────────────────────────────────────────

    Retry #1 ───────────────────────────────────────────────────────────────────────────────────────

    Error: locator.fill: value: expected string, got undefined

       7 |         await page.goto('https://effizientedemo.azurewebsites.net');
       8 |         await page.getByLabel('Company').fill(process.env.EFFIZIENTE_COMPANY!);
    >  9 |         await page.getByLabel('User').fill(process.env.NORMAL_USER!);
         |                                       ^
      10 |         await page.getByPlaceholder('Password').fill(process.env.NORMAL_PASSWORD!);
      11 |         await page.getByRole('button', { name: 'Login' }).click();
      12 |         await page.locator('app-card-pie').getByRole('img').click({ timeout: 35_000 });

        at /home/runner/work/Playwright/Playwright/tests/Synthetic/login.spec.ts:9:39

    attachment #1: screenshot (image/png) ──────────────────────────────────────────────────────────
    test-results/Synthetic-login-Synthetic--650bd-sting-Should-show-dashboard-chromium-retry1/test-failed-1.png
    ────────────────────────────────────────────────────────────────────────────────────────────────

    attachment #2: video (video/webm) ──────────────────────────────────────────────────────────────
    test-results/Synthetic-login-Synthetic--650bd-sting-Should-show-dashboard-chromium-retry1/video.webm
    ────────────────────────────────────────────────────────────────────────────────────────────────

    attachment #3: trace (application/zip) ─────────────────────────────────────────────────────────
    test-results/Synthetic-login-Synthetic--650bd-sting-Should-show-dashboard-chromium-retry1/trace.zip
    Usage:

        npx playwright show-trace test-results/Synthetic-login-Synthetic--650bd-sting-Should-show-dashboard-chromium-retry1/trace.zip

    ────────────────────────────────────────────────────────────────────────────────────────────────
]]>
</failure>
<system-out>
<![CDATA[
[[ATTACHMENT|../test-results/Synthetic-login-Synthetic--650bd-sting-Should-show-dashboard-chromium/test-failed-1.png]]

[[ATTACHMENT|../test-results/Synthetic-login-Synthetic--650bd-sting-Should-show-dashboard-chromium/video.webm]]

[[ATTACHMENT|../test-results/Synthetic-login-Synthetic--650bd-sting-Should-show-dashboard-chromium/trace.zip]]

[[ATTACHMENT|../test-results/Synthetic-login-Synthetic--650bd-sting-Should-show-dashboard-chromium-retry1/test-failed-1.png]]

[[ATTACHMENT|../test-results/Synthetic-login-Synthetic--650bd-sting-Should-show-dashboard-chromium-retry1/video.webm]]

[[ATTACHMENT|../test-results/Synthetic-login-Synthetic--650bd-sting-Should-show-dashboard-chromium-retry1/trace.zip]]
]]>
</system-out>
</testcase>
</testsuite>
<testsuite name="Synthetic/menu.spec.ts" timestamp="2024-06-22T03:54:53.677Z" hostname="chromium" tests="1" failures="0" skipped="0" time="11.018" errors="0">
<testcase name="Synthetic testing › Should show dashboard" classname="Synthetic/menu.spec.ts" time="11.018">
<properties>
<property name="Navigation" value="Go to:https://effizientedemo.azurewebsites.net">
</property>
</properties>
</testcase>
</testsuite>
<testsuite name="VisualTesting/dashboard.spec.ts" timestamp="2024-06-22T03:54:53.677Z" hostname="chromium" tests="1" failures="0" skipped="0" time="10.594" errors="0">
<testcase name="Check Dashboard › Should show dashboard" classname="VisualTesting/dashboard.spec.ts" time="10.594">
<properties>
<property name="Mock" value="Modify the summary with fixed data">
</property>
<property name="Mock" value="Modify the &quot;Sumary Expiration&quot; with fixed data">
</property>
<property name="Mock" value="Modify the &quot;Top 5 delay&quot; with fixed data">
</property>
<property name="Mock" value="Modify the &quot;Top 5 total&quot; with fixed data">
</property>
<property name="Mock" value="Modify the &quot;Top 5 type&quot; with fixed data">
</property>
<property name="Mock" value="Modify the &quot;Top 10 Limit 1&quot; with fixed data">
</property>
<property name="Mock" value="Modify the &quot;Top 10 Limit 2&quot; with fixed data">
</property>
<property name="Mock" value="Modify the &quot;Top 10 Limit 3&quot; with fixed data">
</property>
<property name="Mock" value="Modify the &quot;Top 10 To Expire&quot; with fixed data">
</property>
<property name="Go To" value="Go to the page: &quot;https://effizientedemo.azurewebsites.net/AccountsReceivable/dashboard&quot;">
</property>
<property name="Step" value="Compare snapshot: dashboard.png with maxDiffPixelsRatio: 0.1">
</property>
</properties>
<system-out>
<![CDATA[
[[ATTACHMENT|../tests/VisualTesting/dashboard.spec.ts-snapshots/dashboard-chromium-linux.png]]

[[ATTACHMENT|../test-results/VisualTesting-dashboard-Ch-994a2-board-Should-show-dashboard-chromium/dashboard-actual.png]]

[[ATTACHMENT|../test-results/VisualTesting-dashboard-Ch-994a2-board-Should-show-dashboard-chromium/dashboard-diff.png]]

[[ATTACHMENT|../test-results/VisualTesting-dashboard-Ch-994a2-board-Should-show-dashboard-chromium/test-failed-1.png]]

[[ATTACHMENT|../test-results/VisualTesting-dashboard-Ch-994a2-board-Should-show-dashboard-chromium/video.webm]]

[[ATTACHMENT|../test-results/VisualTesting-dashboard-Ch-994a2-board-Should-show-dashboard-chromium/trace.zip]]
]]>
</system-out>
</testcase>
</testsuite>
<testsuite name="Accessibility/pageAccessibility.spec.ts" timestamp="2024-06-22T03:54:53.677Z" hostname="firefox" tests="3" failures="3" skipped="0" time="2.987" errors="0">
<testcase name="Test Accessibility By Page › Check Page accessibility" classname="Accessibility/pageAccessibility.spec.ts" time="1.161">
<properties>
<property name="Go To" value="Go to: undefined">
</property>
</properties>
<failure message="pageAccessibility.spec.ts:17:9 Check Page accessibility" type="FAILURE">
<![CDATA[  [firefox] › Accessibility/pageAccessibility.spec.ts:17:9 › Test Accessibility By Page › Check Page accessibility 

    Error: page.goto: url: expected string, got undefined

      21 |         const annotationHelper = new AnnotationHelper(page, pageToTest);
      22 |         annotationHelper.addAnnotation(AnnotationType.GoTo, 'Go to: ' + pageToTest);
    > 23 |         await page.goto(pageToTest);
         |                    ^
      24 |         await accessibilityHelper.checkAccessibility('CustomPage', annotationHelper.getAnnotations());
      25 |
      26 |     });

        at /home/runner/work/Playwright/Playwright/tests/Accessibility/pageAccessibility.spec.ts:23:20

    attachment #1: screenshot (image/png) ──────────────────────────────────────────────────────────
    test-results/Accessibility-pageAccessib-c4c16-ge-Check-Page-accessibility-firefox/test-failed-1.png
    ────────────────────────────────────────────────────────────────────────────────────────────────

    attachment #2: video (video/webm) ──────────────────────────────────────────────────────────────
    test-results/Accessibility-pageAccessib-c4c16-ge-Check-Page-accessibility-firefox/video.webm
    ────────────────────────────────────────────────────────────────────────────────────────────────

    attachment #3: trace (application/zip) ─────────────────────────────────────────────────────────
    test-results/Accessibility-pageAccessib-c4c16-ge-Check-Page-accessibility-firefox/trace.zip
    Usage:

        npx playwright show-trace test-results/Accessibility-pageAccessib-c4c16-ge-Check-Page-accessibility-firefox/trace.zip

    ────────────────────────────────────────────────────────────────────────────────────────────────
]]>
</failure>
<system-out>
<![CDATA[
[[ATTACHMENT|../test-results/Accessibility-pageAccessib-c4c16-ge-Check-Page-accessibility-firefox/test-failed-1.png]]

[[ATTACHMENT|../test-results/Accessibility-pageAccessib-c4c16-ge-Check-Page-accessibility-firefox/video.webm]]

[[ATTACHMENT|../test-results/Accessibility-pageAccessib-c4c16-ge-Check-Page-accessibility-firefox/trace.zip]]
]]>
</system-out>
</testcase>
<testcase name="Test Accessibility By Page › Check tab order" classname="Accessibility/pageAccessibility.spec.ts" time="0.961">
<properties>
<property name="Go To" value="Go to: undefined">
</property>
</properties>
<failure message="pageAccessibility.spec.ts:28:9 Check tab order" type="FAILURE">
<![CDATA[  [firefox] › Accessibility/pageAccessibility.spec.ts:28:9 › Test Accessibility By Page › Check tab order 

    Error: page.goto: url: expected string, got undefined

      32 |         const tabHelper = new TabHelper(page, keyPage);
      33 |         annotationHelper.addAnnotation(AnnotationType.GoTo, 'Go to: ' + pageToTest);
    > 34 |         await page.goto(pageToTest);
         |                    ^
      35 |         //Add a number and blue box to the element after press tab
      36 |         await tabHelper.showTabOrder();
      37 |         //Check that the tab is the same that the elements

        at /home/runner/work/Playwright/Playwright/tests/Accessibility/pageAccessibility.spec.ts:34:20

    attachment #1: screenshot (image/png) ──────────────────────────────────────────────────────────
    test-results/Accessibility-pageAccessib-bc5d8-ity-By-Page-Check-tab-order-firefox/test-failed-1.png
    ────────────────────────────────────────────────────────────────────────────────────────────────

    attachment #2: video (video/webm) ──────────────────────────────────────────────────────────────
    test-results/Accessibility-pageAccessib-bc5d8-ity-By-Page-Check-tab-order-firefox/video.webm
    ────────────────────────────────────────────────────────────────────────────────────────────────

    attachment #3: trace (application/zip) ─────────────────────────────────────────────────────────
    test-results/Accessibility-pageAccessib-bc5d8-ity-By-Page-Check-tab-order-firefox/trace.zip
    Usage:

        npx playwright show-trace test-results/Accessibility-pageAccessib-bc5d8-ity-By-Page-Check-tab-order-firefox/trace.zip

    ────────────────────────────────────────────────────────────────────────────────────────────────
]]>
</failure>
<system-out>
<![CDATA[
[[ATTACHMENT|../test-results/Accessibility-pageAccessib-bc5d8-ity-By-Page-Check-tab-order-firefox/test-failed-1.png]]

[[ATTACHMENT|../test-results/Accessibility-pageAccessib-bc5d8-ity-By-Page-Check-tab-order-firefox/video.webm]]

[[ATTACHMENT|../test-results/Accessibility-pageAccessib-bc5d8-ity-By-Page-Check-tab-order-firefox/trace.zip]]
]]>
</system-out>
</testcase>
<testcase name="Test Accessibility By Page › Check alt text &amp; aria-label" classname="Accessibility/pageAccessibility.spec.ts" time="0.865">
<properties>
<property name="Go To" value="Go to: undefined">
</property>
</properties>
<failure message="pageAccessibility.spec.ts:42:9 Check alt text &amp; aria-label" type="FAILURE">
<![CDATA[  [firefox] › Accessibility/pageAccessibility.spec.ts:42:9 › Test Accessibility By Page › Check alt text & aria-label 

    Error: page.goto: url: expected string, got undefined

      46 |         const altHelper = new AltHelper(page, keyPage, testInfo);
      47 |         annotationHelper.addAnnotation(AnnotationType.GoTo, 'Go to: ' + pageToTest);
    > 48 |         await page.goto(pageToTest);
         |                    ^
      49 |         //Check that images have alt text attribute
      50 |         await altHelper.checkAltText();
      51 |         //Generate a table with all alt texts

        at /home/runner/work/Playwright/Playwright/tests/Accessibility/pageAccessibility.spec.ts:48:20

    attachment #1: screenshot (image/png) ──────────────────────────────────────────────────────────
    test-results/Accessibility-pageAccessib-e1df0-e-Check-alt-text-aria-label-firefox/test-failed-1.png
    ────────────────────────────────────────────────────────────────────────────────────────────────

    attachment #2: video (video/webm) ──────────────────────────────────────────────────────────────
    test-results/Accessibility-pageAccessib-e1df0-e-Check-alt-text-aria-label-firefox/video.webm
    ────────────────────────────────────────────────────────────────────────────────────────────────

    attachment #3: trace (application/zip) ─────────────────────────────────────────────────────────
    test-results/Accessibility-pageAccessib-e1df0-e-Check-alt-text-aria-label-firefox/trace.zip
    Usage:

        npx playwright show-trace test-results/Accessibility-pageAccessib-e1df0-e-Check-alt-text-aria-label-firefox/trace.zip

    ────────────────────────────────────────────────────────────────────────────────────────────────
]]>
</failure>
<system-out>
<![CDATA[
[[ATTACHMENT|../test-results/Accessibility-pageAccessib-e1df0-e-Check-alt-text-aria-label-firefox/test-failed-1.png]]

[[ATTACHMENT|../test-results/Accessibility-pageAccessib-e1df0-e-Check-alt-text-aria-label-firefox/video.webm]]

[[ATTACHMENT|../test-results/Accessibility-pageAccessib-e1df0-e-Check-alt-text-aria-label-firefox/trace.zip]]
]]>
</system-out>
</testcase>
</testsuite>
<testsuite name="AI/login.spec.ts" timestamp="2024-06-22T03:54:53.677Z" hostname="firefox" tests="1" failures="0" skipped="1" time="0.957" errors="0">
<testcase name="AI Zero Step › Should show dashboard after login" classname="AI/login.spec.ts" time="0.957">
<properties>
<property name="skip" value="Zero Steps only works in chromium">
</property>
</properties>
<skipped>
</skipped>
</testcase>
</testsuite>
<testsuite name="Api/addToCart.spec.ts" timestamp="2024-06-22T03:54:53.677Z" hostname="firefox" tests="1" failures="1" skipped="0" time="2.559" errors="0">
<testcase name="Contoso Traders › Should add an item to the cart" classname="Api/addToCart.spec.ts" time="2.559">
<properties>
<property name="Go To" value="Go to the page: &quot;https://cloudtesting.contosotraders.com&quot;">
</property>
</properties>
<failure message="addToCart.spec.ts:10:9 Should add an item to the cart" type="FAILURE">
<![CDATA[  [firefox] › Api/addToCart.spec.ts:10:9 › Contoso Traders › Should add an item to the cart › Go to the page: "https://cloudtesting.contosotraders.com" 

    Error: page.goto: NS_ERROR_UNKNOWN_HOST
    Call log:
      - navigating to "https://cloudtesting.contosotraders.com/", waiting until "load"


       at ../pages/ContosoTraders/homePage.ts:24

      22 |         const url = process.env.CONTOSO_URL ?? 'https://cloudtesting.contosotraders.com';
      23 |         await this.addStepWithAnnotation(AnnotationType.GoTo, 'Go to the page: "' + url + '"', async () => {
    > 24 |             await this.page.goto(url);
         |                             ^
      25 |         });
      26 |     }
      27 |

        at /home/runner/work/Playwright/Playwright/pages/ContosoTraders/homePage.ts:24:29
        at HomePage.addStepWithAnnotation (/home/runner/work/Playwright/Playwright/pages/basePage.ts:55:31)
        at HomePage.goTo (/home/runner/work/Playwright/Playwright/pages/ContosoTraders/homePage.ts:23:20)
        at /home/runner/work/Playwright/Playwright/tests/Api/addToCart.spec.ts:12:24

    attachment #1: screenshot (image/png) ──────────────────────────────────────────────────────────
    test-results/Api-addToCart-Contoso-Traders-Should-add-an-item-to-the-cart-firefox/test-failed-1.png
    ────────────────────────────────────────────────────────────────────────────────────────────────

    attachment #2: video (video/webm) ──────────────────────────────────────────────────────────────
    test-results/Api-addToCart-Contoso-Traders-Should-add-an-item-to-the-cart-firefox/video.webm
    ────────────────────────────────────────────────────────────────────────────────────────────────

    attachment #3: trace (application/zip) ─────────────────────────────────────────────────────────
    test-results/Api-addToCart-Contoso-Traders-Should-add-an-item-to-the-cart-firefox/trace.zip
    Usage:

        npx playwright show-trace test-results/Api-addToCart-Contoso-Traders-Should-add-an-item-to-the-cart-firefox/trace.zip

    ────────────────────────────────────────────────────────────────────────────────────────────────

    Retry #1 ───────────────────────────────────────────────────────────────────────────────────────

    Error: page.goto: NS_ERROR_UNKNOWN_HOST
    Call log:
      - navigating to "https://cloudtesting.contosotraders.com/", waiting until "load"


       at ../pages/ContosoTraders/homePage.ts:24

      22 |         const url = process.env.CONTOSO_URL ?? 'https://cloudtesting.contosotraders.com';
      23 |         await this.addStepWithAnnotation(AnnotationType.GoTo, 'Go to the page: "' + url + '"', async () => {
    > 24 |             await this.page.goto(url);
         |                             ^
      25 |         });
      26 |     }
      27 |

        at /home/runner/work/Playwright/Playwright/pages/ContosoTraders/homePage.ts:24:29
        at HomePage.addStepWithAnnotation (/home/runner/work/Playwright/Playwright/pages/basePage.ts:55:31)
        at HomePage.goTo (/home/runner/work/Playwright/Playwright/pages/ContosoTraders/homePage.ts:23:20)
        at /home/runner/work/Playwright/Playwright/tests/Api/addToCart.spec.ts:12:24

    attachment #1: screenshot (image/png) ──────────────────────────────────────────────────────────
    test-results/Api-addToCart-Contoso-Traders-Should-add-an-item-to-the-cart-firefox-retry1/test-failed-1.png
    ────────────────────────────────────────────────────────────────────────────────────────────────

    attachment #2: video (video/webm) ──────────────────────────────────────────────────────────────
    test-results/Api-addToCart-Contoso-Traders-Should-add-an-item-to-the-cart-firefox-retry1/video.webm
    ────────────────────────────────────────────────────────────────────────────────────────────────

    attachment #3: trace (application/zip) ─────────────────────────────────────────────────────────
    test-results/Api-addToCart-Contoso-Traders-Should-add-an-item-to-the-cart-firefox-retry1/trace.zip
    Usage:

        npx playwright show-trace test-results/Api-addToCart-Contoso-Traders-Should-add-an-item-to-the-cart-firefox-retry1/trace.zip

    ────────────────────────────────────────────────────────────────────────────────────────────────
]]>
</failure>
<system-out>
<![CDATA[
[[ATTACHMENT|../test-results/Api-addToCart-Contoso-Traders-Should-add-an-item-to-the-cart-firefox/test-failed-1.png]]

[[ATTACHMENT|../test-results/Api-addToCart-Contoso-Traders-Should-add-an-item-to-the-cart-firefox/video.webm]]

[[ATTACHMENT|../test-results/Api-addToCart-Contoso-Traders-Should-add-an-item-to-the-cart-firefox/trace.zip]]

[[ATTACHMENT|../test-results/Api-addToCart-Contoso-Traders-Should-add-an-item-to-the-cart-firefox-retry1/test-failed-1.png]]

[[ATTACHMENT|../test-results/Api-addToCart-Contoso-Traders-Should-add-an-item-to-the-cart-firefox-retry1/video.webm]]

[[ATTACHMENT|../test-results/Api-addToCart-Contoso-Traders-Should-add-an-item-to-the-cart-firefox-retry1/trace.zip]]
]]>
</system-out>
</testcase>
</testsuite>
<testsuite name="Api/servers.spec.ts" timestamp="2024-06-22T03:54:53.677Z" hostname="firefox" tests="2" failures="0" skipped="0" time="8.894" errors="0">
<testcase name="Servers › Should add a server" classname="Api/servers.spec.ts" time="3.732">
<properties>
<property name="Go To" value="Go to the servers page: &quot;https://effizientedemo.azurewebsites.net/Security/servers&quot;">
</property>
<property name="Button" value="Click: &quot;Add&quot;">
</property>
<property name="InputText" value="Fill &quot;Key:&quot; with the value: &quot;655789&quot;">
</property>
<property name="InputText" value="Fill &quot;Name:&quot; with the value: &quot;Bogisich, Ledner and Mante&quot;">
</property>
<property name="InputText" value="Fill &quot;Url:&quot; with the value: &quot;https://average-form.info/&quot;">
</property>
<property name="Button" value="Click: &quot;Save&quot;">
</property>
<property name="Assert" value="Success message is visible">
</property>
<property name="Assert" value="Server id should be a number greater than 1">
</property>
<property name="Assert" value="Server with the key: &quot;655789&quot; exists in the table">
</property>
<property name="Assert" value="The server name for the key: &quot;655789&quot; is: &quot;Bogisich, Ledner and Mante&quot;">
</property>
<property name="Assert" value="The server url for the key: &quot;655789&quot; is: &quot;https://average-form.info/&quot;">
</property>
</properties>
<system-out>
<![CDATA[index:2
]]>
</system-out>
</testcase>
<testcase name="Servers › Should edit a server" classname="Api/servers.spec.ts" time="5.162">
<properties>
<property name="Go To" value="Go to the servers page: &quot;https://effizientedemo.azurewebsites.net/Security/servers&quot;">
</property>
<property name="Step" value="Create server with API">
</property>
<property name="Go To" value="Go to the servers page: &quot;https://effizientedemo.azurewebsites.net/Security/servers&quot;">
</property>
<property name="InputText" value="Fill &quot;key:&quot; with the value: &quot;822980&quot;">
</property>
<property name="InputText" value="Fill &quot;Name:&quot; with the value: &quot;Kuhic - Kilback&quot;">
</property>
<property name="InputText" value="Fill &quot;Url:&quot; with the value: &quot;https://weird-poor.info/&quot;">
</property>
<property name="Button" value="Click: &quot;Save&quot;">
</property>
<property name="Assert" value="Success message is visible">
</property>
<property name="Assert" value="Server with the key: &quot;822980&quot; exists in the table">
</property>
<property name="Assert" value="The server name for the key: &quot;822980&quot; is: &quot;Kuhic - Kilback&quot;">
</property>
<property name="Assert" value="The server url for the key: &quot;822980&quot; is: &quot;https://weird-poor.info/&quot;">
</property>
</properties>
<system-out>
<![CDATA[index:2
]]>
</system-out>
</testcase>
</testsuite>
<testsuite name="Basic/login.spec.ts" timestamp="2024-06-22T03:54:53.677Z" hostname="firefox" tests="1" failures="0" skipped="0" time="2.191" errors="0">
<testcase name="Login › Login with valid user load inventory page" classname="Basic/login.spec.ts" time="2.191">
<properties>
<property name="Go To" value="Go to the page: &quot;https://www.saucedemo.com&quot;">
</property>
<property name="InputText" value="Fill &quot;Username:&quot; with the value: &quot;standard_user&quot;">
</property>
<property name="InputPassword" value="Fill: &quot;Password with value: *****&quot;">
</property>
<property name="Button" value="Click: &quot;Login&quot;">
</property>
<property name="Assert" value="Check URL Page is equal to: &quot;https://www.saucedemo.com/inventory.html&quot;">
</property>
</properties>
</testcase>
</testsuite>
<testsuite name="Basic/menu.spec.ts" timestamp="2024-06-22T03:54:53.677Z" hostname="firefox" tests="2" failures="0" skipped="0" time="12.5" errors="0">
<testcase name="Normal user › Should returns user menu" classname="Basic/menu.spec.ts" time="5.764">
<properties>
<property name="Go To" value="Go to the page: &quot;https://effizientedemo.azurewebsites.net/AccountsReceivable/dashboard&quot;">
</property>
<property name="PirmeFacesMenu" value="Get top menus">
</property>
<property name="Assert" value="Menu are equal to: &quot;AccountsReceivable,Config&quot;">
</property>
</properties>
</testcase>
<testcase name="Admin user › Should returns admin menu" classname="Basic/menu.spec.ts" time="6.736">
<properties>
<property name="Go To" value="Go to the page: &quot;https://effizientedemo.azurewebsites.net/AccountsReceivable/dashboard&quot;">
</property>
<property name="PirmeFacesMenu" value="Get top menus">
</property>
<property name="Assert" value="Menu are equal to: &quot;AccountsReceivable,Security,Config&quot;">
</property>
</properties>
</testcase>
</testsuite>
<testsuite name="Excel/exportServers.spec.ts" timestamp="2024-06-22T03:54:53.677Z" hostname="firefox" tests="1" failures="0" skipped="0" time="2.828" errors="0">
<testcase name="Servers › Should export servers to excel" classname="Excel/exportServers.spec.ts" time="2.828">
<properties>
<property name="Go To" value="Go to the servers page: &quot;https://effizientedemo.azurewebsites.net/Security/servers&quot;">
</property>
<property name="ButtonExcel" value="Click: &quot;Export to Excel&quot;">
</property>
<property name="Assert" value="The excel file rows are equal to the grid rows">
</property>
</properties>
<system-out>
<![CDATA[
[[ATTACHMENT|../test-results/Excel-exportServers-Servers-Should-export-servers-to-excel-firefox/attachments/servers-xlsx-b45414d1440b649c23868d9b19e0f22e5f012826.xlsx]]
]]>
</system-out>
</testcase>
</testsuite>
<testsuite name="Fixture-LambdaTest/loginLambdaTestFixture.spec.ts" timestamp="2024-06-22T03:54:53.677Z" hostname="firefox" tests="1" failures="0" skipped="0" time="0.973" errors="0">
<testcase name="Login › Login with valid user load inventory page" classname="Fixture-LambdaTest/loginLambdaTestFixture.spec.ts" time="0.973">
<properties>
<property name="Go To" value="Go to the page: &quot;https://www.saucedemo.com&quot;">
</property>
<property name="InputText" value="Fill &quot;Username:&quot; with the value: &quot;standard_user&quot;">
</property>
<property name="InputPassword" value="Fill: &quot;Password with value: *****&quot;">
</property>
<property name="Button" value="Click: &quot;Login&quot;">
</property>
<property name="Assert" value="Check URL Page equal to: &quot;https://www.saucedemo.com/inventory.html&quot;">
</property>
</properties>
</testcase>
</testsuite>
<testsuite name="Locale&amp;Geo/bingMaps.spec.ts" timestamp="2024-06-22T03:54:53.677Z" hostname="firefox" tests="1" failures="1" skipped="0" time="28.865" errors="0">
<testcase name="Geo Location Test › The bing maps is located to munich" classname="Locale&amp;Geo/bingMaps.spec.ts" time="28.865">
<properties>
<property name="Go To" value="Go to the page: &quot;https://www.bing.com/maps&quot;">
</property>
<property name="Button" value="Click: &quot;button.locateMeBtn&quot;">
</property>
</properties>
<failure message="bingMaps.spec.ts:12:9 The bing maps is located to munich" type="FAILURE">
<![CDATA[  [firefox] › Locale&Geo/bingMaps.spec.ts:12:9 › Geo Location Test › The bing maps is located to munich › Click: "button.locateMeBtn" 

    TimeoutError: locator.click: Timeout 10000ms exceeded.
    Call log:
      - waiting for locator('button.locateMeBtn')


       at ../components/Button.ts:30

      28 |         const stepDescription = 'Click: "' + await this.getText() + '"';
      29 |         await this.addStepWithAnnotation(stepDescription, async () => {
    > 30 |             await this.locator.click();
         |                                ^
      31 |         });
      32 |     }
      33 |

        at /home/runner/work/Playwright/Playwright/components/Button.ts:30:32
        at Button.addStepWithAnnotation (/home/runner/work/Playwright/Playwright/components/BaseComponent.ts:36:31)
        at Button.click (/home/runner/work/Playwright/Playwright/components/Button.ts:29:9)
        at /home/runner/work/Playwright/Playwright/tests/Locale&Geo/bingMaps.spec.ts:18:9

    attachment #1: screenshot (image/png) ──────────────────────────────────────────────────────────
    test-results/Locale&Geo-bingMaps-Geo-Lo-ec629-g-maps-is-located-to-munich-firefox/test-failed-1.png
    ────────────────────────────────────────────────────────────────────────────────────────────────

    attachment #2: screenshot (image/png) ──────────────────────────────────────────────────────────
    test-results/Locale&Geo-bingMaps-Geo-Lo-ec629-g-maps-is-located-to-munich-firefox/test-failed-2.png
    ────────────────────────────────────────────────────────────────────────────────────────────────

    attachment #3: video (video/webm) ──────────────────────────────────────────────────────────────
    test-results/Locale&Geo-bingMaps-Geo-Lo-ec629-g-maps-is-located-to-munich-firefox/video.webm
    ────────────────────────────────────────────────────────────────────────────────────────────────

    attachment #4: trace (application/zip) ─────────────────────────────────────────────────────────
    test-results/Locale&Geo-bingMaps-Geo-Lo-ec629-g-maps-is-located-to-munich-firefox/trace.zip
    Usage:

        npx playwright show-trace test-results/Locale&Geo-bingMaps-Geo-Lo-ec629-g-maps-is-located-to-munich-firefox/trace.zip

    ────────────────────────────────────────────────────────────────────────────────────────────────

    Retry #1 ───────────────────────────────────────────────────────────────────────────────────────

    TimeoutError: locator.click: Timeout 10000ms exceeded.
    Call log:
      - waiting for locator('button.locateMeBtn')


       at ../components/Button.ts:30

      28 |         const stepDescription = 'Click: "' + await this.getText() + '"';
      29 |         await this.addStepWithAnnotation(stepDescription, async () => {
    > 30 |             await this.locator.click();
         |                                ^
      31 |         });
      32 |     }
      33 |

        at /home/runner/work/Playwright/Playwright/components/Button.ts:30:32
        at Button.addStepWithAnnotation (/home/runner/work/Playwright/Playwright/components/BaseComponent.ts:36:31)
        at Button.click (/home/runner/work/Playwright/Playwright/components/Button.ts:29:9)
        at /home/runner/work/Playwright/Playwright/tests/Locale&Geo/bingMaps.spec.ts:18:9

    attachment #1: screenshot (image/png) ──────────────────────────────────────────────────────────
    test-results/Locale&Geo-bingMaps-Geo-Lo-ec629-g-maps-is-located-to-munich-firefox-retry1/test-failed-1.png
    ────────────────────────────────────────────────────────────────────────────────────────────────

    attachment #2: video (video/webm) ──────────────────────────────────────────────────────────────
    test-results/Locale&Geo-bingMaps-Geo-Lo-ec629-g-maps-is-located-to-munich-firefox-retry1/video.webm
    ────────────────────────────────────────────────────────────────────────────────────────────────

    attachment #3: trace (application/zip) ─────────────────────────────────────────────────────────
    test-results/Locale&Geo-bingMaps-Geo-Lo-ec629-g-maps-is-located-to-munich-firefox-retry1/trace.zip
    Usage:

        npx playwright show-trace test-results/Locale&Geo-bingMaps-Geo-Lo-ec629-g-maps-is-located-to-munich-firefox-retry1/trace.zip

    ────────────────────────────────────────────────────────────────────────────────────────────────
]]>
</failure>
<system-out>
<![CDATA[
[[ATTACHMENT|../test-results/Locale&Geo-bingMaps-Geo-Lo-ec629-g-maps-is-located-to-munich-firefox/test-failed-1.png]]

[[ATTACHMENT|../test-results/Locale&Geo-bingMaps-Geo-Lo-ec629-g-maps-is-located-to-munich-firefox/test-failed-2.png]]

[[ATTACHMENT|../test-results/Locale&Geo-bingMaps-Geo-Lo-ec629-g-maps-is-located-to-munich-firefox/video.webm]]

[[ATTACHMENT|../test-results/Locale&Geo-bingMaps-Geo-Lo-ec629-g-maps-is-located-to-munich-firefox/trace.zip]]

[[ATTACHMENT|../test-results/Locale&Geo-bingMaps-Geo-Lo-ec629-g-maps-is-located-to-munich-firefox-retry1/test-failed-1.png]]

[[ATTACHMENT|../test-results/Locale&Geo-bingMaps-Geo-Lo-ec629-g-maps-is-located-to-munich-firefox-retry1/video.webm]]

[[ATTACHMENT|../test-results/Locale&Geo-bingMaps-Geo-Lo-ec629-g-maps-is-located-to-munich-firefox-retry1/trace.zip]]
]]>
</system-out>
</testcase>
</testsuite>
<testsuite name="Locale&amp;Geo/searchLocale.spec.ts" timestamp="2024-06-22T03:54:53.677Z" hostname="firefox" tests="1" failures="0" skipped="0" time="1.903" errors="0">
<testcase name="Locale translations › Translations with locale and time zone id" classname="Locale&amp;Geo/searchLocale.spec.ts" time="1.903">
<properties>
<property name="Go To" value="Go to the page: &quot;https://www.google.com&quot;">
</property>
<property name="Assert" value="Search button text is equal to: &quot;Buscar con Google&quot;">
</property>
</properties>
</testcase>
</testsuite>
<testsuite name="Synthetic/login.spec.ts" timestamp="2024-06-22T03:54:53.677Z" hostname="firefox" tests="1" failures="1" skipped="0" time="4.681" errors="0">
<testcase name="Synthetic login testing › Should show dashboard" classname="Synthetic/login.spec.ts" time="4.681">
<failure message="login.spec.ts:6:9 Should show dashboard" type="FAILURE">
<![CDATA[  [firefox] › Synthetic/login.spec.ts:6:9 › Synthetic login testing › Should show dashboard ────────

    Error: locator.fill: value: expected string, got undefined

       7 |         await page.goto('https://effizientedemo.azurewebsites.net');
       8 |         await page.getByLabel('Company').fill(process.env.EFFIZIENTE_COMPANY!);
    >  9 |         await page.getByLabel('User').fill(process.env.NORMAL_USER!);
         |                                       ^
      10 |         await page.getByPlaceholder('Password').fill(process.env.NORMAL_PASSWORD!);
      11 |         await page.getByRole('button', { name: 'Login' }).click();
      12 |         await page.locator('app-card-pie').getByRole('img').click({ timeout: 35_000 });

        at /home/runner/work/Playwright/Playwright/tests/Synthetic/login.spec.ts:9:39

    attachment #1: screenshot (image/png) ──────────────────────────────────────────────────────────
    test-results/Synthetic-login-Synthetic--650bd-sting-Should-show-dashboard-firefox/test-failed-1.png
    ────────────────────────────────────────────────────────────────────────────────────────────────

    attachment #2: video (video/webm) ──────────────────────────────────────────────────────────────
    test-results/Synthetic-login-Synthetic--650bd-sting-Should-show-dashboard-firefox/video.webm
    ────────────────────────────────────────────────────────────────────────────────────────────────

    attachment #3: trace (application/zip) ─────────────────────────────────────────────────────────
    test-results/Synthetic-login-Synthetic--650bd-sting-Should-show-dashboard-firefox/trace.zip
    Usage:

        npx playwright show-trace test-results/Synthetic-login-Synthetic--650bd-sting-Should-show-dashboard-firefox/trace.zip

    ────────────────────────────────────────────────────────────────────────────────────────────────

    Retry #1 ───────────────────────────────────────────────────────────────────────────────────────

    Error: locator.fill: value: expected string, got undefined

       7 |         await page.goto('https://effizientedemo.azurewebsites.net');
       8 |         await page.getByLabel('Company').fill(process.env.EFFIZIENTE_COMPANY!);
    >  9 |         await page.getByLabel('User').fill(process.env.NORMAL_USER!);
         |                                       ^
      10 |         await page.getByPlaceholder('Password').fill(process.env.NORMAL_PASSWORD!);
      11 |         await page.getByRole('button', { name: 'Login' }).click();
      12 |         await page.locator('app-card-pie').getByRole('img').click({ timeout: 35_000 });

        at /home/runner/work/Playwright/Playwright/tests/Synthetic/login.spec.ts:9:39

    attachment #1: screenshot (image/png) ──────────────────────────────────────────────────────────
    test-results/Synthetic-login-Synthetic--650bd-sting-Should-show-dashboard-firefox-retry1/test-failed-1.png
    ────────────────────────────────────────────────────────────────────────────────────────────────

    attachment #2: video (video/webm) ──────────────────────────────────────────────────────────────
    test-results/Synthetic-login-Synthetic--650bd-sting-Should-show-dashboard-firefox-retry1/video.webm
    ────────────────────────────────────────────────────────────────────────────────────────────────

    attachment #3: trace (application/zip) ─────────────────────────────────────────────────────────
    test-results/Synthetic-login-Synthetic--650bd-sting-Should-show-dashboard-firefox-retry1/trace.zip
    Usage:

        npx playwright show-trace test-results/Synthetic-login-Synthetic--650bd-sting-Should-show-dashboard-firefox-retry1/trace.zip

    ────────────────────────────────────────────────────────────────────────────────────────────────
]]>
</failure>
<system-out>
<![CDATA[
[[ATTACHMENT|../test-results/Synthetic-login-Synthetic--650bd-sting-Should-show-dashboard-firefox/test-failed-1.png]]

[[ATTACHMENT|../test-results/Synthetic-login-Synthetic--650bd-sting-Should-show-dashboard-firefox/video.webm]]

[[ATTACHMENT|../test-results/Synthetic-login-Synthetic--650bd-sting-Should-show-dashboard-firefox/trace.zip]]

[[ATTACHMENT|../test-results/Synthetic-login-Synthetic--650bd-sting-Should-show-dashboard-firefox-retry1/test-failed-1.png]]

[[ATTACHMENT|../test-results/Synthetic-login-Synthetic--650bd-sting-Should-show-dashboard-firefox-retry1/video.webm]]

[[ATTACHMENT|../test-results/Synthetic-login-Synthetic--650bd-sting-Should-show-dashboard-firefox-retry1/trace.zip]]
]]>
</system-out>
</testcase>
</testsuite>
<testsuite name="Synthetic/menu.spec.ts" timestamp="2024-06-22T03:54:53.677Z" hostname="firefox" tests="1" failures="0" skipped="0" time="4.531" errors="0">
<testcase name="Synthetic testing › Should show dashboard" classname="Synthetic/menu.spec.ts" time="4.531">
<properties>
<property name="Navigation" value="Go to:https://effizientedemo.azurewebsites.net">
</property>
</properties>
</testcase>
</testsuite>
<testsuite name="VisualTesting/dashboard.spec.ts" timestamp="2024-06-22T03:54:53.677Z" hostname="firefox" tests="1" failures="0" skipped="0" time="2.949" errors="0">
<testcase name="Check Dashboard › Should show dashboard" classname="VisualTesting/dashboard.spec.ts" time="2.949">
<properties>
<property name="Mock" value="Modify the summary with fixed data">
</property>
<property name="Mock" value="Modify the &quot;Sumary Expiration&quot; with fixed data">
</property>
<property name="Mock" value="Modify the &quot;Top 5 delay&quot; with fixed data">
</property>
<property name="Mock" value="Modify the &quot;Top 5 total&quot; with fixed data">
</property>
<property name="Mock" value="Modify the &quot;Top 5 type&quot; with fixed data">
</property>
<property name="Mock" value="Modify the &quot;Top 10 Limit 1&quot; with fixed data">
</property>
<property name="Mock" value="Modify the &quot;Top 10 Limit 2&quot; with fixed data">
</property>
<property name="Mock" value="Modify the &quot;Top 10 Limit 3&quot; with fixed data">
</property>
<property name="Mock" value="Modify the &quot;Top 10 To Expire&quot; with fixed data">
</property>
<property name="Go To" value="Go to the page: &quot;https://effizientedemo.azurewebsites.net/AccountsReceivable/dashboard&quot;">
</property>
<property name="Step" value="Compare snapshot: dashboard.png with maxDiffPixelsRatio: 0.1">
</property>
</properties>
</testcase>
</testsuite>
<testsuite name="Accessibility/pageAccessibility.spec.ts" timestamp="2024-06-22T03:54:53.677Z" hostname="webkit" tests="3" failures="3" skipped="0" time="1.885" errors="0">
<testcase name="Test Accessibility By Page › Check Page accessibility" classname="Accessibility/pageAccessibility.spec.ts" time="1.037">
<properties>
<property name="Go To" value="Go to: undefined">
</property>
</properties>
<failure message="pageAccessibility.spec.ts:17:9 Check Page accessibility" type="FAILURE">
<![CDATA[  [webkit] › Accessibility/pageAccessibility.spec.ts:17:9 › Test Accessibility By Page › Check Page accessibility 

    Error: page.goto: url: expected string, got undefined

      21 |         const annotationHelper = new AnnotationHelper(page, pageToTest);
      22 |         annotationHelper.addAnnotation(AnnotationType.GoTo, 'Go to: ' + pageToTest);
    > 23 |         await page.goto(pageToTest);
         |                    ^
      24 |         await accessibilityHelper.checkAccessibility('CustomPage', annotationHelper.getAnnotations());
      25 |
      26 |     });

        at /home/runner/work/Playwright/Playwright/tests/Accessibility/pageAccessibility.spec.ts:23:20

    attachment #1: screenshot (image/png) ──────────────────────────────────────────────────────────
    test-results/Accessibility-pageAccessib-c4c16-ge-Check-Page-accessibility-webkit/test-failed-1.png
    ────────────────────────────────────────────────────────────────────────────────────────────────

    attachment #2: video (video/webm) ──────────────────────────────────────────────────────────────
    test-results/Accessibility-pageAccessib-c4c16-ge-Check-Page-accessibility-webkit/video.webm
    ────────────────────────────────────────────────────────────────────────────────────────────────

    attachment #3: trace (application/zip) ─────────────────────────────────────────────────────────
    test-results/Accessibility-pageAccessib-c4c16-ge-Check-Page-accessibility-webkit/trace.zip
    Usage:

        npx playwright show-trace test-results/Accessibility-pageAccessib-c4c16-ge-Check-Page-accessibility-webkit/trace.zip

    ────────────────────────────────────────────────────────────────────────────────────────────────
]]>
</failure>
<system-out>
<![CDATA[
[[ATTACHMENT|../test-results/Accessibility-pageAccessib-c4c16-ge-Check-Page-accessibility-webkit/test-failed-1.png]]

[[ATTACHMENT|../test-results/Accessibility-pageAccessib-c4c16-ge-Check-Page-accessibility-webkit/video.webm]]

[[ATTACHMENT|../test-results/Accessibility-pageAccessib-c4c16-ge-Check-Page-accessibility-webkit/trace.zip]]
]]>
</system-out>
</testcase>
<testcase name="Test Accessibility By Page › Check tab order" classname="Accessibility/pageAccessibility.spec.ts" time="0.44">
<properties>
<property name="Go To" value="Go to: undefined">
</property>
</properties>
<failure message="pageAccessibility.spec.ts:28:9 Check tab order" type="FAILURE">
<![CDATA[  [webkit] › Accessibility/pageAccessibility.spec.ts:28:9 › Test Accessibility By Page › Check tab order 

    Error: page.goto: url: expected string, got undefined

      32 |         const tabHelper = new TabHelper(page, keyPage);
      33 |         annotationHelper.addAnnotation(AnnotationType.GoTo, 'Go to: ' + pageToTest);
    > 34 |         await page.goto(pageToTest);
         |                    ^
      35 |         //Add a number and blue box to the element after press tab
      36 |         await tabHelper.showTabOrder();
      37 |         //Check that the tab is the same that the elements

        at /home/runner/work/Playwright/Playwright/tests/Accessibility/pageAccessibility.spec.ts:34:20

    attachment #1: screenshot (image/png) ──────────────────────────────────────────────────────────
    test-results/Accessibility-pageAccessib-bc5d8-ity-By-Page-Check-tab-order-webkit/test-failed-1.png
    ────────────────────────────────────────────────────────────────────────────────────────────────

    attachment #2: video (video/webm) ──────────────────────────────────────────────────────────────
    test-results/Accessibility-pageAccessib-bc5d8-ity-By-Page-Check-tab-order-webkit/video.webm
    ────────────────────────────────────────────────────────────────────────────────────────────────

    attachment #3: trace (application/zip) ─────────────────────────────────────────────────────────
    test-results/Accessibility-pageAccessib-bc5d8-ity-By-Page-Check-tab-order-webkit/trace.zip
    Usage:

        npx playwright show-trace test-results/Accessibility-pageAccessib-bc5d8-ity-By-Page-Check-tab-order-webkit/trace.zip

    ────────────────────────────────────────────────────────────────────────────────────────────────
]]>
</failure>
<system-out>
<![CDATA[
[[ATTACHMENT|../test-results/Accessibility-pageAccessib-bc5d8-ity-By-Page-Check-tab-order-webkit/test-failed-1.png]]

[[ATTACHMENT|../test-results/Accessibility-pageAccessib-bc5d8-ity-By-Page-Check-tab-order-webkit/video.webm]]

[[ATTACHMENT|../test-results/Accessibility-pageAccessib-bc5d8-ity-By-Page-Check-tab-order-webkit/trace.zip]]
]]>
</system-out>
</testcase>
<testcase name="Test Accessibility By Page › Check alt text &amp; aria-label" classname="Accessibility/pageAccessibility.spec.ts" time="0.408">
<properties>
<property name="Go To" value="Go to: undefined">
</property>
</properties>
<failure message="pageAccessibility.spec.ts:42:9 Check alt text &amp; aria-label" type="FAILURE">
<![CDATA[  [webkit] › Accessibility/pageAccessibility.spec.ts:42:9 › Test Accessibility By Page › Check alt text & aria-label 

    Error: page.goto: url: expected string, got undefined

      46 |         const altHelper = new AltHelper(page, keyPage, testInfo);
      47 |         annotationHelper.addAnnotation(AnnotationType.GoTo, 'Go to: ' + pageToTest);
    > 48 |         await page.goto(pageToTest);
         |                    ^
      49 |         //Check that images have alt text attribute
      50 |         await altHelper.checkAltText();
      51 |         //Generate a table with all alt texts

        at /home/runner/work/Playwright/Playwright/tests/Accessibility/pageAccessibility.spec.ts:48:20

    attachment #1: screenshot (image/png) ──────────────────────────────────────────────────────────
    test-results/Accessibility-pageAccessib-e1df0-e-Check-alt-text-aria-label-webkit/test-failed-1.png
    ────────────────────────────────────────────────────────────────────────────────────────────────

    attachment #2: video (video/webm) ──────────────────────────────────────────────────────────────
    test-results/Accessibility-pageAccessib-e1df0-e-Check-alt-text-aria-label-webkit/video.webm
    ────────────────────────────────────────────────────────────────────────────────────────────────

    attachment #3: trace (application/zip) ─────────────────────────────────────────────────────────
    test-results/Accessibility-pageAccessib-e1df0-e-Check-alt-text-aria-label-webkit/trace.zip
    Usage:

[...]
<property name="Go To" value="Go to the servers page: &quot;https://effizientedemo.azurewebsites.net/Security/servers&quot;">
</property>
<property name="InputText" value="Fill &quot;key:&quot; with the value: &quot;625384&quot;">
</property>
<property name="InputText" value="Fill &quot;Name:&quot; with the value: &quot;Herman, Mante and Jerde&quot;">
</property>
<property name="InputText" value="Fill &quot;Url:&quot; with the value: &quot;https://superior-packaging.net&quot;">
</property>
<property name="Button" value="Click: &quot;Save&quot;">
</property>
<property name="Assert" value="Success message is visible">
</property>
<property name="Assert" value="Server with the key: &quot;625384&quot; exists in the table">
</property>
<property name="Assert" value="The server name for the key: &quot;625384&quot; is: &quot;Herman, Mante and Jerde&quot;">
</property>
<property name="Assert" value="The server url for the key: &quot;625384&quot; is: &quot;https://superior-packaging.net&quot;">
</property>
</properties>
<system-out>
<![CDATA[index:2
]]>
</system-out>
</testcase>
</testsuite>
<testsuite name="Basic/login.spec.ts" timestamp="2024-06-22T03:54:53.677Z" hostname="webkit" tests="1" failures="0" skipped="0" time="1.772" errors="0">
<testcase name="Login › Login with valid user load inventory page" classname="Basic/login.spec.ts" time="1.772">
<properties>
<property name="Go To" value="Go to the page: &quot;https://www.saucedemo.com&quot;">
</property>
<property name="InputText" value="Fill &quot;Username:&quot; with the value: &quot;standard_user&quot;">
</property>
<property name="InputPassword" value="Fill: &quot;Password with value: *****&quot;">
</property>
<property name="Button" value="Click: &quot;Login&quot;">
</property>
<property name="Assert" value="Check URL Page is equal to: &quot;https://www.saucedemo.com/inventory.html&quot;">
</property>
</properties>
</testcase>
</testsuite>
<testsuite name="Basic/menu.spec.ts" timestamp="2024-06-22T03:54:53.677Z" hostname="webkit" tests="2" failures="0" skipped="0" time="15.948" errors="0">
<testcase name="Normal user › Should returns user menu" classname="Basic/menu.spec.ts" time="9.808">
<properties>
<property name="Go To" value="Go to the page: &quot;https://effizientedemo.azurewebsites.net/AccountsReceivable/dashboard&quot;">
</property>
<property name="PirmeFacesMenu" value="Get top menus">
</property>
<property name="Assert" value="Menu are equal to: &quot;AccountsReceivable,Config&quot;">
</property>
</properties>
</testcase>
<testcase name="Admin user › Should returns admin menu" classname="Basic/menu.spec.ts" time="6.14">
<properties>
<property name="Go To" value="Go to the page: &quot;https://effizientedemo.azurewebsites.net/AccountsReceivable/dashboard&quot;">
</property>
<property name="PirmeFacesMenu" value="Get top menus">
</property>
<property name="Assert" value="Menu are equal to: &quot;AccountsReceivable,Security,Config&quot;">
</property>
</properties>
</testcase>
</testsuite>
<testsuite name="Excel/exportServers.spec.ts" timestamp="2024-06-22T03:54:53.677Z" hostname="webkit" tests="1" failures="0" skipped="0" time="3.804" errors="0">
<testcase name="Servers › Should export servers to excel" classname="Excel/exportServers.spec.ts" time="3.804">
<properties>
<property name="Go To" value="Go to the servers page: &quot;https://effizientedemo.azurewebsites.net/Security/servers&quot;">
</property>
<property name="ButtonExcel" value="Click: &quot;Export to Excel&quot;">
</property>
<property name="Assert" value="The excel file rows are equal to the grid rows">
</property>
</properties>
<system-out>
<![CDATA[
[[ATTACHMENT|../test-results/Excel-exportServers-Servers-Should-export-servers-to-excel-webkit/attachments/servers-xlsx-b45414d1440b649c23868d9b19e0f22e5f012826.xlsx]]
]]>
</system-out>
</testcase>
</testsuite>
<testsuite name="Fixture-LambdaTest/loginLambdaTestFixture.spec.ts" timestamp="2024-06-22T03:54:53.677Z" hostname="webkit" tests="1" failures="0" skipped="0" time="0.991" errors="0">
<testcase name="Login › Login with valid user load inventory page" classname="Fixture-LambdaTest/loginLambdaTestFixture.spec.ts" time="0.991">
<properties>
<property name="Go To" value="Go to the page: &quot;https://www.saucedemo.com&quot;">
</property>
<property name="InputText" value="Fill &quot;Username:&quot; with the value: &quot;standard_user&quot;">
</property>
<property name="InputPassword" value="Fill: &quot;Password with value: *****&quot;">
</property>
<property name="Button" value="Click: &quot;Login&quot;">
</property>
<property name="Assert" value="Check URL Page equal to: &quot;https://www.saucedemo.com/inventory.html&quot;">
</property>
</properties>
</testcase>
</testsuite>
<testsuite name="Locale&amp;Geo/bingMaps.spec.ts" timestamp="2024-06-22T03:54:53.677Z" hostname="webkit" tests="1" failures="1" skipped="0" time="42.411" errors="0">
<testcase name="Geo Location Test › The bing maps is located to munich" classname="Locale&amp;Geo/bingMaps.spec.ts" time="42.411">
<properties>
<property name="Go To" value="Go to the page: &quot;https://www.bing.com/maps&quot;">
</property>
<property name="Button" value="Click: &quot;button.locateMeBtn&quot;">
</property>
<property name="Assert" value="Geo name is equal to:GermanyBavariaMunich (District)">
</property>
</properties>
<failure message="bingMaps.spec.ts:12:9 The bing maps is located to munich" type="FAILURE">
<![CDATA[  [webkit] › Locale&Geo/bingMaps.spec.ts:12:9 › Geo Location Test › The bing maps is located to munich 

    Error: Geo name is equal to:GermanyBavariaMunich (District)

    Timed out 10000ms waiting for expect(locator).toHaveText(expected)

    Locator: locator('.geochainContainer')
    Expected string: "GermanyBavariaMunich (District)"
    Received string: ""
    Call log:
      - Geo name is equal to:GermanyBavariaMunich (District) with timeout 10000ms
      - waiting for locator('.geochainContainer')
      -   locator resolved to <div class="geochainContainer">…</div>
      -   unexpected value ""
      -   locator resolved to <div class="geochainContainer">…</div>
      -   unexpected value ""
      -   locator resolved to <div class="geochainContainer">…</div>
      -   unexpected value ""
      -   locator resolved to <div class="geochainContainer">…</div>
      -   unexpected value ""
      -   locator resolved to <div class="geochainContainer">…</div>
      -   unexpected value ""
      -   locator resolved to <div class="geochainContainer">…</div>
      -   unexpected value ""
      -   locator resolved to <div class="geochainContainer">…</div>
      -   unexpected value ""
      -   locator resolved to <div class="geochainContainer">…</div>
      -   unexpected value ""
      -   locator resolved to <div class="geochainContainer">…</div>
      -   unexpected value ""
      -   locator resolved to <div class="geochainContainer">…</div>
      -   unexpected value ""
      -   locator resolved to <div class="geochainContainer">…</div>
      -   unexpected value ""
      -   locator resolved to <div class="geochainContainer">…</div>
      -   unexpected value ""


      21 |         bingMapsPage.addAnnotation(AnnotationType.Assert, assertionDescription);
      22 |         //Check the current geolocation label is set to Munich
    > 23 |         await expect(bingMapsPage.geoName.locator, assertionDescription).toHaveText(geoName);
         |                                                                          ^
      24 |     });
      25 | });

        at /home/runner/work/Playwright/Playwright/tests/Locale&Geo/bingMaps.spec.ts:23:74

    attachment #1: screenshot (image/png) ──────────────────────────────────────────────────────────
    test-results/Locale&Geo-bingMaps-Geo-Lo-ec629-g-maps-is-located-to-munich-webkit/test-failed-1.png
    ────────────────────────────────────────────────────────────────────────────────────────────────

    attachment #2: screenshot (image/png) ──────────────────────────────────────────────────────────
    test-results/Locale&Geo-bingMaps-Geo-Lo-ec629-g-maps-is-located-to-munich-webkit/test-failed-2.png
    ────────────────────────────────────────────────────────────────────────────────────────────────

    attachment #3: video (video/webm) ──────────────────────────────────────────────────────────────
    test-results/Locale&Geo-bingMaps-Geo-Lo-ec629-g-maps-is-located-to-munich-webkit/video.webm
    ────────────────────────────────────────────────────────────────────────────────────────────────

    attachment #4: trace (application/zip) ─────────────────────────────────────────────────────────
    test-results/Locale&Geo-bingMaps-Geo-Lo-ec629-g-maps-is-located-to-munich-webkit/trace.zip
    Usage:

        npx playwright show-trace test-results/Locale&Geo-bingMaps-Geo-Lo-ec629-g-maps-is-located-to-munich-webkit/trace.zip

    ────────────────────────────────────────────────────────────────────────────────────────────────

    Retry #1 ───────────────────────────────────────────────────────────────────────────────────────

    Error: Geo name is equal to:GermanyBavariaMunich (District)

    Timed out 10000ms waiting for expect(locator).toHaveText(expected)

    Locator: locator('.geochainContainer')
    Expected string: "GermanyBavariaMunich (District)"
    Received string: ""
    Call log:
      - Geo name is equal to:GermanyBavariaMunich (District) with timeout 10000ms
      - waiting for locator('.geochainContainer')
      -   locator resolved to <div class="geochainContainer">…</div>
      -   unexpected value ""
      -   locator resolved to <div class="geochainContainer">…</div>
      -   unexpected value ""
      -   locator resolved to <div class="geochainContainer">…</div>
      -   unexpected value ""
      -   locator resolved to <div class="geochainContainer">…</div>
      -   unexpected value ""
      -   locator resolved to <div class="geochainContainer">…</div>
      -   unexpected value ""
      -   locator resolved to <div class="geochainContainer">…</div>
      -   unexpected value ""
      -   locator resolved to <div class="geochainContainer">…</div>
      -   unexpected value ""
      -   locator resolved to <div class="geochainContainer">…</div>
      -   unexpected value ""
      -   locator resolved to <div class="geochainContainer">…</div>
      -   unexpected value ""
      -   locator resolved to <div class="geochainContainer">…</div>
      -   unexpected value ""
      -   locator resolved to <div class="geochainContainer">…</div>
      -   unexpected value ""
      -   locator resolved to <div class="geochainContainer">…</div>
      -   unexpected value ""


      21 |         bingMapsPage.addAnnotation(AnnotationType.Assert, assertionDescription);
      22 |         //Check the current geolocation label is set to Munich
    > 23 |         await expect(bingMapsPage.geoName.locator, assertionDescription).toHaveText(geoName);
         |                                                                          ^
      24 |     });
      25 | });

        at /home/runner/work/Playwright/Playwright/tests/Locale&Geo/bingMaps.spec.ts:23:74

    attachment #1: video (video/webm) ──────────────────────────────────────────────────────────────
    test-results/Locale&Geo-bingMaps-Geo-Lo-ec629-g-maps-is-located-to-munich-webkit-retry1/video.webm
    ────────────────────────────────────────────────────────────────────────────────────────────────

    attachment #2: trace (application/zip) ─────────────────────────────────────────────────────────
    test-results/Locale&Geo-bingMaps-Geo-Lo-ec629-g-maps-is-located-to-munich-webkit-retry1/trace.zip
    Usage:

        npx playwright show-trace test-results/Locale&Geo-bingMaps-Geo-Lo-ec629-g-maps-is-located-to-munich-webkit-retry1/trace.zip

    ────────────────────────────────────────────────────────────────────────────────────────────────
]]>
</failure>
<system-out>
<![CDATA[
[[ATTACHMENT|../test-results/Locale&Geo-bingMaps-Geo-Lo-ec629-g-maps-is-located-to-munich-webkit/test-failed-1.png]]

[[ATTACHMENT|../test-results/Locale&Geo-bingMaps-Geo-Lo-ec629-g-maps-is-located-to-munich-webkit/test-failed-2.png]]

[[ATTACHMENT|../test-results/Locale&Geo-bingMaps-Geo-Lo-ec629-g-maps-is-located-to-munich-webkit/video.webm]]

[[ATTACHMENT|../test-results/Locale&Geo-bingMaps-Geo-Lo-ec629-g-maps-is-located-to-munich-webkit/trace.zip]]

[[ATTACHMENT|../test-results/Locale&Geo-bingMaps-Geo-Lo-ec629-g-maps-is-located-to-munich-webkit-retry1/video.webm]]

[[ATTACHMENT|../test-results/Locale&Geo-bingMaps-Geo-Lo-ec629-g-maps-is-located-to-munich-webkit-retry1/trace.zip]]
]]>
</system-out>
</testcase>
</testsuite>
<testsuite name="Locale&amp;Geo/searchLocale.spec.ts" timestamp="2024-06-22T03:54:53.677Z" hostname="webkit" tests="1" failures="0" skipped="0" time="2.542" errors="0">
<testcase name="Locale translations › Translations with locale and time zone id" classname="Locale&amp;Geo/searchLocale.spec.ts" time="2.542">
<properties>
<property name="Go To" value="Go to the page: &quot;https://www.google.com&quot;">
</property>
<property name="Assert" value="Search button text is equal to: &quot;Buscar con Google&quot;">
</property>
</properties>
</testcase>
</testsuite>
<testsuite name="Synthetic/login.spec.ts" timestamp="2024-06-22T03:54:53.677Z" hostname="webkit" tests="1" failures="1" skipped="0" time="7.296" errors="0">
<testcase name="Synthetic login testing › Should show dashboard" classname="Synthetic/login.spec.ts" time="7.296">
<failure message="login.spec.ts:6:9 Should show dashboard" type="FAILURE">
<![CDATA[  [webkit] › Synthetic/login.spec.ts:6:9 › Synthetic login testing › Should show dashboard ─────────

    Error: locator.fill: value: expected string, got undefined

       7 |         await page.goto('https://effizientedemo.azurewebsites.net');
       8 |         await page.getByLabel('Company').fill(process.env.EFFIZIENTE_COMPANY!);
    >  9 |         await page.getByLabel('User').fill(process.env.NORMAL_USER!);
         |                                       ^
      10 |         await page.getByPlaceholder('Password').fill(process.env.NORMAL_PASSWORD!);
      11 |         await page.getByRole('button', { name: 'Login' }).click();
      12 |         await page.locator('app-card-pie').getByRole('img').click({ timeout: 35_000 });

        at /home/runner/work/Playwright/Playwright/tests/Synthetic/login.spec.ts:9:39

    attachment #1: screenshot (image/png) ──────────────────────────────────────────────────────────
    test-results/Synthetic-login-Synthetic--650bd-sting-Should-show-dashboard-webkit/test-failed-1.png
    ────────────────────────────────────────────────────────────────────────────────────────────────

    attachment #2: video (video/webm) ──────────────────────────────────────────────────────────────
    test-results/Synthetic-login-Synthetic--650bd-sting-Should-show-dashboard-webkit/video.webm
    ────────────────────────────────────────────────────────────────────────────────────────────────

    attachment #3: trace (application/zip) ─────────────────────────────────────────────────────────
    test-results/Synthetic-login-Synthetic--650bd-sting-Should-show-dashboard-webkit/trace.zip
    Usage:

        npx playwright show-trace test-results/Synthetic-login-Synthetic--650bd-sting-Should-show-dashboard-webkit/trace.zip

    ────────────────────────────────────────────────────────────────────────────────────────────────

    Retry #1 ───────────────────────────────────────────────────────────────────────────────────────

    Error: locator.fill: value: expected string, got undefined

       7 |         await page.goto('https://effizientedemo.azurewebsites.net');
       8 |         await page.getByLabel('Company').fill(process.env.EFFIZIENTE_COMPANY!);
    >  9 |         await page.getByLabel('User').fill(process.env.NORMAL_USER!);
         |                                       ^
      10 |         await page.getByPlaceholder('Password').fill(process.env.NORMAL_PASSWORD!);
      11 |         await page.getByRole('button', { name: 'Login' }).click();
      12 |         await page.locator('app-card-pie').getByRole('img').click({ timeout: 35_000 });

        at /home/runner/work/Playwright/Playwright/tests/Synthetic/login.spec.ts:9:39

    attachment #1: screenshot (image/png) ──────────────────────────────────────────────────────────
    test-results/Synthetic-login-Synthetic--650bd-sting-Should-show-dashboard-webkit-retry1/test-failed-1.png
    ────────────────────────────────────────────────────────────────────────────────────────────────

    attachment #2: video (video/webm) ──────────────────────────────────────────────────────────────
    test-results/Synthetic-login-Synthetic--650bd-sting-Should-show-dashboard-webkit-retry1/video.webm
    ────────────────────────────────────────────────────────────────────────────────────────────────

    attachment #3: trace (application/zip) ─────────────────────────────────────────────────────────
    test-results/Synthetic-login-Synthetic--650bd-sting-Should-show-dashboard-webkit-retry1/trace.zip
    Usage:

        npx playwright show-trace test-results/Synthetic-login-Synthetic--650bd-sting-Should-show-dashboard-webkit-retry1/trace.zip

    ────────────────────────────────────────────────────────────────────────────────────────────────
]]>
</failure>
<system-out>
<![CDATA[
[[ATTACHMENT|../test-results/Synthetic-login-Synthetic--650bd-sting-Should-show-dashboard-webkit/test-failed-1.png]]

[[ATTACHMENT|../test-results/Synthetic-login-Synthetic--650bd-sting-Should-show-dashboard-webkit/video.webm]]

[[ATTACHMENT|../test-results/Synthetic-login-Synthetic--650bd-sting-Should-show-dashboard-webkit/trace.zip]]

[[ATTACHMENT|../test-results/Synthetic-login-Synthetic--650bd-sting-Should-show-dashboard-webkit-retry1/test-failed-1.png]]

[[ATTACHMENT|../test-results/Synthetic-login-Synthetic--650bd-sting-Should-show-dashboard-webkit-retry1/video.webm]]

[[ATTACHMENT|../test-results/Synthetic-login-Synthetic--650bd-sting-Should-show-dashboard-webkit-retry1/trace.zip]]
]]>
</system-out>
</testcase>
</testsuite>
<testsuite name="Synthetic/menu.spec.ts" timestamp="2024-06-22T03:54:53.677Z" hostname="webkit" tests="1" failures="0" skipped="0" time="13.835" errors="0">
<testcase name="Synthetic testing › Should show dashboard" classname="Synthetic/menu.spec.ts" time="13.835">
<properties>
<property name="Navigation" value="Go to:https://effizientedemo.azurewebsites.net">
</property>
</properties>
</testcase>
</testsuite>
<testsuite name="VisualTesting/dashboard.spec.ts" timestamp="2024-06-22T03:54:53.677Z" hostname="webkit" tests="1" failures="0" skipped="0" time="8.664" errors="0">
<testcase name="Check Dashboard › Should show dashboard" classname="VisualTesting/dashboard.spec.ts" time="8.664">
<properties>
<property name="Mock" value="Modify the summary with fixed data">
</property>
<property name="Mock" value="Modify the &quot;Sumary Expiration&quot; with fixed data">
</property>
<property name="Mock" value="Modify the &quot;Top 5 delay&quot; with fixed data">
</property>
<property name="Mock" value="Modify the &quot;Top 5 total&quot; with fixed data">
</property>
<property name="Mock" value="Modify the &quot;Top 5 type&quot; with fixed data">
</property>
<property name="Mock" value="Modify the &quot;Top 10 Limit 1&quot; with fixed data">
</property>
<property name="Mock" value="Modify the &quot;Top 10 Limit 2&quot; with fixed data">
</property>
<property name="Mock" value="Modify the &quot;Top 10 Limit 3&quot; with fixed data">
</property>
<property name="Mock" value="Modify the &quot;Top 10 To Expire&quot; with fixed data">
</property>
<property name="Go To" value="Go to the page: &quot;https://effizientedemo.azurewebsites.net/AccountsReceivable/dashboard&quot;">
</property>
<property name="Step" value="Compare snapshot: dashboard.png with maxDiffPixelsRatio: 0.1">
</property>
</properties>
</testcase>
</testsuite>
</testsuites>