<testsuites id="" name="" tests="39" failures="0" skipped="2" errors="0" time="122.764111">
<testsuite name="SauceDemo/loginLambdaTestFixture.spec.ts" timestamp="2024-05-11T03:52:51.224Z" hostname="chrome:latest:MacOS Catalina@lambdatest" tests="1" failures="0" skipped="0" time="8.973" errors="0">
<testcase name="Login › Login with valid user load inventory page" classname="SauceDemo/loginLambdaTestFixture.spec.ts" time="8.973">
<properties>
<property name="Go To" value="Go to the page: &quot;https://www.saucedemo.com&quot;">
</property>
<property name="InputText" value="Fill &quot;Username:&quot; with the value: &quot;standard_user&quot;">
</property>
<property name="InputPassword" value="Fill: &quot;Password with value: *****&quot;">
</property>
<property name="Button" value="Click: &quot;Login&quot;">
</property>
<property name="Assert" value="Check URL Page equal to: &quot;https://www.saucedemo.com/inventory.html&quot;">
</property>
</properties>
</testcase>
</testsuite>
<testsuite name="SauceDemo/loginLambdaTestFixture.spec.ts" timestamp="2024-05-11T03:52:51.224Z" hostname="pw-webkit:latest:MacOS Monterey@lambdatest" tests="1" failures="0" skipped="0" time="4.558" errors="0">
<testcase name="Login › Login with valid user load inventory page" classname="SauceDemo/loginLambdaTestFixture.spec.ts" time="4.558">
<properties>
<property name="Go To" value="Go to the page: &quot;https://www.saucedemo.com&quot;">
</property>
<property name="InputText" value="Fill &quot;Username:&quot; with the value: &quot;standard_user&quot;">
</property>
<property name="InputPassword" value="Fill: &quot;Password with value: *****&quot;">
</property>
<property name="Button" value="Click: &quot;Login&quot;">
</property>
<property name="Assert" value="Check URL Page equal to: &quot;https://www.saucedemo.com/inventory.html&quot;">
</property>
</properties>
</testcase>
</testsuite>
<testsuite name="SauceDemo/loginLambdaTestFixture.spec.ts" timestamp="2024-05-11T03:52:51.224Z" hostname="chrome:latest:Windows 10@lambdatest" tests="1" failures="0" skipped="0" time="20.594" errors="0">
<testcase name="Login › Login with valid user load inventory page" classname="SauceDemo/loginLambdaTestFixture.spec.ts" time="20.594">
<properties>
<property name="Go To" value="Go to the page: &quot;https://www.saucedemo.com&quot;">
</property>
<property name="InputText" value="Fill &quot;Username:&quot; with the value: &quot;standard_user&quot;">
</property>
<property name="InputPassword" value="Fill: &quot;Password with value: *****&quot;">
</property>
<property name="Button" value="Click: &quot;Login&quot;">
</property>
<property name="Assert" value="Check URL Page equal to: &quot;https://www.saucedemo.com/inventory.html&quot;">
</property>
</properties>
</testcase>
</testsuite>
<testsuite name="Effiziente/AI-ZeroStep/login.spec.ts" timestamp="2024-05-11T03:52:51.224Z" hostname="chromium" tests="1" failures="0" skipped="0" time="5.55" errors="0">
<testcase name="AI Zero Step › Should show dashboard after login" classname="Effiziente/AI-ZeroStep/login.spec.ts" time="5.55">
</testcase>
</testsuite>
<testsuite name="Effiziente/Api/servers.spec.ts" timestamp="2024-05-11T03:52:51.224Z" hostname="chromium" tests="2" failures="0" skipped="0" time="5.098" errors="0">
<testcase name="Servers › Should add a server" classname="Effiziente/Api/servers.spec.ts" time="2.235">
<properties>
<property name="Go To" value="Go to the servers page: &quot;https://effizientedemo.azurewebsites.net/Security/servers&quot;">
</property>
<property name="Button" value="Click: &quot;Add&quot;">
</property>
<property name="InputText" value="Fill &quot;Key:&quot; with the value: &quot;10832&quot;">
</property>
<property name="InputText" value="Fill &quot;Name:&quot; with the value: &quot;Herzog Group&quot;">
</property>
<property name="InputText" value="Fill &quot;Url:&quot; with the value: &quot;https://improbable-revenant.org&quot;">
</property>
<property name="Button" value="Click: &quot;Save&quot;">
</property>
<property name="Assert" value="Success message is visible">
</property>
<property name="Assert" value="Server id should be a number greater than 1">
</property>
<property name="Assert" value="Row with the key: 10832 exists">
</property>
<property name="Assert" value="The server name for the key: &quot;10832&quot; is: &quot;Herzog Group&quot;">
</property>
<property name="Assert" value="The server name for the key: &quot;10832&quot; is: &quot;Herzog Group&quot;">
</property>
</properties>
<system-out>
<![CDATA[index:2
]]>
</system-out>
</testcase>
<testcase name="Servers › Should edit a server" classname="Effiziente/Api/servers.spec.ts" time="2.863">
<properties>
<property name="Go To" value="Go to the servers page: &quot;https://effizientedemo.azurewebsites.net/Security/servers&quot;">
</property>
<property name="Step" value="Create server with API">
</property>
<property name="Go To" value="Go to the servers page: &quot;https://effizientedemo.azurewebsites.net/Security/servers&quot;">
</property>
<property name="InputText" value="Fill &quot;key:&quot; with the value: &quot;49972&quot;">
</property>
<property name="InputText" value="Fill &quot;Name:&quot; with the value: &quot;Emmerich - Orn&quot;">
</property>
<property name="InputText" value="Fill &quot;Url:&quot; with the value: &quot;https://oval-reduction.org/&quot;">
</property>
<property name="Button" value="Click: &quot;Save&quot;">
</property>
<property name="Assert" value="Success message is visible">
</property>
<property name="Assert" value="Row with the key: 49972 exists">
</property>
<property name="Assert" value="The server name for the key: &quot;49972&quot; is: &quot;Emmerich - Orn&quot;">
</property>
<property name="Assert" value="The server name for the key: &quot;49972&quot; is: &quot;Emmerich - Orn&quot;">
</property>
</properties>
<system-out>
<![CDATA[index:2
]]>
</system-out>
</testcase>
</testsuite>
<testsuite name="Effiziente/dashboard.spec.ts" timestamp="2024-05-11T03:52:51.224Z" hostname="chromium" tests="1" failures="0" skipped="0" time="2.269" errors="0">
<testcase name="Check Dashboard › Should show dashboard" classname="Effiziente/dashboard.spec.ts" time="2.269">
<properties>
<property name="Mock" value="Modify the summary with fixed data">
</property>
<property name="Mock" value="Modify the &quot;Sumary Expiration&quot; with fixed data">
</property>
<property name="Mock" value="Modify the &quot;Top 5 delay&quot; with fixed data">
</property>
<property name="Mock" value="Modify the &quot;Top 5 total&quot; with fixed data">
</property>
<property name="Mock" value="Modify the &quot;Top 5 type&quot; with fixed data">
</property>
<property name="Mock" value="Modify the &quot;Top 10 Limit 1&quot; with fixed data">
</property>
<property name="Mock" value="Modify the &quot;Top 10 Limit 2&quot; with fixed data">
</property>
<property name="Mock" value="Modify the &quot;Top 10 Limit 3&quot; with fixed data">
</property>
<property name="Mock" value="Modify the &quot;Top 10 To Expire&quot; with fixed data">
</property>
<property name="Go To" value="Go to the page: &quot;https://effizientedemo.azurewebsites.net/AccountsReceivable/dashboard&quot;">
</property>
<property name="Step" value="Compare snapshot: dashboard.png with maxDiffPixelsRatio: 0.1">
</property>
</properties>
</testcase>
</testsuite>
<testsuite name="Effiziente/Excel/exportServers.spec.ts" timestamp="2024-05-11T03:52:51.224Z" hostname="chromium" tests="1" failures="0" skipped="0" time="1.463" errors="0">
<testcase name="Servers › Should export servers to excel" classname="Effiziente/Excel/exportServers.spec.ts" time="1.463">
<properties>
<property name="Go To" value="Go to the servers page: &quot;https://effizientedemo.azurewebsites.net/Security/servers&quot;">
</property>
<property name="ButtonExcel" value="Click: &quot;Export to Excel&quot;">
</property>
<property name="Assert" value="The excel file rows are equal to the grid rows">
</property>
</properties>
</testcase>
</testsuite>
<testsuite name="Effiziente/menu.spec.ts" timestamp="2024-05-11T03:52:51.224Z" hostname="chromium" tests="2" failures="0" skipped="0" time="16.077" errors="0">
<testcase name="Normal user › Should returns user menu" classname="Effiziente/menu.spec.ts" time="2.133">
<properties>
<property name="Go To" value="Go to the page: &quot;https://effizientedemo.azurewebsites.net/AccountsReceivable/dashboard&quot;">
</property>
<property name="PirmeFacesMenu" value="Get top menus">
</property>
<property name="Assert" value="Menu is equal to: AccountsReceivable,Config">
</property>
</properties>
</testcase>
<testcase name="Admin user › Should returns admin menu" classname="Effiziente/menu.spec.ts" time="13.944">
<properties>
<property name="Go To" value="Go to the page: &quot;https://effizientedemo.azurewebsites.net/AccountsReceivable/dashboard&quot;">
</property>
<property name="PirmeFacesMenu" value="Get top menus">
</property>
<property name="Assert" value="Menu is equal to:AccountsReceivable,Security,Config">
</property>
</properties>
</testcase>
</testsuite>
<testsuite name="Effiziente/Synthetic/login.spec.ts" timestamp="2024-05-11T03:52:51.224Z" hostname="chromium" tests="1" failures="0" skipped="0" time="13.322" errors="0">
<testcase name="Synthetic login testing › Should show dashboard" classname="Effiziente/Synthetic/login.spec.ts" time="13.322">
</testcase>
</testsuite>
<testsuite name="Effiziente/Synthetic/menu.spec.ts" timestamp="2024-05-11T03:52:51.224Z" hostname="chromium" tests="1" failures="0" skipped="0" time="4.096" errors="0">
<testcase name="Synthetic testing › Should show dashboard" classname="Effiziente/Synthetic/menu.spec.ts" time="4.096">
<properties>
<property name="Navigation" value="Go to:https://effizientedemo.azurewebsites.net">
</property>
</properties>
</testcase>
</testsuite>
<testsuite name="Google/searchLocale.spec.ts" timestamp="2024-05-11T03:52:51.224Z" hostname="chromium" tests="1" failures="0" skipped="0" time="1.696" errors="0">
<testcase name="Locale translations › Translations with locale and time zone id" classname="Google/searchLocale.spec.ts" time="1.696">
<properties>
<property name="Go To" value="Go to the page: &quot;https://www.google.com&quot;">
</property>
<property name="Assert" value="Search button text is equal to: &quot;Buscar con Google&quot;">
</property>
</properties>
</testcase>
</testsuite>
<testsuite name="SauceDemo/login.spec.ts" timestamp="2024-05-11T03:52:51.224Z" hostname="chromium" tests="1" failures="0" skipped="0" time="0.856" errors="0">
<testcase name="Login › Login with valid user load inventory page" classname="SauceDemo/login.spec.ts" time="0.856">
<properties>
<property name="Go To" value="Go to the page: &quot;https://www.saucedemo.com&quot;">
</property>
<property name="InputText" value="Fill &quot;Username:&quot; with the value: &quot;standard_user&quot;">
</property>
<property name="InputPassword" value="Fill: &quot;Password with value: *****&quot;">
</property>
<property name="Button" value="Click: &quot;Login&quot;">
</property>
<property name="Assert" value="Check URL Page equal to: &quot;https://www.saucedemo.com/inventory.html&quot;">
</property>
</properties>
</testcase>
</testsuite>
<testsuite name="SauceDemo/loginLambdaTestFixture.spec.ts" timestamp="2024-05-11T03:52:51.224Z" hostname="chromium" tests="1" failures="0" skipped="0" time="1.139" errors="0">
<testcase name="Login › Login with valid user load inventory page" classname="SauceDemo/loginLambdaTestFixture.spec.ts" time="1.139">
<properties>
<property name="Go To" value="Go to the page: &quot;https://www.saucedemo.com&quot;">
</property>
<property name="InputText" value="Fill &quot;Username:&quot; with the value: &quot;standard_user&quot;">
</property>
<property name="InputPassword" value="Fill: &quot;Password with value: *****&quot;">
</property>
<property name="Button" value="Click: &quot;Login&quot;">
</property>
<property name="Assert" value="Check URL Page equal to: &quot;https://www.saucedemo.com/inventory.html&quot;">
</property>
</properties>
</testcase>
</testsuite>
<testsuite name="Effiziente/AI-ZeroStep/login.spec.ts" timestamp="2024-05-11T03:52:51.224Z" hostname="firefox" tests="1" failures="0" skipped="1" time="1.031" errors="0">
<testcase name="AI Zero Step › Should show dashboard after login" classname="Effiziente/AI-ZeroStep/login.spec.ts" time="1.031">
<properties>
<property name="skip" value="Zero Steps only works in chromium">
</property>
</properties>
<skipped>
</skipped>
</testcase>
</testsuite>
<testsuite name="Effiziente/Api/servers.spec.ts" timestamp="2024-05-11T03:52:51.224Z" hostname="firefox" tests="2" failures="0" skipped="0" time="14.495" errors="0">
<testcase name="Servers › Should add a server" classname="Effiziente/Api/servers.spec.ts" time="9.763">
<properties>
<property name="Go To" value="Go to the servers page: &quot;https://effizientedemo.azurewebsites.net/Security/servers&quot;">
</property>
<property name="Button" value="Click: &quot;Add&quot;">
</property>
<property name="InputText" value="Fill &quot;Key:&quot; with the value: &quot;825534&quot;">
</property>
<property name="InputText" value="Fill &quot;Name:&quot; with the value: &quot;Hilll Inc&quot;">
</property>
<property name="InputText" value="Fill &quot;Url:&quot; with the value: &quot;https://menacing-neon.biz&quot;">
</property>
<property name="Button" value="Click: &quot;Save&quot;">
</property>
<property name="Assert" value="Success message is visible">
</property>
<property name="Assert" value="Server id should be a number greater than 1">
</property>
<property name="Assert" value="Row with the key: 825534 exists">
</property>
<property name="Assert" value="The server name for the key: &quot;825534&quot; is: &quot;Hilll Inc&quot;">
</property>
<property name="Assert" value="The server name for the key: &quot;825534&quot; is: &quot;Hilll Inc&quot;">
</property>
</properties>
<system-out>
<![CDATA[
[[ATTACHMENT|../test-results/Effiziente-Api-servers-Servers-Should-add-a-server-firefox/test-failed-1.png]]

[[ATTACHMENT|../test-results/Effiziente-Api-servers-Servers-Should-add-a-server-firefox/video.webm]]

[[ATTACHMENT|../test-results/Effiziente-Api-servers-Servers-Should-add-a-server-firefox/trace.zip]]
index:2
]]>
</system-out>
</testcase>
<testcase name="Servers › Should edit a server" classname="Effiziente/Api/servers.spec.ts" time="4.732">
<properties>
<property name="Go To" value="Go to the servers page: &quot;https://effizientedemo.azurewebsites.net/Security/servers&quot;">
</property>
<property name="Step" value="Create server with API">
</property>
<property name="Go To" value="Go to the servers page: &quot;https://effizientedemo.azurewebsites.net/Security/servers&quot;">
</property>
<property name="InputText" value="Fill &quot;key:&quot; with the value: &quot;893929&quot;">
</property>
<property name="InputText" value="Fill &quot;Name:&quot; with the value: &quot;Haley, Kassulke and Goyette&quot;">
</property>
<property name="InputText" value="Fill &quot;Url:&quot; with the value: &quot;https://stupendous-rutabaga.info/&quot;">
</property>
<property name="Button" value="Click: &quot;Save&quot;">
</property>
<property name="Assert" value="Success message is visible">
</property>
<property name="Assert" value="Row with the key: 893929 exists">
</property>
<property name="Assert" value="The server name for the key: &quot;893929&quot; is: &quot;Haley, Kassulke and Goyette&quot;">
</property>
<property name="Assert" value="The server name for the key: &quot;893929&quot; is: &quot;Haley, Kassulke and Goyette&quot;">
</property>
</properties>
<system-out>
<![CDATA[index:2
]]>
</system-out>
</testcase>
</testsuite>
<testsuite name="Effiziente/dashboard.spec.ts" timestamp="2024-05-11T03:52:51.224Z" hostname="firefox" tests="1" failures="0" skipped="0" time="2.861" errors="0">
<testcase name="Check Dashboard › Should show dashboard" classname="Effiziente/dashboard.spec.ts" time="2.861">
<properties>
<property name="Mock" value="Modify the summary with fixed data">
</property>
<property name="Mock" value="Modify the &quot;Sumary Expiration&quot; with fixed data">
</property>
<property name="Mock" value="Modify the &quot;Top 5 delay&quot; with fixed data">
</property>
<property name="Mock" value="Modify the &quot;Top 5 total&quot; with fixed data">
</property>
<property name="Mock" value="Modify the &quot;Top 5 type&quot; with fixed data">
</property>
<property name="Mock" value="Modify the &quot;Top 10 Limit 1&quot; with fixed data">
</property>
<property name="Mock" value="Modify the &quot;Top 10 Limit 2&quot; with fixed data">
</property>
<property name="Mock" value="Modify the &quot;Top 10 Limit 3&quot; with fixed data">
</property>
<property name="Mock" value="Modify the &quot;Top 10 To Expire&quot; with fixed data">
</property>
<property name="Go To" value="Go to the page: &quot;https://effizientedemo.azurewebsites.net/AccountsReceivable/dashboard&quot;">
</property>
<property name="Step" value="Compare snapshot: dashboard.png with maxDiffPixelsRatio: 0.1">
</property>
</properties>
</testcase>
</testsuite>
<testsuite name="Effiziente/Excel/exportServers.spec.ts" timestamp="2024-05-11T03:52:51.224Z" hostname="firefox" tests="1" failures="0" skipped="0" time="2.907" errors="0">
<testcase name="Servers › Should export servers to excel" classname="Effiziente/Excel/exportServers.spec.ts" time="2.907">
<properties>
<property name="Go To" value="Go to the servers page: &quot;https://effizientedemo.azurewebsites.net/Security/servers&quot;">
</property>
<property name="ButtonExcel" value="Click: &quot;Export to Excel&quot;">
</property>
<property name="Assert" value="The excel file rows are equal to the grid rows">
</property>
</properties>
</testcase>
</testsuite>
<testsuite name="Effiziente/menu.spec.ts" timestamp="2024-05-11T03:52:51.224Z" hostname="firefox" tests="2" failures="0" skipped="0" time="6.534" errors="0">
<testcase name="Normal user › Should returns user menu" classname="Effiziente/menu.spec.ts" time="3.442">
<properties>
<property name="Go To" value="Go to the page: &quot;https://effizientedemo.azurewebsites.net/AccountsReceivable/dashboard&quot;">
</property>
<property name="PirmeFacesMenu" value="Get top menus">
</property>
<property name="Assert" value="Menu is equal to: AccountsReceivable,Config">
</property>
</properties>
</testcase>
<testcase name="Admin user › Should returns admin menu" classname="Effiziente/menu.spec.ts" time="3.092">
<properties>
<property name="Go To" value="Go to the page: &quot;https://effizientedemo.azurewebsites.net/AccountsReceivable/dashboard&quot;">
</property>
<property name="PirmeFacesMenu" value="Get top menus">
</property>
<property name="Assert" value="Menu is equal to:AccountsReceivable,Security,Config">
</property>
</properties>
</testcase>
</testsuite>
<testsuite name="Effiziente/Synthetic/login.spec.ts" timestamp="2024-05-11T03:52:51.224Z" hostname="firefox" tests="1" failures="0" skipped="0" time="3.901" errors="0">
<testcase name="Synthetic login testing › Should show dashboard" classname="Effiziente/Synthetic/login.spec.ts" time="3.901">
</testcase>
</testsuite>
<testsuite name="Effiziente/Synthetic/menu.spec.ts" timestamp="2024-05-11T03:52:51.224Z" hostname="firefox" tests="1" failures="0" skipped="0" time="4.225" errors="0">
<testcase name="Synthetic testing › Should show dashboard" classname="Effiziente/Synthetic/menu.spec.ts" time="4.225">
<properties>
<property name="Navigation" value="Go to:https://effizientedemo.azurewebsites.net">
</property>
</properties>
</testcase>
</testsuite>
<testsuite name="Google/searchLocale.spec.ts" timestamp="2024-05-11T03:52:51.224Z" hostname="firefox" tests="1" failures="0" skipped="0" time="1.828" errors="0">
<testcase name="Locale translations › Translations with locale and time zone id" classname="Google/searchLocale.spec.ts" time="1.828">
<properties>
<property name="Go To" value="Go to the page: &quot;https://www.google.com&quot;">
</property>
<property name="Assert" value="Search button text is equal to: &quot;Buscar con Google&quot;">
</property>
</properties>
</testcase>
</testsuite>
<testsuite name="SauceDemo/login.spec.ts" timestamp="2024-05-11T03:52:51.224Z" hostname="firefox" tests="1" failures="0" skipped="0" time="1.295" errors="0">
<testcase name="Login › Login with valid user load inventory page" classname="SauceDemo/login.spec.ts" time="1.295">
<properties>
<property name="Go To" value="Go to the page: &quot;https://www.saucedemo.com&quot;">
</property>
<property name="InputText" value="Fill &quot;Username:&quot; with the value: &quot;standard_user&quot;">
</property>
<property name="InputPassword" value="Fill: &quot;Password with value: *****&quot;">
</property>
<property name="Button" value="Click: &quot;Login&quot;">
</property>
<property name="Assert" value="Check URL Page equal to: &quot;https://www.saucedemo.com/inventory.html&quot;">
</property>
</properties>
</testcase>
</testsuite>
<testsuite name="SauceDemo/loginLambdaTestFixture.spec.ts" timestamp="2024-05-11T03:52:51.224Z" hostname="firefox" tests="1" failures="0" skipped="0" time="0.93" errors="0">
<testcase name="Login › Login with valid user load inventory page" classname="SauceDemo/loginLambdaTestFixture.spec.ts" time="0.93">
<properties>
<property name="Go To" value="Go to the page: &quot;https://www.saucedemo.com&quot;">
</property>
<property name="InputText" value="Fill &quot;Username:&quot; with the value: &quot;standard_user&quot;">
</property>
<property name="InputPassword" value="Fill: &quot;Password with value: *****&quot;">
</property>
<property name="Button" value="Click: &quot;Login&quot;">
</property>
<property name="Assert" value="Check URL Page equal to: &quot;https://www.saucedemo.com/inventory.html&quot;">
</property>
</properties>
</testcase>
</testsuite>
<testsuite name="Effiziente/AI-ZeroStep/login.spec.ts" timestamp="2024-05-11T03:52:51.224Z" hostname="webkit" tests="1" failures="0" skipped="1" time="5.226" errors="0">
<testcase name="AI Zero Step › Should show dashboard after login" classname="Effiziente/AI-ZeroStep/login.spec.ts" time="5.226">
<properties>
<property name="skip" value="Zero Steps only works in chromium">
</property>
</properties>
<skipped>
</skipped>
</testcase>
</testsuite>
<testsuite name="Effiziente/Api/servers.spec.ts" timestamp="2024-05-11T03:52:51.224Z" hostname="webkit" tests="2" failures="0" skipped="0" time="20.377" errors="0">
<testcase name="Servers › Should add a server" classname="Effiziente/Api/servers.spec.ts" time="12.197">
<properties>
<property name="Go To" value="Go to the servers page: &quot;https://effizientedemo.azurewebsites.net/Security/servers&quot;">
</property>
<property name="Button" value="Click: &quot;Add&quot;">
</property>
<property name="InputText" value="Fill &quot;Key:&quot; with the value: &quot;314184&quot;">
</property>
<property name="InputText" value="Fill &quot;Name:&quot; with the value: &quot;Ziemann, Gutmann and Deckow&quot;">
</property>
<property name="InputText" value="Fill &quot;Url:&quot; with the value: &quot;https://kaleidoscopic-bake.info&quot;">
</property>
<property name="Button" value="Click: &quot;Save&quot;">
</property>
<property name="Assert" value="Success message is visible">
</property>
<property name="Assert" value="Server id should be a number greater than 1">
</property>
<property name="Assert" value="Row with the key: 314184 exists">
</property>
<property name="Assert" value="The server name for the key: &quot;314184&quot; is: &quot;Ziemann, Gutmann and Deckow&quot;">
</property>
<property name="Assert" value="The server name for the key: &quot;314184&quot; is: &quot;Ziemann, Gutmann and Deckow&quot;">
</property>
</properties>
<system-out>
<![CDATA[index:2
]]>
</system-out>
</testcase>
<testcase name="Servers › Should edit a server" classname="Effiziente/Api/servers.spec.ts" time="8.18">
<properties>
<property name="Go To" value="Go to the servers page: &quot;https://effizientedemo.azurewebsites.net/Security/servers&quot;">
</property>
<property name="Step" value="Create server with API">
</property>
<property name="Go To" value="Go to the servers page: &quot;https://effizientedemo.azurewebsites.net/Security/servers&quot;">
</property>
<property name="InputText" value="Fill &quot;key:&quot; with the value: &quot;366543&quot;">
</property>
<property name="InputText" value="Fill &quot;Name:&quot; with the value: &quot;Lang Inc&quot;">
</property>
<property name="InputText" value="Fill &quot;Url:&quot; with the value: &quot;https://safe-lettuce.com/&quot;">
</property>
<property name="Button" value="Click: &quot;Save&quot;">
</property>
<property name="Assert" value="Success message is visible">
</property>
<property name="Assert" value="Row with the key: 366543 exists">
</property>
<property name="Assert" value="The server name for the key: &quot;366543&quot; is: &quot;Lang Inc&quot;">
</property>
<property name="Assert" value="The server name for the key: &quot;366543&quot; is: &quot;Lang Inc&quot;">
</property>
</properties>
<system-out>
<![CDATA[index:2
]]>
</system-out>
</testcase>
</testsuite>
<testsuite name="Effiziente/dashboard.spec.ts" timestamp="2024-05-11T03:52:51.224Z" hostname="webkit" tests="1" failures="0" skipped="0" time="5.418" errors="0">
<testcase name="Check Dashboard › Should show dashboard" classname="Effiziente/dashboard.spec.ts" time="5.418">
<properties>
<property name="Mock" value="Modify the summary with fixed data">
</property>
<property name="Mock" value="Modify the &quot;Sumary Expiration&quot; with fixed data">
</property>
<property name="Mock" value="Modify the &quot;Top 5 delay&quot; with fixed data">
</property>
<property name="Mock" value="Modify the &quot;Top 5 total&quot; with fixed data">
</property>
<property name="Mock" value="Modify the &quot;Top 5 type&quot; with fixed data">
</property>
<property name="Mock" value="Modify the &quot;Top 10 Limit 1&quot; with fixed data">
</property>
<property name="Mock" value="Modify the &quot;Top 10 Limit 2&quot; with fixed data">
</property>
<property name="Mock" value="Modify the &quot;Top 10 Limit 3&quot; with fixed data">
</property>
<property name="Mock" value="Modify the &quot;Top 10 To Expire&quot; with fixed data">
</property>
<property name="Go To" value="Go to the page: &quot;https://effizientedemo.azurewebsites.net/AccountsReceivable/dashboard&quot;">
</property>
<property name="Step" value="Compare snapshot: dashboard.png with maxDiffPixelsRatio: 0.1">
</property>
</properties>
</testcase>
</testsuite>
<testsuite name="Effiziente/Excel/exportServers.spec.ts" timestamp="2024-05-11T03:52:51.224Z" hostname="webkit" tests="1" failures="0" skipped="0" time="3.481" errors="0">
<testcase name="Servers › Should export servers to excel" classname="Effiziente/Excel/exportServers.spec.ts" time="3.481">
<properties>
<property name="Go To" value="Go to the servers page: &quot;https://effizientedemo.azurewebsites.net/Security/servers&quot;">
</property>
<property name="ButtonExcel" value="Click: &quot;Export to Excel&quot;">
</property>
<property name="Assert" value="The excel file rows are equal to the grid rows">
</property>
</properties>
</testcase>
</testsuite>
<testsuite name="Effiziente/menu.spec.ts" timestamp="2024-05-11T03:52:51.224Z" hostname="webkit" tests="2" failures="0" skipped="0" time="24.663" errors="0">
<testcase name="Normal user › Should returns user menu" classname="Effiziente/menu.spec.ts" time="5.267">
<properties>
<property name="Go To" value="Go to the page: &quot;https://effizientedemo.azurewebsites.net/AccountsReceivable/dashboard&quot;">
</property>
<property name="PirmeFacesMenu" value="Get top menus">
</property>
<property name="Assert" value="Menu is equal to: AccountsReceivable,Config">
</property>
</properties>
</testcase>
<testcase name="Admin user › Should returns admin menu" classname="Effiziente/menu.spec.ts" time="19.396">
<properties>
<property name="Go To" value="Go to the page: &quot;https://effizientedemo.azurewebsites.net/AccountsReceivable/dashboard&quot;">
</property>
<property name="PirmeFacesMenu" value="Get top menus">
</property>
<property name="Assert" value="Menu is equal to:AccountsReceivable,Security,Config">
</property>
</properties>
</testcase>
</testsuite>
<testsuite name="Effiziente/Synthetic/login.spec.ts" timestamp="2024-05-11T03:52:51.224Z" hostname="webkit" tests="1" failures="0" skipped="0" time="15.446" errors="0">
<testcase name="Synthetic login testing › Should show dashboard" classname="Effiziente/Synthetic/login.spec.ts" time="15.446">
</testcase>
</testsuite>
<testsuite name="Effiziente/Synthetic/menu.spec.ts" timestamp="2024-05-11T03:52:51.224Z" hostname="webkit" tests="1" failures="0" skipped="0" time="7.361" errors="0">
<testcase name="Synthetic testing › Should show dashboard" classname="Effiziente/Synthetic/menu.spec.ts" time="7.361">
<properties>
<property name="Navigation" value="Go to:https://effizientedemo.azurewebsites.net">
</property>
</properties>
</testcase>
</testsuite>
<testsuite name="Google/searchLocale.spec.ts" timestamp="2024-05-11T03:52:51.224Z" hostname="webkit" tests="1" failures="0" skipped="0" time="2.081" errors="0">
<testcase name="Locale translations › Translations with locale and time zone id" classname="Google/searchLocale.spec.ts" time="2.081">
<properties>
<property name="Go To" value="Go to the page: &quot;https://www.google.com&quot;">
</property>
<property name="Assert" value="Search button text is equal to: &quot;Buscar con Google&quot;">
</property>
</properties>
</testcase>
</testsuite>
<testsuite name="SauceDemo/login.spec.ts" timestamp="2024-05-11T03:52:51.224Z" hostname="webkit" tests="1" failures="0" skipped="0" time="2.02" errors="0">
<testcase name="Login › Login with valid user load inventory page" classname="SauceDemo/login.spec.ts" time="2.02">
<properties>
<property name="Go To" value="Go to the page: &quot;https://www.saucedemo.com&quot;">
</property>
<property name="InputText" value="Fill &quot;Username:&quot; with the value: &quot;standard_user&quot;">
</property>
<property name="InputPassword" value="Fill: &quot;Password with value: *****&quot;">
</property>
<property name="Button" value="Click: &quot;Login&quot;">
</property>
<property name="Assert" value="Check URL Page equal to: &quot;https://www.saucedemo.com/inventory.html&quot;">
</property>
</properties>
</testcase>
</testsuite>
<testsuite name="SauceDemo/loginLambdaTestFixture.spec.ts" timestamp="2024-05-11T03:52:51.224Z" hostname="webkit" tests="1" failures="0" skipped="0" time="0.941" errors="0">
<testcase name="Login › Login with valid user load inventory page" classname="SauceDemo/loginLambdaTestFixture.spec.ts" time="0.941">
<properties>
<property name="Go To" value="Go to the page: &quot;https://www.saucedemo.com&quot;">
</property>
<property name="InputText" value="Fill &quot;Username:&quot; with the value: &quot;standard_user&quot;">
</property>
<property name="InputPassword" value="Fill: &quot;Password with value: *****&quot;">
</property>
<property name="Button" value="Click: &quot;Login&quot;">
</property>
<property name="Assert" value="Check URL Page equal to: &quot;https://www.saucedemo.com/inventory.html&quot;">
</property>
</properties>
</testcase>
</testsuite>
</testsuites>