<testsuites id="" name="" tests="15" failures="3" skipped="0" errors="0" time="32.062579">
<testsuite name="Effiziente/dashboard.spec.ts" timestamp="2024-02-17T04:05:27.288Z" hostname="chromium" tests="1" failures="1" skipped="0" time="7.384" errors="0">
<testcase name="Check Dashboard › Should show dashboard" classname="Effiziente/dashboard.spec.ts" time="7.384">
<properties>
<property name="Mock" value="Modify the summary with fixed data">
</property>
<property name="Mock" value="Modify the &quot;Sumary Expiration&quot; with fixed data">
</property>
<property name="Mock" value="Modify the &quot;Top 5 delay&quot; with fixed data">
</property>
<property name="Mock" value="Modify the &quot;Top 5 total&quot; with fixed data">
</property>
<property name="Mock" value="Modify the &quot;Top 5 type&quot; with fixed data">
</property>
<property name="Mock" value="Modify the &quot;Top 10 Limit 1&quot; with fixed data">
</property>
<property name="Mock" value="Modify the &quot;Top 10 Limit 2&quot; with fixed data">
</property>
<property name="Mock" value="Modify the &quot;Top 10 Limit 3&quot; with fixed data">
</property>
<property name="Mock" value="Modify the &quot;Top 10 To Expire&quot; with fixed data">
</property>
<property name="Go To" value="Go to the page: &quot;https://effizientedemo.azurewebsites.net/AccountsReceivable/dashboard&quot;">
</property>
<property name="Step" value="Compare snapshot: dashboard.png with maxDiffPixelsRatio: 0.1">
</property>
</properties>
<failure message="dashboard.spec.ts:8:9 Should show dashboard" type="FAILURE">
<![CDATA[  [chromium] › Effiziente/dashboard.spec.ts:8:9 › Check Dashboard › Should show dashboard › Compare snapshot: dashboard.png with maxDiffPixelsRatio: 0.1 

    Error: Compare snapshot: dashboard.png with maxDiffPixelsRatio: 0.1

    Screenshot comparison failed:

      254448 pixels (ratio 0.14 of all image pixels) are different.

    Expected: /home/runner/work/PlaywrightFramework/PlaywrightFramework/tests/Effiziente/dashboard.spec.ts-snapshots/dashboard-chromium-linux.png
    Received: /home/runner/work/PlaywrightFramework/PlaywrightFramework/test-results/Effiziente-dashboard-Check-Dashboard-Should-show-dashboard-chromium/dashboard-actual.png
        Diff: /home/runner/work/PlaywrightFramework/PlaywrightFramework/test-results/Effiziente-dashboard-Check-Dashboard-Should-show-dashboard-chromium/dashboard-diff.png

    Call log:
      - page._expectScreenshot with timeout 20000ms
      -   verifying given screenshot expectation
      - taking page screenshot
      -   disabled all CSS animations
      - waiting for fonts to load...
      - fonts loaded
      - 50259 pixels (ratio 0.03 of all image pixels) are different.
      - waiting 100ms before taking screenshot
      - taking page screenshot
      -   disabled all CSS animations
      - waiting for fonts to load...
      - fonts loaded
      - 230008 pixels (ratio 0.13 of all image pixels) are different.
      - waiting 250ms before taking screenshot
      - taking page screenshot
      -   disabled all CSS animations
      - waiting for fonts to load...
      - fonts loaded
      - captured a stable screenshot
      - 254448 pixels (ratio 0.14 of all image pixels) are different.


       at ../utils/VisualHelper.ts:24

      22 |         // eslint-disable-next-line playwright/valid-title
      23 |         await test.step(stepDescription, async () => {
    > 24 |             await expect(this.page, stepDescription).toHaveScreenshot(snapshotName,
         |                                                      ^
      25 |                 {
      26 |                     maxDiffPixelRatio: maxDiffPixelsRatio,
      27 |                     timeout: timeout,

        at /home/runner/work/PlaywrightFramework/PlaywrightFramework/utils/VisualHelper.ts:24:54
        at VisualHelper.checkPageSnapshot (/home/runner/work/PlaywrightFramework/PlaywrightFramework/utils/VisualHelper.ts:23:20)
        at DashboardPage.checkSnapshot (/home/runner/work/PlaywrightFramework/PlaywrightFramework/pages/Effiziente/dashboardPage.ts:51:9)
        at /home/runner/work/PlaywrightFramework/PlaywrightFramework/tests/Effiziente/dashboard.spec.ts:14:9

    attachment #1: dashboard-expected.png (image/png) ──────────────────────────────────────────────
    tests/Effiziente/dashboard.spec.ts-snapshots/dashboard-chromium-linux.png
    ────────────────────────────────────────────────────────────────────────────────────────────────

    attachment #2: dashboard-actual.png (image/png) ────────────────────────────────────────────────
    test-results/Effiziente-dashboard-Check-Dashboard-Should-show-dashboard-chromium/dashboard-actual.png
    ────────────────────────────────────────────────────────────────────────────────────────────────

    attachment #3: dashboard-diff.png (image/png) ──────────────────────────────────────────────────
    test-results/Effiziente-dashboard-Check-Dashboard-Should-show-dashboard-chromium/dashboard-diff.png
    ────────────────────────────────────────────────────────────────────────────────────────────────

    attachment #4: screenshot (image/png) ──────────────────────────────────────────────────────────
    test-results/Effiziente-dashboard-Check-Dashboard-Should-show-dashboard-chromium/test-failed-1.png
    ────────────────────────────────────────────────────────────────────────────────────────────────

    attachment #5: video (video/webm) ──────────────────────────────────────────────────────────────
    test-results/Effiziente-dashboard-Check-Dashboard-Should-show-dashboard-chromium/video.webm
    ────────────────────────────────────────────────────────────────────────────────────────────────

    attachment #6: trace (application/zip) ─────────────────────────────────────────────────────────
    test-results/Effiziente-dashboard-Check-Dashboard-Should-show-dashboard-chromium/trace.zip
    Usage:

        npx playwright show-trace test-results/Effiziente-dashboard-Check-Dashboard-Should-show-dashboard-chromium/trace.zip

    ────────────────────────────────────────────────────────────────────────────────────────────────
]]>
</failure>
<system-out>
<![CDATA[
[[ATTACHMENT|../tests/Effiziente/dashboard.spec.ts-snapshots/dashboard-chromium-linux.png]]

[[ATTACHMENT|../test-results/Effiziente-dashboard-Check-Dashboard-Should-show-dashboard-chromium/dashboard-actual.png]]

[[ATTACHMENT|../test-results/Effiziente-dashboard-Check-Dashboard-Should-show-dashboard-chromium/dashboard-diff.png]]

[[ATTACHMENT|../test-results/Effiziente-dashboard-Check-Dashboard-Should-show-dashboard-chromium/test-failed-1.png]]

[[ATTACHMENT|../test-results/Effiziente-dashboard-Check-Dashboard-Should-show-dashboard-chromium/video.webm]]

[[ATTACHMENT|../test-results/Effiziente-dashboard-Check-Dashboard-Should-show-dashboard-chromium/trace.zip]]
]]>
</system-out>
</testcase>
</testsuite>
<testsuite name="Effiziente/menu.spec.ts" timestamp="2024-02-17T04:05:27.288Z" hostname="chromium" tests="2" failures="0" skipped="0" time="10.185" errors="0">
<testcase name="Normal user › Should returns user menu" classname="Effiziente/menu.spec.ts" time="4.987">
<properties>
<property name="Go To" value="Go to the page: &quot;https://effizientedemo.azurewebsites.net/AccountsReceivable/dashboard&quot;">
</property>
<property name="PirmeFacesMenu" value="Get top menus">
</property>
<property name="Assert" value="Menu is equal to: AccountsReceivable,Config">
</property>
</properties>
</testcase>
<testcase name="Admin user › Should returns admin menu" classname="Effiziente/menu.spec.ts" time="5.198">
<properties>
<property name="Go To" value="Go to the page: &quot;https://effizientedemo.azurewebsites.net/AccountsReceivable/dashboard&quot;">
</property>
<property name="PirmeFacesMenu" value="Get top menus">
</property>
<property name="Assert" value="Menu is equal to:AccountsReceivable,Security,Config">
</property>
</properties>
</testcase>
</testsuite>
<testsuite name="Google/searchLocale.spec.ts" timestamp="2024-02-17T04:05:27.288Z" hostname="chromium" tests="1" failures="0" skipped="0" time="1.993" errors="0">
<testcase name="Locale translations › Translations with locale and time zone id" classname="Google/searchLocale.spec.ts" time="1.993">
<properties>
<property name="Go To" value="Go to the page: &quot;https://www.google.com&quot;">
</property>
<property name="Assert" value="Search button text is equal to: &quot;Buscar con Google&quot;">
</property>
</properties>
</testcase>
</testsuite>
<testsuite name="SauceDemo/login.spec.ts" timestamp="2024-02-17T04:05:27.288Z" hostname="chromium" tests="1" failures="0" skipped="0" time="1.251" errors="0">
<testcase name="Login › Login with valid user load inventory page" classname="SauceDemo/login.spec.ts" time="1.251">
<properties>
<property name="Go To" value="Go to the page: &quot;https://www.saucedemo.com&quot;">
</property>
<property name="InputText" value="Fill: &quot;Username&quot; with value: &quot;standard_user&quot;">
</property>
<property name="InputPassword" value="Fill: &quot;Password with value: *****&quot;">
</property>
<property name="Button" value="Click: &quot;Login&quot;">
</property>
<property name="Assert" value="Check URL Page equal to: &quot;https://www.saucedemo.com/inventory.html&quot;">
</property>
</properties>
</testcase>
</testsuite>
<testsuite name="Effiziente/dashboard.spec.ts" timestamp="2024-02-17T04:05:27.288Z" hostname="firefox" tests="1" failures="1" skipped="0" time="8.98" errors="0">
<testcase name="Check Dashboard › Should show dashboard" classname="Effiziente/dashboard.spec.ts" time="8.98">
<properties>
<property name="Mock" value="Modify the summary with fixed data">
</property>
<property name="Mock" value="Modify the &quot;Sumary Expiration&quot; with fixed data">
</property>
<property name="Mock" value="Modify the &quot;Top 5 delay&quot; with fixed data">
</property>
<property name="Mock" value="Modify the &quot;Top 5 total&quot; with fixed data">
</property>
<property name="Mock" value="Modify the &quot;Top 5 type&quot; with fixed data">
</property>
<property name="Mock" value="Modify the &quot;Top 10 Limit 1&quot; with fixed data">
</property>
<property name="Mock" value="Modify the &quot;Top 10 Limit 2&quot; with fixed data">
</property>
<property name="Mock" value="Modify the &quot;Top 10 Limit 3&quot; with fixed data">
</property>
<property name="Mock" value="Modify the &quot;Top 10 To Expire&quot; with fixed data">
</property>
<property name="Go To" value="Go to the page: &quot;https://effizientedemo.azurewebsites.net/AccountsReceivable/dashboard&quot;">
</property>
<property name="Step" value="Compare snapshot: dashboard.png with maxDiffPixelsRatio: 0.1">
</property>
</properties>
<failure message="dashboard.spec.ts:8:9 Should show dashboard" type="FAILURE">
<![CDATA[  [firefox] › Effiziente/dashboard.spec.ts:8:9 › Check Dashboard › Should show dashboard ───────────

    Error: A snapshot doesn't exist at /home/runner/work/PlaywrightFramework/PlaywrightFramework/tests/Effiziente/dashboard.spec.ts-snapshots/dashboard-firefox-linux.png, writing actual.

       at ../utils/VisualHelper.ts:24

      22 |         // eslint-disable-next-line playwright/valid-title
      23 |         await test.step(stepDescription, async () => {
    > 24 |             await expect(this.page, stepDescription).toHaveScreenshot(snapshotName,
         |             ^
      25 |                 {
      26 |                     maxDiffPixelRatio: maxDiffPixelsRatio,
      27 |                     timeout: timeout,

        at /home/runner/work/PlaywrightFramework/PlaywrightFramework/utils/VisualHelper.ts:24:13
        at VisualHelper.checkPageSnapshot (/home/runner/work/PlaywrightFramework/PlaywrightFramework/utils/VisualHelper.ts:23:9)
        at DashboardPage.checkSnapshot (/home/runner/work/PlaywrightFramework/PlaywrightFramework/pages/Effiziente/dashboardPage.ts:51:9)
        at /home/runner/work/PlaywrightFramework/PlaywrightFramework/tests/Effiziente/dashboard.spec.ts:14:9

    attachment #1: dashboard-actual.png (image/png) ────────────────────────────────────────────────
    test-results/Effiziente-dashboard-Check-Dashboard-Should-show-dashboard-firefox/dashboard-actual.png
    ────────────────────────────────────────────────────────────────────────────────────────────────

    attachment #2: screenshot (image/png) ──────────────────────────────────────────────────────────
    test-results/Effiziente-dashboard-Check-Dashboard-Should-show-dashboard-firefox/test-failed-1.png
    ────────────────────────────────────────────────────────────────────────────────────────────────

    attachment #3: video (video/webm) ──────────────────────────────────────────────────────────────
    test-results/Effiziente-dashboard-Check-Dashboard-Should-show-dashboard-firefox/video.webm
    ────────────────────────────────────────────────────────────────────────────────────────────────

    attachment #4: trace (application/zip) ─────────────────────────────────────────────────────────
    test-results/Effiziente-dashboard-Check-Dashboard-Should-show-dashboard-firefox/trace.zip
    Usage:

        npx playwright show-trace test-results/Effiziente-dashboard-Check-Dashboard-Should-show-dashboard-firefox/trace.zip

    ────────────────────────────────────────────────────────────────────────────────────────────────
]]>
</failure>
<system-out>
<![CDATA[
[[ATTACHMENT|../test-results/Effiziente-dashboard-Check-Dashboard-Should-show-dashboard-firefox/dashboard-actual.png]]

[[ATTACHMENT|../test-results/Effiziente-dashboard-Check-Dashboard-Should-show-dashboard-firefox/test-failed-1.png]]

[[ATTACHMENT|../test-results/Effiziente-dashboard-Check-Dashboard-Should-show-dashboard-firefox/video.webm]]

[[ATTACHMENT|../test-results/Effiziente-dashboard-Check-Dashboard-Should-show-dashboard-firefox/trace.zip]]
]]>
</system-out>
</testcase>
</testsuite>
<testsuite name="Effiziente/menu.spec.ts" timestamp="2024-02-17T04:05:27.288Z" hostname="firefox" tests="2" failures="0" skipped="0" time="12.504" errors="0">
<testcase name="Normal user › Should returns user menu" classname="Effiziente/menu.spec.ts" time="5.909">
<properties>
<property name="Go To" value="Go to the page: &quot;https://effizientedemo.azurewebsites.net/AccountsReceivable/dashboard&quot;">
</property>
<property name="PirmeFacesMenu" value="Get top menus">
</property>
<property name="Assert" value="Menu is equal to: AccountsReceivable,Config">
</property>
</properties>
</testcase>
<testcase name="Admin user › Should returns admin menu" classname="Effiziente/menu.spec.ts" time="6.595">
<properties>
<property name="Go To" value="Go to the page: &quot;https://effizientedemo.azurewebsites.net/AccountsReceivable/dashboard&quot;">
</property>
<property name="PirmeFacesMenu" value="Get top menus">
</property>
<property name="Assert" value="Menu is equal to:AccountsReceivable,Security,Config">
</property>
</properties>
</testcase>
</testsuite>
<testsuite name="Google/searchLocale.spec.ts" timestamp="2024-02-17T04:05:27.288Z" hostname="firefox" tests="1" failures="0" skipped="0" time="1.91" errors="0">
<testcase name="Locale translations › Translations with locale and time zone id" classname="Google/searchLocale.spec.ts" time="1.91">
<properties>
<property name="Go To" value="Go to the page: &quot;https://www.google.com&quot;">
</property>
<property name="Assert" value="Search button text is equal to: &quot;Buscar con Google&quot;">
</property>
</properties>
</testcase>
</testsuite>
<testsuite name="SauceDemo/login.spec.ts" timestamp="2024-02-17T04:05:27.288Z" hostname="firefox" tests="1" failures="0" skipped="0" time="1.454" errors="0">
<testcase name="Login › Login with valid user load inventory page" classname="SauceDemo/login.spec.ts" time="1.454">
<properties>
<property name="Go To" value="Go to the page: &quot;https://www.saucedemo.com&quot;">
</property>
<property name="InputText" value="Fill: &quot;Username&quot; with value: &quot;standard_user&quot;">
</property>
<property name="InputPassword" value="Fill: &quot;Password with value: *****&quot;">
</property>
<property name="Button" value="Click: &quot;Login&quot;">
</property>
<property name="Assert" value="Check URL Page equal to: &quot;https://www.saucedemo.com/inventory.html&quot;">
</property>
</properties>
</testcase>
</testsuite>
<testsuite name="Effiziente/dashboard.spec.ts" timestamp="2024-02-17T04:05:27.288Z" hostname="webkit" tests="1" failures="1" skipped="0" time="10.98" errors="0">
<testcase name="Check Dashboard › Should show dashboard" classname="Effiziente/dashboard.spec.ts" time="10.98">
<properties>
<property name="Mock" value="Modify the summary with fixed data">
</property>
<property name="Mock" value="Modify the &quot;Sumary Expiration&quot; with fixed data">
</property>
<property name="Mock" value="Modify the &quot;Top 5 delay&quot; with fixed data">
</property>
<property name="Mock" value="Modify the &quot;Top 5 total&quot; with fixed data">
</property>
<property name="Mock" value="Modify the &quot;Top 5 type&quot; with fixed data">
</property>
<property name="Mock" value="Modify the &quot;Top 10 Limit 1&quot; with fixed data">
</property>
<property name="Mock" value="Modify the &quot;Top 10 Limit 2&quot; with fixed data">
</property>
<property name="Mock" value="Modify the &quot;Top 10 Limit 3&quot; with fixed data">
</property>
<property name="Mock" value="Modify the &quot;Top 10 To Expire&quot; with fixed data">
</property>
<property name="Go To" value="Go to the page: &quot;https://effizientedemo.azurewebsites.net/AccountsReceivable/dashboard&quot;">
</property>
<property name="Step" value="Compare snapshot: dashboard.png with maxDiffPixelsRatio: 0.1">
</property>
</properties>
<failure message="dashboard.spec.ts:8:9 Should show dashboard" type="FAILURE">
<![CDATA[  [webkit] › Effiziente/dashboard.spec.ts:8:9 › Check Dashboard › Should show dashboard ────────────

    Error: A snapshot doesn't exist at /home/runner/work/PlaywrightFramework/PlaywrightFramework/tests/Effiziente/dashboard.spec.ts-snapshots/dashboard-webkit-linux.png, writing actual.

       at ../utils/VisualHelper.ts:24

      22 |         // eslint-disable-next-line playwright/valid-title
      23 |         await test.step(stepDescription, async () => {
    > 24 |             await expect(this.page, stepDescription).toHaveScreenshot(snapshotName,
         |             ^
      25 |                 {
      26 |                     maxDiffPixelRatio: maxDiffPixelsRatio,
      27 |                     timeout: timeout,

        at /home/runner/work/PlaywrightFramework/PlaywrightFramework/utils/VisualHelper.ts:24:13
        at VisualHelper.checkPageSnapshot (/home/runner/work/PlaywrightFramework/PlaywrightFramework/utils/VisualHelper.ts:23:9)
        at DashboardPage.checkSnapshot (/home/runner/work/PlaywrightFramework/PlaywrightFramework/pages/Effiziente/dashboardPage.ts:51:9)
        at /home/runner/work/PlaywrightFramework/PlaywrightFramework/tests/Effiziente/dashboard.spec.ts:14:9

    attachment #1: dashboard-actual.png (image/png) ────────────────────────────────────────────────
    test-results/Effiziente-dashboard-Check-Dashboard-Should-show-dashboard-webkit/dashboard-actual.png
    ────────────────────────────────────────────────────────────────────────────────────────────────

    attachment #2: screenshot (image/png) ──────────────────────────────────────────────────────────
    test-results/Effiziente-dashboard-Check-Dashboard-Should-show-dashboard-webkit/test-failed-1.png
    ────────────────────────────────────────────────────────────────────────────────────────────────

    attachment #3: video (video/webm) ──────────────────────────────────────────────────────────────
    test-results/Effiziente-dashboard-Check-Dashboard-Should-show-dashboard-webkit/video.webm
    ────────────────────────────────────────────────────────────────────────────────────────────────

    attachment #4: trace (application/zip) ─────────────────────────────────────────────────────────
    test-results/Effiziente-dashboard-Check-Dashboard-Should-show-dashboard-webkit/trace.zip
    Usage:

        npx playwright show-trace test-results/Effiziente-dashboard-Check-Dashboard-Should-show-dashboard-webkit/trace.zip

    ────────────────────────────────────────────────────────────────────────────────────────────────
]]>
</failure>
<system-out>
<![CDATA[
[[ATTACHMENT|../test-results/Effiziente-dashboard-Check-Dashboard-Should-show-dashboard-webkit/dashboard-actual.png]]

[[ATTACHMENT|../test-results/Effiziente-dashboard-Check-Dashboard-Should-show-dashboard-webkit/test-failed-1.png]]

[[ATTACHMENT|../test-results/Effiziente-dashboard-Check-Dashboard-Should-show-dashboard-webkit/video.webm]]

[[ATTACHMENT|../test-results/Effiziente-dashboard-Check-Dashboard-Should-show-dashboard-webkit/trace.zip]]
]]>
</system-out>
</testcase>
</testsuite>
<testsuite name="Effiziente/menu.spec.ts" timestamp="2024-02-17T04:05:27.288Z" hostname="webkit" tests="2" failures="0" skipped="0" time="16.972" errors="0">
<testcase name="Normal user › Should returns user menu" classname="Effiziente/menu.spec.ts" time="7.487">
<properties>
<property name="Go To" value="Go to the page: &quot;https://effizientedemo.azurewebsites.net/AccountsReceivable/dashboard&quot;">
</property>
<property name="PirmeFacesMenu" value="Get top menus">
</property>
<property name="Assert" value="Menu is equal to: AccountsReceivable,Config">
</property>
</properties>
</testcase>
<testcase name="Admin user › Should returns admin menu" classname="Effiziente/menu.spec.ts" time="9.485">
<properties>
<property name="Go To" value="Go to the page: &quot;https://effizientedemo.azurewebsites.net/AccountsReceivable/dashboard&quot;">
</property>
<property name="PirmeFacesMenu" value="Get top menus">
</property>
<property name="Assert" value="Menu is equal to:AccountsReceivable,Security,Config">
</property>
</properties>
</testcase>
</testsuite>
<testsuite name="Google/searchLocale.spec.ts" timestamp="2024-02-17T04:05:27.288Z" hostname="webkit" tests="1" failures="0" skipped="0" time="2.886" errors="0">
<testcase name="Locale translations › Translations with locale and time zone id" classname="Google/searchLocale.spec.ts" time="2.886">
<properties>
<property name="Go To" value="Go to the page: &quot;https://www.google.com&quot;">
</property>
<property name="Assert" value="Search button text is equal to: &quot;Buscar con Google&quot;">
</property>
</properties>
</testcase>
</testsuite>
<testsuite name="SauceDemo/login.spec.ts" timestamp="2024-02-17T04:05:27.288Z" hostname="webkit" tests="1" failures="0" skipped="0" time="1.909" errors="0">
<testcase name="Login › Login with valid user load inventory page" classname="SauceDemo/login.spec.ts" time="1.909">
<properties>
<property name="Go To" value="Go to the page: &quot;https://www.saucedemo.com&quot;">
</property>
<property name="InputText" value="Fill: &quot;Username&quot; with value: &quot;standard_user&quot;">
</property>
<property name="InputPassword" value="Fill: &quot;Password with value: *****&quot;">
</property>
<property name="Button" value="Click: &quot;Login&quot;">
</property>
<property name="Assert" value="Check URL Page equal to: &quot;https://www.saucedemo.com/inventory.html&quot;">
</property>
</properties>
</testcase>
</testsuite>
</testsuites>