<testsuites id="" name="" tests="30" failures="0" skipped="2" errors="0" time="99.810159">
<testsuite name="AI/login.spec.ts" timestamp="2024-12-17T05:44:24.165Z" hostname="desktop-chromium" tests="1" failures="0" skipped="0" time="12.269" errors="0">
<testcase name="AI Zero Step › Should show dashboard after login" classname="AI/login.spec.ts" time="12.269">
</testcase>
</testsuite>
<testsuite name="Api/addToCart.spec.ts" timestamp="2024-12-17T05:44:24.165Z" hostname="desktop-chromium" tests="1" failures="0" skipped="0" time="16.369" errors="0">
<testcase name="WebdriverIO Shop › Should add an item to the cart" classname="Api/addToCart.spec.ts" time="16.369">
<properties>
<property name="Go To" value="Go to: &quot;https://shop.webdriver.io&quot;">
</property>
<property name="Link" value="Click: &quot;Shop All&quot;">
</property>
<property name="Step" value="Click in the product: &quot;WebdriverIO T-Shirt - Robot Shining&quot;">
</property>
<property name="Select" value="On &quot;Color&quot; select any option">
</property>
<property name="Select" value="On &quot;Color&quot; select the option Asphalt">
</property>
<property name="Step" value="Select any available Size">
</property>
<property name="Select" value="On &quot;Size&quot; select any option">
</property>
<property name="Select" value="On &quot;Size&quot; select the option XL">
</property>
<property name="Step" value="Get the product price">
</property>
<property name="Button" value="Click: &quot; 
		Add to Cart
		 
	$25.00
&quot;">
</property>
<property name="Assert" value="There is one item in the bag">
</property>
<property name="Button" value="Click: &quot;
 
				1
			 
				items
			&quot;">
</property>
<property name="Assert" value="The name of the item in the cart is: &quot;WebdriverIO T-Shirt - Robot Shining&quot;">
</property>
<property name="Assert" value="The price of the item in the cart is: &quot;$25.00&quot;">
</property>
<property name="Assert" value="The subtotal is: &quot;$25.00&quot;">
</property>
</properties>
</testcase>
</testsuite>
<testsuite name="Api/servers.spec.ts" timestamp="2024-12-17T05:44:24.165Z" hostname="desktop-chromium" tests="2" failures="0" skipped="0" time="10.759" errors="0">
<testcase name="Servers › Should add a server" classname="Api/servers.spec.ts" time="4.008">
<properties>
<property name="Description" value="An admin user can add a server">
</property>
<property name="Pre Condition" value="A valid admin username and password is logged">
</property>
<property name="Go To" value="Go to the servers page: &quot;https://effizientedemo.azurewebsites.net/Security/servers&apos;&quot;">
</property>
<property name="Post Condition" value="Delete server with the key: &quot;160317&quot; if exists">
</property>
<property name="Button" value="Click: &quot;Add&quot;">
</property>
<property name="InputText" value="Fill &quot;Key:&quot; with the value: &quot;160317&quot;">
</property>
<property name="InputText" value="Fill &quot;Name:&quot; with the value: &quot;Koss, Ortiz and Becker&quot;">
</property>
<property name="InputText" value="Fill &quot;Url:&quot; with the value: &quot;https://shabby-skean.org&quot;">
</property>
<property name="Step" value="Save server and return server id from api">
</property>
<property name="Button" value="Click: &quot;Save&quot;">
</property>
<property name="Assert" value="Success message is visible">
</property>
<property name="Assert" value="Server id should be a number greater than 1">
</property>
<property name="Assert" value="Server with the key: &quot;160317&quot; exists in the table">
</property>
<property name="Assert" value="The server name for the key: &quot;160317&quot; is: &quot;Koss, Ortiz and Becker&quot;">
</property>
<property name="Assert" value="The server url for the key: &quot;160317&quot; is: &quot;https://shabby-skean.org&quot;">
</property>
<property name="Post Condition" value="Delete the server with API request">
</property>
</properties>
</testcase>
<testcase name="Servers › Should edit a server" classname="Api/servers.spec.ts" time="6.751">
<properties>
<property name="Description" value="An admin user can edit a server">
</property>
<property name="Pre Condition" value="A valid admin username and password is logged">
</property>
<property name="Go To" value="Go to the servers page: &quot;https://effizientedemo.azurewebsites.net/Security/servers&apos;&quot;">
</property>
<property name="Step" value="Create server with API">
</property>
<property name="Go To" value="Go to the servers page: &quot;https://effizientedemo.azurewebsites.net/Security/servers&apos;&quot;">
</property>
<property name="InputText" value="Fill &quot;key:&quot; with the value: &quot;570088&quot;">
</property>
<property name="InputText" value="Fill &quot;Name:&quot; with the value: &quot;Watsica Group&quot;">
</property>
<property name="InputText" value="Fill &quot;Url:&quot; with the value: &quot;https://squeaky-velocity.info&quot;">
</property>
<property name="Button" value="Click: &quot;Save&quot;">
</property>
<property name="Assert" value="Success message is visible">
</property>
<property name="Assert" value="Server with the key: &quot;570088&quot; exists in the table">
</property>
<property name="Assert" value="The server name for the key: &quot;570088&quot; is: &quot;Watsica Group&quot;">
</property>
<property name="Assert" value="The server url for the key: &quot;570088&quot; is: &quot;https://squeaky-velocity.info&quot;">
</property>
<property name="Post Condition" value="Delete the server with API request">
</property>
</properties>
</testcase>
</testsuite>
<testsuite name="Basic/login.spec.ts" timestamp="2024-12-17T05:44:24.165Z" hostname="desktop-chromium" tests="1" failures="0" skipped="0" time="0.727" errors="0">
<testcase name="Login › Login with valid user load inventory page" classname="Basic/login.spec.ts" time="0.727">
<properties>
<property name="Description" value="Login with valid user on sauce demo">
</property>
<property name="Pre Condition" value="A valid username and password">
</property>
<property name="Go To" value="Go to: &quot;https://www.saucedemo.com&quot;">
</property>
<property name="InputText" value="Fill &quot;Username:&quot; with the value: &quot;standard_user&quot;">
</property>
<property name="InputPassword" value="Fill &quot;Password&quot; with value: *****">
</property>
<property name="Button" value="Click: &quot;Login&quot;">
</property>
<property name="Assert" value="Check URL Page is equal to: &quot;https://www.saucedemo.com/inventory.html&quot;">
</property>
</properties>
</testcase>
</testsuite>
<testsuite name="Basic/menu.spec.ts" timestamp="2024-12-17T05:44:24.165Z" hostname="desktop-chromium" tests="2" failures="0" skipped="0" time="8.782" errors="0">
<testcase name="Normal user › Should returns user menu" classname="Basic/menu.spec.ts" time="6.259">
<properties>
<property name="Description" value="Login to effiziente demo with a normal user, the user will see the menu for normal users">
</property>
<property name="Pre Condition" value="A valid normal user">
</property>
<property name="Go To" value="Go to: &quot;https://effizientedemo.azurewebsites.net/AccountsReceivable/dashboard&quot;">
</property>
<property name="PrimeFacesMenu" value="Get top menus">
</property>
<property name="Assert" value="Menu are equal to: &quot;AccountsReceivable,Config&quot;">
</property>
</properties>
</testcase>
<testcase name="Admin user › Should returns admin menu" classname="Basic/menu.spec.ts" time="2.523">
<properties>
<property name="Description" value="Login to effiziente demo with a admin user, the user will see the menu for admin users">
</property>
<property name="Pre Condition" value="A valid admin user">
</property>
<property name="Go To" value="Go to: &quot;https://effizientedemo.azurewebsites.net/AccountsReceivable/dashboard&quot;">
</property>
<property name="PrimeFacesMenu" value="Get top menus">
</property>
<property name="Assert" value="Menu are equal to: &quot;AccountsReceivable,Security,Config&quot;">
</property>
</properties>
</testcase>
</testsuite>
<testsuite name="Basic/parameterized.spec.ts" timestamp="2024-12-17T05:44:24.165Z" hostname="desktop-chromium" tests="2" failures="0" skipped="0" time="1.317" errors="0">
<testcase name="Login with Parameters › Login with &quot;standard_user&quot; from parameters will load inventory page" classname="Basic/parameterized.spec.ts" time="0.648">
<properties>
<property name="Description" value="Login with valid user on Sauce Demo">
</property>
<property name="Pre Condition" value="A valid username and password">
</property>
<property name="Go To" value="Go to: &quot;https://www.saucedemo.com&quot;">
</property>
<property name="InputText" value="Fill &quot;Username:&quot; with the value: &quot;standard_user&quot;">
</property>
<property name="InputPassword" value="Fill &quot;Password&quot; with value: *****">
</property>
<property name="Button" value="Click: &quot;Login&quot;">
</property>
<property name="Assert" value="Check URL Page is equal to: https://www.saucedemo.com/inventory.html&quot;">
</property>
</properties>
</testcase>
<testcase name="Login with Parameters › Login with &quot;visual_user&quot; from parameters will load inventory page" classname="Basic/parameterized.spec.ts" time="0.669">
<properties>
<property name="Description" value="Login with valid user on Sauce Demo">
</property>
<property name="Pre Condition" value="A valid username and password">
</property>
<property name="Go To" value="Go to: &quot;https://www.saucedemo.com&quot;">
</property>
<property name="InputText" value="Fill &quot;Username:&quot; with the value: &quot;visual_user&quot;">
</property>
<property name="InputPassword" value="Fill &quot;Password&quot; with value: *****">
</property>
<property name="Button" value="Click: &quot;Login&quot;">
</property>
<property name="Assert" value="Check URL Page is equal to: https://www.saucedemo.com/inventory.html&quot;">
</property>
</properties>
</testcase>
</testsuite>
<testsuite name="Excel/exportServers.spec.ts" timestamp="2024-12-17T05:44:24.165Z" hostname="desktop-chromium" tests="1" failures="0" skipped="0" time="1.812" errors="0">
<testcase name="Servers › Should export servers to excel" classname="Excel/exportServers.spec.ts" time="1.812">
<properties>
<property name="Go To" value="Go to the servers page: &quot;https://effizientedemo.azurewebsites.net/Security/servers&apos;&quot;">
</property>
<property name="ButtonExcel" value="Click: &quot;Export to Excel&quot;">
</property>
<property name="Assert" value="The excel file rows are equal to the grid rows">
</property>
</properties>
<system-out>
<![CDATA[
[[ATTACHMENT|../test-results/Excel-exportServers-Servers-Should-export-servers-to-excel-desktop-chromium/attachments/servers-xlsx-b45414d1440b649c23868d9b19e0f22e5f012826.xlsx]]
]]>
</system-out>
</testcase>
</testsuite>
<testsuite name="AI/login.spec.ts" timestamp="2024-12-17T05:44:24.165Z" hostname="desktop-firefox" tests="1" failures="0" skipped="1" time="1.263" errors="0">
<testcase name="AI Zero Step › Should show dashboard after login" classname="AI/login.spec.ts" time="1.263">
<properties>
<property name="skip" value="Zero Steps only works in chromium">
</property>
</properties>
<skipped>
</skipped>
</testcase>
</testsuite>
<testsuite name="Api/addToCart.spec.ts" timestamp="2024-12-17T05:44:24.165Z" hostname="desktop-firefox" tests="1" failures="0" skipped="0" time="14.414" errors="0">
<testcase name="WebdriverIO Shop › Should add an item to the cart" classname="Api/addToCart.spec.ts" time="14.414">
<properties>
<property name="Go To" value="Go to: &quot;https://shop.webdriver.io&quot;">
</property>
<property name="Link" value="Click: &quot;Shop All&quot;">
</property>
<property name="Step" value="Click in the product: &quot;Cuffed Beanie&quot;">
</property>
<property name="Select" value="On &quot;Color&quot; select any option">
</property>
<property name="Select" value="On &quot;Color&quot; select the option Heather Grey">
</property>
<property name="Step" value="Select any available Size">
</property>
<property name="Step" value="Get the product price">
</property>
<property name="Button" value="Click: &quot; 
		Add to Cart
		 
	$15.50
&quot;">
</property>
<property name="Assert" value="There is one item in the bag">
</property>
<property name="Button" value="Click: &quot;
 
				1
			 
				items
			&quot;">
</property>
<property name="Assert" value="The name of the item in the cart is: &quot;Cuffed Beanie&quot;">
</property>
<property name="Assert" value="The price of the item in the cart is: &quot;$15.50&quot;">
</property>
<property name="Assert" value="The subtotal is: &quot;$15.50&quot;">
</property>
</properties>
</testcase>
</testsuite>
<testsuite name="Api/servers.spec.ts" timestamp="2024-12-17T05:44:24.165Z" hostname="desktop-firefox" tests="2" failures="0" skipped="0" time="10.389" errors="0">
<testcase name="Servers › Should add a server" classname="Api/servers.spec.ts" time="4.85">
<properties>
<property name="Description" value="An admin user can add a server">
</property>
<property name="Pre Condition" value="A valid admin username and password is logged">
</property>
<property name="Go To" value="Go to the servers page: &quot;https://effizientedemo.azurewebsites.net/Security/servers&apos;&quot;">
</property>
<property name="Post Condition" value="Delete server with the key: &quot;474774&quot; if exists">
</property>
<property name="Button" value="Click: &quot;Add&quot;">
</property>
<property name="InputText" value="Fill &quot;Key:&quot; with the value: &quot;474774&quot;">
</property>
<property name="InputText" value="Fill &quot;Name:&quot; with the value: &quot;Bernhard and Sons&quot;">
</property>
<property name="InputText" value="Fill &quot;Url:&quot; with the value: &quot;https://normal-pants.name&quot;">
</property>
<property name="Step" value="Save server and return server id from api">
</property>
<property name="Button" value="Click: &quot;Save&quot;">
</property>
<property name="Assert" value="Success message is visible">
</property>
<property name="Assert" value="Server id should be a number greater than 1">
</property>
<property name="Assert" value="Server with the key: &quot;474774&quot; exists in the table">
</property>
<property name="Assert" value="The server name for the key: &quot;474774&quot; is: &quot;Bernhard and Sons&quot;">
</property>
<property name="Assert" value="The server url for the key: &quot;474774&quot; is: &quot;https://normal-pants.name&quot;">
</property>
<property name="Post Condition" value="Delete the server with API request">
</property>
</properties>
</testcase>
<testcase name="Servers › Should edit a server" classname="Api/servers.spec.ts" time="5.539">
<properties>
<property name="Description" value="An admin user can edit a server">
</property>
<property name="Pre Condition" value="A valid admin username and password is logged">
</property>
<property name="Go To" value="Go to the servers page: &quot;https://effizientedemo.azurewebsites.net/Security/servers&apos;&quot;">
</property>
<property name="Step" value="Create server with API">
</property>
<property name="Go To" value="Go to the servers page: &quot;https://effizientedemo.azurewebsites.net/Security/servers&apos;&quot;">
</property>
<property name="InputText" value="Fill &quot;key:&quot; with the value: &quot;265797&quot;">
</property>
<property name="InputText" value="Fill &quot;Name:&quot; with the value: &quot;McCullough - Balistreri&quot;">
</property>
<property name="InputText" value="Fill &quot;Url:&quot; with the value: &quot;https://inexperienced-taro.info&quot;">
</property>
<property name="Button" value="Click: &quot;Save&quot;">
</property>
<property name="Assert" value="Success message is visible">
</property>
<property name="Assert" value="Server with the key: &quot;265797&quot; exists in the table">
</property>
<property name="Assert" value="The server name for the key: &quot;265797&quot; is: &quot;McCullough - Balistreri&quot;">
</property>
<property name="Assert" value="The server url for the key: &quot;265797&quot; is: &quot;https://inexperienced-taro.info&quot;">
</property>
<property name="Post Condition" value="Delete the server with API request">
</property>
</properties>
</testcase>
</testsuite>
<testsuite name="Basic/login.spec.ts" timestamp="2024-12-17T05:44:24.165Z" hostname="desktop-firefox" tests="1" failures="0" skipped="0" time="0.921" errors="0">
<testcase name="Login › Login with valid user load inventory page" classname="Basic/login.spec.ts" time="0.921">
<properties>
<property name="Description" value="Login with valid user on sauce demo">
</property>
<property name="Pre Condition" value="A valid username and password">
</property>
<property name="Go To" value="Go to: &quot;https://www.saucedemo.com&quot;">
</property>
<property name="InputText" value="Fill &quot;Username:&quot; with the value: &quot;standard_user&quot;">
</property>
<property name="InputPassword" value="Fill &quot;Password&quot; with value: *****">
</property>
<property name="Button" value="Click: &quot;Login&quot;">
</property>
<property name="Assert" value="Check URL Page is equal to: &quot;https://www.saucedemo.com/inventory.html&quot;">
</property>
</properties>
</testcase>
</testsuite>
<testsuite name="Basic/menu.spec.ts" timestamp="2024-12-17T05:44:24.165Z" hostname="desktop-firefox" tests="2" failures="0" skipped="0" time="7.303" errors="0">
<testcase name="Normal user › Should returns user menu" classname="Basic/menu.spec.ts" time="3.282">
<properties>
<property name="Description" value="Login to effiziente demo with a normal user, the user will see the menu for normal users">
</property>
<property name="Pre Condition" value="A valid normal user">
</property>
<property name="Go To" value="Go to: &quot;https://effizientedemo.azurewebsites.net/AccountsReceivable/dashboard&quot;">
</property>
<property name="PrimeFacesMenu" value="Get top menus">
</property>
<property name="Assert" value="Menu are equal to: &quot;AccountsReceivable,Config&quot;">
</property>
</properties>
</testcase>
<testcase name="Admin user › Should returns admin menu" classname="Basic/menu.spec.ts" time="4.021">
<properties>
<property name="Description" value="Login to effiziente demo with a admin user, the user will see the menu for admin users">
</property>
<property name="Pre Condition" value="A valid admin user">
</property>
<property name="Go To" value="Go to: &quot;https://effizientedemo.azurewebsites.net/AccountsReceivable/dashboard&quot;">
</property>
<property name="PrimeFacesMenu" value="Get top menus">
</property>
<property name="Assert" value="Menu are equal to: &quot;AccountsReceivable,Security,Config&quot;">
</property>
</properties>
</testcase>
</testsuite>
<testsuite name="Basic/parameterized.spec.ts" timestamp="2024-12-17T05:44:24.165Z" hostname="desktop-firefox" tests="2" failures="0" skipped="0" time="1.962" errors="0">
<testcase name="Login with Parameters › Login with &quot;standard_user&quot; from parameters will load inventory page" classname="Basic/parameterized.spec.ts" time="1.002">
<properties>
<property name="Description" value="Login with valid user on Sauce Demo">
</property>
<property name="Pre Condition" value="A valid username and password">
</property>
<property name="Go To" value="Go to: &quot;https://www.saucedemo.com&quot;">
</property>
<property name="InputText" value="Fill &quot;Username:&quot; with the value: &quot;standard_user&quot;">
</property>
<property name="InputPassword" value="Fill &quot;Password&quot; with value: *****">
</property>
<property name="Button" value="Click: &quot;Login&quot;">
</property>
<property name="Assert" value="Check URL Page is equal to: https://www.saucedemo.com/inventory.html&quot;">
</property>
</properties>
</testcase>
<testcase name="Login with Parameters › Login with &quot;visual_user&quot; from parameters will load inventory page" classname="Basic/parameterized.spec.ts" time="0.96">
<properties>
<property name="Description" value="Login with valid user on Sauce Demo">
</property>
<property name="Pre Condition" value="A valid username and password">
</property>
<property name="Go To" value="Go to: &quot;https://www.saucedemo.com&quot;">
</property>
<property name="InputText" value="Fill &quot;Username:&quot; with the value: &quot;visual_user&quot;">
</property>
<property name="InputPassword" value="Fill &quot;Password&quot; with value: *****">
</property>
<property name="Button" value="Click: &quot;Login&quot;">
</property>
<property name="Assert" value="Check URL Page is equal to: https://www.saucedemo.com/inventory.html&quot;">
</property>
</properties>
</testcase>
</testsuite>
<testsuite name="Excel/exportServers.spec.ts" timestamp="2024-12-17T05:44:24.165Z" hostname="desktop-firefox" tests="1" failures="0" skipped="0" time="2.278" errors="0">
<testcase name="Servers › Should export servers to excel" classname="Excel/exportServers.spec.ts" time="2.278">
<properties>
<property name="Go To" value="Go to the servers page: &quot;https://effizientedemo.azurewebsites.net/Security/servers&apos;&quot;">
</property>
<property name="ButtonExcel" value="Click: &quot;Export to Excel&quot;">
</property>
<property name="Assert" value="The excel file rows are equal to the grid rows">
</property>
</properties>
<system-out>
<![CDATA[
[[ATTACHMENT|../test-results/Excel-exportServers-Servers-Should-export-servers-to-excel-desktop-firefox/attachments/servers-xlsx-b45414d1440b649c23868d9b19e0f22e5f012826.xlsx]]
]]>
</system-out>
</testcase>
</testsuite>
<testsuite name="AI/login.spec.ts" timestamp="2024-12-17T05:44:24.165Z" hostname="desktop-webkit" tests="1" failures="0" skipped="1" time="4.362" errors="0">
<testcase name="AI Zero Step › Should show dashboard after login" classname="AI/login.spec.ts" time="4.362">
<properties>
<property name="skip" value="Zero Steps only works in chromium">
</property>
</properties>
<skipped>
</skipped>
</testcase>
</testsuite>
<testsuite name="Api/addToCart.spec.ts" timestamp="2024-12-17T05:44:24.165Z" hostname="desktop-webkit" tests="1" failures="0" skipped="0" time="25.09" errors="0">
<testcase name="WebdriverIO Shop › Should add an item to the cart" classname="Api/addToCart.spec.ts" time="25.09">
<properties>
<property name="Go To" value="Go to: &quot;https://shop.webdriver.io&quot;">
</property>
<property name="Link" value="Click: &quot;Shop All&quot;">
</property>
<property name="Step" value="Click in the product: &quot;WebdriverIO Trucker Cap&quot;">
</property>
<property name="Select" value="On &quot;Color&quot; select any option">
</property>
<property name="Select" value="On &quot;Color&quot; select the option Black">
</property>
<property name="Step" value="Select any available Size">
</property>
<property name="Step" value="Get the product price">
</property>
<property name="Button" value="Click: &quot; 
		Add to Cart
		 
	$16.00
&quot;">
</property>
<property name="Assert" value="There is one item in the bag">
</property>
<property name="Button" value="Click: &quot;
 
				1
			 
				items
			&quot;">
</property>
<property name="Assert" value="The name of the item in the cart is: &quot;WebdriverIO Trucker Cap&quot;">
</property>
<property name="Assert" value="The price of the item in the cart is: &quot;$16.00&quot;">
</property>
<property name="Assert" value="The subtotal is: &quot;$16.00&quot;">
</property>
</properties>
</testcase>
</testsuite>
<testsuite name="Api/servers.spec.ts" timestamp="2024-12-17T05:44:24.165Z" hostname="desktop-webkit" tests="2" failures="0" skipped="0" time="16.482" errors="0">
<testcase name="Servers › Should add a server" classname="Api/servers.spec.ts" time="8.515">
<properties>
<property name="Description" value="An admin user can add a server">
</property>
<property name="Pre Condition" value="A valid admin username and password is logged">
</property>
<property name="Go To" value="Go to the servers page: &quot;https://effizientedemo.azurewebsites.net/Security/servers&apos;&quot;">
</property>
<property name="Post Condition" value="Delete server with the key: &quot;170946&quot; if exists">
</property>
<property name="Button" value="Click: &quot;Add&quot;">
</property>
<property name="InputText" value="Fill &quot;Key:&quot; with the value: &quot;170946&quot;">
</property>
<property name="InputText" value="Fill &quot;Name:&quot; with the value: &quot;Hilll, Deckow and Auer&quot;">
</property>
<property name="InputText" value="Fill &quot;Url:&quot; with the value: &quot;https://energetic-bob.info&quot;">
</property>
<property name="Step" value="Save server and return server id from api">
</property>
<property name="Button" value="Click: &quot;Save&quot;">
</property>
<property name="Assert" value="Success message is visible">
</property>
<property name="Assert" value="Server id should be a number greater than 1">
</property>
<property name="Assert" value="Server with the key: &quot;170946&quot; exists in the table">
</property>
<property name="Assert" value="The server name for the key: &quot;170946&quot; is: &quot;Hilll, Deckow and Auer&quot;">
</property>
<property name="Assert" value="The server url for the key: &quot;170946&quot; is: &quot;https://energetic-bob.info&quot;">
</property>
<property name="Post Condition" value="Delete the server with API request">
</property>
</properties>
</testcase>
<testcase name="Servers › Should edit a server" classname="Api/servers.spec.ts" time="7.967">
<properties>
<property name="Description" value="An admin user can edit a server">
</property>
<property name="Pre Condition" value="A valid admin username and password is logged">
</property>
<property name="Go To" value="Go to the servers page: &quot;https://effizientedemo.azurewebsites.net/Security/servers&apos;&quot;">
</property>
<property name="Step" value="Create server with API">
</property>
<property name="Go To" value="Go to the servers page: &quot;https://effizientedemo.azurewebsites.net/Security/servers&apos;&quot;">
</property>
<property name="InputText" value="Fill &quot;key:&quot; with the value: &quot;110507&quot;">
</property>
<property name="InputText" value="Fill &quot;Name:&quot; with the value: &quot;McClure - Heller&quot;">
</property>
<property name="InputText" value="Fill &quot;Url:&quot; with the value: &quot;https://neglected-decryption.info&quot;">
</property>
<property name="Button" value="Click: &quot;Save&quot;">
</property>
<property name="Assert" value="Success message is visible">
</property>
<property name="Assert" value="Server with the key: &quot;110507&quot; exists in the table">
</property>
<property name="Assert" value="The server name for the key: &quot;110507&quot; is: &quot;McClure - Heller&quot;">
</property>
<property name="Assert" value="The server url for the key: &quot;110507&quot; is: &quot;https://neglected-decryption.info&quot;">
</property>
<property name="Post Condition" value="Delete the server with API request">
</property>
</properties>
</testcase>
</testsuite>
<testsuite name="Basic/login.spec.ts" timestamp="2024-12-17T05:44:24.165Z" hostname="desktop-webkit" tests="1" failures="0" skipped="0" time="2.427" errors="0">
<testcase name="Login › Login with valid user load inventory page" classname="Basic/login.spec.ts" time="2.427">
<properties>
<property name="Description" value="Login with valid user on sauce demo">
</property>
<property name="Pre Condition" value="A valid username and password">
</property>
<property name="Go To" value="Go to: &quot;https://www.saucedemo.com&quot;">
</property>
<property name="InputText" value="Fill &quot;Username:&quot; with the value: &quot;standard_user&quot;">
</property>
<property name="InputPassword" value="Fill &quot;Password&quot; with value: *****">
</property>
<property name="Button" value="Click: &quot;Login&quot;">
</property>
<property name="Assert" value="Check URL Page is equal to: &quot;https://www.saucedemo.com/inventory.html&quot;">
</property>
</properties>
</testcase>
</testsuite>
<testsuite name="Basic/menu.spec.ts" timestamp="2024-12-17T05:44:24.165Z" hostname="desktop-webkit" tests="2" failures="0" skipped="0" time="25.821" errors="0">
<testcase name="Normal user › Should returns user menu" classname="Basic/menu.spec.ts" time="13.47">
<properties>
<property name="Description" value="Login to effiziente demo with a normal user, the user will see the menu for normal users">
</property>
<property name="Pre Condition" value="A valid normal user">
</property>
<property name="Go To" value="Go to: &quot;https://effizientedemo.azurewebsites.net/AccountsReceivable/dashboard&quot;">
</property>
<property name="PrimeFacesMenu" value="Get top menus">
</property>
<property name="Assert" value="Menu are equal to: &quot;AccountsReceivable,Config&quot;">
</property>
</properties>
</testcase>
<testcase name="Admin user › Should returns admin menu" classname="Basic/menu.spec.ts" time="12.351">
<properties>
<property name="Description" value="Login to effiziente demo with a admin user, the user will see the menu for admin users">
</property>
<property name="Pre Condition" value="A valid admin user">
</property>
<property name="Go To" value="Go to: &quot;https://effizientedemo.azurewebsites.net/AccountsReceivable/dashboard&quot;">
</property>
<property name="PrimeFacesMenu" value="Get top menus">
</property>
<property name="Assert" value="Menu are equal to: &quot;AccountsReceivable,Security,Config&quot;">
</property>
</properties>
</testcase>
</testsuite>
<testsuite name="Basic/parameterized.spec.ts" timestamp="2024-12-17T05:44:24.165Z" hostname="desktop-webkit" tests="2" failures="0" skipped="0" time="3.213" errors="0">
<testcase name="Login with Parameters › Login with &quot;standard_user&quot; from parameters will load inventory page" classname="Basic/parameterized.spec.ts" time="1.611">
<properties>
<property name="Description" value="Login with valid user on Sauce Demo">
</property>
<property name="Pre Condition" value="A valid username and password">
</property>
<property name="Go To" value="Go to: &quot;https://www.saucedemo.com&quot;">
</property>
<property name="InputText" value="Fill &quot;Username:&quot; with the value: &quot;standard_user&quot;">
</property>
<property name="InputPassword" value="Fill &quot;Password&quot; with value: *****">
</property>
<property name="Button" value="Click: &quot;Login&quot;">
</property>
<property name="Assert" value="Check URL Page is equal to: https://www.saucedemo.com/inventory.html&quot;">
</property>
</properties>
</testcase>
<testcase name="Login with Parameters › Login with &quot;visual_user&quot; from parameters will load inventory page" classname="Basic/parameterized.spec.ts" time="1.602">
<properties>
<property name="Description" value="Login with valid user on Sauce Demo">
</property>
<property name="Pre Condition" value="A valid username and password">
</property>
<property name="Go To" value="Go to: &quot;https://www.saucedemo.com&quot;">
</property>
<property name="InputText" value="Fill &quot;Username:&quot; with the value: &quot;visual_user&quot;">
</property>
<property name="InputPassword" value="Fill &quot;Password&quot; with value: *****">
</property>
<property name="Button" value="Click: &quot;Login&quot;">
</property>
<property name="Assert" value="Check URL Page is equal to: https://www.saucedemo.com/inventory.html&quot;">
</property>
</properties>
</testcase>
</testsuite>
<testsuite name="Excel/exportServers.spec.ts" timestamp="2024-12-17T05:44:24.165Z" hostname="desktop-webkit" tests="1" failures="0" skipped="0" time="3.066" errors="0">
<testcase name="Servers › Should export servers to excel" classname="Excel/exportServers.spec.ts" time="3.066">
<properties>
<property name="Go To" value="Go to the servers page: &quot;https://effizientedemo.azurewebsites.net/Security/servers&apos;&quot;">
</property>
<property name="ButtonExcel" value="Click: &quot;Export to Excel&quot;">
</property>
<property name="Assert" value="The excel file rows are equal to the grid rows">
</property>
</properties>
<system-out>
<![CDATA[
[[ATTACHMENT|../test-results/Excel-exportServers-Servers-Should-export-servers-to-excel-desktop-webkit/attachments/servers-xlsx-b45414d1440b649c23868d9b19e0f22e5f012826.xlsx]]
]]>
</system-out>
</testcase>
</testsuite>
</testsuites>