<testsuites id="" name="" tests="24" failures="0" skipped="2" errors="0" time="90.19058100000001">
<testsuite name="AI/login.spec.ts" timestamp="2024-08-31T04:28:31.048Z" hostname="desktop-chromium" tests="1" failures="0" skipped="0" time="8.178" errors="0">
<testcase name="AI Zero Step › Should show dashboard after login" classname="AI/login.spec.ts" time="8.178">
<system-out>
<![CDATA[
[[ATTACHMENT|../test-results/AI-login-AI-Zero-Step-Should-show-dashboard-after-login-desktop-chromium/test-finished-1.png]]

[[ATTACHMENT|../test-results/AI-login-AI-Zero-Step-Should-show-dashboard-after-login-desktop-chromium/video.webm]]

[[ATTACHMENT|../test-results/AI-login-AI-Zero-Step-Should-show-dashboard-after-login-desktop-chromium/trace.zip]]
]]>
</system-out>
</testcase>
</testsuite>
<testsuite name="Api/addToCart.spec.ts" timestamp="2024-08-31T04:28:31.048Z" hostname="desktop-chromium" tests="1" failures="0" skipped="0" time="11.712" errors="0">
<testcase name="WebdriverIO Shop › Should add an item to the cart" classname="Api/addToCart.spec.ts" time="11.712">
<properties>
<property name="Go To" value="Go to the page: &quot;https://shop.webdriver.io&quot;">
</property>
<property name="Link" value="Click: &quot;Shop All&quot;">
</property>
<property name="Step" value="Click in the product: &quot;WebdriverIO Trucker Cap&quot;">
</property>
<property name="Button" value="Click: &quot; 
		Add to Cart
		 
	$16.00
&quot;">
</property>
<property name="Assert" value="There is one item in the bag">
</property>
<property name="Button" value="Click: &quot;
 
				1
			 
				items
			&quot;">
</property>
<property name="Assert" value="The name of the item in the cart is: &quot;WebdriverIO Trucker Cap&quot;">
</property>
<property name="Assert" value="The price of the item in the cart is: &quot;$16.00&quot;">
</property>
</properties>
<system-out>
<![CDATA[
[[ATTACHMENT|../test-results/Api-addToCart-WebdriverIO--609ad-uld-add-an-item-to-the-cart-desktop-chromium/test-finished-1.png]]

[[ATTACHMENT|../test-results/Api-addToCart-WebdriverIO--609ad-uld-add-an-item-to-the-cart-desktop-chromium/video.webm]]

[[ATTACHMENT|../test-results/Api-addToCart-WebdriverIO--609ad-uld-add-an-item-to-the-cart-desktop-chromium/trace.zip]]
]]>
</system-out>
</testcase>
</testsuite>
<testsuite name="Api/servers.spec.ts" timestamp="2024-08-31T04:28:31.048Z" hostname="desktop-chromium" tests="2" failures="0" skipped="0" time="9.325" errors="0">
<testcase name="Servers › Should add a server" classname="Api/servers.spec.ts" time="4.41">
<properties>
<property name="Go To" value="Go to the servers page: &quot;https://effizientedemo.azurewebsites.net/Security/servers&quot;">
</property>
<property name="Button" value="Click: &quot;Add&quot;">
</property>
<property name="InputText" value="Fill &quot;Key:&quot; with the value: &quot;32860&quot;">
</property>
<property name="InputText" value="Fill &quot;Name:&quot; with the value: &quot;Gleichner, Kessler and Schultz&quot;">
</property>
<property name="InputText" value="Fill &quot;Url:&quot; with the value: &quot;https://agitated-behavior.org&quot;">
</property>
<property name="Button" value="Click: &quot;Save&quot;">
</property>
<property name="Assert" value="Success message is visible">
</property>
<property name="Assert" value="Server id should be a number greater than 1">
</property>
<property name="Assert" value="Server with the key: &quot;32860&quot; exists in the table">
</property>
<property name="Assert" value="The server name for the key: &quot;32860&quot; is: &quot;Gleichner, Kessler and Schultz&quot;">
</property>
<property name="Assert" value="The server url for the key: &quot;32860&quot; is: &quot;https://agitated-behavior.org&quot;">
</property>
</properties>
<system-out>
<![CDATA[
[[ATTACHMENT|../test-results/Api-servers-Servers-Should-add-a-server-desktop-chromium/test-finished-1.png]]

[[ATTACHMENT|../test-results/Api-servers-Servers-Should-add-a-server-desktop-chromium/video.webm]]

[[ATTACHMENT|../test-results/Api-servers-Servers-Should-add-a-server-desktop-chromium/trace.zip]]
]]>
</system-out>
</testcase>
<testcase name="Servers › Should edit a server" classname="Api/servers.spec.ts" time="4.915">
<properties>
<property name="Go To" value="Go to the servers page: &quot;https://effizientedemo.azurewebsites.net/Security/servers&quot;">
</property>
<property name="Step" value="Create server with API">
</property>
<property name="Go To" value="Go to the servers page: &quot;https://effizientedemo.azurewebsites.net/Security/servers&quot;">
</property>
<property name="InputText" value="Fill &quot;key:&quot; with the value: &quot;766234&quot;">
</property>
<property name="InputText" value="Fill &quot;Name:&quot; with the value: &quot;Monahan and Sons&quot;">
</property>
<property name="InputText" value="Fill &quot;Url:&quot; with the value: &quot;https://imperturbable-pantry.com&quot;">
</property>
<property name="Button" value="Click: &quot;Save&quot;">
</property>
<property name="Assert" value="Success message is visible">
</property>
<property name="Assert" value="Server with the key: &quot;766234&quot; exists in the table">
</property>
<property name="Assert" value="The server name for the key: &quot;766234&quot; is: &quot;Monahan and Sons&quot;">
</property>
<property name="Assert" value="The server url for the key: &quot;766234&quot; is: &quot;https://imperturbable-pantry.com&quot;">
</property>
</properties>
<system-out>
<![CDATA[
[[ATTACHMENT|../test-results/Api-servers-Servers-Should-edit-a-server-desktop-chromium/test-finished-1.png]]

[[ATTACHMENT|../test-results/Api-servers-Servers-Should-edit-a-server-desktop-chromium/video.webm]]

[[ATTACHMENT|../test-results/Api-servers-Servers-Should-edit-a-server-desktop-chromium/trace.zip]]
]]>
</system-out>
</testcase>
</testsuite>
<testsuite name="Basic/login.spec.ts" timestamp="2024-08-31T04:28:31.048Z" hostname="desktop-chromium" tests="1" failures="0" skipped="0" time="0.888" errors="0">
<testcase name="Login › Login with valid user load inventory page" classname="Basic/login.spec.ts" time="0.888">
<properties>
<property name="Description" value="Login with valid user in saucedemo">
</property>
<property name="Pre Condition" value="A valid username and password">
</property>
<property name="Go To" value="Go to the page: &quot;https://www.saucedemo.com&quot;">
</property>
<property name="InputText" value="Fill &quot;Username:&quot; with the value: &quot;standard_user&quot;">
</property>
<property name="InputPassword" value="Fill &quot;Password&quot;: with value: *****">
</property>
<property name="Button" value="Click: &quot;Login&quot;">
</property>
<property name="Assert" value="Check URL Page is equal to: &quot;https://www.saucedemo.com/inventory.html&quot;">
</property>
</properties>
<system-out>
<![CDATA[
[[ATTACHMENT|../test-results/Basic-login-Login-Login-with-valid-user-load-inventory-page-desktop-chromium/test-finished-1.png]]

[[ATTACHMENT|../test-results/Basic-login-Login-Login-with-valid-user-load-inventory-page-desktop-chromium/video.webm]]

[[ATTACHMENT|../test-results/Basic-login-Login-Login-with-valid-user-load-inventory-page-desktop-chromium/trace.zip]]
]]>
</system-out>
</testcase>
</testsuite>
<testsuite name="Basic/menu.spec.ts" timestamp="2024-08-31T04:28:31.048Z" hostname="desktop-chromium" tests="2" failures="0" skipped="0" time="5.788" errors="0">
<testcase name="Normal user › Should returns user menu" classname="Basic/menu.spec.ts" time="2.928">
<properties>
<property name="Description" value="Login to effiziente demo with a normal user, the user will see the menu for normal users">
</property>
<property name="Pre Condition" value="A valid normal user">
</property>
<property name="Go To" value="Go to the page: &quot;https://effizientedemo.azurewebsites.net/AccountsReceivable/dashboard&quot;">
</property>
<property name="PrimeFacesMenu" value="Get top menus">
</property>
<property name="Assert" value="Menu are equal to: &quot;AccountsReceivable,Config&quot;">
</property>
</properties>
<system-out>
<![CDATA[
[[ATTACHMENT|../test-results/Basic-menu-Normal-user-Should-returns-user-menu-desktop-chromium/test-finished-1.png]]

[[ATTACHMENT|../test-results/Basic-menu-Normal-user-Should-returns-user-menu-desktop-chromium/video.webm]]

[[ATTACHMENT|../test-results/Basic-menu-Normal-user-Should-returns-user-menu-desktop-chromium/trace.zip]]
]]>
</system-out>
</testcase>
<testcase name="Admin user › Should returns admin menu" classname="Basic/menu.spec.ts" time="2.86">
<properties>
<property name="Description" value="LLogin to effiziente demo with a admin user, the user will see the menu for admin users">
</property>
<property name="Pre Condition" value="A valid admin user">
</property>
<property name="Go To" value="Go to the page: &quot;https://effizientedemo.azurewebsites.net/AccountsReceivable/dashboard&quot;">
</property>
<property name="PrimeFacesMenu" value="Get top menus">
</property>
<property name="Assert" value="Menu are equal to: &quot;AccountsReceivable,Security,Config&quot;">
</property>
</properties>
<system-out>
<![CDATA[
[[ATTACHMENT|../test-results/Basic-menu-Admin-user-Should-returns-admin-menu-desktop-chromium/test-finished-1.png]]

[[ATTACHMENT|../test-results/Basic-menu-Admin-user-Should-returns-admin-menu-desktop-chromium/video.webm]]

[[ATTACHMENT|../test-results/Basic-menu-Admin-user-Should-returns-admin-menu-desktop-chromium/trace.zip]]
]]>
</system-out>
</testcase>
</testsuite>
<testsuite name="Excel/exportServers.spec.ts" timestamp="2024-08-31T04:28:31.048Z" hostname="desktop-chromium" tests="1" failures="0" skipped="0" time="3" errors="0">
<testcase name="Servers › Should export servers to excel" classname="Excel/exportServers.spec.ts" time="3">
<properties>
<property name="Go To" value="Go to the servers page: &quot;https://effizientedemo.azurewebsites.net/Security/servers&quot;">
</property>
<property name="ButtonExcel" value="Click: &quot;Export to Excel&quot;">
</property>
<property name="Assert" value="The excel file rows are equal to the grid rows">
</property>
</properties>
<system-out>
<![CDATA[
[[ATTACHMENT|../test-results/Excel-exportServers-Servers-Should-export-servers-to-excel-desktop-chromium/attachments/servers-xlsx-b45414d1440b649c23868d9b19e0f22e5f012826.xlsx]]

[[ATTACHMENT|../test-results/Excel-exportServers-Servers-Should-export-servers-to-excel-desktop-chromium/test-finished-1.png]]

[[ATTACHMENT|../test-results/Excel-exportServers-Servers-Should-export-servers-to-excel-desktop-chromium/video.webm]]

[[ATTACHMENT|../test-results/Excel-exportServers-Servers-Should-export-servers-to-excel-desktop-chromium/trace.zip]]
]]>
</system-out>
</testcase>
</testsuite>
<testsuite name="AI/login.spec.ts" timestamp="2024-08-31T04:28:31.048Z" hostname="desktop-firefox" tests="1" failures="0" skipped="1" time="1.144" errors="0">
<testcase name="AI Zero Step › Should show dashboard after login" classname="AI/login.spec.ts" time="1.144">
<properties>
<property name="skip" value="Zero Steps only works in chromium">
</property>
</properties>
<skipped>
</skipped>
</testcase>
</testsuite>
<testsuite name="Api/addToCart.spec.ts" timestamp="2024-08-31T04:28:31.048Z" hostname="desktop-firefox" tests="1" failures="0" skipped="0" time="16.897" errors="0">
<testcase name="WebdriverIO Shop › Should add an item to the cart" classname="Api/addToCart.spec.ts" time="16.897">
<properties>
<property name="Go To" value="Go to the page: &quot;https://shop.webdriver.io&quot;">
</property>
<property name="Link" value="Click: &quot;Shop All&quot;">
</property>
<property name="Step" value="Click in the product: &quot;WebdriverIO T-Shirt - Code Test Dominate&quot;">
</property>
<property name="Button" value="Click: &quot; 
		Add to Cart
		 
	$35.00
&quot;">
</property>
<property name="Assert" value="There is one item in the bag">
</property>
<property name="Button" value="Click: &quot;
 
				1
			 
				items
			&quot;">
</property>
<property name="Assert" value="The name of the item in the cart is: &quot;WebdriverIO T-Shirt - Code Test Dominate&quot;">
</property>
<property name="Assert" value="The price of the item in the cart is: &quot;$35.00&quot;">
</property>
</properties>
<system-out>
<![CDATA[
[[ATTACHMENT|../test-results/Api-addToCart-WebdriverIO--609ad-uld-add-an-item-to-the-cart-desktop-firefox/test-finished-1.png]]

[[ATTACHMENT|../test-results/Api-addToCart-WebdriverIO--609ad-uld-add-an-item-to-the-cart-desktop-firefox/video.webm]]

[[ATTACHMENT|../test-results/Api-addToCart-WebdriverIO--609ad-uld-add-an-item-to-the-cart-desktop-firefox/trace.zip]]
]]>
</system-out>
</testcase>
</testsuite>
<testsuite name="Api/servers.spec.ts" timestamp="2024-08-31T04:28:31.048Z" hostname="desktop-firefox" tests="2" failures="0" skipped="0" time="10.436" errors="0">
<testcase name="Servers › Should add a server" classname="Api/servers.spec.ts" time="5.131">
<properties>
<property name="Go To" value="Go to the servers page: &quot;https://effizientedemo.azurewebsites.net/Security/servers&quot;">
</property>
<property name="Button" value="Click: &quot;Add&quot;">
</property>
<property name="InputText" value="Fill &quot;Key:&quot; with the value: &quot;791996&quot;">
</property>
<property name="InputText" value="Fill &quot;Name:&quot; with the value: &quot;Goodwin, Schoen and McCullough&quot;">
</property>
<property name="InputText" value="Fill &quot;Url:&quot; with the value: &quot;https://unwelcome-prairie.info/&quot;">
</property>
<property name="Button" value="Click: &quot;Save&quot;">
</property>
<property name="Assert" value="Success message is visible">
</property>
<property name="Assert" value="Server id should be a number greater than 1">
</property>
<property name="Assert" value="Server with the key: &quot;791996&quot; exists in the table">
</property>
<property name="Assert" value="The server name for the key: &quot;791996&quot; is: &quot;Goodwin, Schoen and McCullough&quot;">
</property>
<property name="Assert" value="The server url for the key: &quot;791996&quot; is: &quot;https://unwelcome-prairie.info/&quot;">
</property>
</properties>
<system-out>
<![CDATA[
[[ATTACHMENT|../test-results/Api-servers-Servers-Should-add-a-server-desktop-firefox/test-finished-1.png]]

[[ATTACHMENT|../test-results/Api-servers-Servers-Should-add-a-server-desktop-firefox/video.webm]]

[[ATTACHMENT|../test-results/Api-servers-Servers-Should-add-a-server-desktop-firefox/trace.zip]]
]]>
</system-out>
</testcase>
<testcase name="Servers › Should edit a server" classname="Api/servers.spec.ts" time="5.305">
<properties>
<property name="Go To" value="Go to the servers page: &quot;https://effizientedemo.azurewebsites.net/Security/servers&quot;">
</property>
<property name="Step" value="Create server with API">
</property>
<property name="Go To" value="Go to the servers page: &quot;https://effizientedemo.azurewebsites.net/Security/servers&quot;">
</property>
<property name="InputText" value="Fill &quot;key:&quot; with the value: &quot;868670&quot;">
</property>
<property name="InputText" value="Fill &quot;Name:&quot; with the value: &quot;Lesch, Lang and Shields&quot;">
</property>
<property name="InputText" value="Fill &quot;Url:&quot; with the value: &quot;https://distorted-legislation.biz/&quot;">
</property>
<property name="Button" value="Click: &quot;Save&quot;">
</property>
<property name="Assert" value="Success message is visible">
</property>
<property name="Assert" value="Server with the key: &quot;868670&quot; exists in the table">
</property>
<property name="Assert" value="The server name for the key: &quot;868670&quot; is: &quot;Lesch, Lang and Shields&quot;">
</property>
<property name="Assert" value="The server url for the key: &quot;868670&quot; is: &quot;https://distorted-legislation.biz/&quot;">
</property>
</properties>
<system-out>
<![CDATA[
[[ATTACHMENT|../test-results/Api-servers-Servers-Should-edit-a-server-desktop-firefox/test-finished-1.png]]

[[ATTACHMENT|../test-results/Api-servers-Servers-Should-edit-a-server-desktop-firefox/video.webm]]

[[ATTACHMENT|../test-results/Api-servers-Servers-Should-edit-a-server-desktop-firefox/trace.zip]]
]]>
</system-out>
</testcase>
</testsuite>
<testsuite name="Basic/login.spec.ts" timestamp="2024-08-31T04:28:31.048Z" hostname="desktop-firefox" tests="1" failures="0" skipped="0" time="1.311" errors="0">
<testcase name="Login › Login with valid user load inventory page" classname="Basic/login.spec.ts" time="1.311">
<properties>
<property name="Description" value="Login with valid user in saucedemo">
</property>
<property name="Pre Condition" value="A valid username and password">
</property>
<property name="Go To" value="Go to the page: &quot;https://www.saucedemo.com&quot;">
</property>
<property name="InputText" value="Fill &quot;Username:&quot; with the value: &quot;standard_user&quot;">
</property>
<property name="InputPassword" value="Fill &quot;Password&quot;: with value: *****">
</property>
<property name="Button" value="Click: &quot;Login&quot;">
</property>
<property name="Assert" value="Check URL Page is equal to: &quot;https://www.saucedemo.com/inventory.html&quot;">
</property>
</properties>
<system-out>
<![CDATA[
[[ATTACHMENT|../test-results/Basic-login-Login-Login-with-valid-user-load-inventory-page-desktop-firefox/test-finished-1.png]]

[[ATTACHMENT|../test-results/Basic-login-Login-Login-with-valid-user-load-inventory-page-desktop-firefox/video.webm]]

[[ATTACHMENT|../test-results/Basic-login-Login-Login-with-valid-user-load-inventory-page-desktop-firefox/trace.zip]]
]]>
</system-out>
</testcase>
</testsuite>
<testsuite name="Basic/menu.spec.ts" timestamp="2024-08-31T04:28:31.048Z" hostname="desktop-firefox" tests="2" failures="0" skipped="0" time="6.724" errors="0">
<testcase name="Normal user › Should returns user menu" classname="Basic/menu.spec.ts" time="3.016">
<properties>
<property name="Description" value="Login to effiziente demo with a normal user, the user will see the menu for normal users">
</property>
<property name="Pre Condition" value="A valid normal user">
</property>
<property name="Go To" value="Go to the page: &quot;https://effizientedemo.azurewebsites.net/AccountsReceivable/dashboard&quot;">
</property>
<property name="PrimeFacesMenu" value="Get top menus">
</property>
<property name="Assert" value="Menu are equal to: &quot;AccountsReceivable,Config&quot;">
</property>
</properties>
<system-out>
<![CDATA[
[[ATTACHMENT|../test-results/Basic-menu-Normal-user-Should-returns-user-menu-desktop-firefox/test-finished-1.png]]

[[ATTACHMENT|../test-results/Basic-menu-Normal-user-Should-returns-user-menu-desktop-firefox/video.webm]]

[[ATTACHMENT|../test-results/Basic-menu-Normal-user-Should-returns-user-menu-desktop-firefox/trace.zip]]
]]>
</system-out>
</testcase>
<testcase name="Admin user › Should returns admin menu" classname="Basic/menu.spec.ts" time="3.708">
<properties>
<property name="Description" value="LLogin to effiziente demo with a admin user, the user will see the menu for admin users">
</property>
<property name="Pre Condition" value="A valid admin user">
</property>
<property name="Go To" value="Go to the page: &quot;https://effizientedemo.azurewebsites.net/AccountsReceivable/dashboard&quot;">
</property>
<property name="PrimeFacesMenu" value="Get top menus">
</property>
<property name="Assert" value="Menu are equal to: &quot;AccountsReceivable,Security,Config&quot;">
</property>
</properties>
<system-out>
<![CDATA[
[[ATTACHMENT|../test-results/Basic-menu-Admin-user-Should-returns-admin-menu-desktop-firefox/test-finished-1.png]]

[[ATTACHMENT|../test-results/Basic-menu-Admin-user-Should-returns-admin-menu-desktop-firefox/video.webm]]

[[ATTACHMENT|../test-results/Basic-menu-Admin-user-Should-returns-admin-menu-desktop-firefox/trace.zip]]
]]>
</system-out>
</testcase>
</testsuite>
<testsuite name="Excel/exportServers.spec.ts" timestamp="2024-08-31T04:28:31.048Z" hostname="desktop-firefox" tests="1" failures="0" skipped="0" time="3.02" errors="0">
<testcase name="Servers › Should export servers to excel" classname="Excel/exportServers.spec.ts" time="3.02">
<properties>
<property name="Go To" value="Go to the servers page: &quot;https://effizientedemo.azurewebsites.net/Security/servers&quot;">
</property>
<property name="ButtonExcel" value="Click: &quot;Export to Excel&quot;">
</property>
<property name="Assert" value="The excel file rows are equal to the grid rows">
</property>
</properties>
<system-out>
<![CDATA[
[[ATTACHMENT|../test-results/Excel-exportServers-Servers-Should-export-servers-to-excel-desktop-firefox/attachments/servers-xlsx-b45414d1440b649c23868d9b19e0f22e5f012826.xlsx]]

[[ATTACHMENT|../test-results/Excel-exportServers-Servers-Should-export-servers-to-excel-desktop-firefox/test-finished-1.png]]

[[ATTACHMENT|../test-results/Excel-exportServers-Servers-Should-export-servers-to-excel-desktop-firefox/video.webm]]

[[ATTACHMENT|../test-results/Excel-exportServers-Servers-Should-export-servers-to-excel-desktop-firefox/trace.zip]]
]]>
</system-out>
</testcase>
</testsuite>
<testsuite name="AI/login.spec.ts" timestamp="2024-08-31T04:28:31.048Z" hostname="desktop-webkit" tests="1" failures="0" skipped="1" time="3.251" errors="0">
<testcase name="AI Zero Step › Should show dashboard after login" classname="AI/login.spec.ts" time="3.251">
<properties>
<property name="skip" value="Zero Steps only works in chromium">
</property>
</properties>
<skipped>
</skipped>
</testcase>
</testsuite>
<testsuite name="Api/addToCart.spec.ts" timestamp="2024-08-31T04:28:31.048Z" hostname="desktop-webkit" tests="1" failures="0" skipped="0" time="32.452" errors="0">
<testcase name="WebdriverIO Shop › Should add an item to the cart" classname="Api/addToCart.spec.ts" time="32.452">
<properties>
<property name="Go To" value="Go to the page: &quot;https://shop.webdriver.io&quot;">
</property>
<property name="Link" value="Click: &quot;Shop All&quot;">
</property>
<property name="Step" value="Click in the product: &quot;WebdriverIO T-Shirt - Box Logo Tee&quot;">
</property>
<property name="Button" value="Click: &quot; 
		Add to Cart
		 
	$25.00
&quot;">
</property>
<property name="Assert" value="There is one item in the bag">
</property>
<property name="Button" value="Click: &quot;
 
				1
			 
				items
			&quot;">
</property>
<property name="Assert" value="The name of the item in the cart is: &quot;WebdriverIO T-Shirt - Box Logo Tee&quot;">
</property>
<property name="Assert" value="The price of the item in the cart is: &quot;$25.00&quot;">
</property>
</properties>
<system-out>
<![CDATA[
[[ATTACHMENT|../test-results/Api-addToCart-WebdriverIO--609ad-uld-add-an-item-to-the-cart-desktop-webkit/test-finished-1.png]]

[[ATTACHMENT|../test-results/Api-addToCart-WebdriverIO--609ad-uld-add-an-item-to-the-cart-desktop-webkit/video.webm]]

[[ATTACHMENT|../test-results/Api-addToCart-WebdriverIO--609ad-uld-add-an-item-to-the-cart-desktop-webkit/trace.zip]]
]]>
</system-out>
</testcase>
</testsuite>
<testsuite name="Api/servers.spec.ts" timestamp="2024-08-31T04:28:31.048Z" hostname="desktop-webkit" tests="2" failures="0" skipped="0" time="17.407" errors="0">
<testcase name="Servers › Should add a server" classname="Api/servers.spec.ts" time="8.716">
<properties>
<property name="Go To" value="Go to the servers page: &quot;https://effizientedemo.azurewebsites.net/Security/servers&quot;">
</property>
<property name="Button" value="Click: &quot;Add&quot;">
</property>
<property name="InputText" value="Fill &quot;Key:&quot; with the value: &quot;374920&quot;">
</property>
<property name="InputText" value="Fill &quot;Name:&quot; with the value: &quot;Dach and Sons&quot;">
</property>
<property name="InputText" value="Fill &quot;Url:&quot; with the value: &quot;https://stained-residence.net&quot;">
</property>
<property name="Button" value="Click: &quot;Save&quot;">
</property>
<property name="Assert" value="Success message is visible">
</property>
<property name="Assert" value="Server id should be a number greater than 1">
</property>
<property name="Assert" value="Server with the key: &quot;374920&quot; exists in the table">
</property>
<property name="Assert" value="The server name for the key: &quot;374920&quot; is: &quot;Dach and Sons&quot;">
</property>
<property name="Assert" value="The server url for the key: &quot;374920&quot; is: &quot;https://stained-residence.net&quot;">
</property>
</properties>
<system-out>
<![CDATA[
[[ATTACHMENT|../test-results/Api-servers-Servers-Should-add-a-server-desktop-webkit/test-finished-1.png]]

[[ATTACHMENT|../test-results/Api-servers-Servers-Should-add-a-server-desktop-webkit/video.webm]]

[[ATTACHMENT|../test-results/Api-servers-Servers-Should-add-a-server-desktop-webkit/trace.zip]]
]]>
</system-out>
</testcase>
<testcase name="Servers › Should edit a server" classname="Api/servers.spec.ts" time="8.691">
<properties>
<property name="Go To" value="Go to the servers page: &quot;https://effizientedemo.azurewebsites.net/Security/servers&quot;">
</property>
<property name="Step" value="Create server with API">
</property>
<property name="Go To" value="Go to the servers page: &quot;https://effizientedemo.azurewebsites.net/Security/servers&quot;">
</property>
<property name="InputText" value="Fill &quot;key:&quot; with the value: &quot;440545&quot;">
</property>
<property name="InputText" value="Fill &quot;Name:&quot; with the value: &quot;Harris - Cartwright&quot;">
</property>
<property name="InputText" value="Fill &quot;Url:&quot; with the value: &quot;https://whimsical-root.biz&quot;">
</property>
<property name="Button" value="Click: &quot;Save&quot;">
</property>
<property name="Assert" value="Success message is visible">
</property>
<property name="Assert" value="Server with the key: &quot;440545&quot; exists in the table">
</property>
<property name="Assert" value="The server name for the key: &quot;440545&quot; is: &quot;Harris - Cartwright&quot;">
</property>
<property name="Assert" value="The server url for the key: &quot;440545&quot; is: &quot;https://whimsical-root.biz&quot;">
</property>
</properties>
<system-out>
<![CDATA[
[[ATTACHMENT|../test-results/Api-servers-Servers-Should-edit-a-server-desktop-webkit/test-finished-1.png]]

[[ATTACHMENT|../test-results/Api-servers-Servers-Should-edit-a-server-desktop-webkit/video.webm]]

[[ATTACHMENT|../test-results/Api-servers-Servers-Should-edit-a-server-desktop-webkit/trace.zip]]
]]>
</system-out>
</testcase>
</testsuite>
<testsuite name="Basic/login.spec.ts" timestamp="2024-08-31T04:28:31.048Z" hostname="desktop-webkit" tests="1" failures="0" skipped="0" time="1.871" errors="0">
<testcase name="Login › Login with valid user load inventory page" classname="Basic/login.spec.ts" time="1.871">
<properties>
<property name="Description" value="Login with valid user in saucedemo">
</property>
<property name="Pre Condition" value="A valid username and password">
</property>
<property name="Go To" value="Go to the page: &quot;https://www.saucedemo.com&quot;">
</property>
<property name="InputText" value="Fill &quot;Username:&quot; with the value: &quot;standard_user&quot;">
</property>
<property name="InputPassword" value="Fill &quot;Password&quot;: with value: *****">
</property>
<property name="Button" value="Click: &quot;Login&quot;">
</property>
<property name="Assert" value="Check URL Page is equal to: &quot;https://www.saucedemo.com/inventory.html&quot;">
</property>
</properties>
<system-out>
<![CDATA[
[[ATTACHMENT|../test-results/Basic-login-Login-Login-with-valid-user-load-inventory-page-desktop-webkit/test-finished-1.png]]

[[ATTACHMENT|../test-results/Basic-login-Login-Login-with-valid-user-load-inventory-page-desktop-webkit/video.webm]]

[[ATTACHMENT|../test-results/Basic-login-Login-Login-with-valid-user-load-inventory-page-desktop-webkit/trace.zip]]
]]>
</system-out>
</testcase>
</testsuite>
<testsuite name="Basic/menu.spec.ts" timestamp="2024-08-31T04:28:31.048Z" hostname="desktop-webkit" tests="2" failures="0" skipped="0" time="11.669" errors="0">
<testcase name="Normal user › Should returns user menu" classname="Basic/menu.spec.ts" time="5.589">
<properties>
<property name="Description" value="Login to effiziente demo with a normal user, the user will see the menu for normal users">
</property>
<property name="Pre Condition" value="A valid normal user">
</property>
<property name="Go To" value="Go to the page: &quot;https://effizientedemo.azurewebsites.net/AccountsReceivable/dashboard&quot;">
</property>
<property name="PrimeFacesMenu" value="Get top menus">
</property>
<property name="Assert" value="Menu are equal to: &quot;AccountsReceivable,Config&quot;">
</property>
</properties>
<system-out>
<![CDATA[
[[ATTACHMENT|../test-results/Basic-menu-Normal-user-Should-returns-user-menu-desktop-webkit/test-finished-1.png]]

[[ATTACHMENT|../test-results/Basic-menu-Normal-user-Should-returns-user-menu-desktop-webkit/video.webm]]

[[ATTACHMENT|../test-results/Basic-menu-Normal-user-Should-returns-user-menu-desktop-webkit/trace.zip]]
]]>
</system-out>
</testcase>
<testcase name="Admin user › Should returns admin menu" classname="Basic/menu.spec.ts" time="6.08">
<properties>
<property name="Description" value="LLogin to effiziente demo with a admin user, the user will see the menu for admin users">
</property>
<property name="Pre Condition" value="A valid admin user">
</property>
<property name="Go To" value="Go to the page: &quot;https://effizientedemo.azurewebsites.net/AccountsReceivable/dashboard&quot;">
</property>
<property name="PrimeFacesMenu" value="Get top menus">
</property>
<property name="Assert" value="Menu are equal to: &quot;AccountsReceivable,Security,Config&quot;">
</property>
</properties>
<system-out>
<![CDATA[
[[ATTACHMENT|../test-results/Basic-menu-Admin-user-Should-returns-admin-menu-desktop-webkit/test-finished-1.png]]

[[ATTACHMENT|../test-results/Basic-menu-Admin-user-Should-returns-admin-menu-desktop-webkit/video.webm]]

[[ATTACHMENT|../test-results/Basic-menu-Admin-user-Should-returns-admin-menu-desktop-webkit/trace.zip]]
]]>
</system-out>
</testcase>
</testsuite>
<testsuite name="Excel/exportServers.spec.ts" timestamp="2024-08-31T04:28:31.048Z" hostname="desktop-webkit" tests="1" failures="0" skipped="0" time="3.736" errors="0">
<testcase name="Servers › Should export servers to excel" classname="Excel/exportServers.spec.ts" time="3.736">
<properties>
<property name="Go To" value="Go to the servers page: &quot;https://effizientedemo.azurewebsites.net/Security/servers&quot;">
</property>
<property name="ButtonExcel" value="Click: &quot;Export to Excel&quot;">
</property>
<property name="Assert" value="The excel file rows are equal to the grid rows">
</property>
</properties>
<system-out>
<![CDATA[
[[ATTACHMENT|../test-results/Excel-exportServers-Servers-Should-export-servers-to-excel-desktop-webkit/attachments/servers-xlsx-b45414d1440b649c23868d9b19e0f22e5f012826.xlsx]]

[[ATTACHMENT|../test-results/Excel-exportServers-Servers-Should-export-servers-to-excel-desktop-webkit/test-finished-1.png]]

[[ATTACHMENT|../test-results/Excel-exportServers-Servers-Should-export-servers-to-excel-desktop-webkit/video.webm]]

[[ATTACHMENT|../test-results/Excel-exportServers-Servers-Should-export-servers-to-excel-desktop-webkit/trace.zip]]
]]>
</system-out>
</testcase>
</testsuite>
</testsuites>