<testsuites id="" name="" tests="30" failures="7" skipped="2" errors="0" time="313.319205">
<testsuite name="AI/login.spec.ts" timestamp="2024-11-19T05:43:04.699Z" hostname="desktop-chromium" tests="1" failures="1" skipped="0" time="79.133" errors="0">
<testcase name="AI Zero Step › Should show dashboard after login" classname="AI/login.spec.ts" time="79.133">
<failure message="login.spec.ts:7:9 Should show dashboard after login" type="FAILURE">
<![CDATA[  [desktop-chromium] › AI/login.spec.ts:7:9 › AI Zero Step › Should show dashboard after login ─────

    Error: Timed out 35000ms waiting for expect(locator).toBeVisible()

    Locator: locator('#top5 canvas')
    Expected: visible
    Received: <element(s) not found>
    Call log:
      - expect.toBeVisible with timeout 35000ms
      - waiting for locator('#top5 canvas')


      26 |         await ai(`Type "${password}" in the "Password" textbox`, aiArgs);
      27 |         await ai('Click in "Login" button', aiArgs);
    > 28 |         await expect(page.locator('#top5 canvas')).toBeVisible({ timeout: 35_000 });
         |                                                    ^
      29 |     });
      30 | });

        at /home/runner/work/Playwright/Playwright/tests/AI/login.spec.ts:28:52

    attachment #3: screenshot (image/png) ──────────────────────────────────────────────────────────
    test-results/AI-login-AI-Zero-Step-Should-show-dashboard-after-login-desktop-chromium/test-failed-1.png
    ────────────────────────────────────────────────────────────────────────────────────────────────

    attachment #4: video (video/webm) ──────────────────────────────────────────────────────────────
    test-results/AI-login-AI-Zero-Step-Should-show-dashboard-after-login-desktop-chromium/video.webm
    ────────────────────────────────────────────────────────────────────────────────────────────────

    attachment #5: trace (application/zip) ─────────────────────────────────────────────────────────
    test-results/AI-login-AI-Zero-Step-Should-show-dashboard-after-login-desktop-chromium/trace.zip
    Usage:

        npx playwright show-trace test-results/AI-login-AI-Zero-Step-Should-show-dashboard-after-login-desktop-chromium/trace.zip

    ────────────────────────────────────────────────────────────────────────────────────────────────

    Retry #1 ───────────────────────────────────────────────────────────────────────────────────────

    Error: Timed out 35000ms waiting for expect(locator).toBeVisible()

    Locator: locator('#top5 canvas')
    Expected: visible
    Received: <element(s) not found>
    Call log:
      - expect.toBeVisible with timeout 35000ms
      - waiting for locator('#top5 canvas')


      26 |         await ai(`Type "${password}" in the "Password" textbox`, aiArgs);
      27 |         await ai('Click in "Login" button', aiArgs);
    > 28 |         await expect(page.locator('#top5 canvas')).toBeVisible({ timeout: 35_000 });
         |                                                    ^
      29 |     });
      30 | });

        at /home/runner/work/Playwright/Playwright/tests/AI/login.spec.ts:28:52

    attachment #3: screenshot (image/png) ──────────────────────────────────────────────────────────
    test-results/AI-login-AI-Zero-Step-Should-show-dashboard-after-login-desktop-chromium-retry1/test-failed-1.png
    ────────────────────────────────────────────────────────────────────────────────────────────────

    attachment #4: video (video/webm) ──────────────────────────────────────────────────────────────
    test-results/AI-login-AI-Zero-Step-Should-show-dashboard-after-login-desktop-chromium-retry1/video.webm
    ────────────────────────────────────────────────────────────────────────────────────────────────

    attachment #5: trace (application/zip) ─────────────────────────────────────────────────────────
    test-results/AI-login-AI-Zero-Step-Should-show-dashboard-after-login-desktop-chromium-retry1/trace.zip
    Usage:

        npx playwright show-trace test-results/AI-login-AI-Zero-Step-Should-show-dashboard-after-login-desktop-chromium-retry1/trace.zip

    ────────────────────────────────────────────────────────────────────────────────────────────────
]]>
</failure>
<system-out>
<![CDATA[
[[ATTACHMENT|../test-results/AI-login-AI-Zero-Step-Should-show-dashboard-after-login-desktop-chromium/test-failed-1.png]]

[[ATTACHMENT|../test-results/AI-login-AI-Zero-Step-Should-show-dashboard-after-login-desktop-chromium/video.webm]]

[[ATTACHMENT|../test-results/AI-login-AI-Zero-Step-Should-show-dashboard-after-login-desktop-chromium/trace.zip]]

[[ATTACHMENT|../test-results/AI-login-AI-Zero-Step-Should-show-dashboard-after-login-desktop-chromium-retry1/test-failed-1.png]]

[[ATTACHMENT|../test-results/AI-login-AI-Zero-Step-Should-show-dashboard-after-login-desktop-chromium-retry1/video.webm]]

[[ATTACHMENT|../test-results/AI-login-AI-Zero-Step-Should-show-dashboard-after-login-desktop-chromium-retry1/trace.zip]]
]]>
</system-out>
</testcase>
</testsuite>
<testsuite name="Api/addToCart.spec.ts" timestamp="2024-11-19T05:43:04.699Z" hostname="desktop-chromium" tests="1" failures="0" skipped="0" time="17.143" errors="0">
<testcase name="WebdriverIO Shop › Should add an item to the cart" classname="Api/addToCart.spec.ts" time="17.143">
<properties>
<property name="Go To" value="Go to: &quot;https://shop.webdriver.io&quot;">
</property>
<property name="Link" value="Click: &quot;Shop All&quot;">
</property>
<property name="Step" value="Click in the product: &quot;WebdriverIO T-Shirt - Box Logo Tee&quot;">
</property>
<property name="Select" value="On &quot;Color&quot; select any option">
</property>
<property name="Select" value="On &quot;Color&quot; select the option Maroon">
</property>
<property name="Step" value="Select any available Size">
</property>
<property name="Select" value="On &quot;Size&quot; select any option">
</property>
<property name="Select" value="On &quot;Size&quot; select the option L">
</property>
<property name="Step" value="Get the product price">
</property>
<property name="Button" value="Click: &quot; 
		Add to Cart
		 
	$25.00
&quot;">
</property>
<property name="Assert" value="There is one item in the bag">
</property>
<property name="Button" value="Click: &quot;
 
				1
			 
				items
			&quot;">
</property>
<property name="Assert" value="The name of the item in the cart is: &quot;WebdriverIO T-Shirt - Box Logo Tee&quot;">
</property>
<property name="Assert" value="The price of the item in the cart is: &quot;$25.00&quot;">
</property>
<property name="Assert" value="The subtotal is: &quot;$25.00&quot;">
</property>
</properties>
</testcase>
</testsuite>
<testsuite name="Api/servers.spec.ts" timestamp="2024-11-19T05:43:04.699Z" hostname="desktop-chromium" tests="2" failures="0" skipped="0" time="6.129" errors="0">
<testcase name="Servers › Should add a server" classname="Api/servers.spec.ts" time="3.26">
<properties>
<property name="Description" value="An admin user can add a server">
</property>
<property name="Pre Condition" value="A valid admin username and password is logged">
</property>
<property name="Go To" value="Go to the servers page: &quot;https://effizientedemo.azurewebsites.net/Security/servers&apos;&quot;">
</property>
<property name="Post Condition" value="Delete server with the key: &quot;186674&quot; if exists">
</property>
<property name="Button" value="Click: &quot;Add&quot;">
</property>
<property name="InputText" value="Fill &quot;Key:&quot; with the value: &quot;186674&quot;">
</property>
<property name="InputText" value="Fill &quot;Name:&quot; with the value: &quot;Sawayn and Sons&quot;">
</property>
<property name="InputText" value="Fill &quot;Url:&quot; with the value: &quot;https://long-cauliflower.org/&quot;">
</property>
<property name="Step" value="Save server and return server id from api">
</property>
<property name="Button" value="Click: &quot;Save&quot;">
</property>
<property name="Assert" value="Success message is visible">
</property>
<property name="Assert" value="Server id should be a number greater than 1">
</property>
<property name="Assert" value="Server with the key: &quot;186674&quot; exists in the table">
</property>
<property name="Assert" value="The server name for the key: &quot;186674&quot; is: &quot;Sawayn and Sons&quot;">
</property>
<property name="Assert" value="The server url for the key: &quot;186674&quot; is: &quot;https://long-cauliflower.org/&quot;">
</property>
<property name="Post Condition" value="Delete the server with API request">
</property>
</properties>
</testcase>
<testcase name="Servers › Should edit a server" classname="Api/servers.spec.ts" time="2.869">
<properties>
<property name="Description" value="An admin user can edit a server">
</property>
<property name="Pre Condition" value="A valid admin username and password is logged">
</property>
<property name="Go To" value="Go to the servers page: &quot;https://effizientedemo.azurewebsites.net/Security/servers&apos;&quot;">
</property>
<property name="Step" value="Create server with API">
</property>
<property name="Go To" value="Go to the servers page: &quot;https://effizientedemo.azurewebsites.net/Security/servers&apos;&quot;">
</property>
<property name="InputText" value="Fill &quot;key:&quot; with the value: &quot;236838&quot;">
</property>
<property name="InputText" value="Fill &quot;Name:&quot; with the value: &quot;Wolf - Ankunding&quot;">
</property>
<property name="InputText" value="Fill &quot;Url:&quot; with the value: &quot;https://general-formation.name/&quot;">
</property>
<property name="Button" value="Click: &quot;Save&quot;">
</property>
<property name="Assert" value="Success message is visible">
</property>
<property name="Assert" value="Server with the key: &quot;236838&quot; exists in the table">
</property>
<property name="Assert" value="The server name for the key: &quot;236838&quot; is: &quot;Wolf - Ankunding&quot;">
</property>
<property name="Assert" value="The server url for the key: &quot;236838&quot; is: &quot;https://general-formation.name/&quot;">
</property>
<property name="Post Condition" value="Delete the server with API request">
</property>
</properties>
</testcase>
</testsuite>
<testsuite name="Basic/login.spec.ts" timestamp="2024-11-19T05:43:04.699Z" hostname="desktop-chromium" tests="1" failures="0" skipped="0" time="0.777" errors="0">
<testcase name="Login › Login with valid user load inventory page" classname="Basic/login.spec.ts" time="0.777">
<properties>
<property name="Description" value="Login with valid user on sauce demo">
</property>
<property name="Pre Condition" value="A valid username and password">
</property>
<property name="Go To" value="Go to: &quot;https://www.saucedemo.com&quot;">
</property>
<property name="InputText" value="Fill &quot;Username:&quot; with the value: &quot;standard_user&quot;">
</property>
<property name="InputPassword" value="Fill &quot;Password&quot; with value: *****">
</property>
<property name="Button" value="Click: &quot;Login&quot;">
</property>
<property name="Assert" value="Check URL Page is equal to: &quot;https://www.saucedemo.com/inventory.html&quot;">
</property>
</properties>
</testcase>
</testsuite>
<testsuite name="Basic/menu.spec.ts" timestamp="2024-11-19T05:43:04.699Z" hostname="desktop-chromium" tests="2" failures="2" skipped="0" time="127.591" errors="0">
<testcase name="Normal user › Should returns user menu" classname="Basic/menu.spec.ts" time="63.644">
<properties>
<property name="Description" value="Login to effiziente demo with a normal user, the user will see the menu for normal users">
</property>
<property name="Pre Condition" value="A valid normal user">
</property>
<property name="Go To" value="Go to: &quot;https://effizientedemo.azurewebsites.net/AccountsReceivable/dashboard&quot;">
</property>
</properties>
<failure message="menu.spec.ts:9:9 Should returns user menu" type="FAILURE">
<![CDATA[  [desktop-chromium] › Basic/menu.spec.ts:9:9 › Normal user › Should returns user menu › Go to: "https://effizientedemo.azurewebsites.net/AccountsReceivable/dashboard" 

    TimeoutError: locator.waitFor: Timeout 30000ms exceeded.
    Call log:
      - waiting for locator('#title') to be visible


       at ../pages/Effiziente/dashboardPage.ts:34

      32 |         await this.addStepWithAnnotation(AnnotationType.GoTo, `Go to: "${dashboardPage}"`, async () => {
      33 |             await this.page.goto(dashboardPage);
    > 34 |             await this.title.locator.waitFor({ timeout: 30_000 });
         |                                      ^
      35 |         });
      36 |     }
      37 |

        at /home/runner/work/Playwright/Playwright/pages/Effiziente/dashboardPage.ts:34:38
        at DashboardPage.addStepWithAnnotation (/home/runner/work/Playwright/Playwright/pages/basePage.ts:56:20)
        at DashboardPage.goTo (/home/runner/work/Playwright/Playwright/pages/Effiziente/dashboardPage.ts:32:9)
        at /home/runner/work/Playwright/Playwright/tests/Basic/menu.spec.ts:19:9

    attachment #3: screenshot (image/png) ──────────────────────────────────────────────────────────
    test-results/Basic-menu-Normal-user-Should-returns-user-menu-desktop-chromium/test-failed-1.png
    ────────────────────────────────────────────────────────────────────────────────────────────────

    attachment #4: video (video/webm) ──────────────────────────────────────────────────────────────
    test-results/Basic-menu-Normal-user-Should-returns-user-menu-desktop-chromium/video.webm
    ────────────────────────────────────────────────────────────────────────────────────────────────

    attachment #5: trace (application/zip) ─────────────────────────────────────────────────────────
    test-results/Basic-menu-Normal-user-Should-returns-user-menu-desktop-chromium/trace.zip
    Usage:

        npx playwright show-trace test-results/Basic-menu-Normal-user-Should-returns-user-menu-desktop-chromium/trace.zip

    ────────────────────────────────────────────────────────────────────────────────────────────────

    Retry #1 ───────────────────────────────────────────────────────────────────────────────────────

    TimeoutError: locator.waitFor: Timeout 30000ms exceeded.
    Call log:
      - waiting for locator('#title') to be visible


       at ../pages/Effiziente/dashboardPage.ts:34

      32 |         await this.addStepWithAnnotation(AnnotationType.GoTo, `Go to: "${dashboardPage}"`, async () => {
      33 |             await this.page.goto(dashboardPage);
    > 34 |             await this.title.locator.waitFor({ timeout: 30_000 });
         |                                      ^
      35 |         });
      36 |     }
      37 |

        at /home/runner/work/Playwright/Playwright/pages/Effiziente/dashboardPage.ts:34:38
        at DashboardPage.addStepWithAnnotation (/home/runner/work/Playwright/Playwright/pages/basePage.ts:56:20)
        at DashboardPage.goTo (/home/runner/work/Playwright/Playwright/pages/Effiziente/dashboardPage.ts:32:9)
        at /home/runner/work/Playwright/Playwright/tests/Basic/menu.spec.ts:19:9

    attachment #3: screenshot (image/png) ──────────────────────────────────────────────────────────
    test-results/Basic-menu-Normal-user-Should-returns-user-menu-desktop-chromium-retry1/test-failed-1.png
    ────────────────────────────────────────────────────────────────────────────────────────────────

    attachment #4: video (video/webm) ──────────────────────────────────────────────────────────────
    test-results/Basic-menu-Normal-user-Should-returns-user-menu-desktop-chromium-retry1/video.webm
    ────────────────────────────────────────────────────────────────────────────────────────────────

    attachment #5: trace (application/zip) ─────────────────────────────────────────────────────────
    test-results/Basic-menu-Normal-user-Should-returns-user-menu-desktop-chromium-retry1/trace.zip
    Usage:

        npx playwright show-trace test-results/Basic-menu-Normal-user-Should-returns-user-menu-desktop-chromium-retry1/trace.zip

    ────────────────────────────────────────────────────────────────────────────────────────────────
]]>
</failure>
<system-out>
<![CDATA[
[[ATTACHMENT|../test-results/Basic-menu-Normal-user-Should-returns-user-menu-desktop-chromium/test-failed-1.png]]

[[ATTACHMENT|../test-results/Basic-menu-Normal-user-Should-returns-user-menu-desktop-chromium/video.webm]]

[[ATTACHMENT|../test-results/Basic-menu-Normal-user-Should-returns-user-menu-desktop-chromium/trace.zip]]

[[ATTACHMENT|../test-results/Basic-menu-Normal-user-Should-returns-user-menu-desktop-chromium-retry1/test-failed-1.png]]

[[ATTACHMENT|../test-results/Basic-menu-Normal-user-Should-returns-user-menu-desktop-chromium-retry1/video.webm]]

[[ATTACHMENT|../test-results/Basic-menu-Normal-user-Should-returns-user-menu-desktop-chromium-retry1/trace.zip]]
]]>
</system-out>
</testcase>
<testcase name="Admin user › Should returns admin menu" classname="Basic/menu.spec.ts" time="63.947">
<properties>
<property name="Description" value="Login to effiziente demo with a admin user, the user will see the menu for admin users">
</property>
<property name="Pre Condition" value="A valid admin user">
</property>
<property name="Go To" value="Go to: &quot;https://effizientedemo.azurewebsites.net/AccountsReceivable/dashboard&quot;">
</property>
</properties>
<failure message="menu.spec.ts:29:9 Should returns admin menu" type="FAILURE">
<![CDATA[  [desktop-chromium] › Basic/menu.spec.ts:29:9 › Admin user › Should returns admin menu › Go to: "https://effizientedemo.azurewebsites.net/AccountsReceivable/dashboard" 

    TimeoutError: locator.waitFor: Timeout 30000ms exceeded.
    Call log:
      - waiting for locator('#title') to be visible


       at ../pages/Effiziente/dashboardPage.ts:34

      32 |         await this.addStepWithAnnotation(AnnotationType.GoTo, `Go to: "${dashboardPage}"`, async () => {
      33 |             await this.page.goto(dashboardPage);
    > 34 |             await this.title.locator.waitFor({ timeout: 30_000 });
         |                                      ^
      35 |         });
      36 |     }
      37 |

        at /home/runner/work/Playwright/Playwright/pages/Effiziente/dashboardPage.ts:34:38
        at DashboardPage.addStepWithAnnotation (/home/runner/work/Playwright/Playwright/pages/basePage.ts:56:20)
        at DashboardPage.goTo (/home/runner/work/Playwright/Playwright/pages/Effiziente/dashboardPage.ts:32:9)
        at /home/runner/work/Playwright/Playwright/tests/Basic/menu.spec.ts:39:9

    attachment #3: screenshot (image/png) ──────────────────────────────────────────────────────────
    test-results/Basic-menu-Admin-user-Should-returns-admin-menu-desktop-chromium/test-failed-1.png
    ────────────────────────────────────────────────────────────────────────────────────────────────

    attachment #4: video (video/webm) ──────────────────────────────────────────────────────────────
    test-results/Basic-menu-Admin-user-Should-returns-admin-menu-desktop-chromium/video.webm
    ────────────────────────────────────────────────────────────────────────────────────────────────

    attachment #5: trace (application/zip) ─────────────────────────────────────────────────────────
    test-results/Basic-menu-Admin-user-Should-returns-admin-menu-desktop-chromium/trace.zip
    Usage:

        npx playwright show-trace test-results/Basic-menu-Admin-user-Should-returns-admin-menu-desktop-chromium/trace.zip

    ────────────────────────────────────────────────────────────────────────────────────────────────

    Retry #1 ───────────────────────────────────────────────────────────────────────────────────────

    TimeoutError: locator.waitFor: Timeout 30000ms exceeded.
    Call log:
      - waiting for locator('#title') to be visible


       at ../pages/Effiziente/dashboardPage.ts:34

      32 |         await this.addStepWithAnnotation(AnnotationType.GoTo, `Go to: "${dashboardPage}"`, async () => {
      33 |             await this.page.goto(dashboardPage);
    > 34 |             await this.title.locator.waitFor({ timeout: 30_000 });
         |                                      ^
      35 |         });
      36 |     }
      37 |

        at /home/runner/work/Playwright/Playwright/pages/Effiziente/dashboardPage.ts:34:38
        at DashboardPage.addStepWithAnnotation (/home/runner/work/Playwright/Playwright/pages/basePage.ts:56:20)
        at DashboardPage.goTo (/home/runner/work/Playwright/Playwright/pages/Effiziente/dashboardPage.ts:32:9)
        at /home/runner/work/Playwright/Playwright/tests/Basic/menu.spec.ts:39:9

    attachment #3: screenshot (image/png) ──────────────────────────────────────────────────────────
    test-results/Basic-menu-Admin-user-Should-returns-admin-menu-desktop-chromium-retry1/test-failed-1.png
    ────────────────────────────────────────────────────────────────────────────────────────────────

    attachment #4: video (video/webm) ──────────────────────────────────────────────────────────────
    test-results/Basic-menu-Admin-user-Should-returns-admin-menu-desktop-chromium-retry1/video.webm
    ────────────────────────────────────────────────────────────────────────────────────────────────

    attachment #5: trace (application/zip) ─────────────────────────────────────────────────────────
    test-results/Basic-menu-Admin-user-Should-returns-admin-menu-desktop-chromium-retry1/trace.zip
    Usage:

        npx playwright show-trace test-results/Basic-menu-Admin-user-Should-returns-admin-menu-desktop-chromium-retry1/trace.zip

    ────────────────────────────────────────────────────────────────────────────────────────────────
]]>
</failure>
<system-out>
<![CDATA[
[[ATTACHMENT|../test-results/Basic-menu-Admin-user-Should-returns-admin-menu-desktop-chromium/test-failed-1.png]]

[[ATTACHMENT|../test-results/Basic-menu-Admin-user-Should-returns-admin-menu-desktop-chromium/video.webm]]

[[ATTACHMENT|../test-results/Basic-menu-Admin-user-Should-returns-admin-menu-desktop-chromium/trace.zip]]

[[ATTACHMENT|../test-results/Basic-menu-Admin-user-Should-returns-admin-menu-desktop-chromium-retry1/test-failed-1.png]]

[[ATTACHMENT|../test-results/Basic-menu-Admin-user-Should-returns-admin-menu-desktop-chromium-retry1/video.webm]]

[[ATTACHMENT|../test-results/Basic-menu-Admin-user-Should-returns-admin-menu-desktop-chromium-retry1/trace.zip]]
]]>
</system-out>
</testcase>
</testsuite>
<testsuite name="Basic/parameterized.spec.ts" timestamp="2024-11-19T05:43:04.699Z" hostname="desktop-chromium" tests="2" failures="0" skipped="0" time="1.663" errors="0">
<testcase name="Login with Parameters › Login with &quot;standard_user&quot; from parameters will load inventory page" classname="Basic/parameterized.spec.ts" time="0.907">
<properties>
<property name="Description" value="Login with valid user on Sauce Demo">
</property>
<property name="Pre Condition" value="A valid username and password">
</property>
<property name="Go To" value="Go to: &quot;https://www.saucedemo.com&quot;">
</property>
<property name="InputText" value="Fill &quot;Username:&quot; with the value: &quot;standard_user&quot;">
</property>
<property name="InputPassword" value="Fill &quot;Password&quot; with value: *****">
</property>
<property name="Button" value="Click: &quot;Login&quot;">
</property>
<property name="Assert" value="Check URL Page is equal to: https://www.saucedemo.com/inventory.html&quot;">
</property>
</properties>
</testcase>
<testcase name="Login with Parameters › Login with &quot;visual_user&quot; from parameters will load inventory page" classname="Basic/parameterized.spec.ts" time="0.756">
<properties>
<property name="Description" value="Login with valid user on Sauce Demo">
</property>
<property name="Pre Condition" value="A valid username and password">
</property>
<property name="Go To" value="Go to: &quot;https://www.saucedemo.com&quot;">
</property>
<property name="InputText" value="Fill &quot;Username:&quot; with the value: &quot;visual_user&quot;">
</property>
<property name="InputPassword" value="Fill &quot;Password&quot; with value: *****">
</property>
<property name="Button" value="Click: &quot;Login&quot;">
</property>
<property name="Assert" value="Check URL Page is equal to: https://www.saucedemo.com/inventory.html&quot;">
</property>
</properties>
</testcase>
</testsuite>
<testsuite name="Excel/exportServers.spec.ts" timestamp="2024-11-19T05:43:04.699Z" hostname="desktop-chromium" tests="1" failures="0" skipped="0" time="1.845" errors="0">
<testcase name="Servers › Should export servers to excel" classname="Excel/exportServers.spec.ts" time="1.845">
<properties>
<property name="Go To" value="Go to the servers page: &quot;https://effizientedemo.azurewebsites.net/Security/servers&apos;&quot;">
</property>
<property name="ButtonExcel" value="Click: &quot;Export to Excel&quot;">
</property>
<property name="Assert" value="The excel file rows are equal to the grid rows">
</property>
</properties>
<system-out>
<![CDATA[
[[ATTACHMENT|../test-results/Excel-exportServers-Servers-Should-export-servers-to-excel-desktop-chromium/attachments/servers-xlsx-b45414d1440b649c23868d9b19e0f22e5f012826.xlsx]]
]]>
</system-out>
</testcase>
</testsuite>
<testsuite name="AI/login.spec.ts" timestamp="2024-11-19T05:43:04.699Z" hostname="desktop-firefox" tests="1" failures="0" skipped="1" time="1.008" errors="0">
<testcase name="AI Zero Step › Should show dashboard after login" classname="AI/login.spec.ts" time="1.008">
<properties>
<property name="skip" value="Zero Steps only works in chromium">
</property>
</properties>
<skipped>
</skipped>
</testcase>
</testsuite>
<testsuite name="Api/addToCart.spec.ts" timestamp="2024-11-19T05:43:04.699Z" hostname="desktop-firefox" tests="1" failures="0" skipped="0" time="15.541" errors="0">
<testcase name="WebdriverIO Shop › Should add an item to the cart" classname="Api/addToCart.spec.ts" time="15.541">
<properties>
<property name="Go To" value="Go to: &quot;https://shop.webdriver.io&quot;">
</property>
<property name="Link" value="Click: &quot;Shop All&quot;">
</property>
<property name="Step" value="Click in the product: &quot;WebdriverIO T-Shirt - Code Test Dominate&quot;">
</property>
<property name="Select" value="On &quot;Color&quot; select any option">
</property>
<property name="Select" value="On &quot;Color&quot; select the option Burgundy">
</property>
<property name="Step" value="Select any available Size">
</property>
<property name="Select" value="On &quot;Size&quot; select any option">
</property>
<property name="Select" value="On &quot;Size&quot; select the option M">
</property>
<property name="Step" value="Get the product price">
</property>
<property name="Button" value="Click: &quot; 
		Add to Cart
		 
	$35.00
&quot;">
</property>
<property name="Assert" value="There is one item in the bag">
</property>
<property name="Button" value="Click: &quot;
 
				1
			 
				items
			&quot;">
</property>
<property name="Assert" value="The name of the item in the cart is: &quot;WebdriverIO T-Shirt - Code Test Dominate&quot;">
</property>
<property name="Assert" value="The price of the item in the cart is: &quot;$35.00&quot;">
</property>
<property name="Assert" value="The subtotal is: &quot;$35.00&quot;">
</property>
</properties>
</testcase>
</testsuite>
<testsuite name="Api/servers.spec.ts" timestamp="2024-11-19T05:43:04.699Z" hostname="desktop-firefox" tests="2" failures="0" skipped="0" time="7.996" errors="0">
<testcase name="Servers › Should add a server" classname="Api/servers.spec.ts" time="3.599">
<properties>
<property name="Description" value="An admin user can add a server">
</property>
<property name="Pre Condition" value="A valid admin username and password is logged">
</property>
<property name="Go To" value="Go to the servers page: &quot;https://effizientedemo.azurewebsites.net/Security/servers&apos;&quot;">
</property>
<property name="Post Condition" value="Delete server with the key: &quot;857045&quot; if exists">
</property>
<property name="Button" value="Click: &quot;Add&quot;">
</property>
<property name="InputText" value="Fill &quot;Key:&quot; with the value: &quot;857045&quot;">
</property>
<property name="InputText" value="Fill &quot;Name:&quot; with the value: &quot;Kuhlman - Bauch&quot;">
</property>
<property name="InputText" value="Fill &quot;Url:&quot; with the value: &quot;https://livid-comestible.net&quot;">
</property>
<property name="Step" value="Save server and return server id from api">
</property>
<property name="Button" value="Click: &quot;Save&quot;">
</property>
<property name="Assert" value="Success message is visible">
</property>
<property name="Assert" value="Server id should be a number greater than 1">
</property>
<property name="Assert" value="Server with the key: &quot;857045&quot; exists in the table">
</property>
<property name="Assert" value="The server name for the key: &quot;857045&quot; is: &quot;Kuhlman - Bauch&quot;">
</property>
<property name="Assert" value="The server url for the key: &quot;857045&quot; is: &quot;https://livid-comestible.net&quot;">
</property>
<property name="Post Condition" value="Delete the server with API request">
</property>
</properties>
</testcase>
<testcase name="Servers › Should edit a server" classname="Api/servers.spec.ts" time="4.397">
<properties>
<property name="Description" value="An admin user can edit a server">
</property>
<property name="Pre Condition" value="A valid admin username and password is logged">
</property>
<property name="Go To" value="Go to the servers page: &quot;https://effizientedemo.azurewebsites.net/Security/servers&apos;&quot;">
</property>
<property name="Step" value="Create server with API">
</property>
<property name="Go To" value="Go to the servers page: &quot;https://effizientedemo.azurewebsites.net/Security/servers&apos;&quot;">
</property>
<property name="InputText" value="Fill &quot;key:&quot; with the value: &quot;24841&quot;">
</property>
<property name="InputText" value="Fill &quot;Name:&quot; with the value: &quot;Spencer LLC&quot;">
</property>
<property name="InputText" value="Fill &quot;Url:&quot; with the value: &quot;https://deep-adrenalin.biz/&quot;">
</property>
<property name="Button" value="Click: &quot;Save&quot;">
</property>
<property name="Assert" value="Success message is visible">
</property>
<property name="Assert" value="Server with the key: &quot;24841&quot; exists in the table">
</property>
<property name="Assert" value="The server name for the key: &quot;24841&quot; is: &quot;Spencer LLC&quot;">
</property>
<property name="Assert" value="The server url for the key: &quot;24841&quot; is: &quot;https://deep-adrenalin.biz/&quot;">
</property>
<property name="Post Condition" value="Delete the server with API request">
</property>
</properties>
</testcase>
</testsuite>
<testsuite name="Basic/login.spec.ts" timestamp="2024-11-19T05:43:04.699Z" hostname="desktop-firefox" tests="1" failures="0" skipped="0" time="1.095" errors="0">
<testcase name="Login › Login with valid user load inventory page" classname="Basic/login.spec.ts" time="1.095">
<properties>
<property name="Description" value="Login with valid user on sauce demo">
</property>
<property name="Pre Condition" value="A valid username and password">
</property>
<property name="Go To" value="Go to: &quot;https://www.saucedemo.com&quot;">
</property>
<property name="InputText" value="Fill &quot;Username:&quot; with the value: &quot;standard_user&quot;">
</property>
<property name="InputPassword" value="Fill &quot;Password&quot; with value: *****">
</property>
<property name="Button" value="Click: &quot;Login&quot;">
</property>
<property name="Assert" value="Check URL Page is equal to: &quot;https://www.saucedemo.com/inventory.html&quot;">
</property>
</properties>
</testcase>
</testsuite>
<testsuite name="Basic/menu.spec.ts" timestamp="2024-11-19T05:43:04.699Z" hostname="desktop-firefox" tests="2" failures="2" skipped="0" time="131.507" errors="0">
<testcase name="Normal user › Should returns user menu" classname="Basic/menu.spec.ts" time="65.043">
<properties>
<property name="Description" value="Login to effiziente demo with a normal user, the user will see the menu for normal users">
</property>
<property name="Pre Condition" value="A valid normal user">
</property>
<property name="Go To" value="Go to: &quot;https://effizientedemo.azurewebsites.net/AccountsReceivable/dashboard&quot;">
</property>
</properties>
<failure message="menu.spec.ts:9:9 Should returns user menu" type="FAILURE">
<![CDATA[  [desktop-firefox] › Basic/menu.spec.ts:9:9 › Normal user › Should returns user menu › Go to: "https://effizientedemo.azurewebsites.net/AccountsReceivable/dashboard" 

    TimeoutError: locator.waitFor: Timeout 30000ms exceeded.
    Call log:
      - waiting for locator('#title') to be visible


       at ../pages/Effiziente/dashboardPage.ts:34

      32 |         await this.addStepWithAnnotation(AnnotationType.GoTo, `Go to: "${dashboardPage}"`, async () => {
      33 |             await this.page.goto(dashboardPage);
    > 34 |             await this.title.locator.waitFor({ timeout: 30_000 });
         |                                      ^
      35 |         });
      36 |     }
      37 |

        at /home/runner/work/Playwright/Playwright/pages/Effiziente/dashboardPage.ts:34:38
        at DashboardPage.addStepWithAnnotation (/home/runner/work/Playwright/Playwright/pages/basePage.ts:56:20)
        at DashboardPage.goTo (/home/runner/work/Playwright/Playwright/pages/Effiziente/dashboardPage.ts:32:9)
        at /home/runner/work/Playwright/Playwright/tests/Basic/menu.spec.ts:19:9

    attachment #3: screenshot (image/png) ──────────────────────────────────────────────────────────
    test-results/Basic-menu-Normal-user-Should-returns-user-menu-desktop-firefox/test-failed-1.png
    ────────────────────────────────────────────────────────────────────────────────────────────────

    attachment #4: video (video/webm) ──────────────────────────────────────────────────────────────
    test-results/Basic-menu-Normal-user-Should-returns-user-menu-desktop-firefox/video.webm
    ────────────────────────────────────────────────────────────────────────────────────────────────

    attachment #5: trace (application/zip) ─────────────────────────────────────────────────────────
    test-results/Basic-menu-Normal-user-Should-returns-user-menu-desktop-firefox/trace.zip
    Usage:

        npx playwright show-trace test-results/Basic-menu-Normal-user-Should-returns-user-menu-desktop-firefox/trace.zip

    ────────────────────────────────────────────────────────────────────────────────────────────────

    Retry #1 ───────────────────────────────────────────────────────────────────────────────────────

    TimeoutError: locator.waitFor: Timeout 30000ms exceeded.
    Call log:
      - waiting for locator('#title') to be visible


       at ../pages/Effiziente/dashboardPage.ts:34

      32 |         await this.addStepWithAnnotation(AnnotationType.GoTo, `Go to: "${dashboardPage}"`, async () => {
      33 |             await this.page.goto(dashboardPage);
    > 34 |             await this.title.locator.waitFor({ timeout: 30_000 });
         |                                      ^
      35 |         });
      36 |     }
      37 |

        at /home/runner/work/Playwright/Playwright/pages/Effiziente/dashboardPage.ts:34:38
        at DashboardPage.addStepWithAnnotation (/home/runner/work/Playwright/Playwright/pages/basePage.ts:56:20)
        at DashboardPage.goTo (/home/runner/work/Playwright/Playwright/pages/Effiziente/dashboardPage.ts:32:9)
        at /home/runner/work/Playwright/Playwright/tests/Basic/menu.spec.ts:19:9

    attachment #3: screenshot (image/png) ──────────────────────────────────────────────────────────
    test-results/Basic-menu-Normal-user-Should-returns-user-menu-desktop-firefox-retry1/test-failed-1.png
    ────────────────────────────────────────────────────────────────────────────────────────────────

    attachment #4: video (video/webm) ──────────────────────────────────────────────────────────────
    test-results/Basic-menu-Normal-user-Should-returns-user-menu-desktop-firefox-retry1/video.webm
    ────────────────────────────────────────────────────────────────────────────────────────────────

    attachment #5: trace (application/zip) ─────────────────────────────────────────────────────────
    test-results/Basic-menu-Normal-user-Should-returns-user-menu-desktop-firefox-retry1/trace.zip
    Usage:

        npx playwright show-trace test-results/Basic-menu-Normal-user-Should-returns-user-menu-desktop-firefox-retry1/trace.zip

    ────────────────────────────────────────────────────────────────────────────────────────────────
]]>
</failure>
<system-out>
<![CDATA[
[[ATTACHMENT|../test-results/Basic-menu-Normal-user-Should-returns-user-menu-desktop-firefox/test-failed-1.png]]

[[ATTACHMENT|../test-results/Basic-menu-Normal-user-Should-returns-user-menu-desktop-firefox/video.webm]]

[[ATTACHMENT|../test-results/Basic-menu-Normal-user-Should-returns-user-menu-desktop-firefox/trace.zip]]

[[ATTACHMENT|../test-results/Basic-menu-Normal-user-Should-returns-user-menu-desktop-firefox-retry1/test-failed-1.png]]

[[ATTACHMENT|../test-results/Basic-menu-Normal-user-Should-returns-user-menu-desktop-firefox-retry1/video.webm]]

[[ATTACHMENT|../test-results/Basic-menu-Normal-user-Should-returns-user-menu-desktop-firefox-retry1/trace.zip]]
]]>
</system-out>
</testcase>
<testcase name="Admin user › Should returns admin menu" classname="Basic/menu.spec.ts" time="66.464">
<properties>
<property name="Description" value="Login to effiziente demo with a admin user, the user will see the menu for admin users">
</property>
<property name="Pre Condition" value="A valid admin user">
</property>
<property name="Go To" value="Go to: &quot;https://effizientedemo.azurewebsites.net/AccountsReceivable/dashboard&quot;">
</property>
</properties>
<failure message="menu.spec.ts:29:9 Should returns admin menu" type="FAILURE">
<![CDATA[  [desktop-firefox] › Basic/menu.spec.ts:29:9 › Admin user › Should returns admin menu › Go to: "https://effizientedemo.azurewebsites.net/AccountsReceivable/dashboard" 

    TimeoutError: locator.waitFor: Timeout 30000ms exceeded.
    Call log:
      - waiting for locator('#title') to be visible


       at ../pages/Effiziente/dashboardPage.ts:34

      32 |         await this.addStepWithAnnotation(AnnotationType.GoTo, `Go to: "${dashboardPage}"`, async () => {
      33 |             await this.page.goto(dashboardPage);
    > 34 |             await this.title.locator.waitFor({ timeout: 30_000 });
         |                                      ^
      35 |         });
      36 |     }
      37 |

        at /home/runner/work/Playwright/Playwright/pages/Effiziente/dashboardPage.ts:34:38
        at DashboardPage.addStepWithAnnotation (/home/runner/work/Playwright/Playwright/pages/basePage.ts:56:20)
        at DashboardPage.goTo (/home/runner/work/Playwright/Playwright/pages/Effiziente/dashboardPage.ts:32:9)
        at /home/runner/work/Playwright/Playwright/tests/Basic/menu.spec.ts:39:9

    attachment #3: screenshot (image/png) ──────────────────────────────────────────────────────────
    test-results/Basic-menu-Admin-user-Should-returns-admin-menu-desktop-firefox/test-failed-1.png
    ────────────────────────────────────────────────────────────────────────────────────────────────

    attachment #4: video (video/webm) ──────────────────────────────────────────────────────────────
    test-results/Basic-menu-Admin-user-Should-returns-admin-menu-desktop-firefox/video.webm
    ────────────────────────────────────────────────────────────────────────────────────────────────

    attachment #5: trace (application/zip) ─────────────────────────────────────────────────────────
    test-results/Basic-menu-Admin-user-Should-returns-admin-menu-desktop-firefox/trace.zip
    Usage:

        npx playwright show-trace test-results/Basic-menu-Admin-user-Should-returns-admin-menu-desktop-firefox/trace.zip

    ────────────────────────────────────────────────────────────────────────────────────────────────

    Retry #1 ───────────────────────────────────────────────────────────────────────────────────────

    TimeoutError: locator.waitFor: Timeout 30000ms exceeded.
    Call log:
      - waiting for locator('#title') to be visible


       at ../pages/Effiziente/dashboardPage.ts:34

      32 |         await this.addStepWithAnnotation(AnnotationType.GoTo, `Go to: "${dashboardPage}"`, async () => {
      33 |             await this.page.goto(dashboardPage);
    > 34 |             await this.title.locator.waitFor({ timeout: 30_000 });
         |                                      ^
      35 |         });
      36 |     }
      37 |

        at /home/runner/work/Playwright/Playwright/pages/Effiziente/dashboardPage.ts:34:38
        at DashboardPage.addStepWithAnnotation (/home/runner/work/Playwright/Playwright/pages/basePage.ts:56:20)
        at DashboardPage.goTo (/home/runner/work/Playwright/Playwright/pages/Effiziente/dashboardPage.ts:32:9)
        at /home/runner/work/Playwright/Playwright/tests/Basic/menu.spec.ts:39:9

    attachment #3: screenshot (image/png) ──────────────────────────────────────────────────────────
    test-results/Basic-menu-Admin-user-Should-returns-admin-menu-desktop-firefox-retry1/test-failed-1.png
    ────────────────────────────────────────────────────────────────────────────────────────────────

    attachment #4: video (video/webm) ──────────────────────────────────────────────────────────────
    test-results/Basic-menu-Admin-user-Should-returns-admin-menu-desktop-firefox-retry1/video.webm
    ────────────────────────────────────────────────────────────────────────────────────────────────

    attachment #5: trace (application/zip) ─────────────────────────────────────────────────────────
    test-results/Basic-menu-Admin-user-Should-returns-admin-menu-desktop-firefox-retry1/trace.zip
    Usage:

        npx playwright show-trace test-results/Basic-menu-Admin-user-Should-returns-admin-menu-desktop-firefox-retry1/trace.zip

    ────────────────────────────────────────────────────────────────────────────────────────────────
]]>
</failure>
<system-out>
<![CDATA[
[[ATTACHMENT|../test-results/Basic-menu-Admin-user-Should-returns-admin-menu-desktop-firefox/test-failed-1.png]]

[[ATTACHMENT|../test-results/Basic-menu-Admin-user-Should-returns-admin-menu-desktop-firefox/video.webm]]

[[ATTACHMENT|../test-results/Basic-menu-Admin-user-Should-returns-admin-menu-desktop-firefox/trace.zip]]

[[ATTACHMENT|../test-results/Basic-menu-Admin-user-Should-returns-admin-menu-desktop-firefox-retry1/test-failed-1.png]]

[[ATTACHMENT|../test-results/Basic-menu-Admin-user-Should-returns-admin-menu-desktop-firefox-retry1/video.webm]]

[[ATTACHMENT|../test-results/Basic-menu-Admin-user-Should-returns-admin-menu-desktop-firefox-retry1/trace.zip]]
]]>
</system-out>
</testcase>
</testsuite>
<testsuite name="Basic/parameterized.spec.ts" timestamp="2024-11-19T05:43:04.699Z" hostname="desktop-firefox" tests="2" failures="0" skipped="0" time="2.824" errors="0">
<testcase name="Login with Parameters › Login with &quot;standard_user&quot; from parameters will load inventory page" classname="Basic/parameterized.spec.ts" time="1.914">
<properties>
<property name="Description" value="Login with valid user on Sauce Demo">
</property>
<property name="Pre Condition" value="A valid username and password">
</property>
<property name="Go To" value="Go to: &quot;https://www.saucedemo.com&quot;">
</property>
<property name="InputText" value="Fill &quot;Username:&quot; with the value: &quot;standard_user&quot;">
</property>
<property name="InputPassword" value="Fill &quot;Password&quot; with value: *****">
</property>
<property name="Button" value="Click: &quot;Login&quot;">
</property>
<property name="Assert" value="Check URL Page is equal to: https://www.saucedemo.com/inventory.html&quot;">
</property>
</properties>
</testcase>
<testcase name="Login with Parameters › Login with &quot;visual_user&quot; from parameters will load inventory page" classname="Basic/parameterized.spec.ts" time="0.91">
<properties>
<property name="Description" value="Login with valid user on Sauce Demo">
</property>
<property name="Pre Condition" value="A valid username and password">
</property>
<property name="Go To" value="Go to: &quot;https://www.saucedemo.com&quot;">
</property>
<property name="InputText" value="Fill &quot;Username:&quot; with the value: &quot;visual_user&quot;">
</property>
<property name="InputPassword" value="Fill &quot;Password&quot; with value: *****">
</property>
<property name="Button" value="Click: &quot;Login&quot;">
</property>
<property name="Assert" value="Check URL Page is equal to: https://www.saucedemo.com/inventory.html&quot;">
</property>
</properties>
</testcase>
</testsuite>
<testsuite name="Excel/exportServers.spec.ts" timestamp="2024-11-19T05:43:04.699Z" hostname="desktop-firefox" tests="1" failures="0" skipped="0" time="2.175" errors="0">
<testcase name="Servers › Should export servers to excel" classname="Excel/exportServers.spec.ts" time="2.175">
<properties>
<property name="Go To" value="Go to the servers page: &quot;https://effizientedemo.azurewebsites.net/Security/servers&apos;&quot;">
</property>
<property name="ButtonExcel" value="Click: &quot;Export to Excel&quot;">
</property>
<property name="Assert" value="The excel file rows are equal to the grid rows">
</property>
</properties>
<system-out>
<![CDATA[
[[ATTACHMENT|../test-results/Excel-exportServers-Servers-Should-export-servers-to-excel-desktop-firefox/attachments/servers-xlsx-b45414d1440b649c23868d9b19e0f22e5f012826.xlsx]]
]]>
</system-out>
</testcase>
</testsuite>
<testsuite name="AI/login.spec.ts" timestamp="2024-11-19T05:43:04.699Z" hostname="desktop-webkit" tests="1" failures="0" skipped="1" time="0.59" errors="0">
<testcase name="AI Zero Step › Should show dashboard after login" classname="AI/login.spec.ts" time="0.59">
<properties>
<property name="skip" value="Zero Steps only works in chromium">
</property>
</properties>
<skipped>
</skipped>
</testcase>
</testsuite>
<testsuite name="Api/addToCart.spec.ts" timestamp="2024-11-19T05:43:04.699Z" hostname="desktop-webkit" tests="1" failures="0" skipped="0" time="28.921" errors="0">
<testcase name="WebdriverIO Shop › Should add an item to the cart" classname="Api/addToCart.spec.ts" time="28.921">
<properties>
<property name="Go To" value="Go to: &quot;https://shop.webdriver.io&quot;">
</property>
<property name="Link" value="Click: &quot;Shop All&quot;">
</property>
<property name="Step" value="Click in the product: &quot;WebdriverIO T-Shirt - Robot Shining&quot;">
</property>
<property name="Select" value="On &quot;Color&quot; select any option">
</property>
<property name="Select" value="On &quot;Color&quot; select the option Forest">
</property>
<property name="Step" value="Select any available Size">
</property>
<property name="Select" value="On &quot;Size&quot; select any option">
</property>
<property name="Select" value="On &quot;Size&quot; select the option L">
</property>
<property name="Step" value="Get the product price">
</property>
<property name="Button" value="Click: &quot; 
		Add to Cart
		 
	$25.00
&quot;">
</property>
<property name="Assert" value="There is one item in the bag">
</property>
<property name="Button" value="Click: &quot;
 
				1
			 
				items
			&quot;">
</property>
<property name="Assert" value="The name of the item in the cart is: &quot;WebdriverIO T-Shirt - Robot Shining&quot;">
</property>
<property name="Assert" value="The price of the item in the cart is: &quot;$25.00&quot;">
</property>
<property name="Assert" value="The subtotal is: &quot;$25.00&quot;">
</property>
</properties>
</testcase>
</testsuite>
<testsuite name="Api/servers.spec.ts" timestamp="2024-11-19T05:43:04.699Z" hostname="desktop-webkit" tests="2" failures="0" skipped="0" time="13.756" errors="0">
<testcase name="Servers › Should add a server" classname="Api/servers.spec.ts" time="6.08">
<properties>
<property name="Description" value="An admin user can add a server">
</property>
<property name="Pre Condition" value="A valid admin username and password is logged">
</property>
<property name="Go To" value="Go to the servers page: &quot;https://effizientedemo.azurewebsites.net/Security/servers&apos;&quot;">
</property>
<property name="Post Condition" value="Delete server with the key: &quot;621840&quot; if exists">
</property>
<property name="Button" value="Click: &quot;Add&quot;">
</property>
<property name="InputText" value="Fill &quot;Key:&quot; with the value: &quot;621840&quot;">
</property>
<property name="InputText" value="Fill &quot;Name:&quot; with the value: &quot;Hessel LLC&quot;">
</property>
<property name="InputText" value="Fill &quot;Url:&quot; with the value: &quot;https://secret-suitcase.info&quot;">
</property>
<property name="Step" value="Save server and return server id from api">
</property>
<property name="Button" value="Click: &quot;Save&quot;">
</property>
<property name="Assert" value="Success message is visible">
</property>
<property name="Assert" value="Server id should be a number greater than 1">
</property>
<property name="Assert" value="Server with the key: &quot;621840&quot; exists in the table">
</property>
<property name="Assert" value="The server name for the key: &quot;621840&quot; is: &quot;Hessel LLC&quot;">
</property>
<property name="Assert" value="The server url for the key: &quot;621840&quot; is: &quot;https://secret-suitcase.info&quot;">
</property>
<property name="Post Condition" value="Delete the server with API request">
</property>
</properties>
</testcase>
<testcase name="Servers › Should edit a server" classname="Api/servers.spec.ts" time="7.676">
<properties>
<property name="Description" value="An admin user can edit a server">
</property>
<property name="Pre Condition" value="A valid admin username and password is logged">
</property>
<property name="Go To" value="Go to the servers page: &quot;https://effizientedemo.azurewebsites.net/Security/servers&apos;&quot;">
</property>
<property name="Step" value="Create server with API">
</property>
<property name="Go To" value="Go to the servers page: &quot;https://effizientedemo.azurewebsites.net/Security/servers&apos;&quot;">
</property>
<property name="InputText" value="Fill &quot;key:&quot; with the value: &quot;121753&quot;">
</property>
<property name="InputText" value="Fill &quot;Name:&quot; with the value: &quot;Robel - Oberbrunner&quot;">
</property>
<property name="InputText" value="Fill &quot;Url:&quot; with the value: &quot;https://shy-siege.name/&quot;">
</property>
<property name="Button" value="Click: &quot;Save&quot;">
</property>
<property name="Assert" value="Success message is visible">
</property>
<property name="Assert" value="Server with the key: &quot;121753&quot; exists in the table">
</property>
<property name="Assert" value="The server name for the key: &quot;121753&quot; is: &quot;Robel - Oberbrunner&quot;">
</property>
<property name="Assert" value="The server url for the key: &quot;121753&quot; is: &quot;https://shy-siege.name/&quot;">
</property>
<property name="Post Condition" value="Delete the server with API request">
</property>
</properties>
</testcase>
</testsuite>
<testsuite name="Basic/login.spec.ts" timestamp="2024-11-19T05:43:04.699Z" hostname="desktop-webkit" tests="1" failures="0" skipped="0" time="1.764" errors="0">
<testcase name="Login › Login with valid user load inventory page" classname="Basic/login.spec.ts" time="1.764">
<properties>
<property name="Description" value="Login with valid user on sauce demo">
</property>
<property name="Pre Condition" value="A valid username and password">
</property>
<property name="Go To" value="Go to: &quot;https://www.saucedemo.com&quot;">
</property>
<property name="InputText" value="Fill &quot;Username:&quot; with the value: &quot;standard_user&quot;">
</property>
<property name="InputPassword" value="Fill &quot;Password&quot; with value: *****">
</property>
<property name="Button" value="Click: &quot;Login&quot;">
</property>
<property name="Assert" value="Check URL Page is equal to: &quot;https://www.saucedemo.com/inventory.html&quot;">
</property>
</properties>
</testcase>
</testsuite>
<testsuite name="Basic/menu.spec.ts" timestamp="2024-11-19T05:43:04.699Z" hostname="desktop-webkit" tests="2" failures="2" skipped="0" time="139.489" errors="0">
<testcase name="Normal user › Should returns user menu" classname="Basic/menu.spec.ts" time="69.828">
<properties>
<property name="Description" value="Login to effiziente demo with a normal user, the user will see the menu for normal users">
</property>
<property name="Pre Condition" value="A valid normal user">
</property>
<property name="Go To" value="Go to: &quot;https://effizientedemo.azurewebsites.net/AccountsReceivable/dashboard&quot;">
</property>
</properties>
<failure message="menu.spec.ts:9:9 Should returns user menu" type="FAILURE">
<![CDATA[  [desktop-webkit] › Basic/menu.spec.ts:9:9 › Normal user › Should returns user menu › Go to: "https://effizientedemo.azurewebsites.net/AccountsReceivable/dashboard" 

    TimeoutError: locator.waitFor: Timeout 30000ms exceeded.
    Call log:
      - waiting for locator('#title') to be visible


       at ../pages/Effiziente/dashboardPage.ts:34

      32 |         await this.addStepWithAnnotation(AnnotationType.GoTo, `Go to: "${dashboardPage}"`, async () => {
      33 |             await this.page.goto(dashboardPage);
    > 34 |             await this.title.locator.waitFor({ timeout: 30_000 });
         |                                      ^
      35 |         });
      36 |     }
      37 |

        at /home/runner/work/Playwright/Playwright/pages/Effiziente/dashboardPage.ts:34:38
        at DashboardPage.addStepWithAnnotation (/home/runner/work/Playwright/Playwright/pages/basePage.ts:56:20)
        at DashboardPage.goTo (/home/runner/work/Playwright/Playwright/pages/Effiziente/dashboardPage.ts:32:9)
        at /home/runner/work/Playwright/Playwright/tests/Basic/menu.spec.ts:19:9

    attachment #3: screenshot (image/png) ──────────────────────────────────────────────────────────
    test-results/Basic-menu-Normal-user-Should-returns-user-menu-desktop-webkit/test-failed-1.png
    ────────────────────────────────────────────────────────────────────────────────────────────────

    attachment #4: video (video/webm) ──────────────────────────────────────────────────────────────
    test-results/Basic-menu-Normal-user-Should-returns-user-menu-desktop-webkit/video.webm
    ────────────────────────────────────────────────────────────────────────────────────────────────

    attachment #5: trace (application/zip) ─────────────────────────────────────────────────────────
    test-results/Basic-menu-Normal-user-Should-returns-user-menu-desktop-webkit/trace.zip
    Usage:

        npx playwright show-trace test-results/Basic-menu-Normal-user-Should-returns-user-menu-desktop-webkit/trace.zip

    ────────────────────────────────────────────────────────────────────────────────────────────────

    Retry #1 ───────────────────────────────────────────────────────────────────────────────────────

    TimeoutError: locator.waitFor: Timeout 30000ms exceeded.
    Call log:
      - waiting for locator('#title') to be visible


       at ../pages/Effiziente/dashboardPage.ts:34

      32 |         await this.addStepWithAnnotation(AnnotationType.GoTo, `Go to: "${dashboardPage}"`, async () => {
      33 |             await this.page.goto(dashboardPage);
    > 34 |             await this.title.locator.waitFor({ timeout: 30_000 });
         |                                      ^
      35 |         });
      36 |     }
      37 |

        at /home/runner/work/Playwright/Playwright/pages/Effiziente/dashboardPage.ts:34:38
        at DashboardPage.addStepWithAnnotation (/home/runner/work/Playwright/Playwright/pages/basePage.ts:56:20)
        at DashboardPage.goTo (/home/runner/work/Playwright/Playwright/pages/Effiziente/dashboardPage.ts:32:9)
        at /home/runner/work/Playwright/Playwright/tests/Basic/menu.spec.ts:19:9

    attachment #3: screenshot (image/png) ──────────────────────────────────────────────────────────
    test-results/Basic-menu-Normal-user-Should-returns-user-menu-desktop-webkit-retry1/test-failed-1.png
    ────────────────────────────────────────────────────────────────────────────────────────────────

    attachment #4: video (video/webm) ──────────────────────────────────────────────────────────────
    test-results/Basic-menu-Normal-user-Should-returns-user-menu-desktop-webkit-retry1/video.webm
    ────────────────────────────────────────────────────────────────────────────────────────────────

    attachment #5: trace (application/zip) ─────────────────────────────────────────────────────────
    test-results/Basic-menu-Normal-user-Should-returns-user-menu-desktop-webkit-retry1/trace.zip
    Usage:

        npx playwright show-trace test-results/Basic-menu-Normal-user-Should-returns-user-menu-desktop-webkit-retry1/trace.zip

    ────────────────────────────────────────────────────────────────────────────────────────────────
]]>
</failure>
<system-out>
<![CDATA[
[[ATTACHMENT|../test-results/Basic-menu-Normal-user-Should-returns-user-menu-desktop-webkit/test-failed-1.png]]

[[ATTACHMENT|../test-results/Basic-menu-Normal-user-Should-returns-user-menu-desktop-webkit/video.webm]]

[[ATTACHMENT|../test-results/Basic-menu-Normal-user-Should-returns-user-menu-desktop-webkit/trace.zip]]

[[ATTACHMENT|../test-results/Basic-menu-Normal-user-Should-returns-user-menu-desktop-webkit-retry1/test-failed-1.png]]

[[ATTACHMENT|../test-results/Basic-menu-Normal-user-Should-returns-user-menu-desktop-webkit-retry1/video.webm]]

[[ATTACHMENT|../test-results/Basic-menu-Normal-user-Should-returns-user-menu-desktop-webkit-retry1/trace.zip]]
]]>
</system-out>
</testcase>
<testcase name="Admin user › Should returns admin menu" classname="Basic/menu.spec.ts" time="69.661">
<properties>
<property name="Description" value="Login to effiziente demo with a admin user, the user will see the menu for admin users">
</property>
<property name="Pre Condition" value="A valid admin user">
</property>
<property name="Go To" value="Go to: &quot;https://effizientedemo.azurewebsites.net/AccountsReceivable/dashboard&quot;">
</property>
</properties>
<failure message="menu.spec.ts:29:9 Should returns admin menu" type="FAILURE">
<![CDATA[  [desktop-webkit] › Basic/menu.spec.ts:29:9 › Admin user › Should returns admin menu › Go to: "https://effizientedemo.azurewebsites.net/AccountsReceivable/dashboard" 

    TimeoutError: locator.waitFor: Timeout 30000ms exceeded.
    Call log:
      - waiting for locator('#title') to be visible


       at ../pages/Effiziente/dashboardPage.ts:34

      32 |         await this.addStepWithAnnotation(AnnotationType.GoTo, `Go to: "${dashboardPage}"`, async () => {
      33 |             await this.page.goto(dashboardPage);
    > 34 |             await this.title.locator.waitFor({ timeout: 30_000 });
         |                                      ^
      35 |         });
      36 |     }
      37 |

        at /home/runner/work/Playwright/Playwright/pages/Effiziente/dashboardPage.ts:34:38
        at DashboardPage.addStepWithAnnotation (/home/runner/work/Playwright/Playwright/pages/basePage.ts:56:20)
        at DashboardPage.goTo (/home/runner/work/Playwright/Playwright/pages/Effiziente/dashboardPage.ts:32:9)
        at /home/runner/work/Playwright/Playwright/tests/Basic/menu.spec.ts:39:9

    attachment #3: screenshot (image/png) ──────────────────────────────────────────────────────────
    test-results/Basic-menu-Admin-user-Should-returns-admin-menu-desktop-webkit/test-failed-1.png
    ────────────────────────────────────────────────────────────────────────────────────────────────

    attachment #4: video (video/webm) ──────────────────────────────────────────────────────────────
    test-results/Basic-menu-Admin-user-Should-returns-admin-menu-desktop-webkit/video.webm
    ────────────────────────────────────────────────────────────────────────────────────────────────

    attachment #5: trace (application/zip) ─────────────────────────────────────────────────────────
    test-results/Basic-menu-Admin-user-Should-returns-admin-menu-desktop-webkit/trace.zip
    Usage:

        npx playwright show-trace test-results/Basic-menu-Admin-user-Should-returns-admin-menu-desktop-webkit/trace.zip

    ────────────────────────────────────────────────────────────────────────────────────────────────

    Retry #1 ───────────────────────────────────────────────────────────────────────────────────────

    TimeoutError: locator.waitFor: Timeout 30000ms exceeded.
    Call log:
      - waiting for locator('#title') to be visible


       at ../pages/Effiziente/dashboardPage.ts:34

      32 |         await this.addStepWithAnnotation(AnnotationType.GoTo, `Go to: "${dashboardPage}"`, async () => {
      33 |             await this.page.goto(dashboardPage);
    > 34 |             await this.title.locator.waitFor({ timeout: 30_000 });
         |                                      ^
      35 |         });
      36 |     }
      37 |

        at /home/runner/work/Playwright/Playwright/pages/Effiziente/dashboardPage.ts:34:38
        at DashboardPage.addStepWithAnnotation (/home/runner/work/Playwright/Playwright/pages/basePage.ts:56:20)
        at DashboardPage.goTo (/home/runner/work/Playwright/Playwright/pages/Effiziente/dashboardPage.ts:32:9)
        at /home/runner/work/Playwright/Playwright/tests/Basic/menu.spec.ts:39:9

    attachment #3: screenshot (image/png) ──────────────────────────────────────────────────────────
    test-results/Basic-menu-Admin-user-Should-returns-admin-menu-desktop-webkit-retry1/test-failed-1.png
    ────────────────────────────────────────────────────────────────────────────────────────────────

    attachment #4: video (video/webm) ──────────────────────────────────────────────────────────────
    test-results/Basic-menu-Admin-user-Should-returns-admin-menu-desktop-webkit-retry1/video.webm
    ────────────────────────────────────────────────────────────────────────────────────────────────

    attachment #5: trace (application/zip) ─────────────────────────────────────────────────────────
    test-results/Basic-menu-Admin-user-Should-returns-admin-menu-desktop-webkit-retry1/trace.zip
    Usage:

        npx playwright show-trace test-results/Basic-menu-Admin-user-Should-returns-admin-menu-desktop-webkit-retry1/trace.zip

    ────────────────────────────────────────────────────────────────────────────────────────────────
]]>
</failure>
<system-out>
<![CDATA[
[[ATTACHMENT|../test-results/Basic-menu-Admin-user-Should-returns-admin-menu-desktop-webkit/test-failed-1.png]]

[[ATTACHMENT|../test-results/Basic-menu-Admin-user-Should-returns-admin-menu-desktop-webkit/video.webm]]

[[ATTACHMENT|../test-results/Basic-menu-Admin-user-Should-returns-admin-menu-desktop-webkit/trace.zip]]

[[ATTACHMENT|../test-results/Basic-menu-Admin-user-Should-returns-admin-menu-desktop-webkit-retry1/test-failed-1.png]]

[[ATTACHMENT|../test-results/Basic-menu-Admin-user-Should-returns-admin-menu-desktop-webkit-retry1/video.webm]]

[[ATTACHMENT|../test-results/Basic-menu-Admin-user-Should-returns-admin-menu-desktop-webkit-retry1/trace.zip]]
]]>
</system-out>
</testcase>
</testsuite>
<testsuite name="Basic/parameterized.spec.ts" timestamp="2024-11-19T05:43:04.699Z" hostname="desktop-webkit" tests="2" failures="0" skipped="0" time="4.299" errors="0">
<testcase name="Login with Parameters › Login with &quot;standard_user&quot; from parameters will load inventory page" classname="Basic/parameterized.spec.ts" time="2.472">
<properties>
<property name="Description" value="Login with valid user on Sauce Demo">
</property>
<property name="Pre Condition" value="A valid username and password">
</property>
<property name="Go To" value="Go to: &quot;https://www.saucedemo.com&quot;">
</property>
<property name="InputText" value="Fill &quot;Username:&quot; with the value: &quot;standard_user&quot;">
</property>
<property name="InputPassword" value="Fill &quot;Password&quot; with value: *****">
</property>
<property name="Button" value="Click: &quot;Login&quot;">
</property>
<property name="Assert" value="Check URL Page is equal to: https://www.saucedemo.com/inventory.html&quot;">
</property>
</properties>
</testcase>
<testcase name="Login with Parameters › Login with &quot;visual_user&quot; from parameters will load inventory page" classname="Basic/parameterized.spec.ts" time="1.827">
<properties>
<property name="Description" value="Login with valid user on Sauce Demo">
</property>
<property name="Pre Condition" value="A valid username and password">
</property>
<property name="Go To" value="Go to: &quot;https://www.saucedemo.com&quot;">
</property>
<property name="InputText" value="Fill &quot;Username:&quot; with the value: &quot;visual_user&quot;">
</property>
<property name="InputPassword" value="Fill &quot;Password&quot; with value: *****">
</property>
<property name="Button" value="Click: &quot;Login&quot;">
</property>
<property name="Assert" value="Check URL Page is equal to: https://www.saucedemo.com/inventory.html&quot;">
</property>
</properties>
</testcase>
</testsuite>
<testsuite name="Excel/exportServers.spec.ts" timestamp="2024-11-19T05:43:04.699Z" hostname="desktop-webkit" tests="1" failures="0" skipped="0" time="2.619" errors="0">
<testcase name="Servers › Should export servers to excel" classname="Excel/exportServers.spec.ts" time="2.619">
<properties>
<property name="Go To" value="Go to the servers page: &quot;https://effizientedemo.azurewebsites.net/Security/servers&apos;&quot;">
</property>
<property name="ButtonExcel" value="Click: &quot;Export to Excel&quot;">
</property>
<property name="Assert" value="The excel file rows are equal to the grid rows">
</property>
</properties>
<system-out>
<![CDATA[
[[ATTACHMENT|../test-results/Excel-exportServers-Servers-Should-export-servers-to-excel-desktop-webkit/attachments/servers-xlsx-b45414d1440b649c23868d9b19e0f22e5f012826.xlsx]]
]]>
</system-out>
</testcase>
</testsuite>
</testsuites>