<testsuites id="" name="" tests="36" failures="3" skipped="2" errors="0" time="239.770812">
<testsuite name="SauceDemo/loginLambdaTestFixture.spec.ts" timestamp="2024-04-23T04:08:58.908Z" hostname="chrome:latest:MacOS Catalina@lambdatest" tests="1" failures="0" skipped="0" time="10.013" errors="0">
<testcase name="Login › Login with valid user load inventory page" classname="SauceDemo/loginLambdaTestFixture.spec.ts" time="10.013">
<properties>
<property name="Go To" value="Go to the page: &quot;https://www.saucedemo.com&quot;">
</property>
<property name="InputText" value="Fill: &quot;Username&quot; with value: &quot;standard_user&quot;">
</property>
<property name="InputPassword" value="Fill: &quot;Password with value: *****&quot;">
</property>
<property name="Button" value="Click: &quot;Login&quot;">
</property>
<property name="Assert" value="Check URL Page equal to: &quot;https://www.saucedemo.com/inventory.html&quot;">
</property>
</properties>
</testcase>
</testsuite>
<testsuite name="SauceDemo/loginLambdaTestFixture.spec.ts" timestamp="2024-04-23T04:08:58.908Z" hostname="pw-webkit:latest:MacOS Monterey@lambdatest" tests="1" failures="0" skipped="0" time="18.312" errors="0">
<testcase name="Login › Login with valid user load inventory page" classname="SauceDemo/loginLambdaTestFixture.spec.ts" time="18.312">
<properties>
<property name="Go To" value="Go to the page: &quot;https://www.saucedemo.com&quot;">
</property>
<property name="InputText" value="Fill: &quot;Username&quot; with value: &quot;standard_user&quot;">
</property>
<property name="InputPassword" value="Fill: &quot;Password with value: *****&quot;">
</property>
<property name="Button" value="Click: &quot;Login&quot;">
</property>
<property name="Assert" value="Check URL Page equal to: &quot;https://www.saucedemo.com/inventory.html&quot;">
</property>
</properties>
</testcase>
</testsuite>
<testsuite name="SauceDemo/loginLambdaTestFixture.spec.ts" timestamp="2024-04-23T04:08:58.908Z" hostname="chrome:latest:Windows 10@lambdatest" tests="1" failures="0" skipped="0" time="23.492" errors="0">
<testcase name="Login › Login with valid user load inventory page" classname="SauceDemo/loginLambdaTestFixture.spec.ts" time="23.492">
<properties>
<property name="Go To" value="Go to the page: &quot;https://www.saucedemo.com&quot;">
</property>
<property name="InputText" value="Fill: &quot;Username&quot; with value: &quot;standard_user&quot;">
</property>
<property name="InputPassword" value="Fill: &quot;Password with value: *****&quot;">
</property>
<property name="Button" value="Click: &quot;Login&quot;">
</property>
<property name="Assert" value="Check URL Page equal to: &quot;https://www.saucedemo.com/inventory.html&quot;">
</property>
</properties>
</testcase>
</testsuite>
<testsuite name="Effiziente/Api/servers.spec.ts" timestamp="2024-04-23T04:08:58.908Z" hostname="chromium" tests="2" failures="0" skipped="0" time="5.058" errors="0">
<testcase name="Servers › Should add a server" classname="Effiziente/Api/servers.spec.ts" time="2.229">
<properties>
<property name="Go To" value="Go to the page: &quot;https://effizientedemo.azurewebsites.net/Security/servers&quot;">
</property>
<property name="Button" value="Click: &quot;Add&quot;">
</property>
<property name="InputText" value="Fill: &quot;&quot; with value: &quot;2&quot;">
</property>
<property name="InputText" value="Fill: &quot;&quot; with value: &quot;Wolf and Sons&quot;">
</property>
<property name="InputText" value="Fill: &quot;&quot; with value: &quot;https://bustling-centimeter.info/&quot;">
</property>
<property name="Button" value="Click: &quot;Save&quot;">
</property>
<property name="Assert" value="Server id should be a number greater than 1">
</property>
<property name="Assert" value="Row with the key: 2 exists">
</property>
</properties>
</testcase>
<testcase name="Servers › Should edit a server" classname="Effiziente/Api/servers.spec.ts" time="2.829">
<properties>
<property name="Go To" value="Go to the page: &quot;https://effizientedemo.azurewebsites.net/Security/servers&quot;">
</property>
<property name="Step" value="Create server with API">
</property>
<property name="Go To" value="Go to the page: &quot;https://effizientedemo.azurewebsites.net/Security/servers&quot;">
</property>
<property name="InputText" value="Fill: &quot;key&quot; with value: &quot;4&quot;">
</property>
<property name="InputText" value="Fill: &quot;Name&quot; with value: &quot;Veum, Reichert and McClure&quot;">
</property>
<property name="InputText" value="Fill: &quot;Url&quot; with value: &quot;https://playful-volleyball.biz/&quot;">
</property>
<property name="Button" value="Click: &quot;Save&quot;">
</property>
<property name="Assert" value="Success message is visible">
</property>
<property name="Assert" value="Row with the key: 4 exists">
</property>
</properties>
</testcase>
</testsuite>
<testsuite name="Effiziente/dashboard.spec.ts" timestamp="2024-04-23T04:08:58.908Z" hostname="chromium" tests="1" failures="0" skipped="0" time="2.313" errors="0">
<testcase name="Check Dashboard › Should show dashboard" classname="Effiziente/dashboard.spec.ts" time="2.313">
<properties>
<property name="Mock" value="Modify the summary with fixed data">
</property>
<property name="Mock" value="Modify the &quot;Sumary Expiration&quot; with fixed data">
</property>
<property name="Mock" value="Modify the &quot;Top 5 delay&quot; with fixed data">
</property>
<property name="Mock" value="Modify the &quot;Top 5 total&quot; with fixed data">
</property>
<property name="Mock" value="Modify the &quot;Top 5 type&quot; with fixed data">
</property>
<property name="Mock" value="Modify the &quot;Top 10 Limit 1&quot; with fixed data">
</property>
<property name="Mock" value="Modify the &quot;Top 10 Limit 2&quot; with fixed data">
</property>
<property name="Mock" value="Modify the &quot;Top 10 Limit 3&quot; with fixed data">
</property>
<property name="Mock" value="Modify the &quot;Top 10 To Expire&quot; with fixed data">
</property>
<property name="Go To" value="Go to the page: &quot;https://effizientedemo.azurewebsites.net/AccountsReceivable/dashboard&quot;">
</property>
<property name="Step" value="Compare snapshot: dashboard.png with maxDiffPixelsRatio: 0.1">
</property>
</properties>
</testcase>
</testsuite>
<testsuite name="Effiziente/menu.spec.ts" timestamp="2024-04-23T04:08:58.908Z" hostname="chromium" tests="2" failures="0" skipped="0" time="4.522" errors="0">
<testcase name="Normal user › Should returns user menu" classname="Effiziente/menu.spec.ts" time="2.252">
<properties>
<property name="Go To" value="Go to the page: &quot;https://effizientedemo.azurewebsites.net/AccountsReceivable/dashboard&quot;">
</property>
<property name="PirmeFacesMenu" value="Get top menus">
</property>
<property name="Assert" value="Menu is equal to: AccountsReceivable,Config">
</property>
</properties>
</testcase>
<testcase name="Admin user › Should returns admin menu" classname="Effiziente/menu.spec.ts" time="2.27">
<properties>
<property name="Go To" value="Go to the page: &quot;https://effizientedemo.azurewebsites.net/AccountsReceivable/dashboard&quot;">
</property>
<property name="PirmeFacesMenu" value="Get top menus">
</property>
<property name="Assert" value="Menu is equal to:AccountsReceivable,Security,Config">
</property>
</properties>
</testcase>
</testsuite>
<testsuite name="Effiziente/Synthetic/login.spec.ts" timestamp="2024-04-23T04:08:58.908Z" hostname="chromium" tests="1" failures="0" skipped="0" time="9.877" errors="0">
<testcase name="Synthetic login testing › Should show dashboard" classname="Effiziente/Synthetic/login.spec.ts" time="9.877">
</testcase>
</testsuite>
<testsuite name="Effiziente/Synthetic/menu.spec.ts" timestamp="2024-04-23T04:08:58.908Z" hostname="chromium" tests="1" failures="0" skipped="0" time="17.864" errors="0">
<testcase name="Synthetic testing › Should show dashboard" classname="Effiziente/Synthetic/menu.spec.ts" time="17.864">
<properties>
<property name="Navigation" value="Go to:https://effizientedemo.azurewebsites.net">
</property>
</properties>
</testcase>
</testsuite>
<testsuite name="Effiziente/ZeroStep/login.spec.ts" timestamp="2024-04-23T04:08:58.908Z" hostname="chromium" tests="1" failures="0" skipped="0" time="28.37" errors="0">
<testcase name="AI Zero Step › Should show dashboard after login" classname="Effiziente/ZeroStep/login.spec.ts" time="28.37">
</testcase>
</testsuite>
<testsuite name="Google/searchLocale.spec.ts" timestamp="2024-04-23T04:08:58.908Z" hostname="chromium" tests="1" failures="0" skipped="0" time="1.381" errors="0">
<testcase name="Locale translations › Translations with locale and time zone id" classname="Google/searchLocale.spec.ts" time="1.381">
<properties>
<property name="Go To" value="Go to the page: &quot;https://www.google.com&quot;">
</property>
<property name="Assert" value="Search button text is equal to: &quot;Buscar con Google&quot;">
</property>
</properties>
</testcase>
</testsuite>
<testsuite name="SauceDemo/login.spec.ts" timestamp="2024-04-23T04:08:58.908Z" hostname="chromium" tests="1" failures="0" skipped="0" time="0.797" errors="0">
<testcase name="Login › Login with valid user load inventory page" classname="SauceDemo/login.spec.ts" time="0.797">
<properties>
<property name="Go To" value="Go to the page: &quot;https://www.saucedemo.com&quot;">
</property>
<property name="InputText" value="Fill: &quot;Username&quot; with value: &quot;standard_user&quot;">
</property>
<property name="InputPassword" value="Fill: &quot;Password with value: *****&quot;">
</property>
<property name="Button" value="Click: &quot;Login&quot;">
</property>
<property name="Assert" value="Check URL Page equal to: &quot;https://www.saucedemo.com/inventory.html&quot;">
</property>
</properties>
</testcase>
</testsuite>
<testsuite name="SauceDemo/loginLambdaTestFixture.spec.ts" timestamp="2024-04-23T04:08:58.908Z" hostname="chromium" tests="1" failures="0" skipped="0" time="0.745" errors="0">
<testcase name="Login › Login with valid user load inventory page" classname="SauceDemo/loginLambdaTestFixture.spec.ts" time="0.745">
<properties>
<property name="Go To" value="Go to the page: &quot;https://www.saucedemo.com&quot;">
</property>
<property name="InputText" value="Fill: &quot;Username&quot; with value: &quot;standard_user&quot;">
</property>
<property name="InputPassword" value="Fill: &quot;Password with value: *****&quot;">
</property>
<property name="Button" value="Click: &quot;Login&quot;">
</property>
<property name="Assert" value="Check URL Page equal to: &quot;https://www.saucedemo.com/inventory.html&quot;">
</property>
</properties>
</testcase>
</testsuite>
<testsuite name="Effiziente/Api/servers.spec.ts" timestamp="2024-04-23T04:08:58.908Z" hostname="firefox" tests="2" failures="1" skipped="0" time="131.511" errors="0">
<testcase name="Servers › Should add a server" classname="Effiziente/Api/servers.spec.ts" time="62.205">
<properties>
<property name="Go To" value="Go to the page: &quot;https://effizientedemo.azurewebsites.net/Security/servers&quot;">
</property>
<property name="Button" value="Click: &quot;Add&quot;">
</property>
<property name="InputText" value="Fill: &quot;&quot; with value: &quot;2&quot;">
</property>
<property name="InputText" value="Fill: &quot;&quot; with value: &quot;Hudson Inc&quot;">
</property>
<property name="InputText" value="Fill: &quot;&quot; with value: &quot;https://baggy-pomegranate.net&quot;">
</property>
<property name="Button" value="Click: &quot;Save&quot;">
</property>
</properties>
<failure message="servers.spec.ts:12:9 Should add a server" type="FAILURE">
<![CDATA[  [firefox] › Effiziente/Api/servers.spec.ts:12:9 › Servers › Should add a server ──────────────────

    TimeoutError: page.waitForResponse: Timeout 10000ms exceeded while waiting for event "response"

       at ../utils/ApiHelper.ts:33

      31 |      */
      32 |     waitForResponse(apiUrl: string, statusCode = 200, method: 'POST' | 'GET' | 'PUT' | 'DELETE' = 'GET') {
    > 33 |         const responsePromise = this.page.waitForResponse(response => response.url().includes(apiUrl) && response.request().method() == method
         |                                           ^
      34 |             && response.status() == statusCode);
      35 |         return responsePromise;
      36 |     }

        at ApiHelper.waitForResponse (/home/runner/work/PlaywrightFramework/PlaywrightFramework/utils/ApiHelper.ts:33:43)
        at ServerApi.waitForCreateServer (/home/runner/work/PlaywrightFramework/PlaywrightFramework/api/Effiziente/Server.api.ts:19:31)
        at /home/runner/work/PlaywrightFramework/PlaywrightFramework/pages/Effiziente/addServerPage.ts:28:58
        at AddServerPage.saveClick (/home/runner/work/PlaywrightFramework/PlaywrightFramework/pages/Effiziente/addServerPage.ts:27:27)
        at /home/runner/work/PlaywrightFramework/PlaywrightFramework/tests/Effiziente/Api/servers.spec.ts:27:34

    TimeoutError: page.waitForResponse: Timeout 10000ms exceeded while waiting for event "response"

       at ../utils/ApiHelper.ts:33

      31 |      */
      32 |     waitForResponse(apiUrl: string, statusCode = 200, method: 'POST' | 'GET' | 'PUT' | 'DELETE' = 'GET') {
    > 33 |         const responsePromise = this.page.waitForResponse(response => response.url().includes(apiUrl) && response.request().method() == method
         |                                           ^
      34 |             && response.status() == statusCode);
      35 |         return responsePromise;
      36 |     }

        at ApiHelper.waitForResponse (/home/runner/work/PlaywrightFramework/PlaywrightFramework/utils/ApiHelper.ts:33:43)
        at ServerApi.waitForGetServers (/home/runner/work/PlaywrightFramework/PlaywrightFramework/api/Effiziente/Server.api.ts:26:31)
        at /home/runner/work/PlaywrightFramework/PlaywrightFramework/pages/Effiziente/addServerPage.ts:29:55
        at AddServerPage.saveClick (/home/runner/work/PlaywrightFramework/PlaywrightFramework/pages/Effiziente/addServerPage.ts:27:27)
        at /home/runner/work/PlaywrightFramework/PlaywrightFramework/tests/Effiziente/Api/servers.spec.ts:27:34

    attachment #1: screenshot (image/png) ──────────────────────────────────────────────────────────
    test-results/Effiziente-Api-servers-Servers-Should-add-a-server-firefox/test-failed-1.png
    ────────────────────────────────────────────────────────────────────────────────────────────────

    attachment #2: video (video/webm) ──────────────────────────────────────────────────────────────
    test-results/Effiziente-Api-servers-Servers-Should-add-a-server-firefox/video.webm
    ────────────────────────────────────────────────────────────────────────────────────────────────

    attachment #3: trace (application/zip) ─────────────────────────────────────────────────────────
    test-results/Effiziente-Api-servers-Servers-Should-add-a-server-firefox/trace.zip
    Usage:

        npx playwright show-trace test-results/Effiziente-Api-servers-Servers-Should-add-a-server-firefox/trace.zip

    ────────────────────────────────────────────────────────────────────────────────────────────────

    Retry #1 ───────────────────────────────────────────────────────────────────────────────────────

    TimeoutError: page.waitForResponse: Timeout 10000ms exceeded while waiting for event "response"

       at ../utils/ApiHelper.ts:33

      31 |      */
      32 |     waitForResponse(apiUrl: string, statusCode = 200, method: 'POST' | 'GET' | 'PUT' | 'DELETE' = 'GET') {
    > 33 |         const responsePromise = this.page.waitForResponse(response => response.url().includes(apiUrl) && response.request().method() == method
         |                                           ^
      34 |             && response.status() == statusCode);
      35 |         return responsePromise;
      36 |     }

        at ApiHelper.waitForResponse (/home/runner/work/PlaywrightFramework/PlaywrightFramework/utils/ApiHelper.ts:33:43)
        at ServerApi.waitForGetServers (/home/runner/work/PlaywrightFramework/PlaywrightFramework/api/Effiziente/Server.api.ts:26:31)
        at /home/runner/work/PlaywrightFramework/PlaywrightFramework/pages/Effiziente/addServerPage.ts:29:55
        at AddServerPage.saveClick (/home/runner/work/PlaywrightFramework/PlaywrightFramework/pages/Effiziente/addServerPage.ts:27:27)
        at /home/runner/work/PlaywrightFramework/PlaywrightFramework/tests/Effiziente/Api/servers.spec.ts:27:34

    attachment #1: screenshot (image/png) ──────────────────────────────────────────────────────────
    test-results/Effiziente-Api-servers-Servers-Should-add-a-server-firefox-retry1/test-failed-1.png
    ────────────────────────────────────────────────────────────────────────────────────────────────

    attachment #2: video (video/webm) ──────────────────────────────────────────────────────────────
    test-results/Effiziente-Api-servers-Servers-Should-add-a-server-firefox-retry1/video.webm
    ────────────────────────────────────────────────────────────────────────────────────────────────

    attachment #3: trace (application/zip) ─────────────────────────────────────────────────────────
    test-results/Effiziente-Api-servers-Servers-Should-add-a-server-firefox-retry1/trace.zip
    Usage:

        npx playwright show-trace test-results/Effiziente-Api-servers-Servers-Should-add-a-server-firefox-retry1/trace.zip

    ────────────────────────────────────────────────────────────────────────────────────────────────
]]>
</failure>
<system-out>
<![CDATA[
[[ATTACHMENT|../test-results/Effiziente-Api-servers-Servers-Should-add-a-server-firefox/test-failed-1.png]]

[[ATTACHMENT|../test-results/Effiziente-Api-servers-Servers-Should-add-a-server-firefox/video.webm]]

[[ATTACHMENT|../test-results/Effiziente-Api-servers-Servers-Should-add-a-server-firefox/trace.zip]]

[[ATTACHMENT|../test-results/Effiziente-Api-servers-Servers-Should-add-a-server-firefox-retry1/test-failed-1.png]]

[[ATTACHMENT|../test-results/Effiziente-Api-servers-Servers-Should-add-a-server-firefox-retry1/video.webm]]

[[ATTACHMENT|../test-results/Effiziente-Api-servers-Servers-Should-add-a-server-firefox-retry1/trace.zip]]
]]>
</system-out>
</testcase>
<testcase name="Servers › Should edit a server" classname="Effiziente/Api/servers.spec.ts" time="69.306">
<properties>
<property name="Go To" value="Go to the page: &quot;https://effizientedemo.azurewebsites.net/Security/servers&quot;">
</property>
<property name="Step" value="Create server with API">
</property>
<property name="Go To" value="Go to the page: &quot;https://effizientedemo.azurewebsites.net/Security/servers&quot;">
</property>
<property name="InputText" value="Fill: &quot;key&quot; with value: &quot;4&quot;">
</property>
<property name="InputText" value="Fill: &quot;Name&quot; with value: &quot;Runte - Wolff&quot;">
</property>
<property name="InputText" value="Fill: &quot;Url&quot; with value: &quot;https://alarmed-submitter.biz&quot;">
</property>
<property name="Button" value="Click: &quot;Save&quot;">
</property>
<property name="Assert" value="Success message is visible">
</property>
<property name="Assert" value="Row with the key: 4 exists">
</property>
</properties>
<system-out>
<![CDATA[
[[ATTACHMENT|../test-results/Effiziente-Api-servers-Servers-Should-edit-a-server-firefox/test-failed-1.png]]

[[ATTACHMENT|../test-results/Effiziente-Api-servers-Servers-Should-edit-a-server-firefox/video.webm]]

[[ATTACHMENT|../test-results/Effiziente-Api-servers-Servers-Should-edit-a-server-firefox/trace.zip]]
]]>
</system-out>
</testcase>
</testsuite>
<testsuite name="Effiziente/dashboard.spec.ts" timestamp="2024-04-23T04:08:58.908Z" hostname="firefox" tests="1" failures="0" skipped="0" time="11.28" errors="0">
<testcase name="Check Dashboard › Should show dashboard" classname="Effiziente/dashboard.spec.ts" time="11.28">
<properties>
<property name="Mock" value="Modify the summary with fixed data">
</property>
<property name="Mock" value="Modify the &quot;Sumary Expiration&quot; with fixed data">
</property>
<property name="Mock" value="Modify the &quot;Top 5 delay&quot; with fixed data">
</property>
<property name="Mock" value="Modify the &quot;Top 5 total&quot; with fixed data">
</property>
<property name="Mock" value="Modify the &quot;Top 5 type&quot; with fixed data">
</property>
<property name="Mock" value="Modify the &quot;Top 10 Limit 1&quot; with fixed data">
</property>
<property name="Mock" value="Modify the &quot;Top 10 Limit 2&quot; with fixed data">
</property>
<property name="Mock" value="Modify the &quot;Top 10 Limit 3&quot; with fixed data">
</property>
<property name="Mock" value="Modify the &quot;Top 10 To Expire&quot; with fixed data">
</property>
<property name="Go To" value="Go to the page: &quot;https://effizientedemo.azurewebsites.net/AccountsReceivable/dashboard&quot;">
</property>
<property name="Step" value="Compare snapshot: dashboard.png with maxDiffPixelsRatio: 0.1">
</property>
</properties>
</testcase>
</testsuite>
<testsuite name="Effiziente/menu.spec.ts" timestamp="2024-04-23T04:08:58.908Z" hostname="firefox" tests="2" failures="0" skipped="0" time="30.842" errors="0">
<testcase name="Normal user › Should returns user menu" classname="Effiziente/menu.spec.ts" time="15.44">
<properties>
<property name="Go To" value="Go to the page: &quot;https://effizientedemo.azurewebsites.net/AccountsReceivable/dashboard&quot;">
</property>
<property name="PirmeFacesMenu" value="Get top menus">
</property>
<property name="Assert" value="Menu is equal to: AccountsReceivable,Config">
</property>
</properties>
</testcase>
<testcase name="Admin user › Should returns admin menu" classname="Effiziente/menu.spec.ts" time="15.402">
<properties>
<property name="Go To" value="Go to the page: &quot;https://effizientedemo.azurewebsites.net/AccountsReceivable/dashboard&quot;">
</property>
<property name="PirmeFacesMenu" value="Get top menus">
</property>
<property name="Assert" value="Menu is equal to:AccountsReceivable,Security,Config">
</property>
</properties>
</testcase>
</testsuite>
<testsuite name="Effiziente/Synthetic/login.spec.ts" timestamp="2024-04-23T04:08:58.908Z" hostname="firefox" tests="1" failures="0" skipped="0" time="15.291" errors="0">
<testcase name="Synthetic login testing › Should show dashboard" classname="Effiziente/Synthetic/login.spec.ts" time="15.291">
</testcase>
</testsuite>
<testsuite name="Effiziente/Synthetic/menu.spec.ts" timestamp="2024-04-23T04:08:58.908Z" hostname="firefox" tests="1" failures="0" skipped="0" time="10.12" errors="0">
<testcase name="Synthetic testing › Should show dashboard" classname="Effiziente/Synthetic/menu.spec.ts" time="10.12">
<properties>
<property name="Navigation" value="Go to:https://effizientedemo.azurewebsites.net">
</property>
</properties>
</testcase>
</testsuite>
<testsuite name="Effiziente/ZeroStep/login.spec.ts" timestamp="2024-04-23T04:08:58.908Z" hostname="firefox" tests="1" failures="0" skipped="1" time="0.265" errors="0">
<testcase name="AI Zero Step › Should show dashboard after login" classname="Effiziente/ZeroStep/login.spec.ts" time="0.265">
<properties>
<property name="skip" value="Zero Steps only works in chromium">
</property>
</properties>
<skipped>
</skipped>
</testcase>
</testsuite>
<testsuite name="Google/searchLocale.spec.ts" timestamp="2024-04-23T04:08:58.908Z" hostname="firefox" tests="1" failures="0" skipped="0" time="1.452" errors="0">
<testcase name="Locale translations › Translations with locale and time zone id" classname="Google/searchLocale.spec.ts" time="1.452">
<properties>
<property name="Go To" value="Go to the page: &quot;https://www.google.com&quot;">
</property>
<property name="Assert" value="Search button text is equal to: &quot;Buscar con Google&quot;">
</property>
</properties>
</testcase>
</testsuite>
<testsuite name="SauceDemo/login.spec.ts" timestamp="2024-04-23T04:08:58.908Z" hostname="firefox" tests="1" failures="0" skipped="0" time="1.108" errors="0">
<testcase name="Login › Login with valid user load inventory page" classname="SauceDemo/login.spec.ts" time="1.108">
<properties>
<property name="Go To" value="Go to the page: &quot;https://www.saucedemo.com&quot;">
</property>
<property name="InputText" value="Fill: &quot;Username&quot; with value: &quot;standard_user&quot;">
</property>
<property name="InputPassword" value="Fill: &quot;Password with value: *****&quot;">
</property>
<property name="Button" value="Click: &quot;Login&quot;">
</property>
<property name="Assert" value="Check URL Page equal to: &quot;https://www.saucedemo.com/inventory.html&quot;">
</property>
</properties>
</testcase>
</testsuite>
<testsuite name="SauceDemo/loginLambdaTestFixture.spec.ts" timestamp="2024-04-23T04:08:58.908Z" hostname="firefox" tests="1" failures="0" skipped="0" time="0.759" errors="0">
<testcase name="Login › Login with valid user load inventory page" classname="SauceDemo/loginLambdaTestFixture.spec.ts" time="0.759">
<properties>
<property name="Go To" value="Go to the page: &quot;https://www.saucedemo.com&quot;">
</property>
<property name="InputText" value="Fill: &quot;Username&quot; with value: &quot;standard_user&quot;">
</property>
<property name="InputPassword" value="Fill: &quot;Password with value: *****&quot;">
</property>
<property name="Button" value="Click: &quot;Login&quot;">
</property>
<property name="Assert" value="Check URL Page equal to: &quot;https://www.saucedemo.com/inventory.html&quot;">
</property>
</properties>
</testcase>
</testsuite>
<testsuite name="Effiziente/Api/servers.spec.ts" timestamp="2024-04-23T04:08:58.908Z" hostname="webkit" tests="2" failures="2" skipped="0" time="70.675" errors="0">
<testcase name="Servers › Should add a server" classname="Effiziente/Api/servers.spec.ts" time="24.508">
<properties>
<property name="Go To" value="Go to the page: &quot;https://effizientedemo.azurewebsites.net/Security/servers&quot;">
</property>
<property name="Button" value="Click: &quot;Add&quot;">
</property>
<property name="InputText" value="Fill: &quot;&quot; with value: &quot;2&quot;">
</property>
<property name="InputText" value="Fill: &quot;&quot; with value: &quot;Stark - Franecki&quot;">
</property>
<property name="InputText" value="Fill: &quot;&quot; with value: &quot;https://tricky-pension.com/&quot;">
</property>
<property name="Button" value="Click: &quot;Save&quot;">
</property>
<property name="Assert" value="Server id should be a number greater than 1">
</property>
</properties>
<failure message="servers.spec.ts:12:9 Should add a server" type="FAILURE">
<![CDATA[  [webkit] › Effiziente/Api/servers.spec.ts:12:9 › Servers › Should add a server ───────────────────

    Error: The total rows for server is greater than 1

    expect(received).toBeGreaterThan(expected)

    Expected: > 1
    Received:   1

      31 |         const totalRows = await serversPage.table.getTotalRows();
      32 |         assertDescription = 'The total rows for server is greater than 1';
    > 33 |         expect(totalRows, assertDescription).toBeGreaterThan(1);
         |                                              ^
      34 |         await serversPage.checkRow(key, name, url);
      35 |     });
      36 |

        at /home/runner/work/PlaywrightFramework/PlaywrightFramework/tests/Effiziente/Api/servers.spec.ts:33:46

    attachment #1: screenshot (image/png) ──────────────────────────────────────────────────────────
    test-results/Effiziente-Api-servers-Servers-Should-add-a-server-webkit/test-failed-1.png
    ────────────────────────────────────────────────────────────────────────────────────────────────

    attachment #2: video (video/webm) ──────────────────────────────────────────────────────────────
    test-results/Effiziente-Api-servers-Servers-Should-add-a-server-webkit/video.webm
    ────────────────────────────────────────────────────────────────────────────────────────────────

    attachment #3: trace (application/zip) ─────────────────────────────────────────────────────────
    test-results/Effiziente-Api-servers-Servers-Should-add-a-server-webkit/trace.zip
    Usage:

        npx playwright show-trace test-results/Effiziente-Api-servers-Servers-Should-add-a-server-webkit/trace.zip

    ────────────────────────────────────────────────────────────────────────────────────────────────

    Retry #1 ───────────────────────────────────────────────────────────────────────────────────────

    TimeoutError: locator.innerText: Timeout 10000ms exceeded.
    Call log:
      - waiting for locator('tbody > tr').nth(3).locator('td').last()


       at ../components/TableComponent.ts:54

      52 |         for (let i = 0; i < totalRows; i++) {
      53 |             const row = this.page.locator('tbody > tr').nth(i);
    > 54 |             const columnValue = await row.locator('td').nth(index).innerText();
         |                                                                    ^
      55 |             if (columnValue == value)
      56 |                 return row;
      57 |         }

        at Table.getRowByColumnIndex (/home/runner/work/PlaywrightFramework/PlaywrightFramework/components/TableComponent.ts:54:68)
        at Table.getRowBykey (/home/runner/work/PlaywrightFramework/PlaywrightFramework/components/TableComponent.ts:77:21)
        at ServersPage.checkRow (/home/runner/work/PlaywrightFramework/PlaywrightFramework/pages/Effiziente/serversPage.ts:74:21)
        at /home/runner/work/PlaywrightFramework/PlaywrightFramework/tests/Effiziente/Api/servers.spec.ts:34:9

    attachment #1: screenshot (image/png) ──────────────────────────────────────────────────────────
    test-results/Effiziente-Api-servers-Servers-Should-add-a-server-webkit-retry1/test-failed-1.png
    ────────────────────────────────────────────────────────────────────────────────────────────────

    attachment #2: video (video/webm) ──────────────────────────────────────────────────────────────
    test-results/Effiziente-Api-servers-Servers-Should-add-a-server-webkit-retry1/video.webm
    ────────────────────────────────────────────────────────────────────────────────────────────────

    attachment #3: trace (application/zip) ─────────────────────────────────────────────────────────
    test-results/Effiziente-Api-servers-Servers-Should-add-a-server-webkit-retry1/trace.zip
    Usage:

        npx playwright show-trace test-results/Effiziente-Api-servers-Servers-Should-add-a-server-webkit-retry1/trace.zip

    ────────────────────────────────────────────────────────────────────────────────────────────────
]]>
</failure>
<system-out>
<![CDATA[
[[ATTACHMENT|../test-results/Effiziente-Api-servers-Servers-Should-add-a-server-webkit/test-failed-1.png]]

[[ATTACHMENT|../test-results/Effiziente-Api-servers-Servers-Should-add-a-server-webkit/video.webm]]

[[ATTACHMENT|../test-results/Effiziente-Api-servers-Servers-Should-add-a-server-webkit/trace.zip]]

[[ATTACHMENT|../test-results/Effiziente-Api-servers-Servers-Should-add-a-server-webkit-retry1/test-failed-1.png]]

[[ATTACHMENT|../test-results/Effiziente-Api-servers-Servers-Should-add-a-server-webkit-retry1/video.webm]]

[[ATTACHMENT|../test-results/Effiziente-Api-servers-Servers-Should-add-a-server-webkit-retry1/trace.zip]]
]]>
</system-out>
</testcase>
<testcase name="Servers › Should edit a server" classname="Effiziente/Api/servers.spec.ts" time="46.167">
<properties>
<property name="Go To" value="Go to the page: &quot;https://effizientedemo.azurewebsites.net/Security/servers&quot;">
</property>
<property name="Step" value="Create server with API">
</property>
<property name="Go To" value="Go to the page: &quot;https://effizientedemo.azurewebsites.net/Security/servers&quot;">
</property>
<property name="InputText" value="Fill: &quot;key&quot; with value: &quot;4&quot;">
</property>
<property name="InputText" value="Fill: &quot;Name&quot; with value: &quot;Lindgren, Davis and Pacocha&quot;">
</property>
<property name="InputText" value="Fill: &quot;Url&quot; with value: &quot;https://webbed-wrinkle.name/&quot;">
</property>
<property name="Button" value="Click: &quot;Save&quot;">
</property>
<property name="Assert" value="Success message is visible">
</property>
</properties>
<failure message="servers.spec.ts:38:9 Should edit a server" type="FAILURE">
<![CDATA[  [webkit] › Effiziente/Api/servers.spec.ts:38:9 › Servers › Should edit a server ──────────────────

    TimeoutError: locator.innerText: Timeout 10000ms exceeded.
    Call log:
      - waiting for locator('tbody > tr').nth(2).locator('td').last()


       at ../components/TableComponent.ts:54

      52 |         for (let i = 0; i < totalRows; i++) {
      53 |             const row = this.page.locator('tbody > tr').nth(i);
    > 54 |             const columnValue = await row.locator('td').nth(index).innerText();
         |                                                                    ^
      55 |             if (columnValue == value)
      56 |                 return row;
      57 |         }

        at Table.getRowByColumnIndex (/home/runner/work/PlaywrightFramework/PlaywrightFramework/components/TableComponent.ts:54:68)
        at Table.getRowBykey (/home/runner/work/PlaywrightFramework/PlaywrightFramework/components/TableComponent.ts:77:21)
        at ServersPage.checkRow (/home/runner/work/PlaywrightFramework/PlaywrightFramework/pages/Effiziente/serversPage.ts:74:21)
        at /home/runner/work/PlaywrightFramework/PlaywrightFramework/tests/Effiziente/Api/servers.spec.ts:73:9

    attachment #1: screenshot (image/png) ──────────────────────────────────────────────────────────
    test-results/Effiziente-Api-servers-Servers-Should-edit-a-server-webkit/test-failed-1.png
    ────────────────────────────────────────────────────────────────────────────────────────────────

    attachment #2: video (video/webm) ──────────────────────────────────────────────────────────────
    test-results/Effiziente-Api-servers-Servers-Should-edit-a-server-webkit/video.webm
    ────────────────────────────────────────────────────────────────────────────────────────────────

    attachment #3: trace (application/zip) ─────────────────────────────────────────────────────────
    test-results/Effiziente-Api-servers-Servers-Should-edit-a-server-webkit/trace.zip
    Usage:

        npx playwright show-trace test-results/Effiziente-Api-servers-Servers-Should-edit-a-server-webkit/trace.zip

    ────────────────────────────────────────────────────────────────────────────────────────────────

    Retry #1 ───────────────────────────────────────────────────────────────────────────────────────

    TimeoutError: locator.innerText: Timeout 10000ms exceeded.
    Call log:
      - waiting for locator('tbody > tr').nth(2).locator('td').last()


       at ../components/TableComponent.ts:54

      52 |         for (let i = 0; i < totalRows; i++) {
      53 |             const row = this.page.locator('tbody > tr').nth(i);
    > 54 |             const columnValue = await row.locator('td').nth(index).innerText();
         |                                                                    ^
      55 |             if (columnValue == value)
      56 |                 return row;
      57 |         }

        at Table.getRowByColumnIndex (/home/runner/work/PlaywrightFramework/PlaywrightFramework/components/TableComponent.ts:54:68)
        at Table.getRowBykey (/home/runner/work/PlaywrightFramework/PlaywrightFramework/components/TableComponent.ts:77:21)
        at ServersPage.checkRow (/home/runner/work/PlaywrightFramework/PlaywrightFramework/pages/Effiziente/serversPage.ts:74:21)
        at /home/runner/work/PlaywrightFramework/PlaywrightFramework/tests/Effiziente/Api/servers.spec.ts:73:9

    attachment #1: screenshot (image/png) ──────────────────────────────────────────────────────────
    test-results/Effiziente-Api-servers-Servers-Should-edit-a-server-webkit-retry1/test-failed-1.png
    ────────────────────────────────────────────────────────────────────────────────────────────────

    attachment #2: video (video/webm) ──────────────────────────────────────────────────────────────
    test-results/Effiziente-Api-servers-Servers-Should-edit-a-server-webkit-retry1/video.webm
    ────────────────────────────────────────────────────────────────────────────────────────────────

    attachment #3: trace (application/zip) ─────────────────────────────────────────────────────────
    test-results/Effiziente-Api-servers-Servers-Should-edit-a-server-webkit-retry1/trace.zip
    Usage:

        npx playwright show-trace test-results/Effiziente-Api-servers-Servers-Should-edit-a-server-webkit-retry1/trace.zip

    ────────────────────────────────────────────────────────────────────────────────────────────────
]]>
</failure>
<system-out>
<![CDATA[
[[ATTACHMENT|../test-results/Effiziente-Api-servers-Servers-Should-edit-a-server-webkit/test-failed-1.png]]

[[ATTACHMENT|../test-results/Effiziente-Api-servers-Servers-Should-edit-a-server-webkit/video.webm]]

[[ATTACHMENT|../test-results/Effiziente-Api-servers-Servers-Should-edit-a-server-webkit/trace.zip]]

[[ATTACHMENT|../test-results/Effiziente-Api-servers-Servers-Should-edit-a-server-webkit-retry1/test-failed-1.png]]

[[ATTACHMENT|../test-results/Effiziente-Api-servers-Servers-Should-edit-a-server-webkit-retry1/video.webm]]

[[ATTACHMENT|../test-results/Effiziente-Api-servers-Servers-Should-edit-a-server-webkit-retry1/trace.zip]]
]]>
</system-out>
</testcase>
</testsuite>
<testsuite name="Effiziente/dashboard.spec.ts" timestamp="2024-04-23T04:08:58.908Z" hostname="webkit" tests="1" failures="0" skipped="0" time="9.302" errors="0">
<testcase name="Check Dashboard › Should show dashboard" classname="Effiziente/dashboard.spec.ts" time="9.302">
<properties>
<property name="Mock" value="Modify the summary with fixed data">
</property>
<property name="Mock" value="Modify the &quot;Sumary Expiration&quot; with fixed data">
</property>
<property name="Mock" value="Modify the &quot;Top 5 delay&quot; with fixed data">
</property>
<property name="Mock" value="Modify the &quot;Top 5 total&quot; with fixed data">
</property>
<property name="Mock" value="Modify the &quot;Top 5 type&quot; with fixed data">
</property>
<property name="Mock" value="Modify the &quot;Top 10 Limit 1&quot; with fixed data">
</property>
<property name="Mock" value="Modify the &quot;Top 10 Limit 2&quot; with fixed data">
</property>
<property name="Mock" value="Modify the &quot;Top 10 Limit 3&quot; with fixed data">
</property>
<property name="Mock" value="Modify the &quot;Top 10 To Expire&quot; with fixed data">
</property>
<property name="Go To" value="Go to the page: &quot;https://effizientedemo.azurewebsites.net/AccountsReceivable/dashboard&quot;">
</property>
<property name="Step" value="Compare snapshot: dashboard.png with maxDiffPixelsRatio: 0.1">
</property>
</properties>
</testcase>
</testsuite>
<testsuite name="Effiziente/menu.spec.ts" timestamp="2024-04-23T04:08:58.908Z" hostname="webkit" tests="2" failures="0" skipped="0" time="16.394" errors="0">
<testcase name="Normal user › Should returns user menu" classname="Effiziente/menu.spec.ts" time="11.257">
<properties>
<property name="Go To" value="Go to the page: &quot;https://effizientedemo.azurewebsites.net/AccountsReceivable/dashboard&quot;">
</property>
<property name="PirmeFacesMenu" value="Get top menus">
</property>
<property name="Assert" value="Menu is equal to: AccountsReceivable,Config">
</property>
</properties>
</testcase>
<testcase name="Admin user › Should returns admin menu" classname="Effiziente/menu.spec.ts" time="5.137">
<properties>
<property name="Go To" value="Go to the page: &quot;https://effizientedemo.azurewebsites.net/AccountsReceivable/dashboard&quot;">
</property>
<property name="PirmeFacesMenu" value="Get top menus">
</property>
<property name="Assert" value="Menu is equal to:AccountsReceivable,Security,Config">
</property>
</properties>
</testcase>
</testsuite>
<testsuite name="Effiziente/Synthetic/login.spec.ts" timestamp="2024-04-23T04:08:58.908Z" hostname="webkit" tests="1" failures="0" skipped="0" time="10.271" errors="0">
<testcase name="Synthetic login testing › Should show dashboard" classname="Effiziente/Synthetic/login.spec.ts" time="10.271">
</testcase>
</testsuite>
<testsuite name="Effiziente/Synthetic/menu.spec.ts" timestamp="2024-04-23T04:08:58.908Z" hostname="webkit" tests="1" failures="0" skipped="0" time="11.698" errors="0">
<testcase name="Synthetic testing › Should show dashboard" classname="Effiziente/Synthetic/menu.spec.ts" time="11.698">
<properties>
<property name="Navigation" value="Go to:https://effizientedemo.azurewebsites.net">
</property>
</properties>
</testcase>
</testsuite>
<testsuite name="Effiziente/ZeroStep/login.spec.ts" timestamp="2024-04-23T04:08:58.908Z" hostname="webkit" tests="1" failures="0" skipped="1" time="0.447" errors="0">
<testcase name="AI Zero Step › Should show dashboard after login" classname="Effiziente/ZeroStep/login.spec.ts" time="0.447">
<properties>
<property name="skip" value="Zero Steps only works in chromium">
</property>
</properties>
<skipped>
</skipped>
</testcase>
</testsuite>
<testsuite name="Google/searchLocale.spec.ts" timestamp="2024-04-23T04:08:58.908Z" hostname="webkit" tests="1" failures="0" skipped="0" time="2.197" errors="0">
<testcase name="Locale translations › Translations with locale and time zone id" classname="Google/searchLocale.spec.ts" time="2.197">
<properties>
<property name="Go To" value="Go to the page: &quot;https://www.google.com&quot;">
</property>
<property name="Assert" value="Search button text is equal to: &quot;Buscar con Google&quot;">
</property>
</properties>
</testcase>
</testsuite>
<testsuite name="SauceDemo/login.spec.ts" timestamp="2024-04-23T04:08:58.908Z" hostname="webkit" tests="1" failures="0" skipped="0" time="2.128" errors="0">
<testcase name="Login › Login with valid user load inventory page" classname="SauceDemo/login.spec.ts" time="2.128">
<properties>
<property name="Go To" value="Go to the page: &quot;https://www.saucedemo.com&quot;">
</property>
<property name="InputText" value="Fill: &quot;Username&quot; with value: &quot;standard_user&quot;">
</property>
<property name="InputPassword" value="Fill: &quot;Password with value: *****&quot;">
</property>
<property name="Button" value="Click: &quot;Login&quot;">
</property>
<property name="Assert" value="Check URL Page equal to: &quot;https://www.saucedemo.com/inventory.html&quot;">
</property>
</properties>
</testcase>
</testsuite>
<testsuite name="SauceDemo/loginLambdaTestFixture.spec.ts" timestamp="2024-04-23T04:08:58.908Z" hostname="webkit" tests="1" failures="0" skipped="0" time="0.783" errors="0">
<testcase name="Login › Login with valid user load inventory page" classname="SauceDemo/loginLambdaTestFixture.spec.ts" time="0.783">
<properties>
<property name="Go To" value="Go to the page: &quot;https://www.saucedemo.com&quot;">
</property>
<property name="InputText" value="Fill: &quot;Username&quot; with value: &quot;standard_user&quot;">
</property>
<property name="InputPassword" value="Fill: &quot;Password with value: *****&quot;">
</property>
<property name="Button" value="Click: &quot;Login&quot;">
</property>
<property name="Assert" value="Check URL Page equal to: &quot;https://www.saucedemo.com/inventory.html&quot;">
</property>
</properties>
</testcase>
</testsuite>
</testsuites>