<testsuites id="" name="" tests="24" failures="9" skipped="0" errors="0" time="113.429011">
<testsuite name="SauceDemo/loginLambdaTestFixture.spec.ts" timestamp="2024-03-18T22:57:33.413Z" hostname="chrome:latest:MacOS Catalina@lambdatest" tests="1" failures="0" skipped="0" time="21.2" errors="0">
<testcase name="Login › Login with valid user load inventory page" classname="SauceDemo/loginLambdaTestFixture.spec.ts" time="21.2">
<properties>
<property name="Go To" value="Go to the page: &quot;https://www.saucedemo.com&quot;">
</property>
<property name="InputText" value="Fill: &quot;Username&quot; with value: &quot;standard_user&quot;">
</property>
<property name="InputPassword" value="Fill: &quot;Password with value: *****&quot;">
</property>
<property name="Button" value="Click: &quot;Login&quot;">
</property>
<property name="Assert" value="Check URL Page equal to: &quot;https://www.saucedemo.com/inventory.html&quot;">
</property>
</properties>
</testcase>
</testsuite>
<testsuite name="SauceDemo/loginLambdaTestFixture.spec.ts" timestamp="2024-03-18T22:57:33.413Z" hostname="pw-webkit:latest:MacOS Monterey@lambdatest" tests="1" failures="0" skipped="0" time="38.624" errors="0">
<testcase name="Login › Login with valid user load inventory page" classname="SauceDemo/loginLambdaTestFixture.spec.ts" time="38.624">
<properties>
<property name="Go To" value="Go to the page: &quot;https://www.saucedemo.com&quot;">
</property>
<property name="InputText" value="Fill: &quot;Username&quot; with value: &quot;standard_user&quot;">
</property>
<property name="InputPassword" value="Fill: &quot;Password with value: *****&quot;">
</property>
<property name="Button" value="Click: &quot;Login&quot;">
</property>
<property name="Assert" value="Check URL Page equal to: &quot;https://www.saucedemo.com/inventory.html&quot;">
</property>
</properties>
</testcase>
</testsuite>
<testsuite name="SauceDemo/loginLambdaTestFixture.spec.ts" timestamp="2024-03-18T22:57:33.413Z" hostname="chrome:latest:Windows 10@lambdatest" tests="1" failures="0" skipped="0" time="19.117" errors="0">
<testcase name="Login › Login with valid user load inventory page" classname="SauceDemo/loginLambdaTestFixture.spec.ts" time="19.117">
<properties>
<property name="Go To" value="Go to the page: &quot;https://www.saucedemo.com&quot;">
</property>
<property name="InputText" value="Fill: &quot;Username&quot; with value: &quot;standard_user&quot;">
</property>
<property name="InputPassword" value="Fill: &quot;Password with value: *****&quot;">
</property>
<property name="Button" value="Click: &quot;Login&quot;">
</property>
<property name="Assert" value="Check URL Page equal to: &quot;https://www.saucedemo.com/inventory.html&quot;">
</property>
</properties>
</testcase>
</testsuite>
<testsuite name="Effiziente/dashboard.spec.ts" timestamp="2024-03-18T22:57:33.413Z" hostname="chromium" tests="1" failures="0" skipped="0" time="2.535" errors="0">
<testcase name="Check Dashboard › Should show dashboard" classname="Effiziente/dashboard.spec.ts" time="2.535">
<properties>
<property name="Mock" value="Modify the summary with fixed data">
</property>
<property name="Mock" value="Modify the &quot;Sumary Expiration&quot; with fixed data">
</property>
<property name="Mock" value="Modify the &quot;Top 5 delay&quot; with fixed data">
</property>
<property name="Mock" value="Modify the &quot;Top 5 total&quot; with fixed data">
</property>
<property name="Mock" value="Modify the &quot;Top 5 type&quot; with fixed data">
</property>
<property name="Mock" value="Modify the &quot;Top 10 Limit 1&quot; with fixed data">
</property>
<property name="Mock" value="Modify the &quot;Top 10 Limit 2&quot; with fixed data">
</property>
<property name="Mock" value="Modify the &quot;Top 10 Limit 3&quot; with fixed data">
</property>
<property name="Mock" value="Modify the &quot;Top 10 To Expire&quot; with fixed data">
</property>
<property name="Go To" value="Go to the page: &quot;https://effizientedemo.azurewebsites.net/AccountsReceivable/dashboard&quot;">
</property>
<property name="Step" value="Compare snapshot: dashboard.png with maxDiffPixelsRatio: 0.1">
</property>
</properties>
</testcase>
</testsuite>
<testsuite name="Effiziente/menu.spec.ts" timestamp="2024-03-18T22:57:33.413Z" hostname="chromium" tests="2" failures="2" skipped="0" time="13.519" errors="0">
<testcase name="Normal user › Should returns user menu" classname="Effiziente/menu.spec.ts" time="6.508">
<properties>
<property name="Go To" value="Go to the page: &quot;https://effizientedemo.azurewebsites.net/AccountsReceivable/dashboard&quot;">
</property>
<property name="PirmeFacesMenu" value="Get top menus">
</property>
<property name="Assert" value="Menu is equal to: AccountsReceivable,Config">
</property>
</properties>
<failure message="menu.spec.ts:7:9 Should returns user menu" type="FAILURE">
<![CDATA[  [chromium] › Effiziente/menu.spec.ts:7:9 › Normal user › Should returns user menu ────────────────

    Error: Menu is equal to: AccountsReceivable,Config

    expect(received).toEqual(expected) // deep equality

    - Expected  - 1
    + Received  + 1

      Array [
        "AccountsReceivable",
    -   "Config",
    +   "Configuration",
      ]

       at ../pages/basePage.ts:111

      109 |     public AssertArrayEqual(expected: string[], actual: string[], assertMessage: string) {
      110 |         this.annotationHelper.addAnnotation(AnnotationType.Assert, assertMessage);
    > 111 |         expect(expected, assertMessage).toEqual(actual);
          |                                         ^
      112 |     }
      113 | }

        at DashboardPage.AssertArrayEqual (/home/runner/work/PlaywrightFramework/PlaywrightFramework/pages/basePage.ts:111:41)
        at /home/runner/work/PlaywrightFramework/PlaywrightFramework/tests/Effiziente/menu.spec.ts:12:23

    attachment #1: screenshot (image/png) ──────────────────────────────────────────────────────────
    test-results/Effiziente-menu-Normal-user-Should-returns-user-menu-chromium/test-failed-1.png
    ────────────────────────────────────────────────────────────────────────────────────────────────

    attachment #2: video (video/webm) ──────────────────────────────────────────────────────────────
    test-results/Effiziente-menu-Normal-user-Should-returns-user-menu-chromium/video.webm
    ────────────────────────────────────────────────────────────────────────────────────────────────

    attachment #3: trace (application/zip) ─────────────────────────────────────────────────────────
    test-results/Effiziente-menu-Normal-user-Should-returns-user-menu-chromium/trace.zip
    Usage:

        npx playwright show-trace test-results/Effiziente-menu-Normal-user-Should-returns-user-menu-chromium/trace.zip

    ────────────────────────────────────────────────────────────────────────────────────────────────

    Retry #1 ───────────────────────────────────────────────────────────────────────────────────────

    Error: Menu is equal to: AccountsReceivable,Config

    expect(received).toEqual(expected) // deep equality

    - Expected  - 1
    + Received  + 1

      Array [
        "AccountsReceivable",
    -   "Config",
    +   "Configuration",
      ]

       at ../pages/basePage.ts:111

      109 |     public AssertArrayEqual(expected: string[], actual: string[], assertMessage: string) {
      110 |         this.annotationHelper.addAnnotation(AnnotationType.Assert, assertMessage);
    > 111 |         expect(expected, assertMessage).toEqual(actual);
          |                                         ^
      112 |     }
      113 | }

        at DashboardPage.AssertArrayEqual (/home/runner/work/PlaywrightFramework/PlaywrightFramework/pages/basePage.ts:111:41)
        at /home/runner/work/PlaywrightFramework/PlaywrightFramework/tests/Effiziente/menu.spec.ts:12:23

    attachment #1: screenshot (image/png) ──────────────────────────────────────────────────────────
    test-results/Effiziente-menu-Normal-user-Should-returns-user-menu-chromium-retry1/test-failed-1.png
    ────────────────────────────────────────────────────────────────────────────────────────────────

    attachment #2: video (video/webm) ──────────────────────────────────────────────────────────────
    test-results/Effiziente-menu-Normal-user-Should-returns-user-menu-chromium-retry1/video.webm
    ────────────────────────────────────────────────────────────────────────────────────────────────

    attachment #3: trace (application/zip) ─────────────────────────────────────────────────────────
    test-results/Effiziente-menu-Normal-user-Should-returns-user-menu-chromium-retry1/trace.zip
    Usage:

        npx playwright show-trace test-results/Effiziente-menu-Normal-user-Should-returns-user-menu-chromium-retry1/trace.zip

    ────────────────────────────────────────────────────────────────────────────────────────────────
]]>
</failure>
<system-out>
<![CDATA[
[[ATTACHMENT|../test-results/Effiziente-menu-Normal-user-Should-returns-user-menu-chromium/test-failed-1.png]]

[[ATTACHMENT|../test-results/Effiziente-menu-Normal-user-Should-returns-user-menu-chromium/video.webm]]

[[ATTACHMENT|../test-results/Effiziente-menu-Normal-user-Should-returns-user-menu-chromium/trace.zip]]

[[ATTACHMENT|../test-results/Effiziente-menu-Normal-user-Should-returns-user-menu-chromium-retry1/test-failed-1.png]]

[[ATTACHMENT|../test-results/Effiziente-menu-Normal-user-Should-returns-user-menu-chromium-retry1/video.webm]]

[[ATTACHMENT|../test-results/Effiziente-menu-Normal-user-Should-returns-user-menu-chromium-retry1/trace.zip]]
]]>
</system-out>
</testcase>
<testcase name="Admin user › Should returns admin menu" classname="Effiziente/menu.spec.ts" time="7.011">
<properties>
<property name="Go To" value="Go to the page: &quot;https://effizientedemo.azurewebsites.net/AccountsReceivable/dashboard&quot;">
</property>
<property name="PirmeFacesMenu" value="Get top menus">
</property>
<property name="Assert" value="Menu is equal to:AccountsReceivable,Security,Config">
</property>
</properties>
<failure message="menu.spec.ts:19:9 Should returns admin menu" type="FAILURE">
<![CDATA[  [chromium] › Effiziente/menu.spec.ts:19:9 › Admin user › Should returns admin menu ───────────────

    Error: Menu is equal to:AccountsReceivable,Security,Config

    expect(received).toEqual(expected) // deep equality

    - Expected  - 1
    + Received  + 1

      Array [
        "AccountsReceivable",
        "Security",
    -   "Config",
    +   "Configuration",
      ]

       at ../pages/basePage.ts:111

      109 |     public AssertArrayEqual(expected: string[], actual: string[], assertMessage: string) {
      110 |         this.annotationHelper.addAnnotation(AnnotationType.Assert, assertMessage);
    > 111 |         expect(expected, assertMessage).toEqual(actual);
          |                                         ^
      112 |     }
      113 | }

        at DashboardPage.AssertArrayEqual (/home/runner/work/PlaywrightFramework/PlaywrightFramework/pages/basePage.ts:111:41)
        at /home/runner/work/PlaywrightFramework/PlaywrightFramework/tests/Effiziente/menu.spec.ts:24:23

    attachment #1: screenshot (image/png) ──────────────────────────────────────────────────────────
    test-results/Effiziente-menu-Admin-user-Should-returns-admin-menu-chromium/test-failed-1.png
    ────────────────────────────────────────────────────────────────────────────────────────────────

    attachment #2: video (video/webm) ──────────────────────────────────────────────────────────────
    test-results/Effiziente-menu-Admin-user-Should-returns-admin-menu-chromium/video.webm
    ────────────────────────────────────────────────────────────────────────────────────────────────

    attachment #3: trace (application/zip) ─────────────────────────────────────────────────────────
    test-results/Effiziente-menu-Admin-user-Should-returns-admin-menu-chromium/trace.zip
    Usage:

        npx playwright show-trace test-results/Effiziente-menu-Admin-user-Should-returns-admin-menu-chromium/trace.zip

    ────────────────────────────────────────────────────────────────────────────────────────────────

    Retry #1 ───────────────────────────────────────────────────────────────────────────────────────

    Error: Menu is equal to:AccountsReceivable,Security,Config

    expect(received).toEqual(expected) // deep equality

    - Expected  - 1
    + Received  + 1

      Array [
        "AccountsReceivable",
        "Security",
    -   "Config",
    +   "Configuration",
      ]

       at ../pages/basePage.ts:111

      109 |     public AssertArrayEqual(expected: string[], actual: string[], assertMessage: string) {
      110 |         this.annotationHelper.addAnnotation(AnnotationType.Assert, assertMessage);
    > 111 |         expect(expected, assertMessage).toEqual(actual);
          |                                         ^
      112 |     }
      113 | }

        at DashboardPage.AssertArrayEqual (/home/runner/work/PlaywrightFramework/PlaywrightFramework/pages/basePage.ts:111:41)
        at /home/runner/work/PlaywrightFramework/PlaywrightFramework/tests/Effiziente/menu.spec.ts:24:23

    attachment #1: screenshot (image/png) ──────────────────────────────────────────────────────────
    test-results/Effiziente-menu-Admin-user-Should-returns-admin-menu-chromium-retry1/test-failed-1.png
    ────────────────────────────────────────────────────────────────────────────────────────────────

    attachment #2: video (video/webm) ──────────────────────────────────────────────────────────────
    test-results/Effiziente-menu-Admin-user-Should-returns-admin-menu-chromium-retry1/video.webm
    ────────────────────────────────────────────────────────────────────────────────────────────────

    attachment #3: trace (application/zip) ─────────────────────────────────────────────────────────
    test-results/Effiziente-menu-Admin-user-Should-returns-admin-menu-chromium-retry1/trace.zip
    Usage:

        npx playwright show-trace test-results/Effiziente-menu-Admin-user-Should-returns-admin-menu-chromium-retry1/trace.zip

    ────────────────────────────────────────────────────────────────────────────────────────────────
]]>
</failure>
<system-out>
<![CDATA[
[[ATTACHMENT|../test-results/Effiziente-menu-Admin-user-Should-returns-admin-menu-chromium/test-failed-1.png]]

[[ATTACHMENT|../test-results/Effiziente-menu-Admin-user-Should-returns-admin-menu-chromium/video.webm]]

[[ATTACHMENT|../test-results/Effiziente-menu-Admin-user-Should-returns-admin-menu-chromium/trace.zip]]

[[ATTACHMENT|../test-results/Effiziente-menu-Admin-user-Should-returns-admin-menu-chromium-retry1/test-failed-1.png]]

[[ATTACHMENT|../test-results/Effiziente-menu-Admin-user-Should-returns-admin-menu-chromium-retry1/video.webm]]

[[ATTACHMENT|../test-results/Effiziente-menu-Admin-user-Should-returns-admin-menu-chromium-retry1/trace.zip]]
]]>
</system-out>
</testcase>
</testsuite>
<testsuite name="Effiziente/synthetic.spec.ts" timestamp="2024-03-18T22:57:33.413Z" hostname="chromium" tests="1" failures="1" skipped="0" time="8.188" errors="0">
<testcase name="Synthetic testing › Should show dashboard" classname="Effiziente/synthetic.spec.ts" time="8.188">
<failure message="synthetic.spec.ts:23:9 Should show dashboard" type="FAILURE">
<![CDATA[  [chromium] › Effiziente/synthetic.spec.ts:23:9 › Synthetic testing › Should show dashboard ───────

    Error: expect(received).toEqual(expected) // deep equality

    - Expected  - 1
    + Received  + 2

      Array [
        "AccountsReceivable",
    -   "Config",
    +   "Security",
    +   "Configuration",
      ]

      35 |         const menusInPage = await page.locator(topMenuLocator).allInnerTexts();
      36 |         const menus = ['AccountsReceivable', 'Config'];
    > 37 |         await expect(menusInPage).toEqual(menus);
         |                                   ^
      38 |     });
      39 |
      40 | });

        at /home/runner/work/PlaywrightFramework/PlaywrightFramework/tests/Effiziente/synthetic.spec.ts:37:35

    attachment #1: screenshot (image/png) ──────────────────────────────────────────────────────────
    test-results/Effiziente-synthetic-Synthetic-testing-Should-show-dashboard-chromium/test-failed-1.png
    ────────────────────────────────────────────────────────────────────────────────────────────────

    attachment #2: video (video/webm) ──────────────────────────────────────────────────────────────
    test-results/Effiziente-synthetic-Synthetic-testing-Should-show-dashboard-chromium/video.webm
    ────────────────────────────────────────────────────────────────────────────────────────────────

    attachment #3: trace (application/zip) ─────────────────────────────────────────────────────────
    test-results/Effiziente-synthetic-Synthetic-testing-Should-show-dashboard-chromium/trace.zip
    Usage:

        npx playwright show-trace test-results/Effiziente-synthetic-Synthetic-testing-Should-show-dashboard-chromium/trace.zip

    ────────────────────────────────────────────────────────────────────────────────────────────────

    Retry #1 ───────────────────────────────────────────────────────────────────────────────────────

    Error: expect(received).toEqual(expected) // deep equality

    - Expected  - 1
    + Received  + 2

      Array [
        "AccountsReceivable",
    -   "Config",
    +   "Security",
    +   "Configuration",
      ]

      35 |         const menusInPage = await page.locator(topMenuLocator).allInnerTexts();
      36 |         const menus = ['AccountsReceivable', 'Config'];
    > 37 |         await expect(menusInPage).toEqual(menus);
         |                                   ^
      38 |     });
      39 |
      40 | });

        at /home/runner/work/PlaywrightFramework/PlaywrightFramework/tests/Effiziente/synthetic.spec.ts:37:35

    attachment #1: screenshot (image/png) ──────────────────────────────────────────────────────────
    test-results/Effiziente-synthetic-Synthetic-testing-Should-show-dashboard-chromium-retry1/test-failed-1.png
    ────────────────────────────────────────────────────────────────────────────────────────────────

    attachment #2: video (video/webm) ──────────────────────────────────────────────────────────────
    test-results/Effiziente-synthetic-Synthetic-testing-Should-show-dashboard-chromium-retry1/video.webm
    ────────────────────────────────────────────────────────────────────────────────────────────────

    attachment #3: trace (application/zip) ─────────────────────────────────────────────────────────
    test-results/Effiziente-synthetic-Synthetic-testing-Should-show-dashboard-chromium-retry1/trace.zip
    Usage:

        npx playwright show-trace test-results/Effiziente-synthetic-Synthetic-testing-Should-show-dashboard-chromium-retry1/trace.zip

    ────────────────────────────────────────────────────────────────────────────────────────────────
]]>
</failure>
<system-out>
<![CDATA[
[[ATTACHMENT|../test-results/Effiziente-synthetic-Synthetic-testing-Should-show-dashboard-chromium/test-failed-1.png]]

[[ATTACHMENT|../test-results/Effiziente-synthetic-Synthetic-testing-Should-show-dashboard-chromium/video.webm]]

[[ATTACHMENT|../test-results/Effiziente-synthetic-Synthetic-testing-Should-show-dashboard-chromium/trace.zip]]

[[ATTACHMENT|../test-results/Effiziente-synthetic-Synthetic-testing-Should-show-dashboard-chromium-retry1/test-failed-1.png]]

[[ATTACHMENT|../test-results/Effiziente-synthetic-Synthetic-testing-Should-show-dashboard-chromium-retry1/video.webm]]

[[ATTACHMENT|../test-results/Effiziente-synthetic-Synthetic-testing-Should-show-dashboard-chromium-retry1/trace.zip]]
]]>
</system-out>
</testcase>
</testsuite>
<testsuite name="Google/searchLocale.spec.ts" timestamp="2024-03-18T22:57:33.413Z" hostname="chromium" tests="1" failures="0" skipped="0" time="1.567" errors="0">
<testcase name="Locale translations › Translations with locale and time zone id" classname="Google/searchLocale.spec.ts" time="1.567">
<properties>
<property name="Go To" value="Go to the page: &quot;https://www.google.com&quot;">
</property>
<property name="Assert" value="Search button text is equal to: &quot;Buscar con Google&quot;">
</property>
</properties>
</testcase>
</testsuite>
<testsuite name="SauceDemo/login.spec.ts" timestamp="2024-03-18T22:57:33.413Z" hostname="chromium" tests="1" failures="0" skipped="0" time="0.893" errors="0">
<testcase name="Login › Login with valid user load inventory page" classname="SauceDemo/login.spec.ts" time="0.893">
<properties>
<property name="Go To" value="Go to the page: &quot;https://www.saucedemo.com&quot;">
</property>
<property name="InputText" value="Fill: &quot;Username&quot; with value: &quot;standard_user&quot;">
</property>
<property name="InputPassword" value="Fill: &quot;Password with value: *****&quot;">
</property>
<property name="Button" value="Click: &quot;Login&quot;">
</property>
<property name="Assert" value="Check URL Page equal to: &quot;https://www.saucedemo.com/inventory.html&quot;">
</property>
</properties>
</testcase>
</testsuite>
<testsuite name="SauceDemo/loginLambdaTestFixture.spec.ts" timestamp="2024-03-18T22:57:33.413Z" hostname="chromium" tests="1" failures="0" skipped="0" time="0.882" errors="0">
<testcase name="Login › Login with valid user load inventory page" classname="SauceDemo/loginLambdaTestFixture.spec.ts" time="0.882">
<properties>
<property name="Go To" value="Go to the page: &quot;https://www.saucedemo.com&quot;">
</property>
<property name="InputText" value="Fill: &quot;Username&quot; with value: &quot;standard_user&quot;">
</property>
<property name="InputPassword" value="Fill: &quot;Password with value: *****&quot;">
</property>
<property name="Button" value="Click: &quot;Login&quot;">
</property>
<property name="Assert" value="Check URL Page equal to: &quot;https://www.saucedemo.com/inventory.html&quot;">
</property>
</properties>
</testcase>
</testsuite>
<testsuite name="Effiziente/dashboard.spec.ts" timestamp="2024-03-18T22:57:33.413Z" hostname="firefox" tests="1" failures="0" skipped="0" time="4.461" errors="0">
<testcase name="Check Dashboard › Should show dashboard" classname="Effiziente/dashboard.spec.ts" time="4.461">
<properties>
<property name="Mock" value="Modify the summary with fixed data">
</property>
<property name="Mock" value="Modify the &quot;Sumary Expiration&quot; with fixed data">
</property>
<property name="Mock" value="Modify the &quot;Top 5 delay&quot; with fixed data">
</property>
<property name="Mock" value="Modify the &quot;Top 5 total&quot; with fixed data">
</property>
<property name="Mock" value="Modify the &quot;Top 5 type&quot; with fixed data">
</property>
<property name="Mock" value="Modify the &quot;Top 10 Limit 1&quot; with fixed data">
</property>
<property name="Mock" value="Modify the &quot;Top 10 Limit 2&quot; with fixed data">
</property>
<property name="Mock" value="Modify the &quot;Top 10 Limit 3&quot; with fixed data">
</property>
<property name="Mock" value="Modify the &quot;Top 10 To Expire&quot; with fixed data">
</property>
<property name="Go To" value="Go to the page: &quot;https://effizientedemo.azurewebsites.net/AccountsReceivable/dashboard&quot;">
</property>
<property name="Step" value="Compare snapshot: dashboard.png with maxDiffPixelsRatio: 0.1">
</property>
</properties>
</testcase>
</testsuite>
<testsuite name="Effiziente/menu.spec.ts" timestamp="2024-03-18T22:57:33.413Z" hostname="firefox" tests="2" failures="2" skipped="0" time="16.395" errors="0">
<testcase name="Normal user › Should returns user menu" classname="Effiziente/menu.spec.ts" time="9.162">
<properties>
<property name="Go To" value="Go to the page: &quot;https://effizientedemo.azurewebsites.net/AccountsReceivable/dashboard&quot;">
</property>
<property name="PirmeFacesMenu" value="Get top menus">
</property>
<property name="Assert" value="Menu is equal to: AccountsReceivable,Config">
</property>
</properties>
<failure message="menu.spec.ts:7:9 Should returns user menu" type="FAILURE">
<![CDATA[  [firefox] › Effiziente/menu.spec.ts:7:9 › Normal user › Should returns user menu ─────────────────

    Error: Menu is equal to: AccountsReceivable,Config

    expect(received).toEqual(expected) // deep equality

    - Expected  - 1
    + Received  + 1

      Array [
        "AccountsReceivable",
    -   "Config",
    +   "Configuration",
      ]

       at ../pages/basePage.ts:111

      109 |     public AssertArrayEqual(expected: string[], actual: string[], assertMessage: string) {
      110 |         this.annotationHelper.addAnnotation(AnnotationType.Assert, assertMessage);
    > 111 |         expect(expected, assertMessage).toEqual(actual);
          |                                         ^
      112 |     }
      113 | }

        at DashboardPage.AssertArrayEqual (/home/runner/work/PlaywrightFramework/PlaywrightFramework/pages/basePage.ts:111:41)
        at /home/runner/work/PlaywrightFramework/PlaywrightFramework/tests/Effiziente/menu.spec.ts:12:23

    attachment #1: screenshot (image/png) ──────────────────────────────────────────────────────────
    test-results/Effiziente-menu-Normal-user-Should-returns-user-menu-firefox/test-failed-1.png
    ────────────────────────────────────────────────────────────────────────────────────────────────

    attachment #2: video (video/webm) ──────────────────────────────────────────────────────────────
    test-results/Effiziente-menu-Normal-user-Should-returns-user-menu-firefox/video.webm
    ────────────────────────────────────────────────────────────────────────────────────────────────

    attachment #3: trace (application/zip) ─────────────────────────────────────────────────────────
    test-results/Effiziente-menu-Normal-user-Should-returns-user-menu-firefox/trace.zip
    Usage:

        npx playwright show-trace test-results/Effiziente-menu-Normal-user-Should-returns-user-menu-firefox/trace.zip

    ────────────────────────────────────────────────────────────────────────────────────────────────

    Retry #1 ───────────────────────────────────────────────────────────────────────────────────────

    Error: Menu is equal to: AccountsReceivable,Config

    expect(received).toEqual(expected) // deep equality

    - Expected  - 1
    + Received  + 1

      Array [
        "AccountsReceivable",
    -   "Config",
    +   "Configuration",
      ]

       at ../pages/basePage.ts:111

      109 |     public AssertArrayEqual(expected: string[], actual: string[], assertMessage: string) {
      110 |         this.annotationHelper.addAnnotation(AnnotationType.Assert, assertMessage);
    > 111 |         expect(expected, assertMessage).toEqual(actual);
          |                                         ^
      112 |     }
      113 | }

        at DashboardPage.AssertArrayEqual (/home/runner/work/PlaywrightFramework/PlaywrightFramework/pages/basePage.ts:111:41)
        at /home/runner/work/PlaywrightFramework/PlaywrightFramework/tests/Effiziente/menu.spec.ts:12:23

    attachment #1: screenshot (image/png) ──────────────────────────────────────────────────────────
    test-results/Effiziente-menu-Normal-user-Should-returns-user-menu-firefox-retry1/test-failed-1.png
    ────────────────────────────────────────────────────────────────────────────────────────────────

    attachment #2: video (video/webm) ──────────────────────────────────────────────────────────────
    test-results/Effiziente-menu-Normal-user-Should-returns-user-menu-firefox-retry1/video.webm
    ────────────────────────────────────────────────────────────────────────────────────────────────

    attachment #3: trace (application/zip) ─────────────────────────────────────────────────────────
    test-results/Effiziente-menu-Normal-user-Should-returns-user-menu-firefox-retry1/trace.zip
    Usage:

        npx playwright show-trace test-results/Effiziente-menu-Normal-user-Should-returns-user-menu-firefox-retry1/trace.zip

    ────────────────────────────────────────────────────────────────────────────────────────────────
]]>
</failure>
<system-out>
<![CDATA[
[[ATTACHMENT|../test-results/Effiziente-menu-Normal-user-Should-returns-user-menu-firefox/test-failed-1.png]]

[[ATTACHMENT|../test-results/Effiziente-menu-Normal-user-Should-returns-user-menu-firefox/video.webm]]

[[ATTACHMENT|../test-results/Effiziente-menu-Normal-user-Should-returns-user-menu-firefox/trace.zip]]

[[ATTACHMENT|../test-results/Effiziente-menu-Normal-user-Should-returns-user-menu-firefox-retry1/test-failed-1.png]]

[[ATTACHMENT|../test-results/Effiziente-menu-Normal-user-Should-returns-user-menu-firefox-retry1/video.webm]]

[[ATTACHMENT|../test-results/Effiziente-menu-Normal-user-Should-returns-user-menu-firefox-retry1/trace.zip]]
]]>
</system-out>
</testcase>
<testcase name="Admin user › Should returns admin menu" classname="Effiziente/menu.spec.ts" time="7.233">
<properties>
<property name="Go To" value="Go to the page: &quot;https://effizientedemo.azurewebsites.net/AccountsReceivable/dashboard&quot;">
</property>
<property name="PirmeFacesMenu" value="Get top menus">
</property>
<property name="Assert" value="Menu is equal to:AccountsReceivable,Security,Config">
</property>
</properties>
<failure message="menu.spec.ts:19:9 Should returns admin menu" type="FAILURE">
<![CDATA[  [firefox] › Effiziente/menu.spec.ts:19:9 › Admin user › Should returns admin menu ────────────────

    Error: Menu is equal to:AccountsReceivable,Security,Config

    expect(received).toEqual(expected) // deep equality

    - Expected  - 1
    + Received  + 1

      Array [
        "AccountsReceivable",
        "Security",
    -   "Config",
    +   "Configuration",
      ]

       at ../pages/basePage.ts:111

      109 |     public AssertArrayEqual(expected: string[], actual: string[], assertMessage: string) {
      110 |         this.annotationHelper.addAnnotation(AnnotationType.Assert, assertMessage);
    > 111 |         expect(expected, assertMessage).toEqual(actual);
          |                                         ^
      112 |     }
      113 | }

        at DashboardPage.AssertArrayEqual (/home/runner/work/PlaywrightFramework/PlaywrightFramework/pages/basePage.ts:111:41)
        at /home/runner/work/PlaywrightFramework/PlaywrightFramework/tests/Effiziente/menu.spec.ts:24:23

    attachment #1: screenshot (image/png) ──────────────────────────────────────────────────────────
    test-results/Effiziente-menu-Admin-user-Should-returns-admin-menu-firefox/test-failed-1.png
    ────────────────────────────────────────────────────────────────────────────────────────────────

    attachment #2: video (video/webm) ──────────────────────────────────────────────────────────────
    test-results/Effiziente-menu-Admin-user-Should-returns-admin-menu-firefox/video.webm
    ────────────────────────────────────────────────────────────────────────────────────────────────

    attachment #3: trace (application/zip) ─────────────────────────────────────────────────────────
    test-results/Effiziente-menu-Admin-user-Should-returns-admin-menu-firefox/trace.zip
    Usage:

        npx playwright show-trace test-results/Effiziente-menu-Admin-user-Should-returns-admin-menu-firefox/trace.zip

    ────────────────────────────────────────────────────────────────────────────────────────────────

    Retry #1 ───────────────────────────────────────────────────────────────────────────────────────

    Error: Menu is equal to:AccountsReceivable,Security,Config

    expect(received).toEqual(expected) // deep equality

    - Expected  - 1
    + Received  + 1

      Array [
        "AccountsReceivable",
        "Security",
    -   "Config",
    +   "Configuration",
      ]

       at ../pages/basePage.ts:111

      109 |     public AssertArrayEqual(expected: string[], actual: string[], assertMessage: string) {
      110 |         this.annotationHelper.addAnnotation(AnnotationType.Assert, assertMessage);
    > 111 |         expect(expected, assertMessage).toEqual(actual);
          |                                         ^
      112 |     }
      113 | }

        at DashboardPage.AssertArrayEqual (/home/runner/work/PlaywrightFramework/PlaywrightFramework/pages/basePage.ts:111:41)
        at /home/runner/work/PlaywrightFramework/PlaywrightFramework/tests/Effiziente/menu.spec.ts:24:23

    attachment #1: screenshot (image/png) ──────────────────────────────────────────────────────────
    test-results/Effiziente-menu-Admin-user-Should-returns-admin-menu-firefox-retry1/test-failed-1.png
    ────────────────────────────────────────────────────────────────────────────────────────────────

    attachment #2: video (video/webm) ──────────────────────────────────────────────────────────────
    test-results/Effiziente-menu-Admin-user-Should-returns-admin-menu-firefox-retry1/video.webm
    ────────────────────────────────────────────────────────────────────────────────────────────────

    attachment #3: trace (application/zip) ─────────────────────────────────────────────────────────
    test-results/Effiziente-menu-Admin-user-Should-returns-admin-menu-firefox-retry1/trace.zip
    Usage:

        npx playwright show-trace test-results/Effiziente-menu-Admin-user-Should-returns-admin-menu-firefox-retry1/trace.zip

    ────────────────────────────────────────────────────────────────────────────────────────────────
]]>
</failure>
<system-out>
<![CDATA[
[[ATTACHMENT|../test-results/Effiziente-menu-Admin-user-Should-returns-admin-menu-firefox/test-failed-1.png]]

[[ATTACHMENT|../test-results/Effiziente-menu-Admin-user-Should-returns-admin-menu-firefox/video.webm]]

[[ATTACHMENT|../test-results/Effiziente-menu-Admin-user-Should-returns-admin-menu-firefox/trace.zip]]

[[ATTACHMENT|../test-results/Effiziente-menu-Admin-user-Should-returns-admin-menu-firefox-retry1/test-failed-1.png]]

[[ATTACHMENT|../test-results/Effiziente-menu-Admin-user-Should-returns-admin-menu-firefox-retry1/video.webm]]

[[ATTACHMENT|../test-results/Effiziente-menu-Admin-user-Should-returns-admin-menu-firefox-retry1/trace.zip]]
]]>
</system-out>
</testcase>
</testsuite>
<testsuite name="Effiziente/synthetic.spec.ts" timestamp="2024-03-18T22:57:33.413Z" hostname="firefox" tests="1" failures="1" skipped="0" time="10.028" errors="0">
<testcase name="Synthetic testing › Should show dashboard" classname="Effiziente/synthetic.spec.ts" time="10.028">
<failure message="synthetic.spec.ts:23:9 Should show dashboard" type="FAILURE">
<![CDATA[  [firefox] › Effiziente/synthetic.spec.ts:23:9 › Synthetic testing › Should show dashboard ────────

    Error: expect(received).toEqual(expected) // deep equality

    - Expected  - 1
    + Received  + 2

      Array [
        "AccountsReceivable",
    -   "Config",
    +   "Security",
    +   "Configuration",
      ]

      35 |         const menusInPage = await page.locator(topMenuLocator).allInnerTexts();
      36 |         const menus = ['AccountsReceivable', 'Config'];
    > 37 |         await expect(menusInPage).toEqual(menus);
         |                                   ^
      38 |     });
      39 |
      40 | });

        at /home/runner/work/PlaywrightFramework/PlaywrightFramework/tests/Effiziente/synthetic.spec.ts:37:35

    attachment #1: screenshot (image/png) ──────────────────────────────────────────────────────────
    test-results/Effiziente-synthetic-Synthetic-testing-Should-show-dashboard-firefox/test-failed-1.png
    ────────────────────────────────────────────────────────────────────────────────────────────────

    attachment #2: video (video/webm) ──────────────────────────────────────────────────────────────
    test-results/Effiziente-synthetic-Synthetic-testing-Should-show-dashboard-firefox/video.webm
    ────────────────────────────────────────────────────────────────────────────────────────────────

    attachment #3: trace (application/zip) ─────────────────────────────────────────────────────────
    test-results/Effiziente-synthetic-Synthetic-testing-Should-show-dashboard-firefox/trace.zip
    Usage:

        npx playwright show-trace test-results/Effiziente-synthetic-Synthetic-testing-Should-show-dashboard-firefox/trace.zip

    ────────────────────────────────────────────────────────────────────────────────────────────────

    Retry #1 ───────────────────────────────────────────────────────────────────────────────────────

    Error: expect(received).toEqual(expected) // deep equality

    - Expected  - 1
    + Received  + 2

      Array [
        "AccountsReceivable",
    -   "Config",
    +   "Security",
    +   "Configuration",
      ]

      35 |         const menusInPage = await page.locator(topMenuLocator).allInnerTexts();
      36 |         const menus = ['AccountsReceivable', 'Config'];
    > 37 |         await expect(menusInPage).toEqual(menus);
         |                                   ^
      38 |     });
      39 |
      40 | });

        at /home/runner/work/PlaywrightFramework/PlaywrightFramework/tests/Effiziente/synthetic.spec.ts:37:35

    attachment #1: screenshot (image/png) ──────────────────────────────────────────────────────────
    test-results/Effiziente-synthetic-Synthetic-testing-Should-show-dashboard-firefox-retry1/test-failed-1.png
    ────────────────────────────────────────────────────────────────────────────────────────────────

    attachment #2: video (video/webm) ──────────────────────────────────────────────────────────────
    test-results/Effiziente-synthetic-Synthetic-testing-Should-show-dashboard-firefox-retry1/video.webm
    ────────────────────────────────────────────────────────────────────────────────────────────────

    attachment #3: trace (application/zip) ─────────────────────────────────────────────────────────
    test-results/Effiziente-synthetic-Synthetic-testing-Should-show-dashboard-firefox-retry1/trace.zip
    Usage:

        npx playwright show-trace test-results/Effiziente-synthetic-Synthetic-testing-Should-show-dashboard-firefox-retry1/trace.zip

    ────────────────────────────────────────────────────────────────────────────────────────────────
]]>
</failure>
<system-out>
<![CDATA[
[[ATTACHMENT|../test-results/Effiziente-synthetic-Synthetic-testing-Should-show-dashboard-firefox/test-failed-1.png]]

[[ATTACHMENT|../test-results/Effiziente-synthetic-Synthetic-testing-Should-show-dashboard-firefox/video.webm]]

[[ATTACHMENT|../test-results/Effiziente-synthetic-Synthetic-testing-Should-show-dashboard-firefox/trace.zip]]

[[ATTACHMENT|../test-results/Effiziente-synthetic-Synthetic-testing-Should-show-dashboard-firefox-retry1/test-failed-1.png]]

[[ATTACHMENT|../test-results/Effiziente-synthetic-Synthetic-testing-Should-show-dashboard-firefox-retry1/video.webm]]

[[ATTACHMENT|../test-results/Effiziente-synthetic-Synthetic-testing-Should-show-dashboard-firefox-retry1/trace.zip]]
]]>
</system-out>
</testcase>
</testsuite>
<testsuite name="Google/searchLocale.spec.ts" timestamp="2024-03-18T22:57:33.413Z" hostname="firefox" tests="1" failures="0" skipped="0" time="2.803" errors="0">
<testcase name="Locale translations › Translations with locale and time zone id" classname="Google/searchLocale.spec.ts" time="2.803">
<properties>
<property name="Go To" value="Go to the page: &quot;https://www.google.com&quot;">
</property>
<property name="Assert" value="Search button text is equal to: &quot;Buscar con Google&quot;">
</property>
</properties>
</testcase>
</testsuite>
<testsuite name="SauceDemo/login.spec.ts" timestamp="2024-03-18T22:57:33.413Z" hostname="firefox" tests="1" failures="0" skipped="0" time="1.134" errors="0">
<testcase name="Login › Login with valid user load inventory page" classname="SauceDemo/login.spec.ts" time="1.134">
<properties>
<property name="Go To" value="Go to the page: &quot;https://www.saucedemo.com&quot;">
</property>
<property name="InputText" value="Fill: &quot;Username&quot; with value: &quot;standard_user&quot;">
</property>
<property name="InputPassword" value="Fill: &quot;Password with value: *****&quot;">
</property>
<property name="Button" value="Click: &quot;Login&quot;">
</property>
<property name="Assert" value="Check URL Page equal to: &quot;https://www.saucedemo.com/inventory.html&quot;">
</property>
</properties>
</testcase>
</testsuite>
<testsuite name="SauceDemo/loginLambdaTestFixture.spec.ts" timestamp="2024-03-18T22:57:33.413Z" hostname="firefox" tests="1" failures="0" skipped="0" time="0.717" errors="0">
<testcase name="Login › Login with valid user load inventory page" classname="SauceDemo/loginLambdaTestFixture.spec.ts" time="0.717">
<properties>
<property name="Go To" value="Go to the page: &quot;https://www.saucedemo.com&quot;">
</property>
<property name="InputText" value="Fill: &quot;Username&quot; with value: &quot;standard_user&quot;">
</property>
<property name="InputPassword" value="Fill: &quot;Password with value: *****&quot;">
</property>
<property name="Button" value="Click: &quot;Login&quot;">
</property>
<property name="Assert" value="Check URL Page equal to: &quot;https://www.saucedemo.com/inventory.html&quot;">
</property>
</properties>
</testcase>
</testsuite>
<testsuite name="Effiziente/dashboard.spec.ts" timestamp="2024-03-18T22:57:33.413Z" hostname="webkit" tests="1" failures="0" skipped="0" time="12.697" errors="0">
<testcase name="Check Dashboard › Should show dashboard" classname="Effiziente/dashboard.spec.ts" time="12.697">
<properties>
<property name="Mock" value="Modify the summary with fixed data">
</property>
<property name="Mock" value="Modify the &quot;Sumary Expiration&quot; with fixed data">
</property>
<property name="Mock" value="Modify the &quot;Top 5 delay&quot; with fixed data">
</property>
<property name="Mock" value="Modify the &quot;Top 5 total&quot; with fixed data">
</property>
<property name="Mock" value="Modify the &quot;Top 5 type&quot; with fixed data">
</property>
<property name="Mock" value="Modify the &quot;Top 10 Limit 1&quot; with fixed data">
</property>
<property name="Mock" value="Modify the &quot;Top 10 Limit 2&quot; with fixed data">
</property>
<property name="Mock" value="Modify the &quot;Top 10 Limit 3&quot; with fixed data">
</property>
<property name="Mock" value="Modify the &quot;Top 10 To Expire&quot; with fixed data">
</property>
<property name="Go To" value="Go to the page: &quot;https://effizientedemo.azurewebsites.net/AccountsReceivable/dashboard&quot;">
</property>
<property name="Step" value="Compare snapshot: dashboard.png with maxDiffPixelsRatio: 0.1">
</property>
</properties>
</testcase>
</testsuite>
<testsuite name="Effiziente/menu.spec.ts" timestamp="2024-03-18T22:57:33.413Z" hostname="webkit" tests="2" failures="2" skipped="0" time="23.585" errors="0">
<testcase name="Normal user › Should returns user menu" classname="Effiziente/menu.spec.ts" time="13.139">
<properties>
<property name="Go To" value="Go to the page: &quot;https://effizientedemo.azurewebsites.net/AccountsReceivable/dashboard&quot;">
</property>
<property name="PirmeFacesMenu" value="Get top menus">
</property>
<property name="Assert" value="Menu is equal to: AccountsReceivable,Config">
</property>
</properties>
<failure message="menu.spec.ts:7:9 Should returns user menu" type="FAILURE">
<![CDATA[  [webkit] › Effiziente/menu.spec.ts:7:9 › Normal user › Should returns user menu ──────────────────

    Error: Menu is equal to: AccountsReceivable,Config

    expect(received).toEqual(expected) // deep equality

    - Expected  - 1
    + Received  + 1

      Array [
        "AccountsReceivable",
    -   "Config",
    +   "Configuration",
      ]

       at ../pages/basePage.ts:111

      109 |     public AssertArrayEqual(expected: string[], actual: string[], assertMessage: string) {
      110 |         this.annotationHelper.addAnnotation(AnnotationType.Assert, assertMessage);
    > 111 |         expect(expected, assertMessage).toEqual(actual);
          |                                         ^
      112 |     }
      113 | }

        at DashboardPage.AssertArrayEqual (/home/runner/work/PlaywrightFramework/PlaywrightFramework/pages/basePage.ts:111:41)
        at /home/runner/work/PlaywrightFramework/PlaywrightFramework/tests/Effiziente/menu.spec.ts:12:23

    attachment #1: screenshot (image/png) ──────────────────────────────────────────────────────────
    test-results/Effiziente-menu-Normal-user-Should-returns-user-menu-webkit/test-failed-1.png
    ────────────────────────────────────────────────────────────────────────────────────────────────

    attachment #2: video (video/webm) ──────────────────────────────────────────────────────────────
    test-results/Effiziente-menu-Normal-user-Should-returns-user-menu-webkit/video.webm
    ────────────────────────────────────────────────────────────────────────────────────────────────

    attachment #3: trace (application/zip) ─────────────────────────────────────────────────────────
    test-results/Effiziente-menu-Normal-user-Should-returns-user-menu-webkit/trace.zip
    Usage:

        npx playwright show-trace test-results/Effiziente-menu-Normal-user-Should-returns-user-menu-webkit/trace.zip

    ────────────────────────────────────────────────────────────────────────────────────────────────

    Retry #1 ───────────────────────────────────────────────────────────────────────────────────────

    Error: Menu is equal to: AccountsReceivable,Config

    expect(received).toEqual(expected) // deep equality

    - Expected  - 1
    + Received  + 1

      Array [
        "AccountsReceivable",
    -   "Config",
    +   "Configuration",
      ]

       at ../pages/basePage.ts:111

      109 |     public AssertArrayEqual(expected: string[], actual: string[], assertMessage: string) {
      110 |         this.annotationHelper.addAnnotation(AnnotationType.Assert, assertMessage);
    > 111 |         expect(expected, assertMessage).toEqual(actual);
          |                                         ^
      112 |     }
      113 | }

        at DashboardPage.AssertArrayEqual (/home/runner/work/PlaywrightFramework/PlaywrightFramework/pages/basePage.ts:111:41)
        at /home/runner/work/PlaywrightFramework/PlaywrightFramework/tests/Effiziente/menu.spec.ts:12:23

    attachment #1: screenshot (image/png) ──────────────────────────────────────────────────────────
    test-results/Effiziente-menu-Normal-user-Should-returns-user-menu-webkit-retry1/test-failed-1.png
    ────────────────────────────────────────────────────────────────────────────────────────────────

    attachment #2: video (video/webm) ──────────────────────────────────────────────────────────────
    test-results/Effiziente-menu-Normal-user-Should-returns-user-menu-webkit-retry1/video.webm
    ────────────────────────────────────────────────────────────────────────────────────────────────

    attachment #3: trace (application/zip) ─────────────────────────────────────────────────────────
    test-results/Effiziente-menu-Normal-user-Should-returns-user-menu-webkit-retry1/trace.zip
    Usage:

        npx playwright show-trace test-results/Effiziente-menu-Normal-user-Should-returns-user-menu-webkit-retry1/trace.zip

    ────────────────────────────────────────────────────────────────────────────────────────────────
]]>
</failure>
<system-out>
<![CDATA[
[[ATTACHMENT|../test-results/Effiziente-menu-Normal-user-Should-returns-user-menu-webkit/test-failed-1.png]]

[[ATTACHMENT|../test-results/Effiziente-menu-Normal-user-Should-returns-user-menu-webkit/video.webm]]

[[ATTACHMENT|../test-results/Effiziente-menu-Normal-user-Should-returns-user-menu-webkit/trace.zip]]

[[ATTACHMENT|../test-results/Effiziente-menu-Normal-user-Should-returns-user-menu-webkit-retry1/test-failed-1.png]]

[[ATTACHMENT|../test-results/Effiziente-menu-Normal-user-Should-returns-user-menu-webkit-retry1/video.webm]]

[[ATTACHMENT|../test-results/Effiziente-menu-Normal-user-Should-returns-user-menu-webkit-retry1/trace.zip]]
]]>
</system-out>
</testcase>
<testcase name="Admin user › Should returns admin menu" classname="Effiziente/menu.spec.ts" time="10.446">
<properties>
<property name="Go To" value="Go to the page: &quot;https://effizientedemo.azurewebsites.net/AccountsReceivable/dashboard&quot;">
</property>
<property name="PirmeFacesMenu" value="Get top menus">
</property>
<property name="Assert" value="Menu is equal to:AccountsReceivable,Security,Config">
</property>
</properties>
<failure message="menu.spec.ts:19:9 Should returns admin menu" type="FAILURE">
<![CDATA[  [webkit] › Effiziente/menu.spec.ts:19:9 › Admin user › Should returns admin menu ─────────────────

    Error: Menu is equal to:AccountsReceivable,Security,Config

    expect(received).toEqual(expected) // deep equality

    - Expected  - 1
    + Received  + 1

      Array [
        "AccountsReceivable",
        "Security",
    -   "Config",
    +   "Configuration",
      ]

       at ../pages/basePage.ts:111

      109 |     public AssertArrayEqual(expected: string[], actual: string[], assertMessage: string) {
      110 |         this.annotationHelper.addAnnotation(AnnotationType.Assert, assertMessage);
    > 111 |         expect(expected, assertMessage).toEqual(actual);
          |                                         ^
      112 |     }
      113 | }

        at DashboardPage.AssertArrayEqual (/home/runner/work/PlaywrightFramework/PlaywrightFramework/pages/basePage.ts:111:41)
        at /home/runner/work/PlaywrightFramework/PlaywrightFramework/tests/Effiziente/menu.spec.ts:24:23

    attachment #1: screenshot (image/png) ──────────────────────────────────────────────────────────
    test-results/Effiziente-menu-Admin-user-Should-returns-admin-menu-webkit/test-failed-1.png
    ────────────────────────────────────────────────────────────────────────────────────────────────

    attachment #2: video (video/webm) ──────────────────────────────────────────────────────────────
    test-results/Effiziente-menu-Admin-user-Should-returns-admin-menu-webkit/video.webm
    ────────────────────────────────────────────────────────────────────────────────────────────────

    attachment #3: trace (application/zip) ─────────────────────────────────────────────────────────
    test-results/Effiziente-menu-Admin-user-Should-returns-admin-menu-webkit/trace.zip
    Usage:

        npx playwright show-trace test-results/Effiziente-menu-Admin-user-Should-returns-admin-menu-webkit/trace.zip

    ────────────────────────────────────────────────────────────────────────────────────────────────

    Retry #1 ───────────────────────────────────────────────────────────────────────────────────────

    Error: Menu is equal to:AccountsReceivable,Security,Config

    expect(received).toEqual(expected) // deep equality

    - Expected  - 1
    + Received  + 1

      Array [
        "AccountsReceivable",
        "Security",
    -   "Config",
    +   "Configuration",
      ]

       at ../pages/basePage.ts:111

      109 |     public AssertArrayEqual(expected: string[], actual: string[], assertMessage: string) {
      110 |         this.annotationHelper.addAnnotation(AnnotationType.Assert, assertMessage);
    > 111 |         expect(expected, assertMessage).toEqual(actual);
          |                                         ^
      112 |     }
      113 | }

        at DashboardPage.AssertArrayEqual (/home/runner/work/PlaywrightFramework/PlaywrightFramework/pages/basePage.ts:111:41)
        at /home/runner/work/PlaywrightFramework/PlaywrightFramework/tests/Effiziente/menu.spec.ts:24:23

    attachment #1: screenshot (image/png) ──────────────────────────────────────────────────────────
    test-results/Effiziente-menu-Admin-user-Should-returns-admin-menu-webkit-retry1/test-failed-1.png
    ────────────────────────────────────────────────────────────────────────────────────────────────

    attachment #2: video (video/webm) ──────────────────────────────────────────────────────────────
    test-results/Effiziente-menu-Admin-user-Should-returns-admin-menu-webkit-retry1/video.webm
    ────────────────────────────────────────────────────────────────────────────────────────────────

    attachment #3: trace (application/zip) ─────────────────────────────────────────────────────────
    test-results/Effiziente-menu-Admin-user-Should-returns-admin-menu-webkit-retry1/trace.zip
    Usage:

        npx playwright show-trace test-results/Effiziente-menu-Admin-user-Should-returns-admin-menu-webkit-retry1/trace.zip

    ────────────────────────────────────────────────────────────────────────────────────────────────
]]>
</failure>
<system-out>
<![CDATA[
[[ATTACHMENT|../test-results/Effiziente-menu-Admin-user-Should-returns-admin-menu-webkit/test-failed-1.png]]

[[ATTACHMENT|../test-results/Effiziente-menu-Admin-user-Should-returns-admin-menu-webkit/video.webm]]

[[ATTACHMENT|../test-results/Effiziente-menu-Admin-user-Should-returns-admin-menu-webkit/trace.zip]]

[[ATTACHMENT|../test-results/Effiziente-menu-Admin-user-Should-returns-admin-menu-webkit-retry1/test-failed-1.png]]

[[ATTACHMENT|../test-results/Effiziente-menu-Admin-user-Should-returns-admin-menu-webkit-retry1/video.webm]]

[[ATTACHMENT|../test-results/Effiziente-menu-Admin-user-Should-returns-admin-menu-webkit-retry1/trace.zip]]
]]>
</system-out>
</testcase>
</testsuite>
<testsuite name="Effiziente/synthetic.spec.ts" timestamp="2024-03-18T22:57:33.413Z" hostname="webkit" tests="1" failures="1" skipped="0" time="14.325" errors="0">
<testcase name="Synthetic testing › Should show dashboard" classname="Effiziente/synthetic.spec.ts" time="14.325">
<failure message="synthetic.spec.ts:23:9 Should show dashboard" type="FAILURE">
<![CDATA[  [webkit] › Effiziente/synthetic.spec.ts:23:9 › Synthetic testing › Should show dashboard ─────────

    Error: expect(received).toEqual(expected) // deep equality

    - Expected  - 1
    + Received  + 2

      Array [
        "AccountsReceivable",
    -   "Config",
    +   "Security",
    +   "Configuration",
      ]

      35 |         const menusInPage = await page.locator(topMenuLocator).allInnerTexts();
      36 |         const menus = ['AccountsReceivable', 'Config'];
    > 37 |         await expect(menusInPage).toEqual(menus);
         |                                   ^
      38 |     });
      39 |
      40 | });

        at /home/runner/work/PlaywrightFramework/PlaywrightFramework/tests/Effiziente/synthetic.spec.ts:37:35

    attachment #1: screenshot (image/png) ──────────────────────────────────────────────────────────
    test-results/Effiziente-synthetic-Synthetic-testing-Should-show-dashboard-webkit/test-failed-1.png
    ────────────────────────────────────────────────────────────────────────────────────────────────

    attachment #2: video (video/webm) ──────────────────────────────────────────────────────────────
    test-results/Effiziente-synthetic-Synthetic-testing-Should-show-dashboard-webkit/video.webm
    ────────────────────────────────────────────────────────────────────────────────────────────────

    attachment #3: trace (application/zip) ─────────────────────────────────────────────────────────
    test-results/Effiziente-synthetic-Synthetic-testing-Should-show-dashboard-webkit/trace.zip
    Usage:

        npx playwright show-trace test-results/Effiziente-synthetic-Synthetic-testing-Should-show-dashboard-webkit/trace.zip

    ────────────────────────────────────────────────────────────────────────────────────────────────

    Retry #1 ───────────────────────────────────────────────────────────────────────────────────────

    Error: expect(received).toEqual(expected) // deep equality

    - Expected  - 1
    + Received  + 2

      Array [
        "AccountsReceivable",
    -   "Config",
    +   "Security",
    +   "Configuration",
      ]

      35 |         const menusInPage = await page.locator(topMenuLocator).allInnerTexts();
      36 |         const menus = ['AccountsReceivable', 'Config'];
    > 37 |         await expect(menusInPage).toEqual(menus);
         |                                   ^
      38 |     });
      39 |
      40 | });

        at /home/runner/work/PlaywrightFramework/PlaywrightFramework/tests/Effiziente/synthetic.spec.ts:37:35

    attachment #1: screenshot (image/png) ──────────────────────────────────────────────────────────
    test-results/Effiziente-synthetic-Synthetic-testing-Should-show-dashboard-webkit-retry1/test-failed-1.png
    ────────────────────────────────────────────────────────────────────────────────────────────────

    attachment #2: video (video/webm) ──────────────────────────────────────────────────────────────
    test-results/Effiziente-synthetic-Synthetic-testing-Should-show-dashboard-webkit-retry1/video.webm
    ────────────────────────────────────────────────────────────────────────────────────────────────

    attachment #3: trace (application/zip) ─────────────────────────────────────────────────────────
    test-results/Effiziente-synthetic-Synthetic-testing-Should-show-dashboard-webkit-retry1/trace.zip
    Usage:

        npx playwright show-trace test-results/Effiziente-synthetic-Synthetic-testing-Should-show-dashboard-webkit-retry1/trace.zip

    ────────────────────────────────────────────────────────────────────────────────────────────────
]]>
</failure>
<system-out>
<![CDATA[
[[ATTACHMENT|../test-results/Effiziente-synthetic-Synthetic-testing-Should-show-dashboard-webkit/test-failed-1.png]]

[[ATTACHMENT|../test-results/Effiziente-synthetic-Synthetic-testing-Should-show-dashboard-webkit/video.webm]]

[[ATTACHMENT|../test-results/Effiziente-synthetic-Synthetic-testing-Should-show-dashboard-webkit/trace.zip]]

[[ATTACHMENT|../test-results/Effiziente-synthetic-Synthetic-testing-Should-show-dashboard-webkit-retry1/test-failed-1.png]]

[[ATTACHMENT|../test-results/Effiziente-synthetic-Synthetic-testing-Should-show-dashboard-webkit-retry1/video.webm]]

[[ATTACHMENT|../test-results/Effiziente-synthetic-Synthetic-testing-Should-show-dashboard-webkit-retry1/trace.zip]]
]]>
</system-out>
</testcase>
</testsuite>
<testsuite name="Google/searchLocale.spec.ts" timestamp="2024-03-18T22:57:33.413Z" hostname="webkit" tests="1" failures="0" skipped="0" time="2.254" errors="0">
<testcase name="Locale translations › Translations with locale and time zone id" classname="Google/searchLocale.spec.ts" time="2.254">
<properties>
<property name="Go To" value="Go to the page: &quot;https://www.google.com&quot;">
</property>
<property name="Assert" value="Search button text is equal to: &quot;Buscar con Google&quot;">
</property>
</properties>
</testcase>
</testsuite>
<testsuite name="SauceDemo/login.spec.ts" timestamp="2024-03-18T22:57:33.413Z" hostname="webkit" tests="1" failures="0" skipped="0" time="2.214" errors="0">
<testcase name="Login › Login with valid user load inventory page" classname="SauceDemo/login.spec.ts" time="2.214">
<properties>
<property name="Go To" value="Go to the page: &quot;https://www.saucedemo.com&quot;">
</property>
<property name="InputText" value="Fill: &quot;Username&quot; with value: &quot;standard_user&quot;">
</property>
<property name="InputPassword" value="Fill: &quot;Password with value: *****&quot;">
</property>
<property name="Button" value="Click: &quot;Login&quot;">
</property>
<property name="Assert" value="Check URL Page equal to: &quot;https://www.saucedemo.com/inventory.html&quot;">
</property>
</properties>
</testcase>
</testsuite>
<testsuite name="SauceDemo/loginLambdaTestFixture.spec.ts" timestamp="2024-03-18T22:57:33.413Z" hostname="webkit" tests="1" failures="0" skipped="0" time="0.925" errors="0">
<testcase name="Login › Login with valid user load inventory page" classname="SauceDemo/loginLambdaTestFixture.spec.ts" time="0.925">
<properties>
<property name="Go To" value="Go to the page: &quot;https://www.saucedemo.com&quot;">
</property>
<property name="InputText" value="Fill: &quot;Username&quot; with value: &quot;standard_user&quot;">
</property>
<property name="InputPassword" value="Fill: &quot;Password with value: *****&quot;">
</property>
<property name="Button" value="Click: &quot;Login&quot;">
</property>
<property name="Assert" value="Check URL Page equal to: &quot;https://www.saucedemo.com/inventory.html&quot;">
</property>
</properties>
</testcase>
</testsuite>
</testsuites>