<testsuites id="" name="" tests="30" failures="16" skipped="2" errors="0" time="563.444661">
<testsuite name="AI/login.spec.ts" timestamp="2024-11-23T05:43:18.155Z" hostname="desktop-chromium" tests="1" failures="1" skipped="0" time="2.856" errors="0">
<testcase name="AI Zero Step › Should show dashboard after login" classname="AI/login.spec.ts" time="2.856">
<failure message="login.spec.ts:7:9 Should show dashboard after login" type="FAILURE">
<![CDATA[  [desktop-chromium] › AI/login.spec.ts:7:9 › AI Zero Step › Should show dashboard after login @AI_Zero_Step 

    "zerostep.error 'No valid target found'. Version:v0.1.5 TaskId:0193578b-cafd-7170-bef3-4550be53989b"

    attachment #3: screenshot (image/png) ──────────────────────────────────────────────────────────
    test-results/AI-login-AI-Zero-Step-Should-show-dashboard-after-login-desktop-chromium/test-failed-1.png
    ────────────────────────────────────────────────────────────────────────────────────────────────

    attachment #4: video (video/webm) ──────────────────────────────────────────────────────────────
    test-results/AI-login-AI-Zero-Step-Should-show-dashboard-after-login-desktop-chromium/video.webm
    ────────────────────────────────────────────────────────────────────────────────────────────────

    attachment #5: trace (application/zip) ─────────────────────────────────────────────────────────
    test-results/AI-login-AI-Zero-Step-Should-show-dashboard-after-login-desktop-chromium/trace.zip
    Usage:

        npx playwright show-trace test-results/AI-login-AI-Zero-Step-Should-show-dashboard-after-login-desktop-chromium/trace.zip

    ────────────────────────────────────────────────────────────────────────────────────────────────

    Retry #1 ───────────────────────────────────────────────────────────────────────────────────────

    "zerostep.error 'No valid target found'. Version:v0.1.5 TaskId:0193578b-d402-7342-968c-c0433983ee22"

    attachment #3: screenshot (image/png) ──────────────────────────────────────────────────────────
    test-results/AI-login-AI-Zero-Step-Should-show-dashboard-after-login-desktop-chromium-retry1/test-failed-1.png
    ────────────────────────────────────────────────────────────────────────────────────────────────

    attachment #4: video (video/webm) ──────────────────────────────────────────────────────────────
    test-results/AI-login-AI-Zero-Step-Should-show-dashboard-after-login-desktop-chromium-retry1/video.webm
    ────────────────────────────────────────────────────────────────────────────────────────────────

    attachment #5: trace (application/zip) ─────────────────────────────────────────────────────────
    test-results/AI-login-AI-Zero-Step-Should-show-dashboard-after-login-desktop-chromium-retry1/trace.zip
    Usage:

        npx playwright show-trace test-results/AI-login-AI-Zero-Step-Should-show-dashboard-after-login-desktop-chromium-retry1/trace.zip

    ────────────────────────────────────────────────────────────────────────────────────────────────
]]>
</failure>
<system-out>
<![CDATA[
[[ATTACHMENT|../test-results/AI-login-AI-Zero-Step-Should-show-dashboard-after-login-desktop-chromium/test-failed-1.png]]

[[ATTACHMENT|../test-results/AI-login-AI-Zero-Step-Should-show-dashboard-after-login-desktop-chromium/video.webm]]

[[ATTACHMENT|../test-results/AI-login-AI-Zero-Step-Should-show-dashboard-after-login-desktop-chromium/trace.zip]]

[[ATTACHMENT|../test-results/AI-login-AI-Zero-Step-Should-show-dashboard-after-login-desktop-chromium-retry1/test-failed-1.png]]

[[ATTACHMENT|../test-results/AI-login-AI-Zero-Step-Should-show-dashboard-after-login-desktop-chromium-retry1/video.webm]]

[[ATTACHMENT|../test-results/AI-login-AI-Zero-Step-Should-show-dashboard-after-login-desktop-chromium-retry1/trace.zip]]
]]>
</system-out>
<system-err>
<![CDATA[zerostep.error 'No valid target found'. Version:v0.1.5 TaskId:0193578b-cafd-7170-bef3-4550be53989b
zerostep.error 'No valid target found'. Version:v0.1.5 TaskId:0193578b-d402-7342-968c-c0433983ee22
]]>
</system-err>
</testcase>
</testsuite>
<testsuite name="Api/addToCart.spec.ts" timestamp="2024-11-23T05:43:18.155Z" hostname="desktop-chromium" tests="1" failures="0" skipped="0" time="13.576" errors="0">
<testcase name="WebdriverIO Shop › Should add an item to the cart" classname="Api/addToCart.spec.ts" time="13.576">
<properties>
<property name="Go To" value="Go to: &quot;https://shop.webdriver.io&quot;">
</property>
<property name="Link" value="Click: &quot;Shop All&quot;">
</property>
<property name="Step" value="Click in the product: &quot;WebdriverIO T-Shirt - Box Logo Tee&quot;">
</property>
<property name="Select" value="On &quot;Color&quot; select any option">
</property>
<property name="Select" value="On &quot;Color&quot; select the option Maroon">
</property>
<property name="Step" value="Select any available Size">
</property>
<property name="Select" value="On &quot;Size&quot; select any option">
</property>
<property name="Select" value="On &quot;Size&quot; select the option 4XL">
</property>
<property name="Step" value="Get the product price">
</property>
<property name="Button" value="Click: &quot; 
		Add to Cart
		 
	$30.00
&quot;">
</property>
<property name="Assert" value="There is one item in the bag">
</property>
<property name="Button" value="Click: &quot;
 
				1
			 
				items
			&quot;">
</property>
<property name="Assert" value="The name of the item in the cart is: &quot;WebdriverIO T-Shirt - Box Logo Tee&quot;">
</property>
<property name="Assert" value="The price of the item in the cart is: &quot;$30.00&quot;">
</property>
<property name="Assert" value="The subtotal is: &quot;$30.00&quot;">
</property>
</properties>
</testcase>
</testsuite>
<testsuite name="Api/servers.spec.ts" timestamp="2024-11-23T05:43:18.155Z" hostname="desktop-chromium" tests="2" failures="2" skipped="0" time="128.448" errors="0">
<testcase name="Servers › Should add a server" classname="Api/servers.spec.ts" time="64.24">
<properties>
<property name="Description" value="An admin user can add a server">
</property>
<property name="Pre Condition" value="A valid admin username and password is logged">
</property>
<property name="Go To" value="Go to the servers page: &quot;https://effizientedemo.azurewebsites.net/Security/servers&apos;&quot;">
</property>
</properties>
<failure message="servers.spec.ts:13:9 Should add a server" type="FAILURE">
<![CDATA[  [desktop-chromium] › Api/servers.spec.ts:13:9 › Servers › Should add a server @API › Go to the servers page: "https://effizientedemo.azurewebsites.net/Security/servers'" 

    TimeoutError: locator.waitFor: Timeout 30000ms exceeded.
    Call log:
      - waiting for getByRole('heading', { name: 'Servers' }) to be visible


       at ../pages/Effiziente/serversPage.ts:50

      48 |         await this.addStepWithAnnotation(AnnotationType.GoTo, `Go to the servers page: "${serversPage}'"`, async () => {
      49 |             await this.page.goto(serversPage);
    > 50 |             await this.title.locator.waitFor({ timeout: 30_000 });
         |                                      ^
      51 |         });
      52 |     }
      53 |
        at /home/runner/work/Playwright/Playwright/pages/Effiziente/serversPage.ts:50:38
        at ServersPage.addStepWithAnnotation (/home/runner/work/Playwright/Playwright/pages/basePage.ts:56:20)
        at ServersPage.goTo (/home/runner/work/Playwright/Playwright/pages/Effiziente/serversPage.ts:48:9)
        at /home/runner/work/Playwright/Playwright/tests/Api/servers.spec.ts:24:9

    attachment #3: screenshot (image/png) ──────────────────────────────────────────────────────────
    test-results/Api-servers-Servers-Should-add-a-server-desktop-chromium/test-failed-1.png
    ────────────────────────────────────────────────────────────────────────────────────────────────

    attachment #4: video (video/webm) ──────────────────────────────────────────────────────────────
    test-results/Api-servers-Servers-Should-add-a-server-desktop-chromium/video.webm
    ────────────────────────────────────────────────────────────────────────────────────────────────

    attachment #5: trace (application/zip) ─────────────────────────────────────────────────────────
    test-results/Api-servers-Servers-Should-add-a-server-desktop-chromium/trace.zip
    Usage:

        npx playwright show-trace test-results/Api-servers-Servers-Should-add-a-server-desktop-chromium/trace.zip

    ────────────────────────────────────────────────────────────────────────────────────────────────

    Retry #1 ───────────────────────────────────────────────────────────────────────────────────────

    TimeoutError: locator.waitFor: Timeout 30000ms exceeded.
    Call log:
      - waiting for getByRole('heading', { name: 'Servers' }) to be visible


       at ../pages/Effiziente/serversPage.ts:50

      48 |         await this.addStepWithAnnotation(AnnotationType.GoTo, `Go to the servers page: "${serversPage}'"`, async () => {
      49 |             await this.page.goto(serversPage);
    > 50 |             await this.title.locator.waitFor({ timeout: 30_000 });
         |                                      ^
      51 |         });
      52 |     }
      53 |
        at /home/runner/work/Playwright/Playwright/pages/Effiziente/serversPage.ts:50:38
        at ServersPage.addStepWithAnnotation (/home/runner/work/Playwright/Playwright/pages/basePage.ts:56:20)
        at ServersPage.goTo (/home/runner/work/Playwright/Playwright/pages/Effiziente/serversPage.ts:48:9)
        at /home/runner/work/Playwright/Playwright/tests/Api/servers.spec.ts:24:9

    attachment #3: screenshot (image/png) ──────────────────────────────────────────────────────────
    test-results/Api-servers-Servers-Should-add-a-server-desktop-chromium-retry1/test-failed-1.png
    ────────────────────────────────────────────────────────────────────────────────────────────────

    attachment #4: video (video/webm) ──────────────────────────────────────────────────────────────
    test-results/Api-servers-Servers-Should-add-a-server-desktop-chromium-retry1/video.webm
    ────────────────────────────────────────────────────────────────────────────────────────────────

    attachment #5: trace (application/zip) ─────────────────────────────────────────────────────────
    test-results/Api-servers-Servers-Should-add-a-server-desktop-chromium-retry1/trace.zip
    Usage:

        npx playwright show-trace test-results/Api-servers-Servers-Should-add-a-server-desktop-chromium-retry1/trace.zip

    ────────────────────────────────────────────────────────────────────────────────────────────────
]]>
</failure>
<system-out>
<![CDATA[
[[ATTACHMENT|../test-results/Api-servers-Servers-Should-add-a-server-desktop-chromium/test-failed-1.png]]

[[ATTACHMENT|../test-results/Api-servers-Servers-Should-add-a-server-desktop-chromium/video.webm]]

[[ATTACHMENT|../test-results/Api-servers-Servers-Should-add-a-server-desktop-chromium/trace.zip]]

[[ATTACHMENT|../test-results/Api-servers-Servers-Should-add-a-server-desktop-chromium-retry1/test-failed-1.png]]

[[ATTACHMENT|../test-results/Api-servers-Servers-Should-add-a-server-desktop-chromium-retry1/video.webm]]

[[ATTACHMENT|../test-results/Api-servers-Servers-Should-add-a-server-desktop-chromium-retry1/trace.zip]]
]]>
</system-out>
</testcase>
<testcase name="Servers › Should edit a server" classname="Api/servers.spec.ts" time="64.208">
<properties>
<property name="Description" value="An admin user can edit a server">
</property>
<property name="Pre Condition" value="A valid admin username and password is logged">
</property>
<property name="Go To" value="Go to the servers page: &quot;https://effizientedemo.azurewebsites.net/Security/servers&apos;&quot;">
</property>
</properties>
<failure message="servers.spec.ts:48:9 Should edit a server" type="FAILURE">
<![CDATA[  [desktop-chromium] › Api/servers.spec.ts:48:9 › Servers › Should edit a server @API › Go to the servers page: "https://effizientedemo.azurewebsites.net/Security/servers'" 

    TimeoutError: locator.waitFor: Timeout 30000ms exceeded.
    Call log:
      - waiting for getByRole('heading', { name: 'Servers' }) to be visible


       at ../pages/Effiziente/serversPage.ts:50

      48 |         await this.addStepWithAnnotation(AnnotationType.GoTo, `Go to the servers page: "${serversPage}'"`, async () => {
      49 |             await this.page.goto(serversPage);
    > 50 |             await this.title.locator.waitFor({ timeout: 30_000 });
         |                                      ^
      51 |         });
      52 |     }
      53 |
        at /home/runner/work/Playwright/Playwright/pages/Effiziente/serversPage.ts:50:38
        at ServersPage.addStepWithAnnotation (/home/runner/work/Playwright/Playwright/pages/basePage.ts:56:20)
        at ServersPage.goTo (/home/runner/work/Playwright/Playwright/pages/Effiziente/serversPage.ts:48:9)
        at /home/runner/work/Playwright/Playwright/tests/Api/servers.spec.ts:60:9

    attachment #3: screenshot (image/png) ──────────────────────────────────────────────────────────
    test-results/Api-servers-Servers-Should-edit-a-server-desktop-chromium/test-failed-1.png
    ────────────────────────────────────────────────────────────────────────────────────────────────

    attachment #4: video (video/webm) ──────────────────────────────────────────────────────────────
    test-results/Api-servers-Servers-Should-edit-a-server-desktop-chromium/video.webm
    ────────────────────────────────────────────────────────────────────────────────────────────────

    attachment #5: trace (application/zip) ─────────────────────────────────────────────────────────
    test-results/Api-servers-Servers-Should-edit-a-server-desktop-chromium/trace.zip
    Usage:

        npx playwright show-trace test-results/Api-servers-Servers-Should-edit-a-server-desktop-chromium/trace.zip

    ────────────────────────────────────────────────────────────────────────────────────────────────

    Retry #1 ───────────────────────────────────────────────────────────────────────────────────────

    TimeoutError: locator.waitFor: Timeout 30000ms exceeded.
    Call log:
      - waiting for getByRole('heading', { name: 'Servers' }) to be visible


       at ../pages/Effiziente/serversPage.ts:50

      48 |         await this.addStepWithAnnotation(AnnotationType.GoTo, `Go to the servers page: "${serversPage}'"`, async () => {
      49 |             await this.page.goto(serversPage);
    > 50 |             await this.title.locator.waitFor({ timeout: 30_000 });
         |                                      ^
      51 |         });
      52 |     }
      53 |
        at /home/runner/work/Playwright/Playwright/pages/Effiziente/serversPage.ts:50:38
        at ServersPage.addStepWithAnnotation (/home/runner/work/Playwright/Playwright/pages/basePage.ts:56:20)
        at ServersPage.goTo (/home/runner/work/Playwright/Playwright/pages/Effiziente/serversPage.ts:48:9)
        at /home/runner/work/Playwright/Playwright/tests/Api/servers.spec.ts:60:9

    attachment #3: screenshot (image/png) ──────────────────────────────────────────────────────────
    test-results/Api-servers-Servers-Should-edit-a-server-desktop-chromium-retry1/test-failed-1.png
    ────────────────────────────────────────────────────────────────────────────────────────────────

    attachment #4: video (video/webm) ──────────────────────────────────────────────────────────────
    test-results/Api-servers-Servers-Should-edit-a-server-desktop-chromium-retry1/video.webm
    ────────────────────────────────────────────────────────────────────────────────────────────────

    attachment #5: trace (application/zip) ─────────────────────────────────────────────────────────
    test-results/Api-servers-Servers-Should-edit-a-server-desktop-chromium-retry1/trace.zip
    Usage:

        npx playwright show-trace test-results/Api-servers-Servers-Should-edit-a-server-desktop-chromium-retry1/trace.zip

    ────────────────────────────────────────────────────────────────────────────────────────────────
]]>
</failure>
<system-out>
<![CDATA[
[[ATTACHMENT|../test-results/Api-servers-Servers-Should-edit-a-server-desktop-chromium/test-failed-1.png]]

[[ATTACHMENT|../test-results/Api-servers-Servers-Should-edit-a-server-desktop-chromium/video.webm]]

[[ATTACHMENT|../test-results/Api-servers-Servers-Should-edit-a-server-desktop-chromium/trace.zip]]

[[ATTACHMENT|../test-results/Api-servers-Servers-Should-edit-a-server-desktop-chromium-retry1/test-failed-1.png]]

[[ATTACHMENT|../test-results/Api-servers-Servers-Should-edit-a-server-desktop-chromium-retry1/video.webm]]

[[ATTACHMENT|../test-results/Api-servers-Servers-Should-edit-a-server-desktop-chromium-retry1/trace.zip]]
]]>
</system-out>
</testcase>
</testsuite>
<testsuite name="Basic/login.spec.ts" timestamp="2024-11-23T05:43:18.155Z" hostname="desktop-chromium" tests="1" failures="0" skipped="0" time="0.738" errors="0">
<testcase name="Login › Login with valid user load inventory page" classname="Basic/login.spec.ts" time="0.738">
<properties>
<property name="Description" value="Login with valid user on sauce demo">
</property>
<property name="Pre Condition" value="A valid username and password">
</property>
<property name="Go To" value="Go to: &quot;https://www.saucedemo.com&quot;">
</property>
<property name="InputText" value="Fill &quot;Username:&quot; with the value: &quot;standard_user&quot;">
</property>
<property name="InputPassword" value="Fill &quot;Password&quot; with value: *****">
</property>
<property name="Button" value="Click: &quot;Login&quot;">
</property>
<property name="Assert" value="Check URL Page is equal to: &quot;https://www.saucedemo.com/inventory.html&quot;">
</property>
</properties>
</testcase>
</testsuite>
<testsuite name="Basic/menu.spec.ts" timestamp="2024-11-23T05:43:18.155Z" hostname="desktop-chromium" tests="2" failures="2" skipped="0" time="128.07" errors="0">
<testcase name="Normal user › Should returns user menu" classname="Basic/menu.spec.ts" time="64.003">
<properties>
<property name="Description" value="Login to effiziente demo with a normal user, the user will see the menu for normal users">
</property>
<property name="Pre Condition" value="A valid normal user">
</property>
<property name="Go To" value="Go to: &quot;https://effizientedemo.azurewebsites.net/AccountsReceivable/dashboard&quot;">
</property>
</properties>
<failure message="menu.spec.ts:9:9 Should returns user menu" type="FAILURE">
<![CDATA[  [desktop-chromium] › Basic/menu.spec.ts:9:9 › Normal user › Should returns user menu @Basic › Go to: "https://effizientedemo.azurewebsites.net/AccountsReceivable/dashboard" 

    TimeoutError: locator.waitFor: Timeout 30000ms exceeded.
    Call log:
      - waiting for locator('#title') to be visible


       at ../pages/Effiziente/dashboardPage.ts:34

      32 |         await this.addStepWithAnnotation(AnnotationType.GoTo, `Go to: "${dashboardPage}"`, async () => {
      33 |             await this.page.goto(dashboardPage);
    > 34 |             await this.title.locator.waitFor({ timeout: 30_000 });
         |                                      ^
      35 |         });
      36 |     }
      37 |
        at /home/runner/work/Playwright/Playwright/pages/Effiziente/dashboardPage.ts:34:38
        at DashboardPage.addStepWithAnnotation (/home/runner/work/Playwright/Playwright/pages/basePage.ts:56:20)
        at DashboardPage.goTo (/home/runner/work/Playwright/Playwright/pages/Effiziente/dashboardPage.ts:32:9)
        at /home/runner/work/Playwright/Playwright/tests/Basic/menu.spec.ts:19:9

    attachment #3: screenshot (image/png) ──────────────────────────────────────────────────────────
    test-results/Basic-menu-Normal-user-Should-returns-user-menu-desktop-chromium/test-failed-1.png
    ────────────────────────────────────────────────────────────────────────────────────────────────

    attachment #4: video (video/webm) ──────────────────────────────────────────────────────────────
    test-results/Basic-menu-Normal-user-Should-returns-user-menu-desktop-chromium/video.webm
    ────────────────────────────────────────────────────────────────────────────────────────────────

    attachment #5: trace (application/zip) ─────────────────────────────────────────────────────────
    test-results/Basic-menu-Normal-user-Should-returns-user-menu-desktop-chromium/trace.zip
    Usage:

        npx playwright show-trace test-results/Basic-menu-Normal-user-Should-returns-user-menu-desktop-chromium/trace.zip

    ────────────────────────────────────────────────────────────────────────────────────────────────

    Retry #1 ───────────────────────────────────────────────────────────────────────────────────────

    TimeoutError: locator.waitFor: Timeout 30000ms exceeded.
    Call log:
      - waiting for locator('#title') to be visible


       at ../pages/Effiziente/dashboardPage.ts:34

      32 |         await this.addStepWithAnnotation(AnnotationType.GoTo, `Go to: "${dashboardPage}"`, async () => {
      33 |             await this.page.goto(dashboardPage);
    > 34 |             await this.title.locator.waitFor({ timeout: 30_000 });
         |                                      ^
      35 |         });
      36 |     }
      37 |
        at /home/runner/work/Playwright/Playwright/pages/Effiziente/dashboardPage.ts:34:38
        at DashboardPage.addStepWithAnnotation (/home/runner/work/Playwright/Playwright/pages/basePage.ts:56:20)
        at DashboardPage.goTo (/home/runner/work/Playwright/Playwright/pages/Effiziente/dashboardPage.ts:32:9)
        at /home/runner/work/Playwright/Playwright/tests/Basic/menu.spec.ts:19:9

    attachment #3: screenshot (image/png) ──────────────────────────────────────────────────────────
    test-results/Basic-menu-Normal-user-Should-returns-user-menu-desktop-chromium-retry1/test-failed-1.png
    ────────────────────────────────────────────────────────────────────────────────────────────────

    attachment #4: video (video/webm) ──────────────────────────────────────────────────────────────
    test-results/Basic-menu-Normal-user-Should-returns-user-menu-desktop-chromium-retry1/video.webm
    ────────────────────────────────────────────────────────────────────────────────────────────────

    attachment #5: trace (application/zip) ─────────────────────────────────────────────────────────
    test-results/Basic-menu-Normal-user-Should-returns-user-menu-desktop-chromium-retry1/trace.zip
    Usage:

        npx playwright show-trace test-results/Basic-menu-Normal-user-Should-returns-user-menu-desktop-chromium-retry1/trace.zip

    ────────────────────────────────────────────────────────────────────────────────────────────────
]]>
</failure>
<system-out>
<![CDATA[
[[ATTACHMENT|../test-results/Basic-menu-Normal-user-Should-returns-user-menu-desktop-chromium/test-failed-1.png]]

[[ATTACHMENT|../test-results/Basic-menu-Normal-user-Should-returns-user-menu-desktop-chromium/video.webm]]

[[ATTACHMENT|../test-results/Basic-menu-Normal-user-Should-returns-user-menu-desktop-chromium/trace.zip]]

[[ATTACHMENT|../test-results/Basic-menu-Normal-user-Should-returns-user-menu-desktop-chromium-retry1/test-failed-1.png]]

[[ATTACHMENT|../test-results/Basic-menu-Normal-user-Should-returns-user-menu-desktop-chromium-retry1/video.webm]]

[[ATTACHMENT|../test-results/Basic-menu-Normal-user-Should-returns-user-menu-desktop-chromium-retry1/trace.zip]]
]]>
</system-out>
</testcase>
<testcase name="Admin user › Should returns admin menu" classname="Basic/menu.spec.ts" time="64.067">
<properties>
<property name="Description" value="Login to effiziente demo with a admin user, the user will see the menu for admin users">
</property>
<property name="Pre Condition" value="A valid admin user">
</property>
<property name="Go To" value="Go to: &quot;https://effizientedemo.azurewebsites.net/AccountsReceivable/dashboard&quot;">
</property>
</properties>
<failure message="menu.spec.ts:29:9 Should returns admin menu" type="FAILURE">
<![CDATA[  [desktop-chromium] › Basic/menu.spec.ts:29:9 › Admin user › Should returns admin menu @Basic › Go to: "https://effizientedemo.azurewebsites.net/AccountsReceivable/dashboard" 

    TimeoutError: locator.waitFor: Timeout 30000ms exceeded.
    Call log:
      - waiting for locator('#title') to be visible


       at ../pages/Effiziente/dashboardPage.ts:34

      32 |         await this.addStepWithAnnotation(AnnotationType.GoTo, `Go to: "${dashboardPage}"`, async () => {
      33 |             await this.page.goto(dashboardPage);
    > 34 |             await this.title.locator.waitFor({ timeout: 30_000 });
         |                                      ^
      35 |         });
      36 |     }
      37 |
        at /home/runner/work/Playwright/Playwright/pages/Effiziente/dashboardPage.ts:34:38
        at DashboardPage.addStepWithAnnotation (/home/runner/work/Playwright/Playwright/pages/basePage.ts:56:20)
        at DashboardPage.goTo (/home/runner/work/Playwright/Playwright/pages/Effiziente/dashboardPage.ts:32:9)
        at /home/runner/work/Playwright/Playwright/tests/Basic/menu.spec.ts:39:9

    attachment #3: screenshot (image/png) ──────────────────────────────────────────────────────────
    test-results/Basic-menu-Admin-user-Should-returns-admin-menu-desktop-chromium/test-failed-1.png
    ────────────────────────────────────────────────────────────────────────────────────────────────

    attachment #4: video (video/webm) ──────────────────────────────────────────────────────────────
    test-results/Basic-menu-Admin-user-Should-returns-admin-menu-desktop-chromium/video.webm
    ────────────────────────────────────────────────────────────────────────────────────────────────

    attachment #5: trace (application/zip) ─────────────────────────────────────────────────────────
    test-results/Basic-menu-Admin-user-Should-returns-admin-menu-desktop-chromium/trace.zip
    Usage:

        npx playwright show-trace test-results/Basic-menu-Admin-user-Should-returns-admin-menu-desktop-chromium/trace.zip

    ────────────────────────────────────────────────────────────────────────────────────────────────

    Retry #1 ───────────────────────────────────────────────────────────────────────────────────────

    TimeoutError: locator.waitFor: Timeout 30000ms exceeded.
    Call log:
      - waiting for locator('#title') to be visible


       at ../pages/Effiziente/dashboardPage.ts:34

      32 |         await this.addStepWithAnnotation(AnnotationType.GoTo, `Go to: "${dashboardPage}"`, async () => {
      33 |             await this.page.goto(dashboardPage);
    > 34 |             await this.title.locator.waitFor({ timeout: 30_000 });
         |                                      ^
      35 |         });
      36 |     }
      37 |
        at /home/runner/work/Playwright/Playwright/pages/Effiziente/dashboardPage.ts:34:38
        at DashboardPage.addStepWithAnnotation (/home/runner/work/Playwright/Playwright/pages/basePage.ts:56:20)
        at DashboardPage.goTo (/home/runner/work/Playwright/Playwright/pages/Effiziente/dashboardPage.ts:32:9)
        at /home/runner/work/Playwright/Playwright/tests/Basic/menu.spec.ts:39:9

    attachment #3: screenshot (image/png) ──────────────────────────────────────────────────────────
    test-results/Basic-menu-Admin-user-Should-returns-admin-menu-desktop-chromium-retry1/test-failed-1.png
    ────────────────────────────────────────────────────────────────────────────────────────────────

    attachment #4: video (video/webm) ──────────────────────────────────────────────────────────────
    test-results/Basic-menu-Admin-user-Should-returns-admin-menu-desktop-chromium-retry1/video.webm
    ────────────────────────────────────────────────────────────────────────────────────────────────

    attachment #5: trace (application/zip) ─────────────────────────────────────────────────────────
    test-results/Basic-menu-Admin-user-Should-returns-admin-menu-desktop-chromium-retry1/trace.zip
    Usage:

        npx playwright show-trace test-results/Basic-menu-Admin-user-Should-returns-admin-menu-desktop-chromium-retry1/trace.zip

    ────────────────────────────────────────────────────────────────────────────────────────────────
]]>
</failure>
<system-out>
<![CDATA[
[[ATTACHMENT|../test-results/Basic-menu-Admin-user-Should-returns-admin-menu-desktop-chromium/test-failed-1.png]]

[[ATTACHMENT|../test-results/Basic-menu-Admin-user-Should-returns-admin-menu-desktop-chromium/video.webm]]

[[ATTACHMENT|../test-results/Basic-menu-Admin-user-Should-returns-admin-menu-desktop-chromium/trace.zip]]

[[ATTACHMENT|../test-results/Basic-menu-Admin-user-Should-returns-admin-menu-desktop-chromium-retry1/test-failed-1.png]]

[[ATTACHMENT|../test-results/Basic-menu-Admin-user-Should-returns-admin-menu-desktop-chromium-retry1/video.webm]]

[[ATTACHMENT|../test-results/Basic-menu-Admin-user-Should-returns-admin-menu-desktop-chromium-retry1/trace.zip]]
]]>
</system-out>
</testcase>
</testsuite>
<testsuite name="Basic/parameterized.spec.ts" timestamp="2024-11-23T05:43:18.155Z" hostname="desktop-chromium" tests="2" failures="0" skipped="0" time="1.254" errors="0">
<testcase name="Login with Parameters › Login with &quot;standard_user&quot; from parameters will load inventory page" classname="Basic/parameterized.spec.ts" time="0.712">
<properties>
<property name="Description" value="Login with valid user on Sauce Demo">
</property>
<property name="Pre Condition" value="A valid username and password">
</property>
<property name="Go To" value="Go to: &quot;https://www.saucedemo.com&quot;">
</property>
<property name="InputText" value="Fill &quot;Username:&quot; with the value: &quot;standard_user&quot;">
</property>
<property name="InputPassword" value="Fill &quot;Password&quot; with value: *****">
</property>
<property name="Button" value="Click: &quot;Login&quot;">
</property>
<property name="Assert" value="Check URL Page is equal to: https://www.saucedemo.com/inventory.html&quot;">
</property>
</properties>
</testcase>
<testcase name="Login with Parameters › Login with &quot;visual_user&quot; from parameters will load inventory page" classname="Basic/parameterized.spec.ts" time="0.542">
<properties>
<property name="Description" value="Login with valid user on Sauce Demo">
</property>
<property name="Pre Condition" value="A valid username and password">
</property>
<property name="Go To" value="Go to: &quot;https://www.saucedemo.com&quot;">
</property>
<property name="InputText" value="Fill &quot;Username:&quot; with the value: &quot;visual_user&quot;">
</property>
<property name="InputPassword" value="Fill &quot;Password&quot; with value: *****">
</property>
<property name="Button" value="Click: &quot;Login&quot;">
</property>
<property name="Assert" value="Check URL Page is equal to: https://www.saucedemo.com/inventory.html&quot;">
</property>
</properties>
</testcase>
</testsuite>
<testsuite name="Excel/exportServers.spec.ts" timestamp="2024-11-23T05:43:18.155Z" hostname="desktop-chromium" tests="1" failures="1" skipped="0" time="64.766" errors="0">
<testcase name="Servers › Should export servers to excel" classname="Excel/exportServers.spec.ts" time="64.766">
<properties>
<property name="Go To" value="Go to the servers page: &quot;https://effizientedemo.azurewebsites.net/Security/servers&apos;&quot;">
</property>
</properties>
<failure message="exportServers.spec.ts:10:9 Should export servers to excel" type="FAILURE">
<![CDATA[  [desktop-chromium] › Excel/exportServers.spec.ts:10:9 › Servers › Should export servers to excel @Excel › Go to the servers page: "https://effizientedemo.azurewebsites.net/Security/servers'" 

    TimeoutError: locator.waitFor: Timeout 30000ms exceeded.
    Call log:
      - waiting for getByRole('heading', { name: 'Servers' }) to be visible


       at ../pages/Effiziente/serversPage.ts:50

      48 |         await this.addStepWithAnnotation(AnnotationType.GoTo, `Go to the servers page: "${serversPage}'"`, async () => {
      49 |             await this.page.goto(serversPage);
    > 50 |             await this.title.locator.waitFor({ timeout: 30_000 });
         |                                      ^
      51 |         });
      52 |     }
      53 |
        at /home/runner/work/Playwright/Playwright/pages/Effiziente/serversPage.ts:50:38
        at ServersPage.addStepWithAnnotation (/home/runner/work/Playwright/Playwright/pages/basePage.ts:56:20)
        at ServersPage.goTo (/home/runner/work/Playwright/Playwright/pages/Effiziente/serversPage.ts:48:9)
        at /home/runner/work/Playwright/Playwright/tests/Excel/exportServers.spec.ts:16:9

    attachment #3: screenshot (image/png) ──────────────────────────────────────────────────────────
    test-results/Excel-exportServers-Servers-Should-export-servers-to-excel-desktop-chromium/test-failed-1.png
    ────────────────────────────────────────────────────────────────────────────────────────────────

    attachment #4: video (video/webm) ──────────────────────────────────────────────────────────────
    test-results/Excel-exportServers-Servers-Should-export-servers-to-excel-desktop-chromium/video.webm
    ────────────────────────────────────────────────────────────────────────────────────────────────

    attachment #5: trace (application/zip) ─────────────────────────────────────────────────────────
    test-results/Excel-exportServers-Servers-Should-export-servers-to-excel-desktop-chromium/trace.zip
    Usage:

        npx playwright show-trace test-results/Excel-exportServers-Servers-Should-export-servers-to-excel-desktop-chromium/trace.zip

    ────────────────────────────────────────────────────────────────────────────────────────────────

    Retry #1 ───────────────────────────────────────────────────────────────────────────────────────

    TimeoutError: locator.waitFor: Timeout 30000ms exceeded.
    Call log:
      - waiting for getByRole('heading', { name: 'Servers' }) to be visible


       at ../pages/Effiziente/serversPage.ts:50

      48 |         await this.addStepWithAnnotation(AnnotationType.GoTo, `Go to the servers page: "${serversPage}'"`, async () => {
      49 |             await this.page.goto(serversPage);
    > 50 |             await this.title.locator.waitFor({ timeout: 30_000 });
         |                                      ^
      51 |         });
      52 |     }
      53 |
        at /home/runner/work/Playwright/Playwright/pages/Effiziente/serversPage.ts:50:38
        at ServersPage.addStepWithAnnotation (/home/runner/work/Playwright/Playwright/pages/basePage.ts:56:20)
        at ServersPage.goTo (/home/runner/work/Playwright/Playwright/pages/Effiziente/serversPage.ts:48:9)
        at /home/runner/work/Playwright/Playwright/tests/Excel/exportServers.spec.ts:16:9

    attachment #3: screenshot (image/png) ──────────────────────────────────────────────────────────
    test-results/Excel-exportServers-Servers-Should-export-servers-to-excel-desktop-chromium-retry1/test-failed-1.png
    ────────────────────────────────────────────────────────────────────────────────────────────────

    attachment #4: video (video/webm) ──────────────────────────────────────────────────────────────
    test-results/Excel-exportServers-Servers-Should-export-servers-to-excel-desktop-chromium-retry1/video.webm
    ────────────────────────────────────────────────────────────────────────────────────────────────

    attachment #5: trace (application/zip) ─────────────────────────────────────────────────────────
    test-results/Excel-exportServers-Servers-Should-export-servers-to-excel-desktop-chromium-retry1/trace.zip
    Usage:

        npx playwright show-trace test-results/Excel-exportServers-Servers-Should-export-servers-to-excel-desktop-chromium-retry1/trace.zip

    ────────────────────────────────────────────────────────────────────────────────────────────────
]]>
</failure>
<system-out>
<![CDATA[
[[ATTACHMENT|../test-results/Excel-exportServers-Servers-Should-export-servers-to-excel-desktop-chromium/test-failed-1.png]]

[[ATTACHMENT|../test-results/Excel-exportServers-Servers-Should-export-servers-to-excel-desktop-chromium/video.webm]]

[[ATTACHMENT|../test-results/Excel-exportServers-Servers-Should-export-servers-to-excel-desktop-chromium/trace.zip]]

[[ATTACHMENT|../test-results/Excel-exportServers-Servers-Should-export-servers-to-excel-desktop-chromium-retry1/test-failed-1.png]]

[[ATTACHMENT|../test-results/Excel-exportServers-Servers-Should-export-servers-to-excel-desktop-chromium-retry1/video.webm]]

[[ATTACHMENT|../test-results/Excel-exportServers-Servers-Should-export-servers-to-excel-desktop-chromium-retry1/trace.zip]]
]]>
</system-out>
</testcase>
</testsuite>
<testsuite name="AI/login.spec.ts" timestamp="2024-11-23T05:43:18.155Z" hostname="desktop-firefox" tests="1" failures="0" skipped="1" time="0.893" errors="0">
<testcase name="AI Zero Step › Should show dashboard after login" classname="AI/login.spec.ts" time="0.893">
<properties>
<property name="skip" value="Zero Steps only works in chromium">
</property>
</properties>
<skipped>
</skipped>
</testcase>
</testsuite>
<testsuite name="Api/addToCart.spec.ts" timestamp="2024-11-23T05:43:18.155Z" hostname="desktop-firefox" tests="1" failures="0" skipped="0" time="27.33" errors="0">
<testcase name="WebdriverIO Shop › Should add an item to the cart" classname="Api/addToCart.spec.ts" time="27.33">
<properties>
<property name="Go To" value="Go to: &quot;https://shop.webdriver.io&quot;">
</property>
<property name="Link" value="Click: &quot;Shop All&quot;">
</property>
<property name="Step" value="Click in the product: &quot;WebdriverIO Trucker Cap&quot;">
</property>
<property name="Select" value="On &quot;Color&quot; select any option">
</property>
<property name="Select" value="On &quot;Color&quot; select the option Black">
</property>
<property name="Step" value="Select any available Size">
</property>
<property name="Step" value="Get the product price">
</property>
<property name="Button" value="Click: &quot; 
		Add to Cart
		 
	$16.00
&quot;">
</property>
<property name="Assert" value="There is one item in the bag">
</property>
<property name="Button" value="Click: &quot;
 
				1
			 
				items
			&quot;">
</property>
<property name="Assert" value="The name of the item in the cart is: &quot;WebdriverIO Trucker Cap&quot;">
</property>
<property name="Assert" value="The price of the item in the cart is: &quot;$16.00&quot;">
</property>
<property name="Assert" value="The subtotal is: &quot;$16.00&quot;">
</property>
</properties>
<system-out>
<![CDATA[
[[ATTACHMENT|../test-results/Api-addToCart-WebdriverIO--609ad-uld-add-an-item-to-the-cart-desktop-firefox/test-failed-1.png]]

[[ATTACHMENT|../test-results/Api-addToCart-WebdriverIO--609ad-uld-add-an-item-to-the-cart-desktop-firefox/video.webm]]

[[ATTACHMENT|../test-results/Api-addToCart-WebdriverIO--609ad-uld-add-an-item-to-the-cart-desktop-firefox/trace.zip]]
]]>
</system-out>
</testcase>
</testsuite>
<testsuite name="Api/servers.spec.ts" timestamp="2024-11-23T05:43:18.155Z" hostname="desktop-firefox" tests="2" failures="2" skipped="0" time="125.815" errors="0">
<testcase name="Servers › Should add a server" classname="Api/servers.spec.ts" time="62.569">
<properties>
<property name="Description" value="An admin user can add a server">
</property>
<property name="Pre Condition" value="A valid admin username and password is logged">
</property>
<property name="Go To" value="Go to the servers page: &quot;https://effizientedemo.azurewebsites.net/Security/servers&apos;&quot;">
</property>
</properties>
<failure message="servers.spec.ts:13:9 Should add a server" type="FAILURE">
<![CDATA[  [desktop-firefox] › Api/servers.spec.ts:13:9 › Servers › Should add a server @API › Go to the servers page: "https://effizientedemo.azurewebsites.net/Security/servers'" 

    TimeoutError: locator.waitFor: Timeout 30000ms exceeded.
    Call log:
      - waiting for getByRole('heading', { name: 'Servers' }) to be visible


       at ../pages/Effiziente/serversPage.ts:50

      48 |         await this.addStepWithAnnotation(AnnotationType.GoTo, `Go to the servers page: "${serversPage}'"`, async () => {
      49 |             await this.page.goto(serversPage);
    > 50 |             await this.title.locator.waitFor({ timeout: 30_000 });
         |                                      ^
      51 |         });
      52 |     }
      53 |
        at /home/runner/work/Playwright/Playwright/pages/Effiziente/serversPage.ts:50:38
        at ServersPage.addStepWithAnnotation (/home/runner/work/Playwright/Playwright/pages/basePage.ts:56:20)
        at ServersPage.goTo (/home/runner/work/Playwright/Playwright/pages/Effiziente/serversPage.ts:48:9)
        at /home/runner/work/Playwright/Playwright/tests/Api/servers.spec.ts:24:9

    attachment #3: screenshot (image/png) ──────────────────────────────────────────────────────────
    test-results/Api-servers-Servers-Should-add-a-server-desktop-firefox/test-failed-1.png
    ────────────────────────────────────────────────────────────────────────────────────────────────

    attachment #4: video (video/webm) ──────────────────────────────────────────────────────────────
    test-results/Api-servers-Servers-Should-add-a-server-desktop-firefox/video.webm
    ────────────────────────────────────────────────────────────────────────────────────────────────

    attachment #5: trace (application/zip) ─────────────────────────────────────────────────────────
    test-results/Api-servers-Servers-Should-add-a-server-desktop-firefox/trace.zip
    Usage:

        npx playwright show-trace test-results/Api-servers-Servers-Should-add-a-server-desktop-firefox/trace.zip

    ────────────────────────────────────────────────────────────────────────────────────────────────

    Retry #1 ───────────────────────────────────────────────────────────────────────────────────────

    TimeoutError: locator.waitFor: Timeout 30000ms exceeded.
    Call log:
      - waiting for getByRole('heading', { name: 'Servers' }) to be visible


       at ../pages/Effiziente/serversPage.ts:50

      48 |         await this.addStepWithAnnotation(AnnotationType.GoTo, `Go to the servers page: "${serversPage}'"`, async () => {
      49 |             await this.page.goto(serversPage);
    > 50 |             await this.title.locator.waitFor({ timeout: 30_000 });
         |                                      ^
      51 |         });
      52 |     }
      53 |
        at /home/runner/work/Playwright/Playwright/pages/Effiziente/serversPage.ts:50:38
        at ServersPage.addStepWithAnnotation (/home/runner/work/Playwright/Playwright/pages/basePage.ts:56:20)
        at ServersPage.goTo (/home/runner/work/Playwright/Playwright/pages/Effiziente/serversPage.ts:48:9)
        at /home/runner/work/Playwright/Playwright/tests/Api/servers.spec.ts:24:9

    attachment #3: screenshot (image/png) ──────────────────────────────────────────────────────────
    test-results/Api-servers-Servers-Should-add-a-server-desktop-firefox-retry1/test-failed-1.png
    ────────────────────────────────────────────────────────────────────────────────────────────────

    attachment #4: video (video/webm) ──────────────────────────────────────────────────────────────
    test-results/Api-servers-Servers-Should-add-a-server-desktop-firefox-retry1/video.webm
    ────────────────────────────────────────────────────────────────────────────────────────────────

    attachment #5: trace (application/zip) ─────────────────────────────────────────────────────────
    test-results/Api-servers-Servers-Should-add-a-server-desktop-firefox-retry1/trace.zip
    Usage:

        npx playwright show-trace test-results/Api-servers-Servers-Should-add-a-server-desktop-firefox-retry1/trace.zip

    ────────────────────────────────────────────────────────────────────────────────────────────────
]]>
</failure>
<system-out>
<![CDATA[
[[ATTACHMENT|../test-results/Api-servers-Servers-Should-add-a-server-desktop-firefox/test-failed-1.png]]

[[ATTACHMENT|../test-results/Api-servers-Servers-Should-add-a-server-desktop-firefox/video.webm]]

[[ATTACHMENT|../test-results/Api-servers-Servers-Should-add-a-server-desktop-firefox/trace.zip]]

[[ATTACHMENT|../test-results/Api-servers-Servers-Should-add-a-server-desktop-firefox-retry1/test-failed-1.png]]

[[ATTACHMENT|../test-results/Api-servers-Servers-Should-add-a-server-desktop-firefox-retry1/video.webm]]

[[ATTACHMENT|../test-results/Api-servers-Servers-Should-add-a-server-desktop-firefox-retry1/trace.zip]]
]]>
</system-out>
</testcase>
<testcase name="Servers › Should edit a server" classname="Api/servers.spec.ts" time="63.246">
<properties>
<property name="Description" value="An admin user can edit a server">
</property>
<property name="Pre Condition" value="A valid admin username and password is logged">
</property>
<property name="Go To" value="Go to the servers page: &quot;https://effizientedemo.azurewebsites.net/Security/servers&apos;&quot;">
</property>
</properties>
<failure message="servers.spec.ts:48:9 Should edit a server" type="FAILURE">
<![CDATA[  [desktop-firefox] › Api/servers.spec.ts:48:9 › Servers › Should edit a server @API › Go to the servers page: "https://effizientedemo.azurewebsites.net/Security/servers'" 

    TimeoutError: locator.waitFor: Timeout 30000ms exceeded.
    Call log:
      - waiting for getByRole('heading', { name: 'Servers' }) to be visible


       at ../pages/Effiziente/serversPage.ts:50

      48 |         await this.addStepWithAnnotation(AnnotationType.GoTo, `Go to the servers page: "${serversPage}'"`, async () => {
      49 |             await this.page.goto(serversPage);
    > 50 |             await this.title.locator.waitFor({ timeout: 30_000 });
         |                                      ^
      51 |         });
      52 |     }
      53 |
        at /home/runner/work/Playwright/Playwright/pages/Effiziente/serversPage.ts:50:38
        at ServersPage.addStepWithAnnotation (/home/runner/work/Playwright/Playwright/pages/basePage.ts:56:20)
        at ServersPage.goTo (/home/runner/work/Playwright/Playwright/pages/Effiziente/serversPage.ts:48:9)
        at /home/runner/work/Playwright/Playwright/tests/Api/servers.spec.ts:60:9

    attachment #3: screenshot (image/png) ──────────────────────────────────────────────────────────
    test-results/Api-servers-Servers-Should-edit-a-server-desktop-firefox/test-failed-1.png
    ────────────────────────────────────────────────────────────────────────────────────────────────

    attachment #4: video (video/webm) ──────────────────────────────────────────────────────────────
    test-results/Api-servers-Servers-Should-edit-a-server-desktop-firefox/video.webm
    ────────────────────────────────────────────────────────────────────────────────────────────────

    attachment #5: trace (application/zip) ─────────────────────────────────────────────────────────
    test-results/Api-servers-Servers-Should-edit-a-server-desktop-firefox/trace.zip
    Usage:

        npx playwright show-trace test-results/Api-servers-Servers-Should-edit-a-server-desktop-firefox/trace.zip

    ────────────────────────────────────────────────────────────────────────────────────────────────

    Retry #1 ───────────────────────────────────────────────────────────────────────────────────────

    TimeoutError: locator.waitFor: Timeout 30000ms exceeded.
    Call log:
      - waiting for getByRole('heading', { name: 'Servers' }) to be visible


       at ../pages/Effiziente/serversPage.ts:50

      48 |         await this.addStepWithAnnotation(AnnotationType.GoTo, `Go to the servers page: "${serversPage}'"`, async () => {
      49 |             await this.page.goto(serversPage);
    > 50 |             await this.title.locator.waitFor({ timeout: 30_000 });
         |                                      ^
      51 |         });
      52 |     }
      53 |
        at /home/runner/work/Playwright/Playwright/pages/Effiziente/serversPage.ts:50:38
        at ServersPage.addStepWithAnnotation (/home/runner/work/Playwright/Playwright/pages/basePage.ts:56:20)
        at ServersPage.goTo (/home/runner/work/Playwright/Playwright/pages/Effiziente/serversPage.ts:48:9)
        at /home/runner/work/Playwright/Playwright/tests/Api/servers.spec.ts:60:9

    attachment #3: screenshot (image/png) ──────────────────────────────────────────────────────────
    test-results/Api-servers-Servers-Should-edit-a-server-desktop-firefox-retry1/test-failed-1.png
    ────────────────────────────────────────────────────────────────────────────────────────────────

    attachment #4: video (video/webm) ──────────────────────────────────────────────────────────────
    test-results/Api-servers-Servers-Should-edit-a-server-desktop-firefox-retry1/video.webm
    ────────────────────────────────────────────────────────────────────────────────────────────────

    attachment #5: trace (application/zip) ─────────────────────────────────────────────────────────
    test-results/Api-servers-Servers-Should-edit-a-server-desktop-firefox-retry1/trace.zip
    Usage:

        npx playwright show-trace test-results/Api-servers-Servers-Should-edit-a-server-desktop-firefox-retry1/trace.zip

    ────────────────────────────────────────────────────────────────────────────────────────────────
]]>
</failure>
<system-out>
<![CDATA[
[[ATTACHMENT|../test-results/Api-servers-Servers-Should-edit-a-server-desktop-firefox/test-failed-1.png]]

[[ATTACHMENT|../test-results/Api-servers-Servers-Should-edit-a-server-desktop-firefox/video.webm]]

[[ATTACHMENT|../test-results/Api-servers-Servers-Should-edit-a-server-desktop-firefox/trace.zip]]

[[ATTACHMENT|../test-results/Api-servers-Servers-Should-edit-a-server-desktop-firefox-retry1/test-failed-1.png]]

[[ATTACHMENT|../test-results/Api-servers-Servers-Should-edit-a-server-desktop-firefox-retry1/video.webm]]

[[ATTACHMENT|../test-results/Api-servers-Servers-Should-edit-a-server-desktop-firefox-retry1/trace.zip]]
]]>
</system-out>
</testcase>
</testsuite>
<testsuite name="Basic/login.spec.ts" timestamp="2024-11-23T05:43:18.155Z" hostname="desktop-firefox" tests="1" failures="0" skipped="0" time="1.776" errors="0">
<testcase name="Login › Login with valid user load inventory page" classname="Basic/login.spec.ts" time="1.776">
<properties>
<property name="Description" value="Login with valid user on sauce demo">
</property>
<property name="Pre Condition" value="A valid username and password">
</property>
<property name="Go To" value="Go to: &quot;https://www.saucedemo.com&quot;">
</property>
<property name="InputText" value="Fill &quot;Username:&quot; with the value: &quot;standard_user&quot;">
</property>
<property name="InputPassword" value="Fill &quot;Password&quot; with value: *****">
</property>
<property name="Button" value="Click: &quot;Login&quot;">
</property>
<property name="Assert" value="Check URL Page is equal to: &quot;https://www.saucedemo.com/inventory.html&quot;">
</property>
</properties>
</testcase>
</testsuite>
<testsuite name="Basic/menu.spec.ts" timestamp="2024-11-23T05:43:18.155Z" hostname="desktop-firefox" tests="2" failures="2" skipped="0" time="125.405" errors="0">
<testcase name="Normal user › Should returns user menu" classname="Basic/menu.spec.ts" time="62.232">
<properties>
<property name="Description" value="Login to effiziente demo with a normal user, the user will see the menu for normal users">
</property>
<property name="Pre Condition" value="A valid normal user">
</property>
<property name="Go To" value="Go to: &quot;https://effizientedemo.azurewebsites.net/AccountsReceivable/dashboard&quot;">
</property>
</properties>
<failure message="menu.spec.ts:9:9 Should returns user menu" type="FAILURE">
<![CDATA[  [desktop-firefox] › Basic/menu.spec.ts:9:9 › Normal user › Should returns user menu @Basic › Go to: "https://effizientedemo.azurewebsites.net/AccountsReceivable/dashboard" 

    TimeoutError: locator.waitFor: Timeout 30000ms exceeded.
    Call log:
      - waiting for locator('#title') to be visible


       at ../pages/Effiziente/dashboardPage.ts:34

      32 |         await this.addStepWithAnnotation(AnnotationType.GoTo, `Go to: "${dashboardPage}"`, async () => {
      33 |             await this.page.goto(dashboardPage);
    > 34 |             await this.title.locator.waitFor({ timeout: 30_000 });
         |                                      ^
      35 |         });
      36 |     }
      37 |
        at /home/runner/work/Playwright/Playwright/pages/Effiziente/dashboardPage.ts:34:38
        at DashboardPage.addStepWithAnnotation (/home/runner/work/Playwright/Playwright/pages/basePage.ts:56:20)
        at DashboardPage.goTo (/home/runner/work/Playwright/Playwright/pages/Effiziente/dashboardPage.ts:32:9)
        at /home/runner/work/Playwright/Playwright/tests/Basic/menu.spec.ts:19:9

    attachment #3: screenshot (image/png) ──────────────────────────────────────────────────────────
    test-results/Basic-menu-Normal-user-Should-returns-user-menu-desktop-firefox/test-failed-1.png
    ────────────────────────────────────────────────────────────────────────────────────────────────

    attachment #4: video (video/webm) ──────────────────────────────────────────────────────────────
    test-results/Basic-menu-Normal-user-Should-returns-user-menu-desktop-firefox/video.webm
    ────────────────────────────────────────────────────────────────────────────────────────────────

    attachment #5: trace (application/zip) ─────────────────────────────────────────────────────────
    test-results/Basic-menu-Normal-user-Should-returns-user-menu-desktop-firefox/trace.zip
    Usage:

        npx playwright show-trace test-results/Basic-menu-Normal-user-Should-returns-user-menu-desktop-firefox/trace.zip

    ────────────────────────────────────────────────────────────────────────────────────────────────

    Retry #1 ───────────────────────────────────────────────────────────────────────────────────────

    TimeoutError: locator.waitFor: Timeout 30000ms exceeded.
    Call log:
      - waiting for locator('#title') to be visible


       at ../pages/Effiziente/dashboardPage.ts:34

      32 |         await this.addStepWithAnnotation(AnnotationType.GoTo, `Go to: "${dashboardPage}"`, async () => {
      33 |             await this.page.goto(dashboardPage);
    > 34 |             await this.title.locator.waitFor({ timeout: 30_000 });
         |                                      ^
      35 |         });
      36 |     }
      37 |
        at /home/runner/work/Playwright/Playwright/pages/Effiziente/dashboardPage.ts:34:38
        at DashboardPage.addStepWithAnnotation (/home/runner/work/Playwright/Playwright/pages/basePage.ts:56:20)
        at DashboardPage.goTo (/home/runner/work/Playwright/Playwright/pages/Effiziente/dashboardPage.ts:32:9)
        at /home/runner/work/Playwright/Playwright/tests/Basic/menu.spec.ts:19:9

    attachment #3: screenshot (image/png) ──────────────────────────────────────────────────────────
    test-results/Basic-menu-Normal-user-Should-returns-user-menu-desktop-firefox-retry1/test-failed-1.png
    ────────────────────────────────────────────────────────────────────────────────────────────────

    attachment #4: video (video/webm) ──────────────────────────────────────────────────────────────
    test-results/Basic-menu-Normal-user-Should-returns-user-menu-desktop-firefox-retry1/video.webm
    ────────────────────────────────────────────────────────────────────────────────────────────────

    attachment #5: trace (application/zip) ─────────────────────────────────────────────────────────
    test-results/Basic-menu-Normal-user-Should-returns-user-menu-desktop-firefox-retry1/trace.zip
    Usage:

        npx playwright show-trace test-results/Basic-menu-Normal-user-Should-returns-user-menu-desktop-firefox-retry1/trace.zip

    ────────────────────────────────────────────────────────────────────────────────────────────────
]]>
</failure>
<system-out>
<![CDATA[
[[ATTACHMENT|../test-results/Basic-menu-Normal-user-Should-returns-user-menu-desktop-firefox/test-failed-1.png]]

[[ATTACHMENT|../test-results/Basic-menu-Normal-user-Should-returns-user-menu-desktop-firefox/video.webm]]

[[ATTACHMENT|../test-results/Basic-menu-Normal-user-Should-returns-user-menu-desktop-firefox/trace.zip]]

[[ATTACHMENT|../test-results/Basic-menu-Normal-user-Should-returns-user-menu-desktop-firefox-retry1/test-failed-1.png]]

[[ATTACHMENT|../test-results/Basic-menu-Normal-user-Should-returns-user-menu-desktop-firefox-retry1/video.webm]]

[[ATTACHMENT|../test-results/Basic-menu-Normal-user-Should-returns-user-menu-desktop-firefox-retry1/trace.zip]]
]]>
</system-out>
</testcase>
<testcase name="Admin user › Should returns admin menu" classname="Basic/menu.spec.ts" time="63.173">
<properties>
<property name="Description" value="Login to effiziente demo with a admin user, the user will see the menu for admin users">
</property>
<property name="Pre Condition" value="A valid admin user">
</property>
<property name="Go To" value="Go to: &quot;https://effizientedemo.azurewebsites.net/AccountsReceivable/dashboard&quot;">
</property>
</properties>
<failure message="menu.spec.ts:29:9 Should returns admin menu" type="FAILURE">
<![CDATA[  [desktop-firefox] › Basic/menu.spec.ts:29:9 › Admin user › Should returns admin menu @Basic › Go to: "https://effizientedemo.azurewebsites.net/AccountsReceivable/dashboard" 

    TimeoutError: locator.waitFor: Timeout 30000ms exceeded.
    Call log:
      - waiting for locator('#title') to be visible


       at ../pages/Effiziente/dashboardPage.ts:34

      32 |         await this.addStepWithAnnotation(AnnotationType.GoTo, `Go to: "${dashboardPage}"`, async () => {
      33 |             await this.page.goto(dashboardPage);
    > 34 |             await this.title.locator.waitFor({ timeout: 30_000 });
         |                                      ^
      35 |         });
      36 |     }
      37 |
        at /home/runner/work/Playwright/Playwright/pages/Effiziente/dashboardPage.ts:34:38
        at DashboardPage.addStepWithAnnotation (/home/runner/work/Playwright/Playwright/pages/basePage.ts:56:20)
        at DashboardPage.goTo (/home/runner/work/Playwright/Playwright/pages/Effiziente/dashboardPage.ts:32:9)
        at /home/runner/work/Playwright/Playwright/tests/Basic/menu.spec.ts:39:9

    attachment #3: screenshot (image/png) ──────────────────────────────────────────────────────────
    test-results/Basic-menu-Admin-user-Should-returns-admin-menu-desktop-firefox/test-failed-1.png
    ────────────────────────────────────────────────────────────────────────────────────────────────

    attachment #4: video (video/webm) ──────────────────────────────────────────────────────────────
    test-results/Basic-menu-Admin-user-Should-returns-admin-menu-desktop-firefox/video.webm
    ────────────────────────────────────────────────────────────────────────────────────────────────

    attachment #5: trace (application/zip) ─────────────────────────────────────────────────────────
    test-results/Basic-menu-Admin-user-Should-returns-admin-menu-desktop-firefox/trace.zip
    Usage:

        npx playwright show-trace test-results/Basic-menu-Admin-user-Should-returns-admin-menu-desktop-firefox/trace.zip

    ────────────────────────────────────────────────────────────────────────────────────────────────

    Retry #1 ───────────────────────────────────────────────────────────────────────────────────────

    TimeoutError: locator.waitFor: Timeout 30000ms exceeded.
    Call log:
      - waiting for locator('#title') to be visible


       at ../pages/Effiziente/dashboardPage.ts:34

      32 |         await this.addStepWithAnnotation(AnnotationType.GoTo, `Go to: "${dashboardPage}"`, async () => {
      33 |             await this.page.goto(dashboardPage);
    > 34 |             await this.title.locator.waitFor({ timeout: 30_000 });
         |                                      ^
      35 |         });
      36 |     }
      37 |
        at /home/runner/work/Playwright/Playwright/pages/Effiziente/dashboardPage.ts:34:38
        at DashboardPage.addStepWithAnnotation (/home/runner/work/Playwright/Playwright/pages/basePage.ts:56:20)
        at DashboardPage.goTo (/home/runner/work/Playwright/Playwright/pages/Effiziente/dashboardPage.ts:32:9)
        at /home/runner/work/Playwright/Playwright/tests/Basic/menu.spec.ts:39:9

    attachment #3: screenshot (image/png) ──────────────────────────────────────────────────────────
    test-results/Basic-menu-Admin-user-Should-returns-admin-menu-desktop-firefox-retry1/test-failed-1.png
    ────────────────────────────────────────────────────────────────────────────────────────────────

    attachment #4: video (video/webm) ──────────────────────────────────────────────────────────────
    test-results/Basic-menu-Admin-user-Should-returns-admin-menu-desktop-firefox-retry1/video.webm
    ────────────────────────────────────────────────────────────────────────────────────────────────

    attachment #5: trace (application/zip) ─────────────────────────────────────────────────────────
    test-results/Basic-menu-Admin-user-Should-returns-admin-menu-desktop-firefox-retry1/trace.zip
    Usage:

        npx playwright show-trace test-results/Basic-menu-Admin-user-Should-returns-admin-menu-desktop-firefox-retry1/trace.zip

    ────────────────────────────────────────────────────────────────────────────────────────────────
]]>
</failure>
<system-out>
<![CDATA[
[[ATTACHMENT|../test-results/Basic-menu-Admin-user-Should-returns-admin-menu-desktop-firefox/test-failed-1.png]]

[[ATTACHMENT|../test-results/Basic-menu-Admin-user-Should-returns-admin-menu-desktop-firefox/video.webm]]

[[ATTACHMENT|../test-results/Basic-menu-Admin-user-Should-returns-admin-menu-desktop-firefox/trace.zip]]

[[ATTACHMENT|../test-results/Basic-menu-Admin-user-Should-returns-admin-menu-desktop-firefox-retry1/test-failed-1.png]]

[[ATTACHMENT|../test-results/Basic-menu-Admin-user-Should-returns-admin-menu-desktop-firefox-retry1/video.webm]]

[[ATTACHMENT|../test-results/Basic-menu-Admin-user-Should-returns-admin-menu-desktop-firefox-retry1/trace.zip]]
]]>
</system-out>
</testcase>
</testsuite>
<testsuite name="Basic/parameterized.spec.ts" timestamp="2024-11-23T05:43:18.155Z" hostname="desktop-firefox" tests="2" failures="0" skipped="0" time="2.617" errors="0">
<testcase name="Login with Parameters › Login with &quot;standard_user&quot; from parameters will load inventory page" classname="Basic/parameterized.spec.ts" time="1.777">
<properties>
<property name="Description" value="Login with valid user on Sauce Demo">
</property>
<property name="Pre Condition" value="A valid username and password">
</property>
<property name="Go To" value="Go to: &quot;https://www.saucedemo.com&quot;">
</property>
<property name="InputText" value="Fill &quot;Username:&quot; with the value: &quot;standard_user&quot;">
</property>
<property name="InputPassword" value="Fill &quot;Password&quot; with value: *****">
</property>
<property name="Button" value="Click: &quot;Login&quot;">
</property>
<property name="Assert" value="Check URL Page is equal to: https://www.saucedemo.com/inventory.html&quot;">
</property>
</properties>
</testcase>
<testcase name="Login with Parameters › Login with &quot;visual_user&quot; from parameters will load inventory page" classname="Basic/parameterized.spec.ts" time="0.84">
<properties>
<property name="Description" value="Login with valid user on Sauce Demo">
</property>
<property name="Pre Condition" value="A valid username and password">
</property>
<property name="Go To" value="Go to: &quot;https://www.saucedemo.com&quot;">
</property>
<property name="InputText" value="Fill &quot;Username:&quot; with the value: &quot;visual_user&quot;">
</property>
<property name="InputPassword" value="Fill &quot;Password&quot; with value: *****">
</property>
<property name="Button" value="Click: &quot;Login&quot;">
</property>
<property name="Assert" value="Check URL Page is equal to: https://www.saucedemo.com/inventory.html&quot;">
</property>
</properties>
</testcase>
</testsuite>
<testsuite name="Excel/exportServers.spec.ts" timestamp="2024-11-23T05:43:18.155Z" hostname="desktop-firefox" tests="1" failures="1" skipped="0" time="63.588" errors="0">
<testcase name="Servers › Should export servers to excel" classname="Excel/exportServers.spec.ts" time="63.588">
<properties>
<property name="Go To" value="Go to the servers page: &quot;https://effizientedemo.azurewebsites.net/Security/servers&apos;&quot;">
</property>
</properties>
<failure message="exportServers.spec.ts:10:9 Should export servers to excel" type="FAILURE">
<![CDATA[  [desktop-firefox] › Excel/exportServers.spec.ts:10:9 › Servers › Should export servers to excel @Excel › Go to the servers page: "https://effizientedemo.azurewebsites.net/Security/servers'" 

    TimeoutError: locator.waitFor: Timeout 30000ms exceeded.
    Call log:
      - waiting for getByRole('heading', { name: 'Servers' }) to be visible


       at ../pages/Effiziente/serversPage.ts:50

      48 |         await this.addStepWithAnnotation(AnnotationType.GoTo, `Go to the servers page: "${serversPage}'"`, async () => {
      49 |             await this.page.goto(serversPage);
    > 50 |             await this.title.locator.waitFor({ timeout: 30_000 });
         |                                      ^
      51 |         });
      52 |     }
      53 |
        at /home/runner/work/Playwright/Playwright/pages/Effiziente/serversPage.ts:50:38
        at ServersPage.addStepWithAnnotation (/home/runner/work/Playwright/Playwright/pages/basePage.ts:56:20)
        at ServersPage.goTo (/home/runner/work/Playwright/Playwright/pages/Effiziente/serversPage.ts:48:9)
        at /home/runner/work/Playwright/Playwright/tests/Excel/exportServers.spec.ts:16:9

    attachment #3: screenshot (image/png) ──────────────────────────────────────────────────────────
    test-results/Excel-exportServers-Servers-Should-export-servers-to-excel-desktop-firefox/test-failed-1.png
    ────────────────────────────────────────────────────────────────────────────────────────────────

    attachment #4: video (video/webm) ──────────────────────────────────────────────────────────────
    test-results/Excel-exportServers-Servers-Should-export-servers-to-excel-desktop-firefox/video.webm
    ────────────────────────────────────────────────────────────────────────────────────────────────

    attachment #5: trace (application/zip) ─────────────────────────────────────────────────────────
    test-results/Excel-exportServers-Servers-Should-export-servers-to-excel-desktop-firefox/trace.zip
    Usage:

        npx playwright show-trace test-results/Excel-exportServers-Servers-Should-export-servers-to-excel-desktop-firefox/trace.zip

    ────────────────────────────────────────────────────────────────────────────────────────────────

    Retry #1 ───────────────────────────────────────────────────────────────────────────────────────

    TimeoutError: locator.waitFor: Timeout 30000ms exceeded.
    Call log:
      - waiting for getByRole('heading', { name: 'Servers' }) to be visible


       at ../pages/Effiziente/serversPage.ts:50

      48 |         await this.addStepWithAnnotation(AnnotationType.GoTo, `Go to the servers page: "${serversPage}'"`, async () => {
      49 |             await this.page.goto(serversPage);
    > 50 |             await this.title.locator.waitFor({ timeout: 30_000 });
         |                                      ^
      51 |         });
      52 |     }
      53 |
        at /home/runner/work/Playwright/Playwright/pages/Effiziente/serversPage.ts:50:38
        at ServersPage.addStepWithAnnotation (/home/runner/work/Playwright/Playwright/pages/basePage.ts:56:20)
        at ServersPage.goTo (/home/runner/work/Playwright/Playwright/pages/Effiziente/serversPage.ts:48:9)
        at /home/runner/work/Playwright/Playwright/tests/Excel/exportServers.spec.ts:16:9

    attachment #3: screenshot (image/png) ──────────────────────────────────────────────────────────
    test-results/Excel-exportServers-Servers-Should-export-servers-to-excel-desktop-firefox-retry1/test-failed-1.png
    ────────────────────────────────────────────────────────────────────────────────────────────────

    attachment #4: video (video/webm) ──────────────────────────────────────────────────────────────
    test-results/Excel-exportServers-Servers-Should-export-servers-to-excel-desktop-firefox-retry1/video.webm
    ────────────────────────────────────────────────────────────────────────────────────────────────

    attachment #5: trace (application/zip) ─────────────────────────────────────────────────────────
    test-results/Excel-exportServers-Servers-Should-export-servers-to-excel-desktop-firefox-retry1/trace.zip
    Usage:

        npx playwright show-trace test-results/Excel-exportServers-Servers-Should-export-servers-to-excel-desktop-firefox-retry1/trace.zip

    ────────────────────────────────────────────────────────────────────────────────────────────────
]]>
</failure>
<system-out>
<![CDATA[
[[ATTACHMENT|../test-results/Excel-exportServers-Servers-Should-export-servers-to-excel-desktop-firefox/test-failed-1.png]]

[[ATTACHMENT|../test-results/Excel-exportServers-Servers-Should-export-servers-to-excel-desktop-firefox/video.webm]]

[[ATTACHMENT|../test-results/Excel-exportServers-Servers-Should-export-servers-to-excel-desktop-firefox/trace.zip]]

[[ATTACHMENT|../test-results/Excel-exportServers-Servers-Should-export-servers-to-excel-desktop-firefox-retry1/test-failed-1.png]]

[[ATTACHMENT|../test-results/Excel-exportServers-Servers-Should-export-servers-to-excel-desktop-firefox-retry1/video.webm]]

[[ATTACHMENT|../test-results/Excel-exportServers-Servers-Should-export-servers-to-excel-desktop-firefox-retry1/trace.zip]]
]]>
</system-out>
</testcase>
</testsuite>
<testsuite name="AI/login.spec.ts" timestamp="2024-11-23T05:43:18.155Z" hostname="desktop-webkit" tests="1" failures="0" skipped="1" time="0.66" errors="0">
<testcase name="AI Zero Step › Should show dashboard after login" classname="AI/login.spec.ts" time="0.66">
<properties>
<property name="skip" value="Zero Steps only works in chromium">
</property>
</properties>
<skipped>
</skipped>
</testcase>
</testsuite>
<testsuite name="Api/addToCart.spec.ts" timestamp="2024-11-23T05:43:18.155Z" hostname="desktop-webkit" tests="1" failures="0" skipped="0" time="15.376" errors="0">
<testcase name="WebdriverIO Shop › Should add an item to the cart" classname="Api/addToCart.spec.ts" time="15.376">
<properties>
<property name="Go To" value="Go to: &quot;https://shop.webdriver.io&quot;">
</property>
<property name="Link" value="Click: &quot;Shop All&quot;">
</property>
<property name="Step" value="Click in the product: &quot;Cuffed Beanie&quot;">
</property>
<property name="Select" value="On &quot;Color&quot; select any option">
</property>
<property name="Select" value="On &quot;Color&quot; select the option Spruce">
</property>
<property name="Step" value="Select any available Size">
</property>
<property name="Step" value="Get the product price">
</property>
<property name="Button" value="Click: &quot; 
		Add to Cart
		 
	$15.50
&quot;">
</property>
<property name="Assert" value="There is one item in the bag">
</property>
<property name="Button" value="Click: &quot;
 
				1
			 
				items
			&quot;">
</property>
<property name="Assert" value="The name of the item in the cart is: &quot;Cuffed Beanie&quot;">
</property>
<property name="Assert" value="The price of the item in the cart is: &quot;$15.50&quot;">
</property>
<property name="Assert" value="The subtotal is: &quot;$15.50&quot;">
</property>
</properties>
</testcase>
</testsuite>
<testsuite name="Api/servers.spec.ts" timestamp="2024-11-23T05:43:18.155Z" hostname="desktop-webkit" tests="2" failures="2" skipped="0" time="130.994" errors="0">
<testcase name="Servers › Should add a server" classname="Api/servers.spec.ts" time="65.42">
<properties>
<property name="Description" value="An admin user can add a server">
</property>
<property name="Pre Condition" value="A valid admin username and password is logged">
</property>
<property name="Go To" value="Go to the servers page: &quot;https://effizientedemo.azurewebsites.net/Security/servers&apos;&quot;">
</property>
</properties>
<failure message="servers.spec.ts:13:9 Should add a server" type="FAILURE">
<![CDATA[  [desktop-webkit] › Api/servers.spec.ts:13:9 › Servers › Should add a server @API › Go to the servers page: "https://effizientedemo.azurewebsites.net/Security/servers'" 

    TimeoutError: locator.waitFor: Timeout 30000ms exceeded.
    Call log:
      - waiting for getByRole('heading', { name: 'Servers' }) to be visible


       at ../pages/Effiziente/serversPage.ts:50

      48 |         await this.addStepWithAnnotation(AnnotationType.GoTo, `Go to the servers page: "${serversPage}'"`, async () => {
      49 |             await this.page.goto(serversPage);
    > 50 |             await this.title.locator.waitFor({ timeout: 30_000 });
         |                                      ^
      51 |         });
      52 |     }
      53 |
        at /home/runner/work/Playwright/Playwright/pages/Effiziente/serversPage.ts:50:38
        at ServersPage.addStepWithAnnotation (/home/runner/work/Playwright/Playwright/pages/basePage.ts:56:20)
        at ServersPage.goTo (/home/runner/work/Playwright/Playwright/pages/Effiziente/serversPage.ts:48:9)
        at /home/runner/work/Playwright/Playwright/tests/Api/servers.spec.ts:24:9

    attachment #3: screenshot (image/png) ──────────────────────────────────────────────────────────
    test-results/Api-servers-Servers-Should-add-a-server-desktop-webkit/test-failed-1.png
    ────────────────────────────────────────────────────────────────────────────────────────────────

    attachment #4: video (video/webm) ──────────────────────────────────────────────────────────────
    test-results/Api-servers-Servers-Should-add-a-server-desktop-webkit/video.webm
    ────────────────────────────────────────────────────────────────────────────────────────────────

    attachment #5: trace (application/zip) ─────────────────────────────────────────────────────────
    test-results/Api-servers-Servers-Should-add-a-server-desktop-webkit/trace.zip
    Usage:

        npx playwright show-trace test-results/Api-servers-Servers-Should-add-a-server-desktop-webkit/trace.zip

    ────────────────────────────────────────────────────────────────────────────────────────────────

    Retry #1 ───────────────────────────────────────────────────────────────────────────────────────

    TimeoutError: locator.waitFor: Timeout 30000ms exceeded.
    Call log:
      - waiting for getByRole('heading', { name: 'Servers' }) to be visible


       at ../pages/Effiziente/serversPage.ts:50

      48 |         await this.addStepWithAnnotation(AnnotationType.GoTo, `Go to the servers page: "${serversPage}'"`, async () => {
      49 |             await this.page.goto(serversPage);
    > 50 |             await this.title.locator.waitFor({ timeout: 30_000 });
         |                                      ^
      51 |         });
      52 |     }
      53 |
        at /home/runner/work/Playwright/Playwright/pages/Effiziente/serversPage.ts:50:38
        at ServersPage.addStepWithAnnotation (/home/runner/work/Playwright/Playwright/pages/basePage.ts:56:20)
        at ServersPage.goTo (/home/runner/work/Playwright/Playwright/pages/Effiziente/serversPage.ts:48:9)
        at /home/runner/work/Playwright/Playwright/tests/Api/servers.spec.ts:24:9

    attachment #3: screenshot (image/png) ──────────────────────────────────────────────────────────
    test-results/Api-servers-Servers-Should-add-a-server-desktop-webkit-retry1/test-failed-1.png
    ────────────────────────────────────────────────────────────────────────────────────────────────

    attachment #4: video (video/webm) ──────────────────────────────────────────────────────────────
    test-results/Api-servers-Servers-Should-add-a-server-desktop-webkit-retry1/video.webm
    ────────────────────────────────────────────────────────────────────────────────────────────────

    attachment #5: trace (application/zip) ─────────────────────────────────────────────────────────
    test-results/Api-servers-Servers-Should-add-a-server-desktop-webkit-retry1/trace.zip
    Usage:

        npx playwright show-trace test-results/Api-servers-Servers-Should-add-a-server-desktop-webkit-retry1/trace.zip

    ────────────────────────────────────────────────────────────────────────────────────────────────
]]>
</failure>
<system-out>
<![CDATA[
[[ATTACHMENT|../test-results/Api-servers-Servers-Should-add-a-server-desktop-webkit/test-failed-1.png]]

[[ATTACHMENT|../test-results/Api-servers-Servers-Should-add-a-server-desktop-webkit/video.webm]]

[[ATTACHMENT|../test-results/Api-servers-Servers-Should-add-a-server-desktop-webkit/trace.zip]]

[[ATTACHMENT|../test-results/Api-servers-Servers-Should-add-a-server-desktop-webkit-retry1/test-failed-1.png]]

[[ATTACHMENT|../test-results/Api-servers-Servers-Should-add-a-server-desktop-webkit-retry1/video.webm]]

[[ATTACHMENT|../test-results/Api-servers-Servers-Should-add-a-server-desktop-webkit-retry1/trace.zip]]
]]>
</system-out>
</testcase>
<testcase name="Servers › Should edit a server" classname="Api/servers.spec.ts" time="65.574">
<properties>
<property name="Description" value="An admin user can edit a server">
</property>
<property name="Pre Condition" value="A valid admin username and password is logged">
</property>
<property name="Go To" value="Go to the servers page: &quot;https://effizientedemo.azurewebsites.net/Security/servers&apos;&quot;">
</property>
</properties>
<failure message="servers.spec.ts:48:9 Should edit a server" type="FAILURE">
<![CDATA[  [desktop-webkit] › Api/servers.spec.ts:48:9 › Servers › Should edit a server @API › Go to the servers page: "https://effizientedemo.azurewebsites.net/Security/servers'" 

    TimeoutError: locator.waitFor: Timeout 30000ms exceeded.
    Call log:
      - waiting for getByRole('heading', { name: 'Servers' }) to be visible


       at ../pages/Effiziente/serversPage.ts:50

      48 |         await this.addStepWithAnnotation(AnnotationType.GoTo, `Go to the servers page: "${serversPage}'"`, async () => {
      49 |             await this.page.goto(serversPage);
    > 50 |             await this.title.locator.waitFor({ timeout: 30_000 });
         |                                      ^
      51 |         });
      52 |     }
      53 |
        at /home/runner/work/Playwright/Playwright/pages/Effiziente/serversPage.ts:50:38
        at ServersPage.addStepWithAnnotation (/home/runner/work/Playwright/Playwright/pages/basePage.ts:56:20)
        at ServersPage.goTo (/home/runner/work/Playwright/Playwright/pages/Effiziente/serversPage.ts:48:9)
        at /home/runner/work/Playwright/Playwright/tests/Api/servers.spec.ts:60:9

    attachment #3: screenshot (image/png) ──────────────────────────────────────────────────────────
    test-results/Api-servers-Servers-Should-edit-a-server-desktop-webkit/test-failed-1.png
    ────────────────────────────────────────────────────────────────────────────────────────────────

    attachment #4: video (video/webm) ──────────────────────────────────────────────────────────────
    test-results/Api-servers-Servers-Should-edit-a-server-desktop-webkit/video.webm
    ────────────────────────────────────────────────────────────────────────────────────────────────

    attachment #5: trace (application/zip) ─────────────────────────────────────────────────────────
    test-results/Api-servers-Servers-Should-edit-a-server-desktop-webkit/trace.zip
    Usage:

[...]
]]>
</system-out>
</testcase>
</testsuite>
<testsuite name="Basic/login.spec.ts" timestamp="2024-11-23T05:43:18.155Z" hostname="desktop-webkit" tests="1" failures="0" skipped="0" time="1.329" errors="0">
<testcase name="Login › Login with valid user load inventory page" classname="Basic/login.spec.ts" time="1.329">
<properties>
<property name="Description" value="Login with valid user on sauce demo">
</property>
<property name="Pre Condition" value="A valid username and password">
</property>
<property name="Go To" value="Go to: &quot;https://www.saucedemo.com&quot;">
</property>
<property name="InputText" value="Fill &quot;Username:&quot; with the value: &quot;standard_user&quot;">
</property>
<property name="InputPassword" value="Fill &quot;Password&quot; with value: *****">
</property>
<property name="Button" value="Click: &quot;Login&quot;">
</property>
<property name="Assert" value="Check URL Page is equal to: &quot;https://www.saucedemo.com/inventory.html&quot;">
</property>
</properties>
</testcase>
</testsuite>
<testsuite name="Basic/menu.spec.ts" timestamp="2024-11-23T05:43:18.155Z" hostname="desktop-webkit" tests="2" failures="2" skipped="0" time="130.862" errors="0">
<testcase name="Normal user › Should returns user menu" classname="Basic/menu.spec.ts" time="65.375">
<properties>
<property name="Description" value="Login to effiziente demo with a normal user, the user will see the menu for normal users">
</property>
<property name="Pre Condition" value="A valid normal user">
</property>
<property name="Go To" value="Go to: &quot;https://effizientedemo.azurewebsites.net/AccountsReceivable/dashboard&quot;">
</property>
</properties>
<failure message="menu.spec.ts:9:9 Should returns user menu" type="FAILURE">
<![CDATA[  [desktop-webkit] › Basic/menu.spec.ts:9:9 › Normal user › Should returns user menu @Basic › Go to: "https://effizientedemo.azurewebsites.net/AccountsReceivable/dashboard" 

    TimeoutError: locator.waitFor: Timeout 30000ms exceeded.
    Call log:
      - waiting for locator('#title') to be visible


       at ../pages/Effiziente/dashboardPage.ts:34

      32 |         await this.addStepWithAnnotation(AnnotationType.GoTo, `Go to: "${dashboardPage}"`, async () => {
      33 |             await this.page.goto(dashboardPage);
    > 34 |             await this.title.locator.waitFor({ timeout: 30_000 });
         |                                      ^
      35 |         });
      36 |     }
      37 |
        at /home/runner/work/Playwright/Playwright/pages/Effiziente/dashboardPage.ts:34:38
        at DashboardPage.addStepWithAnnotation (/home/runner/work/Playwright/Playwright/pages/basePage.ts:56:20)
        at DashboardPage.goTo (/home/runner/work/Playwright/Playwright/pages/Effiziente/dashboardPage.ts:32:9)
        at /home/runner/work/Playwright/Playwright/tests/Basic/menu.spec.ts:19:9

    attachment #3: screenshot (image/png) ──────────────────────────────────────────────────────────
    test-results/Basic-menu-Normal-user-Should-returns-user-menu-desktop-webkit/test-failed-1.png
    ────────────────────────────────────────────────────────────────────────────────────────────────

    attachment #4: video (video/webm) ──────────────────────────────────────────────────────────────
    test-results/Basic-menu-Normal-user-Should-returns-user-menu-desktop-webkit/video.webm
    ────────────────────────────────────────────────────────────────────────────────────────────────

    attachment #5: trace (application/zip) ─────────────────────────────────────────────────────────
    test-results/Basic-menu-Normal-user-Should-returns-user-menu-desktop-webkit/trace.zip
    Usage:

        npx playwright show-trace test-results/Basic-menu-Normal-user-Should-returns-user-menu-desktop-webkit/trace.zip

    ────────────────────────────────────────────────────────────────────────────────────────────────

    Retry #1 ───────────────────────────────────────────────────────────────────────────────────────

    TimeoutError: locator.waitFor: Timeout 30000ms exceeded.
    Call log:
      - waiting for locator('#title') to be visible


       at ../pages/Effiziente/dashboardPage.ts:34

      32 |         await this.addStepWithAnnotation(AnnotationType.GoTo, `Go to: "${dashboardPage}"`, async () => {
      33 |             await this.page.goto(dashboardPage);
    > 34 |             await this.title.locator.waitFor({ timeout: 30_000 });
         |                                      ^
      35 |         });
      36 |     }
      37 |
        at /home/runner/work/Playwright/Playwright/pages/Effiziente/dashboardPage.ts:34:38
        at DashboardPage.addStepWithAnnotation (/home/runner/work/Playwright/Playwright/pages/basePage.ts:56:20)
        at DashboardPage.goTo (/home/runner/work/Playwright/Playwright/pages/Effiziente/dashboardPage.ts:32:9)
        at /home/runner/work/Playwright/Playwright/tests/Basic/menu.spec.ts:19:9

    attachment #3: screenshot (image/png) ──────────────────────────────────────────────────────────
    test-results/Basic-menu-Normal-user-Should-returns-user-menu-desktop-webkit-retry1/test-failed-1.png
    ────────────────────────────────────────────────────────────────────────────────────────────────

    attachment #4: video (video/webm) ──────────────────────────────────────────────────────────────
    test-results/Basic-menu-Normal-user-Should-returns-user-menu-desktop-webkit-retry1/video.webm
    ────────────────────────────────────────────────────────────────────────────────────────────────

    attachment #5: trace (application/zip) ─────────────────────────────────────────────────────────
    test-results/Basic-menu-Normal-user-Should-returns-user-menu-desktop-webkit-retry1/trace.zip
    Usage:

        npx playwright show-trace test-results/Basic-menu-Normal-user-Should-returns-user-menu-desktop-webkit-retry1/trace.zip

    ────────────────────────────────────────────────────────────────────────────────────────────────
]]>
</failure>
<system-out>
<![CDATA[
[[ATTACHMENT|../test-results/Basic-menu-Normal-user-Should-returns-user-menu-desktop-webkit/test-failed-1.png]]

[[ATTACHMENT|../test-results/Basic-menu-Normal-user-Should-returns-user-menu-desktop-webkit/video.webm]]

[[ATTACHMENT|../test-results/Basic-menu-Normal-user-Should-returns-user-menu-desktop-webkit/trace.zip]]

[[ATTACHMENT|../test-results/Basic-menu-Normal-user-Should-returns-user-menu-desktop-webkit-retry1/test-failed-1.png]]

[[ATTACHMENT|../test-results/Basic-menu-Normal-user-Should-returns-user-menu-desktop-webkit-retry1/video.webm]]

[[ATTACHMENT|../test-results/Basic-menu-Normal-user-Should-returns-user-menu-desktop-webkit-retry1/trace.zip]]
]]>
</system-out>
</testcase>
<testcase name="Admin user › Should returns admin menu" classname="Basic/menu.spec.ts" time="65.487">
<properties>
<property name="Description" value="Login to effiziente demo with a admin user, the user will see the menu for admin users">
</property>
<property name="Pre Condition" value="A valid admin user">
</property>
<property name="Go To" value="Go to: &quot;https://effizientedemo.azurewebsites.net/AccountsReceivable/dashboard&quot;">
</property>
</properties>
<failure message="menu.spec.ts:29:9 Should returns admin menu" type="FAILURE">
<![CDATA[  [desktop-webkit] › Basic/menu.spec.ts:29:9 › Admin user › Should returns admin menu @Basic › Go to: "https://effizientedemo.azurewebsites.net/AccountsReceivable/dashboard" 

    TimeoutError: locator.waitFor: Timeout 30000ms exceeded.
    Call log:
      - waiting for locator('#title') to be visible


       at ../pages/Effiziente/dashboardPage.ts:34

      32 |         await this.addStepWithAnnotation(AnnotationType.GoTo, `Go to: "${dashboardPage}"`, async () => {
      33 |             await this.page.goto(dashboardPage);
    > 34 |             await this.title.locator.waitFor({ timeout: 30_000 });
         |                                      ^
      35 |         });
      36 |     }
      37 |
        at /home/runner/work/Playwright/Playwright/pages/Effiziente/dashboardPage.ts:34:38
        at DashboardPage.addStepWithAnnotation (/home/runner/work/Playwright/Playwright/pages/basePage.ts:56:20)
        at DashboardPage.goTo (/home/runner/work/Playwright/Playwright/pages/Effiziente/dashboardPage.ts:32:9)
        at /home/runner/work/Playwright/Playwright/tests/Basic/menu.spec.ts:39:9

    attachment #3: screenshot (image/png) ──────────────────────────────────────────────────────────
    test-results/Basic-menu-Admin-user-Should-returns-admin-menu-desktop-webkit/test-failed-1.png
    ────────────────────────────────────────────────────────────────────────────────────────────────

    attachment #4: video (video/webm) ──────────────────────────────────────────────────────────────
    test-results/Basic-menu-Admin-user-Should-returns-admin-menu-desktop-webkit/video.webm
    ────────────────────────────────────────────────────────────────────────────────────────────────

    attachment #5: trace (application/zip) ─────────────────────────────────────────────────────────
    test-results/Basic-menu-Admin-user-Should-returns-admin-menu-desktop-webkit/trace.zip
    Usage:

        npx playwright show-trace test-results/Basic-menu-Admin-user-Should-returns-admin-menu-desktop-webkit/trace.zip

    ────────────────────────────────────────────────────────────────────────────────────────────────

    Retry #1 ───────────────────────────────────────────────────────────────────────────────────────

    TimeoutError: locator.waitFor: Timeout 30000ms exceeded.
    Call log:
      - waiting for locator('#title') to be visible


       at ../pages/Effiziente/dashboardPage.ts:34

      32 |         await this.addStepWithAnnotation(AnnotationType.GoTo, `Go to: "${dashboardPage}"`, async () => {
      33 |             await this.page.goto(dashboardPage);
    > 34 |             await this.title.locator.waitFor({ timeout: 30_000 });
         |                                      ^
      35 |         });
      36 |     }
      37 |
        at /home/runner/work/Playwright/Playwright/pages/Effiziente/dashboardPage.ts:34:38
        at DashboardPage.addStepWithAnnotation (/home/runner/work/Playwright/Playwright/pages/basePage.ts:56:20)
        at DashboardPage.goTo (/home/runner/work/Playwright/Playwright/pages/Effiziente/dashboardPage.ts:32:9)
        at /home/runner/work/Playwright/Playwright/tests/Basic/menu.spec.ts:39:9

    attachment #3: screenshot (image/png) ──────────────────────────────────────────────────────────
    test-results/Basic-menu-Admin-user-Should-returns-admin-menu-desktop-webkit-retry1/test-failed-1.png
    ────────────────────────────────────────────────────────────────────────────────────────────────

    attachment #4: video (video/webm) ──────────────────────────────────────────────────────────────
    test-results/Basic-menu-Admin-user-Should-returns-admin-menu-desktop-webkit-retry1/video.webm
    ────────────────────────────────────────────────────────────────────────────────────────────────

    attachment #5: trace (application/zip) ─────────────────────────────────────────────────────────
    test-results/Basic-menu-Admin-user-Should-returns-admin-menu-desktop-webkit-retry1/trace.zip
    Usage:

        npx playwright show-trace test-results/Basic-menu-Admin-user-Should-returns-admin-menu-desktop-webkit-retry1/trace.zip

    ────────────────────────────────────────────────────────────────────────────────────────────────
]]>
</failure>
<system-out>
<![CDATA[
[[ATTACHMENT|../test-results/Basic-menu-Admin-user-Should-returns-admin-menu-desktop-webkit/test-failed-1.png]]

[[ATTACHMENT|../test-results/Basic-menu-Admin-user-Should-returns-admin-menu-desktop-webkit/video.webm]]

[[ATTACHMENT|../test-results/Basic-menu-Admin-user-Should-returns-admin-menu-desktop-webkit/trace.zip]]

[[ATTACHMENT|../test-results/Basic-menu-Admin-user-Should-returns-admin-menu-desktop-webkit-retry1/test-failed-1.png]]

[[ATTACHMENT|../test-results/Basic-menu-Admin-user-Should-returns-admin-menu-desktop-webkit-retry1/video.webm]]

[[ATTACHMENT|../test-results/Basic-menu-Admin-user-Should-returns-admin-menu-desktop-webkit-retry1/trace.zip]]
]]>
</system-out>
</testcase>
</testsuite>
<testsuite name="Basic/parameterized.spec.ts" timestamp="2024-11-23T05:43:18.155Z" hostname="desktop-webkit" tests="2" failures="0" skipped="0" time="2.549" errors="0">
<testcase name="Login with Parameters › Login with &quot;standard_user&quot; from parameters will load inventory page" classname="Basic/parameterized.spec.ts" time="1.378">
<properties>
<property name="Description" value="Login with valid user on Sauce Demo">
</property>
<property name="Pre Condition" value="A valid username and password">
</property>
<property name="Go To" value="Go to: &quot;https://www.saucedemo.com&quot;">
</property>
<property name="InputText" value="Fill &quot;Username:&quot; with the value: &quot;standard_user&quot;">
</property>
<property name="InputPassword" value="Fill &quot;Password&quot; with value: *****">
</property>
<property name="Button" value="Click: &quot;Login&quot;">
</property>
<property name="Assert" value="Check URL Page is equal to: https://www.saucedemo.com/inventory.html&quot;">
</property>
</properties>
</testcase>
<testcase name="Login with Parameters › Login with &quot;visual_user&quot; from parameters will load inventory page" classname="Basic/parameterized.spec.ts" time="1.171">
<properties>
<property name="Description" value="Login with valid user on Sauce Demo">
</property>
<property name="Pre Condition" value="A valid username and password">
</property>
<property name="Go To" value="Go to: &quot;https://www.saucedemo.com&quot;">
</property>
<property name="InputText" value="Fill &quot;Username:&quot; with the value: &quot;visual_user&quot;">
</property>
<property name="InputPassword" value="Fill &quot;Password&quot; with value: *****">
</property>
<property name="Button" value="Click: &quot;Login&quot;">
</property>
<property name="Assert" value="Check URL Page is equal to: https://www.saucedemo.com/inventory.html&quot;">
</property>
</properties>
</testcase>
</testsuite>
<testsuite name="Excel/exportServers.spec.ts" timestamp="2024-11-23T05:43:18.155Z" hostname="desktop-webkit" tests="1" failures="1" skipped="0" time="65.386" errors="0">
<testcase name="Servers › Should export servers to excel" classname="Excel/exportServers.spec.ts" time="65.386">
<properties>
<property name="Go To" value="Go to the servers page: &quot;https://effizientedemo.azurewebsites.net/Security/servers&apos;&quot;">
</property>
</properties>
<failure message="exportServers.spec.ts:10:9 Should export servers to excel" type="FAILURE">
<![CDATA[  [desktop-webkit] › Excel/exportServers.spec.ts:10:9 › Servers › Should export servers to excel @Excel › Go to the servers page: "https://effizientedemo.azurewebsites.net/Security/servers'" 

    TimeoutError: locator.waitFor: Timeout 30000ms exceeded.
    Call log:
      - waiting for getByRole('heading', { name: 'Servers' }) to be visible


       at ../pages/Effiziente/serversPage.ts:50

      48 |         await this.addStepWithAnnotation(AnnotationType.GoTo, `Go to the servers page: "${serversPage}'"`, async () => {
      49 |             await this.page.goto(serversPage);
    > 50 |             await this.title.locator.waitFor({ timeout: 30_000 });
         |                                      ^
      51 |         });
      52 |     }
      53 |
        at /home/runner/work/Playwright/Playwright/pages/Effiziente/serversPage.ts:50:38
        at ServersPage.addStepWithAnnotation (/home/runner/work/Playwright/Playwright/pages/basePage.ts:56:20)
        at ServersPage.goTo (/home/runner/work/Playwright/Playwright/pages/Effiziente/serversPage.ts:48:9)
        at /home/runner/work/Playwright/Playwright/tests/Excel/exportServers.spec.ts:16:9

    attachment #3: screenshot (image/png) ──────────────────────────────────────────────────────────
    test-results/Excel-exportServers-Servers-Should-export-servers-to-excel-desktop-webkit/test-failed-1.png
    ────────────────────────────────────────────────────────────────────────────────────────────────

    attachment #4: video (video/webm) ──────────────────────────────────────────────────────────────
    test-results/Excel-exportServers-Servers-Should-export-servers-to-excel-desktop-webkit/video.webm
    ────────────────────────────────────────────────────────────────────────────────────────────────

    attachment #5: trace (application/zip) ─────────────────────────────────────────────────────────
    test-results/Excel-exportServers-Servers-Should-export-servers-to-excel-desktop-webkit/trace.zip
    Usage:

        npx playwright show-trace test-results/Excel-exportServers-Servers-Should-export-servers-to-excel-desktop-webkit/trace.zip

    ────────────────────────────────────────────────────────────────────────────────────────────────

    Retry #1 ───────────────────────────────────────────────────────────────────────────────────────

    TimeoutError: locator.waitFor: Timeout 30000ms exceeded.
    Call log:
      - waiting for getByRole('heading', { name: 'Servers' }) to be visible


       at ../pages/Effiziente/serversPage.ts:50

      48 |         await this.addStepWithAnnotation(AnnotationType.GoTo, `Go to the servers page: "${serversPage}'"`, async () => {
      49 |             await this.page.goto(serversPage);
    > 50 |             await this.title.locator.waitFor({ timeout: 30_000 });
         |                                      ^
      51 |         });
      52 |     }
      53 |
        at /home/runner/work/Playwright/Playwright/pages/Effiziente/serversPage.ts:50:38
        at ServersPage.addStepWithAnnotation (/home/runner/work/Playwright/Playwright/pages/basePage.ts:56:20)
        at ServersPage.goTo (/home/runner/work/Playwright/Playwright/pages/Effiziente/serversPage.ts:48:9)
        at /home/runner/work/Playwright/Playwright/tests/Excel/exportServers.spec.ts:16:9

    attachment #3: screenshot (image/png) ──────────────────────────────────────────────────────────
    test-results/Excel-exportServers-Servers-Should-export-servers-to-excel-desktop-webkit-retry1/test-failed-1.png
    ────────────────────────────────────────────────────────────────────────────────────────────────

    attachment #4: video (video/webm) ──────────────────────────────────────────────────────────────
    test-results/Excel-exportServers-Servers-Should-export-servers-to-excel-desktop-webkit-retry1/video.webm
    ────────────────────────────────────────────────────────────────────────────────────────────────

    attachment #5: trace (application/zip) ─────────────────────────────────────────────────────────
    test-results/Excel-exportServers-Servers-Should-export-servers-to-excel-desktop-webkit-retry1/trace.zip
    Usage:

        npx playwright show-trace test-results/Excel-exportServers-Servers-Should-export-servers-to-excel-desktop-webkit-retry1/trace.zip

    ────────────────────────────────────────────────────────────────────────────────────────────────
]]>
</failure>
<system-out>
<![CDATA[
[[ATTACHMENT|../test-results/Excel-exportServers-Servers-Should-export-servers-to-excel-desktop-webkit/test-failed-1.png]]

[[ATTACHMENT|../test-results/Excel-exportServers-Servers-Should-export-servers-to-excel-desktop-webkit/video.webm]]

[[ATTACHMENT|../test-results/Excel-exportServers-Servers-Should-export-servers-to-excel-desktop-webkit/trace.zip]]

[[ATTACHMENT|../test-results/Excel-exportServers-Servers-Should-export-servers-to-excel-desktop-webkit-retry1/test-failed-1.png]]

[[ATTACHMENT|../test-results/Excel-exportServers-Servers-Should-export-servers-to-excel-desktop-webkit-retry1/video.webm]]

[[ATTACHMENT|../test-results/Excel-exportServers-Servers-Should-export-servers-to-excel-desktop-webkit-retry1/trace.zip]]
]]>
</system-out>
</testcase>
</testsuite>
</testsuites>