<testsuites id="" name="" tests="54" failures="13" skipped="3" errors="0" time="153.08798000000002">
<testsuite name="Fixture-LambdaTest/loginLambdaTestFixture.spec.ts" timestamp="2024-07-17T03:47:51.635Z" hostname="chrome:latest:MacOS Catalina@lambdatest" tests="1" failures="0" skipped="0" time="10.646" errors="0">
<testcase name="Login › Login with valid user load inventory page" classname="Fixture-LambdaTest/loginLambdaTestFixture.spec.ts" time="10.646">
<properties>
<property name="Go To" value="Go to the page: &quot;https://www.saucedemo.com&quot;">
</property>
<property name="InputText" value="Fill &quot;Username:&quot; with the value: &quot;standard_user&quot;">
</property>
<property name="InputPassword" value="Fill: &quot;Password with value: *****&quot;">
</property>
<property name="Button" value="Click: &quot;Login&quot;">
</property>
<property name="Assert" value="Check URL Page equal to: &quot;https://www.saucedemo.com/inventory.html&quot;">
</property>
</properties>
</testcase>
</testsuite>
<testsuite name="Fixture-LambdaTest/loginLambdaTestFixture.spec.ts" timestamp="2024-07-17T03:47:51.635Z" hostname="pw-webkit:latest:MacOS Monterey@lambdatest" tests="1" failures="0" skipped="0" time="7.876" errors="0">
<testcase name="Login › Login with valid user load inventory page" classname="Fixture-LambdaTest/loginLambdaTestFixture.spec.ts" time="7.876">
<properties>
<property name="Go To" value="Go to the page: &quot;https://www.saucedemo.com&quot;">
</property>
<property name="InputText" value="Fill &quot;Username:&quot; with the value: &quot;standard_user&quot;">
</property>
<property name="InputPassword" value="Fill: &quot;Password with value: *****&quot;">
</property>
<property name="Button" value="Click: &quot;Login&quot;">
</property>
<property name="Assert" value="Check URL Page equal to: &quot;https://www.saucedemo.com/inventory.html&quot;">
</property>
</properties>
</testcase>
</testsuite>
<testsuite name="Fixture-LambdaTest/loginLambdaTestFixture.spec.ts" timestamp="2024-07-17T03:47:51.635Z" hostname="chrome:latest:Windows 10@lambdatest" tests="1" failures="0" skipped="0" time="42.871" errors="0">
<testcase name="Login › Login with valid user load inventory page" classname="Fixture-LambdaTest/loginLambdaTestFixture.spec.ts" time="42.871">
<properties>
<property name="Go To" value="Go to the page: &quot;https://www.saucedemo.com&quot;">
</property>
<property name="InputText" value="Fill &quot;Username:&quot; with the value: &quot;standard_user&quot;">
</property>
<property name="InputPassword" value="Fill: &quot;Password with value: *****&quot;">
</property>
<property name="Button" value="Click: &quot;Login&quot;">
</property>
<property name="Assert" value="Check URL Page equal to: &quot;https://www.saucedemo.com/inventory.html&quot;">
</property>
</properties>
</testcase>
</testsuite>
<testsuite name="Accessibility/pageAccessibility.spec.ts" timestamp="2024-07-17T03:47:51.635Z" hostname="desktop-chromium" tests="3" failures="3" skipped="0" time="0.328" errors="0">
<testcase name="Test Accessibility By Page › Check Page accessibility" classname="Accessibility/pageAccessibility.spec.ts" time="0.111">
<properties>
<property name="Go To" value="Go to: undefined">
</property>
</properties>
<failure message="pageAccessibility.spec.ts:17:9 Check Page accessibility" type="FAILURE">
<![CDATA[  [desktop-chromium] › Accessibility/pageAccessibility.spec.ts:17:9 › Test Accessibility By Page › Check Page accessibility 

    Error: page.goto: url: expected string, got undefined

      21 |         const annotationHelper = new AnnotationHelper(page, pageToTest);
      22 |         annotationHelper.addAnnotation(AnnotationType.GoTo, 'Go to: ' + pageToTest);
    > 23 |         await page.goto(pageToTest);
         |                    ^
      24 |         await accessibilityHelper.checkAccessibility('CustomPage', annotationHelper.getAnnotations());
      25 |
      26 |     });

        at /home/runner/work/Playwright/Playwright/tests/Accessibility/pageAccessibility.spec.ts:23:20

    attachment #1: screenshot (image/png) ──────────────────────────────────────────────────────────
    test-results/Accessibility-pageAccessib-c4c16-ge-Check-Page-accessibility-desktop-chromium/test-failed-1.png
    ────────────────────────────────────────────────────────────────────────────────────────────────

    attachment #2: video (video/webm) ──────────────────────────────────────────────────────────────
    test-results/Accessibility-pageAccessib-c4c16-ge-Check-Page-accessibility-desktop-chromium/video.webm
    ────────────────────────────────────────────────────────────────────────────────────────────────

    attachment #3: trace (application/zip) ─────────────────────────────────────────────────────────
    test-results/Accessibility-pageAccessib-c4c16-ge-Check-Page-accessibility-desktop-chromium/trace.zip
    Usage:

        npx playwright show-trace test-results/Accessibility-pageAccessib-c4c16-ge-Check-Page-accessibility-desktop-chromium/trace.zip

    ────────────────────────────────────────────────────────────────────────────────────────────────
]]>
</failure>
<system-out>
<![CDATA[
[[ATTACHMENT|../test-results/Accessibility-pageAccessib-c4c16-ge-Check-Page-accessibility-desktop-chromium/test-failed-1.png]]

[[ATTACHMENT|../test-results/Accessibility-pageAccessib-c4c16-ge-Check-Page-accessibility-desktop-chromium/video.webm]]

[[ATTACHMENT|../test-results/Accessibility-pageAccessib-c4c16-ge-Check-Page-accessibility-desktop-chromium/trace.zip]]
]]>
</system-out>
</testcase>
<testcase name="Test Accessibility By Page › Check tab order" classname="Accessibility/pageAccessibility.spec.ts" time="0.107">
<properties>
<property name="Go To" value="Go to: undefined">
</property>
</properties>
<failure message="pageAccessibility.spec.ts:28:9 Check tab order" type="FAILURE">
<![CDATA[  [desktop-chromium] › Accessibility/pageAccessibility.spec.ts:28:9 › Test Accessibility By Page › Check tab order 

    Error: page.goto: url: expected string, got undefined

      32 |         const tabHelper = new TabHelper(page, keyPage);
      33 |         annotationHelper.addAnnotation(AnnotationType.GoTo, 'Go to: ' + pageToTest);
    > 34 |         await page.goto(pageToTest);
         |                    ^
      35 |         //Add a number and blue box to the element after press tab
      36 |         await tabHelper.showTabOrder();
      37 |         //Check that the tab is the same that the elements

        at /home/runner/work/Playwright/Playwright/tests/Accessibility/pageAccessibility.spec.ts:34:20

    attachment #1: screenshot (image/png) ──────────────────────────────────────────────────────────
    test-results/Accessibility-pageAccessib-bc5d8-ity-By-Page-Check-tab-order-desktop-chromium/test-failed-1.png
    ────────────────────────────────────────────────────────────────────────────────────────────────

    attachment #2: video (video/webm) ──────────────────────────────────────────────────────────────
    test-results/Accessibility-pageAccessib-bc5d8-ity-By-Page-Check-tab-order-desktop-chromium/video.webm
    ────────────────────────────────────────────────────────────────────────────────────────────────

    attachment #3: trace (application/zip) ─────────────────────────────────────────────────────────
    test-results/Accessibility-pageAccessib-bc5d8-ity-By-Page-Check-tab-order-desktop-chromium/trace.zip
    Usage:

        npx playwright show-trace test-results/Accessibility-pageAccessib-bc5d8-ity-By-Page-Check-tab-order-desktop-chromium/trace.zip

    ────────────────────────────────────────────────────────────────────────────────────────────────
]]>
</failure>
<system-out>
<![CDATA[
[[ATTACHMENT|../test-results/Accessibility-pageAccessib-bc5d8-ity-By-Page-Check-tab-order-desktop-chromium/test-failed-1.png]]

[[ATTACHMENT|../test-results/Accessibility-pageAccessib-bc5d8-ity-By-Page-Check-tab-order-desktop-chromium/video.webm]]

[[ATTACHMENT|../test-results/Accessibility-pageAccessib-bc5d8-ity-By-Page-Check-tab-order-desktop-chromium/trace.zip]]
]]>
</system-out>
</testcase>
<testcase name="Test Accessibility By Page › Check alt text &amp; aria-label" classname="Accessibility/pageAccessibility.spec.ts" time="0.11">
<properties>
<property name="Go To" value="Go to: undefined">
</property>
</properties>
<failure message="pageAccessibility.spec.ts:42:9 Check alt text &amp; aria-label" type="FAILURE">
<![CDATA[  [desktop-chromium] › Accessibility/pageAccessibility.spec.ts:42:9 › Test Accessibility By Page › Check alt text & aria-label 

    Error: page.goto: url: expected string, got undefined

      46 |         const altHelper = new AltHelper(page, keyPage, testInfo);
      47 |         annotationHelper.addAnnotation(AnnotationType.GoTo, 'Go to: ' + pageToTest);
    > 48 |         await page.goto(pageToTest);
         |                    ^
      49 |         //Check that images have alt text attribute
      50 |         await altHelper.checkAltText();
      51 |         //Generate a table with all alt texts

        at /home/runner/work/Playwright/Playwright/tests/Accessibility/pageAccessibility.spec.ts:48:20

    attachment #1: screenshot (image/png) ──────────────────────────────────────────────────────────
    test-results/Accessibility-pageAccessib-e1df0-e-Check-alt-text-aria-label-desktop-chromium/test-failed-1.png
    ────────────────────────────────────────────────────────────────────────────────────────────────

    attachment #2: video (video/webm) ──────────────────────────────────────────────────────────────
    test-results/Accessibility-pageAccessib-e1df0-e-Check-alt-text-aria-label-desktop-chromium/video.webm
    ────────────────────────────────────────────────────────────────────────────────────────────────

    attachment #3: trace (application/zip) ─────────────────────────────────────────────────────────
    test-results/Accessibility-pageAccessib-e1df0-e-Check-alt-text-aria-label-desktop-chromium/trace.zip
    Usage:

        npx playwright show-trace test-results/Accessibility-pageAccessib-e1df0-e-Check-alt-text-aria-label-desktop-chromium/trace.zip

    ────────────────────────────────────────────────────────────────────────────────────────────────
]]>
</failure>
<system-out>
<![CDATA[
[[ATTACHMENT|../test-results/Accessibility-pageAccessib-e1df0-e-Check-alt-text-aria-label-desktop-chromium/test-failed-1.png]]

[[ATTACHMENT|../test-results/Accessibility-pageAccessib-e1df0-e-Check-alt-text-aria-label-desktop-chromium/video.webm]]

[[ATTACHMENT|../test-results/Accessibility-pageAccessib-e1df0-e-Check-alt-text-aria-label-desktop-chromium/trace.zip]]
]]>
</system-out>
</testcase>
</testsuite>
<testsuite name="AI/login.spec.ts" timestamp="2024-07-17T03:47:51.635Z" hostname="desktop-chromium" tests="1" failures="0" skipped="0" time="6.173" errors="0">
<testcase name="AI Zero Step › Should show dashboard after login" classname="AI/login.spec.ts" time="6.173">
</testcase>
</testsuite>
<testsuite name="Api/addToCart.spec.ts" timestamp="2024-07-17T03:47:51.635Z" hostname="desktop-chromium" tests="1" failures="1" skipped="0" time="0.381" errors="0">
<testcase name="Contoso Traders › Should add an item to the cart" classname="Api/addToCart.spec.ts" time="0.381">
<properties>
<property name="Go To" value="Go to the page: &quot;https://cloudtesting.contosotraders.com&quot;">
</property>
</properties>
<failure message="addToCart.spec.ts:10:9 Should add an item to the cart" type="FAILURE">
<![CDATA[  [desktop-chromium] › Api/addToCart.spec.ts:10:9 › Contoso Traders › Should add an item to the cart › Go to the page: "https://cloudtesting.contosotraders.com" 

    Error: page.goto: net::ERR_NAME_NOT_RESOLVED at https://cloudtesting.contosotraders.com/
    Call log:
      - navigating to "https://cloudtesting.contosotraders.com/", waiting until "load"


       at ../pages/ContosoTraders/homePage.ts:24

      22 |         const url = process.env.CONTOSO_URL ?? 'https://cloudtesting.contosotraders.com';
      23 |         await this.addStepWithAnnotation(AnnotationType.GoTo, 'Go to the page: "' + url + '"', async () => {
    > 24 |             await this.page.goto(url);
         |                             ^
      25 |         });
      26 |     }
      27 |

        at /home/runner/work/Playwright/Playwright/pages/ContosoTraders/homePage.ts:24:29
        at HomePage.addStepWithAnnotation (/home/runner/work/Playwright/Playwright/pages/basePage.ts:55:31)
        at HomePage.goTo (/home/runner/work/Playwright/Playwright/pages/ContosoTraders/homePage.ts:23:20)
        at /home/runner/work/Playwright/Playwright/tests/Api/addToCart.spec.ts:12:24

    attachment #1: screenshot (image/png) ──────────────────────────────────────────────────────────
    test-results/Api-addToCart-Contoso-Traders-Should-add-an-item-to-the-cart-desktop-chromium/test-failed-1.png
    ────────────────────────────────────────────────────────────────────────────────────────────────

    attachment #2: video (video/webm) ──────────────────────────────────────────────────────────────
    test-results/Api-addToCart-Contoso-Traders-Should-add-an-item-to-the-cart-desktop-chromium/video.webm
    ────────────────────────────────────────────────────────────────────────────────────────────────

    attachment #3: trace (application/zip) ─────────────────────────────────────────────────────────
    test-results/Api-addToCart-Contoso-Traders-Should-add-an-item-to-the-cart-desktop-chromium/trace.zip
    Usage:

        npx playwright show-trace test-results/Api-addToCart-Contoso-Traders-Should-add-an-item-to-the-cart-desktop-chromium/trace.zip

    ────────────────────────────────────────────────────────────────────────────────────────────────

    Retry #1 ───────────────────────────────────────────────────────────────────────────────────────

    Error: page.goto: net::ERR_NAME_NOT_RESOLVED at https://cloudtesting.contosotraders.com/
    Call log:
      - navigating to "https://cloudtesting.contosotraders.com/", waiting until "load"


       at ../pages/ContosoTraders/homePage.ts:24

      22 |         const url = process.env.CONTOSO_URL ?? 'https://cloudtesting.contosotraders.com';
      23 |         await this.addStepWithAnnotation(AnnotationType.GoTo, 'Go to the page: "' + url + '"', async () => {
    > 24 |             await this.page.goto(url);
         |                             ^
      25 |         });
      26 |     }
      27 |

        at /home/runner/work/Playwright/Playwright/pages/ContosoTraders/homePage.ts:24:29
        at HomePage.addStepWithAnnotation (/home/runner/work/Playwright/Playwright/pages/basePage.ts:55:31)
        at HomePage.goTo (/home/runner/work/Playwright/Playwright/pages/ContosoTraders/homePage.ts:23:20)
        at /home/runner/work/Playwright/Playwright/tests/Api/addToCart.spec.ts:12:24

    attachment #1: screenshot (image/png) ──────────────────────────────────────────────────────────
    test-results/Api-addToCart-Contoso-Traders-Should-add-an-item-to-the-cart-desktop-chromium-retry1/test-failed-1.png
    ────────────────────────────────────────────────────────────────────────────────────────────────

    attachment #2: video (video/webm) ──────────────────────────────────────────────────────────────
    test-results/Api-addToCart-Contoso-Traders-Should-add-an-item-to-the-cart-desktop-chromium-retry1/video.webm
    ────────────────────────────────────────────────────────────────────────────────────────────────

    attachment #3: trace (application/zip) ─────────────────────────────────────────────────────────
    test-results/Api-addToCart-Contoso-Traders-Should-add-an-item-to-the-cart-desktop-chromium-retry1/trace.zip
    Usage:

        npx playwright show-trace test-results/Api-addToCart-Contoso-Traders-Should-add-an-item-to-the-cart-desktop-chromium-retry1/trace.zip

    ────────────────────────────────────────────────────────────────────────────────────────────────
]]>
</failure>
<system-out>
<![CDATA[
[[ATTACHMENT|../test-results/Api-addToCart-Contoso-Traders-Should-add-an-item-to-the-cart-desktop-chromium/test-failed-1.png]]

[[ATTACHMENT|../test-results/Api-addToCart-Contoso-Traders-Should-add-an-item-to-the-cart-desktop-chromium/video.webm]]

[[ATTACHMENT|../test-results/Api-addToCart-Contoso-Traders-Should-add-an-item-to-the-cart-desktop-chromium/trace.zip]]

[[ATTACHMENT|../test-results/Api-addToCart-Contoso-Traders-Should-add-an-item-to-the-cart-desktop-chromium-retry1/test-failed-1.png]]

[[ATTACHMENT|../test-results/Api-addToCart-Contoso-Traders-Should-add-an-item-to-the-cart-desktop-chromium-retry1/video.webm]]

[[ATTACHMENT|../test-results/Api-addToCart-Contoso-Traders-Should-add-an-item-to-the-cart-desktop-chromium-retry1/trace.zip]]
]]>
</system-out>
</testcase>
</testsuite>
<testsuite name="Api/servers.spec.ts" timestamp="2024-07-17T03:47:51.635Z" hostname="desktop-chromium" tests="2" failures="0" skipped="0" time="6.257" errors="0">
<testcase name="Servers › Should add a server" classname="Api/servers.spec.ts" time="3.086">
<properties>
<property name="Go To" value="Go to the servers page: &quot;https://effizientedemo.azurewebsites.net/Security/servers&quot;">
</property>
<property name="Button" value="Click: &quot;Add&quot;">
</property>
<property name="InputText" value="Fill &quot;Key:&quot; with the value: &quot;617885&quot;">
</property>
<property name="InputText" value="Fill &quot;Name:&quot; with the value: &quot;Carroll - Crist&quot;">
</property>
<property name="InputText" value="Fill &quot;Url:&quot; with the value: &quot;https://broken-infarction.name&quot;">
</property>
<property name="Button" value="Click: &quot;Save&quot;">
</property>
<property name="Assert" value="Success message is visible">
</property>
<property name="Assert" value="Server id should be a number greater than 1">
</property>
<property name="Assert" value="Server with the key: &quot;617885&quot; exists in the table">
</property>
<property name="Assert" value="The server name for the key: &quot;617885&quot; is: &quot;Carroll - Crist&quot;">
</property>
<property name="Assert" value="The server url for the key: &quot;617885&quot; is: &quot;https://broken-infarction.name&quot;">
</property>
</properties>
<system-out>
<![CDATA[index:2
]]>
</system-out>
</testcase>
<testcase name="Servers › Should edit a server" classname="Api/servers.spec.ts" time="3.171">
<properties>
<property name="Go To" value="Go to the servers page: &quot;https://effizientedemo.azurewebsites.net/Security/servers&quot;">
</property>
<property name="Step" value="Create server with API">
</property>
<property name="Go To" value="Go to the servers page: &quot;https://effizientedemo.azurewebsites.net/Security/servers&quot;">
</property>
<property name="InputText" value="Fill &quot;key:&quot; with the value: &quot;26177&quot;">
</property>
<property name="InputText" value="Fill &quot;Name:&quot; with the value: &quot;Kshlerin - Ratke&quot;">
</property>
<property name="InputText" value="Fill &quot;Url:&quot; with the value: &quot;https://medium-still.net/&quot;">
</property>
<property name="Button" value="Click: &quot;Save&quot;">
</property>
<property name="Assert" value="Success message is visible">
</property>
<property name="Assert" value="Server with the key: &quot;26177&quot; exists in the table">
</property>
<property name="Assert" value="The server name for the key: &quot;26177&quot; is: &quot;Kshlerin - Ratke&quot;">
</property>
<property name="Assert" value="The server url for the key: &quot;26177&quot; is: &quot;https://medium-still.net/&quot;">
</property>
</properties>
<system-out>
<![CDATA[index:2
]]>
</system-out>
</testcase>
</testsuite>
<testsuite name="Basic/login.spec.ts" timestamp="2024-07-17T03:47:51.635Z" hostname="desktop-chromium" tests="1" failures="0" skipped="0" time="0.703" errors="0">
<testcase name="Login › Login with valid user load inventory page" classname="Basic/login.spec.ts" time="0.703">
<properties>
<property name="Go To" value="Go to the page: &quot;https://www.saucedemo.com&quot;">
</property>
<property name="InputText" value="Fill &quot;Username:&quot; with the value: &quot;standard_user&quot;">
</property>
<property name="InputPassword" value="Fill: &quot;Password with value: *****&quot;">
</property>
<property name="Button" value="Click: &quot;Login&quot;">
</property>
<property name="Assert" value="Check URL Page is equal to: &quot;https://www.saucedemo.com/inventory.html&quot;">
</property>
</properties>
</testcase>
</testsuite>
<testsuite name="Basic/menu.spec.ts" timestamp="2024-07-17T03:47:51.635Z" hostname="desktop-chromium" tests="2" failures="0" skipped="0" time="4.781" errors="0">
<testcase name="Normal user › Should returns user menu" classname="Basic/menu.spec.ts" time="2.18">
<properties>
<property name="Go To" value="Go to the page: &quot;https://effizientedemo.azurewebsites.net/AccountsReceivable/dashboard&quot;">
</property>
<property name="PirmeFacesMenu" value="Get top menus">
</property>
<property name="Assert" value="Menu are equal to: &quot;AccountsReceivable,Config&quot;">
</property>
</properties>
</testcase>
<testcase name="Admin user › Should returns admin menu" classname="Basic/menu.spec.ts" time="2.601">
<properties>
<property name="Go To" value="Go to the page: &quot;https://effizientedemo.azurewebsites.net/AccountsReceivable/dashboard&quot;">
</property>
<property name="PirmeFacesMenu" value="Get top menus">
</property>
<property name="Assert" value="Menu are equal to: &quot;AccountsReceivable,Security,Config&quot;">
</property>
</properties>
</testcase>
</testsuite>
<testsuite name="Excel/exportServers.spec.ts" timestamp="2024-07-17T03:47:51.635Z" hostname="desktop-chromium" tests="1" failures="0" skipped="0" time="1.677" errors="0">
<testcase name="Servers › Should export servers to excel" classname="Excel/exportServers.spec.ts" time="1.677">
<properties>
<property name="Go To" value="Go to the servers page: &quot;https://effizientedemo.azurewebsites.net/Security/servers&quot;">
</property>
<property name="ButtonExcel" value="Click: &quot;Export to Excel&quot;">
</property>
<property name="Assert" value="The excel file rows are equal to the grid rows">
</property>
</properties>
<system-out>
<![CDATA[
[[ATTACHMENT|../test-results/Excel-exportServers-Servers-Should-export-servers-to-excel-desktop-chromium/attachments/servers-xlsx-b45414d1440b649c23868d9b19e0f22e5f012826.xlsx]]
]]>
</system-out>
</testcase>
</testsuite>
<testsuite name="Fixture-LambdaTest/loginLambdaTestFixture.spec.ts" timestamp="2024-07-17T03:47:51.635Z" hostname="desktop-chromium" tests="1" failures="0" skipped="0" time="0.576" errors="0">
<testcase name="Login › Login with valid user load inventory page" classname="Fixture-LambdaTest/loginLambdaTestFixture.spec.ts" time="0.576">
<properties>
<property name="Go To" value="Go to the page: &quot;https://www.saucedemo.com&quot;">
</property>
<property name="InputText" value="Fill &quot;Username:&quot; with the value: &quot;standard_user&quot;">
</property>
<property name="InputPassword" value="Fill: &quot;Password with value: *****&quot;">
</property>
<property name="Button" value="Click: &quot;Login&quot;">
</property>
<property name="Assert" value="Check URL Page equal to: &quot;https://www.saucedemo.com/inventory.html&quot;">
</property>
</properties>
</testcase>
</testsuite>
<testsuite name="LocaleGeo/bingMaps.spec.ts" timestamp="2024-07-17T03:47:51.635Z" hostname="desktop-chromium" tests="1" failures="0" skipped="0" time="4.208" errors="0">
<testcase name="Geo Location Test › The bing maps is located to munich" classname="LocaleGeo/bingMaps.spec.ts" time="4.208">
<properties>
<property name="Go To" value="Go to the page: &quot;https://www.bing.com/maps&quot;">
</property>
<property name="Button" value="Click: &quot;button.locateMeBtn&quot;">
</property>
<property name="Button" value="Click: &quot;button.geochainUncollapse&quot;">
</property>
<property name="Assert" value="Geo name is equal to:GermanyBavariaMunich (District)">
</property>
</properties>
</testcase>
</testsuite>
<testsuite name="LocaleGeo/searchLocale.spec.ts" timestamp="2024-07-17T03:47:51.635Z" hostname="desktop-chromium" tests="1" failures="0" skipped="0" time="0.961" errors="0">
<testcase name="Locale translations › Translations with locale and time zone id" classname="LocaleGeo/searchLocale.spec.ts" time="0.961">
<properties>
<property name="Go To" value="Go to the page: &quot;https://www.google.com&quot;">
</property>
<property name="Assert" value="Search button text is equal to: &quot;Buscar con Google&quot;">
</property>
</properties>
</testcase>
</testsuite>
<testsuite name="Synthetic/login.spec.ts" timestamp="2024-07-17T03:47:51.635Z" hostname="desktop-chromium" tests="1" failures="0" skipped="0" time="3.603" errors="0">
<testcase name="Synthetic login testing › Should show dashboard" classname="Synthetic/login.spec.ts" time="3.603">
</testcase>
</testsuite>
<testsuite name="Synthetic/menu.spec.ts" timestamp="2024-07-17T03:47:51.635Z" hostname="desktop-chromium" tests="1" failures="0" skipped="0" time="2.959" errors="0">
<testcase name="Synthetic testing › Should show dashboard" classname="Synthetic/menu.spec.ts" time="2.959">
<properties>
<property name="Navigation" value="Go to:https://effizientedemo.azurewebsites.net">
</property>
</properties>
</testcase>
</testsuite>
<testsuite name="VisualTesting/dashboard.spec.ts" timestamp="2024-07-17T03:47:51.635Z" hostname="desktop-chromium" tests="1" failures="0" skipped="0" time="2.254" errors="0">
<testcase name="Check Dashboard › Should show dashboard" classname="VisualTesting/dashboard.spec.ts" time="2.254">
<properties>
<property name="Mock" value="Modify the summary with fixed data">
</property>
<property name="Mock" value="Modify the &quot;Sumary Expiration&quot; with fixed data">
</property>
<property name="Mock" value="Modify the &quot;Top 5 delay&quot; with fixed data">
</property>
<property name="Mock" value="Modify the &quot;Top 5 total&quot; with fixed data">
</property>
<property name="Mock" value="Modify the &quot;Top 5 type&quot; with fixed data">
</property>
<property name="Mock" value="Modify the &quot;Top 10 Limit 1&quot; with fixed data">
</property>
<property name="Mock" value="Modify the &quot;Top 10 Limit 2&quot; with fixed data">
</property>
<property name="Mock" value="Modify the &quot;Top 10 Limit 3&quot; with fixed data">
</property>
<property name="Mock" value="Modify the &quot;Top 10 To Expire&quot; with fixed data">
</property>
<property name="Go To" value="Go to the page: &quot;https://effizientedemo.azurewebsites.net/AccountsReceivable/dashboard&quot;">
</property>
<property name="Step" value="Compare snapshot: dashboard.png with maxDiffPixelsRatio: 0.1">
</property>
</properties>
</testcase>
</testsuite>
<testsuite name="Accessibility/pageAccessibility.spec.ts" timestamp="2024-07-17T03:47:51.635Z" hostname="desktop-firefox" tests="3" failures="3" skipped="0" time="2.761" errors="0">
<testcase name="Test Accessibility By Page › Check Page accessibility" classname="Accessibility/pageAccessibility.spec.ts" time="0.985">
<properties>
<property name="Go To" value="Go to: undefined">
</property>
</properties>
<failure message="pageAccessibility.spec.ts:17:9 Check Page accessibility" type="FAILURE">
<![CDATA[  [desktop-firefox] › Accessibility/pageAccessibility.spec.ts:17:9 › Test Accessibility By Page › Check Page accessibility 

    Error: page.goto: url: expected string, got undefined

      21 |         const annotationHelper = new AnnotationHelper(page, pageToTest);
      22 |         annotationHelper.addAnnotation(AnnotationType.GoTo, 'Go to: ' + pageToTest);
    > 23 |         await page.goto(pageToTest);
         |                    ^
      24 |         await accessibilityHelper.checkAccessibility('CustomPage', annotationHelper.getAnnotations());
      25 |
      26 |     });

        at /home/runner/work/Playwright/Playwright/tests/Accessibility/pageAccessibility.spec.ts:23:20

    attachment #1: screenshot (image/png) ──────────────────────────────────────────────────────────
    test-results/Accessibility-pageAccessib-c4c16-ge-Check-Page-accessibility-desktop-firefox/test-failed-1.png
    ────────────────────────────────────────────────────────────────────────────────────────────────

    attachment #2: video (video/webm) ──────────────────────────────────────────────────────────────
    test-results/Accessibility-pageAccessib-c4c16-ge-Check-Page-accessibility-desktop-firefox/video.webm
    ────────────────────────────────────────────────────────────────────────────────────────────────

    attachment #3: trace (application/zip) ─────────────────────────────────────────────────────────
    test-results/Accessibility-pageAccessib-c4c16-ge-Check-Page-accessibility-desktop-firefox/trace.zip
    Usage:

        npx playwright show-trace test-results/Accessibility-pageAccessib-c4c16-ge-Check-Page-accessibility-desktop-firefox/trace.zip

    ────────────────────────────────────────────────────────────────────────────────────────────────
]]>
</failure>
<system-out>
<![CDATA[
[[ATTACHMENT|../test-results/Accessibility-pageAccessib-c4c16-ge-Check-Page-accessibility-desktop-firefox/test-failed-1.png]]

[[ATTACHMENT|../test-results/Accessibility-pageAccessib-c4c16-ge-Check-Page-accessibility-desktop-firefox/video.webm]]

[[ATTACHMENT|../test-results/Accessibility-pageAccessib-c4c16-ge-Check-Page-accessibility-desktop-firefox/trace.zip]]
]]>
</system-out>
</testcase>
<testcase name="Test Accessibility By Page › Check tab order" classname="Accessibility/pageAccessibility.spec.ts" time="0.885">
<properties>
<property name="Go To" value="Go to: undefined">
</property>
</properties>
<failure message="pageAccessibility.spec.ts:28:9 Check tab order" type="FAILURE">
<![CDATA[  [desktop-firefox] › Accessibility/pageAccessibility.spec.ts:28:9 › Test Accessibility By Page › Check tab order 

    Error: page.goto: url: expected string, got undefined

      32 |         const tabHelper = new TabHelper(page, keyPage);
      33 |         annotationHelper.addAnnotation(AnnotationType.GoTo, 'Go to: ' + pageToTest);
    > 34 |         await page.goto(pageToTest);
         |                    ^
      35 |         //Add a number and blue box to the element after press tab
      36 |         await tabHelper.showTabOrder();
      37 |         //Check that the tab is the same that the elements

        at /home/runner/work/Playwright/Playwright/tests/Accessibility/pageAccessibility.spec.ts:34:20

    attachment #1: screenshot (image/png) ──────────────────────────────────────────────────────────
    test-results/Accessibility-pageAccessib-bc5d8-ity-By-Page-Check-tab-order-desktop-firefox/test-failed-1.png
    ────────────────────────────────────────────────────────────────────────────────────────────────

    attachment #2: video (video/webm) ──────────────────────────────────────────────────────────────
    test-results/Accessibility-pageAccessib-bc5d8-ity-By-Page-Check-tab-order-desktop-firefox/video.webm
    ────────────────────────────────────────────────────────────────────────────────────────────────

    attachment #3: trace (application/zip) ─────────────────────────────────────────────────────────
    test-results/Accessibility-pageAccessib-bc5d8-ity-By-Page-Check-tab-order-desktop-firefox/trace.zip
    Usage:

        npx playwright show-trace test-results/Accessibility-pageAccessib-bc5d8-ity-By-Page-Check-tab-order-desktop-firefox/trace.zip

    ────────────────────────────────────────────────────────────────────────────────────────────────
]]>
</failure>
<system-out>
<![CDATA[
[[ATTACHMENT|../test-results/Accessibility-pageAccessib-bc5d8-ity-By-Page-Check-tab-order-desktop-firefox/test-failed-1.png]]

[[ATTACHMENT|../test-results/Accessibility-pageAccessib-bc5d8-ity-By-Page-Check-tab-order-desktop-firefox/video.webm]]

[[ATTACHMENT|../test-results/Accessibility-pageAccessib-bc5d8-ity-By-Page-Check-tab-order-desktop-firefox/trace.zip]]
]]>
</system-out>
</testcase>
<testcase name="Test Accessibility By Page › Check alt text &amp; aria-label" classname="Accessibility/pageAccessibility.spec.ts" time="0.891">
<properties>
<property name="Go To" value="Go to: undefined">
</property>
</properties>
<failure message="pageAccessibility.spec.ts:42:9 Check alt text &amp; aria-label" type="FAILURE">
<![CDATA[  [desktop-firefox] › Accessibility/pageAccessibility.spec.ts:42:9 › Test Accessibility By Page › Check alt text & aria-label 

    Error: page.goto: url: expected string, got undefined

      46 |         const altHelper = new AltHelper(page, keyPage, testInfo);
      47 |         annotationHelper.addAnnotation(AnnotationType.GoTo, 'Go to: ' + pageToTest);
    > 48 |         await page.goto(pageToTest);
         |                    ^
      49 |         //Check that images have alt text attribute
      50 |         await altHelper.checkAltText();
      51 |         //Generate a table with all alt texts

        at /home/runner/work/Playwright/Playwright/tests/Accessibility/pageAccessibility.spec.ts:48:20

    attachment #1: screenshot (image/png) ──────────────────────────────────────────────────────────
    test-results/Accessibility-pageAccessib-e1df0-e-Check-alt-text-aria-label-desktop-firefox/test-failed-1.png
    ────────────────────────────────────────────────────────────────────────────────────────────────

    attachment #2: video (video/webm) ──────────────────────────────────────────────────────────────
    test-results/Accessibility-pageAccessib-e1df0-e-Check-alt-text-aria-label-desktop-firefox/video.webm
    ────────────────────────────────────────────────────────────────────────────────────────────────

    attachment #3: trace (application/zip) ─────────────────────────────────────────────────────────
    test-results/Accessibility-pageAccessib-e1df0-e-Check-alt-text-aria-label-desktop-firefox/trace.zip
    Usage:

        npx playwright show-trace test-results/Accessibility-pageAccessib-e1df0-e-Check-alt-text-aria-label-desktop-firefox/trace.zip

    ────────────────────────────────────────────────────────────────────────────────────────────────
]]>
</failure>
<system-out>
<![CDATA[
[[ATTACHMENT|../test-results/Accessibility-pageAccessib-e1df0-e-Check-alt-text-aria-label-desktop-firefox/test-failed-1.png]]

[[ATTACHMENT|../test-results/Accessibility-pageAccessib-e1df0-e-Check-alt-text-aria-label-desktop-firefox/video.webm]]

[[ATTACHMENT|../test-results/Accessibility-pageAccessib-e1df0-e-Check-alt-text-aria-label-desktop-firefox/trace.zip]]
]]>
</system-out>
</testcase>
</testsuite>
<testsuite name="AI/login.spec.ts" timestamp="2024-07-17T03:47:51.635Z" hostname="desktop-firefox" tests="1" failures="0" skipped="1" time="1.109" errors="0">
<testcase name="AI Zero Step › Should show dashboard after login" classname="AI/login.spec.ts" time="1.109">
<properties>
<property name="skip" value="Zero Steps only works in chromium">
</property>
</properties>
<skipped>
</skipped>
</testcase>
</testsuite>
<testsuite name="Api/addToCart.spec.ts" timestamp="2024-07-17T03:47:51.635Z" hostname="desktop-firefox" tests="1" failures="1" skipped="0" time="1.537" errors="0">
<testcase name="Contoso Traders › Should add an item to the cart" classname="Api/addToCart.spec.ts" time="1.537">
<properties>
<property name="Go To" value="Go to the page: &quot;https://cloudtesting.contosotraders.com&quot;">
</property>
</properties>
<failure message="addToCart.spec.ts:10:9 Should add an item to the cart" type="FAILURE">
<![CDATA[  [desktop-firefox] › Api/addToCart.spec.ts:10:9 › Contoso Traders › Should add an item to the cart › Go to the page: "https://cloudtesting.contosotraders.com" 

    Error: page.goto: NS_ERROR_UNKNOWN_HOST
    Call log:
      - navigating to "https://cloudtesting.contosotraders.com/", waiting until "load"


       at ../pages/ContosoTraders/homePage.ts:24

      22 |         const url = process.env.CONTOSO_URL ?? 'https://cloudtesting.contosotraders.com';
      23 |         await this.addStepWithAnnotation(AnnotationType.GoTo, 'Go to the page: "' + url + '"', async () => {
    > 24 |             await this.page.goto(url);
         |                             ^
      25 |         });
      26 |     }
      27 |

        at /home/runner/work/Playwright/Playwright/pages/ContosoTraders/homePage.ts:24:29
        at HomePage.addStepWithAnnotation (/home/runner/work/Playwright/Playwright/pages/basePage.ts:55:31)
        at HomePage.goTo (/home/runner/work/Playwright/Playwright/pages/ContosoTraders/homePage.ts:23:20)
        at /home/runner/work/Playwright/Playwright/tests/Api/addToCart.spec.ts:12:24

    attachment #1: screenshot (image/png) ──────────────────────────────────────────────────────────
    test-results/Api-addToCart-Contoso-Traders-Should-add-an-item-to-the-cart-desktop-firefox/test-failed-1.png
    ────────────────────────────────────────────────────────────────────────────────────────────────

    attachment #2: video (video/webm) ──────────────────────────────────────────────────────────────
    test-results/Api-addToCart-Contoso-Traders-Should-add-an-item-to-the-cart-desktop-firefox/video.webm
    ────────────────────────────────────────────────────────────────────────────────────────────────

    attachment #3: trace (application/zip) ─────────────────────────────────────────────────────────
    test-results/Api-addToCart-Contoso-Traders-Should-add-an-item-to-the-cart-desktop-firefox/trace.zip
    Usage:

        npx playwright show-trace test-results/Api-addToCart-Contoso-Traders-Should-add-an-item-to-the-cart-desktop-firefox/trace.zip

    ────────────────────────────────────────────────────────────────────────────────────────────────

    Retry #1 ───────────────────────────────────────────────────────────────────────────────────────

    Error: page.goto: NS_ERROR_UNKNOWN_HOST
    Call log:
      - navigating to "https://cloudtesting.contosotraders.com/", waiting until "load"


       at ../pages/ContosoTraders/homePage.ts:24

      22 |         const url = process.env.CONTOSO_URL ?? 'https://cloudtesting.contosotraders.com';
      23 |         await this.addStepWithAnnotation(AnnotationType.GoTo, 'Go to the page: "' + url + '"', async () => {
    > 24 |             await this.page.goto(url);
         |                             ^
      25 |         });
      26 |     }
      27 |

        at /home/runner/work/Playwright/Playwright/pages/ContosoTraders/homePage.ts:24:29
        at HomePage.addStepWithAnnotation (/home/runner/work/Playwright/Playwright/pages/basePage.ts:55:31)
        at HomePage.goTo (/home/runner/work/Playwright/Playwright/pages/ContosoTraders/homePage.ts:23:20)
        at /home/runner/work/Playwright/Playwright/tests/Api/addToCart.spec.ts:12:24

    attachment #1: screenshot (image/png) ──────────────────────────────────────────────────────────
    test-results/Api-addToCart-Contoso-Traders-Should-add-an-item-to-the-cart-desktop-firefox-retry1/test-failed-1.png
    ────────────────────────────────────────────────────────────────────────────────────────────────

    attachment #2: video (video/webm) ──────────────────────────────────────────────────────────────
    test-results/Api-addToCart-Contoso-Traders-Should-add-an-item-to-the-cart-desktop-firefox-retry1/video.webm
    ────────────────────────────────────────────────────────────────────────────────────────────────

    attachment #3: trace (application/zip) ─────────────────────────────────────────────────────────
    test-results/Api-addToCart-Contoso-Traders-Should-add-an-item-to-the-cart-desktop-firefox-retry1/trace.zip
    Usage:

        npx playwright show-trace test-results/Api-addToCart-Contoso-Traders-Should-add-an-item-to-the-cart-desktop-firefox-retry1/trace.zip

    ────────────────────────────────────────────────────────────────────────────────────────────────
]]>
</failure>
<system-out>
<![CDATA[
[[ATTACHMENT|../test-results/Api-addToCart-Contoso-Traders-Should-add-an-item-to-the-cart-desktop-firefox/test-failed-1.png]]

[[ATTACHMENT|../test-results/Api-addToCart-Contoso-Traders-Should-add-an-item-to-the-cart-desktop-firefox/video.webm]]

[[ATTACHMENT|../test-results/Api-addToCart-Contoso-Traders-Should-add-an-item-to-the-cart-desktop-firefox/trace.zip]]

[[ATTACHMENT|../test-results/Api-addToCart-Contoso-Traders-Should-add-an-item-to-the-cart-desktop-firefox-retry1/test-failed-1.png]]

[[ATTACHMENT|../test-results/Api-addToCart-Contoso-Traders-Should-add-an-item-to-the-cart-desktop-firefox-retry1/video.webm]]

[[ATTACHMENT|../test-results/Api-addToCart-Contoso-Traders-Should-add-an-item-to-the-cart-desktop-firefox-retry1/trace.zip]]
]]>
</system-out>
</testcase>
</testsuite>
<testsuite name="Api/servers.spec.ts" timestamp="2024-07-17T03:47:51.635Z" hostname="desktop-firefox" tests="2" failures="0" skipped="0" time="10.482" errors="0">
<testcase name="Servers › Should add a server" classname="Api/servers.spec.ts" time="4.553">
<properties>
<property name="Go To" value="Go to the servers page: &quot;https://effizientedemo.azurewebsites.net/Security/servers&quot;">
</property>
<property name="Button" value="Click: &quot;Add&quot;">
</property>
<property name="InputText" value="Fill &quot;Key:&quot; with the value: &quot;611102&quot;">
</property>
<property name="InputText" value="Fill &quot;Name:&quot; with the value: &quot;Schamberger - Morar&quot;">
</property>
<property name="InputText" value="Fill &quot;Url:&quot; with the value: &quot;https://creative-screamer.net&quot;">
</property>
<property name="Button" value="Click: &quot;Save&quot;">
</property>
<property name="Assert" value="Success message is visible">
</property>
<property name="Assert" value="Server id should be a number greater than 1">
</property>
<property name="Assert" value="Server with the key: &quot;611102&quot; exists in the table">
</property>
<property name="Assert" value="The server name for the key: &quot;611102&quot; is: &quot;Schamberger - Morar&quot;">
</property>
<property name="Assert" value="The server url for the key: &quot;611102&quot; is: &quot;https://creative-screamer.net&quot;">
</property>
</properties>
<system-out>
<![CDATA[index:2
]]>
</system-out>
</testcase>
<testcase name="Servers › Should edit a server" classname="Api/servers.spec.ts" time="5.929">
<properties>
<property name="Go To" value="Go to the servers page: &quot;https://effizientedemo.azurewebsites.net/Security/servers&quot;">
</property>
<property name="Step" value="Create server with API">
</property>
<property name="Go To" value="Go to the servers page: &quot;https://effizientedemo.azurewebsites.net/Security/servers&quot;">
</property>
<property name="InputText" value="Fill &quot;key:&quot; with the value: &quot;77862&quot;">
</property>
<property name="InputText" value="Fill &quot;Name:&quot; with the value: &quot;Kutch, Hoeger and Bogisich&quot;">
</property>
<property name="InputText" value="Fill &quot;Url:&quot; with the value: &quot;https://female-clan.com&quot;">
</property>
<property name="Button" value="Click: &quot;Save&quot;">
</property>
<property name="Assert" value="Success message is visible">
</property>
<property name="Assert" value="Server with the key: &quot;77862&quot; exists in the table">
</property>
<property name="Assert" value="The server name for the key: &quot;77862&quot; is: &quot;Kutch, Hoeger and Bogisich&quot;">
</property>
<property name="Assert" value="The server url for the key: &quot;77862&quot; is: &quot;https://female-clan.com&quot;">
</property>
</properties>
<system-out>
<![CDATA[index:2
]]>
</system-out>
</testcase>
</testsuite>
<testsuite name="Basic/login.spec.ts" timestamp="2024-07-17T03:47:51.635Z" hostname="desktop-firefox" tests="1" failures="0" skipped="0" time="1.226" errors="0">
<testcase name="Login › Login with valid user load inventory page" classname="Basic/login.spec.ts" time="1.226">
<properties>
<property name="Go To" value="Go to the page: &quot;https://www.saucedemo.com&quot;">
</property>
<property name="InputText" value="Fill &quot;Username:&quot; with the value: &quot;standard_user&quot;">
</property>
<property name="InputPassword" value="Fill: &quot;Password with value: *****&quot;">
</property>
<property name="Button" value="Click: &quot;Login&quot;">
</property>
<property name="Assert" value="Check URL Page is equal to: &quot;https://www.saucedemo.com/inventory.html&quot;">
</property>
</properties>
</testcase>
</testsuite>
<testsuite name="Basic/menu.spec.ts" timestamp="2024-07-17T03:47:51.635Z" hostname="desktop-firefox" tests="2" failures="0" skipped="0" time="6.088" errors="0">
<testcase name="Normal user › Should returns user menu" classname="Basic/menu.spec.ts" time="2.897">
<properties>
<property name="Go To" value="Go to the page: &quot;https://effizientedemo.azurewebsites.net/AccountsReceivable/dashboard&quot;">
</property>
<property name="PirmeFacesMenu" value="Get top menus">
</property>
<property name="Assert" value="Menu are equal to: &quot;AccountsReceivable,Config&quot;">
</property>
</properties>
</testcase>
<testcase name="Admin user › Should returns admin menu" classname="Basic/menu.spec.ts" time="3.191">
<properties>
<property name="Go To" value="Go to the page: &quot;https://effizientedemo.azurewebsites.net/AccountsReceivable/dashboard&quot;">
</property>
<property name="PirmeFacesMenu" value="Get top menus">
</property>
<property name="Assert" value="Menu are equal to: &quot;AccountsReceivable,Security,Config&quot;">
</property>
</properties>
</testcase>
</testsuite>
<testsuite name="Excel/exportServers.spec.ts" timestamp="2024-07-17T03:47:51.635Z" hostname="desktop-firefox" tests="1" failures="0" skipped="0" time="2.669" errors="0">
<testcase name="Servers › Should export servers to excel" classname="Excel/exportServers.spec.ts" time="2.669">
<properties>
<property name="Go To" value="Go to the servers page: &quot;https://effizientedemo.azurewebsites.net/Security/servers&quot;">
</property>
<property name="ButtonExcel" value="Click: &quot;Export to Excel&quot;">
</property>
<property name="Assert" value="The excel file rows are equal to the grid rows">
</property>
</properties>
<system-out>
<![CDATA[
[[ATTACHMENT|../test-results/Excel-exportServers-Servers-Should-export-servers-to-excel-desktop-firefox/attachments/servers-xlsx-b45414d1440b649c23868d9b19e0f22e5f012826.xlsx]]
]]>
</system-out>
</testcase>
</testsuite>
<testsuite name="Fixture-LambdaTest/loginLambdaTestFixture.spec.ts" timestamp="2024-07-17T03:47:51.635Z" hostname="desktop-firefox" tests="1" failures="0" skipped="0" time="0.788" errors="0">
<testcase name="Login › Login with valid user load inventory page" classname="Fixture-LambdaTest/loginLambdaTestFixture.spec.ts" time="0.788">
<properties>
<property name="Go To" value="Go to the page: &quot;https://www.saucedemo.com&quot;">
</property>
<property name="InputText" value="Fill &quot;Username:&quot; with the value: &quot;standard_user&quot;">
</property>
<property name="InputPassword" value="Fill: &quot;Password with value: *****&quot;">
</property>
<property name="Button" value="Click: &quot;Login&quot;">
</property>
<property name="Assert" value="Check URL Page equal to: &quot;https://www.saucedemo.com/inventory.html&quot;">
</property>
</properties>
</testcase>
</testsuite>
<testsuite name="LocaleGeo/bingMaps.spec.ts" timestamp="2024-07-17T03:47:51.635Z" hostname="desktop-firefox" tests="1" failures="0" skipped="1" time="0.323" errors="0">
<testcase name="Geo Location Test › The bing maps is located to munich" classname="LocaleGeo/bingMaps.spec.ts" time="0.323">
<properties>
<property name="skip" value="Geolocation not work in firefox">
</property>
</properties>
<skipped>
</skipped>
</testcase>
</testsuite>
<testsuite name="LocaleGeo/searchLocale.spec.ts" timestamp="2024-07-17T03:47:51.635Z" hostname="desktop-firefox" tests="1" failures="0" skipped="0" time="1.536" errors="0">
<testcase name="Locale translations › Translations with locale and time zone id" classname="LocaleGeo/searchLocale.spec.ts" time="1.536">
<properties>
<property name="Go To" value="Go to the page: &quot;https://www.google.com&quot;">
</property>
<property name="Assert" value="Search button text is equal to: &quot;Buscar con Google&quot;">
</property>
</properties>
</testcase>
</testsuite>
<testsuite name="Synthetic/login.spec.ts" timestamp="2024-07-17T03:47:51.635Z" hostname="desktop-firefox" tests="1" failures="0" skipped="0" time="3.42" errors="0">
<testcase name="Synthetic login testing › Should show dashboard" classname="Synthetic/login.spec.ts" time="3.42">
</testcase>
</testsuite>
<testsuite name="Synthetic/menu.spec.ts" timestamp="2024-07-17T03:47:51.635Z" hostname="desktop-firefox" tests="1" failures="0" skipped="0" time="4.269" errors="0">
<testcase name="Synthetic testing › Should show dashboard" classname="Synthetic/menu.spec.ts" time="4.269">
<properties>
<property name="Navigation" value="Go to:https://effizientedemo.azurewebsites.net">
</property>
</properties>
</testcase>
</testsuite>
<testsuite name="VisualTesting/dashboard.spec.ts" timestamp="2024-07-17T03:47:51.635Z" hostname="desktop-firefox" tests="1" failures="0" skipped="0" time="3.117" errors="0">
<testcase name="Check Dashboard › Should show dashboard" classname="VisualTesting/dashboard.spec.ts" time="3.117">
<properties>
<property name="Mock" value="Modify the summary with fixed data">
</property>
<property name="Mock" value="Modify the &quot;Sumary Expiration&quot; with fixed data">
</property>
<property name="Mock" value="Modify the &quot;Top 5 delay&quot; with fixed data">
</property>
<property name="Mock" value="Modify the &quot;Top 5 total&quot; with fixed data">
</property>
<property name="Mock" value="Modify the &quot;Top 5 type&quot; with fixed data">
</property>
<property name="Mock" value="Modify the &quot;Top 10 Limit 1&quot; with fixed data">
</property>
<property name="Mock" value="Modify the &quot;Top 10 Limit 2&quot; with fixed data">
</property>
<property name="Mock" value="Modify the &quot;Top 10 Limit 3&quot; with fixed data">
</property>
<property name="Mock" value="Modify the &quot;Top 10 To Expire&quot; with fixed data">
</property>
<property name="Go To" value="Go to the page: &quot;https://effizientedemo.azurewebsites.net/AccountsReceivable/dashboard&quot;">
</property>
<property name="Step" value="Compare snapshot: dashboard.png with maxDiffPixelsRatio: 0.1">
</property>
</properties>
</testcase>
</testsuite>
<testsuite name="Accessibility/pageAccessibility.spec.ts" timestamp="2024-07-17T03:47:51.635Z" hostname="desktop-webkit" tests="3" failures="3" skipped="0" time="1.031" errors="0">
<testcase name="Test Accessibility By Page › Check Page accessibility" classname="Accessibility/pageAccessibility.spec.ts" time="0.394">
<properties>
<property name="Go To" value="Go to: undefined">
</property>
</properties>
<failure message="pageAccessibility.spec.ts:17:9 Check Page accessibility" type="FAILURE">
<![CDATA[  [desktop-webkit] › Accessibility/pageAccessibility.spec.ts:17:9 › Test Accessibility By Page › Check Page accessibility 

    Error: page.goto: url: expected string, got undefined

      21 |         const annotationHelper = new AnnotationHelper(page, pageToTest);
      22 |         annotationHelper.addAnnotation(AnnotationType.GoTo, 'Go to: ' + pageToTest);
    > 23 |         await page.goto(pageToTest);
         |                    ^
      24 |         await accessibilityHelper.checkAccessibility('CustomPage', annotationHelper.getAnnotations());
      25 |
      26 |     });

        at /home/runner/work/Playwright/Playwright/tests/Accessibility/pageAccessibility.spec.ts:23:20

    attachment #1: screenshot (image/png) ──────────────────────────────────────────────────────────
    test-results/Accessibility-pageAccessib-c4c16-ge-Check-Page-accessibility-desktop-webkit/test-failed-1.png
    ────────────────────────────────────────────────────────────────────────────────────────────────

    attachment #2: video (video/webm) ──────────────────────────────────────────────────────────────
    test-results/Accessibility-pageAccessib-c4c16-ge-Check-Page-accessibility-desktop-webkit/video.webm
    ────────────────────────────────────────────────────────────────────────────────────────────────

    attachment #3: trace (application/zip) ─────────────────────────────────────────────────────────
    test-results/Accessibility-pageAccessib-c4c16-ge-Check-Page-accessibility-desktop-webkit/trace.zip
    Usage:

        npx playwright show-trace test-results/Accessibility-pageAccessib-c4c16-ge-Check-Page-accessibility-desktop-webkit/trace.zip

    ────────────────────────────────────────────────────────────────────────────────────────────────
]]>
</failure>
<system-out>
<![CDATA[
[[ATTACHMENT|../test-results/Accessibility-pageAccessib-c4c16-ge-Check-Page-accessibility-desktop-webkit/test-failed-1.png]]

[[ATTACHMENT|../test-results/Accessibility-pageAccessib-c4c16-ge-Check-Page-accessibility-desktop-webkit/video.webm]]

[[ATTACHMENT|../test-results/Accessibility-pageAccessib-c4c16-ge-Check-Page-accessibility-desktop-webkit/trace.zip]]
]]>
</system-out>
</testcase>
<testcase name="Test Accessibility By Page › Check tab order" classname="Accessibility/pageAccessibility.spec.ts" time="0.397">
<properties>
<property name="Go To" value="Go to: undefined">
</property>
</properties>
<failure message="pageAccessibility.spec.ts:28:9 Check tab order" type="FAILURE">
<![CDATA[  [desktop-webkit] › Accessibility/pageAccessibility.spec.ts:28:9 › Test Accessibility By Page › Check tab order 

    Error: page.goto: url: expected string, got undefined

      32 |         const tabHelper = new TabHelper(page, keyPage);
      33 |         annotationHelper.addAnnotation(AnnotationType.GoTo, 'Go to: ' + pageToTest);
    > 34 |         await page.goto(pageToTest);
         |                    ^
      35 |         //Add a number and blue box to the element after press tab
      36 |         await tabHelper.showTabOrder();
      37 |         //Check that the tab is the same that the elements

        at /home/runner/work/Playwright/Playwright/tests/Accessibility/pageAccessibility.spec.ts:34:20

    attachment #1: screenshot (image/png) ──────────────────────────────────────────────────────────
    test-results/Accessibility-pageAccessib-bc5d8-ity-By-Page-Check-tab-order-desktop-webkit/test-failed-1.png
    ────────────────────────────────────────────────────────────────────────────────────────────────

    attachment #2: video (video/webm) ──────────────────────────────────────────────────────────────
    test-results/Accessibility-pageAccessib-bc5d8-ity-By-Page-Check-tab-order-desktop-webkit/video.webm
    ────────────────────────────────────────────────────────────────────────────────────────────────

    attachment #3: trace (application/zip) ─────────────────────────────────────────────────────────
    test-results/Accessibility-pageAccessib-bc5d8-ity-By-Page-Check-tab-order-desktop-webkit/trace.zip
    Usage:

        npx playwright show-trace test-results/Accessibility-pageAccessib-bc5d8-ity-By-Page-Check-tab-order-desktop-webkit/trace.zip

    ────────────────────────────────────────────────────────────────────────────────────────────────
]]>
</failure>
<system-out>
<![CDATA[
[[ATTACHMENT|../test-results/Accessibility-pageAccessib-bc5d8-ity-By-Page-Check-tab-order-desktop-webkit/test-failed-1.png]]

[[ATTACHMENT|../test-results/Accessibility-pageAccessib-bc5d8-ity-By-Page-Check-tab-order-desktop-webkit/video.webm]]

[[ATTACHMENT|../test-results/Accessibility-pageAccessib-bc5d8-ity-By-Page-Check-tab-order-desktop-webkit/trace.zip]]
]]>
</system-out>
</testcase>
<testcase name="Test Accessibility By Page › Check alt text &amp; aria-label" classname="Accessibility/pageAccessibility.spec.ts" time="0.24">
<properties>
<property name="Go To" value="Go to: undefined">
</property>
</properties>
<failure message="pageAccessibility.spec.ts:42:9 Check alt text &amp; aria-label" type="FAILURE">
<![CDATA[  [desktop-webkit] › Accessibility/pageAccessibility.spec.ts:42:9 › Test Accessibility By Page › Check alt text & aria-label 

    Error: page.goto: url: expected string, got undefined

      46 |         const altHelper = new AltHelper(page, keyPage, testInfo);
      47 |         annotationHelper.addAnnotation(AnnotationType.GoTo, 'Go to: ' + pageToTest);
    > 48 |         await page.goto(pageToTest);
         |                    ^
      49 |         //Check that images have alt text attribute
      50 |         await altHelper.checkAltText();
      51 |         //Generate a table with all alt texts

        at /home/runner/work/Playwright/Playwright/tests/Accessibility/pageAccessibility.spec.ts:48:20

    attachment #1: screenshot (image/png) ──────────────────────────────────────────────────────────
    test-results/Accessibility-pageAccessib-e1df0-e-Check-alt-text-aria-label-desktop-webkit/test-failed-1.png
    ────────────────────────────────────────────────────────────────────────────────────────────────

    attachment #2: video (video/webm) ──────────────────────────────────────────────────────────────
    test-results/Accessibility-pageAccessib-e1df0-e-Check-alt-text-aria-label-desktop-webkit/video.webm
    ────────────────────────────────────────────────────────────────────────────────────────────────

    attachment #3: trace (application/zip) ─────────────────────────────────────────────────────────
    test-results/Accessibility-pageAccessib-e1df0-e-Check-alt-text-aria-label-desktop-webkit/trace.zip
    Usage:

        npx playwright show-trace test-results/Accessibility-pageAccessib-e1df0-e-Check-alt-text-aria-label-desktop-webkit/trace.zip

    ────────────────────────────────────────────────────────────────────────────────────────────────
]]>
</failure>
<system-out>
<![CDATA[
[[ATTACHMENT|../test-results/Accessibility-pageAccessib-e1df0-e-Check-alt-text-aria-label-desktop-webkit/test-failed-1.png]]

[[ATTACHMENT|../test-results/Accessibility-pageAccessib-e1df0-e-Check-alt-text-aria-label-desktop-webkit/video.webm]]

[[ATTACHMENT|../test-results/Accessibility-pageAccessib-e1df0-e-Check-alt-text-aria-label-desktop-webkit/trace.zip]]
]]>
</system-out>
</testcase>
</testsuite>
<testsuite name="AI/login.spec.ts" timestamp="2024-07-17T03:47:51.635Z" hostname="desktop-webkit" tests="1" failures="0" skipped="1" time="0.469" errors="0">
<testcase name="AI Zero Step › Should show dashboard after login" classname="AI/login.spec.ts" time="0.469">
<properties>
<property name="skip" value="Zero Steps only works in chromium">
</property>
</properties>
<skipped>
</skipped>
</testcase>
</testsuite>
<testsuite name="Api/addToCart.spec.ts" timestamp="2024-07-17T03:47:51.635Z" hostname="desktop-webkit" tests="1" failures="1" skipped="0" time="0.803" errors="0">
<testcase name="Contoso Traders › Should add an item to the cart" classname="Api/addToCart.spec.ts" time="0.803">
<properties>
<property name="Go To" value="Go to the page: &quot;https://cloudtesting.contosotraders.com&quot;">
</property>
</properties>
<failure message="addToCart.spec.ts:10:9 Should add an item to the cart" type="FAILURE">
<![CDATA[  [desktop-webkit] › Api/addToCart.spec.ts:10:9 › Contoso Traders › Should add an item to the cart › Go to the page: "https://cloudtesting.contosotraders.com" 

    Error: page.goto: Error resolving “cloudtesting.contosotraders.com”: No address associated with hostname
    Call log:
      - navigating to "https://cloudtesting.contosotraders.com/", waiting until "load"


       at ../pages/ContosoTraders/homePage.ts:24

      22 |         const url = process.env.CONTOSO_URL ?? 'https://cloudtesting.contosotraders.com';
      23 |         await this.addStepWithAnnotation(AnnotationType.GoTo, 'Go to the page: "' + url + '"', async () => {
    > 24 |             await this.page.goto(url);
         |                             ^
      25 |         });
      26 |     }
      27 |

        at /home/runner/work/Playwright/Playwright/pages/ContosoTraders/homePage.ts:24:29
        at HomePage.addStepWithAnnotation (/home/runner/work/Playwright/Playwright/pages/basePage.ts:55:31)
        at HomePage.goTo (/home/runner/work/Playwright/Playwright/pages/ContosoTraders/homePage.ts:23:20)
        at /home/runner/work/Playwright/Playwright/tests/Api/addToCart.spec.ts:12:24

    attachment #1: screenshot (image/png) ──────────────────────────────────────────────────────────
    test-results/Api-addToCart-Contoso-Traders-Should-add-an-item-to-the-cart-desktop-webkit/test-failed-1.png
    ────────────────────────────────────────────────────────────────────────────────────────────────

    attachment #2: video (video/webm) ──────────────────────────────────────────────────────────────
    test-results/Api-addToCart-Contoso-Traders-Should-add-an-item-to-the-cart-desktop-webkit/video.webm
    ────────────────────────────────────────────────────────────────────────────────────────────────

    attachment #3: trace (application/zip) ─────────────────────────────────────────────────────────
    test-results/Api-addToCart-Contoso-Traders-Should-add-an-item-to-the-cart-desktop-webkit/trace.zip
    Usage:

        npx playwright show-trace test-results/Api-addToCart-Contoso-Traders-Should-add-an-item-to-the-cart-desktop-webkit/trace.zip

    ────────────────────────────────────────────────────────────────────────────────────────────────

    Retry #1 ───────────────────────────────────────────────────────────────────────────────────────

    Error: page.goto: Error resolving “cloudtesting.contosotraders.com”: No address associated with hostname
    Call log:
      - navigating to "https://cloudtesting.contosotraders.com/", waiting until "load"


       at ../pages/ContosoTraders/homePage.ts:24

      22 |         const url = process.env.CONTOSO_URL ?? 'https://cloudtesting.contosotraders.com';
      23 |         await this.addStepWithAnnotation(AnnotationType.GoTo, 'Go to the page: "' + url + '"', async () => {
    > 24 |             await this.page.goto(url);
         |                             ^
      25 |         });
      26 |     }
      27 |

        at /home/runner/work/Playwright/Playwright/pages/ContosoTraders/homePage.ts:24:29
        at HomePage.addStepWithAnnotation (/home/runner/work/Playwright/Playwright/pages/basePage.ts:55:31)
        at HomePage.goTo (/home/runner/work/Playwright/Playwright/pages/ContosoTraders/homePage.ts:23:20)
        at /home/runner/work/Playwright/Playwright/tests/Api/addToCart.spec.ts:12:24

    attachment #1: screenshot (image/png) ──────────────────────────────────────────────────────────
    test-results/Api-addToCart-Contoso-Traders-Should-add-an-item-to-the-cart-desktop-webkit-retry1/test-failed-1.png
    ────────────────────────────────────────────────────────────────────────────────────────────────

    attachment #2: video (video/webm) ──────────────────────────────────────────────────────────────
    test-results/Api-addToCart-Contoso-Traders-Should-add-an-item-to-the-cart-desktop-webkit-retry1/video.webm
    ────────────────────────────────────────────────────────────────────────────────────────────────

    attachment #3: trace (application/zip) ─────────────────────────────────────────────────────────
    test-results/Api-addToCart-Contoso-Traders-Should-add-an-item-to-the-cart-desktop-webkit-retry1/trace.zip
    Usage:

        npx playwright show-trace test-results/Api-addToCart-Contoso-Traders-Should-add-an-item-to-the-cart-desktop-webkit-retry1/trace.zip

    ────────────────────────────────────────────────────────────────────────────────────────────────
]]>
</failure>
<system-out>
<![CDATA[
[[ATTACHMENT|../test-results/Api-addToCart-Contoso-Traders-Should-add-an-item-to-the-cart-desktop-webkit/test-failed-1.png]]

[[ATTACHMENT|../test-results/Api-addToCart-Contoso-Traders-Should-add-an-item-to-the-cart-desktop-webkit/video.webm]]

[[ATTACHMENT|../test-results/Api-addToCart-Contoso-Traders-Should-add-an-item-to-the-cart-desktop-webkit/trace.zip]]

[[ATTACHMENT|../test-results/Api-addToCart-Contoso-Traders-Should-add-an-item-to-the-cart-desktop-webkit-retry1/test-failed-1.png]]

[[ATTACHMENT|../test-results/Api-addToCart-Contoso-Traders-Should-add-an-item-to-the-cart-desktop-webkit-retry1/video.webm]]

[[ATTACHMENT|../test-results/Api-addToCart-Contoso-Traders-Should-add-an-item-to-the-cart-desktop-webkit-retry1/trace.zip]]
]]>
</system-out>
</testcase>
</testsuite>
<testsuite name="Api/servers.spec.ts" timestamp="2024-07-17T03:47:51.635Z" hostname="desktop-webkit" tests="2" failures="0" skipped="0" time="14.013" errors="0">
<testcase name="Servers › Should add a server" classname="Api/servers.spec.ts" time="5.723">
<properties>
<property name="Go To" value="Go to the servers page: &quot;https://effizientedemo.azurewebsites.net/Security/servers&quot;">
</property>
<property name="Button" value="Click: &quot;Add&quot;">
</property>
<property name="InputText" value="Fill &quot;Key:&quot; with the value: &quot;156262&quot;">
</property>
<property name="InputText" value="Fill &quot;Name:&quot; with the value: &quot;Lang - Davis&quot;">
</property>
<property name="InputText" value="Fill &quot;Url:&quot; with the value: &quot;https://extra-small-hip.name/&quot;">
</property>
<property name="Button" value="Click: &quot;Save&quot;">
</property>
<property name="Assert" value="Success message is visible">
</property>
<property name="Assert" value="Server id should be a number greater than 1">
</property>
<property name="Assert" value="Server with the key: &quot;156262&quot; exists in the table">
</property>
<property name="Assert" value="The server name for the key: &quot;156262&quot; is: &quot;Lang - Davis&quot;">
</property>
<property name="Assert" value="The server url for the key: &quot;156262&quot; is: &quot;https://extra-small-hip.name/&quot;">
</property>
</properties>
<system-out>
<![CDATA[index:2
]]>
</system-out>
</testcase>
<testcase name="Servers › Should edit a server" classname="Api/servers.spec.ts" time="8.29">
<properties>
<property name="Go To" value="Go to the servers page: &quot;https://effizientedemo.azurewebsites.net/Security/servers&quot;">
</property>
<property name="Step" value="Create server with API">
</property>
<property name="Go To" value="Go to the servers page: &quot;https://effizientedemo.azurewebsites.net/Security/servers&quot;">
</property>
<property name="InputText" value="Fill &quot;key:&quot; with the value: &quot;307184&quot;">
</property>
<property name="InputText" value="Fill &quot;Name:&quot; with the value: &quot;Walsh - Lind&quot;">
</property>
<property name="InputText" value="Fill &quot;Url:&quot; with the value: &quot;https://mysterious-shout.org&quot;">
</property>
<property name="Button" value="Click: &quot;Save&quot;">
</property>
<property name="Assert" value="Success message is visible">
</property>
<property name="Assert" value="Server with the key: &quot;307184&quot; exists in the table">
</property>
<property name="Assert" value="The server name for the key: &quot;307184&quot; is: &quot;Walsh - Lind&quot;">
</property>
<property name="Assert" value="The server url for the key: &quot;307184&quot; is: &quot;https://mysterious-shout.org&quot;">
</property>
</properties>
<system-out>
<![CDATA[index:2
]]>
</system-out>
</testcase>
</testsuite>
<testsuite name="Basic/login.spec.ts" timestamp="2024-07-17T03:47:51.635Z" hostname="desktop-webkit" tests="1" failures="0" skipped="0" time="2.031" errors="0">
<testcase name="Login › Login with valid user load inventory page" classname="Basic/login.spec.ts" time="2.031">
<properties>
<property name="Go To" value="Go to the page: &quot;https://www.saucedemo.com&quot;">
</property>
<property name="InputText" value="Fill &quot;Username:&quot; with the value: &quot;standard_user&quot;">
</property>
<property name="InputPassword" value="Fill: &quot;Password with value: *****&quot;">
</property>
<property name="Button" value="Click: &quot;Login&quot;">
</property>
<property name="Assert" value="Check URL Page is equal to: &quot;https://www.saucedemo.com/inventory.html&quot;">
</property>
</properties>
</testcase>
</testsuite>
<testsuite name="Basic/menu.spec.ts" timestamp="2024-07-17T03:47:51.635Z" hostname="desktop-webkit" tests="2" failures="0" skipped="0" time="7.847" errors="0">
<testcase name="Normal user › Should returns user menu" classname="Basic/menu.spec.ts" time="3.689">
<properties>
<property name="Go To" value="Go to the page: &quot;https://effizientedemo.azurewebsites.net/AccountsReceivable/dashboard&quot;">
</property>
<property name="PirmeFacesMenu" value="Get top menus">
</property>
<property name="Assert" value="Menu are equal to: &quot;AccountsReceivable,Config&quot;">
</property>
</properties>
</testcase>
<testcase name="Admin user › Should returns admin menu" classname="Basic/menu.spec.ts" time="4.158">
<properties>
<property name="Go To" value="Go to the page: &quot;https://effizientedemo.azurewebsites.net/AccountsReceivable/dashboard&quot;">
</property>
<property name="PirmeFacesMenu" value="Get top menus">
</property>
<property name="Assert" value="Menu are equal to: &quot;AccountsReceivable,Security,Config&quot;">
</property>
</properties>
</testcase>
</testsuite>
<testsuite name="Excel/exportServers.spec.ts" timestamp="2024-07-17T03:47:51.635Z" hostname="desktop-webkit" tests="1" failures="0" skipped="0" time="3.926" errors="0">
<testcase name="Servers › Should export servers to excel" classname="Excel/exportServers.spec.ts" time="3.926">
<properties>
<property name="Go To" value="Go to the servers page: &quot;https://effizientedemo.azurewebsites.net/Security/servers&quot;">
</property>
<property name="ButtonExcel" value="Click: &quot;Export to Excel&quot;">
</property>
<property name="Assert" value="The excel file rows are equal to the grid rows">
</property>
</properties>
<system-out>
<![CDATA[
[[ATTACHMENT|../test-results/Excel-exportServers-Servers-Should-export-servers-to-excel-desktop-webkit/attachments/servers-xlsx-b45414d1440b649c23868d9b19e0f22e5f012826.xlsx]]
]]>
</system-out>
</testcase>
</testsuite>
<testsuite name="Fixture-LambdaTest/loginLambdaTestFixture.spec.ts" timestamp="2024-07-17T03:47:51.635Z" hostname="desktop-webkit" tests="1" failures="0" skipped="0" time="0.747" errors="0">
<testcase name="Login › Login with valid user load inventory page" classname="Fixture-LambdaTest/loginLambdaTestFixture.spec.ts" time="0.747">
<properties>
<property name="Go To" value="Go to the page: &quot;https://www.saucedemo.com&quot;">
</property>
<property name="InputText" value="Fill &quot;Username:&quot; with the value: &quot;standard_user&quot;">
</property>
<property name="InputPassword" value="Fill: &quot;Password with value: *****&quot;">
</property>
<property name="Button" value="Click: &quot;Login&quot;">
</property>
<property name="Assert" value="Check URL Page equal to: &quot;https://www.saucedemo.com/inventory.html&quot;">
</property>
</properties>
</testcase>
</testsuite>
<testsuite name="LocaleGeo/bingMaps.spec.ts" timestamp="2024-07-17T03:47:51.635Z" hostname="desktop-webkit" tests="1" failures="0" skipped="0" time="10.734" errors="0">
<testcase name="Geo Location Test › The bing maps is located to munich" classname="LocaleGeo/bingMaps.spec.ts" time="10.734">
<properties>
<property name="Go To" value="Go to the page: &quot;https://www.bing.com/maps&quot;">
</property>
<property name="Button" value="Click: &quot;button.locateMeBtn&quot;">
</property>
<property name="Button" value="Click: &quot;button.geochainUncollapse&quot;">
</property>
<property name="Assert" value="Geo name is equal to:GermanyBavariaMunich (District)">
</property>
</properties>
</testcase>
</testsuite>
<testsuite name="LocaleGeo/searchLocale.spec.ts" timestamp="2024-07-17T03:47:51.635Z" hostname="desktop-webkit" tests="1" failures="0" skipped="0" time="2.573" errors="0">
<testcase name="Locale translations › Translations with locale and time zone id" classname="LocaleGeo/searchLocale.spec.ts" time="2.573">
<properties>
<property name="Go To" value="Go to the page: &quot;https://www.google.com&quot;">
</property>
<property name="Assert" value="Search button text is equal to: &quot;Buscar con Google&quot;">
</property>
</properties>
</testcase>
</testsuite>
<testsuite name="Synthetic/login.spec.ts" timestamp="2024-07-17T03:47:51.635Z" hostname="desktop-webkit" tests="1" failures="0" skipped="0" time="8.194" errors="0">
<testcase name="Synthetic login testing › Should show dashboard" classname="Synthetic/login.spec.ts" time="8.194">
</testcase>
</testsuite>
<testsuite name="Synthetic/menu.spec.ts" timestamp="2024-07-17T03:47:51.635Z" hostname="desktop-webkit" tests="1" failures="1" skipped="0" time="32.331" errors="0">
<testcase name="Synthetic testing › Should show dashboard" classname="Synthetic/menu.spec.ts" time="32.331">
<properties>
<property name="Navigation" value="Go to:https://effizientedemo.azurewebsites.net">
</property>
</properties>
<failure message="menu.spec.ts:23:9 Should show dashboard" type="FAILURE">
<![CDATA[  [desktop-webkit] › Synthetic/menu.spec.ts:23:9 › Synthetic testing › Should show dashboard ───────

    Error: Timed out 10000ms waiting for expect(locator).toBeVisible()

    Locator: locator('#summaryExpiration')
    Expected: visible
    Received: hidden
    Call log:
      - expect.toBeVisible with timeout 10000ms
      - waiting for locator('#summaryExpiration')
      -   locator resolved to <app-card-pie-detallado width="400" height="400" id="summaryExpiration" _nghost-ng-c4188208940="" _ngcontent-ng-c3043973981="" classtype="card-header-success">…</app-card-pie-detallado>
      -   unexpected value "hidden"
      -   locator resolved to <app-card-pie-detallado width="400" height="400" id="summaryExpiration" _nghost-ng-c4188208940="" _ngcontent-ng-c3043973981="" classtype="card-header-success">…</app-card-pie-detallado>
      -   unexpected value "hidden"
      -   locator resolved to <app-card-pie-detallado width="400" height="400" id="summaryExpiration" _nghost-ng-c4188208940="" _ngcontent-ng-c3043973981="" classtype="card-header-success">…</app-card-pie-detallado>
      -   unexpected value "hidden"
      -   locator resolved to <app-card-pie-detallado width="400" height="400" id="summaryExpiration" _nghost-ng-c4188208940="" _ngcontent-ng-c3043973981="" classtype="card-header-success">…</app-card-pie-detallado>
      -   unexpected value "hidden"
      -   locator resolved to <app-card-pie-detallado width="400" height="400" id="summaryExpiration" _nghost-ng-c4188208940="" _ngcontent-ng-c3043973981="" classtype="card-header-success">…</app-card-pie-detallado>
      -   unexpected value "hidden"
      -   locator resolved to <app-card-pie-detallado width="400" height="400" id="summaryExpiration" _nghost-ng-c4188208940="" _ngcontent-ng-c3043973981="" classtype="card-header-success">…</app-card-pie-detallado>
      -   unexpected value "hidden"
      -   locator resolved to <app-card-pie-detallado width="400" height="400" id="summaryExpiration" _nghost-ng-c4188208940="" _ngcontent-ng-c3043973981="" classtype="card-header-success">…</app-card-pie-detallado>
      -   unexpected value "hidden"
      -   locator resolved to <app-card-pie-detallado width="400" height="400" id="summaryExpiration" _nghost-ng-c4188208940="" _ngcontent-ng-c3043973981="" classtype="card-header-success">…</app-card-pie-detallado>
      -   unexpected value "hidden"
      -   locator resolved to <app-card-pie-detallado width="400" height="400" id="summaryExpiration" _nghost-ng-c4188208940="" _ngcontent-ng-c3043973981="" classtype="card-header-success">…</app-card-pie-detallado>
      -   unexpected value "hidden"
      -   locator resolved to <app-card-pie-detallado width="400" height="400" id="summaryExpiration" _nghost-ng-c4188208940="" _ngcontent-ng-c3043973981="" classtype="card-header-success">…</app-card-pie-detallado>
      -   unexpected value "hidden"
      -   locator resolved to <app-card-pie-detallado width="400" height="400" id="summaryExpiration" _nghost-ng-c4188208940="" _ngcontent-ng-c3043973981="" classtype="card-header-success">…</app-card-pie-detallado>
      -   unexpected value "hidden"
      -   locator resolved to <app-card-pie-detallado width="400" height="400" id="summaryExpiration" _nghost-ng-c4188208940="" _ngcontent-ng-c3043973981="" classtype="card-header-success">…</app-card-pie-detallado>
      -   unexpected value "hidden"
      -   locator resolved to <app-card-pie-detallado width="400" height="400" id="summaryExpiration" _nghost-ng-c4188208940="" _ngcontent-ng-c3043973981="" classtype="card-header-success">…</app-card-pie-detallado>
      -   unexpected value "hidden"


      36 |         await expect(page.locator('#top5Debt canvas')).toBeVisible({ timeout: timeout });
      37 |         await expect(page.locator('#top5DaysDelay canvas')).toBeVisible({ timeout: timeout });
    > 38 |         await expect(page.locator('#summaryExpiration')).toBeVisible();
         |                                                          ^
      39 |         const topMenuLocator = 'app-menu > p-menubar > .p-menubar > p-menubarsub > ul > li > .p-menuitem-content > a > .p-menuitem-text';
      40 |         const menusInPage = await page.locator(topMenuLocator).allInnerTexts();
      41 |         const menus = ['AccountsReceivable', 'Config'];

        at /home/runner/work/Playwright/Playwright/tests/Synthetic/menu.spec.ts:38:58

    attachment #1: screenshot (image/png) ──────────────────────────────────────────────────────────
    test-results/Synthetic-menu-Synthetic-testing-Should-show-dashboard-desktop-webkit/test-failed-2.png
    ────────────────────────────────────────────────────────────────────────────────────────────────

    attachment #2: screenshot (image/png) ──────────────────────────────────────────────────────────
    test-results/Synthetic-menu-Synthetic-testing-Should-show-dashboard-desktop-webkit/test-failed-1.png
    ────────────────────────────────────────────────────────────────────────────────────────────────

    attachment #3: video (video/webm) ──────────────────────────────────────────────────────────────
    test-results/Synthetic-menu-Synthetic-testing-Should-show-dashboard-desktop-webkit/video.webm
    ────────────────────────────────────────────────────────────────────────────────────────────────

    attachment #4: trace (application/zip) ─────────────────────────────────────────────────────────
    test-results/Synthetic-menu-Synthetic-testing-Should-show-dashboard-desktop-webkit/trace.zip
    Usage:

        npx playwright show-trace test-results/Synthetic-menu-Synthetic-testing-Should-show-dashboard-desktop-webkit/trace.zip

    ────────────────────────────────────────────────────────────────────────────────────────────────

    Retry #1 ───────────────────────────────────────────────────────────────────────────────────────

    Error: Timed out 10000ms waiting for expect(locator).toBeVisible()

    Locator: locator('#summaryExpiration')
    Expected: visible
    Received: hidden
    Call log:
      - expect.toBeVisible with timeout 10000ms
      - waiting for locator('#summaryExpiration')
      -   locator resolved to <app-card-pie-detallado width="400" height="400" id="summaryExpiration" _nghost-ng-c4188208940="" _ngcontent-ng-c3043973981="" classtype="card-header-success">…</app-card-pie-detallado>
      -   unexpected value "hidden"
      -   locator resolved to <app-card-pie-detallado width="400" height="400" id="summaryExpiration" _nghost-ng-c4188208940="" _ngcontent-ng-c3043973981="" classtype="card-header-success">…</app-card-pie-detallado>
      -   unexpected value "hidden"
      -   locator resolved to <app-card-pie-detallado width="400" height="400" id="summaryExpiration" _nghost-ng-c4188208940="" _ngcontent-ng-c3043973981="" classtype="card-header-success">…</app-card-pie-detallado>
      -   unexpected value "hidden"
      -   locator resolved to <app-card-pie-detallado width="400" height="400" id="summaryExpiration" _nghost-ng-c4188208940="" _ngcontent-ng-c3043973981="" classtype="card-header-success">…</app-card-pie-detallado>
      -   unexpected value "hidden"
      -   locator resolved to <app-card-pie-detallado width="400" height="400" id="summaryExpiration" _nghost-ng-c4188208940="" _ngcontent-ng-c3043973981="" classtype="card-header-success">…</app-card-pie-detallado>
      -   unexpected value "hidden"
      -   locator resolved to <app-card-pie-detallado width="400" height="400" id="summaryExpiration" _nghost-ng-c4188208940="" _ngcontent-ng-c3043973981="" classtype="card-header-success">…</app-card-pie-detallado>
      -   unexpected value "hidden"
      -   locator resolved to <app-card-pie-detallado width="400" height="400" id="summaryExpiration" _nghost-ng-c4188208940="" _ngcontent-ng-c3043973981="" classtype="card-header-success">…</app-card-pie-detallado>
      -   unexpected value "hidden"
      -   locator resolved to <app-card-pie-detallado width="400" height="400" id="summaryExpiration" _nghost-ng-c4188208940="" _ngcontent-ng-c3043973981="" classtype="card-header-success">…</app-card-pie-detallado>
      -   unexpected value "hidden"
      -   locator resolved to <app-card-pie-detallado width="400" height="400" id="summaryExpiration" _nghost-ng-c4188208940="" _ngcontent-ng-c3043973981="" classtype="card-header-success">…</app-card-pie-detallado>
      -   unexpected value "hidden"
      -   locator resolved to <app-card-pie-detallado width="400" height="400" id="summaryExpiration" _nghost-ng-c4188208940="" _ngcontent-ng-c3043973981="" classtype="card-header-success">…</app-card-pie-detallado>
      -   unexpected value "hidden"
      -   locator resolved to <app-card-pie-detallado width="400" height="400" id="summaryExpiration" _nghost-ng-c4188208940="" _ngcontent-ng-c3043973981="" classtype="card-header-success">…</app-card-pie-detallado>
      -   unexpected value "hidden"
      -   locator resolved to <app-card-pie-detallado width="400" height="400" id="summaryExpiration" _nghost-ng-c4188208940="" _ngcontent-ng-c3043973981="" classtype="card-header-success">…</app-card-pie-detallado>
      -   unexpected value "hidden"
      -   locator resolved to <app-card-pie-detallado width="400" height="400" id="summaryExpiration" _nghost-ng-c4188208940="" _ngcontent-ng-c3043973981="" classtype="card-header-success">…</app-card-pie-detallado>
      -   unexpected value "hidden"


      36 |         await expect(page.locator('#top5Debt canvas')).toBeVisible({ timeout: timeout });
      37 |         await expect(page.locator('#top5DaysDelay canvas')).toBeVisible({ timeout: timeout });
    > 38 |         await expect(page.locator('#summaryExpiration')).toBeVisible();
         |                                                          ^
      39 |         const topMenuLocator = 'app-menu > p-menubar > .p-menubar > p-menubarsub > ul > li > .p-menuitem-content > a > .p-menuitem-text';
      40 |         const menusInPage = await page.locator(topMenuLocator).allInnerTexts();
      41 |         const menus = ['AccountsReceivable', 'Config'];

        at /home/runner/work/Playwright/Playwright/tests/Synthetic/menu.spec.ts:38:58

    attachment #1: screenshot (image/png) ──────────────────────────────────────────────────────────
    test-results/Synthetic-menu-Synthetic-testing-Should-show-dashboard-desktop-webkit-retry1/test-failed-1.png
    ────────────────────────────────────────────────────────────────────────────────────────────────

    attachment #2: video (video/webm) ──────────────────────────────────────────────────────────────
    test-results/Synthetic-menu-Synthetic-testing-Should-show-dashboard-desktop-webkit-retry1/video.webm
    ────────────────────────────────────────────────────────────────────────────────────────────────

    attachment #3: trace (application/zip) ─────────────────────────────────────────────────────────
    test-results/Synthetic-menu-Synthetic-testing-Should-show-dashboard-desktop-webkit-retry1/trace.zip
    Usage:

        npx playwright show-trace test-results/Synthetic-menu-Synthetic-testing-Should-show-dashboard-desktop-webkit-retry1/trace.zip

    ────────────────────────────────────────────────────────────────────────────────────────────────
]]>
</failure>
<system-out>
<![CDATA[
[[ATTACHMENT|../test-results/Synthetic-menu-Synthetic-testing-Should-show-dashboard-desktop-webkit/test-failed-2.png]]

[[ATTACHMENT|../test-results/Synthetic-menu-Synthetic-testing-Should-show-dashboard-desktop-webkit/test-failed-1.png]]

[[ATTACHMENT|../test-results/Synthetic-menu-Synthetic-testing-Should-show-dashboard-desktop-webkit/video.webm]]

[[ATTACHMENT|../test-results/Synthetic-menu-Synthetic-testing-Should-show-dashboard-desktop-webkit/trace.zip]]

[[ATTACHMENT|../test-results/Synthetic-menu-Synthetic-testing-Should-show-dashboard-desktop-webkit-retry1/test-failed-1.png]]

[[ATTACHMENT|../test-results/Synthetic-menu-Synthetic-testing-Should-show-dashboard-desktop-webkit-retry1/video.webm]]

[[ATTACHMENT|../test-results/Synthetic-menu-Synthetic-testing-Should-show-dashboard-desktop-webkit-retry1/trace.zip]]
]]>
</system-out>
</testcase>
</testsuite>
<testsuite name="VisualTesting/dashboard.spec.ts" timestamp="2024-07-17T03:47:51.635Z" hostname="desktop-webkit" tests="1" failures="0" skipped="0" time="4.579" errors="0">
<testcase name="Check Dashboard › Should show dashboard" classname="VisualTesting/dashboard.spec.ts" time="4.579">
<properties>
<property name="Mock" value="Modify the summary with fixed data">
</property>
<property name="Mock" value="Modify the &quot;Sumary Expiration&quot; with fixed data">
</property>
<property name="Mock" value="Modify the &quot;Top 5 delay&quot; with fixed data">
</property>
<property name="Mock" value="Modify the &quot;Top 5 total&quot; with fixed data">
</property>
<property name="Mock" value="Modify the &quot;Top 5 type&quot; with fixed data">
</property>
<property name="Mock" value="Modify the &quot;Top 10 Limit 1&quot; with fixed data">
</property>
<property name="Mock" value="Modify the &quot;Top 10 Limit 2&quot; with fixed data">
</property>
<property name="Mock" value="Modify the &quot;Top 10 Limit 3&quot; with fixed data">
</property>
<property name="Mock" value="Modify the &quot;Top 10 To Expire&quot; with fixed data">
</property>
<property name="Go To" value="Go to the page: &quot;https://effizientedemo.azurewebsites.net/AccountsReceivable/dashboard&quot;">
</property>
<property name="Step" value="Compare snapshot: dashboard.png with maxDiffPixelsRatio: 0.1">
</property>
</properties>
</testcase>
</testsuite>
</testsuites>