<testsuites id="" name="" tests="30" failures="0" skipped="2" errors="0" time="126.51266500000001">
<testsuite name="SauceDemo/loginLambdaTestFixture.spec.ts" timestamp="2024-03-27T00:51:04.154Z" hostname="chrome:latest:MacOS Catalina@lambdatest" tests="1" failures="0" skipped="0" time="61.876" errors="0">
<testcase name="Login › Login with valid user load inventory page" classname="SauceDemo/loginLambdaTestFixture.spec.ts" time="61.876">
<properties>
<property name="Go To" value="Go to the page: &quot;https://www.saucedemo.com&quot;">
</property>
<property name="InputText" value="Fill: &quot;Username&quot; with value: &quot;standard_user&quot;">
</property>
<property name="InputPassword" value="Fill: &quot;Password with value: *****&quot;">
</property>
<property name="Button" value="Click: &quot;Login&quot;">
</property>
<property name="Assert" value="Check URL Page equal to: &quot;https://www.saucedemo.com/inventory.html&quot;">
</property>
</properties>
<system-out>
<![CDATA[
[[ATTACHMENT|../test-results/SauceDemo-loginLambdaTestFixture-Login-Login-with-valid-user-load-inventory-page-chrome-latest-MacOS-Catalina-lambdatest/trace.zip]]
]]>
</system-out>
</testcase>
</testsuite>
<testsuite name="SauceDemo/loginLambdaTestFixture.spec.ts" timestamp="2024-03-27T00:51:04.154Z" hostname="pw-webkit:latest:MacOS Monterey@lambdatest" tests="1" failures="0" skipped="0" time="56.78" errors="0">
<testcase name="Login › Login with valid user load inventory page" classname="SauceDemo/loginLambdaTestFixture.spec.ts" time="56.78">
<properties>
<property name="Go To" value="Go to the page: &quot;https://www.saucedemo.com&quot;">
</property>
<property name="InputText" value="Fill: &quot;Username&quot; with value: &quot;standard_user&quot;">
</property>
<property name="InputPassword" value="Fill: &quot;Password with value: *****&quot;">
</property>
<property name="Button" value="Click: &quot;Login&quot;">
</property>
<property name="Assert" value="Check URL Page equal to: &quot;https://www.saucedemo.com/inventory.html&quot;">
</property>
</properties>
<system-out>
<![CDATA[
[[ATTACHMENT|../test-results/SauceDemo-loginLambdaTestFixture-Login-Login-with-valid-user-load-inventory-page-pw-webkit-latest-MacOS-Monterey-lambdatest/trace.zip]]
]]>
</system-out>
</testcase>
</testsuite>
<testsuite name="SauceDemo/loginLambdaTestFixture.spec.ts" timestamp="2024-03-27T00:51:04.154Z" hostname="chrome:latest:Windows 10@lambdatest" tests="1" failures="0" skipped="0" time="18.953" errors="0">
<testcase name="Login › Login with valid user load inventory page" classname="SauceDemo/loginLambdaTestFixture.spec.ts" time="18.953">
<properties>
<property name="Go To" value="Go to the page: &quot;https://www.saucedemo.com&quot;">
</property>
<property name="InputText" value="Fill: &quot;Username&quot; with value: &quot;standard_user&quot;">
</property>
<property name="InputPassword" value="Fill: &quot;Password with value: *****&quot;">
</property>
<property name="Button" value="Click: &quot;Login&quot;">
</property>
<property name="Assert" value="Check URL Page equal to: &quot;https://www.saucedemo.com/inventory.html&quot;">
</property>
</properties>
</testcase>
</testsuite>
<testsuite name="Effiziente/dashboard.spec.ts" timestamp="2024-03-27T00:51:04.154Z" hostname="chromium" tests="1" failures="0" skipped="0" time="2.272" errors="0">
<testcase name="Check Dashboard › Should show dashboard" classname="Effiziente/dashboard.spec.ts" time="2.272">
<properties>
<property name="Mock" value="Modify the summary with fixed data">
</property>
<property name="Mock" value="Modify the &quot;Sumary Expiration&quot; with fixed data">
</property>
<property name="Mock" value="Modify the &quot;Top 5 delay&quot; with fixed data">
</property>
<property name="Mock" value="Modify the &quot;Top 5 total&quot; with fixed data">
</property>
<property name="Mock" value="Modify the &quot;Top 5 type&quot; with fixed data">
</property>
<property name="Mock" value="Modify the &quot;Top 10 Limit 1&quot; with fixed data">
</property>
<property name="Mock" value="Modify the &quot;Top 10 Limit 2&quot; with fixed data">
</property>
<property name="Mock" value="Modify the &quot;Top 10 Limit 3&quot; with fixed data">
</property>
<property name="Mock" value="Modify the &quot;Top 10 To Expire&quot; with fixed data">
</property>
<property name="Go To" value="Go to the page: &quot;https://effizientedemo.azurewebsites.net/AccountsReceivable/dashboard&quot;">
</property>
<property name="Step" value="Compare snapshot: dashboard.png with maxDiffPixelsRatio: 0.1">
</property>
</properties>
</testcase>
</testsuite>
<testsuite name="Effiziente/menu.spec.ts" timestamp="2024-03-27T00:51:04.154Z" hostname="chromium" tests="2" failures="0" skipped="0" time="5.136" errors="0">
<testcase name="Normal user › Should returns user menu" classname="Effiziente/menu.spec.ts" time="2.568">
<properties>
<property name="Go To" value="Go to the page: &quot;https://effizientedemo.azurewebsites.net/AccountsReceivable/dashboard&quot;">
</property>
<property name="PirmeFacesMenu" value="Get top menus">
</property>
<property name="Assert" value="Menu is equal to: AccountsReceivable,Config">
</property>
</properties>
</testcase>
<testcase name="Admin user › Should returns admin menu" classname="Effiziente/menu.spec.ts" time="2.568">
<properties>
<property name="Go To" value="Go to the page: &quot;https://effizientedemo.azurewebsites.net/AccountsReceivable/dashboard&quot;">
</property>
<property name="PirmeFacesMenu" value="Get top menus">
</property>
<property name="Assert" value="Menu is equal to:AccountsReceivable,Security,Config">
</property>
</properties>
</testcase>
</testsuite>
<testsuite name="Effiziente/Synthetic/login.spec.ts" timestamp="2024-03-27T00:51:04.154Z" hostname="chromium" tests="1" failures="0" skipped="0" time="4.183" errors="0">
<testcase name="Synthetic login testing › Should show dashboard" classname="Effiziente/Synthetic/login.spec.ts" time="4.183">
</testcase>
</testsuite>
<testsuite name="Effiziente/Synthetic/menu.spec.ts" timestamp="2024-03-27T00:51:04.154Z" hostname="chromium" tests="1" failures="0" skipped="0" time="4.245" errors="0">
<testcase name="Synthetic testing › Should show dashboard" classname="Effiziente/Synthetic/menu.spec.ts" time="4.245">
<properties>
<property name="Navigation" value="Go to:https://effizientedemo.azurewebsites.net">
</property>
</properties>
</testcase>
</testsuite>
<testsuite name="Effiziente/ZeroStep/login.spec.ts" timestamp="2024-03-27T00:51:04.154Z" hostname="chromium" tests="1" failures="0" skipped="0" time="6.634" errors="0">
<testcase name="AI Zero Step › Should show dashboard after login" classname="Effiziente/ZeroStep/login.spec.ts" time="6.634">
</testcase>
</testsuite>
<testsuite name="Google/searchLocale.spec.ts" timestamp="2024-03-27T00:51:04.154Z" hostname="chromium" tests="1" failures="0" skipped="0" time="1.449" errors="0">
<testcase name="Locale translations › Translations with locale and time zone id" classname="Google/searchLocale.spec.ts" time="1.449">
<properties>
<property name="Go To" value="Go to the page: &quot;https://www.google.com&quot;">
</property>
<property name="Assert" value="Search button text is equal to: &quot;Buscar con Google&quot;">
</property>
</properties>
</testcase>
</testsuite>
<testsuite name="SauceDemo/login.spec.ts" timestamp="2024-03-27T00:51:04.154Z" hostname="chromium" tests="1" failures="0" skipped="0" time="0.877" errors="0">
<testcase name="Login › Login with valid user load inventory page" classname="SauceDemo/login.spec.ts" time="0.877">
<properties>
<property name="Go To" value="Go to the page: &quot;https://www.saucedemo.com&quot;">
</property>
<property name="InputText" value="Fill: &quot;Username&quot; with value: &quot;standard_user&quot;">
</property>
<property name="InputPassword" value="Fill: &quot;Password with value: *****&quot;">
</property>
<property name="Button" value="Click: &quot;Login&quot;">
</property>
<property name="Assert" value="Check URL Page equal to: &quot;https://www.saucedemo.com/inventory.html&quot;">
</property>
</properties>
</testcase>
</testsuite>
<testsuite name="SauceDemo/loginLambdaTestFixture.spec.ts" timestamp="2024-03-27T00:51:04.154Z" hostname="chromium" tests="1" failures="0" skipped="0" time="0.916" errors="0">
<testcase name="Login › Login with valid user load inventory page" classname="SauceDemo/loginLambdaTestFixture.spec.ts" time="0.916">
<properties>
<property name="Go To" value="Go to the page: &quot;https://www.saucedemo.com&quot;">
</property>
<property name="InputText" value="Fill: &quot;Username&quot; with value: &quot;standard_user&quot;">
</property>
<property name="InputPassword" value="Fill: &quot;Password with value: *****&quot;">
</property>
<property name="Button" value="Click: &quot;Login&quot;">
</property>
<property name="Assert" value="Check URL Page equal to: &quot;https://www.saucedemo.com/inventory.html&quot;">
</property>
</properties>
</testcase>
</testsuite>
<testsuite name="Effiziente/dashboard.spec.ts" timestamp="2024-03-27T00:51:04.154Z" hostname="firefox" tests="1" failures="0" skipped="0" time="5.346" errors="0">
<testcase name="Check Dashboard › Should show dashboard" classname="Effiziente/dashboard.spec.ts" time="5.346">
<properties>
<property name="Mock" value="Modify the summary with fixed data">
</property>
<property name="Mock" value="Modify the &quot;Sumary Expiration&quot; with fixed data">
</property>
<property name="Mock" value="Modify the &quot;Top 5 delay&quot; with fixed data">
</property>
<property name="Mock" value="Modify the &quot;Top 5 total&quot; with fixed data">
</property>
<property name="Mock" value="Modify the &quot;Top 5 type&quot; with fixed data">
</property>
<property name="Mock" value="Modify the &quot;Top 10 Limit 1&quot; with fixed data">
</property>
<property name="Mock" value="Modify the &quot;Top 10 Limit 2&quot; with fixed data">
</property>
<property name="Mock" value="Modify the &quot;Top 10 Limit 3&quot; with fixed data">
</property>
<property name="Mock" value="Modify the &quot;Top 10 To Expire&quot; with fixed data">
</property>
<property name="Go To" value="Go to the page: &quot;https://effizientedemo.azurewebsites.net/AccountsReceivable/dashboard&quot;">
</property>
<property name="Step" value="Compare snapshot: dashboard.png with maxDiffPixelsRatio: 0.1">
</property>
</properties>
</testcase>
</testsuite>
<testsuite name="Effiziente/menu.spec.ts" timestamp="2024-03-27T00:51:04.154Z" hostname="firefox" tests="2" failures="0" skipped="0" time="10.163" errors="0">
<testcase name="Normal user › Should returns user menu" classname="Effiziente/menu.spec.ts" time="5.651">
<properties>
<property name="Go To" value="Go to the page: &quot;https://effizientedemo.azurewebsites.net/AccountsReceivable/dashboard&quot;">
</property>
<property name="PirmeFacesMenu" value="Get top menus">
</property>
<property name="Assert" value="Menu is equal to: AccountsReceivable,Config">
</property>
</properties>
</testcase>
<testcase name="Admin user › Should returns admin menu" classname="Effiziente/menu.spec.ts" time="4.512">
<properties>
<property name="Go To" value="Go to the page: &quot;https://effizientedemo.azurewebsites.net/AccountsReceivable/dashboard&quot;">
</property>
<property name="PirmeFacesMenu" value="Get top menus">
</property>
<property name="Assert" value="Menu is equal to:AccountsReceivable,Security,Config">
</property>
</properties>
</testcase>
</testsuite>
<testsuite name="Effiziente/Synthetic/login.spec.ts" timestamp="2024-03-27T00:51:04.154Z" hostname="firefox" tests="1" failures="0" skipped="0" time="9.673" errors="0">
<testcase name="Synthetic login testing › Should show dashboard" classname="Effiziente/Synthetic/login.spec.ts" time="9.673">
</testcase>
</testsuite>
<testsuite name="Effiziente/Synthetic/menu.spec.ts" timestamp="2024-03-27T00:51:04.154Z" hostname="firefox" tests="1" failures="0" skipped="0" time="9.426" errors="0">
<testcase name="Synthetic testing › Should show dashboard" classname="Effiziente/Synthetic/menu.spec.ts" time="9.426">
<properties>
<property name="Navigation" value="Go to:https://effizientedemo.azurewebsites.net">
</property>
</properties>
</testcase>
</testsuite>
<testsuite name="Effiziente/ZeroStep/login.spec.ts" timestamp="2024-03-27T00:51:04.154Z" hostname="firefox" tests="1" failures="0" skipped="1" time="0.251" errors="0">
<testcase name="AI Zero Step › Should show dashboard after login" classname="Effiziente/ZeroStep/login.spec.ts" time="0.251">
<properties>
<property name="skip" value="Zero Steps only works in chromium">
</property>
</properties>
<skipped>
</skipped>
</testcase>
</testsuite>
<testsuite name="Google/searchLocale.spec.ts" timestamp="2024-03-27T00:51:04.154Z" hostname="firefox" tests="1" failures="0" skipped="0" time="1.355" errors="0">
<testcase name="Locale translations › Translations with locale and time zone id" classname="Google/searchLocale.spec.ts" time="1.355">
<properties>
<property name="Go To" value="Go to the page: &quot;https://www.google.com&quot;">
</property>
<property name="Assert" value="Search button text is equal to: &quot;Buscar con Google&quot;">
</property>
</properties>
</testcase>
</testsuite>
<testsuite name="SauceDemo/login.spec.ts" timestamp="2024-03-27T00:51:04.154Z" hostname="firefox" tests="1" failures="0" skipped="0" time="1.261" errors="0">
<testcase name="Login › Login with valid user load inventory page" classname="SauceDemo/login.spec.ts" time="1.261">
<properties>
<property name="Go To" value="Go to the page: &quot;https://www.saucedemo.com&quot;">
</property>
<property name="InputText" value="Fill: &quot;Username&quot; with value: &quot;standard_user&quot;">
</property>
<property name="InputPassword" value="Fill: &quot;Password with value: *****&quot;">
</property>
<property name="Button" value="Click: &quot;Login&quot;">
</property>
<property name="Assert" value="Check URL Page equal to: &quot;https://www.saucedemo.com/inventory.html&quot;">
</property>
</properties>
</testcase>
</testsuite>
<testsuite name="SauceDemo/loginLambdaTestFixture.spec.ts" timestamp="2024-03-27T00:51:04.154Z" hostname="firefox" tests="1" failures="0" skipped="0" time="0.871" errors="0">
<testcase name="Login › Login with valid user load inventory page" classname="SauceDemo/loginLambdaTestFixture.spec.ts" time="0.871">
<properties>
<property name="Go To" value="Go to the page: &quot;https://www.saucedemo.com&quot;">
</property>
<property name="InputText" value="Fill: &quot;Username&quot; with value: &quot;standard_user&quot;">
</property>
<property name="InputPassword" value="Fill: &quot;Password with value: *****&quot;">
</property>
<property name="Button" value="Click: &quot;Login&quot;">
</property>
<property name="Assert" value="Check URL Page equal to: &quot;https://www.saucedemo.com/inventory.html&quot;">
</property>
</properties>
</testcase>
</testsuite>
<testsuite name="Effiziente/dashboard.spec.ts" timestamp="2024-03-27T00:51:04.154Z" hostname="webkit" tests="1" failures="0" skipped="0" time="8.051" errors="0">
<testcase name="Check Dashboard › Should show dashboard" classname="Effiziente/dashboard.spec.ts" time="8.051">
<properties>
<property name="Mock" value="Modify the summary with fixed data">
</property>
<property name="Mock" value="Modify the &quot;Sumary Expiration&quot; with fixed data">
</property>
<property name="Mock" value="Modify the &quot;Top 5 delay&quot; with fixed data">
</property>
<property name="Mock" value="Modify the &quot;Top 5 total&quot; with fixed data">
</property>
<property name="Mock" value="Modify the &quot;Top 5 type&quot; with fixed data">
</property>
<property name="Mock" value="Modify the &quot;Top 10 Limit 1&quot; with fixed data">
</property>
<property name="Mock" value="Modify the &quot;Top 10 Limit 2&quot; with fixed data">
</property>
<property name="Mock" value="Modify the &quot;Top 10 Limit 3&quot; with fixed data">
</property>
<property name="Mock" value="Modify the &quot;Top 10 To Expire&quot; with fixed data">
</property>
<property name="Go To" value="Go to the page: &quot;https://effizientedemo.azurewebsites.net/AccountsReceivable/dashboard&quot;">
</property>
<property name="Step" value="Compare snapshot: dashboard.png with maxDiffPixelsRatio: 0.1">
</property>
</properties>
</testcase>
</testsuite>
<testsuite name="Effiziente/menu.spec.ts" timestamp="2024-03-27T00:51:04.154Z" hostname="webkit" tests="2" failures="0" skipped="0" time="14.081" errors="0">
<testcase name="Normal user › Should returns user menu" classname="Effiziente/menu.spec.ts" time="8.117">
<properties>
<property name="Go To" value="Go to the page: &quot;https://effizientedemo.azurewebsites.net/AccountsReceivable/dashboard&quot;">
</property>
<property name="PirmeFacesMenu" value="Get top menus">
</property>
<property name="Assert" value="Menu is equal to: AccountsReceivable,Config">
</property>
</properties>
</testcase>
<testcase name="Admin user › Should returns admin menu" classname="Effiziente/menu.spec.ts" time="5.964">
<properties>
<property name="Go To" value="Go to the page: &quot;https://effizientedemo.azurewebsites.net/AccountsReceivable/dashboard&quot;">
</property>
<property name="PirmeFacesMenu" value="Get top menus">
</property>
<property name="Assert" value="Menu is equal to:AccountsReceivable,Security,Config">
</property>
</properties>
</testcase>
</testsuite>
<testsuite name="Effiziente/Synthetic/login.spec.ts" timestamp="2024-03-27T00:51:04.154Z" hostname="webkit" tests="1" failures="0" skipped="0" time="6.66" errors="0">
<testcase name="Synthetic login testing › Should show dashboard" classname="Effiziente/Synthetic/login.spec.ts" time="6.66">
</testcase>
</testsuite>
<testsuite name="Effiziente/Synthetic/menu.spec.ts" timestamp="2024-03-27T00:51:04.154Z" hostname="webkit" tests="1" failures="0" skipped="0" time="7.045" errors="0">
<testcase name="Synthetic testing › Should show dashboard" classname="Effiziente/Synthetic/menu.spec.ts" time="7.045">
<properties>
<property name="Navigation" value="Go to:https://effizientedemo.azurewebsites.net">
</property>
</properties>
</testcase>
</testsuite>
<testsuite name="Effiziente/ZeroStep/login.spec.ts" timestamp="2024-03-27T00:51:04.154Z" hostname="webkit" tests="1" failures="0" skipped="1" time="0.489" errors="0">
<testcase name="AI Zero Step › Should show dashboard after login" classname="Effiziente/ZeroStep/login.spec.ts" time="0.489">
<properties>
<property name="skip" value="Zero Steps only works in chromium">
</property>
</properties>
<skipped>
</skipped>
</testcase>
</testsuite>
<testsuite name="Google/searchLocale.spec.ts" timestamp="2024-03-27T00:51:04.154Z" hostname="webkit" tests="1" failures="0" skipped="0" time="2.147" errors="0">
<testcase name="Locale translations › Translations with locale and time zone id" classname="Google/searchLocale.spec.ts" time="2.147">
<properties>
<property name="Go To" value="Go to the page: &quot;https://www.google.com&quot;">
</property>
<property name="Assert" value="Search button text is equal to: &quot;Buscar con Google&quot;">
</property>
</properties>
</testcase>
</testsuite>
<testsuite name="SauceDemo/login.spec.ts" timestamp="2024-03-27T00:51:04.154Z" hostname="webkit" tests="1" failures="0" skipped="0" time="2.551" errors="0">
<testcase name="Login › Login with valid user load inventory page" classname="SauceDemo/login.spec.ts" time="2.551">
<properties>
<property name="Go To" value="Go to the page: &quot;https://www.saucedemo.com&quot;">
</property>
<property name="InputText" value="Fill: &quot;Username&quot; with value: &quot;standard_user&quot;">
</property>
<property name="InputPassword" value="Fill: &quot;Password with value: *****&quot;">
</property>
<property name="Button" value="Click: &quot;Login&quot;">
</property>
<property name="Assert" value="Check URL Page equal to: &quot;https://www.saucedemo.com/inventory.html&quot;">
</property>
</properties>
</testcase>
</testsuite>
<testsuite name="SauceDemo/loginLambdaTestFixture.spec.ts" timestamp="2024-03-27T00:51:04.154Z" hostname="webkit" tests="1" failures="0" skipped="0" time="0.983" errors="0">
<testcase name="Login › Login with valid user load inventory page" classname="SauceDemo/loginLambdaTestFixture.spec.ts" time="0.983">
<properties>
<property name="Go To" value="Go to the page: &quot;https://www.saucedemo.com&quot;">
</property>
<property name="InputText" value="Fill: &quot;Username&quot; with value: &quot;standard_user&quot;">
</property>
<property name="InputPassword" value="Fill: &quot;Password with value: *****&quot;">
</property>
<property name="Button" value="Click: &quot;Login&quot;">
</property>
<property name="Assert" value="Check URL Page equal to: &quot;https://www.saucedemo.com/inventory.html&quot;">
</property>
</properties>
</testcase>
</testsuite>
</testsuites>