<testsuites id="" name="" tests="54" failures="12" skipped="3" errors="0" time="141.08333">
<testsuite name="Fixture-LambdaTest/loginLambdaTestFixture.spec.ts" timestamp="2024-07-26T04:12:40.794Z" hostname="chrome:latest:MacOS Catalina@lambdatest" tests="1" failures="0" skipped="0" time="12.756" errors="0">
<testcase name="Login › Login with valid user load inventory page" classname="Fixture-LambdaTest/loginLambdaTestFixture.spec.ts" time="12.756">
<properties>
<property name="Go To" value="Go to the page: &quot;https://www.saucedemo.com&quot;">
</property>
<property name="InputText" value="Fill &quot;Username:&quot; with the value: &quot;standard_user&quot;">
</property>
<property name="InputPassword" value="Fill: &quot;Password with value: *****&quot;">
</property>
<property name="Button" value="Click: &quot;Login&quot;">
</property>
<property name="Assert" value="Check URL Page equal to: &quot;https://www.saucedemo.com/inventory.html&quot;">
</property>
</properties>
</testcase>
</testsuite>
<testsuite name="Fixture-LambdaTest/loginLambdaTestFixture.spec.ts" timestamp="2024-07-26T04:12:40.794Z" hostname="pw-webkit:latest:MacOS Monterey@lambdatest" tests="1" failures="0" skipped="0" time="11.921" errors="0">
<testcase name="Login › Login with valid user load inventory page" classname="Fixture-LambdaTest/loginLambdaTestFixture.spec.ts" time="11.921">
<properties>
<property name="Go To" value="Go to the page: &quot;https://www.saucedemo.com&quot;">
</property>
<property name="InputText" value="Fill &quot;Username:&quot; with the value: &quot;standard_user&quot;">
</property>
<property name="InputPassword" value="Fill: &quot;Password with value: *****&quot;">
</property>
<property name="Button" value="Click: &quot;Login&quot;">
</property>
<property name="Assert" value="Check URL Page equal to: &quot;https://www.saucedemo.com/inventory.html&quot;">
</property>
</properties>
</testcase>
</testsuite>
<testsuite name="Fixture-LambdaTest/loginLambdaTestFixture.spec.ts" timestamp="2024-07-26T04:12:40.794Z" hostname="chrome:latest:Windows 10@lambdatest" tests="1" failures="0" skipped="0" time="41.026" errors="0">
<testcase name="Login › Login with valid user load inventory page" classname="Fixture-LambdaTest/loginLambdaTestFixture.spec.ts" time="41.026">
<properties>
<property name="Go To" value="Go to the page: &quot;https://www.saucedemo.com&quot;">
</property>
<property name="InputText" value="Fill &quot;Username:&quot; with the value: &quot;standard_user&quot;">
</property>
<property name="InputPassword" value="Fill: &quot;Password with value: *****&quot;">
</property>
<property name="Button" value="Click: &quot;Login&quot;">
</property>
<property name="Assert" value="Check URL Page equal to: &quot;https://www.saucedemo.com/inventory.html&quot;">
</property>
</properties>
</testcase>
</testsuite>
<testsuite name="Accessibility/pageAccessibility.spec.ts" timestamp="2024-07-26T04:12:40.794Z" hostname="desktop-chromium" tests="3" failures="3" skipped="0" time="0.325" errors="0">
<testcase name="Test Accessibility By Page › Check Page accessibility" classname="Accessibility/pageAccessibility.spec.ts" time="0.116">
<properties>
<property name="Go To" value="Go to: undefined">
</property>
</properties>
<failure message="pageAccessibility.spec.ts:17:9 Check Page accessibility" type="FAILURE">
<![CDATA[  [desktop-chromium] › Accessibility/pageAccessibility.spec.ts:17:9 › Test Accessibility By Page › Check Page accessibility 

    Error: page.goto: url: expected string, got undefined

      21 |         const annotationHelper = new AnnotationHelper(page, pageToTest);
      22 |         annotationHelper.addAnnotation(AnnotationType.GoTo, 'Go to: ' + pageToTest);
    > 23 |         await page.goto(pageToTest);
         |                    ^
      24 |         await accessibilityHelper.checkAccessibility('CustomPage', annotationHelper.getAnnotations());
      25 |
      26 |     });

        at /home/runner/work/Playwright/Playwright/tests/Accessibility/pageAccessibility.spec.ts:23:20

    attachment #1: screenshot (image/png) ──────────────────────────────────────────────────────────
    test-results/Accessibility-pageAccessib-c4c16-ge-Check-Page-accessibility-desktop-chromium/test-failed-1.png
    ────────────────────────────────────────────────────────────────────────────────────────────────

    attachment #2: video (video/webm) ──────────────────────────────────────────────────────────────
    test-results/Accessibility-pageAccessib-c4c16-ge-Check-Page-accessibility-desktop-chromium/video.webm
    ────────────────────────────────────────────────────────────────────────────────────────────────

    attachment #3: trace (application/zip) ─────────────────────────────────────────────────────────
    test-results/Accessibility-pageAccessib-c4c16-ge-Check-Page-accessibility-desktop-chromium/trace.zip
    Usage:

        npx playwright show-trace test-results/Accessibility-pageAccessib-c4c16-ge-Check-Page-accessibility-desktop-chromium/trace.zip

    ────────────────────────────────────────────────────────────────────────────────────────────────
]]>
</failure>
<system-out>
<![CDATA[
[[ATTACHMENT|../test-results/Accessibility-pageAccessib-c4c16-ge-Check-Page-accessibility-desktop-chromium/test-failed-1.png]]

[[ATTACHMENT|../test-results/Accessibility-pageAccessib-c4c16-ge-Check-Page-accessibility-desktop-chromium/video.webm]]

[[ATTACHMENT|../test-results/Accessibility-pageAccessib-c4c16-ge-Check-Page-accessibility-desktop-chromium/trace.zip]]
]]>
</system-out>
</testcase>
<testcase name="Test Accessibility By Page › Check tab order" classname="Accessibility/pageAccessibility.spec.ts" time="0.1">
<properties>
<property name="Go To" value="Go to: undefined">
</property>
</properties>
<failure message="pageAccessibility.spec.ts:28:9 Check tab order" type="FAILURE">
<![CDATA[  [desktop-chromium] › Accessibility/pageAccessibility.spec.ts:28:9 › Test Accessibility By Page › Check tab order 

    Error: page.goto: url: expected string, got undefined

      32 |         const tabHelper = new TabHelper(page, keyPage);
      33 |         annotationHelper.addAnnotation(AnnotationType.GoTo, 'Go to: ' + pageToTest);
    > 34 |         await page.goto(pageToTest);
         |                    ^
      35 |         //Add a number and blue box to the element after press tab
      36 |         await tabHelper.showTabOrder();
      37 |         //Check that the tab is the same that the elements

        at /home/runner/work/Playwright/Playwright/tests/Accessibility/pageAccessibility.spec.ts:34:20

    attachment #1: screenshot (image/png) ──────────────────────────────────────────────────────────
    test-results/Accessibility-pageAccessib-bc5d8-ity-By-Page-Check-tab-order-desktop-chromium/test-failed-1.png
    ────────────────────────────────────────────────────────────────────────────────────────────────

    attachment #2: video (video/webm) ──────────────────────────────────────────────────────────────
    test-results/Accessibility-pageAccessib-bc5d8-ity-By-Page-Check-tab-order-desktop-chromium/video.webm
    ────────────────────────────────────────────────────────────────────────────────────────────────

    attachment #3: trace (application/zip) ─────────────────────────────────────────────────────────
    test-results/Accessibility-pageAccessib-bc5d8-ity-By-Page-Check-tab-order-desktop-chromium/trace.zip
    Usage:

        npx playwright show-trace test-results/Accessibility-pageAccessib-bc5d8-ity-By-Page-Check-tab-order-desktop-chromium/trace.zip

    ────────────────────────────────────────────────────────────────────────────────────────────────
]]>
</failure>
<system-out>
<![CDATA[
[[ATTACHMENT|../test-results/Accessibility-pageAccessib-bc5d8-ity-By-Page-Check-tab-order-desktop-chromium/test-failed-1.png]]

[[ATTACHMENT|../test-results/Accessibility-pageAccessib-bc5d8-ity-By-Page-Check-tab-order-desktop-chromium/video.webm]]

[[ATTACHMENT|../test-results/Accessibility-pageAccessib-bc5d8-ity-By-Page-Check-tab-order-desktop-chromium/trace.zip]]
]]>
</system-out>
</testcase>
<testcase name="Test Accessibility By Page › Check alt text &amp; aria-label" classname="Accessibility/pageAccessibility.spec.ts" time="0.109">
<properties>
<property name="Go To" value="Go to: undefined">
</property>
</properties>
<failure message="pageAccessibility.spec.ts:42:9 Check alt text &amp; aria-label" type="FAILURE">
<![CDATA[  [desktop-chromium] › Accessibility/pageAccessibility.spec.ts:42:9 › Test Accessibility By Page › Check alt text & aria-label 

    Error: page.goto: url: expected string, got undefined

      46 |         const altHelper = new AltHelper(page, keyPage, testInfo);
      47 |         annotationHelper.addAnnotation(AnnotationType.GoTo, 'Go to: ' + pageToTest);
    > 48 |         await page.goto(pageToTest);
         |                    ^
      49 |         //Check that images have alt text attribute
      50 |         await altHelper.checkAltText();
      51 |         //Generate a table with all alt texts

        at /home/runner/work/Playwright/Playwright/tests/Accessibility/pageAccessibility.spec.ts:48:20

    attachment #1: screenshot (image/png) ──────────────────────────────────────────────────────────
    test-results/Accessibility-pageAccessib-e1df0-e-Check-alt-text-aria-label-desktop-chromium/test-failed-1.png
    ────────────────────────────────────────────────────────────────────────────────────────────────

    attachment #2: video (video/webm) ──────────────────────────────────────────────────────────────
    test-results/Accessibility-pageAccessib-e1df0-e-Check-alt-text-aria-label-desktop-chromium/video.webm
    ────────────────────────────────────────────────────────────────────────────────────────────────

    attachment #3: trace (application/zip) ─────────────────────────────────────────────────────────
    test-results/Accessibility-pageAccessib-e1df0-e-Check-alt-text-aria-label-desktop-chromium/trace.zip
    Usage:

        npx playwright show-trace test-results/Accessibility-pageAccessib-e1df0-e-Check-alt-text-aria-label-desktop-chromium/trace.zip

    ────────────────────────────────────────────────────────────────────────────────────────────────
]]>
</failure>
<system-out>
<![CDATA[
[[ATTACHMENT|../test-results/Accessibility-pageAccessib-e1df0-e-Check-alt-text-aria-label-desktop-chromium/test-failed-1.png]]

[[ATTACHMENT|../test-results/Accessibility-pageAccessib-e1df0-e-Check-alt-text-aria-label-desktop-chromium/video.webm]]

[[ATTACHMENT|../test-results/Accessibility-pageAccessib-e1df0-e-Check-alt-text-aria-label-desktop-chromium/trace.zip]]
]]>
</system-out>
</testcase>
</testsuite>
<testsuite name="AI/login.spec.ts" timestamp="2024-07-26T04:12:40.794Z" hostname="desktop-chromium" tests="1" failures="0" skipped="0" time="6.447" errors="0">
<testcase name="AI Zero Step › Should show dashboard after login" classname="AI/login.spec.ts" time="6.447">
</testcase>
</testsuite>
<testsuite name="Api/addToCart.spec.ts" timestamp="2024-07-26T04:12:40.794Z" hostname="desktop-chromium" tests="1" failures="1" skipped="0" time="0.418" errors="0">
<testcase name="Contoso Traders › Should add an item to the cart" classname="Api/addToCart.spec.ts" time="0.418">
<properties>
<property name="Go To" value="Go to the page: &quot;https://cloudtesting.contosotraders.com&quot;">
</property>
</properties>
<failure message="addToCart.spec.ts:10:9 Should add an item to the cart" type="FAILURE">
<![CDATA[  [desktop-chromium] › Api/addToCart.spec.ts:10:9 › Contoso Traders › Should add an item to the cart › Go to the page: "https://cloudtesting.contosotraders.com" 

    Error: page.goto: net::ERR_NAME_NOT_RESOLVED at https://cloudtesting.contosotraders.com/
    Call log:
      - navigating to "https://cloudtesting.contosotraders.com/", waiting until "load"


       at ../pages/ContosoTraders/homePage.ts:24

      22 |         const url = process.env.CONTOSO_URL ?? 'https://cloudtesting.contosotraders.com';
      23 |         await this.addStepWithAnnotation(AnnotationType.GoTo, 'Go to the page: "' + url + '"', async () => {
    > 24 |             await this.page.goto(url);
         |                             ^
      25 |         });
      26 |     }
      27 |

        at /home/runner/work/Playwright/Playwright/pages/ContosoTraders/homePage.ts:24:29
        at HomePage.addStepWithAnnotation (/home/runner/work/Playwright/Playwright/pages/basePage.ts:55:31)
        at HomePage.goTo (/home/runner/work/Playwright/Playwright/pages/ContosoTraders/homePage.ts:23:20)
        at /home/runner/work/Playwright/Playwright/tests/Api/addToCart.spec.ts:12:24

    attachment #1: screenshot (image/png) ──────────────────────────────────────────────────────────
    test-results/Api-addToCart-Contoso-Traders-Should-add-an-item-to-the-cart-desktop-chromium/test-failed-1.png
    ────────────────────────────────────────────────────────────────────────────────────────────────

    attachment #2: video (video/webm) ──────────────────────────────────────────────────────────────
    test-results/Api-addToCart-Contoso-Traders-Should-add-an-item-to-the-cart-desktop-chromium/video.webm
    ────────────────────────────────────────────────────────────────────────────────────────────────

    attachment #3: trace (application/zip) ─────────────────────────────────────────────────────────
    test-results/Api-addToCart-Contoso-Traders-Should-add-an-item-to-the-cart-desktop-chromium/trace.zip
    Usage:

        npx playwright show-trace test-results/Api-addToCart-Contoso-Traders-Should-add-an-item-to-the-cart-desktop-chromium/trace.zip

    ────────────────────────────────────────────────────────────────────────────────────────────────

    Retry #1 ───────────────────────────────────────────────────────────────────────────────────────

    Error: page.goto: net::ERR_NAME_NOT_RESOLVED at https://cloudtesting.contosotraders.com/
    Call log:
      - navigating to "https://cloudtesting.contosotraders.com/", waiting until "load"


       at ../pages/ContosoTraders/homePage.ts:24

      22 |         const url = process.env.CONTOSO_URL ?? 'https://cloudtesting.contosotraders.com';
      23 |         await this.addStepWithAnnotation(AnnotationType.GoTo, 'Go to the page: "' + url + '"', async () => {
    > 24 |             await this.page.goto(url);
         |                             ^
      25 |         });
      26 |     }
      27 |

        at /home/runner/work/Playwright/Playwright/pages/ContosoTraders/homePage.ts:24:29
        at HomePage.addStepWithAnnotation (/home/runner/work/Playwright/Playwright/pages/basePage.ts:55:31)
        at HomePage.goTo (/home/runner/work/Playwright/Playwright/pages/ContosoTraders/homePage.ts:23:20)
        at /home/runner/work/Playwright/Playwright/tests/Api/addToCart.spec.ts:12:24

    attachment #1: screenshot (image/png) ──────────────────────────────────────────────────────────
    test-results/Api-addToCart-Contoso-Traders-Should-add-an-item-to-the-cart-desktop-chromium-retry1/test-failed-1.png
    ────────────────────────────────────────────────────────────────────────────────────────────────

    attachment #2: video (video/webm) ──────────────────────────────────────────────────────────────
    test-results/Api-addToCart-Contoso-Traders-Should-add-an-item-to-the-cart-desktop-chromium-retry1/video.webm
    ────────────────────────────────────────────────────────────────────────────────────────────────

    attachment #3: trace (application/zip) ─────────────────────────────────────────────────────────
    test-results/Api-addToCart-Contoso-Traders-Should-add-an-item-to-the-cart-desktop-chromium-retry1/trace.zip
    Usage:

        npx playwright show-trace test-results/Api-addToCart-Contoso-Traders-Should-add-an-item-to-the-cart-desktop-chromium-retry1/trace.zip

    ────────────────────────────────────────────────────────────────────────────────────────────────
]]>
</failure>
<system-out>
<![CDATA[
[[ATTACHMENT|../test-results/Api-addToCart-Contoso-Traders-Should-add-an-item-to-the-cart-desktop-chromium/test-failed-1.png]]

[[ATTACHMENT|../test-results/Api-addToCart-Contoso-Traders-Should-add-an-item-to-the-cart-desktop-chromium/video.webm]]

[[ATTACHMENT|../test-results/Api-addToCart-Contoso-Traders-Should-add-an-item-to-the-cart-desktop-chromium/trace.zip]]

[[ATTACHMENT|../test-results/Api-addToCart-Contoso-Traders-Should-add-an-item-to-the-cart-desktop-chromium-retry1/test-failed-1.png]]

[[ATTACHMENT|../test-results/Api-addToCart-Contoso-Traders-Should-add-an-item-to-the-cart-desktop-chromium-retry1/video.webm]]

[[ATTACHMENT|../test-results/Api-addToCart-Contoso-Traders-Should-add-an-item-to-the-cart-desktop-chromium-retry1/trace.zip]]
]]>
</system-out>
</testcase>
</testsuite>
<testsuite name="Api/servers.spec.ts" timestamp="2024-07-26T04:12:40.794Z" hostname="desktop-chromium" tests="2" failures="0" skipped="0" time="7.455" errors="0">
<testcase name="Servers › Should add a server" classname="Api/servers.spec.ts" time="3.782">
<properties>
<property name="Go To" value="Go to the servers page: &quot;https://effizientedemo.azurewebsites.net/Security/servers&quot;">
</property>
<property name="Button" value="Click: &quot;Add&quot;">
</property>
<property name="InputText" value="Fill &quot;Key:&quot; with the value: &quot;138588&quot;">
</property>
<property name="InputText" value="Fill &quot;Name:&quot; with the value: &quot;Schuster - Jacobi&quot;">
</property>
<property name="InputText" value="Fill &quot;Url:&quot; with the value: &quot;https://respectful-spat.org&quot;">
</property>
<property name="Button" value="Click: &quot;Save&quot;">
</property>
<property name="Assert" value="Success message is visible">
</property>
<property name="Assert" value="Server id should be a number greater than 1">
</property>
<property name="Assert" value="Server with the key: &quot;138588&quot; exists in the table">
</property>
<property name="Assert" value="The server name for the key: &quot;138588&quot; is: &quot;Schuster - Jacobi&quot;">
</property>
<property name="Assert" value="The server url for the key: &quot;138588&quot; is: &quot;https://respectful-spat.org&quot;">
</property>
</properties>
<system-out>
<![CDATA[index:2
]]>
</system-out>
</testcase>
<testcase name="Servers › Should edit a server" classname="Api/servers.spec.ts" time="3.673">
<properties>
<property name="Go To" value="Go to the servers page: &quot;https://effizientedemo.azurewebsites.net/Security/servers&quot;">
</property>
<property name="Step" value="Create server with API">
</property>
<property name="Go To" value="Go to the servers page: &quot;https://effizientedemo.azurewebsites.net/Security/servers&quot;">
</property>
<property name="InputText" value="Fill &quot;key:&quot; with the value: &quot;522801&quot;">
</property>
<property name="InputText" value="Fill &quot;Name:&quot; with the value: &quot;Howell - Connelly&quot;">
</property>
<property name="InputText" value="Fill &quot;Url:&quot; with the value: &quot;https://melodic-external.name/&quot;">
</property>
<property name="Button" value="Click: &quot;Save&quot;">
</property>
<property name="Assert" value="Success message is visible">
</property>
<property name="Assert" value="Server with the key: &quot;522801&quot; exists in the table">
</property>
<property name="Assert" value="The server name for the key: &quot;522801&quot; is: &quot;Howell - Connelly&quot;">
</property>
<property name="Assert" value="The server url for the key: &quot;522801&quot; is: &quot;https://melodic-external.name/&quot;">
</property>
</properties>
<system-out>
<![CDATA[index:2
]]>
</system-out>
</testcase>
</testsuite>
<testsuite name="Basic/login.spec.ts" timestamp="2024-07-26T04:12:40.794Z" hostname="desktop-chromium" tests="1" failures="0" skipped="0" time="0.681" errors="0">
<testcase name="Login › Login with valid user load inventory page" classname="Basic/login.spec.ts" time="0.681">
<properties>
<property name="Go To" value="Go to the page: &quot;https://www.saucedemo.com&quot;">
</property>
<property name="InputText" value="Fill &quot;Username:&quot; with the value: &quot;standard_user&quot;">
</property>
<property name="InputPassword" value="Fill: &quot;Password with value: *****&quot;">
</property>
<property name="Button" value="Click: &quot;Login&quot;">
</property>
<property name="Assert" value="Check URL Page is equal to: &quot;https://www.saucedemo.com/inventory.html&quot;">
</property>
</properties>
</testcase>
</testsuite>
<testsuite name="Basic/menu.spec.ts" timestamp="2024-07-26T04:12:40.794Z" hostname="desktop-chromium" tests="2" failures="0" skipped="0" time="4.633" errors="0">
<testcase name="Normal user › Should returns user menu" classname="Basic/menu.spec.ts" time="2.251">
<properties>
<property name="Go To" value="Go to the page: &quot;https://effizientedemo.azurewebsites.net/AccountsReceivable/dashboard&quot;">
</property>
<property name="PirmeFacesMenu" value="Get top menus">
</property>
<property name="Assert" value="Menu are equal to: &quot;AccountsReceivable,Config&quot;">
</property>
</properties>
</testcase>
<testcase name="Admin user › Should returns admin menu" classname="Basic/menu.spec.ts" time="2.382">
<properties>
<property name="Go To" value="Go to the page: &quot;https://effizientedemo.azurewebsites.net/AccountsReceivable/dashboard&quot;">
</property>
<property name="PirmeFacesMenu" value="Get top menus">
</property>
<property name="Assert" value="Menu are equal to: &quot;AccountsReceivable,Security,Config&quot;">
</property>
</properties>
</testcase>
</testsuite>
<testsuite name="Excel/exportServers.spec.ts" timestamp="2024-07-26T04:12:40.794Z" hostname="desktop-chromium" tests="1" failures="0" skipped="0" time="2.008" errors="0">
<testcase name="Servers › Should export servers to excel" classname="Excel/exportServers.spec.ts" time="2.008">
<properties>
<property name="Go To" value="Go to the servers page: &quot;https://effizientedemo.azurewebsites.net/Security/servers&quot;">
</property>
<property name="ButtonExcel" value="Click: &quot;Export to Excel&quot;">
</property>
<property name="Assert" value="The excel file rows are equal to the grid rows">
</property>
</properties>
<system-out>
<![CDATA[
[[ATTACHMENT|../test-results/Excel-exportServers-Servers-Should-export-servers-to-excel-desktop-chromium/attachments/servers-xlsx-b45414d1440b649c23868d9b19e0f22e5f012826.xlsx]]
]]>
</system-out>
</testcase>
</testsuite>
<testsuite name="Fixture-LambdaTest/loginLambdaTestFixture.spec.ts" timestamp="2024-07-26T04:12:40.794Z" hostname="desktop-chromium" tests="1" failures="0" skipped="0" time="0.567" errors="0">
<testcase name="Login › Login with valid user load inventory page" classname="Fixture-LambdaTest/loginLambdaTestFixture.spec.ts" time="0.567">
<properties>
<property name="Go To" value="Go to the page: &quot;https://www.saucedemo.com&quot;">
</property>
<property name="InputText" value="Fill &quot;Username:&quot; with the value: &quot;standard_user&quot;">
</property>
<property name="InputPassword" value="Fill: &quot;Password with value: *****&quot;">
</property>
<property name="Button" value="Click: &quot;Login&quot;">
</property>
<property name="Assert" value="Check URL Page equal to: &quot;https://www.saucedemo.com/inventory.html&quot;">
</property>
</properties>
</testcase>
</testsuite>
<testsuite name="LocaleGeo/bingMaps.spec.ts" timestamp="2024-07-26T04:12:40.794Z" hostname="desktop-chromium" tests="1" failures="0" skipped="0" time="4.484" errors="0">
<testcase name="Geo Location Test › The bing maps is located to munich" classname="LocaleGeo/bingMaps.spec.ts" time="4.484">
<properties>
<property name="Go To" value="Go to the page: &quot;https://www.bing.com/maps&quot;">
</property>
<property name="Button" value="Click: &quot;button.locateMeBtn&quot;">
</property>
<property name="Button" value="Click: &quot;button.geochainUncollapse&quot;">
</property>
<property name="Assert" value="Geo name is equal to:GermanyBavariaMunich (District)">
</property>
</properties>
</testcase>
</testsuite>
<testsuite name="LocaleGeo/searchLocale.spec.ts" timestamp="2024-07-26T04:12:40.794Z" hostname="desktop-chromium" tests="1" failures="0" skipped="0" time="1.193" errors="0">
<testcase name="Locale translations › Translations with locale and time zone id" classname="LocaleGeo/searchLocale.spec.ts" time="1.193">
<properties>
<property name="Go To" value="Go to the page: &quot;https://www.google.com&quot;">
</property>
<property name="Assert" value="Search button text is equal to: &quot;Buscar con Google&quot;">
</property>
</properties>
</testcase>
</testsuite>
<testsuite name="Synthetic/login.spec.ts" timestamp="2024-07-26T04:12:40.794Z" hostname="desktop-chromium" tests="1" failures="0" skipped="0" time="3.165" errors="0">
<testcase name="Synthetic login testing › Should show dashboard" classname="Synthetic/login.spec.ts" time="3.165">
</testcase>
</testsuite>
<testsuite name="Synthetic/menu.spec.ts" timestamp="2024-07-26T04:12:40.794Z" hostname="desktop-chromium" tests="1" failures="0" skipped="0" time="3.535" errors="0">
<testcase name="Synthetic testing › Should show dashboard" classname="Synthetic/menu.spec.ts" time="3.535">
<properties>
<property name="Navigation" value="Go to:https://effizientedemo.azurewebsites.net">
</property>
</properties>
</testcase>
</testsuite>
<testsuite name="VisualTesting/dashboard.spec.ts" timestamp="2024-07-26T04:12:40.794Z" hostname="desktop-chromium" tests="1" failures="0" skipped="0" time="11.994" errors="0">
<testcase name="Check Dashboard › Should show dashboard" classname="VisualTesting/dashboard.spec.ts" time="11.994">
<properties>
<property name="Mock" value="Modify the summary with fixed data">
</property>
<property name="Mock" value="Modify the &quot;Sumary Expiration&quot; with fixed data">
</property>
<property name="Mock" value="Modify the &quot;Top 5 delay&quot; with fixed data">
</property>
<property name="Mock" value="Modify the &quot;Top 5 total&quot; with fixed data">
</property>
<property name="Mock" value="Modify the &quot;Top 5 type&quot; with fixed data">
</property>
<property name="Mock" value="Modify the &quot;Top 10 Limit 1&quot; with fixed data">
</property>
<property name="Mock" value="Modify the &quot;Top 10 Limit 2&quot; with fixed data">
</property>
<property name="Mock" value="Modify the &quot;Top 10 Limit 3&quot; with fixed data">
</property>
<property name="Mock" value="Modify the &quot;Top 10 To Expire&quot; with fixed data">
</property>
<property name="Go To" value="Go to the page: &quot;https://effizientedemo.azurewebsites.net/AccountsReceivable/dashboard&quot;">
</property>
<property name="Step" value="Compare snapshot: dashboard.png with maxDiffPixelsRatio: 0.1">
</property>
</properties>
<system-out>
<![CDATA[
[[ATTACHMENT|../tests/VisualTesting/dashboard.spec.ts-snapshots/dashboard-desktop-chromium-linux.png]]

[[ATTACHMENT|../test-results/VisualTesting-dashboard-Ch-994a2-board-Should-show-dashboard-desktop-chromium/dashboard-actual.png]]

[[ATTACHMENT|../test-results/VisualTesting-dashboard-Ch-994a2-board-Should-show-dashboard-desktop-chromium/dashboard-diff.png]]

[[ATTACHMENT|../test-results/VisualTesting-dashboard-Ch-994a2-board-Should-show-dashboard-desktop-chromium/test-failed-1.png]]

[[ATTACHMENT|../test-results/VisualTesting-dashboard-Ch-994a2-board-Should-show-dashboard-desktop-chromium/video.webm]]

[[ATTACHMENT|../test-results/VisualTesting-dashboard-Ch-994a2-board-Should-show-dashboard-desktop-chromium/trace.zip]]
]]>
</system-out>
</testcase>
</testsuite>
<testsuite name="Accessibility/pageAccessibility.spec.ts" timestamp="2024-07-26T04:12:40.794Z" hostname="desktop-firefox" tests="3" failures="3" skipped="0" time="3.041" errors="0">
<testcase name="Test Accessibility By Page › Check Page accessibility" classname="Accessibility/pageAccessibility.spec.ts" time="1.058">
<properties>
<property name="Go To" value="Go to: undefined">
</property>
</properties>
<failure message="pageAccessibility.spec.ts:17:9 Check Page accessibility" type="FAILURE">
<![CDATA[  [desktop-firefox] › Accessibility/pageAccessibility.spec.ts:17:9 › Test Accessibility By Page › Check Page accessibility 

    Error: page.goto: url: expected string, got undefined

      21 |         const annotationHelper = new AnnotationHelper(page, pageToTest);
      22 |         annotationHelper.addAnnotation(AnnotationType.GoTo, 'Go to: ' + pageToTest);
    > 23 |         await page.goto(pageToTest);
         |                    ^
      24 |         await accessibilityHelper.checkAccessibility('CustomPage', annotationHelper.getAnnotations());
      25 |
      26 |     });

        at /home/runner/work/Playwright/Playwright/tests/Accessibility/pageAccessibility.spec.ts:23:20

    attachment #1: screenshot (image/png) ──────────────────────────────────────────────────────────
    test-results/Accessibility-pageAccessib-c4c16-ge-Check-Page-accessibility-desktop-firefox/test-failed-1.png
    ────────────────────────────────────────────────────────────────────────────────────────────────

    attachment #2: video (video/webm) ──────────────────────────────────────────────────────────────
    test-results/Accessibility-pageAccessib-c4c16-ge-Check-Page-accessibility-desktop-firefox/video.webm
    ────────────────────────────────────────────────────────────────────────────────────────────────

    attachment #3: trace (application/zip) ─────────────────────────────────────────────────────────
    test-results/Accessibility-pageAccessib-c4c16-ge-Check-Page-accessibility-desktop-firefox/trace.zip
    Usage:

        npx playwright show-trace test-results/Accessibility-pageAccessib-c4c16-ge-Check-Page-accessibility-desktop-firefox/trace.zip

    ────────────────────────────────────────────────────────────────────────────────────────────────
]]>
</failure>
<system-out>
<![CDATA[
[[ATTACHMENT|../test-results/Accessibility-pageAccessib-c4c16-ge-Check-Page-accessibility-desktop-firefox/test-failed-1.png]]

[[ATTACHMENT|../test-results/Accessibility-pageAccessib-c4c16-ge-Check-Page-accessibility-desktop-firefox/video.webm]]

[[ATTACHMENT|../test-results/Accessibility-pageAccessib-c4c16-ge-Check-Page-accessibility-desktop-firefox/trace.zip]]
]]>
</system-out>
</testcase>
<testcase name="Test Accessibility By Page › Check tab order" classname="Accessibility/pageAccessibility.spec.ts" time="0.946">
<properties>
<property name="Go To" value="Go to: undefined">
</property>
</properties>
<failure message="pageAccessibility.spec.ts:28:9 Check tab order" type="FAILURE">
<![CDATA[  [desktop-firefox] › Accessibility/pageAccessibility.spec.ts:28:9 › Test Accessibility By Page › Check tab order 

    Error: page.goto: url: expected string, got undefined

      32 |         const tabHelper = new TabHelper(page, keyPage);
      33 |         annotationHelper.addAnnotation(AnnotationType.GoTo, 'Go to: ' + pageToTest);
    > 34 |         await page.goto(pageToTest);
         |                    ^
      35 |         //Add a number and blue box to the element after press tab
      36 |         await tabHelper.showTabOrder();
      37 |         //Check that the tab is the same that the elements

        at /home/runner/work/Playwright/Playwright/tests/Accessibility/pageAccessibility.spec.ts:34:20

    attachment #1: screenshot (image/png) ──────────────────────────────────────────────────────────
    test-results/Accessibility-pageAccessib-bc5d8-ity-By-Page-Check-tab-order-desktop-firefox/test-failed-1.png
    ────────────────────────────────────────────────────────────────────────────────────────────────

    attachment #2: video (video/webm) ──────────────────────────────────────────────────────────────
    test-results/Accessibility-pageAccessib-bc5d8-ity-By-Page-Check-tab-order-desktop-firefox/video.webm
    ────────────────────────────────────────────────────────────────────────────────────────────────

    attachment #3: trace (application/zip) ─────────────────────────────────────────────────────────
    test-results/Accessibility-pageAccessib-bc5d8-ity-By-Page-Check-tab-order-desktop-firefox/trace.zip
    Usage:

        npx playwright show-trace test-results/Accessibility-pageAccessib-bc5d8-ity-By-Page-Check-tab-order-desktop-firefox/trace.zip

    ────────────────────────────────────────────────────────────────────────────────────────────────
]]>
</failure>
<system-out>
<![CDATA[
[[ATTACHMENT|../test-results/Accessibility-pageAccessib-bc5d8-ity-By-Page-Check-tab-order-desktop-firefox/test-failed-1.png]]

[[ATTACHMENT|../test-results/Accessibility-pageAccessib-bc5d8-ity-By-Page-Check-tab-order-desktop-firefox/video.webm]]

[[ATTACHMENT|../test-results/Accessibility-pageAccessib-bc5d8-ity-By-Page-Check-tab-order-desktop-firefox/trace.zip]]
]]>
</system-out>
</testcase>
<testcase name="Test Accessibility By Page › Check alt text &amp; aria-label" classname="Accessibility/pageAccessibility.spec.ts" time="1.037">
<properties>
<property name="Go To" value="Go to: undefined">
</property>
</properties>
<failure message="pageAccessibility.spec.ts:42:9 Check alt text &amp; aria-label" type="FAILURE">
<![CDATA[  [desktop-firefox] › Accessibility/pageAccessibility.spec.ts:42:9 › Test Accessibility By Page › Check alt text & aria-label 

    Error: page.goto: url: expected string, got undefined

      46 |         const altHelper = new AltHelper(page, keyPage, testInfo);
      47 |         annotationHelper.addAnnotation(AnnotationType.GoTo, 'Go to: ' + pageToTest);
    > 48 |         await page.goto(pageToTest);
         |                    ^
      49 |         //Check that images have alt text attribute
      50 |         await altHelper.checkAltText();
      51 |         //Generate a table with all alt texts

        at /home/runner/work/Playwright/Playwright/tests/Accessibility/pageAccessibility.spec.ts:48:20

    attachment #1: screenshot (image/png) ──────────────────────────────────────────────────────────
    test-results/Accessibility-pageAccessib-e1df0-e-Check-alt-text-aria-label-desktop-firefox/test-failed-1.png
    ────────────────────────────────────────────────────────────────────────────────────────────────

    attachment #2: video (video/webm) ──────────────────────────────────────────────────────────────
    test-results/Accessibility-pageAccessib-e1df0-e-Check-alt-text-aria-label-desktop-firefox/video.webm
    ────────────────────────────────────────────────────────────────────────────────────────────────

    attachment #3: trace (application/zip) ─────────────────────────────────────────────────────────
    test-results/Accessibility-pageAccessib-e1df0-e-Check-alt-text-aria-label-desktop-firefox/trace.zip
    Usage:

        npx playwright show-trace test-results/Accessibility-pageAccessib-e1df0-e-Check-alt-text-aria-label-desktop-firefox/trace.zip

    ────────────────────────────────────────────────────────────────────────────────────────────────
]]>
</failure>
<system-out>
<![CDATA[
[[ATTACHMENT|../test-results/Accessibility-pageAccessib-e1df0-e-Check-alt-text-aria-label-desktop-firefox/test-failed-1.png]]

[[ATTACHMENT|../test-results/Accessibility-pageAccessib-e1df0-e-Check-alt-text-aria-label-desktop-firefox/video.webm]]

[[ATTACHMENT|../test-results/Accessibility-pageAccessib-e1df0-e-Check-alt-text-aria-label-desktop-firefox/trace.zip]]
]]>
</system-out>
</testcase>
</testsuite>
<testsuite name="AI/login.spec.ts" timestamp="2024-07-26T04:12:40.794Z" hostname="desktop-firefox" tests="1" failures="0" skipped="1" time="0.942" errors="0">
<testcase name="AI Zero Step › Should show dashboard after login" classname="AI/login.spec.ts" time="0.942">
<properties>
<property name="skip" value="Zero Steps only works in chromium">
</property>
</properties>
<skipped>
</skipped>
</testcase>
</testsuite>
<testsuite name="Api/addToCart.spec.ts" timestamp="2024-07-26T04:12:40.794Z" hostname="desktop-firefox" tests="1" failures="1" skipped="0" time="1.393" errors="0">
<testcase name="Contoso Traders › Should add an item to the cart" classname="Api/addToCart.spec.ts" time="1.393">
<properties>
<property name="Go To" value="Go to the page: &quot;https://cloudtesting.contosotraders.com&quot;">
</property>
</properties>
<failure message="addToCart.spec.ts:10:9 Should add an item to the cart" type="FAILURE">
<![CDATA[  [desktop-firefox] › Api/addToCart.spec.ts:10:9 › Contoso Traders › Should add an item to the cart › Go to the page: "https://cloudtesting.contosotraders.com" 

    Error: page.goto: NS_ERROR_UNKNOWN_HOST
    Call log:
      - navigating to "https://cloudtesting.contosotraders.com/", waiting until "load"


       at ../pages/ContosoTraders/homePage.ts:24

      22 |         const url = process.env.CONTOSO_URL ?? 'https://cloudtesting.contosotraders.com';
      23 |         await this.addStepWithAnnotation(AnnotationType.GoTo, 'Go to the page: "' + url + '"', async () => {
    > 24 |             await this.page.goto(url);
         |                             ^
      25 |         });
      26 |     }
      27 |

        at /home/runner/work/Playwright/Playwright/pages/ContosoTraders/homePage.ts:24:29
        at HomePage.addStepWithAnnotation (/home/runner/work/Playwright/Playwright/pages/basePage.ts:55:31)
        at HomePage.goTo (/home/runner/work/Playwright/Playwright/pages/ContosoTraders/homePage.ts:23:20)
        at /home/runner/work/Playwright/Playwright/tests/Api/addToCart.spec.ts:12:24

    attachment #1: screenshot (image/png) ──────────────────────────────────────────────────────────
    test-results/Api-addToCart-Contoso-Traders-Should-add-an-item-to-the-cart-desktop-firefox/test-failed-1.png
    ────────────────────────────────────────────────────────────────────────────────────────────────

    attachment #2: video (video/webm) ──────────────────────────────────────────────────────────────
    test-results/Api-addToCart-Contoso-Traders-Should-add-an-item-to-the-cart-desktop-firefox/video.webm
    ────────────────────────────────────────────────────────────────────────────────────────────────

    attachment #3: trace (application/zip) ─────────────────────────────────────────────────────────
    test-results/Api-addToCart-Contoso-Traders-Should-add-an-item-to-the-cart-desktop-firefox/trace.zip
    Usage:

        npx playwright show-trace test-results/Api-addToCart-Contoso-Traders-Should-add-an-item-to-the-cart-desktop-firefox/trace.zip

    ────────────────────────────────────────────────────────────────────────────────────────────────

    Retry #1 ───────────────────────────────────────────────────────────────────────────────────────

    Error: page.goto: NS_ERROR_UNKNOWN_HOST
    Call log:
      - navigating to "https://cloudtesting.contosotraders.com/", waiting until "load"


       at ../pages/ContosoTraders/homePage.ts:24

      22 |         const url = process.env.CONTOSO_URL ?? 'https://cloudtesting.contosotraders.com';
      23 |         await this.addStepWithAnnotation(AnnotationType.GoTo, 'Go to the page: "' + url + '"', async () => {
    > 24 |             await this.page.goto(url);
         |                             ^
      25 |         });
      26 |     }
      27 |

        at /home/runner/work/Playwright/Playwright/pages/ContosoTraders/homePage.ts:24:29
        at HomePage.addStepWithAnnotation (/home/runner/work/Playwright/Playwright/pages/basePage.ts:55:31)
        at HomePage.goTo (/home/runner/work/Playwright/Playwright/pages/ContosoTraders/homePage.ts:23:20)
        at /home/runner/work/Playwright/Playwright/tests/Api/addToCart.spec.ts:12:24

    attachment #1: screenshot (image/png) ──────────────────────────────────────────────────────────
    test-results/Api-addToCart-Contoso-Traders-Should-add-an-item-to-the-cart-desktop-firefox-retry1/test-failed-1.png
    ────────────────────────────────────────────────────────────────────────────────────────────────

    attachment #2: video (video/webm) ──────────────────────────────────────────────────────────────
    test-results/Api-addToCart-Contoso-Traders-Should-add-an-item-to-the-cart-desktop-firefox-retry1/video.webm
    ────────────────────────────────────────────────────────────────────────────────────────────────

    attachment #3: trace (application/zip) ─────────────────────────────────────────────────────────
    test-results/Api-addToCart-Contoso-Traders-Should-add-an-item-to-the-cart-desktop-firefox-retry1/trace.zip
    Usage:

        npx playwright show-trace test-results/Api-addToCart-Contoso-Traders-Should-add-an-item-to-the-cart-desktop-firefox-retry1/trace.zip

    ────────────────────────────────────────────────────────────────────────────────────────────────
]]>
</failure>
<system-out>
<![CDATA[
[[ATTACHMENT|../test-results/Api-addToCart-Contoso-Traders-Should-add-an-item-to-the-cart-desktop-firefox/test-failed-1.png]]

[[ATTACHMENT|../test-results/Api-addToCart-Contoso-Traders-Should-add-an-item-to-the-cart-desktop-firefox/video.webm]]

[[ATTACHMENT|../test-results/Api-addToCart-Contoso-Traders-Should-add-an-item-to-the-cart-desktop-firefox/trace.zip]]

[[ATTACHMENT|../test-results/Api-addToCart-Contoso-Traders-Should-add-an-item-to-the-cart-desktop-firefox-retry1/test-failed-1.png]]

[[ATTACHMENT|../test-results/Api-addToCart-Contoso-Traders-Should-add-an-item-to-the-cart-desktop-firefox-retry1/video.webm]]

[[ATTACHMENT|../test-results/Api-addToCart-Contoso-Traders-Should-add-an-item-to-the-cart-desktop-firefox-retry1/trace.zip]]
]]>
</system-out>
</testcase>
</testsuite>
<testsuite name="Api/servers.spec.ts" timestamp="2024-07-26T04:12:40.794Z" hostname="desktop-firefox" tests="2" failures="0" skipped="0" time="11.302" errors="0">
<testcase name="Servers › Should add a server" classname="Api/servers.spec.ts" time="4.787">
<properties>
<property name="Go To" value="Go to the servers page: &quot;https://effizientedemo.azurewebsites.net/Security/servers&quot;">
</property>
<property name="Button" value="Click: &quot;Add&quot;">
</property>
<property name="InputText" value="Fill &quot;Key:&quot; with the value: &quot;877847&quot;">
</property>
<property name="InputText" value="Fill &quot;Name:&quot; with the value: &quot;Toy - Dach&quot;">
</property>
<property name="InputText" value="Fill &quot;Url:&quot; with the value: &quot;https://frightening-skin.net&quot;">
</property>
<property name="Button" value="Click: &quot;Save&quot;">
</property>
<property name="Assert" value="Success message is visible">
</property>
<property name="Assert" value="Server id should be a number greater than 1">
</property>
<property name="Assert" value="Server with the key: &quot;877847&quot; exists in the table">
</property>
<property name="Assert" value="The server name for the key: &quot;877847&quot; is: &quot;Toy - Dach&quot;">
</property>
<property name="Assert" value="The server url for the key: &quot;877847&quot; is: &quot;https://frightening-skin.net&quot;">
</property>
</properties>
<system-out>
<![CDATA[index:2
]]>
</system-out>
</testcase>
<testcase name="Servers › Should edit a server" classname="Api/servers.spec.ts" time="6.515">
<properties>
<property name="Go To" value="Go to the servers page: &quot;https://effizientedemo.azurewebsites.net/Security/servers&quot;">
</property>
<property name="Step" value="Create server with API">
</property>
<property name="Go To" value="Go to the servers page: &quot;https://effizientedemo.azurewebsites.net/Security/servers&quot;">
</property>
<property name="InputText" value="Fill &quot;key:&quot; with the value: &quot;181069&quot;">
</property>
<property name="InputText" value="Fill &quot;Name:&quot; with the value: &quot;Harber - Abshire&quot;">
</property>
<property name="InputText" value="Fill &quot;Url:&quot; with the value: &quot;https://hideous-tough-guy.name/&quot;">
</property>
<property name="Button" value="Click: &quot;Save&quot;">
</property>
<property name="Assert" value="Success message is visible">
</property>
<property name="Assert" value="Server with the key: &quot;181069&quot; exists in the table">
</property>
<property name="Assert" value="The server name for the key: &quot;181069&quot; is: &quot;Harber - Abshire&quot;">
</property>
<property name="Assert" value="The server url for the key: &quot;181069&quot; is: &quot;https://hideous-tough-guy.name/&quot;">
</property>
</properties>
<system-out>
<![CDATA[index:2
]]>
</system-out>
</testcase>
</testsuite>
<testsuite name="Basic/login.spec.ts" timestamp="2024-07-26T04:12:40.794Z" hostname="desktop-firefox" tests="1" failures="0" skipped="0" time="1.191" errors="0">
<testcase name="Login › Login with valid user load inventory page" classname="Basic/login.spec.ts" time="1.191">
<properties>
<property name="Go To" value="Go to the page: &quot;https://www.saucedemo.com&quot;">
</property>
<property name="InputText" value="Fill &quot;Username:&quot; with the value: &quot;standard_user&quot;">
</property>
<property name="InputPassword" value="Fill: &quot;Password with value: *****&quot;">
</property>
<property name="Button" value="Click: &quot;Login&quot;">
</property>
<property name="Assert" value="Check URL Page is equal to: &quot;https://www.saucedemo.com/inventory.html&quot;">
</property>
</properties>
</testcase>
</testsuite>
<testsuite name="Basic/menu.spec.ts" timestamp="2024-07-26T04:12:40.794Z" hostname="desktop-firefox" tests="2" failures="0" skipped="0" time="6.879" errors="0">
<testcase name="Normal user › Should returns user menu" classname="Basic/menu.spec.ts" time="3.294">
<properties>
<property name="Go To" value="Go to the page: &quot;https://effizientedemo.azurewebsites.net/AccountsReceivable/dashboard&quot;">
</property>
<property name="PirmeFacesMenu" value="Get top menus">
</property>
<property name="Assert" value="Menu are equal to: &quot;AccountsReceivable,Config&quot;">
</property>
</properties>
</testcase>
<testcase name="Admin user › Should returns admin menu" classname="Basic/menu.spec.ts" time="3.585">
<properties>
<property name="Go To" value="Go to the page: &quot;https://effizientedemo.azurewebsites.net/AccountsReceivable/dashboard&quot;">
</property>
<property name="PirmeFacesMenu" value="Get top menus">
</property>
<property name="Assert" value="Menu are equal to: &quot;AccountsReceivable,Security,Config&quot;">
</property>
</properties>
</testcase>
</testsuite>
<testsuite name="Excel/exportServers.spec.ts" timestamp="2024-07-26T04:12:40.794Z" hostname="desktop-firefox" tests="1" failures="0" skipped="0" time="3.184" errors="0">
<testcase name="Servers › Should export servers to excel" classname="Excel/exportServers.spec.ts" time="3.184">
<properties>
<property name="Go To" value="Go to the servers page: &quot;https://effizientedemo.azurewebsites.net/Security/servers&quot;">
</property>
<property name="ButtonExcel" value="Click: &quot;Export to Excel&quot;">
</property>
<property name="Assert" value="The excel file rows are equal to the grid rows">
</property>
</properties>
<system-out>
<![CDATA[
[[ATTACHMENT|../test-results/Excel-exportServers-Servers-Should-export-servers-to-excel-desktop-firefox/attachments/servers-xlsx-b45414d1440b649c23868d9b19e0f22e5f012826.xlsx]]
]]>
</system-out>
</testcase>
</testsuite>
<testsuite name="Fixture-LambdaTest/loginLambdaTestFixture.spec.ts" timestamp="2024-07-26T04:12:40.794Z" hostname="desktop-firefox" tests="1" failures="0" skipped="0" time="0.805" errors="0">
<testcase name="Login › Login with valid user load inventory page" classname="Fixture-LambdaTest/loginLambdaTestFixture.spec.ts" time="0.805">
<properties>
<property name="Go To" value="Go to the page: &quot;https://www.saucedemo.com&quot;">
</property>
<property name="InputText" value="Fill &quot;Username:&quot; with the value: &quot;standard_user&quot;">
</property>
<property name="InputPassword" value="Fill: &quot;Password with value: *****&quot;">
</property>
<property name="Button" value="Click: &quot;Login&quot;">
</property>
<property name="Assert" value="Check URL Page equal to: &quot;https://www.saucedemo.com/inventory.html&quot;">
</property>
</properties>
</testcase>
</testsuite>
<testsuite name="LocaleGeo/bingMaps.spec.ts" timestamp="2024-07-26T04:12:40.794Z" hostname="desktop-firefox" tests="1" failures="0" skipped="1" time="0.32" errors="0">
<testcase name="Geo Location Test › The bing maps is located to munich" classname="LocaleGeo/bingMaps.spec.ts" time="0.32">
<properties>
<property name="skip" value="Geolocation not work in firefox">
</property>
</properties>
<skipped>
</skipped>
</testcase>
</testsuite>
<testsuite name="LocaleGeo/searchLocale.spec.ts" timestamp="2024-07-26T04:12:40.794Z" hostname="desktop-firefox" tests="1" failures="0" skipped="0" time="1.752" errors="0">
<testcase name="Locale translations › Translations with locale and time zone id" classname="LocaleGeo/searchLocale.spec.ts" time="1.752">
<properties>
<property name="Go To" value="Go to the page: &quot;https://www.google.com&quot;">
</property>
<property name="Assert" value="Search button text is equal to: &quot;Buscar con Google&quot;">
</property>
</properties>
</testcase>
</testsuite>
<testsuite name="Synthetic/login.spec.ts" timestamp="2024-07-26T04:12:40.794Z" hostname="desktop-firefox" tests="1" failures="0" skipped="0" time="3.686" errors="0">
<testcase name="Synthetic login testing › Should show dashboard" classname="Synthetic/login.spec.ts" time="3.686">
</testcase>
</testsuite>
<testsuite name="Synthetic/menu.spec.ts" timestamp="2024-07-26T04:12:40.794Z" hostname="desktop-firefox" tests="1" failures="0" skipped="0" time="4.448" errors="0">
<testcase name="Synthetic testing › Should show dashboard" classname="Synthetic/menu.spec.ts" time="4.448">
<properties>
<property name="Navigation" value="Go to:https://effizientedemo.azurewebsites.net">
</property>
</properties>
</testcase>
</testsuite>
<testsuite name="VisualTesting/dashboard.spec.ts" timestamp="2024-07-26T04:12:40.794Z" hostname="desktop-firefox" tests="1" failures="0" skipped="0" time="3.966" errors="0">
<testcase name="Check Dashboard › Should show dashboard" classname="VisualTesting/dashboard.spec.ts" time="3.966">
<properties>
<property name="Mock" value="Modify the summary with fixed data">
</property>
<property name="Mock" value="Modify the &quot;Sumary Expiration&quot; with fixed data">
</property>
<property name="Mock" value="Modify the &quot;Top 5 delay&quot; with fixed data">
</property>
<property name="Mock" value="Modify the &quot;Top 5 total&quot; with fixed data">
</property>
<property name="Mock" value="Modify the &quot;Top 5 type&quot; with fixed data">
</property>
<property name="Mock" value="Modify the &quot;Top 10 Limit 1&quot; with fixed data">
</property>
<property name="Mock" value="Modify the &quot;Top 10 Limit 2&quot; with fixed data">
</property>
<property name="Mock" value="Modify the &quot;Top 10 Limit 3&quot; with fixed data">
</property>
<property name="Mock" value="Modify the &quot;Top 10 To Expire&quot; with fixed data">
</property>
<property name="Go To" value="Go to the page: &quot;https://effizientedemo.azurewebsites.net/AccountsReceivable/dashboard&quot;">
</property>
<property name="Step" value="Compare snapshot: dashboard.png with maxDiffPixelsRatio: 0.1">
</property>
</properties>
</testcase>
</testsuite>
<testsuite name="Accessibility/pageAccessibility.spec.ts" timestamp="2024-07-26T04:12:40.794Z" hostname="desktop-webkit" tests="3" failures="3" skipped="0" time="5.476" errors="0">
<testcase name="Test Accessibility By Page › Check Page accessibility" classname="Accessibility/pageAccessibility.spec.ts" time="2.721">
<properties>
<property name="Go To" value="Go to: undefined">
</property>
</properties>
<failure message="pageAccessibility.spec.ts:17:9 Check Page accessibility" type="FAILURE">
<![CDATA[  [desktop-webkit] › Accessibility/pageAccessibility.spec.ts:17:9 › Test Accessibility By Page › Check Page accessibility 

    Error: page.goto: url: expected string, got undefined

      21 |         const annotationHelper = new AnnotationHelper(page, pageToTest);
      22 |         annotationHelper.addAnnotation(AnnotationType.GoTo, 'Go to: ' + pageToTest);
    > 23 |         await page.goto(pageToTest);
         |                    ^
      24 |         await accessibilityHelper.checkAccessibility('CustomPage', annotationHelper.getAnnotations());
      25 |
      26 |     });

        at /home/runner/work/Playwright/Playwright/tests/Accessibility/pageAccessibility.spec.ts:23:20

    attachment #1: screenshot (image/png) ──────────────────────────────────────────────────────────
    test-results/Accessibility-pageAccessib-c4c16-ge-Check-Page-accessibility-desktop-webkit/test-failed-1.png
    ────────────────────────────────────────────────────────────────────────────────────────────────

    attachment #2: video (video/webm) ──────────────────────────────────────────────────────────────
    test-results/Accessibility-pageAccessib-c4c16-ge-Check-Page-accessibility-desktop-webkit/video.webm
    ────────────────────────────────────────────────────────────────────────────────────────────────

    attachment #3: trace (application/zip) ─────────────────────────────────────────────────────────
    test-results/Accessibility-pageAccessib-c4c16-ge-Check-Page-accessibility-desktop-webkit/trace.zip
    Usage:

        npx playwright show-trace test-results/Accessibility-pageAccessib-c4c16-ge-Check-Page-accessibility-desktop-webkit/trace.zip

    ────────────────────────────────────────────────────────────────────────────────────────────────
]]>
</failure>
<system-out>
<![CDATA[
[[ATTACHMENT|../test-results/Accessibility-pageAccessib-c4c16-ge-Check-Page-accessibility-desktop-webkit/test-failed-1.png]]

[[ATTACHMENT|../test-results/Accessibility-pageAccessib-c4c16-ge-Check-Page-accessibility-desktop-webkit/video.webm]]

[[ATTACHMENT|../test-results/Accessibility-pageAccessib-c4c16-ge-Check-Page-accessibility-desktop-webkit/trace.zip]]
]]>
</system-out>
</testcase>
<testcase name="Test Accessibility By Page › Check tab order" classname="Accessibility/pageAccessibility.spec.ts" time="2.464">
<properties>
<property name="Go To" value="Go to: undefined">
</property>
</properties>
<failure message="pageAccessibility.spec.ts:28:9 Check tab order" type="FAILURE">
<![CDATA[  [desktop-webkit] › Accessibility/pageAccessibility.spec.ts:28:9 › Test Accessibility By Page › Check tab order 

    Error: page.goto: url: expected string, got undefined

      32 |         const tabHelper = new TabHelper(page, keyPage);
      33 |         annotationHelper.addAnnotation(AnnotationType.GoTo, 'Go to: ' + pageToTest);
    > 34 |         await page.goto(pageToTest);
         |                    ^
      35 |         //Add a number and blue box to the element after press tab
      36 |         await tabHelper.showTabOrder();
      37 |         //Check that the tab is the same that the elements

        at /home/runner/work/Playwright/Playwright/tests/Accessibility/pageAccessibility.spec.ts:34:20

    attachment #1: screenshot (image/png) ──────────────────────────────────────────────────────────
    test-results/Accessibility-pageAccessib-bc5d8-ity-By-Page-Check-tab-order-desktop-webkit/test-failed-1.png
    ────────────────────────────────────────────────────────────────────────────────────────────────

    attachment #2: video (video/webm) ──────────────────────────────────────────────────────────────
    test-results/Accessibility-pageAccessib-bc5d8-ity-By-Page-Check-tab-order-desktop-webkit/video.webm
    ────────────────────────────────────────────────────────────────────────────────────────────────

    attachment #3: trace (application/zip) ─────────────────────────────────────────────────────────
    test-results/Accessibility-pageAccessib-bc5d8-ity-By-Page-Check-tab-order-desktop-webkit/trace.zip
    Usage:

        npx playwright show-trace test-results/Accessibility-pageAccessib-bc5d8-ity-By-Page-Check-tab-order-desktop-webkit/trace.zip

    ────────────────────────────────────────────────────────────────────────────────────────────────
]]>
</failure>
<system-out>
<![CDATA[
[[ATTACHMENT|../test-results/Accessibility-pageAccessib-bc5d8-ity-By-Page-Check-tab-order-desktop-webkit/test-failed-1.png]]

[[ATTACHMENT|../test-results/Accessibility-pageAccessib-bc5d8-ity-By-Page-Check-tab-order-desktop-webkit/video.webm]]

[[ATTACHMENT|../test-results/Accessibility-pageAccessib-bc5d8-ity-By-Page-Check-tab-order-desktop-webkit/trace.zip]]
]]>
</system-out>
</testcase>
<testcase name="Test Accessibility By Page › Check alt text &amp; aria-label" classname="Accessibility/pageAccessibility.spec.ts" time="0.291">
<properties>
<property name="Go To" value="Go to: undefined">
</property>
</properties>
<failure message="pageAccessibility.spec.ts:42:9 Check alt text &amp; aria-label" type="FAILURE">
<![CDATA[  [desktop-webkit] › Accessibility/pageAccessibility.spec.ts:42:9 › Test Accessibility By Page › Check alt text & aria-label 

    Error: page.goto: url: expected string, got undefined

      46 |         const altHelper = new AltHelper(page, keyPage, testInfo);
      47 |         annotationHelper.addAnnotation(AnnotationType.GoTo, 'Go to: ' + pageToTest);
    > 48 |         await page.goto(pageToTest);
         |                    ^
      49 |         //Check that images have alt text attribute
      50 |         await altHelper.checkAltText();
      51 |         //Generate a table with all alt texts

        at /home/runner/work/Playwright/Playwright/tests/Accessibility/pageAccessibility.spec.ts:48:20

    attachment #1: screenshot (image/png) ──────────────────────────────────────────────────────────
    test-results/Accessibility-pageAccessib-e1df0-e-Check-alt-text-aria-label-desktop-webkit/test-failed-1.png
    ────────────────────────────────────────────────────────────────────────────────────────────────

    attachment #2: video (video/webm) ──────────────────────────────────────────────────────────────
    test-results/Accessibility-pageAccessib-e1df0-e-Check-alt-text-aria-label-desktop-webkit/video.webm
    ────────────────────────────────────────────────────────────────────────────────────────────────

    attachment #3: trace (application/zip) ─────────────────────────────────────────────────────────
    test-results/Accessibility-pageAccessib-e1df0-e-Check-alt-text-aria-label-desktop-webkit/trace.zip
    Usage:

        npx playwright show-trace test-results/Accessibility-pageAccessib-e1df0-e-Check-alt-text-aria-label-desktop-webkit/trace.zip

    ────────────────────────────────────────────────────────────────────────────────────────────────
]]>
</failure>
<system-out>
<![CDATA[
[[ATTACHMENT|../test-results/Accessibility-pageAccessib-e1df0-e-Check-alt-text-aria-label-desktop-webkit/test-failed-1.png]]

[[ATTACHMENT|../test-results/Accessibility-pageAccessib-e1df0-e-Check-alt-text-aria-label-desktop-webkit/video.webm]]

[[ATTACHMENT|../test-results/Accessibility-pageAccessib-e1df0-e-Check-alt-text-aria-label-desktop-webkit/trace.zip]]
]]>
</system-out>
</testcase>
</testsuite>
<testsuite name="AI/login.spec.ts" timestamp="2024-07-26T04:12:40.794Z" hostname="desktop-webkit" tests="1" failures="0" skipped="1" time="0.495" errors="0">
<testcase name="AI Zero Step › Should show dashboard after login" classname="AI/login.spec.ts" time="0.495">
<properties>
<property name="skip" value="Zero Steps only works in chromium">
</property>
</properties>
<skipped>
</skipped>
</testcase>
</testsuite>
<testsuite name="Api/addToCart.spec.ts" timestamp="2024-07-26T04:12:40.794Z" hostname="desktop-webkit" tests="1" failures="1" skipped="0" time="0.91" errors="0">
<testcase name="Contoso Traders › Should add an item to the cart" classname="Api/addToCart.spec.ts" time="0.91">
<properties>
<property name="Go To" value="Go to the page: &quot;https://cloudtesting.contosotraders.com&quot;">
</property>
</properties>
<failure message="addToCart.spec.ts:10:9 Should add an item to the cart" type="FAILURE">
<![CDATA[  [desktop-webkit] › Api/addToCart.spec.ts:10:9 › Contoso Traders › Should add an item to the cart › Go to the page: "https://cloudtesting.contosotraders.com" 

    Error: page.goto: Error resolving “cloudtesting.contosotraders.com”: No address associated with hostname
    Call log:
      - navigating to "https://cloudtesting.contosotraders.com/", waiting until "load"


       at ../pages/ContosoTraders/homePage.ts:24

      22 |         const url = process.env.CONTOSO_URL ?? 'https://cloudtesting.contosotraders.com';
      23 |         await this.addStepWithAnnotation(AnnotationType.GoTo, 'Go to the page: "' + url + '"', async () => {
    > 24 |             await this.page.goto(url);
         |                             ^
      25 |         });
      26 |     }
      27 |

        at /home/runner/work/Playwright/Playwright/pages/ContosoTraders/homePage.ts:24:29
        at HomePage.addStepWithAnnotation (/home/runner/work/Playwright/Playwright/pages/basePage.ts:55:31)
        at HomePage.goTo (/home/runner/work/Playwright/Playwright/pages/ContosoTraders/homePage.ts:23:20)
        at /home/runner/work/Playwright/Playwright/tests/Api/addToCart.spec.ts:12:24

    attachment #1: screenshot (image/png) ──────────────────────────────────────────────────────────
    test-results/Api-addToCart-Contoso-Traders-Should-add-an-item-to-the-cart-desktop-webkit/test-failed-1.png
    ────────────────────────────────────────────────────────────────────────────────────────────────

    attachment #2: video (video/webm) ──────────────────────────────────────────────────────────────
    test-results/Api-addToCart-Contoso-Traders-Should-add-an-item-to-the-cart-desktop-webkit/video.webm
    ────────────────────────────────────────────────────────────────────────────────────────────────

    attachment #3: trace (application/zip) ─────────────────────────────────────────────────────────
    test-results/Api-addToCart-Contoso-Traders-Should-add-an-item-to-the-cart-desktop-webkit/trace.zip
    Usage:

        npx playwright show-trace test-results/Api-addToCart-Contoso-Traders-Should-add-an-item-to-the-cart-desktop-webkit/trace.zip

    ────────────────────────────────────────────────────────────────────────────────────────────────

    Retry #1 ───────────────────────────────────────────────────────────────────────────────────────

    Error: page.goto: Error resolving “cloudtesting.contosotraders.com”: No address associated with hostname
    Call log:
      - navigating to "https://cloudtesting.contosotraders.com/", waiting until "load"


       at ../pages/ContosoTraders/homePage.ts:24

      22 |         const url = process.env.CONTOSO_URL ?? 'https://cloudtesting.contosotraders.com';
      23 |         await this.addStepWithAnnotation(AnnotationType.GoTo, 'Go to the page: "' + url + '"', async () => {
    > 24 |             await this.page.goto(url);
         |                             ^
      25 |         });
      26 |     }
      27 |

        at /home/runner/work/Playwright/Playwright/pages/ContosoTraders/homePage.ts:24:29
        at HomePage.addStepWithAnnotation (/home/runner/work/Playwright/Playwright/pages/basePage.ts:55:31)
        at HomePage.goTo (/home/runner/work/Playwright/Playwright/pages/ContosoTraders/homePage.ts:23:20)
        at /home/runner/work/Playwright/Playwright/tests/Api/addToCart.spec.ts:12:24

    attachment #1: screenshot (image/png) ──────────────────────────────────────────────────────────
    test-results/Api-addToCart-Contoso-Traders-Should-add-an-item-to-the-cart-desktop-webkit-retry1/test-failed-1.png
    ────────────────────────────────────────────────────────────────────────────────────────────────

    attachment #2: video (video/webm) ──────────────────────────────────────────────────────────────
    test-results/Api-addToCart-Contoso-Traders-Should-add-an-item-to-the-cart-desktop-webkit-retry1/video.webm
    ────────────────────────────────────────────────────────────────────────────────────────────────

    attachment #3: trace (application/zip) ─────────────────────────────────────────────────────────
    test-results/Api-addToCart-Contoso-Traders-Should-add-an-item-to-the-cart-desktop-webkit-retry1/trace.zip
    Usage:

        npx playwright show-trace test-results/Api-addToCart-Contoso-Traders-Should-add-an-item-to-the-cart-desktop-webkit-retry1/trace.zip

    ────────────────────────────────────────────────────────────────────────────────────────────────
]]>
</failure>
<system-out>
<![CDATA[
[[ATTACHMENT|../test-results/Api-addToCart-Contoso-Traders-Should-add-an-item-to-the-cart-desktop-webkit/test-failed-1.png]]

[[ATTACHMENT|../test-results/Api-addToCart-Contoso-Traders-Should-add-an-item-to-the-cart-desktop-webkit/video.webm]]

[[ATTACHMENT|../test-results/Api-addToCart-Contoso-Traders-Should-add-an-item-to-the-cart-desktop-webkit/trace.zip]]

[[ATTACHMENT|../test-results/Api-addToCart-Contoso-Traders-Should-add-an-item-to-the-cart-desktop-webkit-retry1/test-failed-1.png]]

[[ATTACHMENT|../test-results/Api-addToCart-Contoso-Traders-Should-add-an-item-to-the-cart-desktop-webkit-retry1/video.webm]]

[[ATTACHMENT|../test-results/Api-addToCart-Contoso-Traders-Should-add-an-item-to-the-cart-desktop-webkit-retry1/trace.zip]]
]]>
</system-out>
</testcase>
</testsuite>
<testsuite name="Api/servers.spec.ts" timestamp="2024-07-26T04:12:40.794Z" hostname="desktop-webkit" tests="2" failures="0" skipped="0" time="14.437" errors="0">
<testcase name="Servers › Should add a server" classname="Api/servers.spec.ts" time="5.853">
<properties>
<property name="Go To" value="Go to the servers page: &quot;https://effizientedemo.azurewebsites.net/Security/servers&quot;">
</property>
<property name="Button" value="Click: &quot;Add&quot;">
</property>
<property name="InputText" value="Fill &quot;Key:&quot; with the value: &quot;94422&quot;">
</property>
<property name="InputText" value="Fill &quot;Name:&quot; with the value: &quot;Davis LLC&quot;">
</property>
<property name="InputText" value="Fill &quot;Url:&quot; with the value: &quot;https://rude-recession.biz&quot;">
</property>
<property name="Button" value="Click: &quot;Save&quot;">
</property>
<property name="Assert" value="Success message is visible">
</property>
<property name="Assert" value="Server id should be a number greater than 1">
</property>
<property name="Assert" value="Server with the key: &quot;94422&quot; exists in the table">
</property>
<property name="Assert" value="The server name for the key: &quot;94422&quot; is: &quot;Davis LLC&quot;">
</property>
<property name="Assert" value="The server url for the key: &quot;94422&quot; is: &quot;https://rude-recession.biz&quot;">
</property>
</properties>
<system-out>
<![CDATA[index:2
]]>
</system-out>
</testcase>
<testcase name="Servers › Should edit a server" classname="Api/servers.spec.ts" time="8.584">
<properties>
<property name="Go To" value="Go to the servers page: &quot;https://effizientedemo.azurewebsites.net/Security/servers&quot;">
</property>
<property name="Step" value="Create server with API">
</property>
<property name="Go To" value="Go to the servers page: &quot;https://effizientedemo.azurewebsites.net/Security/servers&quot;">
</property>
<property name="InputText" value="Fill &quot;key:&quot; with the value: &quot;618846&quot;">
</property>
<property name="InputText" value="Fill &quot;Name:&quot; with the value: &quot;Streich - Heaney&quot;">
</property>
<property name="InputText" value="Fill &quot;Url:&quot; with the value: &quot;https://melodic-whack.org&quot;">
</property>
<property name="Button" value="Click: &quot;Save&quot;">
</property>
<property name="Assert" value="Success message is visible">
</property>
<property name="Assert" value="Server with the key: &quot;618846&quot; exists in the table">
</property>
<property name="Assert" value="The server name for the key: &quot;618846&quot; is: &quot;Streich - Heaney&quot;">
</property>
<property name="Assert" value="The server url for the key: &quot;618846&quot; is: &quot;https://melodic-whack.org&quot;">
</property>
</properties>
<system-out>
<![CDATA[index:2
]]>
</system-out>
</testcase>
</testsuite>
<testsuite name="Basic/login.spec.ts" timestamp="2024-07-26T04:12:40.794Z" hostname="desktop-webkit" tests="1" failures="0" skipped="0" time="2.029" errors="0">
<testcase name="Login › Login with valid user load inventory page" classname="Basic/login.spec.ts" time="2.029">
<properties>
<property name="Go To" value="Go to the page: &quot;https://www.saucedemo.com&quot;">
</property>
<property name="InputText" value="Fill &quot;Username:&quot; with the value: &quot;standard_user&quot;">
</property>
<property name="InputPassword" value="Fill: &quot;Password with value: *****&quot;">
</property>
<property name="Button" value="Click: &quot;Login&quot;">
</property>
<property name="Assert" value="Check URL Page is equal to: &quot;https://www.saucedemo.com/inventory.html&quot;">
</property>
</properties>
</testcase>
</testsuite>
<testsuite name="Basic/menu.spec.ts" timestamp="2024-07-26T04:12:40.794Z" hostname="desktop-webkit" tests="2" failures="0" skipped="0" time="9.22" errors="0">
<testcase name="Normal user › Should returns user menu" classname="Basic/menu.spec.ts" time="3.839">
<properties>
<property name="Go To" value="Go to the page: &quot;https://effizientedemo.azurewebsites.net/AccountsReceivable/dashboard&quot;">
</property>
<property name="PirmeFacesMenu" value="Get top menus">
</property>
<property name="Assert" value="Menu are equal to: &quot;AccountsReceivable,Config&quot;">
</property>
</properties>
</testcase>
<testcase name="Admin user › Should returns admin menu" classname="Basic/menu.spec.ts" time="5.381">
<properties>
<property name="Go To" value="Go to the page: &quot;https://effizientedemo.azurewebsites.net/AccountsReceivable/dashboard&quot;">
</property>
<property name="PirmeFacesMenu" value="Get top menus">
</property>
<property name="Assert" value="Menu are equal to: &quot;AccountsReceivable,Security,Config&quot;">
</property>
</properties>
</testcase>
</testsuite>
<testsuite name="Excel/exportServers.spec.ts" timestamp="2024-07-26T04:12:40.794Z" hostname="desktop-webkit" tests="1" failures="0" skipped="0" time="4.223" errors="0">
<testcase name="Servers › Should export servers to excel" classname="Excel/exportServers.spec.ts" time="4.223">
<properties>
<property name="Go To" value="Go to the servers page: &quot;https://effizientedemo.azurewebsites.net/Security/servers&quot;">
</property>
<property name="ButtonExcel" value="Click: &quot;Export to Excel&quot;">
</property>
<property name="Assert" value="The excel file rows are equal to the grid rows">
</property>
</properties>
<system-out>
<![CDATA[
[[ATTACHMENT|../test-results/Excel-exportServers-Servers-Should-export-servers-to-excel-desktop-webkit/attachments/servers-xlsx-b45414d1440b649c23868d9b19e0f22e5f012826.xlsx]]
]]>
</system-out>
</testcase>
</testsuite>
<testsuite name="Fixture-LambdaTest/loginLambdaTestFixture.spec.ts" timestamp="2024-07-26T04:12:40.794Z" hostname="desktop-webkit" tests="1" failures="0" skipped="0" time="0.811" errors="0">
<testcase name="Login › Login with valid user load inventory page" classname="Fixture-LambdaTest/loginLambdaTestFixture.spec.ts" time="0.811">
<properties>
<property name="Go To" value="Go to the page: &quot;https://www.saucedemo.com&quot;">
</property>
<property name="InputText" value="Fill &quot;Username:&quot; with the value: &quot;standard_user&quot;">
</property>
<property name="InputPassword" value="Fill: &quot;Password with value: *****&quot;">
</property>
<property name="Button" value="Click: &quot;Login&quot;">
</property>
<property name="Assert" value="Check URL Page equal to: &quot;https://www.saucedemo.com/inventory.html&quot;">
</property>
</properties>
</testcase>
</testsuite>
<testsuite name="LocaleGeo/bingMaps.spec.ts" timestamp="2024-07-26T04:12:40.794Z" hostname="desktop-webkit" tests="1" failures="0" skipped="0" time="12.239" errors="0">
<testcase name="Geo Location Test › The bing maps is located to munich" classname="LocaleGeo/bingMaps.spec.ts" time="12.239">
<properties>
<property name="Go To" value="Go to the page: &quot;https://www.bing.com/maps&quot;">
</property>
<property name="Button" value="Click: &quot;button.locateMeBtn&quot;">
</property>
<property name="Button" value="Click: &quot;button.geochainUncollapse&quot;">
</property>
<property name="Assert" value="Geo name is equal to:GermanyBavariaMunich (District)">
</property>
</properties>
</testcase>
</testsuite>
<testsuite name="LocaleGeo/searchLocale.spec.ts" timestamp="2024-07-26T04:12:40.794Z" hostname="desktop-webkit" tests="1" failures="0" skipped="0" time="3.955" errors="0">
<testcase name="Locale translations › Translations with locale and time zone id" classname="LocaleGeo/searchLocale.spec.ts" time="3.955">
<properties>
<property name="Go To" value="Go to the page: &quot;https://www.google.com&quot;">
</property>
<property name="Assert" value="Search button text is equal to: &quot;Buscar con Google&quot;">
</property>
</properties>
</testcase>
</testsuite>
<testsuite name="Synthetic/login.spec.ts" timestamp="2024-07-26T04:12:40.794Z" hostname="desktop-webkit" tests="1" failures="0" skipped="0" time="7.922" errors="0">
<testcase name="Synthetic login testing › Should show dashboard" classname="Synthetic/login.spec.ts" time="7.922">
</testcase>
</testsuite>
<testsuite name="Synthetic/menu.spec.ts" timestamp="2024-07-26T04:12:40.794Z" hostname="desktop-webkit" tests="1" failures="0" skipped="0" time="8.119" errors="0">
<testcase name="Synthetic testing › Should show dashboard" classname="Synthetic/menu.spec.ts" time="8.119">
<properties>
<property name="Navigation" value="Go to:https://effizientedemo.azurewebsites.net">
</property>
</properties>
</testcase>
</testsuite>
<testsuite name="VisualTesting/dashboard.spec.ts" timestamp="2024-07-26T04:12:40.794Z" hostname="desktop-webkit" tests="1" failures="0" skipped="0" time="6.532" errors="0">
<testcase name="Check Dashboard › Should show dashboard" classname="VisualTesting/dashboard.spec.ts" time="6.532">
<properties>
<property name="Mock" value="Modify the summary with fixed data">
</property>
<property name="Mock" value="Modify the &quot;Sumary Expiration&quot; with fixed data">
</property>
<property name="Mock" value="Modify the &quot;Top 5 delay&quot; with fixed data">
</property>
<property name="Mock" value="Modify the &quot;Top 5 total&quot; with fixed data">
</property>
<property name="Mock" value="Modify the &quot;Top 5 type&quot; with fixed data">
</property>
<property name="Mock" value="Modify the &quot;Top 10 Limit 1&quot; with fixed data">
</property>
<property name="Mock" value="Modify the &quot;Top 10 Limit 2&quot; with fixed data">
</property>
<property name="Mock" value="Modify the &quot;Top 10 Limit 3&quot; with fixed data">
</property>
<property name="Mock" value="Modify the &quot;Top 10 To Expire&quot; with fixed data">
</property>
<property name="Go To" value="Go to the page: &quot;https://effizientedemo.azurewebsites.net/AccountsReceivable/dashboard&quot;">
</property>
<property name="Step" value="Compare snapshot: dashboard.png with maxDiffPixelsRatio: 0.1">
</property>
</properties>
</testcase>
</testsuite>
</testsuites>