<testsuites id="" name="" tests="30" failures="1" skipped="2" errors="0" time="137.570201">
<testsuite name="SauceDemo/loginLambdaTestFixture.spec.ts" timestamp="2024-03-27T00:32:13.129Z" hostname="chrome:latest:MacOS Catalina@lambdatest" tests="1" failures="0" skipped="0" time="8.512" errors="0">
<testcase name="Login › Login with valid user load inventory page" classname="SauceDemo/loginLambdaTestFixture.spec.ts" time="8.512">
<properties>
<property name="Go To" value="Go to the page: &quot;https://www.saucedemo.com&quot;">
</property>
<property name="InputText" value="Fill: &quot;Username&quot; with value: &quot;standard_user&quot;">
</property>
<property name="InputPassword" value="Fill: &quot;Password with value: *****&quot;">
</property>
<property name="Button" value="Click: &quot;Login&quot;">
</property>
<property name="Assert" value="Check URL Page equal to: &quot;https://www.saucedemo.com/inventory.html&quot;">
</property>
</properties>
</testcase>
</testsuite>
<testsuite name="SauceDemo/loginLambdaTestFixture.spec.ts" timestamp="2024-03-27T00:32:13.129Z" hostname="pw-webkit:latest:MacOS Monterey@lambdatest" tests="1" failures="0" skipped="0" time="8.916" errors="0">
<testcase name="Login › Login with valid user load inventory page" classname="SauceDemo/loginLambdaTestFixture.spec.ts" time="8.916">
<properties>
<property name="Go To" value="Go to the page: &quot;https://www.saucedemo.com&quot;">
</property>
<property name="InputText" value="Fill: &quot;Username&quot; with value: &quot;standard_user&quot;">
</property>
<property name="InputPassword" value="Fill: &quot;Password with value: *****&quot;">
</property>
<property name="Button" value="Click: &quot;Login&quot;">
</property>
<property name="Assert" value="Check URL Page equal to: &quot;https://www.saucedemo.com/inventory.html&quot;">
</property>
</properties>
</testcase>
</testsuite>
<testsuite name="SauceDemo/loginLambdaTestFixture.spec.ts" timestamp="2024-03-27T00:32:13.129Z" hostname="chrome:latest:Windows 10@lambdatest" tests="1" failures="0" skipped="0" time="20.609" errors="0">
<testcase name="Login › Login with valid user load inventory page" classname="SauceDemo/loginLambdaTestFixture.spec.ts" time="20.609">
<properties>
<property name="Go To" value="Go to the page: &quot;https://www.saucedemo.com&quot;">
</property>
<property name="InputText" value="Fill: &quot;Username&quot; with value: &quot;standard_user&quot;">
</property>
<property name="InputPassword" value="Fill: &quot;Password with value: *****&quot;">
</property>
<property name="Button" value="Click: &quot;Login&quot;">
</property>
<property name="Assert" value="Check URL Page equal to: &quot;https://www.saucedemo.com/inventory.html&quot;">
</property>
</properties>
</testcase>
</testsuite>
<testsuite name="Effiziente/dashboard.spec.ts" timestamp="2024-03-27T00:32:13.129Z" hostname="chromium" tests="1" failures="0" skipped="0" time="2.19" errors="0">
<testcase name="Check Dashboard › Should show dashboard" classname="Effiziente/dashboard.spec.ts" time="2.19">
<properties>
<property name="Mock" value="Modify the summary with fixed data">
</property>
<property name="Mock" value="Modify the &quot;Sumary Expiration&quot; with fixed data">
</property>
<property name="Mock" value="Modify the &quot;Top 5 delay&quot; with fixed data">
</property>
<property name="Mock" value="Modify the &quot;Top 5 total&quot; with fixed data">
</property>
<property name="Mock" value="Modify the &quot;Top 5 type&quot; with fixed data">
</property>
<property name="Mock" value="Modify the &quot;Top 10 Limit 1&quot; with fixed data">
</property>
<property name="Mock" value="Modify the &quot;Top 10 Limit 2&quot; with fixed data">
</property>
<property name="Mock" value="Modify the &quot;Top 10 Limit 3&quot; with fixed data">
</property>
<property name="Mock" value="Modify the &quot;Top 10 To Expire&quot; with fixed data">
</property>
<property name="Go To" value="Go to the page: &quot;https://effizientedemo.azurewebsites.net/AccountsReceivable/dashboard&quot;">
</property>
<property name="Step" value="Compare snapshot: dashboard.png with maxDiffPixelsRatio: 0.1">
</property>
</properties>
</testcase>
</testsuite>
<testsuite name="Effiziente/menu.spec.ts" timestamp="2024-03-27T00:32:13.129Z" hostname="chromium" tests="2" failures="0" skipped="0" time="16.339" errors="0">
<testcase name="Normal user › Should returns user menu" classname="Effiziente/menu.spec.ts" time="3.915">
<properties>
<property name="Go To" value="Go to the page: &quot;https://effizientedemo.azurewebsites.net/AccountsReceivable/dashboard&quot;">
</property>
<property name="PirmeFacesMenu" value="Get top menus">
</property>
<property name="Assert" value="Menu is equal to: AccountsReceivable,Config">
</property>
</properties>
</testcase>
<testcase name="Admin user › Should returns admin menu" classname="Effiziente/menu.spec.ts" time="12.424">
<properties>
<property name="Go To" value="Go to the page: &quot;https://effizientedemo.azurewebsites.net/AccountsReceivable/dashboard&quot;">
</property>
<property name="PirmeFacesMenu" value="Get top menus">
</property>
<property name="Assert" value="Menu is equal to:AccountsReceivable,Security,Config">
</property>
</properties>
</testcase>
</testsuite>
<testsuite name="Effiziente/Synthetic/login.spec.ts" timestamp="2024-03-27T00:32:13.129Z" hostname="chromium" tests="1" failures="0" skipped="0" time="20.292" errors="0">
<testcase name="Synthetic login testing › Should show dashboard" classname="Effiziente/Synthetic/login.spec.ts" time="20.292">
</testcase>
</testsuite>
<testsuite name="Effiziente/Synthetic/menu.spec.ts" timestamp="2024-03-27T00:32:13.129Z" hostname="chromium" tests="1" failures="1" skipped="0" time="62.488" errors="0">
<testcase name="Synthetic testing › Should show dashboard" classname="Effiziente/Synthetic/menu.spec.ts" time="62.488">
<properties>
<property name="Navigation" value="Go to:https://effizientedemo.azurewebsites.net">
</property>
</properties>
<failure message="menu.spec.ts:24:9 Should show dashboard" type="FAILURE">
<![CDATA[  [chromium] › Effiziente/Synthetic/menu.spec.ts:24:9 › Synthetic testing › Should show dashboard ──

    Error: Timed out 20000ms waiting for expect(locator).toBeVisible()

    Locator: locator('#top5DaysDelay canvas')
    Expected: visible
    Received: hidden
    Call log:
      - expect.toBeVisible with timeout 20000ms
      - waiting for locator('#top5DaysDelay canvas')


      36 |         await expect(page.locator('#top5 canvas')).toBeVisible({ timeout: 20_000 });
      37 |         await expect(page.locator('#top5Debt canvas')).toBeVisible({ timeout: 20_000 });
    > 38 |         await expect(page.locator('#top5DaysDelay canvas')).toBeVisible({ timeout: 20_000 });
         |                                                             ^
      39 |         await expect(page.locator('#summaryExpiration')).toBeVisible();
      40 |         const topMenuLocator = 'app-menu > p-menubar > .p-menubar > p-menubarsub > ul > li > .p-menuitem-content > a > .p-menuitem-text';
      41 |         const menusInPage = await page.locator(topMenuLocator).allInnerTexts();

        at /home/runner/work/PlaywrightFramework/PlaywrightFramework/tests/Effiziente/Synthetic/menu.spec.ts:38:61

    Test finished within timeout of 40000ms, but tearing down "context" ran out of time.
    Please allow more time for the test, since teardown is attributed towards the test timeout budget.

    attachment #1: screenshot (image/png) ──────────────────────────────────────────────────────────
    test-results/Effiziente-Synthetic-menu-Synthetic-testing-Should-show-dashboard-chromium/test-failed-1.png
    ────────────────────────────────────────────────────────────────────────────────────────────────

    attachment #2: video (video/webm) ──────────────────────────────────────────────────────────────
    test-results/Effiziente-Synthetic-menu-Synthetic-testing-Should-show-dashboard-chromium/video.webm
    ────────────────────────────────────────────────────────────────────────────────────────────────

    attachment #3: trace (application/zip) ─────────────────────────────────────────────────────────
    test-results/Effiziente-Synthetic-menu-Synthetic-testing-Should-show-dashboard-chromium/trace.zip
    Usage:

        npx playwright show-trace test-results/Effiziente-Synthetic-menu-Synthetic-testing-Should-show-dashboard-chromium/trace.zip

    ────────────────────────────────────────────────────────────────────────────────────────────────

    Retry #1 ───────────────────────────────────────────────────────────────────────────────────────

    Error: Timed out 20000ms waiting for expect(locator).toBeVisible()

    Locator: locator('#top5 canvas')
    Expected: visible
    Received: hidden
    Call log:
      - expect.toBeVisible with timeout 20000ms
      - waiting for locator('#top5 canvas')


      34 |         });
      35 |         await page.goto(dashboardPageUrl);
    > 36 |         await expect(page.locator('#top5 canvas')).toBeVisible({ timeout: 20_000 });
         |                                                    ^
      37 |         await expect(page.locator('#top5Debt canvas')).toBeVisible({ timeout: 20_000 });
      38 |         await expect(page.locator('#top5DaysDelay canvas')).toBeVisible({ timeout: 20_000 });
      39 |         await expect(page.locator('#summaryExpiration')).toBeVisible();

        at /home/runner/work/PlaywrightFramework/PlaywrightFramework/tests/Effiziente/Synthetic/menu.spec.ts:36:52

    attachment #1: screenshot (image/png) ──────────────────────────────────────────────────────────
    test-results/Effiziente-Synthetic-menu-Synthetic-testing-Should-show-dashboard-chromium-retry1/test-failed-1.png
    ────────────────────────────────────────────────────────────────────────────────────────────────

    attachment #2: video (video/webm) ──────────────────────────────────────────────────────────────
    test-results/Effiziente-Synthetic-menu-Synthetic-testing-Should-show-dashboard-chromium-retry1/video.webm
    ────────────────────────────────────────────────────────────────────────────────────────────────

    attachment #3: trace (application/zip) ─────────────────────────────────────────────────────────
    test-results/Effiziente-Synthetic-menu-Synthetic-testing-Should-show-dashboard-chromium-retry1/trace.zip
    Usage:

        npx playwright show-trace test-results/Effiziente-Synthetic-menu-Synthetic-testing-Should-show-dashboard-chromium-retry1/trace.zip

    ────────────────────────────────────────────────────────────────────────────────────────────────
]]>
</failure>
<system-out>
<![CDATA[
[[ATTACHMENT|../test-results/Effiziente-Synthetic-menu-Synthetic-testing-Should-show-dashboard-chromium/test-failed-1.png]]

[[ATTACHMENT|../test-results/Effiziente-Synthetic-menu-Synthetic-testing-Should-show-dashboard-chromium/video.webm]]

[[ATTACHMENT|../test-results/Effiziente-Synthetic-menu-Synthetic-testing-Should-show-dashboard-chromium/trace.zip]]

[[ATTACHMENT|../test-results/Effiziente-Synthetic-menu-Synthetic-testing-Should-show-dashboard-chromium-retry1/test-failed-1.png]]

[[ATTACHMENT|../test-results/Effiziente-Synthetic-menu-Synthetic-testing-Should-show-dashboard-chromium-retry1/video.webm]]

[[ATTACHMENT|../test-results/Effiziente-Synthetic-menu-Synthetic-testing-Should-show-dashboard-chromium-retry1/trace.zip]]
]]>
</system-out>
</testcase>
</testsuite>
<testsuite name="Effiziente/ZeroStep/login.spec.ts" timestamp="2024-03-27T00:32:13.129Z" hostname="chromium" tests="1" failures="0" skipped="0" time="45.805" errors="0">
<testcase name="AI Zero Step › Should show dashboard after login" classname="Effiziente/ZeroStep/login.spec.ts" time="45.805">
<system-out>
<![CDATA[
[[ATTACHMENT|../test-results/Effiziente-ZeroStep-login-AI-Zero-Step-Should-show-dashboard-after-login-chromium/test-failed-1.png]]

[[ATTACHMENT|../test-results/Effiziente-ZeroStep-login-AI-Zero-Step-Should-show-dashboard-after-login-chromium/video.webm]]

[[ATTACHMENT|../test-results/Effiziente-ZeroStep-login-AI-Zero-Step-Should-show-dashboard-after-login-chromium/trace.zip]]
]]>
</system-out>
</testcase>
</testsuite>
<testsuite name="Google/searchLocale.spec.ts" timestamp="2024-03-27T00:32:13.129Z" hostname="chromium" tests="1" failures="0" skipped="0" time="1.343" errors="0">
<testcase name="Locale translations › Translations with locale and time zone id" classname="Google/searchLocale.spec.ts" time="1.343">
<properties>
<property name="Go To" value="Go to the page: &quot;https://www.google.com&quot;">
</property>
<property name="Assert" value="Search button text is equal to: &quot;Buscar con Google&quot;">
</property>
</properties>
</testcase>
</testsuite>
<testsuite name="SauceDemo/login.spec.ts" timestamp="2024-03-27T00:32:13.129Z" hostname="chromium" tests="1" failures="0" skipped="0" time="1.08" errors="0">
<testcase name="Login › Login with valid user load inventory page" classname="SauceDemo/login.spec.ts" time="1.08">
<properties>
<property name="Go To" value="Go to the page: &quot;https://www.saucedemo.com&quot;">
</property>
<property name="InputText" value="Fill: &quot;Username&quot; with value: &quot;standard_user&quot;">
</property>
<property name="InputPassword" value="Fill: &quot;Password with value: *****&quot;">
</property>
<property name="Button" value="Click: &quot;Login&quot;">
</property>
<property name="Assert" value="Check URL Page equal to: &quot;https://www.saucedemo.com/inventory.html&quot;">
</property>
</properties>
</testcase>
</testsuite>
<testsuite name="SauceDemo/loginLambdaTestFixture.spec.ts" timestamp="2024-03-27T00:32:13.129Z" hostname="chromium" tests="1" failures="0" skipped="0" time="0.935" errors="0">
<testcase name="Login › Login with valid user load inventory page" classname="SauceDemo/loginLambdaTestFixture.spec.ts" time="0.935">
<properties>
<property name="Go To" value="Go to the page: &quot;https://www.saucedemo.com&quot;">
</property>
<property name="InputText" value="Fill: &quot;Username&quot; with value: &quot;standard_user&quot;">
</property>
<property name="InputPassword" value="Fill: &quot;Password with value: *****&quot;">
</property>
<property name="Button" value="Click: &quot;Login&quot;">
</property>
<property name="Assert" value="Check URL Page equal to: &quot;https://www.saucedemo.com/inventory.html&quot;">
</property>
</properties>
</testcase>
</testsuite>
<testsuite name="Effiziente/dashboard.spec.ts" timestamp="2024-03-27T00:32:13.129Z" hostname="firefox" tests="1" failures="0" skipped="0" time="4.353" errors="0">
<testcase name="Check Dashboard › Should show dashboard" classname="Effiziente/dashboard.spec.ts" time="4.353">
<properties>
<property name="Mock" value="Modify the summary with fixed data">
</property>
<property name="Mock" value="Modify the &quot;Sumary Expiration&quot; with fixed data">
</property>
<property name="Mock" value="Modify the &quot;Top 5 delay&quot; with fixed data">
</property>
<property name="Mock" value="Modify the &quot;Top 5 total&quot; with fixed data">
</property>
<property name="Mock" value="Modify the &quot;Top 5 type&quot; with fixed data">
</property>
<property name="Mock" value="Modify the &quot;Top 10 Limit 1&quot; with fixed data">
</property>
<property name="Mock" value="Modify the &quot;Top 10 Limit 2&quot; with fixed data">
</property>
<property name="Mock" value="Modify the &quot;Top 10 Limit 3&quot; with fixed data">
</property>
<property name="Mock" value="Modify the &quot;Top 10 To Expire&quot; with fixed data">
</property>
<property name="Go To" value="Go to the page: &quot;https://effizientedemo.azurewebsites.net/AccountsReceivable/dashboard&quot;">
</property>
<property name="Step" value="Compare snapshot: dashboard.png with maxDiffPixelsRatio: 0.1">
</property>
</properties>
</testcase>
</testsuite>
<testsuite name="Effiziente/menu.spec.ts" timestamp="2024-03-27T00:32:13.129Z" hostname="firefox" tests="2" failures="0" skipped="0" time="7.704" errors="0">
<testcase name="Normal user › Should returns user menu" classname="Effiziente/menu.spec.ts" time="4.545">
<properties>
<property name="Go To" value="Go to the page: &quot;https://effizientedemo.azurewebsites.net/AccountsReceivable/dashboard&quot;">
</property>
<property name="PirmeFacesMenu" value="Get top menus">
</property>
<property name="Assert" value="Menu is equal to: AccountsReceivable,Config">
</property>
</properties>
</testcase>
<testcase name="Admin user › Should returns admin menu" classname="Effiziente/menu.spec.ts" time="3.159">
<properties>
<property name="Go To" value="Go to the page: &quot;https://effizientedemo.azurewebsites.net/AccountsReceivable/dashboard&quot;">
</property>
<property name="PirmeFacesMenu" value="Get top menus">
</property>
<property name="Assert" value="Menu is equal to:AccountsReceivable,Security,Config">
</property>
</properties>
</testcase>
</testsuite>
<testsuite name="Effiziente/Synthetic/login.spec.ts" timestamp="2024-03-27T00:32:13.129Z" hostname="firefox" tests="1" failures="0" skipped="0" time="4.367" errors="0">
<testcase name="Synthetic login testing › Should show dashboard" classname="Effiziente/Synthetic/login.spec.ts" time="4.367">
</testcase>
</testsuite>
<testsuite name="Effiziente/Synthetic/menu.spec.ts" timestamp="2024-03-27T00:32:13.129Z" hostname="firefox" tests="1" failures="0" skipped="0" time="4.845" errors="0">
<testcase name="Synthetic testing › Should show dashboard" classname="Effiziente/Synthetic/menu.spec.ts" time="4.845">
<properties>
<property name="Navigation" value="Go to:https://effizientedemo.azurewebsites.net">
</property>
</properties>
</testcase>
</testsuite>
<testsuite name="Effiziente/ZeroStep/login.spec.ts" timestamp="2024-03-27T00:32:13.129Z" hostname="firefox" tests="1" failures="0" skipped="1" time="0.375" errors="0">
<testcase name="AI Zero Step › Should show dashboard after login" classname="Effiziente/ZeroStep/login.spec.ts" time="0.375">
<properties>
<property name="skip" value="Zero Steps only works in chromium">
</property>
</properties>
<skipped>
</skipped>
</testcase>
</testsuite>
<testsuite name="Google/searchLocale.spec.ts" timestamp="2024-03-27T00:32:13.129Z" hostname="firefox" tests="1" failures="0" skipped="0" time="1.59" errors="0">
<testcase name="Locale translations › Translations with locale and time zone id" classname="Google/searchLocale.spec.ts" time="1.59">
<properties>
<property name="Go To" value="Go to the page: &quot;https://www.google.com&quot;">
</property>
<property name="Assert" value="Search button text is equal to: &quot;Buscar con Google&quot;">
</property>
</properties>
</testcase>
</testsuite>
<testsuite name="SauceDemo/login.spec.ts" timestamp="2024-03-27T00:32:13.129Z" hostname="firefox" tests="1" failures="0" skipped="0" time="1.149" errors="0">
<testcase name="Login › Login with valid user load inventory page" classname="SauceDemo/login.spec.ts" time="1.149">
<properties>
<property name="Go To" value="Go to the page: &quot;https://www.saucedemo.com&quot;">
</property>
<property name="InputText" value="Fill: &quot;Username&quot; with value: &quot;standard_user&quot;">
</property>
<property name="InputPassword" value="Fill: &quot;Password with value: *****&quot;">
</property>
<property name="Button" value="Click: &quot;Login&quot;">
</property>
<property name="Assert" value="Check URL Page equal to: &quot;https://www.saucedemo.com/inventory.html&quot;">
</property>
</properties>
</testcase>
</testsuite>
<testsuite name="SauceDemo/loginLambdaTestFixture.spec.ts" timestamp="2024-03-27T00:32:13.129Z" hostname="firefox" tests="1" failures="0" skipped="0" time="0.77" errors="0">
<testcase name="Login › Login with valid user load inventory page" classname="SauceDemo/loginLambdaTestFixture.spec.ts" time="0.77">
<properties>
<property name="Go To" value="Go to the page: &quot;https://www.saucedemo.com&quot;">
</property>
<property name="InputText" value="Fill: &quot;Username&quot; with value: &quot;standard_user&quot;">
</property>
<property name="InputPassword" value="Fill: &quot;Password with value: *****&quot;">
</property>
<property name="Button" value="Click: &quot;Login&quot;">
</property>
<property name="Assert" value="Check URL Page equal to: &quot;https://www.saucedemo.com/inventory.html&quot;">
</property>
</properties>
</testcase>
</testsuite>
<testsuite name="Effiziente/dashboard.spec.ts" timestamp="2024-03-27T00:32:13.129Z" hostname="webkit" tests="1" failures="0" skipped="0" time="11.183" errors="0">
<testcase name="Check Dashboard › Should show dashboard" classname="Effiziente/dashboard.spec.ts" time="11.183">
<properties>
<property name="Mock" value="Modify the summary with fixed data">
</property>
<property name="Mock" value="Modify the &quot;Sumary Expiration&quot; with fixed data">
</property>
<property name="Mock" value="Modify the &quot;Top 5 delay&quot; with fixed data">
</property>
<property name="Mock" value="Modify the &quot;Top 5 total&quot; with fixed data">
</property>
<property name="Mock" value="Modify the &quot;Top 5 type&quot; with fixed data">
</property>
<property name="Mock" value="Modify the &quot;Top 10 Limit 1&quot; with fixed data">
</property>
<property name="Mock" value="Modify the &quot;Top 10 Limit 2&quot; with fixed data">
</property>
<property name="Mock" value="Modify the &quot;Top 10 Limit 3&quot; with fixed data">
</property>
<property name="Mock" value="Modify the &quot;Top 10 To Expire&quot; with fixed data">
</property>
<property name="Go To" value="Go to the page: &quot;https://effizientedemo.azurewebsites.net/AccountsReceivable/dashboard&quot;">
</property>
<property name="Step" value="Compare snapshot: dashboard.png with maxDiffPixelsRatio: 0.1">
</property>
</properties>
</testcase>
</testsuite>
<testsuite name="Effiziente/menu.spec.ts" timestamp="2024-03-27T00:32:13.129Z" hostname="webkit" tests="2" failures="0" skipped="0" time="16.733" errors="0">
<testcase name="Normal user › Should returns user menu" classname="Effiziente/menu.spec.ts" time="11.258">
<properties>
<property name="Go To" value="Go to the page: &quot;https://effizientedemo.azurewebsites.net/AccountsReceivable/dashboard&quot;">
</property>
<property name="PirmeFacesMenu" value="Get top menus">
</property>
<property name="Assert" value="Menu is equal to: AccountsReceivable,Config">
</property>
</properties>
</testcase>
<testcase name="Admin user › Should returns admin menu" classname="Effiziente/menu.spec.ts" time="5.475">
<properties>
<property name="Go To" value="Go to the page: &quot;https://effizientedemo.azurewebsites.net/AccountsReceivable/dashboard&quot;">
</property>
<property name="PirmeFacesMenu" value="Get top menus">
</property>
<property name="Assert" value="Menu is equal to:AccountsReceivable,Security,Config">
</property>
</properties>
</testcase>
</testsuite>
<testsuite name="Effiziente/Synthetic/login.spec.ts" timestamp="2024-03-27T00:32:13.129Z" hostname="webkit" tests="1" failures="0" skipped="0" time="6.738" errors="0">
<testcase name="Synthetic login testing › Should show dashboard" classname="Effiziente/Synthetic/login.spec.ts" time="6.738">
</testcase>
</testsuite>
<testsuite name="Effiziente/Synthetic/menu.spec.ts" timestamp="2024-03-27T00:32:13.129Z" hostname="webkit" tests="1" failures="0" skipped="0" time="6.726" errors="0">
<testcase name="Synthetic testing › Should show dashboard" classname="Effiziente/Synthetic/menu.spec.ts" time="6.726">
<properties>
<property name="Navigation" value="Go to:https://effizientedemo.azurewebsites.net">
</property>
</properties>
</testcase>
</testsuite>
<testsuite name="Effiziente/ZeroStep/login.spec.ts" timestamp="2024-03-27T00:32:13.129Z" hostname="webkit" tests="1" failures="0" skipped="1" time="0.448" errors="0">
<testcase name="AI Zero Step › Should show dashboard after login" classname="Effiziente/ZeroStep/login.spec.ts" time="0.448">
<properties>
<property name="skip" value="Zero Steps only works in chromium">
</property>
</properties>
<skipped>
</skipped>
</testcase>
</testsuite>
<testsuite name="Google/searchLocale.spec.ts" timestamp="2024-03-27T00:32:13.129Z" hostname="webkit" tests="1" failures="0" skipped="0" time="2.339" errors="0">
<testcase name="Locale translations › Translations with locale and time zone id" classname="Google/searchLocale.spec.ts" time="2.339">
<properties>
<property name="Go To" value="Go to the page: &quot;https://www.google.com&quot;">
</property>
<property name="Assert" value="Search button text is equal to: &quot;Buscar con Google&quot;">
</property>
</properties>
</testcase>
</testsuite>
<testsuite name="SauceDemo/login.spec.ts" timestamp="2024-03-27T00:32:13.129Z" hostname="webkit" tests="1" failures="0" skipped="0" time="2.234" errors="0">
<testcase name="Login › Login with valid user load inventory page" classname="SauceDemo/login.spec.ts" time="2.234">
<properties>
<property name="Go To" value="Go to the page: &quot;https://www.saucedemo.com&quot;">
</property>
<property name="InputText" value="Fill: &quot;Username&quot; with value: &quot;standard_user&quot;">
</property>
<property name="InputPassword" value="Fill: &quot;Password with value: *****&quot;">
</property>
<property name="Button" value="Click: &quot;Login&quot;">
</property>
<property name="Assert" value="Check URL Page equal to: &quot;https://www.saucedemo.com/inventory.html&quot;">
</property>
</properties>
</testcase>
</testsuite>
<testsuite name="SauceDemo/loginLambdaTestFixture.spec.ts" timestamp="2024-03-27T00:32:13.129Z" hostname="webkit" tests="1" failures="0" skipped="0" time="0.741" errors="0">
<testcase name="Login › Login with valid user load inventory page" classname="SauceDemo/loginLambdaTestFixture.spec.ts" time="0.741">
<properties>
<property name="Go To" value="Go to the page: &quot;https://www.saucedemo.com&quot;">
</property>
<property name="InputText" value="Fill: &quot;Username&quot; with value: &quot;standard_user&quot;">
</property>
<property name="InputPassword" value="Fill: &quot;Password with value: *****&quot;">
</property>
<property name="Button" value="Click: &quot;Login&quot;">
</property>
<property name="Assert" value="Check URL Page equal to: &quot;https://www.saucedemo.com/inventory.html&quot;">
</property>
</properties>
</testcase>
</testsuite>
</testsuites>