<testsuites id="" name="" tests="30" failures="0" skipped="2" errors="0" time="82.67587300000001">
<testsuite name="AI/login.spec.ts" timestamp="2024-12-16T05:44:08.816Z" hostname="desktop-chromium" tests="1" failures="0" skipped="0" time="12.433" errors="0">
<testcase name="AI Zero Step › Should show dashboard after login" classname="AI/login.spec.ts" time="12.433">
</testcase>
</testsuite>
<testsuite name="Api/addToCart.spec.ts" timestamp="2024-12-16T05:44:08.816Z" hostname="desktop-chromium" tests="1" failures="0" skipped="0" time="12.718" errors="0">
<testcase name="WebdriverIO Shop › Should add an item to the cart" classname="Api/addToCart.spec.ts" time="12.718">
<properties>
<property name="Go To" value="Go to: &quot;https://shop.webdriver.io&quot;">
</property>
<property name="Link" value="Click: &quot;Shop All&quot;">
</property>
<property name="Step" value="Click in the product: &quot;WebdriverIO Trucker Cap&quot;">
</property>
<property name="Select" value="On &quot;Color&quot; select any option">
</property>
<property name="Select" value="On &quot;Color&quot; select the option Navy/ White">
</property>
<property name="Step" value="Select any available Size">
</property>
<property name="Step" value="Get the product price">
</property>
<property name="Button" value="Click: &quot; 
		Add to Cart
		 
	$16.00
&quot;">
</property>
<property name="Assert" value="There is one item in the bag">
</property>
<property name="Button" value="Click: &quot;
 
				1
			 
				items
			&quot;">
</property>
<property name="Assert" value="The name of the item in the cart is: &quot;WebdriverIO Trucker Cap&quot;">
</property>
<property name="Assert" value="The price of the item in the cart is: &quot;$16.00&quot;">
</property>
<property name="Assert" value="The subtotal is: &quot;$16.00&quot;">
</property>
</properties>
</testcase>
</testsuite>
<testsuite name="Api/servers.spec.ts" timestamp="2024-12-16T05:44:08.816Z" hostname="desktop-chromium" tests="2" failures="0" skipped="0" time="7.947" errors="0">
<testcase name="Servers › Should add a server" classname="Api/servers.spec.ts" time="3.707">
<properties>
<property name="Description" value="An admin user can add a server">
</property>
<property name="Pre Condition" value="A valid admin username and password is logged">
</property>
<property name="Go To" value="Go to the servers page: &quot;https://effizientedemo.azurewebsites.net/Security/servers&apos;&quot;">
</property>
<property name="Post Condition" value="Delete server with the key: &quot;256240&quot; if exists">
</property>
<property name="Button" value="Click: &quot;Add&quot;">
</property>
<property name="InputText" value="Fill &quot;Key:&quot; with the value: &quot;256240&quot;">
</property>
<property name="InputText" value="Fill &quot;Name:&quot; with the value: &quot;Bernhard - Gutmann&quot;">
</property>
<property name="InputText" value="Fill &quot;Url:&quot; with the value: &quot;https://triangular-typewriter.org/&quot;">
</property>
<property name="Step" value="Save server and return server id from api">
</property>
<property name="Button" value="Click: &quot;Save&quot;">
</property>
<property name="Assert" value="Success message is visible">
</property>
<property name="Assert" value="Server id should be a number greater than 1">
</property>
<property name="Assert" value="Server with the key: &quot;256240&quot; exists in the table">
</property>
<property name="Assert" value="The server name for the key: &quot;256240&quot; is: &quot;Bernhard - Gutmann&quot;">
</property>
<property name="Assert" value="The server url for the key: &quot;256240&quot; is: &quot;https://triangular-typewriter.org/&quot;">
</property>
<property name="Post Condition" value="Delete the server with API request">
</property>
</properties>
</testcase>
<testcase name="Servers › Should edit a server" classname="Api/servers.spec.ts" time="4.24">
<properties>
<property name="Description" value="An admin user can edit a server">
</property>
<property name="Pre Condition" value="A valid admin username and password is logged">
</property>
<property name="Go To" value="Go to the servers page: &quot;https://effizientedemo.azurewebsites.net/Security/servers&apos;&quot;">
</property>
<property name="Step" value="Create server with API">
</property>
<property name="Go To" value="Go to the servers page: &quot;https://effizientedemo.azurewebsites.net/Security/servers&apos;&quot;">
</property>
<property name="InputText" value="Fill &quot;key:&quot; with the value: &quot;881944&quot;">
</property>
<property name="InputText" value="Fill &quot;Name:&quot; with the value: &quot;Wehner Inc&quot;">
</property>
<property name="InputText" value="Fill &quot;Url:&quot; with the value: &quot;https://worst-halt.com/&quot;">
</property>
<property name="Button" value="Click: &quot;Save&quot;">
</property>
<property name="Assert" value="Success message is visible">
</property>
<property name="Assert" value="Server with the key: &quot;881944&quot; exists in the table">
</property>
<property name="Assert" value="The server name for the key: &quot;881944&quot; is: &quot;Wehner Inc&quot;">
</property>
<property name="Assert" value="The server url for the key: &quot;881944&quot; is: &quot;https://worst-halt.com/&quot;">
</property>
<property name="Post Condition" value="Delete the server with API request">
</property>
</properties>
</testcase>
</testsuite>
<testsuite name="Basic/login.spec.ts" timestamp="2024-12-16T05:44:08.816Z" hostname="desktop-chromium" tests="1" failures="0" skipped="0" time="0.644" errors="0">
<testcase name="Login › Login with valid user load inventory page" classname="Basic/login.spec.ts" time="0.644">
<properties>
<property name="Description" value="Login with valid user on sauce demo">
</property>
<property name="Pre Condition" value="A valid username and password">
</property>
<property name="Go To" value="Go to: &quot;https://www.saucedemo.com&quot;">
</property>
<property name="InputText" value="Fill &quot;Username:&quot; with the value: &quot;standard_user&quot;">
</property>
<property name="InputPassword" value="Fill &quot;Password&quot; with value: *****">
</property>
<property name="Button" value="Click: &quot;Login&quot;">
</property>
<property name="Assert" value="Check URL Page is equal to: &quot;https://www.saucedemo.com/inventory.html&quot;">
</property>
</properties>
</testcase>
</testsuite>
<testsuite name="Basic/menu.spec.ts" timestamp="2024-12-16T05:44:08.816Z" hostname="desktop-chromium" tests="2" failures="0" skipped="0" time="6.929" errors="0">
<testcase name="Normal user › Should returns user menu" classname="Basic/menu.spec.ts" time="3.483">
<properties>
<property name="Description" value="Login to effiziente demo with a normal user, the user will see the menu for normal users">
</property>
<property name="Pre Condition" value="A valid normal user">
</property>
<property name="Go To" value="Go to: &quot;https://effizientedemo.azurewebsites.net/AccountsReceivable/dashboard&quot;">
</property>
<property name="PrimeFacesMenu" value="Get top menus">
</property>
<property name="Assert" value="Menu are equal to: &quot;AccountsReceivable,Config&quot;">
</property>
</properties>
</testcase>
<testcase name="Admin user › Should returns admin menu" classname="Basic/menu.spec.ts" time="3.446">
<properties>
<property name="Description" value="Login to effiziente demo with a admin user, the user will see the menu for admin users">
</property>
<property name="Pre Condition" value="A valid admin user">
</property>
<property name="Go To" value="Go to: &quot;https://effizientedemo.azurewebsites.net/AccountsReceivable/dashboard&quot;">
</property>
<property name="PrimeFacesMenu" value="Get top menus">
</property>
<property name="Assert" value="Menu are equal to: &quot;AccountsReceivable,Security,Config&quot;">
</property>
</properties>
</testcase>
</testsuite>
<testsuite name="Basic/parameterized.spec.ts" timestamp="2024-12-16T05:44:08.816Z" hostname="desktop-chromium" tests="2" failures="0" skipped="0" time="1.552" errors="0">
<testcase name="Login with Parameters › Login with &quot;standard_user&quot; from parameters will load inventory page" classname="Basic/parameterized.spec.ts" time="0.76">
<properties>
<property name="Description" value="Login with valid user on Sauce Demo">
</property>
<property name="Pre Condition" value="A valid username and password">
</property>
<property name="Go To" value="Go to: &quot;https://www.saucedemo.com&quot;">
</property>
<property name="InputText" value="Fill &quot;Username:&quot; with the value: &quot;standard_user&quot;">
</property>
<property name="InputPassword" value="Fill &quot;Password&quot; with value: *****">
</property>
<property name="Button" value="Click: &quot;Login&quot;">
</property>
<property name="Assert" value="Check URL Page is equal to: https://www.saucedemo.com/inventory.html&quot;">
</property>
</properties>
</testcase>
<testcase name="Login with Parameters › Login with &quot;visual_user&quot; from parameters will load inventory page" classname="Basic/parameterized.spec.ts" time="0.792">
<properties>
<property name="Description" value="Login with valid user on Sauce Demo">
</property>
<property name="Pre Condition" value="A valid username and password">
</property>
<property name="Go To" value="Go to: &quot;https://www.saucedemo.com&quot;">
</property>
<property name="InputText" value="Fill &quot;Username:&quot; with the value: &quot;visual_user&quot;">
</property>
<property name="InputPassword" value="Fill &quot;Password&quot; with value: *****">
</property>
<property name="Button" value="Click: &quot;Login&quot;">
</property>
<property name="Assert" value="Check URL Page is equal to: https://www.saucedemo.com/inventory.html&quot;">
</property>
</properties>
</testcase>
</testsuite>
<testsuite name="Excel/exportServers.spec.ts" timestamp="2024-12-16T05:44:08.816Z" hostname="desktop-chromium" tests="1" failures="0" skipped="0" time="2.586" errors="0">
<testcase name="Servers › Should export servers to excel" classname="Excel/exportServers.spec.ts" time="2.586">
<properties>
<property name="Go To" value="Go to the servers page: &quot;https://effizientedemo.azurewebsites.net/Security/servers&apos;&quot;">
</property>
<property name="ButtonExcel" value="Click: &quot;Export to Excel&quot;">
</property>
<property name="Assert" value="The excel file rows are equal to the grid rows">
</property>
</properties>
<system-out>
<![CDATA[
[[ATTACHMENT|../test-results/Excel-exportServers-Servers-Should-export-servers-to-excel-desktop-chromium/attachments/servers-xlsx-b45414d1440b649c23868d9b19e0f22e5f012826.xlsx]]
]]>
</system-out>
</testcase>
</testsuite>
<testsuite name="AI/login.spec.ts" timestamp="2024-12-16T05:44:08.816Z" hostname="desktop-firefox" tests="1" failures="0" skipped="1" time="1.492" errors="0">
<testcase name="AI Zero Step › Should show dashboard after login" classname="AI/login.spec.ts" time="1.492">
<properties>
<property name="skip" value="Zero Steps only works in chromium">
</property>
</properties>
<skipped>
</skipped>
</testcase>
</testsuite>
<testsuite name="Api/addToCart.spec.ts" timestamp="2024-12-16T05:44:08.816Z" hostname="desktop-firefox" tests="1" failures="0" skipped="0" time="13.688" errors="0">
<testcase name="WebdriverIO Shop › Should add an item to the cart" classname="Api/addToCart.spec.ts" time="13.688">
<properties>
<property name="Go To" value="Go to: &quot;https://shop.webdriver.io&quot;">
</property>
<property name="Link" value="Click: &quot;Shop All&quot;">
</property>
<property name="Step" value="Click in the product: &quot;WebdriverIO Trucker Cap&quot;">
</property>
<property name="Select" value="On &quot;Color&quot; select any option">
</property>
<property name="Select" value="On &quot;Color&quot; select the option Black/ White">
</property>
<property name="Step" value="Select any available Size">
</property>
<property name="Step" value="Get the product price">
</property>
<property name="Button" value="Click: &quot; 
		Add to Cart
		 
	$16.00
&quot;">
</property>
<property name="Assert" value="There is one item in the bag">
</property>
<property name="Button" value="Click: &quot;
 
				1
			 
				items
			&quot;">
</property>
<property name="Assert" value="The name of the item in the cart is: &quot;WebdriverIO Trucker Cap&quot;">
</property>
<property name="Assert" value="The price of the item in the cart is: &quot;$16.00&quot;">
</property>
<property name="Assert" value="The subtotal is: &quot;$16.00&quot;">
</property>
</properties>
</testcase>
</testsuite>
<testsuite name="Api/servers.spec.ts" timestamp="2024-12-16T05:44:08.816Z" hostname="desktop-firefox" tests="2" failures="0" skipped="0" time="10.056" errors="0">
<testcase name="Servers › Should add a server" classname="Api/servers.spec.ts" time="4.844">
<properties>
<property name="Description" value="An admin user can add a server">
</property>
<property name="Pre Condition" value="A valid admin username and password is logged">
</property>
<property name="Go To" value="Go to the servers page: &quot;https://effizientedemo.azurewebsites.net/Security/servers&apos;&quot;">
</property>
<property name="Post Condition" value="Delete server with the key: &quot;790344&quot; if exists">
</property>
<property name="Button" value="Click: &quot;Add&quot;">
</property>
<property name="InputText" value="Fill &quot;Key:&quot; with the value: &quot;790344&quot;">
</property>
<property name="InputText" value="Fill &quot;Name:&quot; with the value: &quot;Thompson Inc&quot;">
</property>
<property name="InputText" value="Fill &quot;Url:&quot; with the value: &quot;https://fixed-cheese.org&quot;">
</property>
<property name="Step" value="Save server and return server id from api">
</property>
<property name="Button" value="Click: &quot;Save&quot;">
</property>
<property name="Assert" value="Success message is visible">
</property>
<property name="Assert" value="Server id should be a number greater than 1">
</property>
<property name="Assert" value="Server with the key: &quot;790344&quot; exists in the table">
</property>
<property name="Assert" value="The server name for the key: &quot;790344&quot; is: &quot;Thompson Inc&quot;">
</property>
<property name="Assert" value="The server url for the key: &quot;790344&quot; is: &quot;https://fixed-cheese.org&quot;">
</property>
<property name="Post Condition" value="Delete the server with API request">
</property>
</properties>
</testcase>
<testcase name="Servers › Should edit a server" classname="Api/servers.spec.ts" time="5.212">
<properties>
<property name="Description" value="An admin user can edit a server">
</property>
<property name="Pre Condition" value="A valid admin username and password is logged">
</property>
<property name="Go To" value="Go to the servers page: &quot;https://effizientedemo.azurewebsites.net/Security/servers&apos;&quot;">
</property>
<property name="Step" value="Create server with API">
</property>
<property name="Go To" value="Go to the servers page: &quot;https://effizientedemo.azurewebsites.net/Security/servers&apos;&quot;">
</property>
<property name="InputText" value="Fill &quot;key:&quot; with the value: &quot;293748&quot;">
</property>
<property name="InputText" value="Fill &quot;Name:&quot; with the value: &quot;Crooks and Sons&quot;">
</property>
<property name="InputText" value="Fill &quot;Url:&quot; with the value: &quot;https://frightened-technologist.biz/&quot;">
</property>
<property name="Button" value="Click: &quot;Save&quot;">
</property>
<property name="Assert" value="Success message is visible">
</property>
<property name="Assert" value="Server with the key: &quot;293748&quot; exists in the table">
</property>
<property name="Assert" value="The server name for the key: &quot;293748&quot; is: &quot;Crooks and Sons&quot;">
</property>
<property name="Assert" value="The server url for the key: &quot;293748&quot; is: &quot;https://frightened-technologist.biz/&quot;">
</property>
<property name="Post Condition" value="Delete the server with API request">
</property>
</properties>
</testcase>
</testsuite>
<testsuite name="Basic/login.spec.ts" timestamp="2024-12-16T05:44:08.816Z" hostname="desktop-firefox" tests="1" failures="0" skipped="0" time="1.215" errors="0">
<testcase name="Login › Login with valid user load inventory page" classname="Basic/login.spec.ts" time="1.215">
<properties>
<property name="Description" value="Login with valid user on sauce demo">
</property>
<property name="Pre Condition" value="A valid username and password">
</property>
<property name="Go To" value="Go to: &quot;https://www.saucedemo.com&quot;">
</property>
<property name="InputText" value="Fill &quot;Username:&quot; with the value: &quot;standard_user&quot;">
</property>
<property name="InputPassword" value="Fill &quot;Password&quot; with value: *****">
</property>
<property name="Button" value="Click: &quot;Login&quot;">
</property>
<property name="Assert" value="Check URL Page is equal to: &quot;https://www.saucedemo.com/inventory.html&quot;">
</property>
</properties>
</testcase>
</testsuite>
<testsuite name="Basic/menu.spec.ts" timestamp="2024-12-16T05:44:08.816Z" hostname="desktop-firefox" tests="2" failures="0" skipped="0" time="7.204" errors="0">
<testcase name="Normal user › Should returns user menu" classname="Basic/menu.spec.ts" time="3.543">
<properties>
<property name="Description" value="Login to effiziente demo with a normal user, the user will see the menu for normal users">
</property>
<property name="Pre Condition" value="A valid normal user">
</property>
<property name="Go To" value="Go to: &quot;https://effizientedemo.azurewebsites.net/AccountsReceivable/dashboard&quot;">
</property>
<property name="PrimeFacesMenu" value="Get top menus">
</property>
<property name="Assert" value="Menu are equal to: &quot;AccountsReceivable,Config&quot;">
</property>
</properties>
</testcase>
<testcase name="Admin user › Should returns admin menu" classname="Basic/menu.spec.ts" time="3.661">
<properties>
<property name="Description" value="Login to effiziente demo with a admin user, the user will see the menu for admin users">
</property>
<property name="Pre Condition" value="A valid admin user">
</property>
<property name="Go To" value="Go to: &quot;https://effizientedemo.azurewebsites.net/AccountsReceivable/dashboard&quot;">
</property>
<property name="PrimeFacesMenu" value="Get top menus">
</property>
<property name="Assert" value="Menu are equal to: &quot;AccountsReceivable,Security,Config&quot;">
</property>
</properties>
</testcase>
</testsuite>
<testsuite name="Basic/parameterized.spec.ts" timestamp="2024-12-16T05:44:08.816Z" hostname="desktop-firefox" tests="2" failures="0" skipped="0" time="2.085" errors="0">
<testcase name="Login with Parameters › Login with &quot;standard_user&quot; from parameters will load inventory page" classname="Basic/parameterized.spec.ts" time="1.133">
<properties>
<property name="Description" value="Login with valid user on Sauce Demo">
</property>
<property name="Pre Condition" value="A valid username and password">
</property>
<property name="Go To" value="Go to: &quot;https://www.saucedemo.com&quot;">
</property>
<property name="InputText" value="Fill &quot;Username:&quot; with the value: &quot;standard_user&quot;">
</property>
<property name="InputPassword" value="Fill &quot;Password&quot; with value: *****">
</property>
<property name="Button" value="Click: &quot;Login&quot;">
</property>
<property name="Assert" value="Check URL Page is equal to: https://www.saucedemo.com/inventory.html&quot;">
</property>
</properties>
</testcase>
<testcase name="Login with Parameters › Login with &quot;visual_user&quot; from parameters will load inventory page" classname="Basic/parameterized.spec.ts" time="0.952">
<properties>
<property name="Description" value="Login with valid user on Sauce Demo">
</property>
<property name="Pre Condition" value="A valid username and password">
</property>
<property name="Go To" value="Go to: &quot;https://www.saucedemo.com&quot;">
</property>
<property name="InputText" value="Fill &quot;Username:&quot; with the value: &quot;visual_user&quot;">
</property>
<property name="InputPassword" value="Fill &quot;Password&quot; with value: *****">
</property>
<property name="Button" value="Click: &quot;Login&quot;">
</property>
<property name="Assert" value="Check URL Page is equal to: https://www.saucedemo.com/inventory.html&quot;">
</property>
</properties>
</testcase>
</testsuite>
<testsuite name="Excel/exportServers.spec.ts" timestamp="2024-12-16T05:44:08.816Z" hostname="desktop-firefox" tests="1" failures="0" skipped="0" time="2.512" errors="0">
<testcase name="Servers › Should export servers to excel" classname="Excel/exportServers.spec.ts" time="2.512">
<properties>
<property name="Go To" value="Go to the servers page: &quot;https://effizientedemo.azurewebsites.net/Security/servers&apos;&quot;">
</property>
<property name="ButtonExcel" value="Click: &quot;Export to Excel&quot;">
</property>
<property name="Assert" value="The excel file rows are equal to the grid rows">
</property>
</properties>
<system-out>
<![CDATA[
[[ATTACHMENT|../test-results/Excel-exportServers-Servers-Should-export-servers-to-excel-desktop-firefox/attachments/servers-xlsx-b45414d1440b649c23868d9b19e0f22e5f012826.xlsx]]
]]>
</system-out>
</testcase>
</testsuite>
<testsuite name="AI/login.spec.ts" timestamp="2024-12-16T05:44:08.816Z" hostname="desktop-webkit" tests="1" failures="0" skipped="1" time="1.896" errors="0">
<testcase name="AI Zero Step › Should show dashboard after login" classname="AI/login.spec.ts" time="1.896">
<properties>
<property name="skip" value="Zero Steps only works in chromium">
</property>
</properties>
<skipped>
</skipped>
</testcase>
</testsuite>
<testsuite name="Api/addToCart.spec.ts" timestamp="2024-12-16T05:44:08.816Z" hostname="desktop-webkit" tests="1" failures="0" skipped="0" time="21.289" errors="0">
<testcase name="WebdriverIO Shop › Should add an item to the cart" classname="Api/addToCart.spec.ts" time="21.289">
<properties>
<property name="Go To" value="Go to: &quot;https://shop.webdriver.io&quot;">
</property>
<property name="Link" value="Click: &quot;Shop All&quot;">
</property>
<property name="Step" value="Click in the product: &quot;Cuffed Beanie&quot;">
</property>
<property name="Select" value="On &quot;Color&quot; select any option">
</property>
<property name="Select" value="On &quot;Color&quot; select the option Gold">
</property>
<property name="Step" value="Select any available Size">
</property>
<property name="Step" value="Get the product price">
</property>
<property name="Button" value="Click: &quot; 
		Add to Cart
		 
	$15.50
&quot;">
</property>
<property name="Assert" value="There is one item in the bag">
</property>
<property name="Button" value="Click: &quot;
 
				1
			 
				items
			&quot;">
</property>
<property name="Assert" value="The name of the item in the cart is: &quot;Cuffed Beanie&quot;">
</property>
<property name="Assert" value="The price of the item in the cart is: &quot;$15.50&quot;">
</property>
<property name="Assert" value="The subtotal is: &quot;$15.50&quot;">
</property>
</properties>
</testcase>
</testsuite>
<testsuite name="Api/servers.spec.ts" timestamp="2024-12-16T05:44:08.816Z" hostname="desktop-webkit" tests="2" failures="0" skipped="0" time="16.063" errors="0">
<testcase name="Servers › Should add a server" classname="Api/servers.spec.ts" time="8.825">
<properties>
<property name="Description" value="An admin user can add a server">
</property>
<property name="Pre Condition" value="A valid admin username and password is logged">
</property>
<property name="Go To" value="Go to the servers page: &quot;https://effizientedemo.azurewebsites.net/Security/servers&apos;&quot;">
</property>
<property name="Post Condition" value="Delete server with the key: &quot;437257&quot; if exists">
</property>
<property name="Button" value="Click: &quot;Add&quot;">
</property>
<property name="InputText" value="Fill &quot;Key:&quot; with the value: &quot;437257&quot;">
</property>
<property name="InputText" value="Fill &quot;Name:&quot; with the value: &quot;Kuvalis, Will and Corkery&quot;">
</property>
<property name="InputText" value="Fill &quot;Url:&quot; with the value: &quot;https://live-runway.name/&quot;">
</property>
<property name="Step" value="Save server and return server id from api">
</property>
<property name="Button" value="Click: &quot;Save&quot;">
</property>
<property name="Assert" value="Success message is visible">
</property>
<property name="Assert" value="Server id should be a number greater than 1">
</property>
<property name="Assert" value="Server with the key: &quot;437257&quot; exists in the table">
</property>
<property name="Assert" value="The server name for the key: &quot;437257&quot; is: &quot;Kuvalis, Will and Corkery&quot;">
</property>
<property name="Assert" value="The server url for the key: &quot;437257&quot; is: &quot;https://live-runway.name/&quot;">
</property>
<property name="Post Condition" value="Delete the server with API request">
</property>
</properties>
</testcase>
<testcase name="Servers › Should edit a server" classname="Api/servers.spec.ts" time="7.238">
<properties>
<property name="Description" value="An admin user can edit a server">
</property>
<property name="Pre Condition" value="A valid admin username and password is logged">
</property>
<property name="Go To" value="Go to the servers page: &quot;https://effizientedemo.azurewebsites.net/Security/servers&apos;&quot;">
</property>
<property name="Step" value="Create server with API">
</property>
<property name="Go To" value="Go to the servers page: &quot;https://effizientedemo.azurewebsites.net/Security/servers&apos;&quot;">
</property>
<property name="InputText" value="Fill &quot;key:&quot; with the value: &quot;643796&quot;">
</property>
<property name="InputText" value="Fill &quot;Name:&quot; with the value: &quot;Smith, Lynch and Wolf&quot;">
</property>
<property name="InputText" value="Fill &quot;Url:&quot; with the value: &quot;https://weekly-confusion.name&quot;">
</property>
<property name="Button" value="Click: &quot;Save&quot;">
</property>
<property name="Assert" value="Success message is visible">
</property>
<property name="Assert" value="Server with the key: &quot;643796&quot; exists in the table">
</property>
<property name="Assert" value="The server name for the key: &quot;643796&quot; is: &quot;Smith, Lynch and Wolf&quot;">
</property>
<property name="Assert" value="The server url for the key: &quot;643796&quot; is: &quot;https://weekly-confusion.name&quot;">
</property>
<property name="Post Condition" value="Delete the server with API request">
</property>
</properties>
</testcase>
</testsuite>
<testsuite name="Basic/login.spec.ts" timestamp="2024-12-16T05:44:08.816Z" hostname="desktop-webkit" tests="1" failures="0" skipped="0" time="2.136" errors="0">
<testcase name="Login › Login with valid user load inventory page" classname="Basic/login.spec.ts" time="2.136">
<properties>
<property name="Description" value="Login with valid user on sauce demo">
</property>
<property name="Pre Condition" value="A valid username and password">
</property>
<property name="Go To" value="Go to: &quot;https://www.saucedemo.com&quot;">
</property>
<property name="InputText" value="Fill &quot;Username:&quot; with the value: &quot;standard_user&quot;">
</property>
<property name="InputPassword" value="Fill &quot;Password&quot; with value: *****">
</property>
<property name="Button" value="Click: &quot;Login&quot;">
</property>
<property name="Assert" value="Check URL Page is equal to: &quot;https://www.saucedemo.com/inventory.html&quot;">
</property>
</properties>
</testcase>
</testsuite>
<testsuite name="Basic/menu.spec.ts" timestamp="2024-12-16T05:44:08.816Z" hostname="desktop-webkit" tests="2" failures="0" skipped="0" time="10.638" errors="0">
<testcase name="Normal user › Should returns user menu" classname="Basic/menu.spec.ts" time="5.63">
<properties>
<property name="Description" value="Login to effiziente demo with a normal user, the user will see the menu for normal users">
</property>
<property name="Pre Condition" value="A valid normal user">
</property>
<property name="Go To" value="Go to: &quot;https://effizientedemo.azurewebsites.net/AccountsReceivable/dashboard&quot;">
</property>
<property name="PrimeFacesMenu" value="Get top menus">
</property>
<property name="Assert" value="Menu are equal to: &quot;AccountsReceivable,Config&quot;">
</property>
</properties>
</testcase>
<testcase name="Admin user › Should returns admin menu" classname="Basic/menu.spec.ts" time="5.008">
<properties>
<property name="Description" value="Login to effiziente demo with a admin user, the user will see the menu for admin users">
</property>
<property name="Pre Condition" value="A valid admin user">
</property>
<property name="Go To" value="Go to: &quot;https://effizientedemo.azurewebsites.net/AccountsReceivable/dashboard&quot;">
</property>
<property name="PrimeFacesMenu" value="Get top menus">
</property>
<property name="Assert" value="Menu are equal to: &quot;AccountsReceivable,Security,Config&quot;">
</property>
</properties>
</testcase>
</testsuite>
<testsuite name="Basic/parameterized.spec.ts" timestamp="2024-12-16T05:44:08.816Z" hostname="desktop-webkit" tests="2" failures="0" skipped="0" time="3.093" errors="0">
<testcase name="Login with Parameters › Login with &quot;standard_user&quot; from parameters will load inventory page" classname="Basic/parameterized.spec.ts" time="1.513">
<properties>
<property name="Description" value="Login with valid user on Sauce Demo">
</property>
<property name="Pre Condition" value="A valid username and password">
</property>
<property name="Go To" value="Go to: &quot;https://www.saucedemo.com&quot;">
</property>
<property name="InputText" value="Fill &quot;Username:&quot; with the value: &quot;standard_user&quot;">
</property>
<property name="InputPassword" value="Fill &quot;Password&quot; with value: *****">
</property>
<property name="Button" value="Click: &quot;Login&quot;">
</property>
<property name="Assert" value="Check URL Page is equal to: https://www.saucedemo.com/inventory.html&quot;">
</property>
</properties>
</testcase>
<testcase name="Login with Parameters › Login with &quot;visual_user&quot; from parameters will load inventory page" classname="Basic/parameterized.spec.ts" time="1.58">
<properties>
<property name="Description" value="Login with valid user on Sauce Demo">
</property>
<property name="Pre Condition" value="A valid username and password">
</property>
<property name="Go To" value="Go to: &quot;https://www.saucedemo.com&quot;">
</property>
<property name="InputText" value="Fill &quot;Username:&quot; with the value: &quot;visual_user&quot;">
</property>
<property name="InputPassword" value="Fill &quot;Password&quot; with value: *****">
</property>
<property name="Button" value="Click: &quot;Login&quot;">
</property>
<property name="Assert" value="Check URL Page is equal to: https://www.saucedemo.com/inventory.html&quot;">
</property>
</properties>
</testcase>
</testsuite>
<testsuite name="Excel/exportServers.spec.ts" timestamp="2024-12-16T05:44:08.816Z" hostname="desktop-webkit" tests="1" failures="0" skipped="0" time="2.69" errors="0">
<testcase name="Servers › Should export servers to excel" classname="Excel/exportServers.spec.ts" time="2.69">
<properties>
<property name="Go To" value="Go to the servers page: &quot;https://effizientedemo.azurewebsites.net/Security/servers&apos;&quot;">
</property>
<property name="ButtonExcel" value="Click: &quot;Export to Excel&quot;">
</property>
<property name="Assert" value="The excel file rows are equal to the grid rows">
</property>
</properties>
<system-out>
<![CDATA[
[[ATTACHMENT|../test-results/Excel-exportServers-Servers-Should-export-servers-to-excel-desktop-webkit/attachments/servers-xlsx-b45414d1440b649c23868d9b19e0f22e5f012826.xlsx]]
]]>
</system-out>
</testcase>
</testsuite>
</testsuites>